Begin!
Data shape = (250000, 5)
Begin sort function!
In centrality 0
In centrality 1
In centrality 2
In centrality 3
In centrality 4
In centrality 5
In centrality 6
end function sorter
Data shape = (250000, 5)
Begin sort function!
In centrality 0
In centrality 1
In centrality 2
In centrality 3
In centrality 4
In centrality 5
In centrality 6
end function sorter
Data shape = (250000, 5)
Begin sort function!
In centrality 0
In centrality 1
In centrality 2
In centrality 3
In centrality 4
In centrality 5
In centrality 6
end function sorter
Data shape = (250000, 5)
Begin sort function!
In centrality 0
In centrality 1
In centrality 2
In centrality 3
In centrality 4
In centrality 5
In centrality 6
end function sorter
Final results shape = (4, 7, 12)
mean value:
[[ 1.32299255e-02  1.04727125e-02  1.55184575e-02  6.49481784e-06
   7.68832864e-07 -2.99973867e-07  8.58429283e-01  1.02215880e-03
   5.96679154e-07 -9.51116527e-05  1.43412830e-05 -4.59792647e-06]
 [ 1.40489561e-02  1.07576581e-02  1.63895879e-02 -1.21189218e-06
   6.88725913e-07 -1.89039338e-07  8.54475348e-01  1.03432518e-03
   1.93832564e-06 -9.50876855e-05  1.51874586e-05 -4.72303711e-06]
 [ 1.46664898e-02  1.13210975e-02  1.68241054e-02 -2.08948539e-06
  -7.82275911e-07 -2.99870986e-07  8.51824260e-01  1.05011100e-03
   1.92598608e-06 -9.16268154e-05  1.59125595e-05 -4.68578634e-06]
 [ 1.51247825e-02  1.19285206e-02  1.74585152e-02 -6.26742598e-06
  -2.40568019e-06 -2.49768225e-07  8.50031840e-01  1.06224889e-03
   2.34602137e-06 -8.84474964e-05  1.66057900e-05 -4.56012505e-06]
 [ 1.56274691e-02  1.24350095e-02  1.79934894e-02 -8.99000469e-06
  -2.08318891e-06 -1.62043891e-07  8.48410850e-01  1.08112045e-03
   3.29618680e-06 -8.21601971e-05  1.71194034e-05 -4.43861225e-06]
 [ 1.60727549e-02  1.30578089e-02  1.85452776e-02 -9.58775799e-06
  -2.41662540e-06 -1.54848656e-07  8.47812025e-01  1.10660077e-03
   3.81710895e-06 -8.01184035e-05  1.80891467e-05 -4.48938411e-06]
 [ 1.66682974e-02  1.35697071e-02  1.90023764e-02 -1.08037375e-05
  -3.12809655e-06 -1.94212228e-07  8.47018719e-01  1.13299054e-03
   4.05351617e-06 -7.74206358e-05  1.90845225e-05 -4.47027480e-06]]
std error:
[[9.67647345e-05 4.50353237e-05 9.37466247e-05 2.73530691e-06
  2.87387968e-06 7.72274947e-08 9.06768103e-05 8.82291393e-06
  9.95293783e-07 4.65516334e-06 2.41503114e-07 2.91725703e-07]
 [5.63648549e-05 1.24290227e-04 7.43146200e-05 3.95586451e-06
  1.67099518e-06 8.04418180e-08 3.65553307e-04 9.35477037e-06
  1.01463808e-06 2.66614045e-06 1.68175068e-07 1.40746427e-07]
 [5.62141267e-05 2.82888117e-05 1.39465286e-04 9.33677849e-07
  9.60027767e-07 1.07592480e-07 1.05175076e-04 1.07566968e-05
  4.23448024e-07 1.70404035e-06 1.85949933e-07 4.29028061e-08]
 [1.23558444e-04 6.19863507e-05 8.61432619e-05 1.06391109e-06
  1.77669769e-06 9.53713796e-08 3.15837254e-05 6.80170167e-06
  4.70399091e-07 4.35078992e-06 2.04206167e-07 2.55054563e-07]
 [7.06019450e-05 9.93494538e-05 3.91007686e-05 2.19461793e-06
  2.84974428e-06 1.66404554e-07 9.27061356e-05 8.08074995e-06
  3.79203077e-07 3.76814936e-06 3.23171199e-07 2.49839032e-07]
 [7.16365414e-05 6.70086849e-05 5.92426202e-05 1.75184169e-06
  1.62210926e-06 8.31802422e-08 1.17363503e-04 8.07335237e-06
  5.64466428e-07 2.72669186e-06 2.25253011e-07 2.25772713e-07]
 [5.51208658e-05 1.01123999e-05 4.88788612e-05 8.24711180e-07
  1.73859330e-06 6.28638238e-08 2.14709334e-04 1.52717747e-05
  8.07460259e-07 3.58571298e-06 3.42056383e-07 2.76042259e-07]]
Done!, time = 4.145526885986328s
