Begin!
Data shape = (250000, 5)
Begin sort function!
In centrality 0
In centrality 1
In centrality 2
In centrality 3
In centrality 4
In centrality 5
In centrality 6
end function sorter
Data shape = (250000, 5)
Begin sort function!
In centrality 0
In centrality 1
In centrality 2
In centrality 3
In centrality 4
In centrality 5
In centrality 6
end function sorter
Data shape = (250000, 5)
Begin sort function!
In centrality 0
In centrality 1
In centrality 2
In centrality 3
In centrality 4
In centrality 5
In centrality 6
end function sorter
Data shape = (250000, 5)
Begin sort function!
In centrality 0
In centrality 1
In centrality 2
In centrality 3
In centrality 4
In centrality 5
In centrality 6
end function sorter
Final results shape = (4, 7, 12)
mean value:
[[ 1.24392352e-02  9.67613149e-03  1.39411182e-02  2.97990430e-05
   1.48560800e-07 -2.17193867e-07  9.33156775e-01  3.12940967e-03
   5.14325325e-05 -9.36826424e-05  3.97542678e-05 -5.03928523e-06]
 [ 1.32928291e-02  1.03107168e-02  1.47028019e-02  2.77756927e-05
  -4.26846795e-07 -3.77964308e-07  9.24090434e-01  3.09226467e-03
   4.99864590e-05 -9.83099604e-05  4.18677549e-05 -5.44378077e-06]
 [ 1.42364551e-02  1.08652599e-02  1.53965691e-02  2.29675401e-05
   1.20907587e-06 -3.18037763e-07  9.19279674e-01  3.13990349e-03
   5.39457764e-05 -1.03623721e-04  4.56879751e-05 -6.07623224e-06]
 [ 1.49678595e-02  1.15092478e-02  1.61719982e-02  2.15186490e-05
  -1.17332677e-06 -3.46597155e-07  9.15926120e-01  3.18052263e-03
   5.44783887e-05 -1.05194163e-04  4.80561919e-05 -6.33261443e-06]
 [ 1.57640633e-02  1.20918295e-02  1.66646402e-02  1.70895418e-05
  -6.70307209e-07 -5.29258794e-07  9.14128665e-01  3.23885434e-03
   5.93526983e-05 -1.08140831e-04  5.13473210e-05 -6.70341091e-06]
 [ 1.63483708e-02  1.27742157e-02  1.73135631e-02  1.76542179e-05
  -8.21992497e-07 -5.58615434e-07  9.12911454e-01  3.26758562e-03
   5.50789891e-05 -1.00292775e-04  5.44069113e-05 -6.76666598e-06]
 [ 1.71165476e-02  1.34175661e-02  1.78074347e-02  1.40586253e-05
  -1.73832502e-07 -4.32830257e-07  9.12134507e-01  3.36027225e-03
   6.04825049e-05 -9.58187666e-05  5.85337559e-05 -6.48108065e-06]]
std error:
[[4.56741641e-05 6.24826886e-05 6.48808329e-05 2.39630738e-06
  1.01092291e-06 8.09278989e-08 5.49261492e-04 3.83136277e-05
  6.59765102e-06 8.28105984e-06 7.89517164e-07 5.67391451e-07]
 [9.29342293e-05 6.07626104e-05 1.31052762e-04 2.14112331e-06
  8.36445260e-07 1.29539906e-07 6.57672260e-04 1.91810397e-05
  2.51295950e-06 6.96456250e-06 2.92748210e-07 3.32466971e-07]
 [6.55572843e-05 8.35166283e-05 8.95638292e-05 2.24425034e-06
  1.58814059e-06 1.69908073e-07 3.05963745e-04 2.82398500e-05
  1.76725859e-06 6.83325974e-06 7.42836133e-07 4.77098538e-07]
 [1.32960736e-04 8.74372320e-05 8.82756420e-05 1.61818389e-06
  1.71721000e-06 1.41316884e-07 1.56517852e-04 5.35139985e-05
  2.62001454e-06 2.68758101e-06 3.30949878e-07 1.57482882e-07]
 [7.75513861e-05 8.13638634e-05 1.29129240e-04 3.87061960e-06
  1.06406995e-06 7.34012537e-08 4.31055678e-04 4.60968332e-05
  2.88242510e-06 6.24421881e-06 8.27077001e-07 3.94570228e-07]
 [1.58217876e-04 2.91693840e-05 4.33901844e-05 3.23225446e-06
  1.63030919e-06 1.96487353e-07 4.62163872e-04 2.48638757e-05
  3.45370621e-06 6.94827678e-06 6.09090560e-07 6.52179958e-07]
 [8.37385831e-05 4.48505567e-05 1.11030908e-04 3.21553696e-06
  2.83605754e-06 1.78321630e-07 2.88186295e-04 2.23274330e-05
  1.82112541e-06 4.80642588e-06 3.46664103e-07 4.29321532e-07]]
Done!, time = 3.550858736038208s
