Begin!
Data shape = (250000, 5)
Begin sort function!
In centrality 0
In centrality 1
In centrality 2
In centrality 3
In centrality 4
In centrality 5
In centrality 6
end function sorter
Data shape = (250000, 5)
Begin sort function!
In centrality 0
In centrality 1
In centrality 2
In centrality 3
In centrality 4
In centrality 5
In centrality 6
end function sorter
Data shape = (250000, 5)
Begin sort function!
In centrality 0
In centrality 1
In centrality 2
In centrality 3
In centrality 4
In centrality 5
In centrality 6
end function sorter
Data shape = (250000, 5)
Begin sort function!
In centrality 0
In centrality 1
In centrality 2
In centrality 3
In centrality 4
In centrality 5
In centrality 6
end function sorter
Final results shape = (4, 7, 12)
mean value:
[[ 1.74999684e-02  9.55030176e-03  1.36574044e-02  8.19556126e-05
  -4.53125371e-07 -3.22676948e-06  9.28799471e-01  1.23944423e-03
  -8.91707410e-06 -3.42911040e-04  3.10484646e-05 -2.37386962e-05]
 [ 1.95692809e-02  1.02877581e-02  1.46934736e-02  4.17072233e-05
   8.61239188e-08 -3.55021906e-06  9.23670849e-01  1.25518420e-03
  -2.73190558e-06 -3.45856279e-04  3.15449590e-05 -2.42830482e-05]
 [ 2.07205672e-02  1.08931761e-02  1.55712191e-02  2.25794082e-05
   3.94278515e-07 -3.13713027e-06  9.20705719e-01  1.27488020e-03
  -4.14267839e-07 -3.38359329e-04  3.23088706e-05 -2.45707568e-05]
 [ 2.16944189e-02  1.16109274e-02  1.65905277e-02  1.01738004e-05
  -1.38048214e-06 -2.51096867e-06  9.18554047e-01  1.27872749e-03
   1.64858574e-06 -3.16695884e-04  3.24964029e-05 -2.40348660e-05]
 [ 2.24563726e-02  1.22898075e-02  1.73419000e-02 -5.52303779e-07
  -9.70406527e-07 -2.14285732e-06  9.17239691e-01  1.31590139e-03
   3.56906585e-06 -3.03647975e-04  3.32854614e-05 -2.36638832e-05]
 [ 2.31490178e-02  1.30434297e-02  1.80506540e-02 -7.39854160e-06
  -2.53903735e-06 -1.62470470e-06  9.16657797e-01  1.34426975e-03
   4.17034641e-06 -2.92673661e-04  3.48688086e-05 -2.39255516e-05]
 [ 2.39946197e-02  1.38688344e-02  1.87681586e-02 -7.43549874e-06
  -1.06067381e-06 -1.91380787e-06  9.16005967e-01  1.36640515e-03
   5.57042964e-06 -2.85880554e-04  3.62146379e-05 -2.46041389e-05]]
std error:
[[1.09117368e-04 2.40995357e-05 1.80248106e-04 5.07675114e-06
  1.96753089e-06 1.46720258e-07 4.02554718e-04 1.17888024e-05
  4.32534477e-07 9.33476257e-06 6.30025488e-07 8.72046389e-07]
 [8.05732044e-05 4.69232378e-05 1.06323125e-04 3.62803933e-06
  2.32079798e-06 1.20924823e-07 4.59292375e-04 1.50885320e-05
  7.19937998e-07 5.23916142e-06 4.79705596e-07 4.19797421e-07]
 [3.00518924e-05 9.42420676e-05 7.51073558e-05 3.25787824e-06
  2.10322334e-06 1.68393308e-07 7.58745595e-05 5.81941612e-06
  2.81740247e-07 3.69743045e-06 2.21408037e-07 3.26248914e-07]
 [1.03311006e-04 7.62314560e-05 2.05127601e-05 4.61057247e-06
  1.65459875e-06 4.04919215e-07 9.73856839e-05 1.39736621e-05
  4.80556045e-07 3.71606257e-06 3.03008017e-07 4.16282004e-07]
 [1.88590506e-04 1.89036201e-05 1.13905495e-04 5.94271689e-06
  1.07420762e-06 1.35288220e-07 1.69689085e-04 4.00595659e-06
  2.85092786e-07 8.02866500e-06 4.56658751e-07 9.69586323e-07]
 [2.04743620e-04 2.05564744e-05 1.01679323e-04 8.18718987e-06
  2.19008163e-06 3.17456165e-07 2.20331629e-04 1.42220353e-05
  8.31872768e-07 7.93358179e-06 5.45819978e-07 8.23223124e-07]
 [8.35474024e-05 4.78306136e-05 4.79803465e-05 1.38976467e-06
  2.42364597e-06 2.93058949e-07 1.41075336e-04 6.72060530e-06
  3.83004344e-07 5.75175404e-06 2.19293300e-07 4.19396572e-07]]
Done!, time = 3.8087637424468994s
