Begin!
Data shape = (250000, 5)
Begin sort function!
In centrality 0
In centrality 1
In centrality 2
In centrality 3
In centrality 4
In centrality 5
In centrality 6
end function sorter
Data shape = (250000, 5)
Begin sort function!
In centrality 0
In centrality 1
In centrality 2
In centrality 3
In centrality 4
In centrality 5
In centrality 6
end function sorter
Data shape = (250000, 5)
Begin sort function!
In centrality 0
In centrality 1
In centrality 2
In centrality 3
In centrality 4
In centrality 5
In centrality 6
end function sorter
Data shape = (250000, 5)
Begin sort function!
In centrality 0
In centrality 1
In centrality 2
In centrality 3
In centrality 4
In centrality 5
In centrality 6
end function sorter
Final results shape = (4, 7, 12)
mean value:
[[ 1.71846123e-02  1.08473727e-02  1.53097115e-02  5.92378639e-05
  -7.04130569e-07 -1.27648858e-06  8.76017834e-01  2.37385971e-03
   1.99668409e-05 -2.21606506e-04  4.42436156e-05 -1.57831410e-05]
 [ 1.86681680e-02  1.13869283e-02  1.61838538e-02  4.86158750e-05
  -2.77322334e-07 -1.26806205e-06  8.67849181e-01  2.33167484e-03
   1.86020500e-05 -2.34009449e-04  4.76557226e-05 -1.73876372e-05]
 [ 1.97863392e-02  1.17569273e-02  1.67128596e-02  4.13285627e-05
  -2.96540630e-06 -1.75871454e-06  8.62259308e-01  2.37104497e-03
   2.40457608e-05 -2.40716768e-04  4.98562650e-05 -1.84348061e-05]
 [ 2.07650476e-02  1.21754698e-02  1.75827545e-02  2.84943853e-05
  -2.46761956e-06 -1.67437400e-06  8.58154952e-01  2.40494322e-03
   2.58705597e-05 -2.48518968e-04  5.32044496e-05 -1.96335256e-05]
 [ 2.16265672e-02  1.27389504e-02  1.82494559e-02  2.48364205e-05
  -3.50697048e-06 -1.74160478e-06  8.55308288e-01  2.43183322e-03
   2.63870179e-05 -2.49698651e-04  5.49683408e-05 -2.01013403e-05]
 [ 2.22478483e-02  1.31927622e-02  1.87187368e-02  2.28711917e-05
  -2.49537841e-06 -1.88024389e-06  8.52896806e-01  2.44785329e-03
   2.70846411e-05 -2.56990246e-04  5.65321196e-05 -2.10147239e-05]
 [ 2.26804778e-02  1.36419877e-02  1.93596543e-02  1.64217110e-05
  -4.41876051e-06 -1.60933110e-06  8.51300298e-01  2.50059958e-03
   2.89768719e-05 -2.45827337e-04  5.86201047e-05 -2.06166881e-05]]
std error:
[[1.78414015e-04 1.79965098e-04 8.16876114e-05 2.87075296e-06
  5.08859734e-07 3.24076687e-07 1.98799288e-04 3.79856132e-05
  2.22971098e-06 3.89700510e-06 1.09253270e-06 5.88581207e-07]
 [2.28992677e-04 2.18247927e-05 1.47073436e-04 3.63752375e-06
  1.58844436e-06 8.33032213e-07 3.19623777e-04 1.77151724e-05
  1.09988533e-06 2.99248461e-06 5.86490872e-07 6.26306104e-07]
 [1.18915278e-04 8.17693342e-05 4.09882630e-05 3.20783033e-06
  7.92807564e-07 1.60336130e-07 2.81115889e-04 1.29617286e-05
  9.04592640e-07 7.79192532e-06 7.41609516e-07 4.42808570e-07]
 [1.23804840e-04 9.88253902e-05 3.59380384e-05 7.59680489e-06
  1.70250947e-06 9.58843140e-08 2.63228841e-04 1.29656487e-05
  2.27632176e-06 4.89929627e-06 6.68367396e-07 6.16624998e-07]
 [1.66067163e-04 1.12174765e-04 7.21970840e-05 2.67337913e-06
  1.27486813e-06 2.49064577e-07 2.15557992e-04 1.86017540e-05
  1.70946944e-06 5.67022251e-06 2.10880664e-07 4.44854173e-07]
 [8.32282575e-05 3.87249707e-05 1.05362007e-04 6.10379400e-06
  1.89890305e-06 1.41453809e-07 3.07769317e-04 1.16429113e-05
  1.61598120e-06 9.64622973e-06 6.08646881e-07 9.53671577e-07]
 [1.10971613e-04 1.12343739e-04 9.55632758e-05 5.93689896e-06
  1.68722192e-06 1.69619517e-07 9.51958545e-05 2.14799486e-05
  1.04382678e-06 6.27231272e-06 1.19468355e-06 5.79045420e-07]]
Done!, time = 3.9828455448150635s
