Begin!
Data shape = (250000, 5)
Begin sort function!
In centrality 0
In centrality 1
In centrality 2
In centrality 3
In centrality 4
In centrality 5
In centrality 6
end function sorter
Data shape = (250000, 5)
Begin sort function!
In centrality 0
In centrality 1
In centrality 2
In centrality 3
In centrality 4
In centrality 5
In centrality 6
end function sorter
Data shape = (250000, 5)
Begin sort function!
In centrality 0
In centrality 1
In centrality 2
In centrality 3
In centrality 4
In centrality 5
In centrality 6
end function sorter
Data shape = (250000, 5)
Begin sort function!
In centrality 0
In centrality 1
In centrality 2
In centrality 3
In centrality 4
In centrality 5
In centrality 6
end function sorter
Final results shape = (4, 7, 12)
mean value:
[[ 1.33848947e-02  1.05934742e-02  1.55978521e-02 -4.07404096e-06
  -2.62345092e-06 -1.95702898e-07  8.94497813e-01  6.11971946e-03
   1.95917652e-04 -1.06413572e-04  8.14841971e-05 -5.30670828e-06]
 [ 1.41907847e-02  1.11509757e-02  1.64826635e-02 -5.51005046e-06
  -2.61868769e-06 -1.55337586e-07  8.77832238e-01  5.98152370e-03
   2.03398191e-04 -1.03450955e-04  8.41799411e-05 -5.36789365e-06]
 [ 1.46948697e-02  1.17172206e-02  1.72055023e-02 -6.78145184e-06
  -1.77399586e-06 -1.75010044e-07  8.67381595e-01  5.88857991e-03
   1.95016872e-04 -1.05440315e-04  8.61045973e-05 -5.62347080e-06]
 [ 1.53892709e-02  1.22932657e-02  1.79417882e-02 -1.09912697e-05
  -9.00723114e-07 -1.23084378e-07  8.59728906e-01  5.96629252e-03
   2.01118899e-04 -1.04673391e-04  9.18090125e-05 -5.84548572e-06]
 [ 1.58834816e-02  1.29341661e-02  1.84841948e-02 -1.18942057e-05
  -3.17716213e-06 -9.73041836e-08  8.55099416e-01  6.06193321e-03
   2.03076513e-04 -1.01976078e-04  9.54117758e-05 -5.85544986e-06]
 [ 1.64104205e-02  1.34345256e-02  1.91081149e-02 -1.22069555e-05
  -4.90000937e-06 -1.22462000e-07  8.51760026e-01  6.16989396e-03
   2.14374413e-04 -9.88708365e-05  1.00665980e-04 -5.76539663e-06]
 [ 1.68038982e-02  1.39204127e-02  1.95821377e-02 -1.28823469e-05
  -2.27482025e-06 -9.39544838e-08  8.49977295e-01  6.28791300e-03
   2.11819346e-04 -1.12026275e-04  1.04619469e-04 -6.51893580e-06]]
std error:
[[8.48847908e-05 1.44529122e-04 1.56111339e-04 1.54209091e-06
  1.51182740e-06 4.88891839e-08 6.04425153e-04 3.61727683e-05
  2.07536979e-06 8.07314042e-06 1.21596247e-06 5.43775858e-07]
 [4.89898860e-05 3.65196604e-05 5.85998867e-05 1.55956707e-06
  1.37457911e-06 3.83797422e-08 1.22503985e-03 6.73791698e-05
  1.35850992e-05 4.38039019e-06 4.62708576e-07 3.16552305e-07]
 [5.25815273e-05 5.96515551e-05 8.75858743e-05 3.08843196e-06
  5.97051378e-07 9.06197705e-08 3.20673000e-04 2.78342580e-05
  1.00319995e-05 3.88067199e-06 5.65603179e-07 2.95560329e-07]
 [8.01037356e-05 9.26486843e-05 7.66840209e-05 3.29676662e-06
  2.08853232e-06 1.33285074e-07 2.42463720e-04 2.86077119e-05
  9.21359699e-06 5.06894388e-06 5.13924552e-07 4.11075075e-07]
 [9.77055278e-05 3.27980234e-05 9.10225856e-05 2.27158881e-06
  2.25498573e-06 8.73400743e-08 5.22424095e-04 1.53645965e-05
  2.55147918e-06 5.33382909e-06 5.20514931e-07 2.51891547e-07]
 [7.72904815e-05 3.20060534e-05 8.68744561e-05 1.85907429e-06
  1.78369076e-06 9.07671936e-08 2.03305472e-04 4.32689659e-05
  2.55419878e-06 7.67936862e-06 7.65709440e-07 5.40388916e-07]
 [5.28948594e-05 6.37853920e-05 4.36812633e-05 2.88783900e-06
  1.35864476e-06 1.44380022e-07 2.30927534e-04 6.02375173e-05
  1.20385775e-05 2.65384197e-06 6.28579334e-07 3.71237790e-07]]
Done!, time = 4.6367340087890625s
