Begin!
Data shape = (250000, 5)
Begin sort function!
In centrality 0
In centrality 1
In centrality 2
In centrality 3
In centrality 4
In centrality 5
In centrality 6
end function sorter
Data shape = (250000, 5)
Begin sort function!
In centrality 0
In centrality 1
In centrality 2
In centrality 3
In centrality 4
In centrality 5
In centrality 6
end function sorter
Data shape = (250000, 5)
Begin sort function!
In centrality 0
In centrality 1
In centrality 2
In centrality 3
In centrality 4
In centrality 5
In centrality 6
end function sorter
Data shape = (250000, 5)
Begin sort function!
In centrality 0
In centrality 1
In centrality 2
In centrality 3
In centrality 4
In centrality 5
In centrality 6
end function sorter
Final results shape = (4, 7, 12)
mean value:
[[ 1.59005903e-02  9.60960690e-03  1.46721470e-02  8.82640825e-05
   6.23782905e-07 -1.13257707e-06  8.61818453e-01  1.05816223e-03
  -2.98477961e-06 -2.55403399e-04  2.29428986e-05 -1.76217998e-05]
 [ 1.78376373e-02  1.03651793e-02  1.58733845e-02  7.32257281e-05
   1.98647051e-06 -2.28334935e-06  8.57135953e-01  1.07581996e-03
  -9.37255681e-07 -2.64981618e-04  2.45988892e-05 -1.90216252e-05]
 [ 1.92778900e-02  1.10826436e-02  1.68409212e-02  5.64450863e-05
   5.93555586e-07 -2.21874645e-06  8.54465336e-01  1.08571365e-03
   1.00687554e-06 -2.63717618e-04  2.53877088e-05 -1.96520256e-05]
 [ 2.07703857e-02  1.20338940e-02  1.77963589e-02  4.63075070e-05
  -1.57670291e-06 -2.60425042e-06  8.52242266e-01  1.11875856e-03
   3.10344712e-06 -2.66555167e-04  2.70196991e-05 -2.07512522e-05]
 [ 2.15876483e-02  1.28284058e-02  1.86094025e-02  3.24693708e-05
   2.47089809e-07 -2.12729303e-06  8.50891935e-01  1.14190158e-03
   3.74558355e-06 -2.59316907e-04  2.81329095e-05 -2.09048229e-05]
 [ 2.26431518e-02  1.35799484e-02  1.93306403e-02  2.64855391e-05
   4.18507522e-07 -1.96727334e-06  8.50071862e-01  1.16632197e-03
   4.97294421e-06 -2.56626796e-04  2.95800187e-05 -2.16222678e-05]
 [ 2.34926246e-02  1.44922881e-02  1.98356697e-02  1.61048363e-05
  -1.87908702e-06 -1.92760418e-06  8.49504436e-01  1.19147006e-03
   5.19394301e-06 -2.52879006e-04  3.08812499e-05 -2.19838044e-05]]
std error:
[[7.00786030e-05 3.71892787e-05 1.29567720e-04 4.50529904e-06
  8.99082936e-07 2.19393268e-07 9.64549519e-05 3.46793466e-06
  1.06879113e-06 4.72669418e-06 3.50593927e-07 5.87538600e-07]
 [1.22940774e-04 9.77026969e-05 2.19446656e-04 4.89514226e-06
  2.77019183e-06 3.48871347e-07 2.09578682e-04 6.37886199e-06
  3.25284661e-07 5.71693408e-06 3.10023097e-07 6.22065921e-07]
 [6.18317126e-05 4.49523685e-05 3.64590284e-05 5.58223146e-06
  1.30681228e-06 5.05932937e-08 1.29404306e-04 8.84455854e-06
  2.91336958e-07 4.26702661e-06 1.99104093e-07 5.17243890e-07]
 [5.27620810e-05 9.16104876e-05 1.12025519e-04 5.22354900e-06
  1.00211520e-06 3.70345858e-07 1.43659110e-04 4.12032701e-06
  4.28036517e-07 3.26161843e-06 3.11584701e-07 3.34380934e-07]
 [6.60280863e-05 1.12666081e-04 9.19881569e-05 5.18958009e-06
  1.59676944e-06 2.76220992e-07 8.12208647e-05 9.37609147e-06
  4.17420641e-07 2.51307927e-06 1.81648447e-07 9.89008454e-08]
 [5.89833246e-05 4.89180582e-05 8.92777259e-05 1.88758984e-06
  1.39634557e-06 2.34247945e-07 2.08306793e-04 5.19118336e-06
  6.66388262e-07 5.87209271e-06 1.13077733e-07 4.99468260e-07]
 [1.30211616e-04 4.16711217e-05 1.44976439e-04 4.04291743e-06
  1.40257728e-06 3.54809491e-07 2.29087770e-04 6.99088257e-06
  4.86793076e-07 6.65889668e-06 3.16320028e-07 5.50530207e-07]]
Done!, time = 4.293770790100098s
