Begin!
Data shape = (250000, 5)
Begin sort function!
In centrality 0
In centrality 1
In centrality 2
In centrality 3
In centrality 4
In centrality 5
In centrality 6
end function sorter
Data shape = (250000, 5)
Begin sort function!
In centrality 0
In centrality 1
In centrality 2
In centrality 3
In centrality 4
In centrality 5
In centrality 6
end function sorter
Data shape = (250000, 5)
Begin sort function!
In centrality 0
In centrality 1
In centrality 2
In centrality 3
In centrality 4
In centrality 5
In centrality 6
end function sorter
Data shape = (250000, 5)
Begin sort function!
In centrality 0
In centrality 1
In centrality 2
In centrality 3
In centrality 4
In centrality 5
In centrality 6
end function sorter
Final results shape = (4, 7, 12)
mean value:
[[ 1.12095623e-02  1.00998097e-02  1.57336958e-02  2.28654683e-05
  -4.25137565e-07  5.88061265e-08  8.00086242e-01  6.37092486e-04
   2.62818334e-07 -6.33871486e-05  8.12106461e-06 -3.25341620e-06]
 [ 1.22741854e-02  1.06402945e-02  1.67720436e-02  2.18491061e-05
   2.49391147e-07 -4.25471888e-08  7.97742173e-01  6.39920433e-04
   1.26499515e-06 -6.44494422e-05  8.61778976e-06 -3.36484673e-06]
 [ 1.31305718e-02  1.12948546e-02  1.74955398e-02  2.13439205e-05
   8.72787876e-07 -1.64064742e-07  7.96221749e-01  6.58037283e-04
   1.22617159e-06 -7.11499361e-05  9.53784301e-06 -3.83479816e-06]
 [ 1.38720811e-02  1.19848221e-02  1.80868794e-02  1.87114048e-05
   4.30866668e-07 -2.55993626e-07  7.95135270e-01  6.73753861e-04
   1.45543953e-06 -7.01947540e-05  1.02734053e-05 -4.02104313e-06]
 [ 1.46542398e-02  1.27124026e-02  1.85642153e-02  1.57945074e-05
   2.31644055e-06 -1.99034042e-07  7.94420400e-01  6.83276759e-04
   1.56694890e-06 -7.04001556e-05  1.09389567e-05 -4.16223183e-06]
 [ 1.53719744e-02  1.34906529e-02  1.92453242e-02  1.24771340e-05
  -5.31500481e-07 -1.79597100e-07  7.94044484e-01  7.09068145e-04
   1.82697240e-06 -7.24021050e-05  1.17782572e-05 -4.48502318e-06]
 [ 1.60451012e-02  1.40852914e-02  1.96105720e-02  1.09324313e-05
  -1.75297618e-06 -2.48184921e-07  7.93681310e-01  7.15222906e-04
   2.05401695e-06 -6.83879603e-05  1.23887757e-05 -4.45826734e-06]]
std error:
[[4.59338821e-05 5.60375312e-05 1.14211591e-04 3.59262458e-06
  2.29162139e-06 1.40917759e-07 6.83576191e-05 5.08729080e-06
  2.62304234e-07 3.21738089e-06 1.20967940e-07 2.12089863e-07]
 [1.18038127e-04 7.10166074e-05 1.69619549e-04 2.14192118e-06
  2.21535051e-06 1.32248834e-07 2.33510111e-04 3.82073951e-06
  2.24950261e-07 2.81158203e-06 1.42050593e-07 2.02477510e-07]
 [9.44864316e-05 7.70640931e-05 1.07876771e-04 1.71374251e-06
  1.23928195e-06 1.07923208e-07 1.70689226e-04 6.93536208e-06
  1.59891712e-07 2.31123166e-06 6.94828094e-08 1.55042478e-07]
 [7.18955811e-05 5.33243674e-05 1.09052419e-04 2.66022354e-06
  1.02642491e-06 8.46630547e-08 8.28440053e-05 5.63914393e-06
  2.29658971e-07 2.93622524e-06 7.75116620e-08 1.91410548e-07]
 [9.04482902e-05 7.83696727e-05 8.28956671e-05 2.36985045e-06
  2.28141697e-06 4.14540701e-08 8.79407884e-05 7.56802800e-06
  1.96466139e-07 2.14185256e-06 2.25811246e-07 1.23764905e-07]
 [6.61802082e-05 7.92859725e-05 9.60350339e-05 4.52508366e-06
  1.36872530e-06 2.06855128e-07 2.09392724e-04 5.66381612e-06
  1.32610730e-07 2.98823149e-06 8.97192096e-08 1.73745510e-07]
 [1.23670125e-04 5.05977535e-05 1.26474034e-04 3.85918392e-06
  1.79036832e-06 5.51148879e-08 1.85951124e-04 4.75868451e-06
  2.62900152e-07 2.34491997e-06 1.17238609e-07 2.09420458e-07]]
Done!, time = 3.8287463188171387s
