Begin!
Data shape = (250000, 5)
Begin sort function!
In centrality 0
In centrality 1
In centrality 2
In centrality 3
In centrality 4
In centrality 5
In centrality 6
end function sorter
Data shape = (250000, 5)
Begin sort function!
In centrality 0
In centrality 1
In centrality 2
In centrality 3
In centrality 4
In centrality 5
In centrality 6
end function sorter
Data shape = (250000, 5)
Begin sort function!
In centrality 0
In centrality 1
In centrality 2
In centrality 3
In centrality 4
In centrality 5
In centrality 6
end function sorter
Data shape = (250000, 5)
Begin sort function!
In centrality 0
In centrality 1
In centrality 2
In centrality 3
In centrality 4
In centrality 5
In centrality 6
end function sorter
Final results shape = (4, 7, 12)
mean value:
[[ 1.42040278e-02  1.06765303e-02  1.51446662e-02  1.13728215e-05
  -4.58570198e-07 -5.15968542e-07  8.63181239e-01  1.12012933e-03
   9.79306522e-07 -1.28660559e-04  1.74669380e-05 -6.77430410e-06]
 [ 1.50986751e-02  1.11706651e-02  1.58924075e-02  5.55691406e-06
  -1.81371300e-06 -3.28943101e-07  8.58679763e-01  1.12729490e-03
   1.33863898e-06 -1.22506568e-04  1.80419850e-05 -6.65244300e-06]
 [ 1.57163303e-02  1.16035398e-02  1.64960010e-02  2.42608234e-06
  -2.23939969e-06 -4.61896334e-07  8.55791783e-01  1.14757766e-03
   2.09346830e-06 -1.22945174e-04  1.89673165e-05 -6.88480754e-06]
 [ 1.63403584e-02  1.20484591e-02  1.71375306e-02 -3.31803611e-06
  -1.35870616e-06 -3.59942726e-07  8.53246741e-01  1.14957036e-03
   2.92606882e-06 -1.15341806e-04  1.95284427e-05 -6.66450284e-06]
 [ 1.68379287e-02  1.25156031e-02  1.76709176e-02 -6.74960935e-06
  -2.30157707e-06 -2.83640481e-07  8.52031111e-01  1.18008576e-03
   3.89883752e-06 -1.10863289e-04  2.05654433e-05 -6.52261996e-06]
 [ 1.72756471e-02  1.29526363e-02  1.82308229e-02 -7.57055452e-06
  -3.39355144e-06 -2.73988620e-07  8.50328712e-01  1.18821062e-03
   4.15756020e-06 -1.07173803e-04  2.09650662e-05 -6.50107062e-06]
 [ 1.78124810e-02  1.35820222e-02  1.86742822e-02 -1.21286195e-05
  -5.46410547e-06 -1.67081856e-07  8.49728606e-01  1.21190596e-03
   4.37026055e-06 -1.05656386e-04  2.20117742e-05 -6.55710842e-06]]
std error:
[[1.87672863e-04 8.18126013e-05 1.03689081e-04 3.24145474e-06
  1.04764194e-06 1.07111986e-07 2.86669667e-04 1.43617065e-05
  5.32964439e-08 4.03653301e-06 2.56113276e-07 2.86519672e-07]
 [1.17056748e-04 8.13750231e-05 8.22897703e-05 2.21515146e-06
  1.91768302e-06 8.13771904e-08 2.20285607e-04 1.29955771e-05
  4.79895364e-07 2.71444883e-06 2.34984547e-07 1.66327841e-07]
 [8.47447630e-05 7.64589655e-05 9.34343024e-05 2.12928890e-06
  7.94872852e-07 1.72157532e-07 1.16416372e-04 1.00231472e-05
  2.22340181e-07 4.66290170e-06 1.29462020e-07 3.22151084e-07]
 [9.74053936e-05 2.77795246e-05 1.12581038e-04 1.79022191e-06
  1.31278746e-06 4.57948967e-08 8.53633746e-05 9.57997804e-06
  5.73120346e-07 2.98505734e-06 2.08259452e-07 1.71402293e-07]
 [7.28652468e-05 8.38527899e-05 7.03906259e-05 2.55978159e-06
  2.40670507e-06 3.35588040e-08 1.33042357e-04 4.73336110e-06
  8.35015255e-07 2.39206235e-06 1.27308765e-07 3.09527259e-07]
 [6.59275949e-05 4.64989500e-05 5.34572129e-05 1.62020300e-06
  1.34791389e-06 1.70371895e-07 1.60565860e-04 7.29968510e-06
  5.88392304e-07 2.39545544e-06 1.62989848e-07 3.12289860e-07]
 [6.94795774e-05 3.31727358e-05 1.79483855e-04 1.54047975e-06
  1.19070529e-06 1.93143116e-07 2.21788412e-04 6.60950978e-06
  2.18747090e-07 3.10458793e-06 2.61571866e-07 1.45329071e-07]]
Done!, time = 3.610090494155884s
