Begin!
Data shape = (250000, 5)
Begin sort function!
In centrality 0
In centrality 1
In centrality 2
In centrality 3
In centrality 4
In centrality 5
In centrality 6
end function sorter
Data shape = (250000, 5)
Begin sort function!
In centrality 0
In centrality 1
In centrality 2
In centrality 3
In centrality 4
In centrality 5
In centrality 6
end function sorter
Data shape = (250000, 5)
Begin sort function!
In centrality 0
In centrality 1
In centrality 2
In centrality 3
In centrality 4
In centrality 5
In centrality 6
end function sorter
Data shape = (250000, 5)
Begin sort function!
In centrality 0
In centrality 1
In centrality 2
In centrality 3
In centrality 4
In centrality 5
In centrality 6
end function sorter
Final results shape = (4, 7, 12)
mean value:
[[ 1.23753469e-02  9.65335463e-03  1.39083595e-02  2.77094865e-05
  -3.17152639e-07 -2.36953707e-08  9.32844781e-01  2.95671271e-03
   3.91730734e-05 -9.58579486e-05  3.78161769e-05 -5.35579789e-06]
 [ 1.32147235e-02  1.01904694e-02  1.46812205e-02  2.70278339e-05
   4.31493808e-07 -2.61394500e-07  9.24823739e-01  2.98234958e-03
   4.40315647e-05 -9.64570361e-05  4.02289187e-05 -5.47383301e-06]
 [ 1.42189039e-02  1.08328678e-02  1.53401455e-02  2.58893112e-05
  -4.95911317e-07 -3.47212987e-07  9.20485335e-01  2.98896193e-03
   4.48132828e-05 -1.05298997e-04  4.37970198e-05 -6.24451607e-06]
 [ 1.49068573e-02  1.14716602e-02  1.60840073e-02  2.21353279e-05
   1.40785685e-06 -4.71293093e-07  9.17101745e-01  3.01911399e-03
   4.82653771e-05 -1.05012492e-04  4.60263105e-05 -6.39954579e-06]
 [ 1.55753272e-02  1.21315171e-02  1.66007827e-02  2.31015577e-05
  -2.76835740e-07 -3.63030956e-07  9.15566927e-01  3.08669869e-03
   5.14504783e-05 -1.03263572e-04  4.88425891e-05 -6.41479574e-06]
 [ 1.63548329e-02  1.27934178e-02  1.71987166e-02  1.76519641e-05
   1.39300494e-06 -4.90456753e-07  9.14587856e-01  3.15042409e-03
   5.13365858e-05 -1.08668549e-04  5.23158186e-05 -6.97786628e-06]
 [ 1.70422280e-02  1.34186560e-02  1.77047399e-02  1.77019038e-05
  -1.25773280e-06 -3.35169404e-07  9.14467615e-01  3.18777847e-03
   5.09451140e-05 -1.12886254e-04  5.51764561e-05 -7.84300530e-06]]
std error:
[[2.03266029e-04 6.10784485e-05 1.87864821e-04 5.73330922e-06
  1.07371983e-06 1.07298782e-07 2.47145015e-04 3.61512981e-05
  2.63987739e-06 3.67479091e-06 8.99333277e-07 5.89101491e-07]
 [5.78164119e-05 4.56104932e-05 7.03170383e-05 3.40190897e-06
  1.80793240e-06 2.54656748e-07 6.33687725e-04 8.37082712e-05
  5.56867928e-06 5.09920165e-06 1.14264287e-06 5.24539511e-07]
 [6.84391172e-05 3.99173745e-05 7.28147300e-05 1.92768321e-06
  9.70457239e-07 1.00085247e-07 2.94590586e-04 2.24639097e-05
  1.10490911e-06 1.98681998e-06 6.32808652e-07 2.41177254e-07]
 [6.11570060e-06 3.80896004e-05 1.49234156e-04 4.86328553e-06
  1.42163843e-06 1.31182059e-07 2.33743857e-04 2.46623351e-05
  3.57422031e-06 4.47623771e-06 2.88968202e-07 3.35332000e-07]
 [6.27147030e-05 6.95772270e-05 5.75925749e-05 1.55321718e-06
  1.25124437e-06 1.29583438e-07 2.70972392e-04 3.27500592e-05
  3.19565232e-06 4.95103066e-06 4.55420379e-07 2.95948543e-07]
 [9.04407364e-05 1.34439704e-05 1.35904324e-04 1.43414128e-06
  1.68725238e-06 1.58936385e-07 6.34273540e-04 3.33212138e-05
  2.61205673e-06 4.16559865e-06 9.71881934e-07 4.77409127e-07]
 [4.42589483e-05 6.88129993e-05 3.65966001e-05 1.84385908e-06
  1.40196335e-06 8.67219547e-08 2.12109825e-04 3.24921345e-05
  3.05568019e-06 8.30781747e-06 5.34992143e-07 5.33551326e-07]]
Done!, time = 4.015899181365967s
