Begin!
Data shape = (250000, 5)
Begin sort function!
In centrality 0
In centrality 1
In centrality 2
In centrality 3
In centrality 4
In centrality 5
In centrality 6
end function sorter
Data shape = (250000, 5)
Begin sort function!
In centrality 0
In centrality 1
In centrality 2
In centrality 3
In centrality 4
In centrality 5
In centrality 6
end function sorter
Data shape = (250000, 5)
Begin sort function!
In centrality 0
In centrality 1
In centrality 2
In centrality 3
In centrality 4
In centrality 5
In centrality 6
end function sorter
Data shape = (250000, 5)
Begin sort function!
In centrality 0
In centrality 1
In centrality 2
In centrality 3
In centrality 4
In centrality 5
In centrality 6
end function sorter
Final results shape = (4, 7, 12)
mean value:
[[ 1.43340262e-02  1.12177559e-02  1.57100537e-02  1.64293524e-05
  -1.40344430e-06 -5.60553820e-07  7.80845685e-01  1.68352231e-03
   1.45767492e-05 -1.01395806e-04  2.52861015e-05 -5.61380098e-06]
 [ 1.53914316e-02  1.16330799e-02  1.64641795e-02  7.50485111e-06
  -4.12895616e-07 -6.07111808e-07  7.72984652e-01  1.64054522e-03
   1.36851941e-05 -1.05131658e-04  2.62907087e-05 -6.06915450e-06]
 [ 1.61711989e-02  1.21132387e-02  1.71424180e-02  2.47667496e-06
  -2.94068061e-06 -5.72019041e-07  7.68160126e-01  1.66197729e-03
   1.56252647e-05 -1.05478491e-04  2.75709574e-05 -6.22849894e-06]
 [ 1.67623157e-02  1.25420129e-02  1.77967288e-02 -2.51434277e-06
  -9.24699556e-07 -4.52169041e-07  7.63859533e-01  1.66953204e-03
   1.59270035e-05 -1.02506429e-04  2.84767527e-05 -6.16411660e-06]
 [ 1.73776764e-02  1.29529414e-02  1.83231844e-02 -4.01332236e-06
  -3.46141346e-06 -5.32686958e-07  7.60925641e-01  1.69313700e-03
   1.70454206e-05 -1.00707426e-04  3.00082760e-05 -6.24970349e-06]
 [ 1.78799994e-02  1.33387122e-02  1.87004824e-02 -1.07310265e-05
  -1.01449390e-06 -3.72822668e-07  7.58607039e-01  1.70192800e-03
   1.72657895e-05 -9.97832432e-05  3.08568854e-05 -6.14253733e-06]
 [ 1.83970532e-02  1.37720113e-02  1.91805259e-02 -1.47507394e-05
  -3.77133578e-06 -3.50810212e-07  7.56689265e-01  1.73703036e-03
   1.86214734e-05 -9.83216214e-05  3.23819401e-05 -6.09987781e-06]]
std error:
[[5.80570534e-05 1.05340760e-04 3.64755604e-05 9.69775303e-07
  1.84760245e-06 1.30806435e-07 3.89809945e-04 1.78174872e-05
  1.90841730e-06 3.12467593e-06 4.91289231e-07 3.11718161e-07]
 [1.40528370e-04 3.36176933e-05 5.17349469e-05 4.34542377e-06
  1.06772047e-06 6.19142936e-08 3.86035037e-04 1.65778187e-05
  1.40164181e-06 4.27065703e-06 3.23572635e-07 3.55693533e-07]
 [9.64902531e-05 4.45900163e-05 8.82068028e-05 1.46519922e-06
  2.06518686e-06 8.28241535e-08 2.53528475e-04 7.12939260e-06
  1.25699346e-06 1.49590314e-06 3.28849288e-07 1.21550375e-07]
 [3.26702063e-05 2.94449829e-05 1.24877970e-04 2.58703284e-06
  1.42052929e-06 1.38229510e-07 2.63316550e-04 8.03941550e-06
  1.04839667e-06 3.08404647e-06 1.97291090e-07 1.44950873e-07]
 [2.34162502e-05 8.75831550e-05 1.47250065e-04 3.77928338e-06
  2.06780308e-06 2.26919888e-07 1.64778274e-04 9.05143398e-06
  6.42245303e-07 2.41776581e-06 5.18302703e-07 1.93861524e-07]
 [1.13770760e-04 4.69028779e-05 7.42539315e-05 5.43212513e-06
  1.27529581e-06 7.17560058e-08 1.26847053e-04 1.56673454e-05
  8.51550517e-07 4.44963656e-06 1.99444803e-07 2.69259730e-07]
 [1.04367382e-04 6.98403390e-05 1.62873300e-04 6.43638277e-06
  1.47377412e-06 1.20763752e-07 1.76944695e-04 1.15620184e-05
  4.55303673e-07 1.88831085e-06 3.59065647e-07 1.99342832e-07]]
Done!, time = 3.9985501766204834s
