Begin!
Data shape = (250000, 5)
Begin sort function!
In centrality 0
In centrality 1
In centrality 2
In centrality 3
In centrality 4
In centrality 5
In centrality 6
end function sorter
Data shape = (250000, 5)
Begin sort function!
In centrality 0
In centrality 1
In centrality 2
In centrality 3
In centrality 4
In centrality 5
In centrality 6
end function sorter
Data shape = (250000, 5)
Begin sort function!
In centrality 0
In centrality 1
In centrality 2
In centrality 3
In centrality 4
In centrality 5
In centrality 6
end function sorter
Data shape = (250000, 5)
Begin sort function!
In centrality 0
In centrality 1
In centrality 2
In centrality 3
In centrality 4
In centrality 5
In centrality 6
end function sorter
Final results shape = (4, 7, 12)
mean value:
[[ 1.30811904e-02  1.07470125e-02  1.61561147e-02  3.21625696e-05
  -1.76341216e-07 -1.77874807e-07  7.62425461e-01  6.34911603e-04
   6.80166377e-08 -9.47102335e-05  9.83812682e-06 -5.34443963e-06]
 [ 1.43325417e-02  1.13849529e-02  1.69614315e-02  2.75735629e-05
   6.50837987e-08 -2.99494177e-07  7.59121637e-01  6.45701232e-04
   8.76296425e-07 -9.99808994e-05  1.05588567e-05 -5.89041934e-06]
 [ 1.53349838e-02  1.18446565e-02  1.76149863e-02  2.67696217e-05
  -1.83637747e-06 -4.56702418e-07  7.57334203e-01  6.53281134e-04
   1.08846185e-06 -1.04458601e-04  1.12912115e-05 -6.47470049e-06]
 [ 1.62334843e-02  1.22902834e-02  1.81943803e-02  1.86291877e-05
  -1.47130327e-06 -4.95995565e-07  7.55799627e-01  6.69250293e-04
   1.33250102e-06 -1.07766885e-04  1.19817631e-05 -6.71394776e-06]
 [ 1.68251303e-02  1.28054857e-02  1.86857302e-02  1.40395893e-05
  -8.53103685e-07 -5.76475024e-07  7.54465337e-01  6.75837930e-04
   1.64791192e-06 -1.08421422e-04  1.24741305e-05 -7.00591395e-06]
 [ 1.74560603e-02  1.33596671e-02  1.92626215e-02  1.84165464e-05
  -1.67554664e-06 -3.97087789e-07  7.53454580e-01  6.86514517e-04
   1.95593458e-06 -1.11047939e-04  1.30323756e-05 -7.46989983e-06]
 [ 1.80357407e-02  1.38121335e-02  1.97449696e-02  1.03695616e-05
  -2.29290515e-06 -4.44035505e-07  7.52619386e-01  6.95155672e-04
   2.00401154e-06 -1.09692402e-04  1.34362872e-05 -7.43483048e-06]]
std error:
[[8.13591032e-05 9.29013493e-05 1.67262556e-04 2.64142736e-06
  2.10724153e-06 1.34491089e-07 1.43233490e-04 9.29175253e-06
  1.84431572e-07 2.68690289e-06 2.24657729e-07 2.50084280e-07]
 [5.46919244e-05 3.96534107e-05 8.81913307e-05 3.04126786e-06
  3.27155617e-06 1.92988380e-07 3.21732924e-04 4.37996774e-06
  3.56591284e-07 1.58923468e-06 1.73466223e-07 2.22702731e-07]
 [9.47925288e-05 1.70799702e-04 7.34964879e-05 3.45379628e-06
  1.97217677e-06 1.49807945e-07 2.21770147e-04 5.10331363e-06
  4.28503100e-07 1.94437447e-06 2.21627652e-07 1.99632500e-07]
 [1.48317086e-04 1.01572492e-04 4.83074482e-05 1.82902641e-06
  1.63964609e-06 1.32678574e-07 1.50417774e-04 4.94516691e-06
  8.52340351e-08 3.74006498e-06 1.15737038e-07 1.32870331e-07]
 [8.47918592e-05 7.92749673e-05 8.06418914e-05 4.13802319e-06
  2.28443409e-06 2.16159376e-07 1.08484689e-04 1.79735408e-06
  2.57346100e-07 2.29780530e-06 9.11098170e-08 1.96819971e-07]
 [1.19791540e-04 4.86013642e-05 9.12561727e-05 4.02654887e-06
  8.89554958e-07 1.47143918e-07 8.75022426e-05 8.01604193e-06
  2.71858689e-07 2.65424216e-06 3.10626976e-07 2.50741031e-07]
 [2.01415073e-04 3.62250964e-05 9.31976803e-05 3.06055623e-06
  1.98526576e-06 8.10651281e-08 8.69569167e-05 4.16722358e-06
  1.61744095e-07 2.56721743e-06 1.30745565e-07 5.33736714e-08]]
Done!, time = 4.199510335922241s
