Begin!
Data shape = (250000, 5)
Begin sort function!
In centrality 0
In centrality 1
In centrality 2
In centrality 3
In centrality 4
In centrality 5
In centrality 6
end function sorter
Data shape = (250000, 5)
Begin sort function!
In centrality 0
In centrality 1
In centrality 2
In centrality 3
In centrality 4
In centrality 5
In centrality 6
end function sorter
Data shape = (250000, 5)
Begin sort function!
In centrality 0
In centrality 1
In centrality 2
In centrality 3
In centrality 4
In centrality 5
In centrality 6
end function sorter
Data shape = (250000, 5)
Begin sort function!
In centrality 0
In centrality 1
In centrality 2
In centrality 3
In centrality 4
In centrality 5
In centrality 6
end function sorter
Final results shape = (4, 7, 12)
mean value:
[[ 1.54740275e-02  9.97797440e-03  1.46990173e-02  6.26176209e-05
   1.52878804e-06 -1.69427070e-06  8.09161548e-01  8.04781602e-04
  -5.45787093e-06 -2.23279221e-04  1.79410482e-05 -1.41210955e-05]
 [ 1.77148729e-02  1.07014916e-02  1.62226103e-02  4.02618685e-05
   1.77339657e-07 -2.48832627e-06  8.04786786e-01  8.37886882e-04
  -3.15920620e-06 -2.35599829e-04  1.91192954e-05 -1.53754184e-05]
 [ 1.89193761e-02  1.13753072e-02  1.72530623e-02  2.41340199e-05
   1.28056315e-06 -2.19118935e-06  8.02024499e-01  8.53350754e-04
  -1.29088900e-06 -2.33772910e-04  1.98259808e-05 -1.58757579e-05]
 [ 2.00662040e-02  1.21733843e-02  1.82600125e-02  9.47935159e-06
   8.47401980e-07 -1.77562557e-06  7.99851438e-01  8.68792302e-04
   9.12398841e-08 -2.28123473e-04  2.04087205e-05 -1.60746449e-05]
 [ 2.09237354e-02  1.29258408e-02  1.90501707e-02 -1.18705622e-06
   9.75642402e-07 -1.77791571e-06  7.98491689e-01  8.73120007e-04
   1.02409655e-06 -2.19060023e-04  2.08816948e-05 -1.59293949e-05]
 [ 2.16651706e-02  1.37408754e-02  1.97661531e-02 -7.86248112e-06
  -2.04015741e-06 -1.41149263e-06  7.97924099e-01  8.94074823e-04
   1.24811827e-06 -2.13991964e-04  2.17983486e-05 -1.61835745e-05]
 [ 2.25306019e-02  1.44841515e-02  2.03926442e-02 -2.37173897e-05
  -3.38984055e-06 -9.56030633e-07  7.96897340e-01  9.08048805e-04
   2.23635708e-06 -2.05528482e-04  2.24339214e-05 -1.59508572e-05]]
std error:
[[1.01615404e-04 7.56228742e-05 1.36958784e-04 4.14110238e-06
  1.06396048e-06 1.01022620e-07 1.35312986e-04 1.13187212e-05
  2.33949669e-07 5.90258641e-06 3.08494397e-07 3.85068858e-07]
 [1.29946497e-04 7.41031152e-05 6.64656142e-05 5.11939664e-06
  1.21846131e-06 1.88353679e-07 2.18535694e-04 1.04172206e-05
  2.45434720e-07 1.78432277e-06 2.84508524e-07 2.84218660e-07]
 [5.50215759e-05 6.71037006e-05 1.45357691e-04 4.27025540e-06
  8.39653180e-07 1.54047621e-07 8.82150792e-05 3.95328663e-06
  4.11569006e-07 4.41854066e-06 2.85504510e-07 3.12658464e-07]
 [1.81612296e-04 7.02391269e-05 9.48499748e-05 3.92030457e-06
  2.12722565e-06 3.23422325e-07 1.45668732e-04 3.51303501e-06
  4.44501789e-07 6.33419748e-06 2.30910469e-07 5.11755969e-07]
 [3.32142880e-05 8.89593199e-05 8.57334586e-05 2.58627529e-06
  1.84233248e-06 1.49723615e-07 1.54700138e-04 8.85373370e-06
  1.39802013e-07 2.36826234e-06 1.32420237e-07 2.58765120e-07]
 [1.30440032e-04 9.61178657e-05 1.48157181e-04 2.89209005e-06
  4.21138874e-07 1.54956577e-07 1.19757709e-04 4.52456559e-06
  4.18511942e-07 4.49161097e-06 8.38027042e-08 3.29115327e-07]
 [1.19402872e-04 7.83044909e-05 1.29788538e-04 7.18370822e-06
  3.04549501e-06 3.36057450e-07 1.82979282e-04 9.26593767e-06
  2.27331629e-07 5.25128934e-06 3.57622034e-07 5.47248927e-07]]
Done!, time = 3.672377586364746s
