Begin!
Data shape = (250000, 5)
Begin sort function!
In centrality 0
In centrality 1
In centrality 2
In centrality 3
In centrality 4
In centrality 5
In centrality 6
end function sorter
Data shape = (250000, 5)
Begin sort function!
In centrality 0
In centrality 1
In centrality 2
In centrality 3
In centrality 4
In centrality 5
In centrality 6
end function sorter
Data shape = (250000, 5)
Begin sort function!
In centrality 0
In centrality 1
In centrality 2
In centrality 3
In centrality 4
In centrality 5
In centrality 6
end function sorter
Data shape = (250000, 5)
Begin sort function!
In centrality 0
In centrality 1
In centrality 2
In centrality 3
In centrality 4
In centrality 5
In centrality 6
end function sorter
Final results shape = (4, 7, 12)
mean value:
[[ 1.38169740e-02  1.01042553e-02  1.57439954e-02  3.99369535e-05
   3.27895038e-07 -5.08473926e-07  8.16565702e-01  2.00567818e-03
   2.16580017e-05 -1.16785885e-04  2.93124462e-05 -6.90130897e-06]
 [ 1.51712397e-02  1.06360121e-02  1.67181326e-02  3.51407846e-05
   5.41868635e-08 -7.99999735e-07  8.09111281e-01  2.00221002e-03
   2.15083446e-05 -1.24076120e-04  3.18460685e-05 -7.71337769e-06]
 [ 1.63178452e-02  1.13569205e-02  1.75843080e-02  2.98080179e-05
   2.19553267e-06 -9.19957587e-07  8.04733604e-01  2.03353225e-03
   2.41430820e-05 -1.29355359e-04  3.44168213e-05 -8.18300611e-06]
 [ 1.72520419e-02  1.22027817e-02  1.83425919e-02  2.61874764e-05
  -4.94961437e-07 -7.88458916e-07  8.01081956e-01  2.06049689e-03
   2.44682670e-05 -1.34804949e-04  3.69882492e-05 -8.99847206e-06]
 [ 1.81403164e-02  1.28064849e-02  1.88819766e-02  2.54518813e-05
  -4.13413934e-07 -8.55424398e-07  7.98877075e-01  2.11540338e-03
   2.76408224e-05 -1.39905730e-04  3.94155291e-05 -9.73632587e-06]
 [ 1.89044497e-02  1.35538562e-02  1.94794058e-02  2.05442994e-05
   5.59045177e-07 -1.08553496e-06  7.97233332e-01  2.13829396e-03
   2.76349763e-05 -1.37680327e-04  4.14428726e-05 -9.71602637e-06]
 [ 1.96936168e-02  1.42226359e-02  1.99332024e-02  1.78119161e-05
   2.85536526e-07 -8.45574041e-07  7.95683340e-01  2.18565797e-03
   2.87521693e-05 -1.32357404e-04  4.40548940e-05 -9.65836831e-06]]
std error:
[[7.05869234e-05 1.14767120e-04 1.28615760e-04 5.44061574e-06
  1.29207744e-06 7.30719380e-08 5.70401927e-04 1.78892819e-05
  9.68079070e-07 9.89276000e-07 4.19254822e-07 6.40406482e-08]
 [6.38325003e-05 6.50035687e-05 2.09544008e-04 2.03102550e-06
  1.17033287e-06 2.31521903e-07 1.85864634e-04 3.01590965e-05
  1.57277541e-06 2.85249129e-06 5.19889682e-07 2.07667364e-07]
 [7.46016867e-05 2.59225141e-05 1.28725664e-04 3.58639470e-06
  1.45337288e-06 1.33552646e-07 2.60017384e-04 2.05450291e-05
  1.36344820e-06 5.09964444e-06 4.57539710e-07 4.29617021e-07]
 [8.31447836e-05 4.81347416e-05 8.16926212e-05 5.26771918e-06
  1.70202517e-06 3.13340464e-07 2.10997029e-04 2.11731228e-05
  1.20428649e-06 2.22817221e-06 3.99215867e-07 1.55426820e-07]
 [1.06819971e-04 5.79505905e-05 8.04948330e-05 2.39015938e-06
  1.69717302e-06 1.88440625e-07 3.96969007e-04 3.01542718e-05
  1.66682998e-06 3.95576759e-06 5.78120036e-07 3.88304030e-07]
 [7.51265837e-05 1.28367295e-04 8.58213249e-05 1.15305049e-06
  1.52014124e-06 2.30562600e-07 4.54960361e-04 1.72760398e-05
  9.00098564e-07 3.60310443e-06 2.50654236e-07 4.72566207e-07]
 [8.00589545e-05 7.72147649e-05 1.23084488e-04 6.02815103e-06
  3.39635453e-06 1.58657235e-07 3.17792249e-04 1.93814227e-05
  1.63339354e-06 5.56106917e-06 2.22686208e-07 4.36815794e-07]]
Done!, time = 3.864553928375244s
