Begin!
Data shape = (250000, 5)
Begin sort function!
In centrality 0
In centrality 1
In centrality 2
In centrality 3
In centrality 4
In centrality 5
In centrality 6
end function sorter
Data shape = (250000, 5)
Begin sort function!
In centrality 0
In centrality 1
In centrality 2
In centrality 3
In centrality 4
In centrality 5
In centrality 6
end function sorter
Data shape = (250000, 5)
Begin sort function!
In centrality 0
In centrality 1
In centrality 2
In centrality 3
In centrality 4
In centrality 5
In centrality 6
end function sorter
Data shape = (250000, 5)
Begin sort function!
In centrality 0
In centrality 1
In centrality 2
In centrality 3
In centrality 4
In centrality 5
In centrality 6
end function sorter
Final results shape = (4, 7, 12)
mean value:
[[ 1.43981689e-02  1.11600310e-02  1.58532510e-02  3.81024038e-05
  -6.70977118e-07 -2.77136719e-07  7.79379925e-01  1.56342485e-03
   1.18200808e-05 -1.04344152e-04  2.40025098e-05 -6.60196121e-06]
 [ 1.54652232e-02  1.16560175e-02  1.64443879e-02  3.29868937e-05
  -2.38778269e-06 -2.89132699e-07  7.72014334e-01  1.54912316e-03
   1.18451139e-05 -1.11698276e-04  2.51190720e-05 -7.26586841e-06]
 [ 1.65607100e-02  1.20680946e-02  1.70344921e-02  3.15450870e-05
  -1.30887908e-06 -7.20442798e-07  7.67596669e-01  1.56911382e-03
   1.35796904e-05 -1.21892409e-04  2.69945585e-05 -8.18512667e-06]
 [ 1.73904679e-02  1.25468527e-02  1.77790709e-02  2.71098632e-05
  -1.08141907e-06 -6.52010281e-07  7.63419690e-01  1.58218649e-03
   1.32218837e-05 -1.27384277e-04  2.85950911e-05 -8.85781810e-06]
 [ 1.80186512e-02  1.29228978e-02  1.83464220e-02  2.48394261e-05
  -2.68302987e-06 -6.46339536e-07  7.60938987e-01  1.59327372e-03
   1.40276369e-05 -1.28824884e-04  2.98574814e-05 -9.17395988e-06]
 [ 1.87110576e-02  1.33845924e-02  1.87681146e-02  2.39110443e-05
  -1.96881294e-06 -9.86011416e-07  7.58398878e-01  1.62042329e-03
   1.40296396e-05 -1.29954328e-04  3.13615970e-05 -9.44993821e-06]
 [ 1.93689109e-02  1.37300841e-02  1.91621690e-02  1.64330474e-05
  -3.15475024e-06 -8.68365952e-07  7.56693963e-01  1.63645160e-03
   1.47179658e-05 -1.31851504e-04  3.26228943e-05 -9.78995832e-06]]
std error:
[[1.24895251e-04 4.71281834e-05 1.70745179e-04 3.58326275e-06
  2.92765308e-06 1.32904678e-07 1.90221123e-04 1.25439842e-05
  5.76278250e-07 5.24895896e-06 7.36318648e-08 3.24542441e-07]
 [9.82175955e-05 8.90965237e-05 1.23297433e-04 3.27830860e-06
  1.53912311e-06 2.91618363e-07 2.02236868e-04 9.02729592e-06
  7.42372536e-07 1.99626153e-06 1.80829123e-07 1.68423432e-07]
 [8.52840186e-05 5.20027864e-05 1.05633762e-04 5.17516063e-06
  1.38356507e-06 1.79609344e-07 2.74657240e-04 1.37044086e-05
  3.93990986e-07 3.67117147e-06 2.22304915e-07 3.25905372e-07]
 [3.05670515e-05 2.83633627e-05 6.62136451e-05 3.72841141e-06
  2.77819620e-06 3.24035268e-07 1.55445114e-04 6.24165030e-06
  7.03063631e-07 6.95154049e-06 2.69101139e-07 4.77881041e-07]
 [5.51671172e-05 3.47136940e-05 6.61072953e-05 3.28927986e-06
  2.60807213e-06 1.89954221e-07 1.58677754e-04 6.64928029e-06
  5.20963340e-07 4.10516317e-06 4.04940385e-07 3.47816438e-07]
 [1.81350800e-04 3.31303448e-05 8.45034605e-06 3.51285408e-06
  1.58171452e-06 2.06103892e-07 3.10005725e-04 1.18208797e-05
  5.24422471e-07 4.32673181e-06 5.36889776e-07 3.42086996e-07]
 [4.59277761e-05 4.52313857e-05 6.06238096e-05 7.15383041e-06
  1.43332524e-06 1.19535692e-07 1.54768547e-04 9.65364731e-06
  1.05448021e-06 1.89124028e-06 2.51069209e-07 4.01382233e-07]]
Done!, time = 2.167609691619873s
