Begin!
Data shape = (250000, 5)
Begin sort function!
In centrality 0
In centrality 1
In centrality 2
In centrality 3
In centrality 4
In centrality 5
In centrality 6
end function sorter
Data shape = (250000, 5)
Begin sort function!
In centrality 0
In centrality 1
In centrality 2
In centrality 3
In centrality 4
In centrality 5
In centrality 6
end function sorter
Data shape = (250000, 5)
Begin sort function!
In centrality 0
In centrality 1
In centrality 2
In centrality 3
In centrality 4
In centrality 5
In centrality 6
end function sorter
Data shape = (250000, 5)
Begin sort function!
In centrality 0
In centrality 1
In centrality 2
In centrality 3
In centrality 4
In centrality 5
In centrality 6
end function sorter
Final results shape = (4, 7, 12)
mean value:
[[ 1.46442837e-02  1.09086491e-02  1.53694227e-02  2.54063658e-05
  -2.03412749e-06 -6.36220778e-07  9.00626422e-01  6.17783319e-03
   2.07865765e-04 -1.24621416e-04  8.97275999e-05 -7.48199132e-06]
 [ 1.58781570e-02  1.14365168e-02  1.62335178e-02  2.61613097e-05
   6.44256108e-08 -5.37841506e-07  8.82559831e-01  5.92541569e-03
   1.99616542e-04 -1.27839977e-04  9.44616384e-05 -8.20360171e-06]
 [ 1.65086625e-02  1.19496073e-02  1.69582949e-02  2.15058556e-05
  -1.71059330e-06 -6.99412869e-07  8.71964987e-01  5.96618577e-03
   2.12131488e-04 -1.39526726e-04  9.78794263e-05 -9.03481832e-06]
 [ 1.73419648e-02  1.24414486e-02  1.75301768e-02  2.06798024e-05
  -2.51506957e-06 -7.26117209e-07  8.63679717e-01  6.01328100e-03
   2.08883365e-04 -1.57898312e-04  1.03520107e-04 -1.10184859e-05]
 [ 1.78340241e-02  1.29805255e-02  1.81916077e-02  1.88053182e-05
  -1.94969819e-06 -7.18303143e-07  8.58416889e-01  6.08943330e-03
   2.11199374e-04 -1.60249436e-04  1.07797801e-04 -1.11815236e-05]
 [ 1.84036166e-02  1.33433188e-02  1.87325663e-02  1.75806117e-05
  -3.98283395e-06 -5.61723294e-07  8.54869754e-01  6.20689896e-03
   2.09923621e-04 -1.71076700e-04  1.13513593e-04 -1.25241452e-05]
 [ 1.89857450e-02  1.38658158e-02  1.92748511e-02  1.31446094e-05
  -5.24016726e-06 -6.22757781e-07  8.52688015e-01  6.35570132e-03
   2.06745950e-04 -1.70073798e-04  1.19826404e-04 -1.24772767e-05]]
std error:
[[1.38397952e-04 5.46482216e-05 5.05390602e-05 3.32448022e-06
  2.97963113e-06 2.93593107e-08 7.42260766e-04 7.02634679e-05
  1.38468029e-05 8.12569595e-06 2.08008265e-06 6.16562670e-07]
 [1.40556165e-04 8.82801992e-05 1.31643231e-04 4.41096206e-06
  1.20654167e-06 2.06161775e-07 3.17173823e-04 6.49198023e-05
  9.99268755e-06 6.55243269e-06 1.64185046e-06 3.32941288e-07]
 [3.29073716e-05 4.09025221e-05 6.13651242e-05 4.59226282e-06
  6.69583328e-07 1.04508112e-07 4.09796519e-04 1.84588498e-05
  5.93136186e-06 5.05143774e-06 5.65932386e-07 4.06885495e-07]
 [2.70023542e-05 5.27664443e-05 8.07991427e-05 2.33632046e-06
  1.87416913e-06 1.87437500e-07 3.18753445e-04 8.68152095e-06
  5.12632443e-06 3.98864277e-06 1.08650361e-06 3.00619185e-07]
 [5.19869396e-05 1.09567368e-04 1.19294000e-04 3.41591756e-06
  2.27894071e-06 5.34574926e-08 1.90309058e-04 5.28131083e-05
  9.93201954e-06 5.19067664e-06 4.70646382e-07 5.87609942e-07]
 [1.08495432e-04 6.87132939e-05 5.73130797e-05 4.04529675e-06
  3.30695488e-06 1.11368503e-07 2.82006849e-04 6.05733573e-05
  6.72342285e-06 6.76669848e-06 9.86534662e-07 8.08035129e-07]
 [6.14002007e-05 7.42586185e-05 8.93737301e-05 1.69352661e-06
  1.73427144e-06 1.38202112e-07 3.01006140e-04 3.72423901e-05
  5.59580111e-06 4.30844351e-06 1.20552433e-06 6.93983387e-07]]
Done!, time = 4.456647634506226s
