Begin!
Data shape = (250000, 5)
Begin sort function!
In centrality 0
In centrality 1
In centrality 2
In centrality 3
In centrality 4
In centrality 5
In centrality 6
end function sorter
Data shape = (250000, 5)
Begin sort function!
In centrality 0
In centrality 1
In centrality 2
In centrality 3
In centrality 4
In centrality 5
In centrality 6
end function sorter
Data shape = (250000, 5)
Begin sort function!
In centrality 0
In centrality 1
In centrality 2
In centrality 3
In centrality 4
In centrality 5
In centrality 6
end function sorter
Data shape = (250000, 5)
Begin sort function!
In centrality 0
In centrality 1
In centrality 2
In centrality 3
In centrality 4
In centrality 5
In centrality 6
end function sorter
Final results shape = (4, 7, 12)
mean value:
[[ 1.69683751e-02  1.07760252e-02  1.52521172e-02  3.07868805e-05
  -3.28048326e-08 -1.49230456e-06  8.76478452e-01  2.32339216e-03
   1.69849665e-05 -2.18925973e-04  4.29266374e-05 -1.41372807e-05]
 [ 1.84937291e-02  1.12623887e-02  1.61170425e-02  1.12906958e-05
  -4.77580559e-06 -1.19876512e-06  8.67792763e-01  2.32938240e-03
   2.01258930e-05 -2.23096866e-04  4.61370492e-05 -1.48107079e-05]
 [ 1.93430778e-02  1.17783607e-02  1.68212374e-02  5.36331756e-07
  -2.03099534e-06 -1.34871456e-06  8.62802003e-01  2.33858015e-03
   2.09395875e-05 -2.25199414e-04  4.78041776e-05 -1.52103435e-05]
 [ 2.01135347e-02  1.22033341e-02  1.75668067e-02 -5.13670923e-06
  -2.18095897e-06 -1.25088370e-06  8.58229971e-01  2.37464599e-03
   2.46297428e-05 -2.24683380e-04  4.98721985e-05 -1.58980814e-05]
 [ 2.07333846e-02  1.27037022e-02  1.81117457e-02 -1.28174775e-05
  -1.18279723e-06 -9.78456947e-07  8.55520295e-01  2.38668922e-03
   2.41914147e-05 -2.23884358e-04  5.14589289e-05 -1.61540283e-05]
 [ 2.11447083e-02  1.31687297e-02  1.86880132e-02 -1.55519068e-05
  -2.32277367e-06 -7.24267955e-07  8.53568048e-01  2.42421380e-03
   2.57910536e-05 -2.14246624e-04  5.29398519e-05 -1.58390910e-05]
 [ 2.17502266e-02  1.36990005e-02  1.92294242e-02 -2.00372235e-05
  -2.75098913e-06 -6.63445672e-07  8.52055811e-01  2.44743499e-03
   2.52715529e-05 -2.12746060e-04  5.47508995e-05 -1.62936577e-05]]
std error:
[[1.18687157e-04 4.72678568e-05 1.02355713e-04 4.50072113e-06
  1.57924339e-06 1.92701958e-07 3.38180893e-04 1.37146821e-05
  1.34455872e-06 5.95077965e-06 7.58232965e-07 6.35247860e-07]
 [2.56268602e-04 6.40029366e-05 1.59216720e-04 3.37108590e-06
  1.30641639e-06 1.70968631e-07 2.48188070e-04 2.49744782e-05
  3.01000248e-06 8.76697841e-06 1.89848727e-07 6.57492859e-07]
 [1.49164852e-04 5.89997699e-05 7.86212600e-05 4.14582803e-06
  5.94159092e-07 3.31176305e-07 2.14821940e-04 2.37440902e-05
  1.94315017e-06 2.71730409e-06 8.49445177e-07 3.85705356e-07]
 [1.71915178e-04 5.47488672e-05 9.98578392e-05 3.90636756e-06
  1.28407877e-06 2.40163944e-07 3.28777870e-04 8.64103942e-06
  6.29764176e-07 6.43174670e-06 2.13518944e-07 5.70592415e-07]
 [7.60848263e-05 6.45731070e-05 1.16029954e-04 2.55577212e-06
  9.49141653e-07 3.97478249e-08 2.23936815e-04 1.19459689e-05
  1.07073975e-06 4.98787570e-06 7.21922229e-07 4.71996070e-07]
 [1.85926070e-04 4.52211440e-05 5.25783808e-05 3.18262301e-06
  1.67087501e-06 2.26052414e-07 1.61389665e-04 1.97739166e-05
  1.00012905e-06 4.69043707e-06 4.80629509e-07 3.20009467e-07]
 [6.68049359e-05 9.02713064e-05 9.85899455e-05 5.76509577e-06
  1.15536038e-06 3.14799138e-07 4.30342328e-04 1.99706558e-05
  1.87884813e-06 7.18934977e-06 6.26860995e-07 4.89144191e-07]]
Done!, time = 2.410191297531128s
