Begin!
Data shape = (250000, 5)
Begin sort function!
In centrality 0
In centrality 1
In centrality 2
In centrality 3
In centrality 4
In centrality 5
In centrality 6
end function sorter
Data shape = (250000, 5)
Begin sort function!
In centrality 0
In centrality 1
In centrality 2
In centrality 3
In centrality 4
In centrality 5
In centrality 6
end function sorter
Data shape = (250000, 5)
Begin sort function!
In centrality 0
In centrality 1
In centrality 2
In centrality 3
In centrality 4
In centrality 5
In centrality 6
end function sorter
Data shape = (250000, 5)
Begin sort function!
In centrality 0
In centrality 1
In centrality 2
In centrality 3
In centrality 4
In centrality 5
In centrality 6
end function sorter
Final results shape = (4, 7, 12)
mean value:
[[ 1.42084969e-02  1.06862570e-02  1.52193248e-02  7.39601282e-06
  -1.89170581e-06 -3.85403617e-07  8.72070784e-01  2.14754786e-03
   1.70076041e-05 -1.17665209e-04  3.20892773e-05 -6.32076224e-06]
 [ 1.50942818e-02  1.12393912e-02  1.59705596e-02  7.95827223e-08
  -1.98213877e-06 -3.93707618e-07  8.64640134e-01  2.13992646e-03
   1.92266579e-05 -1.20452699e-04  3.36039269e-05 -6.62723714e-06]
 [ 1.56767553e-02  1.16747970e-02  1.66197757e-02 -9.79688979e-07
  -3.96414105e-06 -3.16599176e-07  8.60098243e-01  2.15631002e-03
   1.84352052e-05 -1.15922863e-04  3.49213434e-05 -6.54509995e-06]
 [ 1.63046580e-02  1.21768261e-02  1.72840636e-02 -6.37388596e-06
  -6.67625075e-07 -2.65066730e-07  8.56383314e-01  2.17269794e-03
   2.13951434e-05 -1.15675119e-04  3.66254807e-05 -6.81149967e-06]
 [ 1.66958480e-02  1.26019996e-02  1.78512183e-02 -5.79011542e-06
  -2.29702737e-06 -2.08116801e-07  8.54039334e-01  2.21627896e-03
   2.31763627e-05 -1.18233097e-04  3.79770805e-05 -7.06492949e-06]
 [ 1.72713070e-02  1.30904865e-02  1.83474836e-02 -6.76527331e-06
  -3.30421928e-06 -1.92877182e-07  8.52147784e-01  2.23445587e-03
   2.11660087e-05 -1.13463615e-04  3.94755938e-05 -7.04366643e-06]
 [ 1.76995845e-02  1.35224758e-02  1.88131212e-02 -9.80191345e-06
  -3.17794281e-06 -2.16916778e-07  8.50644031e-01  2.27825896e-03
   2.25940888e-05 -1.07906998e-04  4.08498977e-05 -6.76473823e-06]]
std error:
[[5.41521844e-05 4.58395054e-05 1.35383262e-04 1.94590836e-06
  1.09822785e-06 1.38675779e-07 2.94461978e-04 1.17696005e-05
  3.96849269e-07 8.06541830e-06 3.13980505e-07 4.18825864e-07]
 [3.80924194e-05 9.89129704e-05 1.34324675e-04 2.34897807e-06
  1.71766431e-06 7.01403384e-08 3.04130564e-04 1.90275982e-05
  1.20305398e-06 4.42800098e-06 3.52588308e-07 2.75547807e-07]
 [6.23731239e-05 5.71899208e-05 4.91432324e-05 1.26096517e-06
  2.28078856e-06 1.03843742e-07 9.62165800e-05 1.35449521e-05
  5.74921363e-07 4.25362041e-06 3.35593089e-07 2.44844603e-07]
 [8.77092373e-05 7.31333317e-05 1.34492528e-04 4.03209794e-06
  7.77428281e-07 9.70199440e-08 3.73112765e-04 7.90314256e-06
  1.13152600e-06 4.20617298e-06 1.81546132e-07 3.01159574e-07]
 [1.00688391e-04 2.35310472e-05 5.46891793e-05 3.39642413e-06
  8.33845791e-07 8.78529072e-08 3.29720756e-04 3.69703197e-06
  5.39240066e-07 6.24776455e-06 1.88708744e-07 3.68569686e-07]
 [8.23257717e-05 9.59184450e-05 8.12102835e-05 3.74675004e-06
  1.76588079e-06 9.25423639e-08 4.05279649e-04 7.63859619e-06
  8.13897511e-07 1.46328974e-06 4.08708596e-07 1.07024675e-07]
 [9.89970512e-05 5.31294413e-05 8.15790448e-05 1.81457021e-06
  1.50369711e-06 8.34691534e-08 9.52492746e-05 1.67407797e-05
  4.99327068e-07 2.60104355e-06 3.40443388e-07 1.48432057e-07]]
Done!, time = 3.959902763366699s
