Begin!
Data shape = (250000, 5)
Begin sort function!
In centrality 0
In centrality 1
In centrality 2
In centrality 3
In centrality 4
In centrality 5
In centrality 6
end function sorter
Data shape = (250000, 5)
Begin sort function!
In centrality 0
In centrality 1
In centrality 2
In centrality 3
In centrality 4
In centrality 5
In centrality 6
end function sorter
Data shape = (250000, 5)
Begin sort function!
In centrality 0
In centrality 1
In centrality 2
In centrality 3
In centrality 4
In centrality 5
In centrality 6
end function sorter
Data shape = (250000, 5)
Begin sort function!
In centrality 0
In centrality 1
In centrality 2
In centrality 3
In centrality 4
In centrality 5
In centrality 6
end function sorter
Final results shape = (4, 7, 12)
mean value:
[[ 1.37787802e-02  1.09429294e-02  1.61645828e-02  1.75412846e-06
  -1.90215635e-07 -3.04282002e-07  8.01131605e-01  4.16444530e-03
   1.11673482e-04 -8.09079901e-05  5.57111132e-05 -4.23189798e-06]
 [ 1.45334821e-02  1.15777291e-02  1.72908628e-02 -1.66477617e-07
  -2.12888786e-06 -1.85880053e-07  7.85404300e-01  3.97468354e-03
   1.10637772e-04 -7.34039498e-05  5.71271324e-05 -4.02917334e-06]
 [ 1.53880166e-02  1.21043455e-02  1.79691601e-02 -5.29517152e-06
  -1.26724778e-06 -2.63288075e-07  7.76641980e-01  4.00621631e-03
   1.07903257e-04 -8.29121959e-05  6.13140031e-05 -4.67460315e-06]
 [ 1.60416301e-02  1.26724889e-02  1.86036793e-02 -6.98083364e-06
  -3.54854972e-06 -3.13397313e-07  7.68830470e-01  4.04219333e-03
   1.11983318e-04 -8.24655048e-05  6.44959661e-05 -4.70625863e-06]
 [ 1.63974213e-02  1.31620940e-02  1.91371074e-02 -1.25236844e-05
  -1.99695029e-06 -2.25807849e-07  7.63426113e-01  4.06559741e-03
   1.18827668e-04 -8.71532280e-05  6.61768906e-05 -5.07378614e-06]
 [ 1.68888862e-02  1.35767244e-02  1.96620955e-02 -1.46540541e-05
  -3.56921484e-06 -2.39698993e-07  7.59558958e-01  4.22013955e-03
   1.32834627e-04 -7.67173285e-05  7.04147914e-05 -4.42133953e-06]
 [ 1.73128218e-02  1.40229086e-02  2.00630507e-02 -1.31772397e-05
  -5.11847497e-06 -1.51663763e-07  7.56194815e-01  4.26327128e-03
   1.24573365e-04 -8.30582434e-05  7.33525701e-05 -5.09213784e-06]]
std error:
[[5.64906101e-05 9.32810194e-05 6.77268785e-05 3.86481701e-06
  1.61189490e-06 1.05465837e-07 7.13600675e-04 4.17994552e-05
  3.56234336e-06 9.82444280e-06 1.20945173e-06 7.71817801e-07]
 [8.87651285e-05 6.34538534e-05 2.21573629e-04 1.11305559e-06
  1.84031571e-06 2.71440321e-08 5.23113711e-04 5.69491473e-05
  9.39795773e-06 5.96263343e-06 1.09925760e-06 4.53754671e-07]
 [7.38370015e-05 8.36501708e-05 7.82747826e-05 3.41697209e-07
  3.33992044e-06 8.12880281e-08 3.79095052e-04 3.02451311e-05
  4.76383519e-06 1.01578124e-05 6.52982644e-07 6.98028389e-07]
 [1.02502747e-04 2.30673890e-05 1.63176758e-04 1.48075347e-06
  1.17847031e-06 9.14689535e-08 3.17972384e-04 2.48392068e-05
  2.98704922e-06 5.45362239e-06 9.36623001e-07 4.14206417e-07]
 [9.19956075e-05 2.33010769e-05 7.65175986e-05 2.60911202e-06
  1.67056508e-06 1.09573207e-07 7.31822582e-05 4.24594375e-05
  4.60390900e-06 4.48845973e-06 1.19172006e-06 4.08276328e-07]
 [4.25874224e-05 7.23452367e-05 1.08115693e-04 1.21985256e-06
  1.60076830e-06 6.40615483e-08 1.89192883e-04 1.52668930e-05
  7.77920846e-06 6.36255932e-06 4.06214881e-07 5.11050213e-07]
 [8.47773976e-05 7.31222513e-05 5.30274526e-05 4.60080158e-06
  2.17521407e-06 1.27958599e-07 2.48432959e-04 4.04514616e-05
  3.22293292e-06 4.67002472e-06 3.22956801e-07 4.36833198e-07]]
Done!, time = 4.706820964813232s
