Begin!
Data shape = (250000, 5)
Begin sort function!
In centrality 0
In centrality 1
In centrality 2
In centrality 3
In centrality 4
In centrality 5
In centrality 6
end function sorter
Data shape = (250000, 5)
Begin sort function!
In centrality 0
In centrality 1
In centrality 2
In centrality 3
In centrality 4
In centrality 5
In centrality 6
end function sorter
Data shape = (250000, 5)
Begin sort function!
In centrality 0
In centrality 1
In centrality 2
In centrality 3
In centrality 4
In centrality 5
In centrality 6
end function sorter
Data shape = (250000, 5)
Begin sort function!
In centrality 0
In centrality 1
In centrality 2
In centrality 3
In centrality 4
In centrality 5
In centrality 6
end function sorter
Final results shape = (4, 7, 12)
mean value:
[[ 1.71370573e-02  1.10185496e-02  1.55981548e-02  3.53018243e-05
  -2.00860978e-06 -1.50232540e-06  8.27935098e-01  1.96770443e-03
   1.38365649e-05 -2.04559847e-04  3.67726708e-05 -1.35122441e-05]
 [ 1.85344665e-02  1.13574964e-02  1.63367640e-02  2.04225649e-05
  -2.17700558e-06 -1.40179758e-06  8.19717815e-01  1.93740729e-03
   1.36109145e-05 -2.06571159e-04  3.80923250e-05 -1.40822704e-05]
 [ 1.96567972e-02  1.19381196e-02  1.70244428e-02  5.17556031e-06
  -1.86943424e-06 -1.43720824e-06  8.14007560e-01  1.97458408e-03
   1.65138033e-05 -2.15677732e-04  4.11301252e-05 -1.49844712e-05]
 [ 2.04013035e-02  1.24256372e-02  1.76615149e-02 -1.03340847e-06
  -2.68896914e-06 -1.27178427e-06  8.09839709e-01  1.98393238e-03
   1.76097645e-05 -2.13674264e-04  4.24671082e-05 -1.53455692e-05]
 [ 2.09758944e-02  1.28646314e-02  1.83299402e-02 -9.21853996e-06
  -2.74338543e-06 -9.22046548e-07  8.06986077e-01  2.02811685e-03
   1.91227308e-05 -2.17264033e-04  4.43556707e-05 -1.60252555e-05]
 [ 2.15226365e-02  1.33320037e-02  1.89266711e-02 -1.43284502e-05
  -3.22422189e-06 -9.79173994e-07  8.04648969e-01  2.05789125e-03
   1.90930195e-05 -2.11830679e-04  4.60859915e-05 -1.58893118e-05]
 [ 2.21870276e-02  1.37438861e-02  1.93201411e-02 -2.19797053e-05
  -4.39842664e-06 -7.81946460e-07  8.02766794e-01  2.07200240e-03
   2.08553170e-05 -2.06826654e-04  4.73404858e-05 -1.58753200e-05]]
std error:
[[1.21333480e-04 1.08214613e-04 3.01303472e-05 3.56331658e-06
  9.94294840e-07 1.33506419e-07 4.34823039e-04 1.51045986e-05
  9.31665819e-07 5.12202643e-06 4.85673278e-07 3.48118687e-07]
 [2.27382490e-04 1.10064101e-04 8.56126493e-05 5.62920888e-06
  1.02877689e-06 1.75733710e-07 2.85729450e-04 2.46970722e-05
  1.03851319e-06 7.16373788e-06 7.84811148e-07 6.34098707e-07]
 [5.55516743e-05 7.51185306e-05 2.30385045e-04 2.23879516e-06
  1.01896388e-06 1.26665778e-07 4.26587153e-04 1.13512009e-05
  2.50545185e-06 1.38315511e-06 3.77300243e-07 4.55300736e-07]
 [9.49115058e-05 6.54348451e-05 1.14961544e-04 5.61803192e-06
  1.61796631e-06 1.13990559e-07 2.15594064e-04 1.72829984e-05
  2.16900824e-06 8.33803404e-06 5.37295199e-07 9.44819900e-07]
 [1.15853785e-04 7.99793673e-05 8.02881095e-05 1.06499907e-06
  1.38281041e-06 2.23221909e-07 2.76955608e-04 1.83334951e-05
  1.47775211e-06 3.50429202e-06 2.10171010e-07 2.92475146e-07]
 [6.66415159e-05 3.81360584e-05 5.34683144e-05 1.64492335e-06
  2.05346156e-06 1.58127654e-07 1.27603207e-04 7.85657629e-06
  1.39802533e-06 6.25940404e-06 4.14591692e-07 3.55598522e-07]
 [5.71522343e-05 7.70335153e-05 7.19511161e-05 8.02791646e-06
  2.66047444e-06 2.78553759e-07 2.31130492e-04 2.51988550e-05
  1.05394187e-06 3.04232446e-06 9.21562951e-07 5.71620632e-07]]
Done!, time = 4.071378469467163s
