Begin!
Data shape = (250000, 5)
Begin sort function!
In centrality 0
In centrality 1
In centrality 2
In centrality 3
In centrality 4
In centrality 5
In centrality 6
end function sorter
Data shape = (250000, 5)
Begin sort function!
In centrality 0
In centrality 1
In centrality 2
In centrality 3
In centrality 4
In centrality 5
In centrality 6
end function sorter
Data shape = (250000, 5)
Begin sort function!
In centrality 0
In centrality 1
In centrality 2
In centrality 3
In centrality 4
In centrality 5
In centrality 6
end function sorter
Data shape = (250000, 5)
Begin sort function!
In centrality 0
In centrality 1
In centrality 2
In centrality 3
In centrality 4
In centrality 5
In centrality 6
end function sorter
Final results shape = (4, 7, 12)
mean value:
[[ 1.15203563e-02  9.58540164e-03  1.38956986e-02  8.56106438e-06
   3.75416952e-07 -3.05047256e-07  9.18346833e-01  9.12509858e-04
  -1.28137585e-06 -8.33903389e-05  1.18548749e-05 -3.67661502e-06]
 [ 1.23830751e-02  1.01483137e-02  1.45870428e-02  7.71904602e-06
  -2.71889434e-07 -2.45957928e-07  9.15286634e-01  9.39986410e-04
  -1.57269763e-07 -8.52092709e-05  1.27647219e-05 -3.88655301e-06]
 [ 1.28948318e-02  1.07525006e-02  1.53007477e-02  2.14896027e-06
   3.71039758e-07 -2.27176254e-07  9.13892818e-01  9.53179173e-04
   2.23678801e-07 -7.90042051e-05  1.32931604e-05 -3.70938087e-06]
 [ 1.35978925e-02  1.13611567e-02  1.58628056e-02  1.51431137e-06
  -3.59171017e-07 -1.67651597e-07  9.12930838e-01  9.78206396e-04
   1.15642921e-06 -7.70218493e-05  1.41815921e-05 -3.86146541e-06]
 [ 1.42077634e-02  1.20771073e-02  1.66006989e-02 -1.33075291e-06
  -1.71042369e-07 -1.92887809e-07  9.12188776e-01  1.00615298e-03
   1.82252140e-06 -7.13592774e-05  1.50349715e-05 -3.66816343e-06]
 [ 1.49317240e-02  1.28115450e-02  1.70817653e-02 -4.40914311e-06
  -1.58098492e-06 -1.62151370e-07  9.11954972e-01  1.03435591e-03
   1.76081605e-06 -6.94372921e-05  1.63227703e-05 -3.77991143e-06]
 [ 1.55952978e-02  1.34071174e-02  1.75702712e-02 -4.55541034e-06
  -3.02465953e-06 -8.69187952e-08  9.11769311e-01  1.04917877e-03
   2.40855803e-06 -6.19229087e-05  1.71278852e-05 -3.63029062e-06]]
std error:
[[9.42345587e-05 6.54697768e-05 5.67058115e-05 2.52980765e-06
  3.06714596e-06 9.14529330e-08 2.88666188e-04 1.40508117e-05
  2.97183352e-07 2.23337283e-06 1.23083824e-07 1.01166662e-07]
 [1.08539086e-04 1.29022713e-04 4.72952142e-05 2.19207488e-06
  8.56337210e-07 8.27741376e-08 4.66767922e-05 1.89109151e-06
  7.57288225e-07 2.37520111e-06 1.58342176e-07 1.45703654e-07]
 [2.91791487e-05 9.56887051e-05 6.14361102e-05 1.62184237e-06
  1.31662574e-06 8.02110137e-08 2.15903043e-04 3.29860992e-06
  3.99586188e-07 2.70884531e-06 8.95888749e-08 1.66426066e-07]
 [8.63872402e-05 2.05228944e-05 6.67831783e-05 1.06886739e-06
  1.73533579e-06 9.21791292e-08 1.64982516e-04 5.25737368e-06
  3.87307340e-07 2.16184370e-06 1.62789242e-07 1.36345720e-07]
 [6.41115432e-05 8.21246795e-05 7.35139064e-05 1.41203399e-06
  1.92512888e-06 4.48657049e-08 9.20963605e-05 5.26660503e-06
  8.81939237e-07 1.42073627e-06 1.29808825e-07 1.03312182e-07]
 [8.73078884e-05 8.45752281e-05 1.16029095e-04 2.26443907e-06
  1.71199798e-06 1.52203364e-07 1.62367700e-04 5.68515503e-06
  3.54899612e-07 1.97873804e-06 1.77981522e-07 1.88580190e-07]
 [1.28554255e-04 5.62524709e-05 8.13378841e-05 2.25175133e-06
  2.08749536e-06 5.38373265e-08 1.35274223e-04 2.53311808e-06
  7.77919809e-07 1.94746233e-06 1.16221876e-07 1.16537921e-07]]
Done!, time = 4.182727098464966s
