Begin!
Data shape = (250000, 5)
Begin sort function!
In centrality 0
In centrality 1
In centrality 2
In centrality 3
In centrality 4
In centrality 5
In centrality 6
end function sorter
Data shape = (250000, 5)
Begin sort function!
In centrality 0
In centrality 1
In centrality 2
In centrality 3
In centrality 4
In centrality 5
In centrality 6
end function sorter
Data shape = (250000, 5)
Begin sort function!
In centrality 0
In centrality 1
In centrality 2
In centrality 3
In centrality 4
In centrality 5
In centrality 6
end function sorter
Data shape = (250000, 5)
Begin sort function!
In centrality 0
In centrality 1
In centrality 2
In centrality 3
In centrality 4
In centrality 5
In centrality 6
end function sorter
Final results shape = (4, 7, 12)
mean value:
[[ 1.18012744e-02  9.92094951e-03  1.43091490e-02  5.11194358e-06
  -2.85369394e-06 -1.95352793e-07  8.72163163e-01  2.32391918e-03
   2.87643836e-05 -6.92543520e-05  2.81151145e-05 -3.09276762e-06]
 [ 1.27125265e-02  1.05208542e-02  1.51307421e-02  3.38457141e-06
  -1.80026439e-06 -2.62664821e-07  8.64712012e-01  2.28527062e-03
   2.61097914e-05 -6.94831544e-05  2.96729014e-05 -3.34431324e-06]
 [ 1.32675023e-02  1.11184201e-02  1.58522430e-02  1.59307936e-07
  -2.07151992e-07 -1.45877021e-07  8.60517490e-01  2.31164364e-03
   2.84359770e-05 -6.79013962e-05  3.10986523e-05 -3.31771648e-06]
 [ 1.39520167e-02  1.17103747e-02  1.64280102e-02 -5.42718328e-07
  -2.11257311e-07 -1.05568090e-07  8.57415755e-01  2.36700349e-03
   3.09703602e-05 -6.99419884e-05  3.36925712e-05 -3.59757525e-06]
 [ 1.45159390e-02  1.23160803e-02  1.70325712e-02 -3.35176686e-06
  -7.85813556e-07 -1.71916266e-07  8.55349802e-01  2.36833528e-03
   3.10637802e-05 -6.78350769e-05  3.49614061e-05 -3.52786751e-06]
 [ 1.51586436e-02  1.28846778e-02  1.75573803e-02 -3.81292236e-06
  -2.42411712e-06 -1.74123722e-07  8.53821112e-01  2.42142372e-03
   3.16845925e-05 -6.54125703e-05  3.73496365e-05 -3.45916432e-06]
 [ 1.57333337e-02  1.34920646e-02  1.79177536e-02 -4.70300167e-06
  -4.65147841e-06 -8.93722417e-08  8.53264055e-01  2.45317173e-03
   2.98314318e-05 -6.29391483e-05  3.93951053e-05 -3.59644268e-06]]
std error:
[[5.82849990e-05 8.60481008e-05 1.40061021e-04 1.49475210e-06
  9.40062961e-07 3.80644373e-08 3.82920675e-04 3.03544701e-05
  3.46463613e-06 3.33467724e-06 6.59518138e-07 1.71595683e-07]
 [1.04987378e-04 1.00602104e-04 2.38717678e-04 1.50266598e-06
  6.05773474e-07 4.67251951e-08 1.42545202e-04 3.00997924e-05
  1.48992194e-06 4.10040619e-06 7.00072599e-07 2.58148312e-07]
 [8.55199188e-05 4.03309148e-05 7.55150384e-05 1.10755807e-06
  7.88513938e-07 4.84377117e-08 2.99567059e-04 1.18915275e-05
  1.06112991e-06 4.09811207e-06 2.77986208e-07 2.03822637e-07]
 [5.58118260e-05 7.32562462e-05 1.25399014e-04 1.83606360e-06
  5.92129279e-07 8.30185565e-08 3.99161079e-04 1.29661131e-05
  1.54475867e-06 4.80432651e-06 4.85044572e-07 2.97562627e-07]
 [1.14613077e-04 4.69513069e-05 1.18984608e-04 1.21471963e-06
  1.06652474e-06 5.00954956e-08 5.36124750e-04 1.24597339e-05
  2.04094147e-06 5.99949166e-06 4.79235904e-07 3.30522893e-07]
 [2.33980050e-05 5.11575764e-05 1.12723690e-04 2.90433901e-07
  1.84991060e-06 6.25166543e-08 2.95431814e-04 2.56657030e-05
  2.53841902e-06 2.62298227e-06 5.63141758e-07 1.80017801e-07]
 [1.25857572e-04 3.59568437e-05 5.69326542e-05 2.89611236e-06
  2.73147878e-06 8.69843390e-08 9.57739648e-05 9.60258410e-06
  6.92684285e-07 6.54023966e-06 5.13058794e-07 4.35360219e-07]]
Done!, time = 4.275462865829468s
