Begin!
Data shape = (250000, 5)
Begin sort function!
In centrality 0
In centrality 1
In centrality 2
In centrality 3
In centrality 4
In centrality 5
In centrality 6
end function sorter
Data shape = (250000, 5)
Begin sort function!
In centrality 0
In centrality 1
In centrality 2
In centrality 3
In centrality 4
In centrality 5
In centrality 6
end function sorter
Data shape = (250000, 5)
Begin sort function!
In centrality 0
In centrality 1
In centrality 2
In centrality 3
In centrality 4
In centrality 5
In centrality 6
end function sorter
Data shape = (250000, 5)
Begin sort function!
In centrality 0
In centrality 1
In centrality 2
In centrality 3
In centrality 4
In centrality 5
In centrality 6
end function sorter
Final results shape = (4, 7, 12)
mean value:
[[ 1.32891164e-02  9.65131153e-03  1.47853326e-02  4.70996852e-05
   5.25637540e-07 -5.01448420e-07  8.57410685e-01  7.94584750e-04
  -5.89154494e-07 -1.44572140e-04  1.34394780e-05 -8.34973521e-06]
 [ 1.47034309e-02  1.03618361e-02  1.59414737e-02  3.85162065e-05
  -2.78350964e-07 -5.28921509e-07  8.54710615e-01  8.11230884e-04
   6.09707353e-07 -1.46835210e-04  1.43777660e-05 -8.78731658e-06]
 [ 1.56960210e-02  1.10203100e-02  1.68073068e-02  3.26041455e-05
   7.05382536e-07 -8.31368435e-07  8.53043408e-01  8.19240685e-04
   1.21946489e-06 -1.48313852e-04  1.50948485e-05 -9.23796734e-06]
 [ 1.66934143e-02  1.18771943e-02  1.76028964e-02  2.85033919e-05
   9.65240762e-07 -7.43952273e-07  8.51892059e-01  8.41850932e-04
   2.32469562e-06 -1.51322668e-04  1.61408678e-05 -9.90841066e-06]
 [ 1.77036330e-02  1.27181334e-02  1.83163617e-02  2.09382174e-05
   3.72164106e-07 -5.27484054e-07  8.51013633e-01  8.63723436e-04
   2.90866601e-06 -1.49630541e-04  1.72604402e-05 -1.02508031e-05]
 [ 1.84798073e-02  1.34822403e-02  1.90110263e-02  1.50959333e-05
  -1.38300131e-06 -5.32452735e-07  8.50670099e-01  8.82865615e-04
   2.99739125e-06 -1.46147687e-04  1.81875630e-05 -1.03958162e-05]
 [ 1.94902571e-02  1.43119941e-02  1.93104484e-02  9.04211679e-06
  -3.12642731e-06 -7.10900682e-07  8.50022343e-01  9.01388544e-04
   3.26066820e-06 -1.44653665e-04  1.95147081e-05 -1.08015670e-05]]
std error:
[[1.58058995e-04 4.44963035e-05 1.33175972e-04 6.27118102e-06
  1.59201697e-06 2.03261753e-07 2.98881782e-04 1.18634903e-05
  4.26046481e-07 7.77999348e-06 6.08586124e-07 6.24422152e-07]
 [9.45478370e-05 7.15893107e-05 1.74051246e-04 2.24313512e-06
  9.06868579e-07 2.57710637e-07 1.77821511e-04 1.84956200e-05
  4.40715799e-07 4.78867605e-06 5.07272606e-07 3.38541331e-07]
 [1.64573090e-04 6.63219354e-05 1.30882319e-04 2.00046953e-06
  1.80655197e-06 1.07926916e-07 6.22698845e-05 9.11725634e-06
  1.87889414e-07 2.45858964e-06 2.40085644e-07 3.60902441e-07]
 [3.43999776e-05 7.29418407e-05 5.37413130e-05 5.34728563e-06
  9.80306985e-07 1.49701794e-07 1.77537213e-04 7.03050446e-06
  2.37552381e-07 2.33224464e-06 2.01269369e-07 2.69541820e-07]
 [1.01793304e-04 2.14448525e-05 6.68750924e-05 2.01347296e-06
  9.96971254e-07 2.07594244e-07 1.23285918e-04 6.98648230e-06
  5.81953267e-07 1.24395345e-06 1.09550397e-07 1.10790287e-07]
 [1.14815696e-04 2.17850277e-05 8.44901103e-05 5.14970249e-06
  1.24879842e-06 2.03817561e-07 2.13027723e-04 3.22729086e-06
  2.21187390e-07 3.09537080e-06 3.20580827e-07 1.74267199e-07]
 [1.00727413e-04 7.05890280e-05 1.03123708e-04 5.64432440e-06
  5.89415940e-07 5.07571054e-08 2.69443809e-04 4.01024002e-06
  4.71439836e-07 4.01697452e-06 4.26209106e-07 5.06444153e-07]]
Done!, time = 4.175241708755493s
