Begin!
Data shape = (250000, 5)
Begin sort function!
In centrality 0
In centrality 1
In centrality 2
In centrality 3
In centrality 4
In centrality 5
In centrality 6
end function sorter
Data shape = (250000, 5)
Begin sort function!
In centrality 0
In centrality 1
In centrality 2
In centrality 3
In centrality 4
In centrality 5
In centrality 6
end function sorter
Data shape = (250000, 5)
Begin sort function!
In centrality 0
In centrality 1
In centrality 2
In centrality 3
In centrality 4
In centrality 5
In centrality 6
end function sorter
Data shape = (250000, 5)
Begin sort function!
In centrality 0
In centrality 1
In centrality 2
In centrality 3
In centrality 4
In centrality 5
In centrality 6
end function sorter
Final results shape = (4, 7, 12)
mean value:
[[ 1.69152256e-02  9.71942509e-03  1.47892695e-02  3.52525436e-05
   7.06886119e-07 -2.30936086e-06  8.74478206e-01  2.61502479e-03
   2.66395594e-05 -2.29145500e-04  4.80810513e-05 -1.43344129e-05]
 [ 1.86764104e-02  1.04658457e-02  1.60801459e-02  1.34795434e-05
   1.35956415e-06 -1.99989358e-06  8.65613250e-01  2.67504370e-03
   3.52710115e-05 -2.36675435e-04  5.26340572e-05 -1.57026341e-05]
 [ 1.94956929e-02  1.11791036e-02  1.71388490e-02 -9.43214487e-07
   5.49514701e-07 -1.67416477e-06  8.60288028e-01  2.67715019e-03
   3.28756368e-05 -2.30688734e-04  5.43438904e-05 -1.54041723e-05]
 [ 2.05312305e-02  1.20273557e-02  1.79201947e-02 -1.10222472e-05
   2.17409190e-06 -1.62773232e-06  8.56564109e-01  2.72523494e-03
   3.76091320e-05 -2.25468605e-04  5.76661788e-05 -1.55100114e-05]
 [ 2.12847677e-02  1.28162265e-02  1.86328072e-02 -1.57936445e-05
  -1.75355625e-06 -1.04215753e-06  8.53952703e-01  2.77503136e-03
   4.20387522e-05 -2.20503302e-04  6.05278994e-05 -1.57783158e-05]
 [ 2.20108496e-02  1.35871337e-02  1.91304810e-02 -2.00236747e-05
   8.94518070e-07 -1.13369228e-06  8.52733736e-01  2.85373330e-03
   4.31120556e-05 -2.23550111e-04  6.41762772e-05 -1.64869688e-05]
 [ 2.27518677e-02  1.44545778e-02  1.97829067e-02 -2.20048161e-05
  -3.03400018e-06 -1.19070601e-06  8.51874322e-01  2.86732172e-03
   4.11484708e-05 -2.09767725e-04  6.64803504e-05 -1.62135362e-05]]
std error:
[[8.39564711e-05 1.19015930e-04 7.61544629e-05 1.57603060e-06
  1.93806381e-06 9.16895603e-08 3.93391477e-04 2.35633476e-05
  3.39542675e-06 1.02554760e-05 9.35602821e-07 7.47064497e-07]
 [1.57727494e-04 1.02089472e-04 9.39985849e-05 4.76136177e-06
  2.25493621e-06 1.54372685e-07 3.54936607e-04 3.77211543e-05
  2.48751614e-06 1.21725190e-05 1.55391508e-06 1.18967002e-06]
 [1.12060140e-04 6.61023408e-05 7.42497257e-05 3.97587753e-06
  1.94479134e-06 1.32998392e-07 1.45591901e-04 1.09817664e-05
  1.67832569e-06 5.79394149e-06 7.76698674e-07 5.56039005e-07]
 [1.07478796e-04 6.79598278e-05 7.46951402e-05 4.72374822e-06
  5.51922647e-07 3.53329045e-07 2.17040337e-04 1.90289932e-05
  2.31781086e-06 6.68179797e-06 6.52213792e-07 3.79605764e-07]
 [9.52599610e-05 6.17628725e-05 6.41657772e-05 4.61560037e-06
  1.47908948e-06 3.03331787e-07 1.12583246e-04 1.85707414e-05
  1.31613646e-06 6.61894073e-06 7.67254586e-07 6.86326273e-07]
 [1.17286677e-04 9.45455260e-05 1.78471149e-04 5.54632844e-06
  9.71212090e-07 2.20204273e-07 3.80699710e-04 2.08300980e-05
  1.98329655e-06 5.36996691e-06 8.91643527e-07 4.99379626e-07]
 [5.26475852e-05 2.67203794e-05 8.82347014e-05 3.80196036e-06
  1.52138301e-06 1.27821784e-07 4.40610427e-04 2.15320729e-05
  1.13358045e-06 6.90321329e-06 7.20451969e-07 7.94868483e-07]]
Done!, time = 4.203031539916992s
