Begin!
Data shape = (250000, 5)
Begin sort function!
In centrality 0
In centrality 1
In centrality 2
In centrality 3
In centrality 4
In centrality 5
In centrality 6
end function sorter
Data shape = (250000, 5)
Begin sort function!
In centrality 0
In centrality 1
In centrality 2
In centrality 3
In centrality 4
In centrality 5
In centrality 6
end function sorter
Data shape = (250000, 5)
Begin sort function!
In centrality 0
In centrality 1
In centrality 2
In centrality 3
In centrality 4
In centrality 5
In centrality 6
end function sorter
Data shape = (250000, 5)
Begin sort function!
In centrality 0
In centrality 1
In centrality 2
In centrality 3
In centrality 4
In centrality 5
In centrality 6
end function sorter
Final results shape = (4, 7, 12)
mean value:
[[ 1.19471868e-02  9.76260867e-03  1.40178802e-02  4.86464903e-06
  -7.36030889e-08 -2.49817081e-07  9.32383629e-01  3.03776799e-03
   4.75697003e-05 -8.39270274e-05  3.68354119e-05 -3.73132277e-06]
 [ 1.26591894e-02  1.03073431e-02  1.47448863e-02  1.70226869e-06
  -1.73546542e-06 -1.39219043e-07  9.23872700e-01  3.01532522e-03
   4.87618906e-05 -7.91863613e-05  3.86535643e-05 -3.60015065e-06]
 [ 1.32517242e-02  1.08476828e-02  1.54777874e-02 -3.27121864e-07
  -9.88630771e-08 -1.46689380e-07  9.19833828e-01  3.07796119e-03
   5.07660800e-05 -7.71862046e-05  4.12922145e-05 -3.67478749e-06]
 [ 1.39123569e-02  1.15280640e-02  1.60329913e-02 -2.75194107e-06
  -1.25518499e-06 -1.83442708e-07  9.16446121e-01  3.11348289e-03
   5.38726201e-05 -7.14736198e-05  4.34209927e-05 -3.55867502e-06]
 [ 1.45337251e-02  1.21299958e-02  1.67123124e-02 -2.74852607e-06
   2.38897939e-07 -1.76815577e-07  9.14739782e-01  3.16839528e-03
   5.25752391e-05 -6.80956985e-05  4.64882647e-05 -3.34433519e-06]
 [ 1.51698857e-02  1.27767637e-02  1.72256877e-02 -2.87841533e-06
  -5.12792231e-07 -1.00588715e-07  9.13319141e-01  3.15986457e-03
   4.99345889e-05 -6.65728131e-05  4.84321895e-05 -3.55217454e-06]
 [ 1.58989709e-02  1.34714392e-02  1.76828213e-02 -5.02523434e-06
  -2.49680684e-06 -1.26593533e-07  9.13497054e-01  3.28691162e-03
   5.66991408e-05 -6.52769166e-05  5.26679140e-05 -3.59926926e-06]]
std error:
[[1.13811286e-04 8.08663803e-05 1.43427387e-04 1.97658565e-06
  2.18129590e-06 4.40768681e-08 3.35026166e-04 3.63551810e-05
  2.77560533e-06 7.06190378e-06 3.94703915e-07 3.03957909e-07]
 [1.10726316e-04 1.28215766e-04 1.46456874e-04 3.31262525e-06
  1.56313587e-06 7.38914749e-08 6.70118453e-04 1.58708695e-05
  1.37631094e-06 3.39024969e-06 4.43938328e-07 2.00792188e-07]
 [1.05683197e-04 3.72209601e-05 1.52649874e-04 1.29573362e-06
  2.16314069e-06 7.48978409e-08 4.14905189e-04 3.40726689e-05
  2.84641883e-06 3.83416606e-06 7.25015232e-07 3.33615347e-07]
 [4.65669765e-05 6.54964964e-05 7.45818664e-05 1.94452024e-06
  9.33851276e-07 1.34164575e-08 3.30102582e-04 8.34945593e-06
  8.24815481e-07 3.94429329e-06 8.55491747e-07 2.79945669e-07]
 [9.23125505e-05 3.10180484e-05 1.23047606e-04 1.01442346e-06
  4.69864349e-07 1.04380916e-07 1.92562721e-04 3.77819672e-05
  3.62819941e-06 8.35603385e-06 3.16569771e-07 2.97238529e-07]
 [8.61087659e-05 2.91827877e-05 9.91732049e-05 8.31210399e-07
  1.00973131e-06 5.88923045e-08 2.65441325e-04 2.55711995e-05
  2.02014153e-06 5.42814399e-06 6.79772163e-07 3.69005682e-07]
 [4.58145096e-05 7.95123720e-05 1.92455514e-04 1.40632269e-06
  2.18871775e-06 9.62353505e-08 3.81435756e-04 2.35422037e-05
  4.70180450e-06 4.35253253e-06 3.36680510e-07 3.88516202e-07]]
Done!, time = 4.2748517990112305s
