Begin!
Data shape = (250000, 5)
Begin sort function!
In centrality 0
In centrality 1
In centrality 2
In centrality 3
In centrality 4
In centrality 5
In centrality 6
end function sorter
Data shape = (250000, 5)
Begin sort function!
In centrality 0
In centrality 1
In centrality 2
In centrality 3
In centrality 4
In centrality 5
In centrality 6
end function sorter
Data shape = (250000, 5)
Begin sort function!
In centrality 0
In centrality 1
In centrality 2
In centrality 3
In centrality 4
In centrality 5
In centrality 6
end function sorter
Data shape = (250000, 5)
Begin sort function!
In centrality 0
In centrality 1
In centrality 2
In centrality 3
In centrality 4
In centrality 5
In centrality 6
end function sorter
Final results shape = (4, 7, 12)
mean value:
[[ 1.73303850e-02  1.09271874e-02  1.55228334e-02  6.69627564e-05
  -1.16598870e-06 -1.39020368e-06  8.29464973e-01  2.20789587e-03
   2.31836167e-05 -2.01246179e-04  4.10021266e-05 -1.44973876e-05]
 [ 1.92124044e-02  1.15101354e-02  1.63870908e-02  6.09595019e-05
  -6.25009740e-07 -1.94031127e-06  8.20357829e-01  2.17945113e-03
   2.47387311e-05 -2.26063388e-04  4.44197962e-05 -1.69868653e-05]
 [ 2.02065773e-02  1.19493793e-02  1.71004475e-02  4.97678696e-05
  -2.12374175e-06 -2.26235192e-06  8.14333734e-01  2.19306529e-03
   2.36320103e-05 -2.29900550e-04  4.66450175e-05 -1.77958859e-05]
 [ 2.12623525e-02  1.23454012e-02  1.78229466e-02  3.51236349e-05
  -3.17908917e-06 -2.15075634e-06  8.09283581e-01  2.22722796e-03
   2.68303554e-05 -2.38538433e-04  4.93566551e-05 -1.92128383e-05]
 [ 2.20495131e-02  1.28656760e-02  1.84648753e-02  3.03069548e-05
  -2.71300115e-06 -2.25530149e-06  8.06254998e-01  2.24162743e-03
   2.77469672e-05 -2.35278591e-04  5.13998599e-05 -1.92996921e-05]
 [ 2.26314648e-02  1.33398407e-02  1.89474971e-02  2.47195519e-05
  -3.62474158e-06 -1.85465932e-06  8.03592875e-01  2.27120718e-03
   2.81371931e-05 -2.36332319e-04  5.33698268e-05 -1.97951460e-05]
 [ 2.34004250e-02  1.37984833e-02  1.95471154e-02  2.17455482e-05
  -3.28972374e-06 -2.18887000e-06  8.01583572e-01  2.30234094e-03
   2.98989156e-05 -2.36306111e-04  5.53941656e-05 -2.02819370e-05]]
std error:
[[1.54239456e-04 1.62603223e-04 6.53848420e-05 3.45282693e-06
  7.16600828e-07 1.50198943e-07 5.05801761e-04 1.35336062e-05
  2.30125874e-06 7.82957274e-06 3.98270819e-07 5.69807059e-07]
 [2.87749681e-04 4.35717181e-05 1.38306086e-04 4.63657139e-06
  2.07760951e-06 3.66633039e-07 2.31490044e-04 2.54203427e-05
  1.06977285e-06 1.16844924e-05 1.32482456e-06 1.08000050e-06]
 [1.05706722e-04 5.12661033e-05 1.31060282e-04 2.52611975e-06
  4.66652161e-07 3.72854236e-07 2.10683673e-04 1.36403469e-05
  3.70469911e-07 8.04375673e-06 4.93411883e-07 8.51555895e-07]
 [5.70236353e-05 8.35025791e-06 5.72644136e-05 3.60426424e-06
  2.18426524e-07 9.10924088e-08 2.43144384e-04 1.77626196e-05
  9.23523055e-07 8.72712071e-06 3.05958087e-07 6.93479229e-07]
 [1.68208637e-04 6.95347586e-05 7.87855571e-05 4.28975122e-06
  1.68099832e-06 1.68330927e-07 1.23750028e-04 2.52969657e-05
  1.71181861e-06 2.49275555e-06 6.39826302e-07 3.78186080e-07]
 [1.28419800e-04 5.41727824e-05 6.32056340e-05 4.09950613e-06
  9.12940305e-07 2.62602251e-07 3.40141876e-04 3.19717806e-05
  1.62595325e-06 4.12490562e-06 4.17497293e-07 5.78071532e-07]
 [4.59212840e-05 4.33426337e-05 1.14947924e-04 5.09507356e-06
  1.86719762e-06 1.22161621e-07 1.68240844e-04 2.16643039e-05
  2.03387180e-06 1.02981768e-05 6.02078504e-07 1.20598222e-06]]
Done!, time = 3.9380147457122803s
