Begin!
Data shape = (250000, 5)
Begin sort function!
In centrality 0
In centrality 1
In centrality 2
In centrality 3
In centrality 4
In centrality 5
In centrality 6
end function sorter
Data shape = (250000, 5)
Begin sort function!
In centrality 0
In centrality 1
In centrality 2
In centrality 3
In centrality 4
In centrality 5
In centrality 6
end function sorter
Data shape = (250000, 5)
Begin sort function!
In centrality 0
In centrality 1
In centrality 2
In centrality 3
In centrality 4
In centrality 5
In centrality 6
end function sorter
Data shape = (250000, 5)
Begin sort function!
In centrality 0
In centrality 1
In centrality 2
In centrality 3
In centrality 4
In centrality 5
In centrality 6
end function sorter
Final results shape = (4, 7, 12)
mean value:
[[ 1.21287957e-02  1.13732068e-02  1.59987887e-02  1.29668283e-06
  -3.31769166e-06 -1.43803319e-07  8.04153470e-01  4.09059126e-03
   1.12748477e-04 -4.52973072e-05  4.98715343e-05 -2.12653467e-06]
 [ 1.27903237e-02  1.18346692e-02  1.67341123e-02 -1.93367880e-06
  -1.69083581e-06  4.68105419e-09  7.88097615e-01  3.91152953e-03
   1.07580047e-04 -3.64391801e-05  4.95857283e-05 -1.96586909e-06]
 [ 1.32915755e-02  1.22399317e-02  1.73246982e-02 -2.20998661e-06
  -3.80030271e-06 -1.05997110e-07  7.78621732e-01  3.87930177e-03
   1.08254645e-04 -3.99903839e-05  5.12360347e-05 -2.00583211e-06]
 [ 1.37697000e-02  1.26892060e-02  1.79442493e-02 -3.77773267e-06
  -3.35261077e-06 -1.07362187e-07  7.70900733e-01  3.91778329e-03
   1.12502429e-04 -3.62131367e-05  5.30612684e-05 -1.79995647e-06]
 [ 1.43359764e-02  1.30205951e-02  1.85145265e-02 -8.95473399e-06
  -5.13620789e-06 -3.71887544e-08  7.65629689e-01  3.95868471e-03
   1.15193702e-04 -3.73969520e-05  5.63345343e-05 -1.86261522e-06]
 [ 1.46643581e-02  1.34413861e-02  1.88532924e-02 -7.34241999e-06
  -3.15964595e-06 -2.33060655e-08  7.61521717e-01  4.03438943e-03
   1.18668245e-04 -3.49991539e-05  5.88473297e-05 -1.76892396e-06]
 [ 1.50703204e-02  1.38140159e-02  1.90234216e-02 -9.40029516e-06
  -8.33814328e-06 -1.12350358e-07  7.58359159e-01  4.12346675e-03
   1.22650859e-04 -3.70305421e-05  6.13754799e-05 -1.91481212e-06]]
std error:
[[6.75312154e-05 1.16769513e-04 1.27781774e-04 1.50781989e-06
  1.39949716e-06 3.14033027e-08 2.02068833e-04 2.29286595e-05
  3.33956089e-06 7.59800455e-06 6.83487497e-07 4.99242763e-07]
 [1.05978036e-04 1.32687386e-04 1.06975811e-04 2.04144595e-06
  1.11408333e-06 1.22833617e-07 4.13802705e-04 4.66459868e-05
  7.70516656e-06 5.24461105e-06 1.46344760e-06 2.40165998e-07]
 [1.02980911e-04 5.13766284e-05 7.38157341e-05 1.59985196e-06
  6.37184843e-07 2.76802911e-08 1.62645798e-04 3.83137905e-05
  4.94492692e-06 1.80486986e-06 2.67300987e-07 1.02359975e-07]
 [5.00678151e-05 8.16635395e-05 3.02285945e-05 3.25796921e-06
  1.45854655e-06 5.98437610e-08 3.99831871e-04 1.81989040e-05
  1.66770664e-06 6.18763624e-06 2.56729831e-07 3.84021247e-07]
 [6.90133019e-05 3.66079675e-05 1.25960952e-04 2.42440080e-06
  8.82133567e-07 3.53236544e-08 2.53411534e-04 1.34191875e-05
  3.61162293e-06 1.90729020e-06 5.71646360e-07 5.05704745e-08]
 [7.61808004e-05 6.35822709e-05 9.92866178e-05 2.11684040e-06
  1.92047352e-06 1.55527256e-07 1.21223986e-04 3.16532816e-05
  5.24233828e-06 7.57858290e-06 3.93334002e-07 4.29114327e-07]
 [4.47589029e-05 4.75416843e-05 1.09740798e-04 3.31029783e-06
  1.73509214e-06 1.13206344e-07 3.74482910e-04 5.38529263e-05
  5.39454363e-06 3.21194608e-06 8.13692389e-07 1.80490296e-07]]
Done!, time = 4.284737586975098s
