Begin!
Data shape = (250000, 5)
Begin sort function!
In centrality 0
In centrality 1
In centrality 2
In centrality 3
In centrality 4
In centrality 5
In centrality 6
end function sorter
Data shape = (250000, 5)
Begin sort function!
In centrality 0
In centrality 1
In centrality 2
In centrality 3
In centrality 4
In centrality 5
In centrality 6
end function sorter
Data shape = (250000, 5)
Begin sort function!
In centrality 0
In centrality 1
In centrality 2
In centrality 3
In centrality 4
In centrality 5
In centrality 6
end function sorter
Data shape = (250000, 5)
Begin sort function!
In centrality 0
In centrality 1
In centrality 2
In centrality 3
In centrality 4
In centrality 5
In centrality 6
end function sorter
Final results shape = (4, 7, 12)
mean value:
[[ 1.71729746e-02  1.06966149e-02  1.53882431e-02  7.21809058e-05
  -2.49337568e-06 -1.56668535e-06  8.67284583e-01  1.35268502e-03
   1.84750380e-06 -2.40015389e-04  2.74952536e-05 -1.69405464e-05]
 [ 1.86913898e-02  1.12199787e-02  1.62393365e-02  6.19985262e-05
  -1.87385078e-06 -1.60047786e-06  8.61391198e-01  1.34292094e-03
   3.00479838e-06 -2.42323653e-04  2.84041023e-05 -1.79683224e-05]
 [ 1.98060282e-02  1.16440057e-02  1.67390473e-02  5.05114473e-05
  -1.08525196e-06 -1.80642162e-06  8.57956812e-01  1.36658508e-03
   5.42314433e-06 -2.44062115e-04  2.97471868e-05 -1.85020486e-05]
 [ 2.08414107e-02  1.21275492e-02  1.74223238e-02  3.81116520e-05
  -3.62525318e-06 -1.94364421e-06  8.54841173e-01  1.37280196e-03
   5.62647599e-06 -2.46771125e-04  3.12605089e-05 -1.92117446e-05]
 [ 2.16334927e-02  1.25751384e-02  1.82206641e-02  2.78966661e-05
  -1.67369148e-06 -1.61807865e-06  8.52982835e-01  1.39645561e-03
   7.09456783e-06 -2.39890533e-04  3.25221926e-05 -1.91917158e-05]
 [ 2.21908204e-02  1.32083510e-02  1.87639688e-02  1.67540706e-05
  -2.80447914e-06 -1.64590620e-06  8.51304600e-01  1.42237720e-03
   7.96063481e-06 -2.37074710e-04  3.34915177e-05 -1.93294714e-05]
 [ 2.28906275e-02  1.36448082e-02  1.92998133e-02  1.43322487e-05
  -2.94906024e-06 -1.80054140e-06  8.49861406e-01  1.44215281e-03
   8.96873669e-06 -2.31573415e-04  3.43594190e-05 -1.92443022e-05]]
std error:
[[1.26504924e-04 4.82635720e-05 5.67439427e-05 3.80300905e-06
  1.64116886e-06 1.85522193e-07 1.72284084e-04 9.65269461e-06
  5.75832342e-07 3.76825599e-06 3.43111538e-07 2.41609677e-07]
 [1.18942894e-04 8.78952466e-05 1.59441001e-04 1.17765134e-05
  2.36440169e-06 3.41224980e-07 1.66944278e-04 2.55215583e-05
  8.67516583e-07 7.37462302e-06 2.01361993e-07 5.64056084e-07]
 [1.63647182e-04 8.73529434e-05 1.37749971e-04 7.04597197e-06
  3.68342842e-07 2.78773089e-07 6.67752541e-05 1.26720956e-05
  2.29974088e-07 3.90431809e-06 4.35087975e-07 4.12565955e-07]
 [1.20497175e-04 3.23540042e-05 7.00409993e-05 3.78337235e-06
  7.66548691e-07 2.61644791e-07 2.65854038e-04 5.71191765e-06
  3.45559655e-07 5.91840281e-06 2.18087451e-07 6.06482304e-07]
 [1.17507361e-04 3.08990156e-05 1.09741499e-04 3.65456476e-06
  1.25676721e-06 5.47776363e-07 1.28320954e-04 1.26350340e-05
  2.46767259e-07 5.66694126e-06 6.51348570e-07 6.91301857e-07]
 [1.41402348e-04 9.91415854e-05 1.69396932e-04 2.57241990e-06
  1.34218545e-06 2.22814893e-07 1.68552414e-04 1.06975319e-05
  8.08645098e-07 4.99019490e-06 1.48620023e-07 3.03520653e-07]
 [8.04458748e-05 5.11447881e-05 6.56004139e-05 5.53847938e-06
  2.19005041e-06 1.10121053e-07 2.38373273e-04 8.48445395e-06
  6.14247357e-07 5.23768078e-06 2.86320465e-07 6.62155057e-07]]
Done!, time = 4.513176918029785s
