Begin!
Data shape = (250000, 5)
Begin sort function!
In centrality 0
In centrality 1
In centrality 2
In centrality 3
In centrality 4
In centrality 5
In centrality 6
end function sorter
Data shape = (250000, 5)
Begin sort function!
In centrality 0
In centrality 1
In centrality 2
In centrality 3
In centrality 4
In centrality 5
In centrality 6
end function sorter
Data shape = (250000, 5)
Begin sort function!
In centrality 0
In centrality 1
In centrality 2
In centrality 3
In centrality 4
In centrality 5
In centrality 6
end function sorter
Data shape = (250000, 5)
Begin sort function!
In centrality 0
In centrality 1
In centrality 2
In centrality 3
In centrality 4
In centrality 5
In centrality 6
end function sorter
Final results shape = (4, 7, 12)
mean value:
[[ 1.37685732e-02  9.78732180e-03  1.51732289e-02  3.81368618e-05
   2.04314600e-07 -4.64542656e-07  8.71110926e-01  2.42590132e-03
   2.79557144e-05 -1.27497170e-04  3.48856199e-05 -7.41882153e-06]
 [ 1.52397253e-02  1.04838092e-02  1.61774909e-02  3.21559994e-05
   9.86386030e-07 -7.16579164e-07  8.63401817e-01  2.41841555e-03
   2.90373148e-05 -1.38484519e-04  3.84276564e-05 -8.59888265e-06]
 [ 1.62539640e-02  1.11425722e-02  1.69737877e-02  2.94853978e-05
   7.47331803e-07 -7.08523276e-07  8.58770996e-01  2.45248917e-03
   3.26688221e-05 -1.45409860e-04  4.12030729e-05 -9.37821887e-06]
 [ 1.72061331e-02  1.19425291e-02  1.78296349e-02  2.64178433e-05
   1.11712639e-06 -6.87219773e-07  8.55624790e-01  2.47912674e-03
   3.19522537e-05 -1.38420644e-04  4.40506611e-05 -9.35058886e-06]
 [ 1.80459058e-02  1.27639245e-02  1.83991760e-02  1.96081317e-05
   2.05570663e-06 -8.90121531e-07  8.53665033e-01  2.54204330e-03
   3.41554261e-05 -1.48224429e-04  4.71963834e-05 -1.03080704e-05]
 [ 1.87711314e-02  1.34207728e-02  1.90364333e-02  1.76828755e-05
  -2.17948002e-07 -9.72518077e-07  8.52333706e-01  2.58588188e-03
   3.70572473e-05 -1.44362548e-04  4.98619636e-05 -1.04183500e-05]
 [ 1.96751407e-02  1.42450581e-02  1.94049839e-02  9.93173507e-06
   1.88239696e-07 -9.66697415e-07  8.51864010e-01  2.62536864e-03
   3.58098411e-05 -1.45967948e-04  5.30265549e-05 -1.08538034e-05]]
std error:
[[1.06535791e-04 4.60066960e-05 9.48952278e-05 2.10395800e-06
  2.49956664e-06 1.02960413e-07 2.38638991e-04 2.24192991e-05
  2.36820548e-06 5.46282666e-06 8.98118015e-07 4.49774173e-07]
 [4.00174371e-05 2.55180073e-05 1.17406527e-04 7.99257811e-06
  1.92499833e-06 1.56797272e-07 2.95242953e-04 2.99438525e-05
  2.42019851e-06 4.83545045e-06 1.31844087e-06 5.01627251e-07]
 [3.29906848e-05 1.78574893e-05 1.00459665e-04 3.39511225e-06
  1.06042157e-06 1.72285279e-07 1.03483997e-04 6.73194684e-06
  2.67852274e-06 5.68122871e-06 2.15092870e-07 3.39282764e-07]
 [9.47859142e-05 4.80895788e-05 3.77408987e-05 4.92409280e-06
  1.68724571e-06 2.49073096e-07 8.51915639e-05 1.91748081e-05
  1.92891113e-06 2.18318020e-06 8.01383134e-07 2.28609877e-07]
 [4.87769555e-05 6.65236298e-05 1.80934712e-05 2.67249691e-06
  1.56227301e-06 8.71812983e-08 4.74424931e-04 1.80885319e-05
  5.88667423e-07 2.18626213e-06 8.77422549e-07 2.63115624e-07]
 [1.59589196e-04 5.22185694e-05 8.36446947e-05 5.32103110e-06
  1.83217143e-06 8.88576807e-08 7.29210324e-05 2.04140174e-05
  3.26789002e-06 2.49756733e-06 6.50944932e-07 3.22495935e-07]
 [1.03534251e-04 8.48322591e-05 9.35339172e-05 3.47847291e-06
  2.81925470e-06 2.08761804e-07 1.20809801e-04 8.41657220e-06
  7.76580691e-07 3.09692885e-06 1.35934494e-07 3.23764269e-07]]
Done!, time = 4.368918180465698s
