Begin!
Data shape = (250000, 5)
Begin sort function!
In centrality 0
In centrality 1
In centrality 2
In centrality 3
In centrality 4
In centrality 5
In centrality 6
end function sorter
Data shape = (250000, 5)
Begin sort function!
In centrality 0
In centrality 1
In centrality 2
In centrality 3
In centrality 4
In centrality 5
In centrality 6
end function sorter
Data shape = (250000, 5)
Begin sort function!
In centrality 0
In centrality 1
In centrality 2
In centrality 3
In centrality 4
In centrality 5
In centrality 6
end function sorter
Data shape = (250000, 5)
Begin sort function!
In centrality 0
In centrality 1
In centrality 2
In centrality 3
In centrality 4
In centrality 5
In centrality 6
end function sorter
Final results shape = (4, 7, 12)
mean value:
[[ 1.40652115e-02  1.09266879e-02  1.63952635e-02  2.16531419e-05
  -8.60739623e-07 -3.53585109e-07  8.02478774e-01  4.37817278e-03
   1.33833785e-04 -8.01092094e-05  6.15686181e-05 -4.80141232e-06]
 [ 1.52798223e-02  1.16073795e-02  1.72939572e-02  1.46113665e-05
   7.74714591e-07 -6.39782156e-07  7.85879850e-01  4.18281748e-03
   1.31986631e-04 -7.94209492e-05  6.40338161e-05 -4.96570869e-06]
 [ 1.59662020e-02  1.21044065e-02  1.78882293e-02  1.81189629e-05
  -3.73725605e-07 -5.73861014e-07  7.75491670e-01  4.13911968e-03
   1.27319222e-04 -8.44370033e-05  6.55547990e-05 -5.25329004e-06]
 [ 1.68626189e-02  1.27519564e-02  1.84748679e-02  1.86607849e-05
  -2.13616123e-06 -7.70689351e-07  7.67874562e-01  4.20016037e-03
   1.31163977e-04 -9.62161484e-05  7.00769850e-05 -6.49630359e-06]
 [ 1.74655450e-02  1.30106990e-02  1.92046738e-02  1.41247652e-05
  -2.28811504e-06 -5.81414639e-07  7.62645569e-01  4.23919899e-03
   1.32053660e-04 -9.65247359e-05  7.31930623e-05 -6.54129929e-06]
 [ 1.79245237e-02  1.35649772e-02  1.97530441e-02  1.29213420e-05
  -3.17327437e-06 -6.34725322e-07  7.58227676e-01  4.32255427e-03
   1.41215610e-04 -9.67936542e-05  7.66440233e-05 -6.64580858e-06]
 [ 1.85844773e-02  1.40607061e-02  2.01251690e-02  6.44581423e-06
  -3.81583573e-06 -8.35994175e-07  7.55132416e-01  4.47207986e-03
   1.54089406e-04 -9.97728009e-05  8.30329793e-05 -7.03628064e-06]]
std error:
[[1.54490340e-04 4.64414720e-05 1.16677057e-04 2.75401869e-06
  4.45702034e-07 1.39385682e-07 3.90281442e-04 2.06834628e-05
  4.66681141e-06 1.42792455e-05 1.31118844e-06 9.88603813e-07]
 [8.72713258e-05 5.98794359e-05 1.58395615e-04 3.68235128e-06
  2.95832141e-06 1.35251628e-07 4.45071854e-04 2.36286208e-05
  2.43445250e-06 9.93775058e-06 6.03342505e-07 6.88637669e-07]
 [3.25280752e-05 3.91891793e-05 5.38453651e-05 2.68597693e-06
  2.68104214e-06 1.82905214e-07 2.52778709e-04 1.91840207e-05
  2.66188222e-06 9.97444153e-06 1.58484701e-07 6.70031639e-07]
 [1.14454830e-04 5.67721052e-05 4.95856384e-05 3.27834300e-06
  4.85125494e-07 1.19039742e-07 4.28957018e-04 2.92437598e-05
  3.22140304e-06 4.95614079e-06 8.59742021e-07 2.25806583e-07]
 [1.04053297e-04 1.26759782e-04 1.14511547e-04 3.12753275e-06
  5.83829346e-07 1.01064123e-07 3.23163280e-04 2.77621028e-05
  1.96844665e-06 5.09346313e-06 3.78701238e-07 6.70056676e-07]
 [3.33238732e-05 2.97986816e-05 1.19705472e-04 2.82077826e-06
  8.94397562e-07 1.23900379e-07 1.96479890e-04 2.97139174e-05
  6.34077140e-06 1.37811706e-06 1.16349204e-06 1.88977504e-07]
 [1.33665975e-04 5.87774892e-05 1.45493777e-04 2.24286659e-06
  2.02158645e-06 1.54458573e-07 3.42318927e-04 4.42359322e-05
  2.94655615e-06 6.12517362e-06 1.69129759e-06 6.16566389e-07]]
Done!, time = 4.086057424545288s
