Begin!
Data shape = (250000, 5)
Begin sort function!
In centrality 0
In centrality 1
In centrality 2
In centrality 3
In centrality 4
In centrality 5
In centrality 6
end function sorter
Data shape = (250000, 5)
Begin sort function!
In centrality 0
In centrality 1
In centrality 2
In centrality 3
In centrality 4
In centrality 5
In centrality 6
end function sorter
Data shape = (250000, 5)
Begin sort function!
In centrality 0
In centrality 1
In centrality 2
In centrality 3
In centrality 4
In centrality 5
In centrality 6
end function sorter
Data shape = (250000, 5)
Begin sort function!
In centrality 0
In centrality 1
In centrality 2
In centrality 3
In centrality 4
In centrality 5
In centrality 6
end function sorter
Final results shape = (4, 7, 12)
mean value:
[[ 1.41774837e-02  1.09464287e-02  1.54580610e-02  4.01003385e-05
  -2.70575549e-06 -3.11018965e-07  8.14189502e-01  9.84717569e-04
   1.05994048e-06 -1.28654139e-04  1.58993796e-05 -7.82145249e-06]
 [ 1.54995551e-02  1.13082924e-02  1.63679121e-02  3.49597144e-05
  -4.87952661e-08 -5.14367905e-07  8.09455806e-01  9.82935261e-04
   2.80051117e-06 -1.30795886e-04  1.68761255e-05 -8.15749685e-06]
 [ 1.65764109e-02  1.17591575e-02  1.67590138e-02  3.52557917e-05
  -2.41556698e-06 -7.75216649e-07  8.06537606e-01  9.92712980e-04
   2.97902529e-06 -1.40210020e-04  1.81156489e-05 -9.28852432e-06]
 [ 1.71483371e-02  1.22862019e-02  1.74262407e-02  2.77126819e-05
  -1.76177580e-06 -6.40954772e-07  8.04034521e-01  1.00662804e-03
   3.41149653e-06 -1.37680078e-04  1.86316871e-05 -9.19651018e-06]
 [ 1.80605996e-02  1.26721221e-02  1.79796090e-02  2.58759488e-05
  -2.97712636e-06 -8.72434716e-07  8.02339801e-01  1.01709171e-03
   4.04757494e-06 -1.40480404e-04  1.95611821e-05 -9.80047179e-06]
 [ 1.85281618e-02  1.31010594e-02  1.85470706e-02  1.73351931e-05
  -1.92525947e-06 -7.16324632e-07  8.01063295e-01  1.03655166e-03
   3.95850817e-06 -1.38715411e-04  2.05451588e-05 -9.84847197e-06]
 [ 1.91512651e-02  1.36266394e-02  1.90032863e-02  1.66968716e-05
  -2.46931275e-06 -5.45491889e-07  7.99514140e-01  1.05574385e-03
   4.61156008e-06 -1.36467097e-04  2.14483719e-05 -1.00693451e-05]]
std error:
[[7.02013505e-05 5.19002277e-05 1.48478475e-04 3.51738577e-06
  1.30883217e-06 2.49110552e-07 2.63050088e-04 1.01672708e-05
  6.69276630e-07 4.11950852e-06 5.83989041e-07 5.59439664e-07]
 [9.61715587e-05 1.40097479e-04 1.09646624e-04 4.90958683e-06
  2.09144739e-06 1.06402527e-07 1.32337685e-04 1.08572477e-05
  3.76699560e-07 2.85258442e-06 4.47206867e-07 3.15097377e-07]
 [6.07430242e-05 6.32170561e-05 1.57937091e-04 1.32550283e-06
  1.46285298e-06 1.78313714e-07 1.79415972e-04 6.56941292e-06
  1.33889645e-07 1.23116107e-06 1.86599957e-07 1.62391814e-07]
 [1.38713820e-04 5.10320340e-05 8.10164442e-05 3.95604899e-06
  1.94264624e-06 3.08408003e-07 1.54624478e-04 9.60775011e-06
  2.75092958e-07 2.39092612e-06 1.01572242e-07 2.03244659e-07]
 [2.44181816e-05 3.76912707e-05 7.13814794e-05 2.50589633e-06
  1.33746268e-06 1.22540550e-07 2.48925815e-04 2.26203123e-06
  1.95484717e-07 2.23959540e-06 1.41576380e-07 2.08419302e-07]
 [6.85889720e-05 6.91406303e-05 8.21557891e-05 7.32190809e-06
  1.67395572e-06 1.86460429e-07 2.13999209e-04 7.33126625e-06
  7.04157748e-07 6.80453415e-06 2.73452469e-07 7.21664447e-07]
 [6.66396555e-05 6.46345845e-05 3.87991327e-05 2.87277891e-06
  1.50552556e-06 2.24408613e-07 1.26453327e-04 9.72446741e-06
  3.39543814e-07 3.51848258e-06 8.62603657e-08 3.40640245e-07]]
Done!, time = 2.33443546295166s
