Begin!
Data shape = (250000, 5)
Begin sort function!
In centrality 0
In centrality 1
In centrality 2
In centrality 3
In centrality 4
In centrality 5
In centrality 6
end function sorter
Data shape = (250000, 5)
Begin sort function!
In centrality 0
In centrality 1
In centrality 2
In centrality 3
In centrality 4
In centrality 5
In centrality 6
end function sorter
Data shape = (250000, 5)
Begin sort function!
In centrality 0
In centrality 1
In centrality 2
In centrality 3
In centrality 4
In centrality 5
In centrality 6
end function sorter
Data shape = (250000, 5)
Begin sort function!
In centrality 0
In centrality 1
In centrality 2
In centrality 3
In centrality 4
In centrality 5
In centrality 6
end function sorter
Final results shape = (4, 7, 12)
mean value:
[[ 1.63065948e-02  9.99855251e-03  1.51095873e-02  7.38508585e-05
   6.14367013e-07 -1.38459496e-06  8.21159665e-01  2.07598891e-03
   1.77688517e-05 -2.00809311e-04  3.73523779e-05 -1.40593198e-05]
 [ 1.81686148e-02  1.07743145e-02  1.62861255e-02  6.30527615e-05
   4.43281099e-07 -2.11904321e-06  8.13234769e-01  2.09343354e-03
   1.96118355e-05 -2.19286278e-04  4.15577238e-05 -1.59480348e-05]
 [ 1.97356649e-02  1.14311819e-02  1.73268214e-02  4.84582689e-05
   1.37691409e-06 -2.51391615e-06  8.07755937e-01  2.12204731e-03
   2.17209617e-05 -2.35523180e-04  4.50807519e-05 -1.77486372e-05]
 [ 2.10126078e-02  1.23414774e-02  1.83018493e-02  3.94631363e-05
   1.14345103e-06 -2.46322324e-06  8.03553833e-01  2.14712662e-03
   2.33564244e-05 -2.41881988e-04  4.78350904e-05 -1.90575911e-05]
 [ 2.20691203e-02  1.29385805e-02  1.90475484e-02  3.76398771e-05
   4.84678170e-07 -2.23987397e-06  8.01295986e-01  2.19984293e-03
   2.52703261e-05 -2.44917637e-04  5.11115916e-05 -2.00269400e-05]
 [ 2.31225739e-02  1.37424645e-02  1.96536536e-02  2.46642853e-05
  -1.35334490e-06 -2.44685812e-06  7.99294582e-01  2.23320169e-03
   2.60832043e-05 -2.47384950e-04  5.44696540e-05 -2.11706397e-05]
 [ 2.37351339e-02  1.43865801e-02  2.02816691e-02  1.68581511e-05
  -2.00344986e-06 -2.61396867e-06  7.97786046e-01  2.27716321e-03
   2.83591164e-05 -2.45395548e-04  5.66783265e-05 -2.12723139e-05]]
std error:
[[4.67098692e-05 1.97300290e-05 5.71828280e-05 2.09938783e-06
  2.76917993e-06 2.14329162e-07 3.85508449e-04 1.77366048e-05
  6.95819214e-07 7.82696837e-06 2.85021230e-07 6.38427021e-07]
 [2.25865065e-04 1.35883713e-04 2.17376994e-04 6.62532690e-06
  2.53226836e-06 3.11145083e-07 2.62667623e-04 1.42860671e-05
  1.18195933e-06 1.44190512e-05 7.70852539e-07 1.45005976e-06]
 [1.46878641e-04 3.00932773e-05 1.28556245e-04 5.35468692e-06
  1.04102421e-06 2.05088230e-07 3.00733329e-04 1.83552273e-05
  7.19949908e-07 6.66919656e-06 7.11192118e-07 7.35209856e-07]
 [8.77085650e-05 5.72818375e-05 1.45335887e-04 6.71589711e-06
  2.15061698e-06 2.14917677e-07 1.41595808e-04 1.17382116e-05
  2.07158417e-06 3.09708603e-06 2.60348164e-07 5.17106583e-07]
 [1.55412913e-04 8.27266017e-05 7.40582753e-05 7.43883685e-06
  2.33402039e-06 2.37816295e-07 3.35513691e-04 1.44514349e-05
  1.93820575e-06 6.29160872e-06 7.85095872e-07 8.97366046e-07]
 [1.32648984e-04 1.65637859e-04 7.75224463e-05 7.32970268e-06
  1.75180897e-06 4.71708691e-07 1.23710012e-04 1.62297669e-05
  5.76980597e-07 1.11279876e-05 9.32364154e-07 1.11985598e-06]
 [1.24454617e-04 1.12274601e-04 9.53388150e-05 5.38206042e-06
  2.30683328e-06 6.26692969e-07 2.28314787e-04 2.23825529e-05
  2.18396075e-06 5.92732120e-06 5.81170496e-07 8.76712468e-07]]
Done!, time = 4.327690124511719s
