Begin!
Data shape = (250000, 5)
Begin sort function!
In centrality 0
In centrality 1
In centrality 2
In centrality 3
In centrality 4
In centrality 5
In centrality 6
end function sorter
Data shape = (250000, 5)
Begin sort function!
In centrality 0
In centrality 1
In centrality 2
In centrality 3
In centrality 4
In centrality 5
In centrality 6
end function sorter
Data shape = (250000, 5)
Begin sort function!
In centrality 0
In centrality 1
In centrality 2
In centrality 3
In centrality 4
In centrality 5
In centrality 6
end function sorter
Data shape = (250000, 5)
Begin sort function!
In centrality 0
In centrality 1
In centrality 2
In centrality 3
In centrality 4
In centrality 5
In centrality 6
end function sorter
Final results shape = (4, 7, 12)
mean value:
[[ 1.64118602e-02  1.09311657e-02  1.60602845e-02  6.36519049e-06
  -1.36196636e-06 -9.99741130e-07  8.04427707e-01  4.22749662e-03
   1.11985757e-04 -1.37508694e-04  6.96599939e-05 -8.37882041e-06]
 [ 1.77946810e-02  1.15138074e-02  1.69104985e-02  7.21106948e-08
  -2.04615104e-07 -9.34481016e-07  7.88114016e-01  4.13410452e-03
   1.14442311e-04 -1.38309572e-04  7.31538346e-05 -8.94187701e-06]
 [ 1.85569681e-02  1.20886871e-02  1.78460376e-02 -6.85162728e-06
  -6.92091559e-07 -7.96576274e-07  7.78120244e-01  4.10066373e-03
   1.18343158e-04 -1.47333203e-04  7.54605429e-05 -9.82645871e-06]
 [ 1.94093522e-02  1.26715449e-02  1.85967265e-02 -1.47694942e-05
  -2.40079516e-06 -7.39845582e-07  7.70243871e-01  4.14249312e-03
   1.26634222e-04 -1.59700321e-04  7.94290740e-05 -1.06922841e-05]
 [ 2.00072646e-02  1.31286202e-02  1.92176987e-02 -1.69915377e-05
  -3.25004837e-06 -6.45693179e-07  7.64795044e-01  4.19415435e-03
   1.23805208e-04 -1.59361964e-04  8.34599075e-05 -1.12213942e-05]
 [ 2.07186164e-02  1.36763561e-02  1.97299984e-02 -2.39276383e-05
  -3.00331259e-06 -5.94985755e-07  7.60449982e-01  4.29270659e-03
   1.29606118e-04 -1.61310255e-04  8.82139304e-05 -1.12008445e-05]
 [ 2.12379364e-02  1.41160151e-02  2.03185130e-02 -2.26630360e-05
  -3.76452467e-06 -5.39374011e-07  7.57402472e-01  4.38854294e-03
   1.31785621e-04 -1.58543707e-04  9.17593424e-05 -1.14191340e-05]]
std error:
[[1.27119211e-04 1.43912242e-04 9.88161620e-05 3.00380077e-06
  2.09692899e-06 1.86890298e-07 2.75749828e-04 5.09794038e-05
  7.97641992e-06 1.25087571e-05 7.92680109e-07 7.83915208e-07]
 [1.44143704e-04 5.86333418e-05 1.28575547e-04 1.93833793e-06
  2.97067643e-06 1.07232677e-07 6.82673417e-04 5.27528251e-05
  1.10191871e-05 6.15892781e-06 9.13299061e-07 4.14354832e-07]
 [9.75864661e-05 1.14468680e-04 3.94491833e-05 2.59598610e-06
  9.04459323e-07 1.23314040e-07 2.96869586e-04 4.94019686e-05
  3.61125964e-06 1.03133642e-05 1.42797191e-06 5.71710091e-07]
 [3.95797356e-05 4.82844550e-05 7.07361244e-05 4.93061187e-06
  1.08516815e-06 3.18943706e-07 7.66872961e-05 6.88333802e-05
  8.53596193e-06 7.39544203e-06 1.06981359e-06 5.55637715e-07]
 [8.62990112e-05 6.38452453e-05 1.07841440e-04 3.43853364e-06
  3.05865809e-06 4.42076397e-08 4.84803861e-04 4.68361030e-05
  6.32852933e-06 4.70678099e-06 9.42530573e-07 5.63208070e-07]
 [9.70447108e-05 9.83384535e-05 1.85023802e-04 2.70898848e-06
  1.23716076e-06 2.63662528e-07 4.61223383e-04 3.74256014e-05
  6.06595562e-06 4.35837808e-06 1.29398402e-06 4.04529698e-07]
 [1.82269336e-04 1.21051385e-04 1.28147331e-04 3.73768107e-06
  1.29627069e-06 8.85500194e-08 4.27654574e-04 2.26495072e-05
  3.64643766e-06 5.14808961e-06 7.35763767e-07 1.58944839e-07]]
Done!, time = 4.2094056606292725s
