Begin!
Data shape = (250000, 5)
Begin sort function!
In centrality 0
In centrality 1
In centrality 2
In centrality 3
In centrality 4
In centrality 5
In centrality 6
end function sorter
Data shape = (250000, 5)
Begin sort function!
In centrality 0
In centrality 1
In centrality 2
In centrality 3
In centrality 4
In centrality 5
In centrality 6
end function sorter
Data shape = (250000, 5)
Begin sort function!
In centrality 0
In centrality 1
In centrality 2
In centrality 3
In centrality 4
In centrality 5
In centrality 6
end function sorter
Data shape = (250000, 5)
Begin sort function!
In centrality 0
In centrality 1
In centrality 2
In centrality 3
In centrality 4
In centrality 5
In centrality 6
end function sorter
Final results shape = (4, 7, 12)
mean value:
[[ 1.61360201e-02  1.05954358e-02  1.54642020e-02  4.49289217e-06
  -1.71931148e-06 -7.50013862e-07  8.98452058e-01  6.29886462e-03
   2.04362654e-04 -1.83788022e-04  1.00730583e-04 -1.11713122e-05]
 [ 1.71239389e-02  1.11594570e-02  1.65142332e-02 -8.09199938e-06
  -1.52445959e-07 -4.54460130e-07  8.79902089e-01  6.01608760e-03
   1.88787911e-04 -1.80063519e-04  1.02688566e-04 -1.13743943e-05]
 [ 1.78953279e-02  1.17947676e-02  1.70968479e-02 -9.66722509e-06
  -5.31017043e-07 -6.62817056e-07  8.69433105e-01  5.99823216e-03
   1.90351423e-04 -1.83615149e-04  1.07562749e-04 -1.17900573e-05]
 [ 1.86455763e-02  1.23784856e-02  1.79636205e-02 -1.06827895e-05
  -1.63365705e-06 -6.19384848e-07  8.61622505e-01  6.13614499e-03
   2.08677271e-04 -2.01699322e-04  1.14118569e-04 -1.31954076e-05]
 [ 1.92891372e-02  1.29900820e-02  1.86351303e-02 -1.76244213e-05
  -2.22474173e-06 -4.01744850e-07  8.56268691e-01  6.20627935e-03
   2.14413608e-04 -2.04251201e-04  1.19099235e-04 -1.35153030e-05]
 [ 1.97652788e-02  1.35353811e-02  1.93055782e-02 -2.29128827e-05
  -4.01000611e-06 -2.79419804e-07  8.53365611e-01  6.27817754e-03
   2.10503997e-04 -1.95638654e-04  1.22877141e-04 -1.31420316e-05]
 [ 2.03720664e-02  1.40548593e-02  1.98617025e-02 -2.42525732e-05
  -4.22525504e-06 -3.56263094e-07  8.51066523e-01  6.50770810e-03
   2.28725430e-04 -2.03090216e-04  1.31851353e-04 -1.42139910e-05]]
std error:
[[9.88650430e-05 6.36827074e-05 1.17622324e-04 4.32262474e-06
  1.57531235e-06 6.72789032e-08 7.10944485e-04 7.04371723e-05
  1.86487610e-05 1.52318551e-05 1.42665323e-06 1.10435321e-06]
 [2.20980002e-04 3.84054373e-05 1.57537932e-04 2.34116778e-06
  1.71258549e-06 1.35301456e-07 7.07424705e-04 8.24781921e-05
  1.50300180e-05 9.80488181e-06 8.09764421e-07 6.83077577e-07]
 [6.60024236e-05 3.72271287e-05 1.13506429e-04 2.08686413e-06
  2.00621186e-06 8.42507835e-08 3.17613501e-04 5.44167696e-05
  6.70692829e-06 8.90344730e-06 1.00690218e-06 4.39317818e-07]
 [1.15221373e-04 1.14443484e-04 1.14574667e-04 1.20856615e-06
  5.09373286e-07 1.75823406e-07 6.22993787e-04 5.83460448e-05
  8.14251697e-06 2.04426133e-06 3.88423317e-07 2.79302646e-07]
 [8.01487599e-05 1.01678451e-04 1.50858877e-04 2.62722375e-06
  8.59979858e-07 7.91267638e-08 1.72032353e-04 7.93418408e-05
  1.19666320e-05 8.71029127e-06 1.71797519e-06 7.41910268e-07]
 [6.39107322e-05 1.08719416e-04 1.05446228e-04 1.54987104e-06
  2.34132029e-06 2.48977896e-07 3.96388158e-04 5.55265774e-05
  1.43924426e-05 5.61091907e-06 1.49176652e-06 6.00383931e-07]
 [1.56731970e-04 3.63434793e-05 9.07107788e-05 4.83445243e-06
  1.06687897e-06 2.11737855e-07 2.40450399e-04 3.74456852e-05
  1.01623354e-05 1.54067813e-05 1.31817609e-06 1.29524197e-06]]
Done!, time = 3.852919340133667s
