Begin!
Data shape = (250000, 5)
Begin sort function!
In centrality 0
In centrality 1
In centrality 2
In centrality 3
In centrality 4
In centrality 5
In centrality 6
end function sorter
Data shape = (250000, 5)
Begin sort function!
In centrality 0
In centrality 1
In centrality 2
In centrality 3
In centrality 4
In centrality 5
In centrality 6
end function sorter
Data shape = (250000, 5)
Begin sort function!
In centrality 0
In centrality 1
In centrality 2
In centrality 3
In centrality 4
In centrality 5
In centrality 6
end function sorter
Data shape = (250000, 5)
Begin sort function!
In centrality 0
In centrality 1
In centrality 2
In centrality 3
In centrality 4
In centrality 5
In centrality 6
end function sorter
Final results shape = (4, 7, 12)
mean value:
[[ 1.75931457e-02  1.00703287e-02  1.51711458e-02  1.96796001e-05
   7.66411719e-07 -1.96875024e-06  8.51807856e-01  6.20959226e-03
   2.63105207e-04 -1.78642074e-04  1.08464947e-04 -1.19372546e-05]
 [ 1.92700653e-02  1.09833709e-02  1.67702295e-02 -1.94164015e-06
   1.94460096e-06 -1.70064460e-06  8.31730032e-01  5.89996130e-03
   2.54180718e-04 -1.83951534e-04  1.12761745e-04 -1.25474093e-05]
 [ 2.03928722e-02  1.17367996e-02  1.77824454e-02 -1.11766828e-05
   3.27000189e-07 -1.26161408e-06  8.20821482e-01  5.89626379e-03
   2.47709150e-04 -1.99652306e-04  1.18882284e-04 -1.42723472e-05]
 [ 2.14918754e-02  1.24735599e-02  1.86003148e-02 -2.56645815e-05
   1.59332432e-06 -1.21451183e-06  8.12964722e-01  5.99330708e-03
   2.56145810e-04 -2.00445907e-04  1.27144735e-04 -1.42619079e-05]
 [ 2.21381594e-02  1.31373081e-02  1.93223171e-02 -3.50681775e-05
  -3.70461934e-07 -8.85721950e-07  8.08035835e-01  6.12795083e-03
   2.71303444e-04 -2.04752450e-04  1.34471041e-04 -1.50591259e-05]
 [ 2.29538521e-02  1.38853986e-02  1.97651153e-02 -3.73340675e-05
  -4.87055420e-07 -7.20621614e-07  8.04539066e-01  6.27568723e-03
   2.82933334e-04 -2.15440496e-04  1.42190949e-04 -1.65604757e-05]
 [ 2.35219259e-02  1.44622431e-02  2.03372825e-02 -4.53630271e-05
  -1.54188831e-06 -4.59427034e-07  8.02412656e-01  6.45529411e-03
   2.88983532e-04 -2.05676027e-04  1.49026591e-04 -1.58407000e-05]]
std error:
[[7.70805229e-05 9.41916000e-05 6.49979963e-05 4.16547680e-06
  1.09624586e-06 1.55621369e-07 2.46101366e-04 3.97752414e-05
  2.07547629e-05 5.08244508e-06 4.33816448e-07 6.09574594e-07]
 [1.39136125e-04 1.01779084e-04 1.56658780e-04 3.31875216e-06
  1.40504965e-06 2.83433092e-07 8.03621041e-04 7.73471214e-05
  8.19267522e-06 8.59796928e-06 2.07223528e-06 9.22733486e-07]
 [7.29759622e-05 8.86457644e-05 1.48893601e-04 5.22541733e-06
  2.60733032e-06 8.29217830e-08 4.19423834e-04 4.65496852e-05
  1.23264386e-05 5.69551105e-06 5.16384330e-07 4.96485187e-07]
 [1.91767195e-04 6.61889565e-05 1.17435507e-04 2.45763824e-06
  1.32383800e-06 2.69997173e-07 4.77776999e-04 7.21798039e-05
  1.53818455e-05 4.15539005e-06 1.35795384e-06 6.73370748e-07]
 [9.32199061e-05 8.88543851e-05 1.42546316e-04 1.37118342e-06
  2.79146894e-06 2.07264102e-07 3.39155164e-04 6.68913958e-05
  1.09515717e-05 1.28259662e-05 1.02285655e-06 8.42374674e-07]
 [7.20222957e-05 6.86279307e-05 1.58634838e-04 6.57816391e-06
  2.89384707e-06 4.81818973e-07 5.65381918e-04 6.48635487e-05
  1.19191095e-05 5.73132430e-06 2.30523919e-06 7.66266096e-07]
 [1.05780439e-04 8.66590785e-05 2.90428075e-05 3.02574908e-06
  1.97988447e-06 3.71661726e-07 4.43126680e-04 8.12823295e-05
  1.36174943e-05 4.48638107e-06 2.63269055e-06 3.95304011e-07]]
Done!, time = 3.827845811843872s
