Begin!
Data shape = (250000, 5)
Begin sort function!
In centrality 0
In centrality 1
In centrality 2
In centrality 3
In centrality 4
In centrality 5
In centrality 6
end function sorter
Data shape = (250000, 5)
Begin sort function!
In centrality 0
In centrality 1
In centrality 2
In centrality 3
In centrality 4
In centrality 5
In centrality 6
end function sorter
Data shape = (250000, 5)
Begin sort function!
In centrality 0
In centrality 1
In centrality 2
In centrality 3
In centrality 4
In centrality 5
In centrality 6
end function sorter
Data shape = (250000, 5)
Begin sort function!
In centrality 0
In centrality 1
In centrality 2
In centrality 3
In centrality 4
In centrality 5
In centrality 6
end function sorter
Final results shape = (4, 7, 12)
mean value:
[[ 1.74044828e-02  1.09094623e-02  1.55226798e-02  3.62038446e-05
  -8.58438388e-07 -1.85796467e-06  8.29733885e-01  2.16797819e-03
   2.02105736e-05 -2.02609780e-04  4.05305497e-05 -1.34832229e-05]
 [ 1.88494630e-02  1.15434251e-02  1.63787207e-02  1.59192184e-05
  -2.33858322e-06 -1.85328675e-06  8.20268118e-01  2.14584434e-03
   2.31924072e-05 -2.10064559e-04  4.25611491e-05 -1.41584013e-05]
 [ 1.98201529e-02  1.19284134e-02  1.70390727e-02  4.63515381e-06
  -2.97775685e-06 -1.57279890e-06  8.14805006e-01  2.17245582e-03
   2.41525316e-05 -2.16497419e-04  4.47861876e-05 -1.50666526e-05]
 [ 2.06598932e-02  1.24037855e-02  1.78826369e-02 -3.07716316e-06
  -2.17477455e-06 -1.35743370e-06  8.09933669e-01  2.17801130e-03
   2.58647721e-05 -2.11673398e-04  4.64439567e-05 -1.52621478e-05]
 [ 2.12005807e-02  1.28783113e-02  1.84487265e-02 -1.31327430e-05
  -1.65240751e-06 -1.15661467e-06  8.06729681e-01  2.21467617e-03
   2.58624789e-05 -2.07512351e-04  4.80345755e-05 -1.50907420e-05]
 [ 2.17931938e-02  1.33821462e-02  1.89886654e-02 -1.50914608e-05
  -4.32107725e-06 -1.21763899e-06  8.03952959e-01  2.25148005e-03
   2.69746372e-05 -2.07252958e-04  5.03239058e-05 -1.54017989e-05]
 [ 2.23442345e-02  1.37885603e-02  1.95448854e-02 -2.22447193e-05
  -4.30714684e-06 -1.12057037e-06  8.02098841e-01  2.25894436e-03
   2.72611386e-05 -2.06140055e-04  5.14248106e-05 -1.56391242e-05]]
std error:
[[1.11457776e-04 1.02676020e-04 2.24946845e-05 3.67586536e-06
  2.04603730e-06 2.74469439e-07 4.17610111e-04 2.85623036e-05
  1.78158387e-06 1.07381176e-05 1.05849960e-06 1.01341938e-06]
 [2.10941719e-04 9.45517344e-05 1.31124231e-04 2.62115605e-06
  2.11692544e-06 1.08982777e-07 2.38104433e-04 4.57525010e-05
  1.40918880e-06 1.57527351e-05 1.33934245e-06 1.00552807e-06]
 [8.13326767e-05 7.29906774e-05 7.64614511e-05 1.45819740e-06
  7.26913243e-07 1.96607383e-07 2.60276650e-04 2.56772519e-05
  1.05091409e-06 1.38848249e-06 6.36262972e-07 2.78388301e-07]
 [8.49947619e-05 9.52860328e-05 1.20787442e-04 1.64601204e-06
  1.04445806e-06 2.11845603e-07 1.76285005e-04 9.78309269e-06
  1.57647250e-06 4.05055055e-06 3.27851836e-07 4.18099517e-07]
 [3.86327380e-05 1.07969327e-04 1.08096641e-04 1.65757913e-06
  2.19892454e-06 2.15139159e-07 1.19080643e-04 1.10825317e-05
  1.41269894e-06 6.00655589e-06 3.47450754e-07 3.93817106e-07]
 [1.45872677e-04 4.50171936e-05 9.44798763e-05 5.53361621e-06
  1.76379611e-06 3.74752187e-07 3.18960699e-04 1.58381225e-05
  2.27019582e-06 6.76587555e-06 4.34245680e-07 4.81800861e-07]
 [6.94632873e-05 8.24087330e-05 7.89645801e-05 3.40910801e-06
  1.71842168e-06 2.18033924e-07 2.68784304e-04 2.38798155e-05
  1.43041527e-06 6.13030241e-06 4.76774677e-07 6.28851285e-07]]
Done!, time = 4.319183826446533s
