Begin!
Data shape = (250000, 5)
Begin sort function!
In centrality 0
In centrality 1
In centrality 2
In centrality 3
In centrality 4
In centrality 5
In centrality 6
end function sorter
Data shape = (250000, 5)
Begin sort function!
In centrality 0
In centrality 1
In centrality 2
In centrality 3
In centrality 4
In centrality 5
In centrality 6
end function sorter
Data shape = (250000, 5)
Begin sort function!
In centrality 0
In centrality 1
In centrality 2
In centrality 3
In centrality 4
In centrality 5
In centrality 6
end function sorter
Data shape = (250000, 5)
Begin sort function!
In centrality 0
In centrality 1
In centrality 2
In centrality 3
In centrality 4
In centrality 5
In centrality 6
end function sorter
Final results shape = (4, 7, 12)
mean value:
[[ 1.57392453e-02  1.04252735e-02  1.53349105e-02  4.76573152e-05
  -1.28567003e-06 -1.04527590e-06  8.58796339e-01  9.69995501e-04
  -4.65023699e-07 -1.91661650e-04  1.88871077e-05 -1.23210704e-05]
 [ 1.69563359e-02  1.09342249e-02  1.60586254e-02  3.26850581e-05
  -1.59716940e-06 -1.17888434e-06  8.55255839e-01  9.57685223e-04
   1.38348737e-06 -1.88797062e-04  1.90432961e-05 -1.23297456e-05]
 [ 1.79787192e-02  1.13756627e-02  1.67266918e-02  2.86739376e-05
  -1.58551617e-06 -1.15991764e-06  8.53001649e-01  9.84457704e-04
   2.20469601e-06 -1.92489370e-04  2.02571007e-05 -1.31609930e-05]
 [ 1.89448992e-02  1.20389304e-02  1.74830028e-02  2.76723152e-05
  -2.27963377e-06 -1.08060003e-06  8.50927870e-01  9.97116988e-04
   2.51965335e-06 -1.98191006e-04  2.13491356e-05 -1.41902755e-05]
 [ 1.96995085e-02  1.26156203e-02  1.82571129e-02  1.74447233e-05
  -8.62156200e-07 -1.01905108e-06  8.49579785e-01  1.01221639e-03
   3.87115092e-06 -1.92286338e-04  2.17428383e-05 -1.39159419e-05]
 [ 2.02926610e-02  1.31854229e-02  1.88721219e-02  1.62298716e-05
  -4.45513375e-06 -9.60529508e-07  8.48619554e-01  1.03050878e-03
   4.04015449e-06 -1.93064332e-04  2.26042780e-05 -1.46018940e-05]
 [ 2.09457884e-02  1.37674095e-02  1.93453177e-02  7.28983961e-06
  -3.10084088e-06 -1.02528046e-06  8.47778191e-01  1.04062368e-03
   4.45157609e-06 -1.88437008e-04  2.33800578e-05 -1.45032304e-05]]
std error:
[[2.06427548e-04 3.16816670e-05 1.82346721e-04 5.08345497e-06
  1.90625023e-06 2.74413137e-07 7.75636097e-05 1.26902304e-05
  7.41163530e-07 4.11088965e-06 4.04661564e-07 4.05971805e-07]
 [7.88117099e-05 1.15000945e-04 1.08011675e-04 4.79747206e-07
  1.61114533e-06 4.18048787e-08 3.98566396e-04 5.77504408e-06
  9.68304587e-07 1.67089294e-06 1.14586021e-07 1.41477884e-07]
 [1.35921432e-04 8.33393231e-05 6.91761515e-05 3.13562949e-06
  1.54977373e-06 1.52578271e-07 1.45818860e-04 4.40434633e-06
  4.98239507e-07 4.87879340e-06 2.47966789e-07 4.44975506e-07]
 [5.07978181e-05 8.00761972e-05 7.81936808e-05 5.39247622e-06
  9.04046938e-07 2.23456422e-07 2.21829805e-04 5.44500317e-06
  4.96637216e-07 5.94213552e-06 3.42268205e-07 5.82910345e-07]
 [7.73853403e-05 7.72832576e-05 1.63877815e-04 1.19923951e-06
  1.81190757e-06 1.65669296e-07 1.91991775e-04 8.47676903e-06
  2.08836852e-07 1.29325528e-06 1.19096402e-07 2.45797778e-07]
 [1.45258811e-04 7.52372724e-05 1.93829291e-04 3.14983894e-06
  2.35525823e-06 3.06490217e-07 1.24333570e-04 6.86680649e-06
  3.80862929e-07 2.52625490e-06 2.81667065e-07 3.86714657e-07]
 [1.55431968e-04 5.89169906e-05 4.53059202e-05 1.98811794e-06
  1.41278175e-06 3.36868877e-07 2.86257540e-04 1.07526045e-05
  3.61713279e-07 1.87718460e-06 4.04477388e-07 3.55231141e-07]]
Done!, time = 3.8390707969665527s
