Begin!
Data shape = (250000, 5)
Begin sort function!
In centrality 0
In centrality 1
In centrality 2
In centrality 3
In centrality 4
In centrality 5
In centrality 6
end function sorter
Data shape = (250000, 5)
Begin sort function!
In centrality 0
In centrality 1
In centrality 2
In centrality 3
In centrality 4
In centrality 5
In centrality 6
end function sorter
Data shape = (250000, 5)
Begin sort function!
In centrality 0
In centrality 1
In centrality 2
In centrality 3
In centrality 4
In centrality 5
In centrality 6
end function sorter
Data shape = (250000, 5)
Begin sort function!
In centrality 0
In centrality 1
In centrality 2
In centrality 3
In centrality 4
In centrality 5
In centrality 6
end function sorter
Final results shape = (4, 7, 12)
mean value:
[[ 1.15874463e-02  9.78680554e-03  1.56750597e-02 -1.83498981e-06
  -5.22702200e-07 -1.04612777e-07  8.99449251e-01  7.61900901e-03
   3.85746570e-04 -5.79271016e-05  8.70702990e-05 -2.47288111e-06]
 [ 1.24089807e-02  1.06616571e-02  1.68699877e-02 -5.20558011e-06
   1.54869778e-06 -3.13250190e-08  8.79061267e-01  7.24357674e-03
   3.62973376e-04 -5.07639914e-05  8.92024341e-05 -2.34659672e-06]
 [ 1.30918837e-02  1.13028988e-02  1.74628278e-02 -6.44966259e-06
   9.76827068e-07 -8.98274741e-08  8.69695440e-01  7.23518959e-03
   3.63449779e-04 -5.00541793e-05  9.38323863e-05 -2.32555896e-06]
 [ 1.37957814e-02  1.20944283e-02  1.82645752e-02 -8.22817252e-06
   5.94430780e-07 -5.74031339e-08  8.61838235e-01  7.36468484e-03
   3.72246647e-04 -5.40505861e-05  1.00416261e-04 -2.74301408e-06]
 [ 1.44818507e-02  1.28430094e-02  1.86379438e-02 -1.19175945e-05
  -1.56452268e-06 -9.52162558e-10  8.57719325e-01  7.49593692e-03
   3.85270966e-04 -4.21572788e-05  1.06622661e-04 -2.02146986e-06]
 [ 1.50822046e-02  1.34620924e-02  1.90905728e-02 -1.10987647e-05
  -1.43999552e-06  1.17793731e-08  8.56051178e-01  7.67764254e-03
   3.76771155e-04 -4.68431063e-05  1.14049914e-04 -2.15672958e-06]
 [ 1.57704640e-02  1.40684086e-02  1.95886097e-02 -1.14171897e-05
   5.45737254e-07  2.02128566e-08  8.55725565e-01  7.88909892e-03
   3.91609740e-04 -4.07605141e-05  1.23438541e-04 -2.28945573e-06]]
std error:
[[7.50516035e-05 3.60673887e-05 9.28233521e-05 2.68602748e-06
  1.26799923e-06 1.06253492e-07 2.74242091e-04 5.37566616e-05
  1.65931303e-05 5.47636754e-06 3.05675632e-07 3.58485416e-07]
 [1.46546659e-04 6.13424957e-05 1.16552569e-04 7.50760564e-07
  1.05658277e-06 9.12541317e-08 7.36584973e-04 8.49971921e-05
  2.18132793e-05 8.14948672e-06 2.69327310e-06 5.49321796e-07]
 [5.11805015e-05 1.00655259e-04 1.12460809e-04 8.86283748e-07
  8.24135821e-07 3.67376403e-08 9.49322737e-04 4.42219663e-05
  1.02527571e-05 3.80320100e-06 2.86354371e-07 1.43247101e-07]
 [1.14534801e-04 3.45957165e-05 3.50861870e-05 1.44660051e-06
  2.42396980e-06 2.32987237e-08 2.00621360e-04 5.06005213e-05
  3.16557911e-06 1.34384138e-06 1.00793403e-06 3.49994216e-08]
 [7.23293298e-05 7.27806254e-05 7.78625579e-05 2.51082624e-06
  1.03244252e-06 6.64204930e-08 3.99353790e-04 6.45670893e-05
  1.49913989e-05 1.21387561e-05 1.05165119e-06 6.07949150e-07]
 [6.76302189e-05 4.17483469e-05 1.01974811e-04 1.75087928e-06
  5.72259610e-07 3.24692782e-08 3.77684740e-04 7.16731345e-05
  1.01224518e-05 5.44085389e-06 2.18749410e-06 2.56444761e-07]
 [6.77681685e-05 4.60032546e-05 1.61976919e-04 2.06980969e-06
  7.45585766e-07 6.71016619e-08 7.37302651e-05 1.47043401e-04
  2.31134340e-05 6.05308737e-06 1.17956960e-06 5.96952228e-07]]
Done!, time = 3.9292728900909424s
