Begin!
Data shape = (250000, 5)
Begin sort function!
In centrality 0
In centrality 1
In centrality 2
In centrality 3
In centrality 4
In centrality 5
In centrality 6
end function sorter
Data shape = (250000, 5)
Begin sort function!
In centrality 0
In centrality 1
In centrality 2
In centrality 3
In centrality 4
In centrality 5
In centrality 6
end function sorter
Data shape = (250000, 5)
Begin sort function!
In centrality 0
In centrality 1
In centrality 2
In centrality 3
In centrality 4
In centrality 5
In centrality 6
end function sorter
Data shape = (250000, 5)
Begin sort function!
In centrality 0
In centrality 1
In centrality 2
In centrality 3
In centrality 4
In centrality 5
In centrality 6
end function sorter
Final results shape = (4, 7, 12)
mean value:
[[ 1.10724298e-02  1.04971728e-02  1.60261018e-02  2.52112205e-06
  -1.77127685e-06 -9.07419592e-08  8.05416450e-01  7.29126413e-04
   4.12156725e-07 -3.97601091e-05  8.40323306e-06 -1.67301744e-06]
 [ 1.16963103e-02  1.09724626e-02  1.67974402e-02 -1.69708060e-06
  -1.57821661e-06 -4.24387038e-08  8.02526067e-01  7.47805462e-04
   9.63360914e-07 -4.03026277e-05  8.96772499e-06 -1.66968909e-06]
 [ 1.21840904e-02  1.15451363e-02  1.73815543e-02 -4.02676043e-06
  -1.28484620e-06 -4.70951097e-08  8.00408742e-01  7.56463096e-04
   1.02563304e-06 -3.71735876e-05  9.39977032e-06 -1.59806123e-06]
 [ 1.26640670e-02  1.19532029e-02  1.78897308e-02 -4.37064747e-06
  -8.79622017e-07 -6.42200151e-08  7.98933002e-01  7.72833918e-04
   1.35724392e-06 -3.75490213e-05  9.96452485e-06 -1.69805826e-06]
 [ 1.31031955e-02  1.24479493e-02  1.82932207e-02 -4.20285864e-06
  -7.29127820e-07 -3.08490525e-08  7.97742065e-01  7.90111817e-04
   1.64982925e-06 -3.57418768e-05  1.05531194e-05 -1.63020392e-06]
 [ 1.35337113e-02  1.29968812e-02  1.87937581e-02 -5.23514082e-06
  -1.05061272e-06 -3.00358800e-08  7.96963461e-01  7.99071509e-04
   1.56450457e-06 -3.37841740e-05  1.09878108e-05 -1.59712336e-06]
 [ 1.39750745e-02  1.35809096e-02  1.92513941e-02 -7.37360199e-06
  -3.75784187e-06 -1.93210909e-08  7.96226858e-01  8.12602376e-04
   1.69070751e-06 -3.12068353e-05  1.15720609e-05 -1.57176705e-06]]
std error:
[[5.48449569e-05 6.88181376e-05 7.13226608e-05 2.82305204e-06
  9.85557523e-07 6.52317683e-08 1.11905354e-04 8.95910720e-06
  4.41506312e-07 3.40594187e-06 1.15860227e-07 1.88867627e-07]
 [7.68253820e-05 1.11265263e-04 1.85615619e-04 1.66345207e-06
  2.02134192e-06 4.53825750e-08 2.65184721e-04 1.18246018e-05
  2.93707696e-07 1.57525964e-06 2.21176388e-07 9.48702601e-08]
 [6.24415022e-05 2.06021883e-05 1.46701415e-04 2.72817100e-06
  1.72537713e-06 6.18270073e-08 6.73373752e-05 7.93586425e-06
  2.50408050e-07 1.45042058e-06 1.02440110e-07 9.23823522e-08]
 [4.51933904e-05 5.90854584e-05 4.22094872e-05 1.17861745e-06
  2.29339756e-06 6.25772239e-08 1.39879196e-04 1.54396322e-06
  4.17265641e-07 1.74866210e-06 7.68691326e-08 1.23645366e-07]
 [7.91167313e-05 2.88988823e-05 1.91255165e-05 1.59044636e-06
  9.75309323e-07 6.96778087e-08 2.30396101e-04 5.58168250e-06
  1.51400944e-07 1.72987262e-06 1.05771613e-07 1.29376667e-07]
 [6.53050203e-05 4.65128655e-05 5.59649922e-05 2.19116272e-06
  1.93801816e-06 7.31679618e-08 1.25614126e-04 6.87223445e-06
  2.32110723e-07 9.82765377e-07 1.51031418e-07 6.75016725e-09]
 [5.16376911e-05 8.52993458e-05 1.28323676e-04 2.42870913e-06
  1.89935831e-06 5.87696929e-08 1.98189182e-04 2.05152774e-06
  3.81782738e-07 2.98535404e-06 7.61212913e-08 1.73791582e-07]]
Done!, time = 1.6613125801086426s
