Begin!
Data shape = (250000, 5)
Begin sort function!
In centrality 0
In centrality 1
In centrality 2
In centrality 3
In centrality 4
In centrality 5
In centrality 6
end function sorter
Data shape = (250000, 5)
Begin sort function!
In centrality 0
In centrality 1
In centrality 2
In centrality 3
In centrality 4
In centrality 5
In centrality 6
end function sorter
Data shape = (250000, 5)
Begin sort function!
In centrality 0
In centrality 1
In centrality 2
In centrality 3
In centrality 4
In centrality 5
In centrality 6
end function sorter
Data shape = (250000, 5)
Begin sort function!
In centrality 0
In centrality 1
In centrality 2
In centrality 3
In centrality 4
In centrality 5
In centrality 6
end function sorter
Final results shape = (4, 7, 12)
mean value:
[[ 1.36383386e-02  1.07298566e-02  1.59278507e-02 -2.77589015e-07
  -2.34883165e-06 -2.22258437e-07  8.46494782e-01  5.04784395e-03
   1.52512581e-04 -8.90132138e-05  6.82704087e-05 -4.47110181e-06]
 [ 1.44507257e-02  1.13907432e-02  1.70900949e-02 -3.69716298e-06
  -7.42600031e-07 -1.48163267e-07  8.29171500e-01  4.88155172e-03
   1.41416666e-04 -9.59297511e-05  7.01496436e-05 -5.20291505e-06]
 [ 1.50881712e-02  1.19275362e-02  1.74737233e-02 -6.86339164e-06
  -1.85341845e-06 -1.43492878e-07  8.19125653e-01  4.83732528e-03
   1.46718312e-04 -9.03735378e-05  7.20863419e-05 -4.90829038e-06]
 [ 1.56565293e-02  1.24709817e-02  1.83024260e-02 -9.89093481e-06
  -9.95785197e-07 -9.21909044e-08  8.11852634e-01  4.91174883e-03
   1.51232895e-04 -9.47817589e-05  7.65106497e-05 -5.16221353e-06]
 [ 1.61517538e-02  1.29202813e-02  1.89590461e-02 -1.09600087e-05
  -2.23029219e-06 -2.49659173e-08  8.07216522e-01  4.96916505e-03
   1.53039703e-04 -9.03621041e-05  7.99037633e-05 -5.06773712e-06]
 [ 1.67674039e-02  1.35131246e-02  1.94085674e-02 -1.33142766e-05
  -2.10044253e-06 -4.34397506e-08  8.03762350e-01  5.06825638e-03
   1.59143854e-04 -9.21697078e-05  8.40686192e-05 -5.24115379e-06]
 [ 1.72392579e-02  1.39796523e-02  1.98180098e-02 -1.12786091e-05
  -3.93637712e-06 -2.69542095e-07  8.01281790e-01  5.24027582e-03
   1.68945713e-04 -9.11002264e-05  9.00583922e-05 -5.55712292e-06]]
std error:
[[1.28910839e-04 7.05189849e-05 5.43578919e-05 1.67872712e-06
  2.17512399e-06 4.34196399e-08 7.91134302e-04 5.70847693e-05
  5.90837991e-06 9.89084445e-06 1.01740107e-06 6.24859256e-07]
 [1.47200700e-04 1.64732957e-04 1.20567246e-04 1.11867841e-06
  1.75696226e-06 9.21121855e-08 8.67747786e-04 1.16329310e-05
  4.09289503e-06 6.50224148e-06 1.20124495e-06 2.59197378e-07]
 [5.61681325e-05 3.50829481e-05 1.21759362e-04 8.68128461e-07
  1.14836932e-06 5.71254408e-08 2.59748739e-04 4.71260761e-05
  5.80322458e-06 6.17903478e-06 1.07227725e-06 4.54280109e-07]
 [1.44646873e-04 1.17382959e-04 1.13162029e-04 2.91936668e-06
  1.34615036e-06 3.71324940e-08 6.83291020e-04 4.56699983e-05
  1.10420610e-05 2.35441030e-06 9.61508976e-07 2.62891237e-07]
 [5.93017818e-05 3.30953396e-05 1.44988224e-04 1.51299961e-06
  2.48605466e-06 1.50133534e-07 3.41450096e-04 4.00015733e-05
  3.34265155e-06 8.84649001e-06 8.86895576e-07 5.89303343e-07]
 [1.23576836e-04 3.36216889e-05 1.15322436e-04 3.22347666e-06
  1.50792771e-06 9.96817731e-08 2.77960271e-04 3.62287804e-05
  9.88615270e-06 2.59328914e-06 1.17887477e-06 2.69944300e-07]
 [5.01503346e-05 7.75438111e-05 1.43044405e-04 1.13343797e-06
  2.81392326e-06 1.19253753e-07 4.20352826e-04 4.49797180e-05
  1.09158664e-05 5.04336014e-06 1.59496968e-06 3.12932999e-07]]
Done!, time = 4.364057540893555s
