Begin!
Data shape = (250000, 5)
Begin sort function!
In centrality 0
In centrality 1
In centrality 2
In centrality 3
In centrality 4
In centrality 5
In centrality 6
end function sorter
Data shape = (250000, 5)
Begin sort function!
In centrality 0
In centrality 1
In centrality 2
In centrality 3
In centrality 4
In centrality 5
In centrality 6
end function sorter
Data shape = (250000, 5)
Begin sort function!
In centrality 0
In centrality 1
In centrality 2
In centrality 3
In centrality 4
In centrality 5
In centrality 6
end function sorter
Data shape = (250000, 5)
Begin sort function!
In centrality 0
In centrality 1
In centrality 2
In centrality 3
In centrality 4
In centrality 5
In centrality 6
end function sorter
Final results shape = (4, 7, 12)
mean value:
[[ 1.36721390e-02  1.00569028e-02  1.54612727e-02  1.73242030e-05
  -3.27397566e-07 -7.39945687e-07  8.17481249e-01  1.91980525e-03
   1.70795265e-05 -1.11582386e-04  2.74552532e-05 -5.79530912e-06]
 [ 1.48268788e-02  1.07959217e-02  1.66379875e-02  7.71753520e-06
   8.51732774e-07 -5.93742511e-07  8.09892199e-01  1.91662206e-03
   1.87493702e-05 -1.14538356e-04  2.96271297e-05 -6.15251419e-06]
 [ 1.56746918e-02  1.13974395e-02  1.75164506e-02  7.65010239e-07
  -1.64188232e-07 -5.11815687e-07  8.05986125e-01  1.93753500e-03
   1.90793741e-05 -1.13463274e-04  3.13747275e-05 -6.26328654e-06]
 [ 1.65661305e-02  1.21400927e-02  1.82475720e-02 -5.15086054e-06
   1.89503426e-06 -4.28473154e-07  8.02612651e-01  1.97525112e-03
   2.03804391e-05 -1.15780161e-04  3.37327862e-05 -6.76778965e-06]
 [ 1.71968046e-02  1.28578231e-02  1.88256305e-02 -6.47360152e-06
   1.77360871e-06 -4.67770462e-07  8.00296858e-01  2.01410359e-03
   2.08483183e-05 -1.13199079e-04  3.55045463e-05 -6.68962180e-06]
 [ 1.77760806e-02  1.35481772e-02  1.94634074e-02 -9.34766407e-06
  -2.66730800e-06 -4.06039735e-07  7.98906400e-01  2.04282577e-03
   2.25388172e-05 -1.13529319e-04  3.74404723e-05 -7.07175544e-06]
 [ 1.85576851e-02  1.42519271e-02  1.99065786e-02 -1.16199600e-05
  -3.15963212e-06 -3.25790741e-07  7.97662688e-01  2.08084859e-03
   2.30439350e-05 -1.11326288e-04  3.94718462e-05 -7.09825194e-06]]
std error:
[[5.08275986e-05 2.00313907e-05 9.65107327e-05 2.04784347e-06
  8.27211234e-07 2.44980156e-07 5.15383952e-04 2.18614297e-05
  2.09203985e-06 7.17217708e-06 6.56390656e-07 2.86602515e-07]
 [1.16880118e-04 2.97015247e-05 1.18015779e-04 6.19106934e-06
  1.62250777e-06 1.12814537e-07 2.85122959e-04 1.38832068e-05
  1.34358615e-06 4.56103420e-06 6.54727972e-07 2.05929342e-07]
 [8.35365030e-05 1.00768386e-04 5.60064460e-05 1.07741145e-06
  1.38608899e-06 3.15884395e-08 2.97535697e-04 9.59833075e-06
  9.17724080e-07 6.68049956e-06 2.73234868e-07 3.83858425e-07]
 [1.14457478e-04 4.01088363e-05 8.77053045e-05 8.40451564e-07
  9.69774575e-07 9.03091158e-08 2.99583129e-04 2.29037134e-05
  1.19652603e-06 3.87860279e-06 3.97274670e-07 2.00472867e-07]
 [1.65423957e-04 1.07123217e-04 7.19011149e-05 3.53546766e-06
  1.62163786e-06 7.25018622e-08 9.51400778e-05 1.77673431e-05
  7.61764683e-07 3.36940533e-06 3.80337320e-07 3.32429730e-07]
 [6.89578934e-05 2.53818376e-05 8.02687951e-05 2.55543137e-06
  1.95418088e-06 1.80531408e-07 1.46020081e-04 2.30211936e-05
  9.61489094e-07 3.40182560e-06 3.45863144e-07 2.44550450e-07]
 [7.70394511e-05 9.07255924e-05 1.15902040e-04 2.95423205e-06
  2.39520863e-06 4.54769673e-08 2.40205425e-04 1.87401862e-05
  9.53692450e-07 3.43135246e-06 6.99657148e-07 2.94386802e-07]]
Done!, time = 3.820491075515747s
