Begin!
Data shape = (250000, 5)
Begin sort function!
In centrality 0
In centrality 1
In centrality 2
In centrality 3
In centrality 4
In centrality 5
In centrality 6
end function sorter
Data shape = (250000, 5)
Begin sort function!
In centrality 0
In centrality 1
In centrality 2
In centrality 3
In centrality 4
In centrality 5
In centrality 6
end function sorter
Data shape = (250000, 5)
Begin sort function!
In centrality 0
In centrality 1
In centrality 2
In centrality 3
In centrality 4
In centrality 5
In centrality 6
end function sorter
Data shape = (250000, 5)
Begin sort function!
In centrality 0
In centrality 1
In centrality 2
In centrality 3
In centrality 4
In centrality 5
In centrality 6
end function sorter
Final results shape = (4, 7, 12)
mean value:
[[ 1.17702862e-02  1.08254060e-02  1.65589685e-02  1.55163982e-05
  -7.06580250e-07 -2.36411714e-08  7.71869322e-01  1.54618543e-03
   1.35175826e-05 -4.59531630e-05  1.85090636e-05 -2.35461409e-06]
 [ 1.25396979e-02  1.13089521e-02  1.72823541e-02  1.38577328e-05
  -1.87253251e-06 -7.37733643e-08  7.65208975e-01  1.53447013e-03
   1.48994404e-05 -4.34561295e-05  1.94149097e-05 -2.23674094e-06]
 [ 1.31175551e-02  1.18750340e-02  1.77622028e-02  1.29341967e-05
   4.49551930e-07 -1.62424321e-07  7.61159688e-01  1.55469234e-03
   1.54811464e-05 -4.98817581e-05  2.08857092e-05 -2.73361036e-06]
 [ 1.37489441e-02  1.23577407e-02  1.82784940e-02  1.26484379e-05
  -1.19118606e-06 -7.12610158e-08  7.57401923e-01  1.56885388e-03
   1.52187017e-05 -4.73100809e-05  2.20085704e-05 -2.65718475e-06]
 [ 1.42824782e-02  1.27453635e-02  1.88481312e-02  7.76663717e-06
  -3.00748559e-06 -1.85348060e-07  7.55076090e-01  1.58896394e-03
   1.63839344e-05 -5.13249295e-05  2.30265912e-05 -2.86138792e-06]
 [ 1.47756536e-02  1.32477733e-02  1.92719654e-02  9.49685987e-06
  -2.85878917e-06 -1.60153089e-07  7.52852970e-01  1.58914400e-03
   1.57149999e-05 -5.34701293e-05  2.37365677e-05 -3.18209901e-06]
 [ 1.52531119e-02  1.37391969e-02  1.96547702e-02  7.87075505e-06
  -3.23373810e-06 -1.99419046e-07  7.51654182e-01  1.62411812e-03
   1.67511274e-05 -5.06582910e-05  2.50677529e-05 -3.04877345e-06]]
std error:
[[1.12772215e-04 4.53618916e-05 1.07312822e-04 1.42136921e-06
  3.03369308e-06 1.64756498e-07 4.23272742e-04 2.33658527e-05
  9.74007673e-07 3.98400776e-06 3.43479269e-07 3.17165134e-07]
 [1.08121672e-04 1.33741405e-04 1.15587442e-04 4.31105971e-06
  8.35582810e-07 1.31966030e-07 2.43764807e-04 1.50639617e-05
  1.77501180e-06 2.30803061e-06 3.90555677e-07 1.71188283e-07]
 [7.81834846e-05 7.67554223e-05 1.04527216e-04 1.96666239e-06
  1.97489542e-06 4.63749481e-08 1.73098916e-04 1.51523717e-05
  5.12428659e-07 4.42152070e-06 4.62835670e-07 2.62566360e-07]
 [4.26531889e-05 5.35289602e-05 5.86279445e-05 2.22272210e-06
  1.91341136e-06 6.98156105e-08 2.57449949e-04 1.73603626e-05
  5.42209849e-07 1.17708984e-06 4.09742397e-07 1.87574085e-07]
 [6.58236234e-05 2.38734162e-05 1.21969923e-04 1.97622858e-06
  1.92826399e-06 2.94018631e-08 1.88794349e-04 1.77219990e-05
  1.86823395e-06 4.64802682e-07 3.04915727e-07 8.92256492e-08]
 [1.16617703e-04 1.15611775e-04 8.05639263e-05 2.20082691e-06
  2.50355990e-06 1.10995362e-07 3.26778850e-05 2.11636896e-05
  1.15614124e-06 2.73096880e-06 5.26251795e-07 1.18302574e-07]
 [8.92731201e-05 8.02039794e-05 1.23842468e-04 1.82648414e-06
  2.02834554e-06 1.60246122e-07 4.02009419e-04 7.68449030e-06
  6.11462497e-07 3.30464289e-06 2.98224433e-07 2.24492044e-07]]
Done!, time = 4.070884466171265s
