Begin!
Data shape = (250000, 5)
Begin sort function!
In centrality 0
In centrality 1
In centrality 2
In centrality 3
In centrality 4
In centrality 5
In centrality 6
end function sorter
Data shape = (250000, 5)
Begin sort function!
In centrality 0
In centrality 1
In centrality 2
In centrality 3
In centrality 4
In centrality 5
In centrality 6
end function sorter
Data shape = (250000, 5)
Begin sort function!
In centrality 0
In centrality 1
In centrality 2
In centrality 3
In centrality 4
In centrality 5
In centrality 6
end function sorter
Data shape = (250000, 5)
Begin sort function!
In centrality 0
In centrality 1
In centrality 2
In centrality 3
In centrality 4
In centrality 5
In centrality 6
end function sorter
Final results shape = (4, 7, 12)
mean value:
[[ 1.16887423e-02  1.04935996e-02  1.57538281e-02  1.04504477e-05
  -5.31941450e-07 -1.29416062e-07  8.93639201e-01  6.48440675e-03
   2.48601475e-04 -6.32504347e-05  7.50544852e-05 -3.11486691e-06]
 [ 1.24474805e-02  1.11409672e-02  1.65997310e-02  9.56637391e-06
  -2.15327556e-06 -1.23089321e-07  8.73872767e-01  6.13653453e-03
   2.27724961e-04 -6.95127069e-05  7.63038900e-05 -3.52994948e-06]
 [ 1.30151674e-02  1.16927126e-02  1.72903214e-02  8.28015718e-06
  -1.98648128e-06 -9.11527158e-08  8.63796020e-01  6.09677723e-03
   2.33624083e-04 -6.32945082e-05  7.85480708e-05 -3.32577440e-06]
 [ 1.36572181e-02  1.23106935e-02  1.78839518e-02  1.08450918e-05
  -7.56716025e-07 -8.12047741e-08  8.56378285e-01  6.21179805e-03
   2.50823676e-04 -5.66086683e-05  8.50282319e-05 -3.40956785e-06]
 [ 1.41251115e-02  1.28795708e-02  1.84919189e-02  7.00313018e-06
  -2.46718392e-06 -2.02957795e-07  8.51756533e-01  6.28033288e-03
   2.45765986e-04 -6.28577750e-05  8.79897975e-05 -3.60192945e-06]
 [ 1.45728942e-02  1.33328370e-02  1.90152135e-02  6.20673231e-06
  -3.66820775e-06 -2.27356490e-07  8.48868956e-01  6.40290907e-03
   2.51152719e-04 -6.24770162e-05  9.30058359e-05 -3.61913350e-06]
 [ 1.51326877e-02  1.38541070e-02  1.94318472e-02  7.72919155e-06
  -5.18548043e-06 -2.47089822e-07  8.47572935e-01  6.59863002e-03
   2.73682199e-04 -6.19194719e-05  9.92270990e-05 -3.91363953e-06]]
std error:
[[3.45344102e-05 9.26552580e-05 8.17719841e-05 2.99656221e-06
  1.38287148e-06 1.67996366e-07 4.78194986e-04 5.08583520e-05
  6.62142253e-06 8.20968655e-06 1.06701751e-06 3.11186888e-07]
 [9.99421509e-05 1.07562535e-04 9.90823766e-05 2.04745437e-06
  2.18062336e-06 8.85381975e-08 1.51160968e-04 3.07586726e-05
  3.53621000e-06 8.09281760e-06 1.92448158e-06 4.70099515e-07]
 [6.57492472e-05 5.40423533e-05 1.19417922e-04 2.03300004e-06
  1.59347933e-06 1.08129744e-07 3.74900734e-04 3.14442364e-05
  1.07160102e-05 4.70709492e-06 1.13972187e-06 3.04526102e-07]
 [2.56605068e-05 4.74581238e-05 1.14657469e-04 2.26402099e-06
  1.47014191e-06 1.43984413e-07 3.14147455e-04 5.01217686e-05
  5.54732306e-06 1.38874971e-06 3.77327623e-07 2.36510402e-07]
 [4.53283391e-05 2.64890287e-05 1.20195497e-04 2.12130503e-06
  1.11190858e-06 7.26164561e-08 4.95337318e-04 2.65490756e-05
  9.60495752e-06 6.84448998e-06 6.29810119e-07 3.48203205e-07]
 [9.69635363e-05 8.32322115e-05 1.63111475e-04 2.83517454e-06
  2.28857547e-06 6.79547112e-08 3.44974902e-04 6.26964505e-05
  1.24338581e-05 7.42117223e-06 9.65475893e-07 3.72834089e-07]
 [6.20758723e-05 3.47740890e-05 8.87612617e-05 2.51781310e-06
  2.33954473e-06 9.83343971e-08 5.11336445e-04 4.35955872e-05
  4.54058583e-06 3.76757567e-06 7.79147011e-07 3.31133486e-07]]
Done!, time = 4.336201906204224s
