Begin!
Data shape = (250000, 5)
Begin sort function!
In centrality 0
In centrality 1
In centrality 2
In centrality 3
In centrality 4
In centrality 5
In centrality 6
end function sorter
Data shape = (250000, 5)
Begin sort function!
In centrality 0
In centrality 1
In centrality 2
In centrality 3
In centrality 4
In centrality 5
In centrality 6
end function sorter
Data shape = (250000, 5)
Begin sort function!
In centrality 0
In centrality 1
In centrality 2
In centrality 3
In centrality 4
In centrality 5
In centrality 6
end function sorter
Data shape = (250000, 5)
Begin sort function!
In centrality 0
In centrality 1
In centrality 2
In centrality 3
In centrality 4
In centrality 5
In centrality 6
end function sorter
Final results shape = (4, 7, 12)
mean value:
[[ 1.22609640e-02  1.01049115e-02  1.61545224e-02  1.95993451e-05
   1.31706222e-06 -2.28013581e-07  8.44052614e-01  6.03999846e-03
   2.65478872e-04 -5.96776180e-05  7.34199655e-05 -3.01209393e-06]
 [ 1.31525934e-02  1.07596994e-02  1.71652353e-02  1.97839007e-05
   4.68386885e-08 -1.71049314e-07  8.25797967e-01  5.65262130e-03
   2.26290734e-04 -4.62790569e-05  7.34471276e-05 -2.32870982e-06]
 [ 1.40960342e-02  1.15912330e-02  1.79399905e-02  1.77186981e-05
   5.52240245e-07 -3.23678886e-07  8.15145806e-01  5.66606526e-03
   2.36792261e-04 -5.38554268e-05  7.91833807e-05 -3.11345249e-06]
 [ 1.48510928e-02  1.23891834e-02  1.86598243e-02  1.41349815e-05
   3.35728843e-09 -3.33322002e-07  8.07798593e-01  5.77794940e-03
   2.53372468e-04 -4.86720389e-05  8.60072210e-05 -2.79110640e-06]
 [ 1.56103357e-02  1.29489718e-02  1.92126290e-02  1.25765081e-05
   6.30689547e-07 -3.77556855e-07  8.03329354e-01  5.92594188e-03
   2.63051826e-04 -5.43142278e-05  9.17433520e-05 -3.30773005e-06]
 [ 1.62772772e-02  1.35208306e-02  1.96997240e-02  9.13168261e-06
   3.40720836e-07 -4.50513426e-07  8.00185353e-01  6.04600763e-03
   2.55277777e-04 -5.01028117e-05  9.77161470e-05 -3.22005328e-06]
 [ 1.68371881e-02  1.40817074e-02  2.00973690e-02  1.00225272e-05
  -1.06977590e-06 -4.88436549e-07  7.98550144e-01  6.21310848e-03
   2.68651722e-04 -5.34582743e-05  1.04869032e-04 -3.56936415e-06]]
std error:
[[5.88694448e-05 6.47157614e-05 1.48806008e-04 4.69716317e-06
  1.70754530e-06 4.93147858e-08 7.40242843e-04 1.16137906e-04
  2.44539433e-05 8.19146109e-06 2.50264841e-06 4.64103753e-07]
 [2.77017140e-05 3.04573246e-05 7.03117931e-05 2.71812163e-06
  2.06128175e-06 1.31776775e-07 5.76564371e-04 2.70747712e-05
  8.26788490e-06 4.51610396e-06 2.51893297e-07 4.08912950e-07]
 [1.11469799e-04 8.39421796e-05 8.50740827e-05 2.52981280e-06
  1.84637888e-06 3.51900223e-08 4.49391306e-04 3.54086733e-05
  2.91340380e-06 1.94661932e-06 1.41601200e-06 3.34484952e-07]
 [7.48626653e-05 8.48569215e-05 5.90277500e-05 2.14187495e-06
  2.69296220e-06 1.43486695e-07 1.91098214e-04 6.63535602e-05
  1.17654995e-05 4.20298866e-06 6.38438744e-07 2.55217318e-07]
 [3.77633621e-05 4.34807582e-05 8.54776768e-05 5.22035288e-06
  1.80836646e-06 7.89439952e-08 3.00035297e-04 3.85665419e-05
  1.08802503e-05 1.09978944e-05 9.61990757e-07 6.50083228e-07]
 [5.39736275e-05 5.41198502e-05 6.27579178e-05 3.43558537e-06
  2.14957110e-06 1.42265003e-07 3.52136738e-04 1.51069075e-05
  2.95870301e-06 3.68987407e-06 8.77597865e-07 1.34576753e-07]
 [9.64125777e-05 9.30761660e-05 3.73418281e-05 1.73840343e-06
  1.44555680e-06 1.75639618e-07 5.44414990e-04 9.05473638e-05
  9.89378990e-06 4.76658446e-06 1.31391138e-06 4.07660164e-07]]
Done!, time = 4.554960489273071s
