Begin!
Data shape = (250000, 5)
Begin sort function!
In centrality 0
In centrality 1
In centrality 2
In centrality 3
In centrality 4
In centrality 5
In centrality 6
end function sorter
Data shape = (250000, 5)
Begin sort function!
In centrality 0
In centrality 1
In centrality 2
In centrality 3
In centrality 4
In centrality 5
In centrality 6
end function sorter
Data shape = (250000, 5)
Begin sort function!
In centrality 0
In centrality 1
In centrality 2
In centrality 3
In centrality 4
In centrality 5
In centrality 6
end function sorter
Data shape = (250000, 5)
Begin sort function!
In centrality 0
In centrality 1
In centrality 2
In centrality 3
In centrality 4
In centrality 5
In centrality 6
end function sorter
Final results shape = (4, 7, 12)
mean value:
[[ 1.17599452e-02  1.10348158e-02  1.56746740e-02  1.88767975e-06
   1.65427651e-07 -1.38621817e-07  8.19133079e-01  1.69802009e-03
   1.30437415e-05 -4.82732606e-05  2.03682265e-05 -2.14432229e-06]
 [ 1.23771787e-02  1.14032342e-02  1.61832126e-02  2.67701076e-06
  -2.33089383e-06 -1.38677987e-07  8.12630898e-01  1.68992136e-03
   1.44507132e-05 -5.57376060e-05  2.13449766e-05 -2.58478599e-06]
 [ 1.29129639e-02  1.18890365e-02  1.66512782e-02 -4.14661928e-07
  -1.78405096e-06 -1.29539890e-07  8.08758795e-01  1.69755233e-03
   1.44856803e-05 -4.85671327e-05  2.23193177e-05 -2.35094559e-06]
 [ 1.33111385e-02  1.22977773e-02  1.73406677e-02 -3.08332535e-06
  -2.24057467e-06 -8.79252927e-08  8.05517337e-01  1.69524849e-03
   1.40133621e-05 -4.89804706e-05  2.31486252e-05 -2.31867634e-06]
 [ 1.37946198e-02  1.26530201e-02  1.77023500e-02 -5.72256762e-06
  -2.27818382e-06 -3.99659154e-08  8.03384194e-01  1.73129430e-03
   1.54505155e-05 -5.20612159e-05  2.41469763e-05 -2.63719574e-06]
 [ 1.41857645e-02  1.30274998e-02  1.82249150e-02 -4.81515255e-06
  -9.39365940e-07 -1.24292794e-07  8.01600293e-01  1.75304324e-03
   1.52555364e-05 -5.11318536e-05  2.52930844e-05 -2.63534785e-06]
 [ 1.45770904e-02  1.35824968e-02  1.87047402e-02 -4.30014261e-06
  -1.85531993e-06 -1.48748224e-07  8.00511408e-01  1.76771750e-03
   1.57070530e-05 -4.61963631e-05  2.59836278e-05 -2.37897529e-06]]
std error:
[[9.19498264e-05 1.08763739e-04 2.14291599e-04 1.83744570e-06
  9.30630830e-07 3.06393365e-08 2.25026952e-04 2.36222697e-05
  2.28876482e-06 2.09496055e-06 5.69802294e-07 9.22363315e-08]
 [1.13920617e-04 3.45399991e-05 7.61325376e-05 3.63072936e-06
  3.97264544e-06 9.09759669e-09 1.13078192e-04 1.41207570e-05
  5.40010199e-07 1.76139419e-06 2.48156377e-07 8.89601206e-08]
 [8.49637352e-05 5.88260703e-05 1.40841165e-04 2.38552920e-06
  1.39510972e-06 6.16384144e-08 2.16589714e-04 1.10216871e-05
  5.56256512e-07 2.66113219e-06 2.06416351e-07 1.91291919e-07]
 [4.55070366e-05 3.29408908e-05 1.09958217e-04 1.35894923e-06
  1.63331076e-06 2.08255518e-08 1.17862256e-04 1.61645885e-05
  1.61274990e-06 8.19933949e-07 3.15119080e-07 1.40793168e-07]
 [9.83159632e-05 3.68988720e-05 1.07936007e-04 3.17687950e-06
  1.12407663e-06 1.03773670e-07 2.76558533e-04 1.66767704e-05
  7.01900816e-07 2.90792105e-06 2.47735964e-07 1.25749559e-07]
 [4.21871949e-05 4.17572143e-05 1.40002934e-04 2.03992251e-06
  2.10166368e-06 7.51376001e-08 1.68628259e-04 5.59036079e-06
  1.04425380e-06 3.94829808e-06 2.58002929e-07 2.64842513e-07]
 [8.25488479e-05 1.28338271e-04 1.33928831e-04 1.02279611e-06
  1.41229266e-06 4.63478622e-08 1.18132319e-04 2.50371049e-05
  7.22922911e-07 4.13504557e-06 4.02884741e-07 3.02373136e-07]]
Done!, time = 4.0951666831970215s
