Begin!
Data shape = (250000, 5)
Begin sort function!
In centrality 0
In centrality 1
In centrality 2
In centrality 3
In centrality 4
In centrality 5
In centrality 6
end function sorter
Data shape = (250000, 5)
Begin sort function!
In centrality 0
In centrality 1
In centrality 2
In centrality 3
In centrality 4
In centrality 5
In centrality 6
end function sorter
Data shape = (250000, 5)
Begin sort function!
In centrality 0
In centrality 1
In centrality 2
In centrality 3
In centrality 4
In centrality 5
In centrality 6
end function sorter
Data shape = (250000, 5)
Begin sort function!
In centrality 0
In centrality 1
In centrality 2
In centrality 3
In centrality 4
In centrality 5
In centrality 6
end function sorter
Final results shape = (4, 7, 12)
mean value:
[[ 1.76261476e-02  1.08524612e-02  1.54566019e-02  1.57534423e-05
  -1.32602852e-06 -1.27969786e-06  9.06008438e-01  6.74086031e-03
   2.64784416e-04 -2.17610886e-04  1.18514054e-04 -1.43968437e-05]
 [ 1.88754084e-02  1.14255407e-02  1.62928622e-02 -3.75316049e-07
  -2.20544937e-06 -1.26292372e-06  8.85176558e-01  6.43020194e-03
   2.69879390e-04 -2.25109360e-04  1.20270439e-04 -1.53332656e-05]
 [ 1.98087011e-02  1.19307160e-02  1.70075752e-02 -1.02261749e-05
  -3.14385955e-06 -9.91351922e-07  8.74046166e-01  6.41939409e-03
   2.59527224e-04 -2.28198216e-04  1.26236583e-04 -1.60277670e-05]
 [ 2.03902563e-02  1.23869323e-02  1.78014754e-02 -1.61277867e-05
  -2.57483550e-06 -9.04972389e-07  8.65326628e-01  6.39388293e-03
   2.51783713e-04 -2.26334374e-04  1.27898948e-04 -1.60034527e-05]
 [ 2.11340302e-02  1.30053038e-02  1.85411935e-02 -2.11647253e-05
  -2.09943245e-06 -8.17305860e-07  8.59401603e-01  6.53202328e-03
   2.62036678e-04 -2.33752761e-04  1.37090553e-04 -1.72319072e-05]
 [ 2.15278496e-02  1.35595799e-02  1.91021824e-02 -2.23234828e-05
  -3.68114974e-06 -8.89843228e-07  8.55789442e-01  6.68179802e-03
   2.67907912e-04 -2.36098343e-04  1.42531416e-04 -1.73258743e-05]
 [ 2.19886852e-02  1.39668998e-02  1.96756052e-02 -2.50371962e-05
  -4.07810809e-06 -6.20207424e-07  8.52953669e-01  6.79030038e-03
   2.74868436e-04 -2.32557887e-04  1.47646489e-04 -1.75130809e-05]]
std error:
[[1.41014748e-04 4.06081428e-05 1.30872209e-04 5.29791384e-06
  3.13563919e-06 1.94432840e-07 8.55774672e-04 7.26559514e-05
  1.79142064e-05 1.13632993e-05 1.46341172e-06 6.48893705e-07]
 [1.38897446e-04 1.34045855e-04 1.36640421e-04 4.25689693e-06
  2.07421202e-06 1.44941512e-07 3.72910651e-04 1.09111821e-04
  1.04769387e-05 1.32912438e-05 2.22649470e-06 8.11921027e-07]
 [4.41607732e-05 5.67102309e-05 7.78498124e-05 3.01188501e-06
  1.95801180e-06 1.79585045e-07 4.67363012e-04 6.12021606e-05
  1.76804766e-05 8.79100125e-06 1.71825875e-06 5.75000708e-07]
 [3.80999570e-05 5.72851429e-05 9.11846473e-05 7.37926474e-06
  2.02723641e-06 2.52020327e-07 4.06054255e-04 4.55777428e-05
  6.06935750e-06 1.10386975e-05 1.28794910e-06 1.20457192e-06]
 [6.31238315e-05 7.61017088e-05 9.76664489e-05 2.91789838e-06
  2.69154087e-06 1.56912775e-07 5.62641276e-04 6.20882351e-05
  1.33800628e-05 1.60564896e-05 1.60721665e-06 1.21079639e-06]
 [1.40678631e-04 6.76572106e-05 5.87857547e-05 1.02225273e-06
  1.28710866e-06 1.56256532e-07 4.61914376e-04 6.64154843e-05
  9.18635144e-06 4.58416440e-06 2.27784621e-06 4.70108313e-07]
 [1.59477697e-04 8.12080976e-05 4.12333208e-05 3.75170024e-06
  2.81106300e-06 7.57496443e-08 2.29029117e-04 3.54653633e-05
  9.84357321e-06 1.19596806e-05 1.97604754e-06 1.15523124e-06]]
Done!, time = 3.831583261489868s
