Begin!
Data shape = (250000, 5)
Begin sort function!
In centrality 0
In centrality 1
In centrality 2
In centrality 3
In centrality 4
In centrality 5
In centrality 6
end function sorter
Data shape = (250000, 5)
Begin sort function!
In centrality 0
In centrality 1
In centrality 2
In centrality 3
In centrality 4
In centrality 5
In centrality 6
end function sorter
Data shape = (250000, 5)
Begin sort function!
In centrality 0
In centrality 1
In centrality 2
In centrality 3
In centrality 4
In centrality 5
In centrality 6
end function sorter
Data shape = (250000, 5)
Begin sort function!
In centrality 0
In centrality 1
In centrality 2
In centrality 3
In centrality 4
In centrality 5
In centrality 6
end function sorter
Final results shape = (4, 7, 12)
mean value:
[[ 1.20466157e-02  1.12018855e-02  1.57358166e-02 -2.16475106e-07
  -4.21593318e-06 -1.08550538e-07  8.48670538e-01  5.01581432e-03
   1.51894304e-04 -5.02151683e-05  5.89265897e-05 -2.12870326e-06]
 [ 1.26503624e-02  1.16355644e-02  1.64880400e-02 -5.10433756e-06
  -2.65541157e-06 -6.69566234e-08  8.31250691e-01  4.80131839e-03
   1.50617994e-04 -5.08284359e-05  6.06967429e-05 -2.49192975e-06]
 [ 1.31604241e-02  1.19696364e-02  1.70507291e-02 -5.14502198e-06
  -3.03960480e-06 -3.06660616e-08  8.21814308e-01  4.74586369e-03
   1.45891249e-04 -5.42814333e-05  6.15276210e-05 -2.63536631e-06]
 [ 1.36464705e-02  1.25403948e-02  1.77189075e-02 -6.15334871e-06
  -2.28970027e-06 -9.49089915e-08  8.14171134e-01  4.79852610e-03
   1.48725671e-04 -5.12159194e-05  6.46772394e-05 -2.57820352e-06]
 [ 1.41531235e-02  1.29736091e-02  1.82346126e-02 -6.57057171e-06
  -4.04482627e-06 -4.41164384e-08  8.08954202e-01  4.86890132e-03
   1.52489659e-04 -4.87827288e-05  6.83470454e-05 -2.65583482e-06]
 [ 1.45358759e-02  1.34192595e-02  1.86672093e-02 -5.10817725e-06
  -2.58602427e-06 -1.41399519e-07  8.05573460e-01  4.90601470e-03
   1.49053691e-04 -4.75457493e-05  7.12680493e-05 -2.38527100e-06]
 [ 1.49364387e-02  1.38029752e-02  1.90732233e-02 -7.56584196e-06
  -3.30142346e-06 -4.27181331e-08  8.02563024e-01  5.05757693e-03
   1.58828960e-04 -4.46787802e-05  7.47526596e-05 -2.44461821e-06]]
std error:
[[1.26155628e-04 1.77258581e-04 1.88712081e-04 1.15170882e-06
  1.60281443e-06 4.31977323e-08 1.34193378e-04 3.50747385e-05
  7.67175214e-06 2.36267335e-06 1.17292806e-06 4.50462410e-08]
 [8.30811991e-05 5.69410531e-05 1.42157439e-04 1.26867346e-06
  2.51251264e-06 3.09965697e-08 5.02418450e-04 4.15432875e-05
  7.67744149e-06 6.22993710e-06 1.21542652e-06 3.85457904e-07]
 [7.79648075e-05 4.57265552e-05 1.30516010e-04 7.71212660e-07
  1.10770105e-06 6.20116097e-08 2.34951622e-04 3.19284957e-05
  6.05454020e-06 4.13121596e-06 6.14144668e-07 1.33232166e-07]
 [3.72406824e-05 4.29533027e-05 1.38883500e-04 2.23895213e-06
  2.13809030e-06 6.91300462e-08 2.63003166e-04 2.13511516e-05
  1.75210825e-06 1.44709161e-06 9.36336284e-07 5.91417735e-08]
 [1.04253070e-04 8.92312456e-05 5.20373500e-05 1.50907300e-06
  1.08720875e-06 9.98893233e-08 1.71467338e-04 3.52299482e-05
  7.13699540e-06 4.35912515e-06 6.67248277e-07 3.90362744e-07]
 [4.38243569e-05 4.71027615e-05 2.09052783e-05 3.17464682e-06
  1.27359613e-06 7.42390895e-08 1.73048389e-04 2.02558147e-05
  2.90238919e-06 5.54480736e-06 7.47309794e-07 4.14163611e-07]
 [2.16784728e-05 8.13691824e-05 7.20248778e-05 2.51812402e-06
  2.81960715e-06 8.70256405e-08 5.65330914e-04 3.33049824e-05
  4.44602711e-06 6.94025559e-06 4.76362560e-07 4.12141225e-07]]
Done!, time = 2.733738660812378s
