Begin!
Data shape = (250000, 5)
Begin sort function!
In centrality 0
In centrality 1
In centrality 2
In centrality 3
In centrality 4
In centrality 5
In centrality 6
end function sorter
Data shape = (250000, 5)
Begin sort function!
In centrality 0
In centrality 1
In centrality 2
In centrality 3
In centrality 4
In centrality 5
In centrality 6
end function sorter
Data shape = (250000, 5)
Begin sort function!
In centrality 0
In centrality 1
In centrality 2
In centrality 3
In centrality 4
In centrality 5
In centrality 6
end function sorter
Data shape = (250000, 5)
Begin sort function!
In centrality 0
In centrality 1
In centrality 2
In centrality 3
In centrality 4
In centrality 5
In centrality 6
end function sorter
Final results shape = (4, 7, 12)
mean value:
[[ 1.50087960e-02  1.10040832e-02  1.56458879e-02  3.68472447e-05
  -1.60137947e-06 -3.56514613e-07  8.53016307e-01  5.39889262e-03
   1.80622060e-04 -1.18161006e-04  8.14675678e-05 -7.71121465e-06]
 [ 1.60450034e-02  1.16556722e-02  1.64195999e-02  2.92532333e-05
  -4.11457664e-06 -7.24157837e-07  8.34281818e-01  5.09332957e-03
   1.83649600e-04 -1.06803047e-04  8.10517506e-05 -7.49877971e-06]
 [ 1.69462543e-02  1.21214464e-02  1.70864781e-02  2.44950345e-05
  -1.33615420e-06 -7.20759172e-07  8.23789051e-01  5.04118747e-03
   1.74528073e-04 -1.18572441e-04  8.46606184e-05 -7.82284053e-06]
 [ 1.77339155e-02  1.25802339e-02  1.79557875e-02  2.30948251e-05
  -2.83146167e-06 -8.04600372e-07  8.15485699e-01  5.14971541e-03
   1.79656176e-04 -1.29832734e-04  9.03578097e-05 -9.03474454e-06]
 [ 1.84742428e-02  1.30488273e-02  1.84260588e-02  1.85281158e-05
  -3.49209914e-06 -9.10054193e-07  8.09912458e-01  5.22197449e-03
   1.88599141e-04 -1.34811507e-04  9.56165587e-05 -9.57900982e-06]
 [ 1.88406292e-02  1.34549366e-02  1.89036714e-02  1.72964779e-05
  -2.61546447e-06 -7.67154620e-07  8.05687646e-01  5.36268915e-03
   2.01961929e-04 -1.34552842e-04  9.95405262e-05 -9.84102050e-06]
 [ 1.94592566e-02  1.39850839e-02  1.94400639e-02  1.23857176e-05
  -3.85809950e-06 -8.31638802e-07  8.02813354e-01  5.48821762e-03
   2.11945876e-04 -1.37848659e-04  1.04989573e-04 -1.05509576e-05]]
std error:
[[6.43503376e-05 7.92644436e-05 1.16015330e-04 5.33863511e-06
  2.37227591e-06 4.76211281e-07 3.09278257e-04 6.85370955e-05
  8.09905748e-06 1.01137892e-05 9.60968948e-07 7.30486840e-07]
 [1.78655805e-04 1.60221325e-04 8.76598101e-05 3.44545311e-06
  2.48259450e-06 2.31063817e-07 1.27411328e-04 6.61582481e-05
  9.16601978e-06 1.19435794e-05 1.47259747e-06 1.14305704e-06]
 [7.97189255e-05 5.15302777e-05 5.73250063e-05 4.42050505e-06
  1.32059508e-06 2.60092415e-07 4.02132185e-04 4.12307367e-05
  6.55248965e-06 6.29761737e-06 9.36340827e-07 4.11098308e-07]
 [1.69754775e-05 7.64454044e-05 7.64153503e-05 4.36681451e-06
  1.90391536e-06 2.45424243e-07 4.33405780e-04 4.93175605e-05
  8.29101246e-06 4.79642369e-06 1.38638770e-06 4.55387751e-07]
 [1.02882671e-04 2.50648234e-05 1.77968570e-04 2.15694538e-06
  8.21061532e-07 3.06134278e-07 2.99881761e-04 2.87537855e-05
  8.95642289e-06 3.91670425e-06 7.87798215e-07 3.19964184e-07]
 [1.35564806e-04 5.06892615e-05 5.36811203e-05 2.61600038e-06
  2.14064730e-06 2.44759905e-07 1.75473243e-04 2.40223239e-05
  1.07741228e-05 4.88903981e-06 8.06818557e-07 6.41416019e-07]
 [1.25478396e-04 7.26432420e-05 8.07813427e-05 2.17979813e-06
  2.71554080e-06 2.72659626e-07 1.02766449e-04 4.72595749e-05
  7.22575714e-06 8.15622005e-06 6.38720250e-07 5.51013760e-07]]
Done!, time = 4.278695344924927s
