Begin!
Data shape = (250000, 5)
Begin sort function!
In centrality 0
In centrality 1
In centrality 2
In centrality 3
In centrality 4
In centrality 5
In centrality 6
end function sorter
Data shape = (250000, 5)
Begin sort function!
In centrality 0
In centrality 1
In centrality 2
In centrality 3
In centrality 4
In centrality 5
In centrality 6
end function sorter
Data shape = (250000, 5)
Begin sort function!
In centrality 0
In centrality 1
In centrality 2
In centrality 3
In centrality 4
In centrality 5
In centrality 6
end function sorter
Data shape = (250000, 5)
Begin sort function!
In centrality 0
In centrality 1
In centrality 2
In centrality 3
In centrality 4
In centrality 5
In centrality 6
end function sorter
Final results shape = (4, 7, 12)
mean value:
[[ 1.31973322e-02  9.98785287e-03  1.53428646e-02  4.13964288e-05
   9.72443475e-07 -4.08946270e-07  8.04201075e-01  7.01752043e-04
  -9.17917072e-07 -1.26646856e-04  1.17764327e-05 -7.33046268e-06]
 [ 1.44535876e-02  1.05994971e-02  1.63785455e-02  4.12819253e-05
   1.39361769e-06 -4.87420392e-07  8.01431864e-01  7.06864025e-04
   2.09061142e-07 -1.35154467e-04  1.24198910e-05 -8.17301024e-06]
 [ 1.55636642e-02  1.13383850e-02  1.72982586e-02  3.44899907e-05
   1.98428299e-06 -5.08079366e-07  7.99454228e-01  7.19543230e-04
   7.26577309e-07 -1.37334079e-04  1.33058101e-05 -8.70872211e-06]
 [ 1.67384940e-02  1.20920909e-02  1.80935812e-02  2.62267270e-05
   2.25329200e-06 -6.80795706e-07  7.97849013e-01  7.40443158e-04
   1.17260996e-06 -1.40602434e-04  1.43394647e-05 -9.18154834e-06]
 [ 1.77295706e-02  1.27836281e-02  1.87615818e-02  2.98214014e-05
  -1.13273764e-06 -4.77420283e-07  7.96972923e-01  7.52577228e-04
   1.86267886e-06 -1.44325858e-04  1.53861387e-05 -1.02039051e-05]
 [ 1.85349913e-02  1.36475830e-02  1.92977107e-02  2.21765127e-05
  -4.78313916e-09 -6.77260542e-07  7.96355687e-01  7.65163173e-04
   1.72340011e-06 -1.44921407e-04  1.60477001e-05 -1.05021776e-05]
 [ 1.94712196e-02  1.43719873e-02  1.98664896e-02  1.98769551e-05
   1.73705127e-07 -6.16756690e-07  7.95743275e-01  7.87387157e-04
   2.47948107e-06 -1.44423420e-04  1.72031889e-05 -1.09385292e-05]]
std error:
[[7.54656087e-05 2.59147842e-05 7.98447259e-05 2.34314339e-06
  9.53436947e-07 2.16057000e-07 2.22800836e-04 5.11900199e-06
  1.76055661e-07 9.97263756e-07 9.64538802e-08 2.61297336e-07]
 [1.23149711e-04 5.19404349e-05 1.17600887e-04 2.47661973e-06
  1.76915185e-06 2.00115190e-07 1.12273453e-04 4.80643360e-06
  3.21823584e-07 1.89370800e-06 2.70775944e-07 6.83563956e-08]
 [1.04264192e-04 4.23826097e-05 6.36784577e-05 2.27190179e-06
  1.14148094e-06 2.89093891e-07 1.10480169e-04 4.93074009e-06
  2.74196290e-07 3.17233870e-06 9.86940124e-08 2.48437264e-07]
 [9.65570322e-05 7.80109182e-05 7.10096609e-05 3.74339035e-06
  1.28103612e-06 9.25910226e-08 6.68847289e-05 3.25508676e-06
  3.54619404e-07 3.02397077e-06 1.90402528e-07 2.55716494e-07]
 [5.72134404e-05 3.26127137e-05 6.84475821e-05 3.43257465e-06
  1.84274063e-06 3.09937099e-07 1.20701914e-04 1.03642886e-05
  5.54607102e-07 3.99821274e-06 3.58548597e-07 5.25031698e-07]
 [7.12396108e-05 2.37345285e-05 5.30770616e-05 2.24222178e-06
  3.07348050e-06 2.61098064e-07 1.99666361e-04 4.41019204e-06
  2.65234902e-07 2.58901178e-06 1.22232927e-07 2.95472631e-07]
 [8.76174240e-05 8.15871198e-05 9.32210969e-05 3.42393545e-06
  2.38514817e-06 3.22418174e-07 1.72232576e-04 1.10493692e-05
  1.66474978e-07 3.51891568e-06 2.74789962e-07 2.24995246e-07]]
Done!, time = 4.361309766769409s
