Begin!
Data shape = (250000, 5)
Begin sort function!
In centrality 0
In centrality 1
In centrality 2
In centrality 3
In centrality 4
In centrality 5
In centrality 6
end function sorter
Data shape = (250000, 5)
Begin sort function!
In centrality 0
In centrality 1
In centrality 2
In centrality 3
In centrality 4
In centrality 5
In centrality 6
end function sorter
Data shape = (250000, 5)
Begin sort function!
In centrality 0
In centrality 1
In centrality 2
In centrality 3
In centrality 4
In centrality 5
In centrality 6
end function sorter
Data shape = (250000, 5)
Begin sort function!
In centrality 0
In centrality 1
In centrality 2
In centrality 3
In centrality 4
In centrality 5
In centrality 6
end function sorter
Final results shape = (4, 7, 12)
mean value:
[[ 1.43582050e-02  1.11455677e-02  1.58230543e-02  3.73667851e-05
  -1.71310419e-06 -4.60228554e-07  7.81108518e-01  1.71639163e-03
   1.57243712e-05 -1.05595854e-04  2.57627806e-05 -6.49825065e-06]
 [ 1.57745931e-02  1.17879425e-02  1.67213169e-02  3.83096129e-05
  -8.26796173e-07 -3.32709372e-07  7.72645482e-01  1.68179106e-03
   1.58762454e-05 -1.17680248e-04  2.79594569e-05 -7.94142408e-06]
 [ 1.66922391e-02  1.20219904e-02  1.72692518e-02  3.06710819e-05
  -2.77548623e-06 -6.12771295e-07  7.67846188e-01  1.67800479e-03
   1.58961180e-05 -1.22180780e-04  2.88718665e-05 -8.23930431e-06]
 [ 1.75172233e-02  1.26048840e-02  1.77414382e-02  2.91210243e-05
  -1.06983340e-06 -8.63534573e-07  7.63660594e-01  1.69961771e-03
   1.76694746e-05 -1.24577778e-04  3.06595110e-05 -8.77333611e-06]
 [ 1.82515371e-02  1.29337131e-02  1.84376196e-02  2.59647548e-05
  -3.45914899e-06 -7.75352753e-07  7.60640569e-01  1.72271621e-03
   1.71272812e-05 -1.28431623e-04  3.25356889e-05 -9.16863377e-06]
 [ 1.87942702e-02  1.33755063e-02  1.88333673e-02  1.83639589e-05
  -3.99917784e-06 -7.94840780e-07  7.58073762e-01  1.74624305e-03
   1.98809851e-05 -1.27641445e-04  3.35803380e-05 -9.12229498e-06]
 [ 1.94984765e-02  1.37278652e-02  1.92590800e-02  1.80200313e-05
  -3.89952800e-06 -6.82606650e-07  7.55940818e-01  1.76151512e-03
   2.02298471e-05 -1.25337017e-04  3.49730821e-05 -9.42240638e-06]]
std error:
[[1.53027294e-04 7.95245173e-05 8.85017803e-05 3.80863744e-06
  1.75605516e-06 1.88613237e-07 3.50864313e-04 2.42318758e-05
  1.05860730e-06 5.43425760e-06 7.96258148e-07 4.43768829e-07]
 [1.33415728e-04 1.17251283e-04 1.74962011e-04 4.70146957e-06
  2.00353239e-06 4.62074173e-08 5.53695762e-04 2.34278768e-05
  1.14942329e-06 6.12724960e-06 4.25890462e-07 6.83204410e-07]
 [1.04819313e-04 7.77578320e-05 1.04390983e-04 1.84201248e-06
  1.85624292e-06 2.32022535e-07 2.65149073e-04 1.71821062e-05
  4.51756222e-07 1.58310138e-06 6.58049551e-07 3.04552029e-07]
 [2.28808960e-04 4.01901134e-05 7.88701948e-05 5.66865642e-06
  9.67916252e-07 1.04108933e-07 1.85757604e-04 8.34711085e-06
  1.40402922e-06 7.43887531e-06 3.67583168e-07 6.34699684e-07]
 [9.91190575e-05 1.50521077e-04 2.57077007e-05 5.83411754e-06
  2.38232881e-06 2.38189521e-07 1.61369573e-04 1.59450135e-05
  1.43997198e-06 2.51567630e-06 1.44381740e-07 3.12361123e-07]
 [6.59287188e-05 1.23074194e-04 1.25630834e-04 2.60131901e-06
  1.24994164e-06 3.72808270e-07 8.89432054e-05 1.13937716e-05
  1.31789602e-06 3.99483814e-06 6.14866706e-07 4.68766163e-07]
 [1.50061321e-04 6.67060829e-05 5.56187455e-05 6.19422090e-06
  2.21924384e-06 2.26191231e-07 2.02694396e-04 7.91664604e-06
  1.90050253e-06 5.41628009e-06 5.68598569e-07 5.05268069e-07]]
Done!, time = 1.979698896408081s
