Begin!
Data shape = (250000, 5)
Begin sort function!
In centrality 0
In centrality 1
In centrality 2
In centrality 3
In centrality 4
In centrality 5
In centrality 6
end function sorter
Data shape = (250000, 5)
Begin sort function!
In centrality 0
In centrality 1
In centrality 2
In centrality 3
In centrality 4
In centrality 5
In centrality 6
end function sorter
Data shape = (250000, 5)
Begin sort function!
In centrality 0
In centrality 1
In centrality 2
In centrality 3
In centrality 4
In centrality 5
In centrality 6
end function sorter
Data shape = (250000, 5)
Begin sort function!
In centrality 0
In centrality 1
In centrality 2
In centrality 3
In centrality 4
In centrality 5
In centrality 6
end function sorter
Final results shape = (4, 7, 12)
mean value:
[[ 1.93372069e-02  9.95271317e-03  1.44356553e-02  8.80270723e-05
   4.35454365e-07 -2.87509646e-06  9.11695613e-01  7.93397548e-03
   4.01537719e-04 -2.55140495e-04  1.49426612e-04 -2.10291326e-05]
 [ 2.12921038e-02  1.07890153e-02  1.54026353e-02  6.96560048e-05
   1.86077850e-07 -3.61046781e-06  8.88879231e-01  7.51837613e-03
   3.93148666e-04 -2.48717375e-04  1.56640561e-04 -2.09035717e-05]
 [ 2.28144613e-02  1.14476755e-02  1.65344694e-02  5.23895974e-05
   6.92518689e-07 -3.91568856e-06  8.77112502e-01  7.54748955e-03
   3.70896815e-04 -2.84114089e-04  1.69380159e-04 -2.47200843e-05]
 [ 2.41029340e-02  1.22012174e-02  1.73529829e-02  3.47808906e-05
  -5.63217231e-07 -3.75788298e-06  8.68104129e-01  7.73488752e-03
   4.00822682e-04 -2.95905889e-04  1.82811816e-04 -2.63463657e-05]
 [ 2.49020637e-02  1.28309038e-02  1.80064302e-02  3.30277199e-05
   6.07269281e-07 -4.13373033e-06  8.63549077e-01  7.90320421e-03
   4.15972452e-04 -3.04449622e-04  1.94861690e-04 -2.78272021e-05]
 [ 2.60124633e-02  1.34827817e-02  1.86575636e-02  1.78292752e-05
   8.21408537e-07 -4.10059903e-06  8.60271166e-01  8.18460852e-03
   4.41529404e-04 -3.31027170e-04  2.08558376e-04 -3.05517802e-05]
 [ 2.66818928e-02  1.40431252e-02  1.93669929e-02  1.87977401e-05
  -3.71026423e-07 -4.19618674e-06  8.58155293e-01  8.39083015e-03
   4.45540442e-04 -3.50778896e-04  2.19531451e-04 -3.32150876e-05]]
std error:
[[1.70777864e-04 9.01200338e-05 8.34762334e-05 6.17328847e-06
  1.40938006e-06 3.38225170e-07 4.27240738e-04 3.74820891e-05
  8.14438428e-06 1.21702795e-05 2.38987310e-06 7.61191504e-07]
 [1.37571463e-04 7.61117942e-05 6.68277136e-05 1.13358761e-05
  7.38538288e-07 3.93334036e-07 1.11410926e-03 1.57002469e-04
  1.49722784e-05 4.97579555e-06 4.38065235e-06 7.17507699e-07]
 [1.70086311e-04 8.05397521e-05 6.82087448e-05 3.11970005e-06
  1.88935615e-06 1.39227534e-07 6.07068638e-04 4.66517012e-05
  6.75963488e-06 6.03407391e-06 3.00025485e-06 2.75007896e-07]
 [2.97208468e-04 1.19726418e-04 6.35709587e-05 5.72879595e-06
  9.30391740e-07 3.57741831e-07 7.58397373e-04 2.76973927e-05
  1.88487331e-06 1.14497328e-05 2.08732012e-06 1.36902599e-06]
 [6.95713999e-05 4.45584987e-05 8.60011066e-05 7.67805102e-06
  1.78991897e-06 5.13062570e-07 5.63613426e-04 8.52715391e-05
  1.76331898e-05 8.25405606e-06 2.92397235e-06 1.43708269e-06]
 [1.71927396e-04 6.59785315e-05 8.60806577e-05 4.65521766e-06
  9.81033736e-07 5.38486384e-07 1.07033599e-04 7.22717831e-05
  2.08541887e-05 1.70784955e-05 1.40534232e-06 1.36554302e-06]
 [2.42703299e-04 3.95323251e-05 1.92962588e-04 5.52174025e-06
  9.98909548e-07 5.39180496e-07 3.50933315e-04 7.72423163e-05
  3.34299638e-05 2.72598007e-06 3.15581889e-06 3.65019741e-07]]
Done!, time = 4.246497631072998s
