Begin!
Data shape = (250000, 5)
Begin sort function!
In centrality 0
In centrality 1
In centrality 2
In centrality 3
In centrality 4
In centrality 5
In centrality 6
end function sorter
Data shape = (250000, 5)
Begin sort function!
In centrality 0
In centrality 1
In centrality 2
In centrality 3
In centrality 4
In centrality 5
In centrality 6
end function sorter
Data shape = (250000, 5)
Begin sort function!
In centrality 0
In centrality 1
In centrality 2
In centrality 3
In centrality 4
In centrality 5
In centrality 6
end function sorter
Data shape = (250000, 5)
Begin sort function!
In centrality 0
In centrality 1
In centrality 2
In centrality 3
In centrality 4
In centrality 5
In centrality 6
end function sorter
Final results shape = (4, 7, 12)
mean value:
[[ 1.32810307e-02  1.03509759e-02  1.55418648e-02  2.62946172e-05
  -1.39528428e-06 -2.79185903e-07  8.55339738e-01  8.04921464e-04
   1.32684886e-06 -1.04656009e-04  1.19984035e-05 -5.69720675e-06]
 [ 1.42223040e-02  1.08645857e-02  1.62339819e-02  2.38140784e-05
   1.23749192e-06 -1.77092546e-07  8.52541348e-01  8.17806618e-04
   1.72789984e-06 -1.08896233e-04  1.28756323e-05 -6.17931899e-06]
 [ 1.50787269e-02  1.13469743e-02  1.68814390e-02  2.14319175e-05
  -4.77258239e-07 -2.88787168e-07  8.50841735e-01  8.25479443e-04
   2.10122126e-06 -1.13007338e-04  1.37076732e-05 -6.68944893e-06]
 [ 1.57698942e-02  1.18556907e-02  1.74612496e-02  1.41184911e-05
  -1.66562716e-06 -3.25899582e-07  8.49495335e-01  8.37877323e-04
   2.49330309e-06 -1.10707682e-04  1.43383926e-05 -6.70634822e-06]
 [ 1.63715188e-02  1.24138618e-02  1.79778874e-02  9.51167231e-06
  -4.04550941e-07 -4.35491152e-07  8.48440791e-01  8.57656991e-04
   2.88225238e-06 -1.07928760e-04  1.51002411e-05 -6.64781804e-06]
 [ 1.68547026e-02  1.29864624e-02  1.85467177e-02  1.03858017e-05
  -1.50066855e-06 -4.37966489e-07  8.47800779e-01  8.71036334e-04
   3.32296124e-06 -1.08755094e-04  1.56724805e-05 -6.94073825e-06]
 [ 1.74923992e-02  1.35807565e-02  1.89652122e-02  8.71210745e-06
  -4.44615972e-07 -3.29080324e-07  8.47230491e-01  8.84569492e-04
   3.10595955e-06 -1.08211949e-04  1.64859340e-05 -7.20589796e-06]]
std error:
[[5.58557466e-05 9.44401012e-05 4.28898446e-05 4.40076899e-06
  9.40866763e-07 1.40726979e-07 1.58315576e-04 1.03185228e-05
  4.85664441e-07 5.04430335e-06 2.24499214e-07 3.49770383e-07]
 [1.16255831e-04 9.47484170e-05 1.38555358e-04 5.59854502e-06
  2.28548931e-06 2.25742259e-07 3.19492126e-04 6.97037168e-06
  2.50021414e-07 4.93888461e-06 2.60196591e-07 3.55278308e-07]
 [5.36993612e-05 8.02214467e-05 6.31371641e-05 1.06644887e-06
  1.91039786e-07 1.62632624e-07 2.47485263e-04 4.49658788e-06
  2.64735527e-07 3.19888625e-06 1.61465184e-07 2.96065025e-07]
 [2.35658909e-05 7.39938189e-05 1.01208143e-04 3.41095538e-06
  1.43399425e-06 1.81437613e-07 1.69416822e-04 4.27423265e-06
  2.66563762e-07 3.58668485e-06 1.09372922e-07 2.27334497e-07]
 [1.06329735e-04 5.43358262e-05 6.80076787e-05 4.08116697e-06
  1.04805111e-06 2.11996259e-07 1.76738183e-04 2.03291461e-06
  2.50187399e-07 3.22183285e-06 1.70436620e-07 2.57448615e-07]
 [1.00660964e-04 7.43424322e-05 6.46066255e-05 7.65554307e-07
  2.37809851e-06 8.02550459e-08 1.71566404e-04 6.75596461e-06
  3.52111333e-07 3.38514717e-06 3.21348789e-07 2.98857461e-07]
 [1.14996517e-04 1.12368984e-04 6.04739923e-05 2.21563398e-06
  2.88323720e-06 5.51435653e-08 1.72634017e-04 3.76527752e-06
  4.54326351e-07 2.27936408e-06 1.40848421e-07 1.75255601e-07]]
Done!, time = 3.7178359031677246s
