Begin!
Data shape = (250000, 5)
Begin sort function!
In centrality 0
In centrality 1
In centrality 2
In centrality 3
In centrality 4
In centrality 5
In centrality 6
end function sorter
Data shape = (250000, 5)
Begin sort function!
In centrality 0
In centrality 1
In centrality 2
In centrality 3
In centrality 4
In centrality 5
In centrality 6
end function sorter
Data shape = (250000, 5)
Begin sort function!
In centrality 0
In centrality 1
In centrality 2
In centrality 3
In centrality 4
In centrality 5
In centrality 6
end function sorter
Data shape = (250000, 5)
Begin sort function!
In centrality 0
In centrality 1
In centrality 2
In centrality 3
In centrality 4
In centrality 5
In centrality 6
end function sorter
Final results shape = (4, 7, 12)
mean value:
[[ 1.14694379e-02  1.04584270e-02  1.56822452e-02  1.04915666e-05
   4.52466544e-07 -1.47965540e-07  8.63285892e-01  1.99964635e-03
   1.88171252e-05 -5.07115217e-05  2.34735995e-05 -2.34626862e-06]
 [ 1.21080322e-02  1.08364553e-02  1.63756167e-02  1.29654671e-05
  -4.09424554e-07  4.88961929e-11  8.57340343e-01  2.00686389e-03
   1.93822730e-05 -5.64598411e-05  2.44377109e-05 -2.85687537e-06]
 [ 1.27507288e-02  1.13966660e-02  1.67569951e-02  1.04794061e-05
  -7.89059470e-07 -9.00527217e-08  8.53584476e-01  2.01102317e-03
   1.85481552e-05 -5.72123033e-05  2.60021479e-05 -2.92940754e-06]
 [ 1.32564207e-02  1.19277561e-02  1.75223983e-02  9.04830686e-06
  -1.58073200e-06 -1.58577321e-07  8.50687659e-01  2.03768191e-03
   2.08912152e-05 -5.66067095e-05  2.75170181e-05 -3.03418608e-06]
 [ 1.37755566e-02  1.24901484e-02  1.80909140e-02  9.83911075e-06
  -1.44525112e-06 -1.72086404e-07  8.48660501e-01  2.07923680e-03
   2.19379223e-05 -6.06389250e-05  2.93606675e-05 -3.47708593e-06]
 [ 1.42165422e-02  1.29876488e-02  1.85337620e-02  5.10818873e-06
  -2.46936446e-06 -1.96244267e-07  8.47471545e-01  2.07369449e-03
   2.14239822e-05 -5.58782255e-05  3.00179654e-05 -3.14195440e-06]
 [ 1.48794860e-02  1.35529789e-02  1.90229866e-02  5.97589612e-06
  -3.49655245e-06 -7.43981069e-08  8.46379987e-01  2.11113180e-03
   2.20966955e-05 -5.62832081e-05  3.21884389e-05 -3.25500292e-06]]
std error:
[[1.22510640e-04 6.08026941e-05 1.40596013e-04 1.78741895e-06
  1.27082926e-06 4.49814667e-08 1.42032122e-04 2.73321200e-05
  1.29139691e-06 5.67214031e-06 3.66286200e-07 3.28392825e-07]
 [7.09203633e-05 4.81265036e-05 7.77791474e-05 5.65411699e-06
  3.16357433e-07 2.45037558e-07 2.03109822e-04 2.05725314e-05
  1.08652105e-06 4.72857246e-06 1.65594283e-07 4.80446380e-07]
 [1.13427450e-04 4.19146348e-05 1.41655442e-04 2.74485927e-06
  1.96987661e-06 9.17333454e-08 6.71284740e-05 1.38493525e-05
  5.92125472e-07 2.69077664e-06 1.63974244e-07 1.60615213e-07]
 [1.13972295e-04 8.59159865e-05 1.41762313e-04 9.66470440e-07
  3.83045169e-07 4.61408742e-08 1.05609590e-04 9.77147454e-06
  2.06778043e-06 4.30293751e-06 4.04114107e-07 2.79545344e-07]
 [8.81231541e-05 7.40353453e-05 1.18387442e-04 3.28582182e-06
  1.64303199e-06 4.66938577e-08 1.91798920e-04 1.56765370e-05
  1.13032822e-06 2.48437565e-06 2.09865559e-07 1.23074079e-07]
 [1.40814247e-04 4.93571296e-05 5.71708278e-05 2.57456954e-06
  2.86602221e-06 5.23170794e-08 1.78730769e-04 1.38520668e-05
  1.40634508e-06 3.05328241e-06 3.16913439e-07 1.73060726e-07]
 [4.83570555e-05 9.58399224e-05 1.27390487e-04 2.72457822e-06
  1.96618105e-06 9.39014438e-08 8.90913898e-05 5.47221347e-06
  2.98843478e-07 3.66157532e-06 2.02986116e-07 2.64711450e-07]]
Done!, time = 4.449111223220825s
