Begin!
Data shape = (250000, 5)
Begin sort function!
In centrality 0
In centrality 1
In centrality 2
In centrality 3
In centrality 4
In centrality 5
In centrality 6
end function sorter
Data shape = (250000, 5)
Begin sort function!
In centrality 0
In centrality 1
In centrality 2
In centrality 3
In centrality 4
In centrality 5
In centrality 6
end function sorter
Data shape = (250000, 5)
Begin sort function!
In centrality 0
In centrality 1
In centrality 2
In centrality 3
In centrality 4
In centrality 5
In centrality 6
end function sorter
Data shape = (250000, 5)
Begin sort function!
In centrality 0
In centrality 1
In centrality 2
In centrality 3
In centrality 4
In centrality 5
In centrality 6
end function sorter
Final results shape = (4, 7, 12)
mean value:
[[ 1.60950257e-02  1.06036483e-02  1.56967707e-02  4.48783358e-05
  -1.45511269e-06 -1.08693533e-06  8.23231270e-01  2.09592224e-03
   2.16592450e-05 -1.70033063e-04  3.58286184e-05 -1.10164963e-05]
 [ 1.75194564e-02  1.11248674e-02  1.66570850e-02  4.28277010e-05
  -2.39159007e-06 -1.19479947e-06  8.15081432e-01  2.12235487e-03
   2.39626156e-05 -1.80433427e-04  3.89066388e-05 -1.24261395e-05]
 [ 1.86527643e-02  1.16814923e-02  1.72776853e-02  3.07017044e-05
  -7.31734902e-07 -1.54108689e-06  8.09325919e-01  2.10892660e-03
   2.19930857e-05 -1.82795066e-04  4.10414041e-05 -1.29941930e-05]
 [ 1.95348351e-02  1.22994965e-02  1.80502071e-02  2.18616295e-05
  -1.95257948e-06 -1.44947447e-06  8.05156979e-01  2.11431440e-03
   2.41292682e-05 -1.85020316e-04  4.28603222e-05 -1.35149729e-05]
 [ 2.03878482e-02  1.28205764e-02  1.86188076e-02  1.47676471e-05
  -6.70270350e-07 -1.40188900e-06  8.02269846e-01  2.16174940e-03
   2.69568592e-05 -1.83963344e-04  4.51777509e-05 -1.35899221e-05]
 [ 2.09665623e-02  1.33654973e-02  1.92666140e-02  1.45413079e-05
  -1.30971415e-06 -1.08572917e-06  7.99852922e-01  2.18424777e-03
   2.78511556e-05 -1.91766238e-04  4.69479331e-05 -1.49413467e-05]
 [ 2.16287636e-02  1.38928815e-02  1.97018872e-02  5.30199275e-06
  -3.42361366e-06 -1.10385100e-06  7.98135586e-01  2.22841446e-03
   2.74287396e-05 -1.89779781e-04  4.92968183e-05 -1.50066562e-05]]
std error:
[[1.25187357e-04 7.63294650e-05 8.83988516e-05 5.59397001e-06
  7.20003960e-07 1.50836712e-07 2.55134598e-04 2.14648569e-05
  2.01233704e-06 6.41009431e-06 3.57096075e-07 5.02220476e-07]
 [6.81509626e-05 8.13082225e-05 1.56821282e-04 4.71352971e-06
  9.95736242e-07 1.50207792e-07 3.42455781e-04 2.05351856e-06
  2.45764633e-06 3.66282526e-06 5.00675067e-07 1.99795787e-07]
 [9.76492460e-05 1.32598935e-05 1.31875146e-04 2.32436838e-06
  6.01530724e-07 2.18223868e-07 3.84560355e-04 2.35565471e-05
  1.79214372e-06 3.98366912e-06 4.25249650e-07 6.88470838e-07]
 [1.12678164e-04 7.08012627e-05 1.09391221e-04 1.20587813e-06
  2.09724372e-06 1.61460493e-07 3.93889538e-04 6.81110640e-06
  1.46526829e-06 4.43800732e-06 6.76319006e-07 6.36287460e-07]
 [8.88720439e-05 7.95236097e-05 4.48152317e-05 7.37860015e-06
  1.16900819e-06 2.71675017e-07 1.65255647e-04 2.06671163e-05
  1.54579884e-06 3.10055000e-06 1.52420104e-07 6.28826444e-07]
 [9.76676842e-05 2.92922519e-05 6.12802766e-05 3.73306075e-06
  2.58301638e-06 1.91901981e-07 2.67684344e-04 1.93469676e-05
  1.88195770e-06 7.63777992e-06 5.12136314e-07 5.86547718e-07]
 [8.15440798e-05 9.75799554e-05 4.94109780e-05 2.28356272e-06
  2.16579911e-06 1.07233790e-07 2.33650639e-04 1.20315386e-05
  4.18620622e-07 4.95437505e-06 3.58078222e-07 5.93459457e-07]]
Done!, time = 3.6873302459716797s
