Begin!
Data shape = (250000, 5)
Begin sort function!
In centrality 0
In centrality 1
In centrality 2
In centrality 3
In centrality 4
In centrality 5
In centrality 6
end function sorter
Data shape = (250000, 5)
Begin sort function!
In centrality 0
In centrality 1
In centrality 2
In centrality 3
In centrality 4
In centrality 5
In centrality 6
end function sorter
Data shape = (250000, 5)
Begin sort function!
In centrality 0
In centrality 1
In centrality 2
In centrality 3
In centrality 4
In centrality 5
In centrality 6
end function sorter
Data shape = (250000, 5)
Begin sort function!
In centrality 0
In centrality 1
In centrality 2
In centrality 3
In centrality 4
In centrality 5
In centrality 6
end function sorter
Final results shape = (4, 7, 12)
mean value:
[[ 1.78235028e-02  9.89181914e-03  1.41054242e-02  1.05059184e-04
  -8.30169516e-07 -1.79797555e-06  8.80842405e-01  2.70458371e-03
   2.68502963e-05 -2.84790161e-04  5.39259440e-05 -2.19144077e-05]
 [ 1.99300272e-02  1.05826038e-02  1.52298074e-02  9.23975584e-05
  -3.97889254e-08 -2.87279619e-06  8.71813801e-01  2.69689762e-03
   3.43580036e-05 -3.05015630e-04  5.86176642e-05 -2.46187269e-05]
 [ 2.15375136e-02  1.12049802e-02  1.61361213e-02  7.76659957e-05
   4.17536069e-07 -3.48631041e-06  8.66221181e-01  2.70339136e-03
   3.29433995e-05 -3.14870220e-04  6.33016386e-05 -2.66505888e-05]
 [ 2.28039580e-02  1.19693609e-02  1.71950021e-02  5.10849377e-05
  -4.17352263e-07 -3.69430518e-06  8.61742444e-01  2.78132281e-03
   3.88257321e-05 -3.25415839e-04  6.74809098e-05 -2.74825991e-05]
 [ 2.39018466e-02  1.25753114e-02  1.79014231e-02  5.17444108e-05
   1.88345577e-07 -3.59878832e-06  8.58543479e-01  2.82070378e-03
   4.19473538e-05 -3.30373704e-04  7.10688238e-05 -2.94063219e-05]
 [ 2.46098300e-02  1.32006692e-02  1.84467445e-02  3.42837629e-05
  -4.39047171e-06 -3.30359563e-06  8.56881072e-01  2.85993169e-03
   3.95379976e-05 -3.29870094e-04  7.37365821e-05 -2.98116846e-05]
 [ 2.57077662e-02  1.38693672e-02  1.91455373e-02  2.50472868e-05
  -2.99159760e-06 -3.10813581e-06  8.55192832e-01  2.92506936e-03
   4.26165361e-05 -3.38683221e-04  7.86384594e-05 -3.17543647e-05]]
std error:
[[1.62920704e-04 1.00286363e-04 8.24847801e-05 7.14255439e-06
  4.96400152e-07 1.72021683e-07 5.14223775e-04 2.03927770e-05
  1.76837922e-06 4.62502081e-06 5.02361728e-07 5.71848561e-07]
 [2.64528629e-04 2.08541773e-05 1.23501611e-04 1.27922956e-05
  2.54359281e-06 3.36029590e-07 4.50230602e-04 2.40677708e-05
  3.21931755e-06 1.44131794e-05 1.82228825e-06 1.92437008e-06]
 [1.72680170e-04 7.10249242e-05 9.17090688e-05 4.60375828e-06
  4.27713732e-07 4.51083667e-07 2.79770404e-04 1.86546064e-05
  1.78771351e-06 7.34563392e-06 6.67484009e-07 7.95216372e-07]
 [1.35073518e-04 4.82782648e-05 7.32856375e-05 7.04291785e-06
  1.91203535e-06 2.80709803e-07 9.09664325e-05 1.79572096e-05
  2.41938249e-06 1.09232021e-05 1.01359082e-06 1.39509876e-06]
 [4.45381232e-05 7.42545524e-05 9.46974691e-05 5.12742548e-06
  1.26054703e-06 2.58754805e-07 3.08882281e-04 1.10157350e-05
  7.10491668e-07 3.78172669e-06 5.26944939e-07 4.70012461e-07]
 [4.85240547e-05 7.61853945e-05 2.31417183e-05 5.59361266e-06
  1.37767883e-06 2.12156615e-07 3.43090508e-04 5.76916639e-06
  1.97183301e-06 5.65573922e-06 4.57447879e-07 5.42767505e-07]
 [6.16620777e-06 1.69384970e-04 6.10659095e-05 4.60515430e-06
  2.90602407e-06 3.17680546e-07 3.51612557e-04 3.02681295e-05
  2.17840220e-06 6.74631465e-06 7.89928738e-07 5.64503487e-07]]
Done!, time = 4.336668252944946s
