Begin!
Data shape = (250000, 5)
Begin sort function!
In centrality 0
In centrality 1
In centrality 2
In centrality 3
In centrality 4
In centrality 5
In centrality 6
end function sorter
Data shape = (250000, 5)
Begin sort function!
In centrality 0
In centrality 1
In centrality 2
In centrality 3
In centrality 4
In centrality 5
In centrality 6
end function sorter
Data shape = (250000, 5)
Begin sort function!
In centrality 0
In centrality 1
In centrality 2
In centrality 3
In centrality 4
In centrality 5
In centrality 6
end function sorter
Data shape = (250000, 5)
Begin sort function!
In centrality 0
In centrality 1
In centrality 2
In centrality 3
In centrality 4
In centrality 5
In centrality 6
end function sorter
Final results shape = (4, 7, 12)
mean value:
[[ 1.31381375e-02  9.33583611e-03  1.44395952e-02  1.56019172e-05
  -2.13907369e-07 -6.13461453e-07  9.18282607e-01  8.48793969e-04
  -2.19273357e-06 -1.37851783e-04  1.35810558e-05 -6.81660990e-06]
 [ 1.43183665e-02  1.00777994e-02  1.54978763e-02  8.06513966e-06
   1.07395332e-06 -5.23403274e-07  9.15754181e-01  8.75051527e-04
  -6.61206443e-07 -1.37909693e-04  1.45212573e-05 -7.09678290e-06]
 [ 1.50403169e-02  1.06971618e-02  1.62381174e-02  3.15352785e-06
   1.37039380e-06 -4.92270541e-07  9.14330593e-01  8.89605652e-04
   1.42935950e-07 -1.35054708e-04  1.49612136e-05 -7.15061963e-06]
 [ 1.58841099e-02  1.16272796e-02  1.70930429e-02 -2.45728061e-06
   1.63618025e-06 -4.15944561e-07  9.13470836e-01  9.12514632e-04
   1.12608030e-06 -1.28728240e-04  1.59444427e-05 -7.23624427e-06]
 [ 1.66293583e-02  1.25663678e-02  1.77858751e-02 -6.11431885e-06
   5.13514692e-07 -2.96928291e-07  9.13196982e-01  9.38168773e-04
   1.97011961e-06 -1.20013925e-04  1.70092943e-05 -7.01652515e-06]
 [ 1.73717843e-02  1.34244772e-02  1.82198656e-02 -6.73115030e-06
  -1.65274200e-06 -3.03308522e-07  9.13203864e-01  9.63091897e-04
   2.38996219e-06 -1.14955637e-04  1.78879857e-05 -7.06491764e-06]
 [ 1.82394600e-02  1.43429828e-02  1.87893141e-02 -9.47850666e-06
  -2.84017939e-06 -1.70324767e-07  9.13336361e-01  9.95967634e-04
   2.93144800e-06 -1.09267105e-04  1.92866936e-05 -7.21057203e-06]]
std error:
[[5.46003246e-05 1.28149804e-04 8.63189216e-05 2.98854567e-06
  8.42390924e-07 8.64935527e-08 1.11482070e-04 7.97020707e-06
  3.33153281e-07 2.33111147e-06 1.45173016e-07 1.39703642e-07]
 [1.34076320e-04 4.30813677e-05 4.86561749e-05 8.02812897e-07
  1.89942606e-06 1.94521742e-07 1.78762433e-04 2.54508992e-06
  4.35224544e-07 3.62069683e-06 1.33124787e-07 3.05622706e-07]
 [4.22731083e-05 1.23099160e-05 7.01285049e-05 1.92041154e-06
  5.40174872e-07 7.13805407e-08 2.89951898e-04 2.87574150e-06
  3.11800659e-07 2.29394988e-06 1.04581536e-07 1.48569183e-07]
 [3.62438485e-05 6.96206129e-05 6.52107881e-05 2.27376229e-06
  1.65849304e-06 5.86831394e-08 2.11633250e-04 6.45529828e-06
  4.25096966e-07 4.60559136e-07 2.37447074e-07 6.07261589e-08]
 [5.55695813e-05 9.08472828e-05 1.68020446e-04 2.82984673e-06
  1.99820142e-06 1.44538151e-07 1.38100034e-04 2.56979830e-06
  7.58326804e-07 1.81023814e-06 1.61441642e-07 1.24493944e-07]
 [7.22739338e-05 9.31286293e-05 1.28217464e-04 1.11378391e-06
  2.57344890e-06 1.12598542e-07 2.29415348e-04 6.73893975e-06
  3.06100043e-07 3.00547944e-06 2.35649503e-07 7.94187038e-08]
 [9.48060115e-05 7.89848847e-05 9.39299520e-05 3.02088705e-06
  1.37289407e-06 2.00851368e-07 2.90606312e-05 4.61186177e-06
  3.92128912e-07 8.18628565e-07 2.13854587e-07 1.01363686e-07]]
Done!, time = 4.734023094177246s
