Begin!
Data shape = (250000, 5)
Begin sort function!
In centrality 0
In centrality 1
In centrality 2
In centrality 3
In centrality 4
In centrality 5
In centrality 6
end function sorter
Data shape = (250000, 5)
Begin sort function!
In centrality 0
In centrality 1
In centrality 2
In centrality 3
In centrality 4
In centrality 5
In centrality 6
end function sorter
Data shape = (250000, 5)
Begin sort function!
In centrality 0
In centrality 1
In centrality 2
In centrality 3
In centrality 4
In centrality 5
In centrality 6
end function sorter
Data shape = (250000, 5)
Begin sort function!
In centrality 0
In centrality 1
In centrality 2
In centrality 3
In centrality 4
In centrality 5
In centrality 6
end function sorter
Final results shape = (4, 7, 12)
mean value:
[[ 1.22667125e-02  1.11817922e-02  1.58949085e-02  2.14767257e-05
  -2.05751098e-06 -2.17882211e-08  7.75152996e-01  1.47452626e-03
   1.14285270e-05 -5.60703959e-05  1.85915936e-05 -3.12018534e-06]
 [ 1.32121356e-02  1.16189820e-02  1.64748806e-02  1.70059291e-05
  -2.46858380e-06 -1.81945274e-07  7.68645729e-01  1.46667142e-03
   1.18409436e-05 -5.82574189e-05  1.99485173e-05 -3.29037563e-06]
 [ 1.36850444e-02  1.20935856e-02  1.70411597e-02  1.95960868e-05
  -2.88233219e-06 -3.19303379e-08  7.64616318e-01  1.46172409e-03
   1.29909558e-05 -5.87699717e-05  2.03419794e-05 -3.32787811e-06]
 [ 1.44414753e-02  1.24745619e-02  1.76201731e-02  1.68796318e-05
  -3.38385344e-06 -2.07560234e-07  7.61241372e-01  1.47504059e-03
   1.23990373e-05 -5.92768405e-05  2.17906216e-05 -3.63860298e-06]
 [ 1.49934418e-02  1.28671503e-02  1.81484544e-02  1.36714072e-05
  -3.19144386e-06 -1.60750170e-07  7.58852846e-01  1.47837559e-03
   1.26165255e-05 -6.17352742e-05  2.26764180e-05 -3.74071075e-06]
 [ 1.54509706e-02  1.32364834e-02  1.84228459e-02  1.18511415e-05
  -4.62829688e-06 -2.03051342e-07  7.56758651e-01  1.50527627e-03
   1.23945548e-05 -6.59787162e-05  2.37135719e-05 -4.12848836e-06]
 [ 1.59134009e-02  1.35979736e-02  1.88341461e-02  1.48212369e-05
  -1.79393955e-06 -1.82848688e-07  7.55448361e-01  1.52243978e-03
   1.38232771e-05 -6.80538027e-05  2.47087708e-05 -4.31621447e-06]]
std error:
[[1.49588992e-04 4.36520861e-05 7.36225784e-05 3.94644592e-06
  7.97317275e-07 6.83770045e-08 2.60188800e-04 1.89735023e-05
  1.40150480e-06 3.91208120e-06 4.15180827e-07 2.96713510e-07]
 [1.50436934e-04 4.24764440e-05 7.54714991e-05 2.10095741e-06
  2.02892421e-06 5.89292846e-08 6.59395391e-04 1.74633574e-05
  1.62859124e-06 4.68501498e-06 1.03018171e-07 2.35847330e-07]
 [3.05322788e-05 3.79343217e-05 6.48891136e-05 1.16896433e-06
  1.45878619e-06 1.24710829e-07 1.17721087e-04 1.51615043e-05
  1.27081059e-06 3.02735133e-06 3.32206984e-07 1.46380296e-07]
 [1.06766856e-04 5.64552889e-05 1.37185678e-04 2.81651359e-06
  1.84814845e-06 3.55242333e-08 2.29359667e-05 1.16877805e-05
  6.10131592e-07 4.22036999e-06 3.07035164e-07 3.19130532e-07]
 [3.72050896e-05 4.91180847e-05 5.05968795e-05 2.87816604e-06
  1.44065536e-06 3.86682792e-08 1.62873498e-04 7.58308674e-06
  6.66756109e-07 1.41486171e-06 2.08953575e-07 7.06097923e-08]
 [4.79096225e-05 8.59891400e-05 9.68222724e-05 4.51689708e-06
  1.09059054e-06 7.83719782e-08 7.69268115e-05 9.02823756e-06
  1.14752039e-06 9.36875689e-07 1.95087972e-07 1.29825108e-07]
 [6.87671830e-05 3.50431059e-05 6.04413666e-05 2.03792055e-06
  2.34900050e-06 1.03509936e-07 8.14252001e-05 8.71482724e-06
  1.25558721e-06 1.94815434e-06 2.43305659e-07 1.67100512e-07]]
Done!, time = 3.4675121307373047s
