Begin!
Data shape = (250000, 5)
Begin sort function!
In centrality 0
In centrality 1
In centrality 2
In centrality 3
In centrality 4
In centrality 5
In centrality 6
end function sorter
Data shape = (250000, 5)
Begin sort function!
In centrality 0
In centrality 1
In centrality 2
In centrality 3
In centrality 4
In centrality 5
In centrality 6
end function sorter
Data shape = (250000, 5)
Begin sort function!
In centrality 0
In centrality 1
In centrality 2
In centrality 3
In centrality 4
In centrality 5
In centrality 6
end function sorter
Data shape = (250000, 5)
Begin sort function!
In centrality 0
In centrality 1
In centrality 2
In centrality 3
In centrality 4
In centrality 5
In centrality 6
end function sorter
Final results shape = (4, 7, 12)
mean value:
[[ 1.18489495e-02  1.07425224e-02  1.59986775e-02  9.07717239e-06
  -1.68147085e-06 -1.20992717e-07  8.43364745e-01  5.00333557e-03
   1.54700184e-04 -5.11187286e-05  5.91694289e-05 -2.66234754e-06]
 [ 1.26146098e-02  1.13015284e-02  1.70244628e-02  1.04981316e-05
  -2.18887239e-06 -1.38380321e-07  8.26744466e-01  4.79764855e-03
   1.50660622e-04 -5.56909455e-05  5.95582192e-05 -2.83205886e-06]
 [ 1.32116597e-02  1.17942728e-02  1.76376038e-02  1.04069146e-05
  -1.36234860e-06 -1.38851927e-07  8.17154558e-01  4.81394872e-03
   1.51906484e-04 -5.02595936e-05  6.29791124e-05 -2.86507871e-06]
 [ 1.37660555e-02  1.23086007e-02  1.81697852e-02  7.89960563e-06
  -2.10153919e-06 -1.35957951e-07  8.09594273e-01  4.82425429e-03
   1.47912732e-04 -5.48051600e-05  6.57970188e-05 -3.17213424e-06]
 [ 1.43335750e-02  1.29515027e-02  1.86867152e-02  7.46673292e-06
  -1.12875684e-06 -1.30110577e-07  8.04716623e-01  4.89900670e-03
   1.49173295e-04 -5.46689011e-05  7.04243951e-05 -3.21222825e-06]
 [ 1.49164017e-02  1.33693545e-02  1.92339345e-02  7.98008771e-06
  -2.39766386e-06 -1.29823350e-07  8.01567916e-01  5.00349185e-03
   1.58517793e-04 -5.39962310e-05  7.45972436e-05 -3.20157113e-06]
 [ 1.52786571e-02  1.38299565e-02  1.96646444e-02  7.81303297e-06
  -2.30592402e-06 -2.90849470e-07  7.99021977e-01  5.13368875e-03
   1.69389642e-04 -5.37689716e-05  7.77726166e-05 -3.43509000e-06]]
std error:
[[1.15013141e-04 5.21455461e-05 3.08243624e-05 2.11556913e-06
  2.18070976e-06 7.05080522e-08 6.61309716e-04 2.03054117e-05
  1.83306651e-06 3.79816516e-06 1.34431475e-06 1.08104791e-07]
 [7.01856021e-05 5.08969723e-05 9.44107947e-05 1.03611280e-06
  1.75160311e-06 9.17528234e-08 3.97054648e-04 9.95879535e-05
  1.46681481e-05 6.59564584e-06 5.73336813e-07 4.23178870e-07]
 [7.73008968e-05 3.38921111e-05 1.86469771e-04 2.87972214e-06
  8.47216182e-07 6.90841368e-08 2.75795857e-04 6.67706322e-05
  9.41015899e-06 4.14561233e-06 1.11527590e-06 3.77896720e-07]
 [7.60041282e-05 6.08419394e-05 5.54280771e-05 1.10952147e-06
  1.42796662e-06 9.25511435e-08 2.12322243e-04 5.38906342e-05
  6.39016061e-06 5.93202875e-06 1.09982961e-06 1.33786340e-07]
 [1.33833764e-05 8.20941878e-05 3.17277280e-05 1.20214580e-06
  1.35118637e-06 1.22160093e-07 2.10926928e-04 3.96687724e-05
  2.82115337e-06 2.31027743e-06 1.46428664e-06 2.78963009e-07]
 [8.76978205e-05 2.79370129e-05 2.56137834e-05 5.55046443e-07
  2.24339580e-06 3.47575147e-08 8.27947343e-05 2.19113746e-05
  2.70571634e-06 5.64347566e-06 5.22108243e-07 3.70190816e-07]
 [6.39546607e-05 7.34914103e-05 7.53665927e-05 2.55110318e-06
  7.56315491e-07 6.97602090e-08 3.07987051e-04 5.65905363e-05
  5.03466612e-06 3.10735826e-06 1.04869621e-06 1.78183271e-07]]
Done!, time = 1.778033971786499s
