Begin!
Data shape = (250000, 5)
Begin sort function!
In centrality 0
In centrality 1
In centrality 2
In centrality 3
In centrality 4
In centrality 5
In centrality 6
end function sorter
Data shape = (250000, 5)
Begin sort function!
In centrality 0
In centrality 1
In centrality 2
In centrality 3
In centrality 4
In centrality 5
In centrality 6
end function sorter
Data shape = (250000, 5)
Begin sort function!
In centrality 0
In centrality 1
In centrality 2
In centrality 3
In centrality 4
In centrality 5
In centrality 6
end function sorter
Data shape = (250000, 5)
Begin sort function!
In centrality 0
In centrality 1
In centrality 2
In centrality 3
In centrality 4
In centrality 5
In centrality 6
end function sorter
Final results shape = (4, 7, 12)
mean value:
[[ 1.53007850e-02  1.07553416e-02  1.59238493e-02  3.47233739e-05
   2.23804553e-07 -1.04315148e-06  7.66546413e-01  7.29044680e-04
  -2.57932650e-06 -1.65510640e-04  1.42980105e-05 -9.98371933e-06]
 [ 1.69908381e-02  1.13637488e-02  1.67533061e-02  1.56003163e-05
  -1.17334253e-06 -1.17370356e-06  7.62362580e-01  7.47504627e-04
  -1.41391104e-06 -1.73167893e-04  1.52387440e-05 -1.06989956e-05]
 [ 1.80951961e-02  1.18732054e-02  1.76809645e-02  8.86095145e-06
  -1.49283004e-06 -1.26833969e-06  7.59950930e-01  7.63901716e-04
  -5.87988017e-07 -1.75094120e-04  1.60134173e-05 -1.12489955e-05]
 [ 1.89651655e-02  1.23539231e-02  1.83433840e-02  1.00150826e-06
  -1.90177409e-06 -1.10854254e-06  7.57590685e-01  7.68546441e-04
   6.57955334e-07 -1.69862471e-04  1.61894720e-05 -1.11799812e-05]
 [ 1.96097874e-02  1.28601823e-02  1.88670425e-02 -8.36621890e-06
  -2.89539887e-06 -8.20927146e-07  7.56101542e-01  7.74936510e-04
   1.17211621e-06 -1.66227293e-04  1.66153315e-05 -1.13039768e-05]
 [ 2.02870158e-02  1.33158661e-02  1.93056219e-02 -1.77168606e-05
  -1.77738001e-06 -5.47086314e-07  7.54917463e-01  7.87118413e-04
   1.52409699e-06 -1.61410209e-04  1.71356760e-05 -1.12092139e-05]
 [ 2.09373489e-02  1.38992637e-02  2.00717151e-02 -2.27688053e-05
  -3.95455641e-06 -2.52865123e-07  7.53544479e-01  7.94614000e-04
   1.86010997e-06 -1.60328904e-04  1.77385741e-05 -1.14806449e-05]]
std error:
[[9.96577965e-05 8.26308961e-05 1.24185125e-04 6.69367477e-06
  1.14498742e-06 1.27135219e-07 9.52477686e-05 8.10753378e-06
  2.01638901e-07 4.59799613e-06 2.55698182e-07 3.71996384e-07]
 [1.00131401e-04 8.07027264e-05 1.33883359e-04 4.53999365e-06
  1.23855836e-06 1.73562137e-07 3.86703545e-04 7.66647441e-06
  2.54169639e-07 2.98294572e-06 2.38099226e-07 1.34768561e-07]
 [1.44376825e-04 4.79817790e-05 6.13570439e-05 4.44351117e-06
  1.05182121e-06 2.56612916e-07 7.38335213e-05 5.92136507e-06
  1.95985957e-07 4.70205378e-06 3.72521658e-07 4.40064815e-07]
 [1.36200156e-04 1.35879455e-04 1.12617036e-04 3.64253789e-06
  1.32566265e-06 1.66669545e-07 1.99322538e-04 5.21801438e-06
  2.12236057e-07 4.65426574e-06 3.05774837e-07 4.85716936e-07]
 [5.22579650e-05 8.16578913e-05 9.00731648e-05 1.10951508e-06
  8.93666806e-07 7.78261005e-08 1.08375657e-04 2.70144989e-06
  3.61027273e-07 2.21321815e-06 1.01916233e-07 1.12193971e-07]
 [1.22111385e-04 9.30085668e-05 8.75357799e-05 4.99683156e-06
  1.62680511e-06 1.33129635e-07 6.48145442e-05 6.93570499e-06
  2.12944418e-07 1.29974640e-06 2.40695813e-07 1.88534862e-07]
 [1.58025143e-04 6.34643853e-05 1.21248150e-04 1.95249130e-06
  2.24408798e-06 7.35487365e-08 1.08904047e-04 3.95146040e-06
  1.34377165e-07 4.08254244e-06 1.88635721e-07 3.20103765e-07]]
Done!, time = 3.9725494384765625s
