Begin!
Data shape = (250000, 5)
Begin sort function!
In centrality 0
In centrality 1
In centrality 2
In centrality 3
In centrality 4
In centrality 5
In centrality 6
end function sorter
Data shape = (250000, 5)
Begin sort function!
In centrality 0
In centrality 1
In centrality 2
In centrality 3
In centrality 4
In centrality 5
In centrality 6
end function sorter
Data shape = (250000, 5)
Begin sort function!
In centrality 0
In centrality 1
In centrality 2
In centrality 3
In centrality 4
In centrality 5
In centrality 6
end function sorter
Data shape = (250000, 5)
Begin sort function!
In centrality 0
In centrality 1
In centrality 2
In centrality 3
In centrality 4
In centrality 5
In centrality 6
end function sorter
Final results shape = (4, 7, 12)
mean value:
[[ 1.78824324e-02  9.77980312e-03  1.51681272e-02  5.33996743e-05
   1.08584570e-06 -2.10892123e-06  9.04123171e-01  7.97241137e-03
   4.07954885e-04 -1.89723423e-04  1.40584659e-04 -1.37418104e-05]
 [ 1.95746704e-02  1.06344800e-02  1.64923560e-02  4.69354666e-05
   1.13062177e-06 -2.39243235e-06  8.83078271e-01  7.51461597e-03
   3.68438647e-04 -2.07902223e-04  1.46942063e-04 -1.59092355e-05]
 [ 2.08510700e-02  1.14696259e-02  1.73246438e-02  2.78529388e-05
   1.20962170e-06 -2.33733490e-06  8.72102969e-01  7.59412437e-03
   3.91160177e-04 -2.32193063e-04  1.57037716e-04 -1.83098322e-05]
 [ 2.21000824e-02  1.23466215e-02  1.82879174e-02  1.31249041e-05
   9.23059837e-07 -2.61212648e-06  8.63247274e-01  7.71169510e-03
   3.91548315e-04 -2.41766913e-04  1.68903091e-04 -1.95189729e-05]
 [ 2.29738840e-02  1.30492982e-02  1.88709193e-02  1.43218720e-05
   6.77456430e-07 -2.15520133e-06  8.59048990e-01  7.88646004e-03
   4.07578455e-04 -2.64886715e-04  1.77611490e-04 -2.16274771e-05]
 [ 2.38481057e-02  1.37782111e-02  1.95640315e-02  4.88349224e-06
  -1.62915573e-09 -2.37415859e-06  8.56669025e-01  8.19781457e-03
   4.53171840e-04 -2.60280277e-04  1.92891359e-04 -2.22717134e-05]
 [ 2.46264432e-02  1.45498741e-02  1.99357523e-02  1.40924053e-06
   7.88422603e-08 -2.29723542e-06  8.55373503e-01  8.40199248e-03
   4.52456648e-04 -2.70682894e-04  2.03049902e-04 -2.38190827e-05]]
std error:
[[2.34700761e-04 9.50138397e-05 9.33357985e-05 4.14660015e-06
  1.51689076e-06 4.45533143e-07 4.80908638e-04 1.17437151e-04
  2.53704011e-05 1.49656269e-05 2.49918140e-06 1.51538548e-06]
 [8.66258498e-05 7.35791935e-05 1.94221253e-04 7.01883665e-06
  2.98649067e-07 1.03881452e-07 7.80014908e-04 1.82969863e-05
  1.57991230e-05 1.55965452e-05 2.33222556e-06 1.21718049e-06]
 [1.28932516e-04 2.76965934e-05 1.12066863e-04 2.62838165e-06
  1.66437899e-06 2.11872190e-07 4.57640660e-04 4.43673493e-05
  8.54278126e-06 8.48880233e-06 1.59938325e-06 1.04245949e-06]
 [8.97070618e-05 4.25226363e-05 5.97249101e-05 3.26668773e-06
  8.70772394e-07 3.25467755e-08 2.17581679e-04 2.30164979e-05
  6.59057975e-06 1.80209724e-05 2.07386987e-06 1.65779341e-06]
 [1.33099412e-04 9.06086903e-05 1.10416312e-04 2.29068334e-06
  1.09609163e-06 4.65819199e-07 2.61555602e-04 6.67560024e-05
  1.26689702e-05 9.76730898e-06 2.16935156e-06 7.73006395e-07]
 [1.63259141e-04 5.25167686e-05 1.36993212e-04 7.31461509e-06
  7.25656523e-07 1.66417658e-07 3.06020189e-04 4.77146150e-05
  1.26044584e-05 8.92282619e-06 3.10039766e-06 7.14164459e-07]
 [1.71540170e-04 1.80521360e-04 5.99993758e-05 4.23340484e-06
  1.73358242e-06 2.16610506e-07 3.81757891e-04 2.96537075e-05
  1.48174637e-05 7.73744555e-06 2.24837025e-06 9.31388625e-07]]
Done!, time = 4.205645799636841s
