Begin!
Data shape = (250000, 5)
Begin sort function!
In centrality 0
In centrality 1
In centrality 2
In centrality 3
In centrality 4
In centrality 5
In centrality 6
end function sorter
Data shape = (250000, 5)
Begin sort function!
In centrality 0
In centrality 1
In centrality 2
In centrality 3
In centrality 4
In centrality 5
In centrality 6
end function sorter
Data shape = (250000, 5)
Begin sort function!
In centrality 0
In centrality 1
In centrality 2
In centrality 3
In centrality 4
In centrality 5
In centrality 6
end function sorter
Data shape = (250000, 5)
Begin sort function!
In centrality 0
In centrality 1
In centrality 2
In centrality 3
In centrality 4
In centrality 5
In centrality 6
end function sorter
Final results shape = (4, 7, 12)
mean value:
[[ 1.13853229e-02  1.03955734e-02  1.56402613e-02  1.47474340e-05
  -1.68918523e-06  4.37680051e-08  8.55039482e-01  9.37065826e-04
   2.35007743e-06 -5.39172389e-05  1.11491392e-05 -2.58915374e-06]
 [ 1.21399043e-02  1.08341957e-02  1.64916770e-02  1.17309672e-05
  -1.13889279e-06 -1.32305518e-07  8.51614335e-01  9.40017084e-04
   2.29282835e-06 -5.52254650e-05  1.18187297e-05 -2.68022774e-06]
 [ 1.26867911e-02  1.13283465e-02  1.68907717e-02  1.06912789e-05
  -6.71570662e-07 -8.93578492e-08  8.49329975e-01  9.61783311e-04
   2.53042191e-06 -5.40080237e-05  1.26180223e-05 -2.74985892e-06]
 [ 1.32720612e-02  1.18631993e-02  1.75108192e-02  1.04056360e-05
  -1.32589794e-06 -1.21901197e-07  8.47807915e-01  9.71726445e-04
   2.82624488e-06 -5.49893385e-05  1.33467680e-05 -2.86420885e-06]
 [ 1.38054821e-02  1.23580550e-02  1.78158031e-02  6.80751617e-06
  -1.50165119e-06 -2.34289882e-07  8.46658686e-01  9.92494010e-04
   3.61618647e-06 -5.41512199e-05  1.41354373e-05 -2.98160907e-06]
 [ 1.43300853e-02  1.29461372e-02  1.85111344e-02  6.70571927e-06
  -1.61053159e-06 -1.91504328e-07  8.45664216e-01  1.02105258e-03
   3.97740400e-06 -5.29981346e-05  1.49850385e-05 -2.95849727e-06]
 [ 1.49138851e-02  1.35647781e-02  1.89819052e-02  7.01777010e-06
  -2.60146976e-06 -7.79545922e-08  8.45169400e-01  1.03799690e-03
   3.54053762e-06 -5.05100930e-05  1.59709918e-05 -2.95438551e-06]]
std error:
[[7.16501076e-05 7.34083297e-05 1.56142785e-04 2.56053221e-06
  7.66929301e-07 1.32961433e-07 1.74162575e-04 1.21643565e-05
  5.16854909e-07 2.64783569e-06 2.40617017e-07 1.38184471e-07]
 [5.91942333e-05 6.59029603e-05 7.96838339e-05 3.05148990e-06
  1.51420259e-06 7.30071365e-08 4.26812986e-04 1.78051975e-05
  1.11054272e-07 4.95935425e-06 3.35775601e-07 3.34244734e-07]
 [9.24510294e-05 4.39444372e-05 8.58592170e-05 1.52047474e-06
  1.24146941e-06 1.03502117e-07 1.03198974e-04 9.44258242e-06
  3.17619561e-07 2.32331613e-06 2.34179789e-07 1.29084343e-07]
 [4.67589879e-05 8.25311638e-05 7.38305546e-05 1.49235610e-06
  9.87387362e-07 1.72989869e-07 1.31021033e-04 4.51955230e-06
  2.27868147e-07 2.15599794e-06 1.29216463e-07 9.25286929e-08]
 [3.70348558e-05 6.13697417e-05 3.91814699e-05 1.02747505e-06
  7.01252376e-07 6.45630702e-08 1.61274809e-04 5.53859759e-06
  4.02717218e-07 1.65589582e-06 1.26621918e-07 1.48550447e-07]
 [3.97950021e-05 8.74529163e-05 7.67784458e-05 2.34086163e-06
  1.94007343e-06 6.84905747e-08 2.25073451e-04 8.41902166e-06
  1.22039705e-07 4.09607830e-06 2.33838321e-07 2.49814989e-07]
 [5.86793910e-05 4.60660945e-05 8.62539075e-05 3.67379703e-07
  6.22336469e-07 1.51202033e-07 1.03724765e-04 3.32871860e-06
  1.50366622e-07 1.47628758e-06 2.52469264e-07 1.40043067e-07]]
Done!, time = 4.001748561859131s
