Begin!
Data shape = (250000, 5)
Begin sort function!
In centrality 0
In centrality 1
In centrality 2
In centrality 3
In centrality 4
In centrality 5
In centrality 6
end function sorter
Data shape = (250000, 5)
Begin sort function!
In centrality 0
In centrality 1
In centrality 2
In centrality 3
In centrality 4
In centrality 5
In centrality 6
end function sorter
Data shape = (250000, 5)
Begin sort function!
In centrality 0
In centrality 1
In centrality 2
In centrality 3
In centrality 4
In centrality 5
In centrality 6
end function sorter
Data shape = (250000, 5)
Begin sort function!
In centrality 0
In centrality 1
In centrality 2
In centrality 3
In centrality 4
In centrality 5
In centrality 6
end function sorter
Final results shape = (4, 7, 12)
mean value:
[[ 1.78945347e-02  1.11365436e-02  1.59231163e-02  6.58379807e-05
  -3.38104039e-06 -1.15665004e-06  8.12145156e-01  4.54005730e-03
   1.43813795e-04 -1.64648675e-04  8.15001290e-05 -1.28371009e-05]
 [ 1.94598673e-02  1.17767683e-02  1.69278614e-02  5.12755350e-05
  -8.12995469e-07 -1.51283315e-06  7.93805802e-01  4.24817727e-03
   1.31977554e-04 -1.63853308e-04  8.08616980e-05 -1.28989773e-05]
 [ 2.06579970e-02  1.22622876e-02  1.75876369e-02  4.40906268e-05
  -3.12625240e-06 -2.29472037e-06  7.83489372e-01  4.26312164e-03
   1.37814453e-04 -1.87629105e-04  8.63740345e-05 -1.50993910e-05]
 [ 2.17742698e-02  1.27942943e-02  1.83811373e-02  3.49196509e-05
  -3.79199694e-06 -2.08314696e-06  7.74971010e-01  4.32330632e-03
   1.41307215e-04 -1.94430802e-04  9.26563137e-05 -1.59686617e-05]
 [ 2.26041242e-02  1.32318945e-02  1.88460140e-02  3.08907073e-05
  -3.20622365e-06 -2.07896804e-06  7.68462847e-01  4.37452711e-03
   1.50152821e-04 -2.00648728e-04  9.71703034e-05 -1.70937000e-05]
 [ 2.32512622e-02  1.37369482e-02  1.95160720e-02  2.06358644e-05
  -6.18231361e-06 -2.81398717e-06  7.63495702e-01  4.46639252e-03
   1.55298456e-04 -2.03972302e-04  1.01506179e-04 -1.71682406e-05]
 [ 2.40256270e-02  1.40972544e-02  1.97501153e-02  1.82768423e-05
  -3.34637546e-06 -2.56243912e-06  7.59617924e-01  4.54971737e-03
   1.64935128e-04 -2.22379767e-04  1.06526384e-04 -1.97322552e-05]]
std error:
[[1.52749218e-04 1.13739537e-04 1.46959268e-04 1.07032675e-06
  1.27161048e-06 9.23062407e-08 5.86071705e-04 7.41588488e-05
  1.27299817e-05 9.81488430e-06 2.44038351e-06 6.24241038e-07]
 [1.14003161e-04 5.95461280e-05 1.22066672e-04 1.01976603e-05
  2.36874770e-06 4.36826515e-07 4.71893259e-04 5.99297212e-05
  5.85097701e-06 7.54481192e-06 7.30801049e-07 9.52056937e-07]
 [1.08171770e-04 4.58867454e-05 4.64402438e-05 4.65127857e-06
  3.44030007e-07 2.16885650e-07 5.00372778e-04 2.21833376e-05
  4.44940317e-06 4.50341109e-06 7.96918455e-07 4.24975536e-07]
 [1.08306100e-04 6.95240703e-05 5.61930693e-05 4.49557725e-06
  3.16450456e-06 2.15222102e-07 3.58256994e-04 2.62395146e-05
  2.49783347e-06 9.16511564e-06 3.48629177e-07 6.86527366e-07]
 [1.10316038e-04 7.67129495e-05 3.09941486e-05 4.72880836e-06
  1.00673786e-06 3.29285952e-07 3.04772748e-04 1.22564814e-05
  4.72363019e-06 1.50919503e-05 7.20132482e-07 1.15566291e-06]
 [1.79879461e-04 6.04637420e-05 1.28936905e-04 5.55678547e-06
  9.45659694e-07 1.35816888e-07 5.17132854e-04 3.71306609e-05
  8.61635598e-06 5.54990398e-06 1.16633533e-06 6.22196668e-07]
 [1.04745523e-04 3.73383511e-05 1.87769957e-04 2.37348046e-06
  2.26303906e-06 8.71006036e-08 2.69706083e-04 4.17292120e-05
  6.26211292e-06 1.25722476e-05 1.19406926e-06 7.70406847e-07]]
Done!, time = 4.4112913608551025s
