Begin!
Data shape = (250000, 5)
Begin sort function!
In centrality 0
In centrality 1
In centrality 2
In centrality 3
In centrality 4
In centrality 5
In centrality 6
end function sorter
Data shape = (250000, 5)
Begin sort function!
In centrality 0
In centrality 1
In centrality 2
In centrality 3
In centrality 4
In centrality 5
In centrality 6
end function sorter
Data shape = (250000, 5)
Begin sort function!
In centrality 0
In centrality 1
In centrality 2
In centrality 3
In centrality 4
In centrality 5
In centrality 6
end function sorter
Data shape = (250000, 5)
Begin sort function!
In centrality 0
In centrality 1
In centrality 2
In centrality 3
In centrality 4
In centrality 5
In centrality 6
end function sorter
Final results shape = (4, 7, 12)
mean value:
[[ 1.61856453e-02  1.01540399e-02  1.43078858e-02  1.14346595e-04
  -8.48948894e-07 -4.63246421e-07  8.15757466e-01  9.64072931e-04
  -4.49721628e-06 -2.68619776e-04  2.36049892e-05 -2.05273949e-05]
 [ 1.88823746e-02  1.08415437e-02  1.54415551e-02  1.12575061e-04
   8.62862720e-07 -2.07820016e-06  8.10084791e-01  1.00140268e-03
  -1.65175445e-06 -3.05093390e-04  2.63189485e-05 -2.47062878e-05]
 [ 2.07164393e-02  1.13600708e-02  1.63755841e-02  9.80015623e-05
  -5.92880920e-07 -3.18425871e-06  8.06583746e-01  1.01121218e-03
   3.86346761e-07 -3.15808707e-04  2.74117837e-05 -2.65936146e-05]
 [ 2.22840860e-02  1.21119785e-02  1.74731161e-02  8.46021506e-05
  -1.22122963e-07 -3.06104286e-06  8.03909715e-01  1.02136019e-03
   1.29779541e-06 -3.21208297e-04  2.87124402e-05 -2.83128093e-05]
 [ 2.33997732e-02  1.27122472e-02  1.81557222e-02  6.36449455e-05
   4.34675717e-07 -2.95818532e-06  8.02098936e-01  1.03277705e-03
   2.67038528e-06 -3.17404702e-04  2.93632452e-05 -2.86469442e-05]
 [ 2.44258108e-02  1.34303429e-02  1.89583070e-02  5.21761040e-05
  -2.31456707e-06 -2.75739482e-06  8.00794092e-01  1.04678752e-03
   3.66433569e-06 -3.16947744e-04  3.03421553e-05 -2.95103165e-05]
 [ 2.52851773e-02  1.39847642e-02  1.95671202e-02  3.85437803e-05
  -1.59710845e-06 -2.69146931e-06  7.99689506e-01  1.05975063e-03
   4.20969898e-06 -3.11618292e-04  3.11331504e-05 -2.97416856e-05]]
std error:
[[1.34334614e-04 6.88718961e-05 1.33111617e-04 4.93922927e-06
  4.42743418e-07 2.45665080e-07 1.67193324e-04 8.63164462e-06
  4.77206213e-07 7.06883898e-06 4.79528827e-07 6.38938724e-07]
 [1.40684658e-04 6.90143945e-05 1.43537822e-04 5.39579658e-06
  1.69519164e-06 3.82488845e-07 4.12343218e-04 7.40978215e-06
  6.62955836e-07 7.66101321e-06 6.61516591e-07 8.96002392e-07]
 [9.20634113e-05 5.50082119e-05 5.21019091e-05 2.62975371e-06
  6.07178081e-07 2.03590684e-07 1.55171502e-04 4.14644603e-06
  3.72499041e-07 2.71430010e-06 2.42350056e-07 3.21790550e-07]
 [1.16122774e-04 8.53963538e-05 7.65415806e-05 5.07355121e-06
  1.94521618e-06 4.89536906e-07 1.75421884e-04 4.54065609e-06
  1.26297945e-07 3.59120014e-06 1.78572942e-07 6.20364138e-07]
 [1.18475082e-04 7.52114752e-05 8.55608739e-05 5.05905991e-06
  1.63357372e-06 3.82145950e-07 1.82904592e-04 7.90886322e-06
  7.08245062e-07 5.47811372e-06 2.65060636e-07 5.58748969e-07]
 [1.70635310e-04 8.72448214e-05 6.07258992e-05 1.02340555e-05
  1.77348004e-06 2.04344092e-07 4.64256272e-04 9.29121335e-06
  5.12683485e-07 7.57069004e-06 3.95980736e-07 9.30705375e-07]
 [1.37655008e-04 6.52157689e-05 8.89632754e-05 2.77867363e-06
  6.39541282e-07 5.08352633e-07 1.28436835e-04 7.16403578e-06
  3.71258006e-07 3.29797535e-06 4.09681012e-07 4.35854893e-07]]
Done!, time = 4.413701057434082s
