Begin!
Data shape = (250000, 5)
Begin sort function!
In centrality 0
In centrality 1
In centrality 2
In centrality 3
In centrality 4
In centrality 5
In centrality 6
end function sorter
Data shape = (250000, 5)
Begin sort function!
In centrality 0
In centrality 1
In centrality 2
In centrality 3
In centrality 4
In centrality 5
In centrality 6
end function sorter
Data shape = (250000, 5)
Begin sort function!
In centrality 0
In centrality 1
In centrality 2
In centrality 3
In centrality 4
In centrality 5
In centrality 6
end function sorter
Data shape = (250000, 5)
Begin sort function!
In centrality 0
In centrality 1
In centrality 2
In centrality 3
In centrality 4
In centrality 5
In centrality 6
end function sorter
Final results shape = (4, 7, 12)
mean value:
[[ 1.20724895e-02  1.09167817e-02  1.65635804e-02  1.25757998e-05
   7.99019990e-07 -5.59404686e-08  7.98537592e-01  4.14880924e-03
   1.12813202e-04 -4.42908477e-05  4.95111963e-05 -2.42192495e-06]
 [ 1.27555546e-02  1.13945549e-02  1.73750990e-02  1.46460819e-05
  -8.99880075e-07 -1.62239862e-07  7.82820998e-01  3.97364043e-03
   1.10127902e-04 -4.06517730e-05  4.96186435e-05 -2.26621891e-06]
 [ 1.34264357e-02  1.20296241e-02  1.78538038e-02  1.11381598e-05
  -1.78387506e-06 -2.44593652e-07  7.73945487e-01  3.93178844e-03
   1.08028643e-04 -4.59625179e-05  5.21873040e-05 -2.46008796e-06]
 [ 1.39789667e-02  1.26035069e-02  1.86053803e-02  9.35255271e-06
  -2.45550949e-06 -2.60359440e-07  7.66761998e-01  3.99984814e-03
   1.11665105e-04 -5.14964944e-05  5.49134160e-05 -2.90663246e-06]
 [ 1.44557632e-02  1.30169362e-02  1.91489865e-02  8.87895786e-06
   2.86494797e-07 -1.89006661e-07  7.61605374e-01  4.03245942e-03
   1.17627742e-04 -4.60015648e-05  5.79940648e-05 -2.66293273e-06]
 [ 1.50137288e-02  1.34395615e-02  1.94797749e-02  1.06486076e-05
  -2.56143203e-06 -2.28855124e-07  7.57823445e-01  4.12268556e-03
   1.19901205e-04 -4.44808162e-05  6.19579839e-05 -2.78087607e-06]
 [ 1.54457851e-02  1.38448350e-02  2.00313580e-02  8.85578895e-06
  -4.03308089e-06 -1.93417432e-07  7.54412145e-01  4.20692715e-03
   1.20446417e-04 -4.95601554e-05  6.45978369e-05 -2.97758239e-06]]
std error:
[[6.02800816e-05 1.26905218e-04 3.93119819e-05 2.25851151e-06
  1.60991102e-06 8.85680153e-08 1.71158973e-04 2.38175210e-05
  3.19862149e-06 8.49902433e-06 2.11301772e-07 4.64886811e-07]
 [1.45326180e-04 9.57584127e-05 1.60873840e-04 1.53763686e-06
  1.17834462e-06 6.27943351e-08 4.85513798e-04 4.64679589e-05
  2.62992125e-06 1.49746248e-06 6.92601131e-07 1.96249112e-07]
 [7.67955783e-05 6.33782717e-05 1.33499138e-04 2.19085917e-06
  1.42735029e-06 6.91093637e-08 3.64934505e-04 4.14058915e-05
  5.18090458e-06 8.22302542e-06 4.88950610e-07 3.94470354e-07]
 [4.06854022e-05 2.22373978e-05 6.44627989e-05 2.20439963e-06
  9.39063165e-07 1.17859174e-07 2.25690097e-04 4.31440487e-05
  6.83522949e-06 2.07292468e-06 5.79297627e-07 1.22497916e-07]
 [7.72588837e-05 3.12715378e-05 9.22066734e-05 1.46351877e-06
  6.86873253e-07 8.61288289e-08 2.82688035e-04 2.95966716e-05
  1.60342620e-06 2.44579602e-06 6.54115726e-07 2.34672596e-07]
 [7.53016270e-05 9.57157201e-05 9.91987416e-05 1.15985842e-06
  1.26780166e-06 6.09401408e-08 4.88046651e-04 3.68190244e-05
  6.86936225e-06 3.13609830e-06 1.08873281e-06 3.25753853e-07]
 [2.89650450e-05 8.46592301e-05 1.02431674e-04 2.94639614e-06
  1.57252398e-06 1.81938430e-07 2.32548404e-04 5.97093350e-05
  4.67191806e-06 5.81036507e-06 8.59638447e-07 5.09385231e-07]]
Done!, time = 2.145606756210327s
