Begin!
Data shape = (250000, 5)
Begin sort function!
In centrality 0
In centrality 1
In centrality 2
In centrality 3
In centrality 4
In centrality 5
In centrality 6
end function sorter
Data shape = (250000, 5)
Begin sort function!
In centrality 0
In centrality 1
In centrality 2
In centrality 3
In centrality 4
In centrality 5
In centrality 6
end function sorter
Data shape = (250000, 5)
Begin sort function!
In centrality 0
In centrality 1
In centrality 2
In centrality 3
In centrality 4
In centrality 5
In centrality 6
end function sorter
Data shape = (250000, 5)
Begin sort function!
In centrality 0
In centrality 1
In centrality 2
In centrality 3
In centrality 4
In centrality 5
In centrality 6
end function sorter
Final results shape = (4, 7, 12)
mean value:
[[ 1.43806371e-02  1.07751885e-02  1.52232155e-02  9.38058299e-06
   1.98121863e-07 -4.77292089e-07  8.74729956e-01  2.47594407e-03
   2.84760775e-05 -1.12751890e-04  3.69383160e-05 -6.03757159e-06]
 [ 1.52529022e-02  1.12587457e-02  1.60374405e-02  3.07567724e-06
  -2.75114578e-06 -4.23247110e-07  8.65557492e-01  2.41979458e-03
   2.74942455e-05 -1.08137247e-04  3.73186376e-05 -5.97639330e-06]
 [ 1.59859532e-02  1.16960044e-02  1.65741747e-02 -3.14337063e-06
  -6.01370769e-07 -2.80046099e-07  8.60402527e-01  2.43810087e-03
   3.07119258e-05 -1.21029010e-04  3.95596059e-05 -6.84009562e-06]
 [ 1.64632190e-02  1.22439383e-02  1.73301764e-02 -7.76419989e-06
  -2.50662073e-06 -3.38156965e-07  8.56374218e-01  2.47353156e-03
   3.18507618e-05 -1.16547751e-04  4.13368290e-05 -6.62535370e-06]
 [ 1.68961448e-02  1.26581360e-02  1.78034337e-02 -1.00039413e-05
  -4.11424375e-06 -2.92113323e-07  8.53581762e-01  2.48426727e-03
   3.53735769e-05 -1.15964258e-04  4.26398778e-05 -6.88010915e-06]
 [ 1.73029314e-02  1.30870830e-02  1.83170814e-02 -9.48223590e-06
  -3.01117515e-06 -2.05183651e-07  8.51672686e-01  2.52013354e-03
   3.26627667e-05 -1.04972251e-04  4.40189907e-05 -6.30203774e-06]
 [ 1.78600304e-02  1.35728967e-02  1.88588552e-02 -1.19662167e-05
  -4.12941138e-06 -3.42063608e-07  8.50049447e-01  2.55769684e-03
   3.57304280e-05 -1.08692935e-04  4.62870148e-05 -6.65556525e-06]]
std error:
[[5.13768422e-05 3.39296210e-05 6.77892450e-05 1.82157665e-06
  1.47939523e-06 1.63515828e-07 2.36505828e-04 3.39350757e-05
  1.51725792e-06 4.84985926e-06 2.60586999e-07 2.84708574e-07]
 [1.58642827e-04 4.38629761e-05 1.53842106e-04 4.15540330e-06
  2.55180709e-06 2.45256005e-08 4.13095927e-04 3.63398579e-05
  4.28606740e-06 4.33389038e-06 8.03961843e-07 2.11697301e-07]
 [7.86846001e-05 3.43375659e-05 4.53033139e-05 1.72176856e-06
  1.37023451e-06 1.20123058e-07 2.50819593e-04 1.50737592e-05
  1.60183956e-06 3.91921770e-06 5.22347956e-07 3.18811365e-07]
 [6.82170468e-05 5.48469898e-05 9.97032159e-05 4.61957256e-06
  1.87878387e-06 1.41259385e-07 9.18359916e-05 1.77082675e-05
  1.01263926e-06 3.07489558e-06 3.78433245e-07 1.92553665e-07]
 [7.02491640e-05 3.98775400e-05 8.03577290e-05 3.47200572e-06
  1.49698586e-06 1.46835500e-07 2.46761548e-04 1.36341610e-05
  3.59184913e-06 4.46695541e-06 8.43758625e-07 4.57010817e-07]
 [1.17687107e-04 6.43334745e-05 8.71527123e-05 2.45853374e-06
  1.06997433e-06 1.81173464e-07 2.27121563e-04 1.38366626e-05
  2.87865516e-06 3.60195944e-06 7.11075324e-07 3.66730590e-07]
 [6.59541407e-05 9.46194723e-05 7.75323620e-05 3.31324193e-06
  1.22461543e-06 1.33460961e-07 3.50588738e-04 9.47472639e-06
  2.75498511e-06 4.18907087e-06 8.05449727e-07 4.02424804e-07]]
Done!, time = 3.9658806324005127s
