Begin!
Data shape = (250000, 5)
Begin sort function!
In centrality 0
In centrality 1
In centrality 2
In centrality 3
In centrality 4
In centrality 5
In centrality 6
end function sorter
Data shape = (250000, 5)
Begin sort function!
In centrality 0
In centrality 1
In centrality 2
In centrality 3
In centrality 4
In centrality 5
In centrality 6
end function sorter
Data shape = (250000, 5)
Begin sort function!
In centrality 0
In centrality 1
In centrality 2
In centrality 3
In centrality 4
In centrality 5
In centrality 6
end function sorter
Data shape = (250000, 5)
Begin sort function!
In centrality 0
In centrality 1
In centrality 2
In centrality 3
In centrality 4
In centrality 5
In centrality 6
end function sorter
Final results shape = (4, 7, 12)
mean value:
[[ 1.77213213e-02  1.01409804e-02  1.54817201e-02  1.81680968e-05
   7.39804367e-07 -1.96567356e-06  8.49792928e-01  6.12224224e-03
   2.57150360e-04 -1.77206508e-04  1.08531582e-04 -1.18863151e-05]
 [ 1.95130863e-02  1.10018640e-02  1.67346154e-02 -4.36381327e-06
   1.13887007e-07 -1.68661120e-06  8.30190039e-01  5.87452540e-03
   2.61768756e-04 -1.79483003e-04  1.12512977e-04 -1.24241613e-05]
 [ 2.04105901e-02  1.17464633e-02  1.77218920e-02 -1.26631472e-05
   7.74483868e-07 -1.40799666e-06  8.20116526e-01  5.91003274e-03
   2.53130596e-04 -1.91296015e-04  1.18233430e-04 -1.32440823e-05]
 [ 2.15601676e-02  1.25274628e-02  1.86653676e-02 -2.84072197e-05
   7.02553090e-07 -1.00286496e-06  8.11966352e-01  5.99164292e-03
   2.55187972e-04 -1.89703707e-04  1.27194466e-04 -1.36888965e-05]
 [ 2.22307987e-02  1.31665656e-02  1.93402089e-02 -3.63096520e-05
   6.21227016e-07 -5.40765915e-07  8.06841562e-01  6.13331151e-03
   2.77338358e-04 -2.00187491e-04  1.34935739e-04 -1.46650679e-05]
 [ 2.29520317e-02  1.37835398e-02  1.99041364e-02 -4.03345041e-05
  -3.74702057e-07 -8.22490198e-07  8.03718297e-01  6.36340690e-03
   2.88557056e-04 -1.99944191e-04  1.44315113e-04 -1.49806639e-05]
 [ 2.36380746e-02  1.44258943e-02  2.03912812e-02 -4.83913350e-05
   3.57312259e-07 -6.65356803e-07  8.01828464e-01  6.52774307e-03
   2.98683182e-04 -1.91956477e-04  1.52245733e-04 -1.47072321e-05]]
std error:
[[1.58219056e-04 8.97519190e-05 1.60386275e-04 5.38485264e-06
  1.82529155e-06 3.15920665e-07 1.17543989e-03 5.29296557e-05
  1.50955969e-05 1.08017177e-05 1.58287433e-06 1.09205483e-06]
 [1.11362148e-04 6.26869665e-05 9.96911309e-05 5.26409150e-06
  1.90553123e-06 2.54650050e-07 6.30556827e-04 3.30303657e-05
  1.71384101e-05 1.44301720e-05 8.71290392e-07 8.51784951e-07]
 [6.34652378e-05 4.13341593e-05 4.82491656e-05 1.17451650e-06
  1.95845965e-06 2.34028037e-07 3.87666267e-04 5.42514862e-05
  1.36263949e-05 1.95674558e-05 1.20609260e-06 1.73948803e-06]
 [1.57993436e-04 1.05816201e-04 1.59659644e-04 3.18566047e-06
  9.41841709e-07 2.54880166e-07 4.67073467e-04 4.25182775e-05
  6.99555693e-06 7.80617352e-06 1.83465320e-06 6.82129515e-07]
 [1.02184999e-04 4.94562277e-05 5.21548633e-05 4.66808882e-06
  1.26494232e-06 1.79217121e-07 4.25264226e-04 3.66087964e-05
  1.00248498e-05 6.61203221e-06 1.56678505e-06 7.73117311e-07]
 [6.46829990e-05 5.77430001e-05 1.47787636e-04 2.44078650e-06
  8.87925968e-07 2.59234979e-07 6.05205020e-04 6.72471753e-05
  1.81120402e-05 8.33038186e-06 2.08241047e-06 4.24037362e-07]
 [6.88057195e-05 8.46294420e-05 1.34739201e-04 2.25400941e-06
  1.01379552e-06 2.90353236e-07 4.37319123e-04 7.20924400e-05
  1.75849701e-05 1.02488438e-05 1.74812699e-06 1.50513334e-06]]
Done!, time = 4.1920764446258545s
