Begin!
Data shape = (250000, 5)
Begin sort function!
In centrality 0
In centrality 1
In centrality 2
In centrality 3
In centrality 4
In centrality 5
In centrality 6
end function sorter
Data shape = (250000, 5)
Begin sort function!
In centrality 0
In centrality 1
In centrality 2
In centrality 3
In centrality 4
In centrality 5
In centrality 6
end function sorter
Data shape = (250000, 5)
Begin sort function!
In centrality 0
In centrality 1
In centrality 2
In centrality 3
In centrality 4
In centrality 5
In centrality 6
end function sorter
Data shape = (250000, 5)
Begin sort function!
In centrality 0
In centrality 1
In centrality 2
In centrality 3
In centrality 4
In centrality 5
In centrality 6
end function sorter
Final results shape = (4, 7, 12)
mean value:
[[ 1.13839756e-02  9.53427709e-03  1.52848079e-02 -2.29550717e-06
   2.32888599e-06 -1.39585074e-07  9.59816544e-01  9.77359781e-03
   5.83186187e-04 -6.49032620e-05  1.08524955e-04 -2.64477661e-06]
 [ 1.21761510e-02  1.03642827e-02  1.63205743e-02 -4.23415129e-06
   9.22798916e-07 -7.16209180e-08  9.37424977e-01  9.28264084e-03
   5.44689014e-04 -5.42487306e-05  1.10854109e-04 -2.28737616e-06]
 [ 1.28416090e-02  1.10827689e-02  1.70784393e-02 -7.59278023e-06
   3.37591844e-07 -4.67705950e-08  9.26150521e-01  9.41866684e-03
   5.62566006e-04 -6.62576849e-05  1.19126618e-04 -2.97589478e-06]
 [ 1.36700545e-02  1.19276067e-02  1.77570800e-02 -8.55933854e-06
   2.31146461e-06  7.77997650e-08  9.19078017e-01  9.60538227e-03
   5.95704436e-04 -5.96363278e-05  1.29704080e-04 -2.90739607e-06]
 [ 1.43449672e-02  1.26600371e-02  1.82293917e-02 -1.05361092e-05
   2.57597838e-06  1.73164551e-08  9.16715022e-01  9.84722818e-03
   6.02625559e-04 -6.25276496e-05  1.39271444e-04 -3.14071829e-06]
 [ 1.50840926e-02  1.34199630e-02  1.87539472e-02 -1.11823613e-05
   4.04632024e-07 -5.91593419e-08  9.15420189e-01  1.01856177e-02
   6.45152560e-04 -5.75672409e-05  1.50383539e-04 -2.89727720e-06]
 [ 1.58368520e-02  1.39573864e-02  1.90515924e-02 -1.50419481e-05
   4.31836315e-07  2.91661340e-08  9.16410279e-01  1.03058445e-02
   6.14166205e-04 -5.69173840e-05  1.60436177e-04 -3.05102251e-06]]
std error:
[[8.65576215e-05 4.90941876e-05 1.22815472e-04 1.30703788e-06
  1.33438106e-06 4.83865942e-08 1.07241929e-03 8.21709061e-05
  1.63112839e-05 8.18043311e-06 1.20773025e-06 3.33826909e-07]
 [6.50104232e-05 4.57715709e-05 1.41978277e-04 2.03807296e-06
  2.12030485e-06 4.18112908e-08 1.07749763e-03 7.59513268e-05
  4.14294831e-05 4.54286858e-06 9.50784150e-07 1.16344235e-07]
 [9.28837422e-05 8.69517790e-05 1.00254730e-04 1.47938356e-06
  1.01373997e-06 3.44566415e-08 7.74893340e-04 1.81667702e-04
  3.84344817e-05 4.99368050e-06 2.93825718e-06 3.28139817e-07]
 [3.53239860e-05 1.04409147e-05 6.83061505e-05 1.75988653e-06
  1.01986176e-06 6.64070688e-08 4.21985267e-04 7.68632123e-05
  3.71854313e-05 9.26881800e-06 1.17150270e-06 4.54906580e-07]
 [5.11390307e-05 7.19735988e-05 1.10992179e-04 9.27650984e-07
  1.74428845e-06 4.17360366e-08 3.51129709e-04 8.55624803e-05
  1.25015633e-05 5.64476584e-06 2.22298558e-06 2.05210885e-07]
 [1.03639251e-04 4.07562518e-05 1.01428595e-04 1.69412175e-06
  8.68685219e-07 5.50164594e-08 8.04342682e-04 6.69495013e-05
  1.22195849e-05 1.67544986e-06 1.33874610e-06 3.44244100e-07]
 [4.25701244e-05 9.32775428e-05 3.95151692e-05 2.09066935e-06
  2.08887264e-06 5.10153763e-08 2.34130940e-04 1.01464626e-04
  1.67958804e-05 4.18747907e-06 1.63815037e-06 9.52318994e-08]]
Done!, time = 3.7080750465393066s
