Begin!
Data shape = (250000, 5)
Begin sort function!
In centrality 0
In centrality 1
In centrality 2
In centrality 3
In centrality 4
In centrality 5
In centrality 6
end function sorter
Data shape = (250000, 5)
Begin sort function!
In centrality 0
In centrality 1
In centrality 2
In centrality 3
In centrality 4
In centrality 5
In centrality 6
end function sorter
Data shape = (250000, 5)
Begin sort function!
In centrality 0
In centrality 1
In centrality 2
In centrality 3
In centrality 4
In centrality 5
In centrality 6
end function sorter
Data shape = (250000, 5)
Begin sort function!
In centrality 0
In centrality 1
In centrality 2
In centrality 3
In centrality 4
In centrality 5
In centrality 6
end function sorter
Final results shape = (4, 7, 12)
mean value:
[[ 1.14129814e-02  1.08384771e-02  1.63597694e-02  1.46357502e-05
   6.28749271e-07 -9.22888988e-08  7.60717945e-01  6.56231710e-04
   1.24563968e-06 -4.90317415e-05  7.98645681e-06 -2.30586189e-06]
 [ 1.23014888e-02  1.13521782e-02  1.71746321e-02  1.19354846e-05
  -1.44435723e-06 -7.74665109e-08  7.57678221e-01  6.63064356e-04
   1.27847897e-06 -4.99061912e-05  8.64393755e-06 -2.56230642e-06]
 [ 1.29999962e-02  1.17581683e-02  1.77239346e-02  1.25603904e-05
  -6.32528626e-07 -4.26143570e-08  7.55489777e-01  6.75749419e-04
   1.49755916e-06 -5.01824963e-05  9.18632184e-06 -2.60972907e-06]
 [ 1.36643399e-02  1.22701951e-02  1.84127747e-02  1.23670009e-05
  -2.22423640e-06 -1.79583940e-07  7.53940352e-01  6.86113458e-04
   1.66089843e-06 -5.57691853e-05  9.91275194e-06 -3.02529477e-06]
 [ 1.41478461e-02  1.27136076e-02  1.87041062e-02  9.29404681e-06
  -2.30336349e-06 -1.48611586e-07  7.52643745e-01  6.98414729e-04
   2.02250544e-06 -5.54340349e-05  1.03438370e-05 -3.10874626e-06]
 [ 1.45555838e-02  1.31470452e-02  1.91730520e-02  6.96634366e-06
  -1.26925049e-06 -1.31984991e-07  7.51926707e-01  7.05868877e-04
   1.99674455e-06 -5.26669731e-05  1.07288661e-05 -3.01913830e-06]
 [ 1.51125561e-02  1.36918022e-02  1.95564912e-02  5.59504104e-06
  -2.55152987e-06 -3.00853674e-07  7.50781646e-01  7.13389212e-04
   1.79606876e-06 -4.88408341e-05  1.12644468e-05 -2.83161427e-06]]
std error:
[[8.63565544e-05 1.11481793e-04 1.32396552e-04 3.07850620e-06
  1.35094587e-06 8.16400090e-08 1.35596602e-04 8.47592189e-06
  4.14649888e-07 3.53367430e-06 2.15543870e-07 2.35877055e-07]
 [9.04937866e-05 8.83794779e-05 1.45495005e-04 3.35636126e-06
  1.02374101e-06 7.98228394e-08 2.01766134e-04 5.52703083e-06
  4.49201734e-07 3.81711510e-06 1.10137609e-07 2.40018057e-07]
 [6.15573961e-05 1.10380540e-04 6.12440638e-05 1.90151042e-06
  2.96360507e-06 5.89895654e-08 1.88782627e-04 5.45078920e-06
  2.05061453e-07 2.38279524e-06 1.26696431e-07 1.60631349e-07]
 [4.98860650e-05 6.62932309e-05 4.20317582e-05 2.35746199e-06
  6.39740037e-07 1.03276931e-07 1.01103704e-04 4.16676218e-06
  3.80269891e-07 3.01770616e-06 7.02614546e-08 2.25963055e-07]
 [4.90375371e-05 7.23252485e-05 1.38243380e-04 2.45899964e-06
  1.26605248e-06 4.64836955e-08 3.71527428e-05 4.20011775e-06
  2.64106785e-07 2.65568921e-06 1.67765825e-07 1.69349364e-07]
 [4.67381709e-05 5.89151636e-05 1.22407460e-04 2.12133518e-06
  1.49615199e-06 8.30520658e-08 1.80785522e-04 3.71321236e-06
  2.75040879e-07 2.34639788e-06 6.86356003e-08 1.07564466e-07]
 [6.37576264e-05 7.32456445e-05 1.30537346e-04 1.57917919e-06
  1.19836160e-06 3.84848821e-08 1.00641750e-04 6.90330170e-06
  2.70662174e-07 1.97617108e-06 1.27029466e-07 1.61303511e-07]]
Done!, time = 1.872351884841919s
