Begin!
Data shape = (250000, 5)
Begin sort function!
In centrality 0
In centrality 1
In centrality 2
In centrality 3
In centrality 4
In centrality 5
In centrality 6
end function sorter
Data shape = (250000, 5)
Begin sort function!
In centrality 0
In centrality 1
In centrality 2
In centrality 3
In centrality 4
In centrality 5
In centrality 6
end function sorter
Data shape = (250000, 5)
Begin sort function!
In centrality 0
In centrality 1
In centrality 2
In centrality 3
In centrality 4
In centrality 5
In centrality 6
end function sorter
Data shape = (250000, 5)
Begin sort function!
In centrality 0
In centrality 1
In centrality 2
In centrality 3
In centrality 4
In centrality 5
In centrality 6
end function sorter
Final results shape = (4, 7, 12)
mean value:
[[ 1.12997621e-02  1.04258983e-02  1.56196439e-02  1.46606139e-05
  -1.74968061e-06 -1.29602392e-07  8.51751762e-01  6.87487875e-04
   1.78407545e-06 -5.35385193e-05  8.41890971e-06 -2.58397095e-06]
 [ 1.20097549e-02  1.08178522e-02  1.61863963e-02  9.41127952e-06
  -8.37528932e-07 -1.83876504e-07  8.49810159e-01  6.96919409e-04
   1.63370491e-06 -5.57515245e-05  9.06778437e-06 -2.71318608e-06]
 [ 1.25836866e-02  1.13029994e-02  1.68619117e-02  1.13747016e-05
  -1.29689358e-06 -1.50457574e-07  8.48581980e-01  7.02419880e-04
   1.85911040e-06 -5.71604227e-05  9.45611977e-06 -2.90354429e-06]
 [ 1.31981977e-02  1.18358777e-02  1.73673375e-02  9.38329009e-06
  -1.18011343e-06 -5.08610624e-08  8.47597663e-01  7.16266673e-04
   2.30979835e-06 -5.60565714e-05  9.94081027e-06 -2.90340304e-06]
 [ 1.37337882e-02  1.23503119e-02  1.79447506e-02  7.84447327e-06
  -9.85222646e-07 -1.92713563e-07  8.46945162e-01  7.28553877e-04
   2.40306075e-06 -5.62499881e-05  1.06186969e-05 -3.10344248e-06]
 [ 1.41937291e-02  1.29365986e-02  1.83762348e-02  5.62623218e-06
  -8.28832322e-07 -1.46686088e-07  8.46392516e-01  7.35843648e-04
   2.64569760e-06 -5.24634548e-05  1.09631587e-05 -2.95270464e-06]
 [ 1.47706759e-02  1.35453428e-02  1.88810355e-02  5.59495810e-06
  -3.11865173e-06 -1.68788393e-07  8.45956253e-01  7.51576142e-04
   2.44003046e-06 -5.43246248e-05  1.16790741e-05 -3.14562656e-06]]
std error:
[[1.28870777e-04 5.59651048e-05 1.04770829e-04 2.93350031e-06
  1.08754421e-06 6.45226582e-08 3.46605633e-04 7.98241340e-06
  4.20589062e-07 3.16338809e-06 1.56568126e-07 1.47524004e-07]
 [6.19069128e-05 1.31064032e-04 1.07885119e-04 1.70752645e-06
  1.10725601e-06 9.57242166e-08 1.61223329e-04 9.99948518e-06
  4.22831841e-07 2.64006229e-06 1.44962807e-07 1.06981387e-07]
 [1.07330695e-04 4.95359469e-05 6.31982297e-05 1.33311239e-06
  1.24571623e-06 4.77416858e-08 9.11605337e-05 2.96033610e-06
  1.39523743e-07 1.15327700e-06 1.33332795e-07 1.05568552e-07]
 [9.72483227e-05 9.80088208e-05 6.56609068e-05 1.27614112e-06
  1.29868808e-06 9.22214994e-08 1.52424355e-04 8.00326974e-06
  3.19401681e-07 2.57961939e-06 1.59383553e-07 1.46299369e-07]
 [7.93799403e-05 5.93062275e-05 9.20085278e-05 1.23495780e-06
  1.43855654e-06 1.14293008e-07 1.16014099e-04 7.17201384e-06
  3.75167225e-07 3.23311920e-06 1.53930455e-07 1.91482623e-07]
 [1.03090545e-04 6.23877416e-05 7.42420855e-05 2.79626232e-06
  1.86585254e-06 1.61362566e-07 1.84725062e-04 1.10642941e-06
  4.35253834e-07 1.71442405e-06 6.81846869e-08 6.87357546e-08]
 [4.69100741e-05 6.35107483e-05 1.29857214e-04 2.44613169e-06
  2.53727746e-06 3.51397525e-08 2.31394232e-04 9.66960729e-06
  4.34340449e-07 5.26213640e-06 1.14647929e-07 3.63920471e-07]]
Done!, time = 4.267178535461426s
