Begin!
Data shape = (250000, 5)
Begin sort function!
In centrality 0
In centrality 1
In centrality 2
In centrality 3
In centrality 4
In centrality 5
In centrality 6
end function sorter
Data shape = (250000, 5)
Begin sort function!
In centrality 0
In centrality 1
In centrality 2
In centrality 3
In centrality 4
In centrality 5
In centrality 6
end function sorter
Data shape = (250000, 5)
Begin sort function!
In centrality 0
In centrality 1
In centrality 2
In centrality 3
In centrality 4
In centrality 5
In centrality 6
end function sorter
Data shape = (250000, 5)
Begin sort function!
In centrality 0
In centrality 1
In centrality 2
In centrality 3
In centrality 4
In centrality 5
In centrality 6
end function sorter
Final results shape = (4, 7, 12)
mean value:
[[ 1.40100498e-02  9.75781610e-03  1.52016728e-02  3.91257689e-05
   7.16482749e-07 -5.54939153e-07  8.70641088e-01  2.53929402e-03
   3.25460089e-05 -1.30253924e-04  3.72141636e-05 -7.52444413e-06]
 [ 1.53052516e-02  1.04714539e-02  1.63678170e-02  2.95483354e-05
   1.97575624e-06 -8.17382297e-07  8.62371482e-01  2.47568360e-03
   3.09899559e-05 -1.32866081e-04  3.89391432e-05 -7.90293741e-06]
 [ 1.63630878e-02  1.11163287e-02  1.70647783e-02  2.78467745e-05
   1.46032532e-07 -9.87611367e-07  8.57724931e-01  2.53679707e-03
   3.42628034e-05 -1.40315233e-04  4.26334346e-05 -8.79664897e-06]
 [ 1.73476067e-02  1.19853933e-02  1.78302722e-02  2.54860562e-05
   3.26454635e-06 -8.13557750e-07  8.54591540e-01  2.59023104e-03
   3.75092808e-05 -1.46975749e-04  4.61268646e-05 -9.78842174e-06]
 [ 1.81282006e-02  1.27439913e-02  1.84807603e-02  2.06280555e-05
   6.37386998e-07 -9.03991348e-07  8.52248461e-01  2.63527705e-03
   3.97417946e-05 -1.48860526e-04  4.89571210e-05 -1.01128578e-05]
 [ 1.87517311e-02  1.34435646e-02  1.88164964e-02  1.49678653e-05
  -6.21314248e-07 -8.29368818e-07  8.51062147e-01  2.66857834e-03
   3.89649851e-05 -1.39797027e-04  5.15288469e-05 -9.91533764e-06]
 [ 1.96908546e-02  1.42781640e-02  1.95322017e-02  1.35135867e-05
  -7.14410616e-07 -8.96395761e-07  8.50344893e-01  2.73259382e-03
   4.20160027e-05 -1.47669619e-04  5.50743612e-05 -1.10422823e-05]]
std error:
[[1.09218675e-04 1.75927560e-05 1.31246320e-04 1.97299165e-06
  8.45248322e-07 2.73497701e-07 2.05231140e-04 2.83284644e-05
  2.36347854e-06 3.56063027e-06 8.88417324e-07 2.72442804e-07]
 [1.49062537e-04 8.58778016e-05 1.16611538e-04 4.64053927e-06
  2.49858679e-06 1.32474023e-07 3.91904480e-04 1.77872268e-05
  3.36865128e-06 9.15226652e-06 7.77715725e-07 8.81597486e-07]
 [6.69275614e-05 5.53809389e-05 3.60699503e-05 2.38448751e-06
  1.23980109e-06 1.76348214e-07 2.25421641e-04 2.79478248e-05
  3.86860521e-06 5.76342872e-06 3.01587837e-07 4.15710274e-07]
 [4.22471283e-05 2.50598234e-05 4.57091879e-05 1.09000173e-06
  1.45129490e-06 9.34192848e-08 2.42472506e-04 1.53010125e-05
  3.62501150e-07 4.97585116e-06 6.75896447e-07 4.76546773e-07]
 [4.85076263e-05 2.57665617e-05 6.25512095e-05 2.54504218e-06
  9.29396211e-07 1.37475363e-07 8.65246105e-05 1.11539242e-05
  1.59572830e-06 4.89229613e-06 2.79891879e-07 5.54669132e-07]
 [1.00236070e-04 4.14287248e-05 7.66558787e-05 3.36727632e-06
  2.16933869e-06 3.60410934e-07 3.76624210e-04 2.82191830e-05
  9.12381276e-07 3.44713083e-06 7.63974403e-07 3.23405799e-07]
 [1.03476931e-04 7.05576256e-05 6.57240495e-05 5.29302625e-06
  1.74456995e-06 2.04398171e-07 3.72618875e-04 2.77189121e-05
  3.09936598e-06 4.16691145e-06 1.13252700e-06 4.97725216e-07]]
Done!, time = 1.871056079864502s
