Begin!
Data shape = (250000, 5)
Begin sort function!
In centrality 0
In centrality 1
In centrality 2
In centrality 3
In centrality 4
In centrality 5
In centrality 6
end function sorter
Data shape = (250000, 5)
Begin sort function!
In centrality 0
In centrality 1
In centrality 2
In centrality 3
In centrality 4
In centrality 5
In centrality 6
end function sorter
Data shape = (250000, 5)
Begin sort function!
In centrality 0
In centrality 1
In centrality 2
In centrality 3
In centrality 4
In centrality 5
In centrality 6
end function sorter
Data shape = (250000, 5)
Begin sort function!
In centrality 0
In centrality 1
In centrality 2
In centrality 3
In centrality 4
In centrality 5
In centrality 6
end function sorter
Final results shape = (4, 7, 12)
mean value:
[[ 1.42595959e-02  9.64544322e-03  1.36293672e-02  2.85844784e-05
  -4.99505146e-07 -1.04753226e-06  9.23435029e-01  1.11017662e-03
  -2.29654471e-06 -1.82705529e-04  1.91458684e-05 -9.91708980e-06]
 [ 1.56596450e-02  1.02258716e-02  1.46137899e-02  1.86195726e-05
   1.58501434e-07 -8.93682829e-07  9.19156176e-01  1.14254555e-03
  -1.01581447e-06 -1.79615466e-04  2.04728254e-05 -1.02645120e-05]
 [ 1.63847111e-02  1.08606773e-02  1.53502555e-02  8.76861675e-06
   5.54742840e-07 -8.85051095e-07  9.16943999e-01  1.15596205e-03
   5.37664925e-07 -1.75916772e-04  2.13496769e-05 -1.02609083e-05]
 [ 1.71553953e-02  1.15196293e-02  1.62150919e-02  4.48127810e-06
  -6.93390805e-07 -6.67936270e-07  9.15334537e-01  1.18451071e-03
   2.07616924e-06 -1.66642580e-04  2.21850568e-05 -1.01434649e-05]
 [ 1.78847959e-02  1.21960767e-02  1.70005953e-02 -4.14448749e-06
   1.74394083e-06 -6.23152517e-07  9.14102937e-01  1.22162800e-03
   2.79889961e-06 -1.59492418e-04  2.34659197e-05 -1.00366068e-05]
 [ 1.85740102e-02  1.28583631e-02  1.74643560e-02 -4.96179231e-06
   1.63716032e-06 -5.67282674e-07  9.13654647e-01  1.24209706e-03
   3.38423716e-06 -1.55006363e-04  2.46617847e-05 -1.02806534e-05]
 [ 1.93816376e-02  1.35992550e-02  1.80877028e-02 -4.33437068e-06
  -2.87825549e-06 -5.60555552e-07  9.13421180e-01  1.27244396e-03
   3.38181739e-06 -1.52517427e-04  2.61525800e-05 -1.06417325e-05]]
std error:
[[4.20045139e-05 9.52115075e-05 1.20975205e-04 2.80026078e-06
  1.61524473e-06 1.08933470e-07 2.00302197e-04 6.67266056e-06
  1.46739953e-07 3.17966702e-06 2.40005527e-07 2.87842924e-07]
 [8.01997024e-05 2.01231936e-05 1.55438167e-04 3.65318786e-06
  7.25676574e-07 9.24924811e-08 1.68398815e-04 2.05748446e-05
  1.10507086e-06 2.25915955e-06 4.19641230e-07 1.98058562e-07]
 [4.92818129e-05 6.85990424e-05 9.65746363e-05 2.89268061e-06
  9.60748578e-07 1.45070497e-08 2.39739090e-04 4.47122022e-06
  3.74298651e-07 2.57890463e-06 1.83366642e-07 2.98439318e-07]
 [1.37571963e-04 5.44590977e-05 1.06050639e-04 3.53041237e-06
  1.51803422e-06 1.73324579e-07 1.52516383e-04 3.61550688e-06
  3.43771164e-07 2.78196993e-06 3.89997514e-07 2.62159651e-07]
 [6.32581491e-05 3.85297471e-05 1.42132343e-04 1.31328028e-06
  1.56949265e-06 1.25643692e-07 2.41770619e-04 5.14863312e-06
  3.10101119e-07 1.16508628e-06 1.68994902e-07 5.36028451e-08]
 [8.52360290e-05 9.93071319e-05 6.61311042e-05 3.41743892e-06
  9.91265616e-07 1.08882356e-07 1.29015319e-04 6.74430326e-06
  6.49907553e-07 4.40315072e-06 2.34364109e-07 3.88473151e-07]
 [1.39869502e-04 4.27760452e-05 8.59411800e-05 2.50833212e-06
  7.60478063e-07 1.49545739e-07 1.12644274e-04 2.74157868e-06
  4.16863789e-07 4.16352940e-06 1.81463382e-07 5.08790968e-07]]
Done!, time = 4.1113440990448s
