Begin!
Data shape = (250000, 5)
Begin sort function!
In centrality 0
In centrality 1
In centrality 2
In centrality 3
In centrality 4
In centrality 5
In centrality 6
end function sorter
Data shape = (250000, 5)
Begin sort function!
In centrality 0
In centrality 1
In centrality 2
In centrality 3
In centrality 4
In centrality 5
In centrality 6
end function sorter
Data shape = (250000, 5)
Begin sort function!
In centrality 0
In centrality 1
In centrality 2
In centrality 3
In centrality 4
In centrality 5
In centrality 6
end function sorter
Data shape = (250000, 5)
Begin sort function!
In centrality 0
In centrality 1
In centrality 2
In centrality 3
In centrality 4
In centrality 5
In centrality 6
end function sorter
Final results shape = (4, 7, 12)
mean value:
[[ 1.77505347e-02  9.52201126e-03  1.45416418e-02  4.57442039e-05
  -2.66932366e-07 -2.21965026e-06  9.65754448e-01  1.03028207e-02
   6.59162019e-04 -2.27971662e-04  1.81305216e-04 -1.62021000e-05]
 [ 1.95305616e-02  1.04855935e-02  1.59984634e-02  3.40466001e-05
  -1.77161082e-07 -2.27133116e-06  9.41914660e-01  9.66032872e-03
   5.75254892e-04 -2.41728330e-04  1.85543428e-04 -1.82944734e-05]
 [ 2.07492295e-02  1.12062780e-02  1.69051038e-02  2.52365235e-05
   1.30179554e-06 -2.47723889e-06  9.30113211e-01  9.83758428e-03
   6.10197325e-04 -2.71944878e-04  2.01153371e-04 -2.10076377e-05]
 [ 2.17753992e-02  1.21358196e-02  1.76958531e-02  1.31926102e-05
   1.57843713e-06 -2.00532722e-06  9.22393881e-01  9.95754623e-03
   6.10615389e-04 -2.85671594e-04  2.12028711e-04 -2.30013156e-05]
 [ 2.27736047e-02  1.29912445e-02  1.85037303e-02  9.23931994e-06
  -1.06486780e-06 -2.16339593e-06  9.18291355e-01  1.02023725e-02
   6.29651153e-04 -2.90492793e-04  2.29087491e-04 -2.45813589e-05]
 [ 2.34839702e-02  1.36387805e-02  1.90033697e-02  8.03096235e-06
  -3.88062393e-07 -2.08574588e-06  9.17283817e-01  1.04950528e-02
   6.58651822e-04 -2.93326955e-04  2.40379955e-04 -2.46731933e-05]
 [ 2.43364044e-02  1.44642837e-02  1.95332407e-02  3.04673960e-06
   1.02576177e-06 -2.43288851e-06  9.17909157e-01  1.07873698e-02
   6.78012897e-04 -3.02251885e-04  2.57357918e-04 -2.64167696e-05]]
std error:
[[1.87000074e-04 1.76713222e-05 5.18514225e-05 3.36397462e-06
  1.69790563e-06 3.38536807e-07 9.41255900e-04 1.70701448e-04
  7.11759277e-05 2.72232055e-05 2.63147022e-06 2.50885392e-06]
 [1.00852314e-04 9.96827772e-05 4.05689539e-05 2.49143118e-06
  1.82459307e-06 2.75652049e-07 4.37125102e-04 1.50495169e-04
  2.59452751e-05 1.79222757e-05 2.06761367e-06 1.93002116e-06]
 [1.10847597e-04 4.38956893e-05 5.80989205e-05 3.11186604e-06
  1.77868739e-07 2.15117074e-07 3.55133913e-04 5.02974562e-05
  2.28152473e-05 6.80192479e-06 9.29798691e-07 5.27113473e-07]
 [1.23455952e-04 4.18423267e-05 4.75452873e-05 4.31071014e-06
  2.26264534e-06 1.58463464e-07 8.28710588e-04 1.85331416e-04
  2.75518095e-05 7.81176096e-06 4.18664537e-06 5.91384490e-07]
 [1.17727741e-04 3.44673922e-05 7.68011804e-05 3.54417007e-06
  2.25546971e-06 1.48390516e-07 3.89847472e-04 1.45694053e-04
  5.71331321e-05 1.49223819e-05 2.67745295e-06 1.08943871e-06]
 [1.23312876e-04 2.80267778e-05 1.88804653e-04 6.68924074e-06
  1.74100062e-06 4.05646170e-07 4.46482416e-04 6.34747246e-05
  3.54895569e-05 6.90191245e-06 3.11041259e-06 6.17906426e-07]
 [1.57491552e-04 4.16148044e-05 6.37566558e-05 8.17616107e-06
  1.00159724e-06 2.68819925e-07 5.60053056e-04 8.34393128e-05
  2.71286832e-05 8.58171351e-06 3.48512691e-06 4.46710066e-07]]
Done!, time = 4.051499843597412s
