Begin!
Data shape = (250000, 5)
Begin sort function!
In centrality 0
In centrality 1
In centrality 2
In centrality 3
In centrality 4
In centrality 5
In centrality 6
end function sorter
Data shape = (250000, 5)
Begin sort function!
In centrality 0
In centrality 1
In centrality 2
In centrality 3
In centrality 4
In centrality 5
In centrality 6
end function sorter
Data shape = (250000, 5)
Begin sort function!
In centrality 0
In centrality 1
In centrality 2
In centrality 3
In centrality 4
In centrality 5
In centrality 6
end function sorter
Data shape = (250000, 5)
Begin sort function!
In centrality 0
In centrality 1
In centrality 2
In centrality 3
In centrality 4
In centrality 5
In centrality 6
end function sorter
Final results shape = (4, 7, 12)
mean value:
[[ 1.59421214e-02  9.74777172e-03  1.39665831e-02  4.57363752e-05
   5.06550514e-07 -1.20070990e-06  9.68438841e-01  1.01339448e-02
   6.29831050e-04 -1.59755143e-04  1.58641544e-04 -1.09181886e-05]
 [ 1.74104524e-02  1.03352287e-02  1.50023359e-02  3.87797097e-05
   1.34337725e-06 -1.39129839e-06  9.45373081e-01  9.41664161e-03
   5.51632534e-04 -1.89433004e-04  1.61514211e-04 -1.30762215e-05]
 [ 1.83942085e-02  1.11591412e-02  1.59243080e-02  3.30955715e-05
   1.03701347e-07 -1.26143741e-06  9.32485819e-01  9.63078714e-03
   5.84482788e-04 -1.85347601e-04  1.72802742e-04 -1.33027854e-05]
 [ 1.94729621e-02  1.18951232e-02  1.66504549e-02  2.55695975e-05
  -2.40530997e-06 -1.55597352e-06  9.24146229e-01  9.69922291e-03
   6.01556457e-04 -1.96962335e-04  1.86737199e-04 -1.48760654e-05]
 [ 2.00660393e-02  1.26146303e-02  1.73233883e-02  2.32733780e-05
  -1.03815707e-06 -1.51387413e-06  9.20472925e-01  1.00192685e-02
   6.35900105e-04 -2.00109864e-04  1.96546801e-04 -1.55700162e-05]
 [ 2.08661992e-02  1.31403777e-02  1.78448263e-02  2.44291560e-05
  -2.00600453e-06 -1.43061692e-06  9.18464524e-01  1.01927579e-02
   6.11206354e-04 -2.18594153e-04  2.06925677e-04 -1.73156818e-05]
 [ 2.16985103e-02  1.36877196e-02  1.83330333e-02  2.02888608e-05
  -2.32624457e-06 -1.66415202e-06  9.19126372e-01  1.05851123e-02
   6.48774884e-04 -2.18913421e-04  2.25501038e-04 -1.75087393e-05]]
std error:
[[1.42663261e-04 8.05342702e-05 5.78735370e-05 2.79948087e-06
  1.07776057e-06 2.17758777e-07 7.08772594e-04 1.65569977e-04
  3.43721410e-05 1.24224394e-05 1.75671114e-06 1.14139536e-06]
 [1.55388085e-04 6.56822394e-05 1.07879299e-04 8.83802129e-06
  9.89583905e-07 2.12953309e-07 6.95508800e-04 1.07717538e-04
  2.67639139e-05 7.28568977e-06 2.20854073e-06 5.28454036e-07]
 [6.27276715e-05 7.19729851e-05 1.31774991e-04 2.80661778e-06
  1.31519204e-06 1.85489742e-07 5.05164983e-04 1.37216332e-04
  1.97404666e-05 1.47508531e-05 1.43978227e-06 1.06815885e-06]
 [1.54558649e-04 1.66734813e-05 9.41497153e-05 4.40166523e-06
  2.01987213e-06 2.11045873e-07 4.54771181e-04 1.05079064e-04
  2.80764760e-05 2.47747363e-06 3.89529689e-06 4.88820544e-07]
 [1.11528497e-04 2.99826441e-05 6.49601283e-05 4.48254555e-06
  1.00615736e-06 1.73929846e-07 8.74184182e-04 1.19853353e-04
  3.66846323e-05 7.36250760e-06 3.23400255e-06 6.89314482e-07]
 [1.10298318e-04 6.89477125e-05 1.88518296e-04 2.22182424e-06
  2.35042811e-06 2.89076192e-07 3.69698921e-04 1.57200798e-04
  4.85215555e-05 1.39021483e-05 5.11535552e-06 1.40423061e-06]
 [1.44006455e-04 7.23507360e-05 1.48375136e-04 3.74549333e-06
  2.72181943e-06 3.14759324e-07 2.37423658e-04 1.02638099e-04
  3.43372411e-05 1.36963289e-05 3.57810873e-07 1.59232191e-06]]
Done!, time = 4.261187791824341s
