Begin!
Data shape = (250000, 5)
Begin sort function!
In centrality 0
In centrality 1
In centrality 2
In centrality 3
In centrality 4
In centrality 5
In centrality 6
end function sorter
Data shape = (250000, 5)
Begin sort function!
In centrality 0
In centrality 1
In centrality 2
In centrality 3
In centrality 4
In centrality 5
In centrality 6
end function sorter
Data shape = (250000, 5)
Begin sort function!
In centrality 0
In centrality 1
In centrality 2
In centrality 3
In centrality 4
In centrality 5
In centrality 6
end function sorter
Data shape = (250000, 5)
Begin sort function!
In centrality 0
In centrality 1
In centrality 2
In centrality 3
In centrality 4
In centrality 5
In centrality 6
end function sorter
Final results shape = (4, 7, 12)
mean value:
[[ 1.18648956e-02  1.06055683e-02  1.62563838e-02  9.19881069e-06
   1.98393485e-07 -5.71719571e-08  8.44110776e-01  5.25795279e-03
   1.78259541e-04 -5.08484358e-05  6.23212223e-05 -2.54159826e-06]
 [ 1.26151480e-02  1.13591211e-02  1.70046864e-02  9.74633033e-06
  -1.13921477e-06 -2.39819985e-07  8.26461352e-01  5.08318885e-03
   1.85958893e-04 -4.68641812e-05  6.39873083e-05 -2.50167410e-06]
 [ 1.32563568e-02  1.18459511e-02  1.76844257e-02  1.14605068e-05
  -1.57562859e-06 -2.19893359e-07  8.16756612e-01  4.97758788e-03
   1.68853928e-04 -5.39422331e-05  6.54998551e-05 -2.95007570e-06]
 [ 1.38742459e-02  1.24492968e-02  1.82563250e-02  9.62583175e-06
  -2.69808990e-06 -1.66126802e-07  8.09601054e-01  5.09941279e-03
   1.82262400e-04 -5.45481294e-05  7.03017948e-05 -3.15844242e-06]
 [ 1.43421217e-02  1.29296127e-02  1.88081975e-02  8.61052899e-06
  -1.14512852e-06 -3.66049022e-08  8.04163821e-01  5.12955553e-03
   1.87250492e-04 -4.74376960e-05  7.35857136e-05 -2.93208828e-06]
 [ 1.48914974e-02  1.33612435e-02  1.92872134e-02  7.36285114e-06
  -2.62979646e-06 -2.03021522e-07  8.00884359e-01  5.22745588e-03
   1.85665259e-04 -4.95075202e-05  7.80264538e-05 -3.06182003e-06]
 [ 1.53086135e-02  1.39010334e-02  1.96035444e-02  5.76372842e-06
  -2.21281292e-06 -2.09207805e-07  7.98337031e-01  5.37980893e-03
   2.03442764e-04 -5.42008021e-05  8.24347317e-05 -3.41907045e-06]]
std error:
[[6.21877717e-05 3.12179825e-05 6.07258388e-05 2.15410438e-06
  1.60178337e-06 1.67226377e-07 6.54091191e-04 6.17602376e-05
  9.75562444e-06 7.98751077e-06 9.74500153e-07 5.64225489e-07]
 [7.73880661e-05 8.26676181e-05 4.88446421e-05 1.06173502e-06
  1.30259781e-06 5.55071604e-08 5.35110054e-04 3.26931205e-05
  1.07328586e-05 5.17242519e-06 1.28741469e-06 3.04059230e-07]
 [3.33897736e-05 7.89174286e-05 8.95658319e-05 1.79432038e-06
  2.34085421e-06 4.69700720e-08 4.19594846e-04 6.05668924e-06
  2.80644229e-06 5.22574520e-06 8.75280339e-07 3.94098325e-07]
 [5.17702331e-05 4.50532206e-05 1.25486451e-04 2.17150314e-06
  5.58788153e-07 9.86673708e-08 3.55237231e-04 2.45189481e-05
  9.13105096e-06 3.64329067e-06 3.09588903e-07 2.98563452e-07]
 [1.02829436e-04 4.54143179e-05 9.51192741e-05 9.99869357e-07
  2.57903187e-06 2.04666706e-07 2.25055937e-04 2.80427040e-05
  9.25000291e-06 4.57646747e-06 1.03085550e-06 2.35191139e-07]
 [5.36357910e-05 4.35452714e-05 1.47740894e-04 5.50708492e-06
  2.70439758e-06 8.65939204e-08 5.29076967e-04 8.23443339e-05
  5.80162595e-06 8.45362415e-06 1.99895151e-06 5.68136189e-07]
 [6.13118857e-05 1.36738884e-04 1.60934017e-04 1.47043354e-06
  1.19526626e-06 9.04957697e-08 5.60996379e-04 7.59114307e-05
  7.41968772e-06 6.56412871e-06 8.57967677e-07 3.77906073e-07]]
Done!, time = 3.806302070617676s
