Begin!
Data shape = (250000, 5)
Begin sort function!
In centrality 0
In centrality 1
In centrality 2
In centrality 3
In centrality 4
In centrality 5
In centrality 6
end function sorter
Data shape = (250000, 5)
Begin sort function!
In centrality 0
In centrality 1
In centrality 2
In centrality 3
In centrality 4
In centrality 5
In centrality 6
end function sorter
Data shape = (250000, 5)
Begin sort function!
In centrality 0
In centrality 1
In centrality 2
In centrality 3
In centrality 4
In centrality 5
In centrality 6
end function sorter
Data shape = (250000, 5)
Begin sort function!
In centrality 0
In centrality 1
In centrality 2
In centrality 3
In centrality 4
In centrality 5
In centrality 6
end function sorter
Final results shape = (4, 7, 12)
mean value:
[[ 1.33677026e-02  9.36525006e-03  1.44606188e-02  4.58861231e-05
   2.21906357e-07 -4.09105475e-07  9.18120354e-01  9.10717786e-04
  -2.80878913e-07 -1.55729971e-04  1.53304749e-05 -9.03047298e-06]
 [ 1.47097359e-02  1.00644875e-02  1.55559787e-02  3.68553425e-05
   2.00020157e-06 -7.77422913e-07  9.15284591e-01  9.22200104e-04
   1.51839716e-06 -1.57444143e-04  1.60660200e-05 -9.33297837e-06]
 [ 1.56165034e-02  1.06882212e-02  1.62892854e-02  3.05351924e-05
   2.44881247e-06 -7.40900498e-07  9.14161382e-01  9.46630697e-04
   1.94158101e-06 -1.60672170e-04  1.73423748e-05 -9.95884447e-06]
 [ 1.66781783e-02  1.16522285e-02  1.72017609e-02  2.65315645e-05
   1.82007801e-06 -6.95472671e-07  9.12988764e-01  9.79010313e-04
   2.99597072e-06 -1.59312906e-04  1.86555507e-05 -1.03040357e-05]
 [ 1.75778452e-02  1.25932378e-02  1.78535135e-02  1.88263162e-05
   5.53156048e-07 -7.57305968e-07  9.12712736e-01  9.97044433e-04
   3.74050944e-06 -1.56287493e-04  1.97230841e-05 -1.06042164e-05]
 [ 1.84369417e-02  1.34428087e-02  1.83898775e-02  1.45374088e-05
  -1.70148384e-07 -5.06010067e-07  9.12513266e-01  1.01935799e-03
   4.08628230e-06 -1.48915937e-04  2.08188976e-05 -1.05810018e-05]
 [ 1.94593150e-02  1.43877166e-02  1.88753280e-02  1.17983575e-05
  -2.87193386e-06 -7.86841517e-07  9.12562023e-01  1.04867937e-03
   3.96975064e-06 -1.50780200e-04  2.24916952e-05 -1.13078385e-05]]
std error:
[[8.79436337e-05 8.66191449e-05 7.54299622e-05 2.71118157e-06
  5.07654318e-07 1.74852248e-07 3.94221337e-04 9.70914998e-06
  5.22084779e-07 4.23774592e-06 3.05059242e-07 2.80824326e-07]
 [1.32967764e-04 1.18645060e-04 1.31545162e-04 2.85589178e-06
  5.05300834e-07 2.48885033e-07 2.32567002e-04 6.58494295e-06
  6.58557057e-07 4.74072520e-06 3.26056530e-07 3.86595541e-07]
 [3.39968982e-05 8.11134208e-05 7.68052018e-05 3.65679248e-06
  4.68425549e-07 2.08095751e-07 3.33166482e-04 6.78819107e-06
  5.09737479e-07 2.42393607e-06 8.59330107e-08 2.04693929e-07]
 [2.30970689e-05 6.81741772e-05 5.26590349e-05 1.68621343e-06
  1.75256265e-06 1.51640592e-07 1.01964695e-04 1.12306810e-05
  3.72980772e-07 3.56931787e-07 2.03031469e-07 3.52224893e-08]
 [1.34872101e-04 8.65085144e-05 7.86864765e-05 5.20316542e-06
  7.74878817e-07 2.83862175e-07 2.66914691e-04 7.26325217e-06
  1.66795302e-07 4.69021461e-06 2.22419262e-07 5.46764829e-07]
 [6.13426813e-05 3.28657994e-05 9.49468962e-05 3.06637797e-06
  1.09465812e-06 2.49068696e-07 1.46631209e-04 7.40472747e-06
  4.07549047e-07 2.78593780e-06 6.89498485e-08 3.34320461e-07]
 [6.00300224e-05 1.04037492e-04 9.12258293e-05 1.84247929e-06
  2.39080253e-06 2.84086100e-07 2.29524506e-04 1.00289767e-05
  3.54236400e-07 1.37386644e-06 2.47933700e-07 1.47995015e-07]]
Done!, time = 2.652775764465332s
