Begin!
Data shape = (250000, 5)
Begin sort function!
In centrality 0
In centrality 1
In centrality 2
In centrality 3
In centrality 4
In centrality 5
In centrality 6
end function sorter
Data shape = (250000, 5)
Begin sort function!
In centrality 0
In centrality 1
In centrality 2
In centrality 3
In centrality 4
In centrality 5
In centrality 6
end function sorter
Data shape = (250000, 5)
Begin sort function!
In centrality 0
In centrality 1
In centrality 2
In centrality 3
In centrality 4
In centrality 5
In centrality 6
end function sorter
Data shape = (250000, 5)
Begin sort function!
In centrality 0
In centrality 1
In centrality 2
In centrality 3
In centrality 4
In centrality 5
In centrality 6
end function sorter
Final results shape = (4, 7, 12)
mean value:
[[ 1.18339789e-02  1.08766493e-02  1.52589538e-02  2.17392201e-06
  -1.63919654e-06 -1.58220235e-07  8.70396701e-01  2.31763246e-03
   2.74691150e-05 -5.04652874e-05  2.79395402e-05 -2.15461674e-06]
 [ 1.23163808e-02  1.11744876e-02  1.60436278e-02 -3.10775978e-06
  -2.07641108e-06 -1.42050039e-07  8.62148924e-01  2.26628952e-03
   2.78344757e-05 -4.78815166e-05  2.79546125e-05 -2.11179593e-06]
 [ 1.28027288e-02  1.16751334e-02  1.65659394e-02 -3.54703187e-06
  -2.05761869e-06 -7.55029366e-08  8.57867961e-01  2.30506459e-03
   2.90793967e-05 -5.34663964e-05  2.96392138e-05 -2.47883189e-06]
 [ 1.33212133e-02  1.21307579e-02  1.70878367e-02 -4.80009486e-06
  -3.73515159e-06 -3.69298147e-08  8.54010300e-01  2.31146173e-03
   2.93013989e-05 -4.78160896e-05  3.10236856e-05 -2.33110204e-06]
 [ 1.37492127e-02  1.26225712e-02  1.75678133e-02 -6.81921713e-06
  -1.86621541e-06  4.66758632e-08  8.51751859e-01  2.34435176e-03
   3.09728744e-05 -4.84131795e-05  3.23048448e-05 -2.28765655e-06]
 [ 1.41535984e-02  1.30678161e-02  1.81181715e-02 -7.46924669e-06
  -1.71279602e-06  3.96457694e-09  8.49825000e-01  2.36309484e-03
   2.94448437e-05 -4.71531190e-05  3.39439341e-05 -2.43431880e-06]
 [ 1.46055248e-02  1.35239862e-02  1.86433218e-02 -5.71268979e-06
  -2.62542683e-06 -3.55836186e-08  8.48514116e-01  2.41305715e-03
   3.02184048e-05 -4.44519532e-05  3.52880379e-05 -2.37657053e-06]]
std error:
[[9.42869038e-05 5.18993161e-05 1.43923114e-04 2.11640778e-06
  1.14319335e-06 2.84156939e-08 2.35896800e-04 1.39951526e-05
  2.67284569e-06 2.74404202e-06 3.45582830e-07 1.85480814e-07]
 [6.05772133e-05 3.07528977e-05 1.16986344e-04 6.31855709e-07
  1.38381588e-06 5.91479516e-08 3.46314976e-04 1.02106469e-05
  1.81074953e-06 2.68729773e-06 5.91132719e-08 1.25967492e-07]
 [8.03610862e-05 4.58112007e-05 1.27541379e-04 8.27681843e-07
  6.55343415e-07 3.30940838e-08 1.43842975e-04 1.89187158e-05
  1.62141744e-06 3.57136390e-06 5.18677069e-07 2.57913624e-07]
 [4.86901158e-05 3.23332280e-05 8.08111934e-05 6.39456702e-07
  1.17967866e-06 2.15545907e-08 2.44933303e-04 1.30535247e-05
  1.66500914e-06 4.69251084e-06 6.40608741e-08 1.90638379e-07]
 [6.32701887e-05 5.63058234e-05 1.19536026e-04 2.82317862e-06
  3.52476536e-07 1.15202422e-07 1.43090812e-04 2.11256646e-05
  1.25514534e-06 5.98695446e-06 3.10017711e-07 3.56371569e-07]
 [7.81966099e-05 4.63549093e-05 1.22570700e-04 2.21580064e-06
  1.52913838e-06 3.54583156e-08 2.75214657e-04 1.36632878e-05
  9.72413205e-07 7.29232350e-06 2.83694712e-07 4.94344584e-07]
 [1.33518205e-04 3.09225649e-05 9.70887129e-05 2.13951207e-06
  1.88726260e-06 7.04839461e-08 2.21613820e-04 1.82996987e-05
  2.11845382e-06 6.16974659e-06 4.88976905e-07 4.01396506e-07]]
Done!, time = 4.41315221786499s
