Begin!
Data shape = (250000, 5)
Begin sort function!
In centrality 0
In centrality 1
In centrality 2
In centrality 3
In centrality 4
In centrality 5
In centrality 6
end function sorter
Data shape = (250000, 5)
Begin sort function!
In centrality 0
In centrality 1
In centrality 2
In centrality 3
In centrality 4
In centrality 5
In centrality 6
end function sorter
Data shape = (250000, 5)
Begin sort function!
In centrality 0
In centrality 1
In centrality 2
In centrality 3
In centrality 4
In centrality 5
In centrality 6
end function sorter
Data shape = (250000, 5)
Begin sort function!
In centrality 0
In centrality 1
In centrality 2
In centrality 3
In centrality 4
In centrality 5
In centrality 6
end function sorter
Final results shape = (4, 7, 12)
mean value:
[[ 1.10694181e-02  9.43406399e-03  1.50314992e-02  2.13434513e-06
   6.52034819e-07 -1.32617753e-07  9.28702443e-01  2.84665978e-03
   3.80193863e-05 -6.23484904e-05  3.19657945e-05 -2.68059385e-06]
 [ 1.17691934e-02  1.00581265e-02  1.59465206e-02 -1.88051417e-06
   3.96152663e-07 -7.49521493e-08  9.21094375e-01  2.83146616e-03
   3.84766936e-05 -6.00742640e-05  3.37838186e-05 -2.52822558e-06]
 [ 1.23562171e-02  1.07850474e-02  1.65679117e-02 -5.07906753e-06
   8.25541926e-07 -4.67390290e-08  9.17809248e-01  2.87040202e-03
   4.05864006e-05 -5.61709386e-05  3.58696644e-05 -2.41836948e-06]
 [ 1.30522929e-02  1.15560901e-02  1.72104079e-02 -4.74334668e-06
   1.21352876e-06 -8.26863495e-08  9.15404828e-01  2.93651963e-03
   4.43135070e-05 -5.51595114e-05  3.86334711e-05 -2.48320361e-06]
 [ 1.37605400e-02  1.24241473e-02  1.78253488e-02 -6.19154618e-06
   7.43924618e-07 -3.03032075e-08  9.13806782e-01  2.96121002e-03
   4.56835260e-05 -5.20319803e-05  4.11253043e-05 -2.37265178e-06]
 [ 1.44865140e-02  1.31347058e-02  1.82464970e-02 -6.49751572e-06
  -1.04836825e-06 -1.01259344e-07  9.13612209e-01  3.01513773e-03
   4.50244086e-05 -4.64192881e-05  4.43251400e-05 -2.43767015e-06]
 [ 1.53355770e-02  1.40202545e-02  1.87504937e-02 -6.81660237e-06
  -7.12895013e-07 -6.76450477e-08  9.13589191e-01  3.05071571e-03
   4.61183657e-05 -4.63240265e-05  4.72726445e-05 -2.52631181e-06]]
std error:
[[7.77403449e-05 6.67060601e-05 7.94387346e-05 2.07356150e-06
  1.20489567e-06 3.76085749e-08 5.60914281e-04 3.01084654e-05
  3.86106223e-06 4.24922455e-06 5.94521176e-07 2.37857317e-07]
 [1.16611791e-04 9.41541217e-05 1.05631073e-04 1.29144980e-06
  7.37823535e-07 3.83900073e-08 1.63243420e-04 4.40904108e-05
  1.36639630e-06 3.71396490e-06 4.98173626e-07 2.37144782e-07]
 [5.71373003e-05 4.11409442e-05 5.77603539e-05 1.22702286e-06
  1.47733380e-06 2.71388370e-08 2.11038199e-04 8.50029551e-06
  1.95363560e-06 2.71312184e-06 3.48617062e-07 1.46737356e-07]
 [8.58913886e-05 3.22185272e-05 4.82418973e-05 1.47372017e-06
  9.57323776e-07 5.56432233e-08 3.86038798e-04 1.10752107e-05
  2.17834389e-06 2.68024070e-06 2.68783278e-07 1.41106375e-07]
 [2.87291454e-05 2.65477794e-05 8.24698560e-05 2.13770843e-06
  1.59819384e-06 4.24866084e-08 2.58811393e-04 4.28230449e-05
  4.03620722e-06 6.88953135e-06 7.93074081e-07 3.17854546e-07]
 [1.45137631e-04 3.68492088e-05 9.52767333e-05 1.40491153e-06
  2.09723103e-06 9.64897106e-08 2.87732166e-04 1.97862153e-05
  1.88772577e-06 2.22966777e-06 5.39831890e-07 1.77164396e-07]
 [3.49120302e-05 7.66468784e-05 1.40030399e-04 1.36485829e-06
  1.12236787e-06 1.07196043e-07 2.14839085e-04 2.37227645e-05
  1.62724170e-06 1.13845316e-06 3.57089622e-07 1.09665518e-07]]
Done!, time = 1.891995906829834s
