Begin!
Data shape = (250000, 5)
Begin sort function!
In centrality 0
In centrality 1
In centrality 2
In centrality 3
In centrality 4
In centrality 5
In centrality 6
end function sorter
Data shape = (250000, 5)
Begin sort function!
In centrality 0
In centrality 1
In centrality 2
In centrality 3
In centrality 4
In centrality 5
In centrality 6
end function sorter
Data shape = (250000, 5)
Begin sort function!
In centrality 0
In centrality 1
In centrality 2
In centrality 3
In centrality 4
In centrality 5
In centrality 6
end function sorter
Data shape = (250000, 5)
Begin sort function!
In centrality 0
In centrality 1
In centrality 2
In centrality 3
In centrality 4
In centrality 5
In centrality 6
end function sorter
Final results shape = (4, 7, 12)
mean value:
[[ 1.38802953e-02  1.09110383e-02  1.64388326e-02  2.46550186e-06
  -1.36892995e-06 -1.43543092e-07  8.02682627e-01  4.38476887e-03
   1.35768389e-04 -7.74204470e-05  6.01271784e-05 -4.07918645e-06]
 [ 1.46416118e-02  1.15792784e-02  1.70271996e-02 -2.88537892e-06
  -6.00081407e-07 -2.24564768e-07  7.85297330e-01  4.14640650e-03
   1.27239916e-04 -7.74418298e-05  5.95610474e-05 -4.36689953e-06]
 [ 1.54049687e-02  1.20252324e-02  1.80577425e-02 -5.41804930e-06
  -2.22649536e-06 -2.77245903e-07  7.75747334e-01  4.13630404e-03
   1.31600114e-04 -7.37162448e-05  6.32967622e-05 -4.16515789e-06]
 [ 1.61521004e-02  1.26592813e-02  1.86288037e-02 -9.43378821e-06
  -2.52950351e-06 -2.86569234e-07  7.67888484e-01  4.19802836e-03
   1.31931251e-04 -7.48715693e-05  6.74652886e-05 -4.09094684e-06]
 [ 1.64905517e-02  1.30507975e-02  1.91397509e-02 -1.18453555e-05
  -2.22595027e-06 -2.36060490e-07  7.63076855e-01  4.23275372e-03
   1.35212967e-04 -7.92893302e-05  6.92398247e-05 -4.73129889e-06]
 [ 1.70849912e-02  1.35777546e-02  1.96285665e-02 -1.51579773e-05
  -4.98238080e-06 -1.35187085e-07  7.58982132e-01  4.30103013e-03
   1.41005207e-04 -7.79975133e-05  7.30675640e-05 -4.50612289e-06]
 [ 1.75596072e-02  1.40517179e-02  2.01412416e-02 -1.68790558e-05
  -3.74725063e-06 -1.89334935e-07  7.55644278e-01  4.42766310e-03
   1.49013484e-04 -8.44092415e-05  7.64792749e-05 -5.05642829e-06]]
std error:
[[9.24781882e-05 1.71932261e-04 1.95410016e-04 1.73421696e-06
  6.52470827e-07 1.34019655e-07 7.13304554e-04 8.51570328e-05
  1.14887264e-05 4.30135129e-06 1.38668322e-06 2.66440960e-07]
 [8.11046211e-05 6.50219783e-05 1.33211934e-04 2.24898146e-06
  7.88435778e-07 8.53870258e-08 3.83842835e-04 5.00388409e-05
  9.08230572e-06 4.34132015e-06 1.18772713e-06 2.39609971e-07]
 [9.07275315e-05 3.66133026e-05 1.17393596e-04 3.32499148e-06
  1.12185747e-06 1.15927485e-07 1.43325458e-04 4.36110083e-05
  9.88215842e-06 3.31509713e-06 1.01520015e-06 9.69665708e-08]
 [6.00873478e-05 3.49328345e-05 1.35963762e-04 4.89439469e-06
  1.28181115e-06 1.45936856e-07 4.86901838e-04 3.65179293e-05
  5.43175051e-06 1.12606277e-05 1.48177280e-06 8.84939563e-07]
 [7.63052579e-05 2.07125238e-05 9.16151396e-05 3.04759515e-06
  1.37904384e-06 9.22058614e-08 4.89852062e-04 4.25817838e-05
  5.15119639e-06 2.42180131e-06 6.20686825e-07 1.51797049e-07]
 [1.58091906e-04 9.00232168e-05 8.60196660e-05 1.78472891e-06
  3.09718381e-06 1.37879873e-07 4.54804218e-04 4.63246962e-05
  4.50799723e-06 2.96100777e-06 1.28564775e-06 2.16008737e-07]
 [1.54786762e-04 7.24819959e-05 4.87407167e-05 1.58410879e-06
  1.37292043e-06 1.27696602e-07 5.47661668e-04 1.98196051e-05
  6.07104002e-06 1.39023328e-06 8.44008865e-07 7.83782537e-08]]
Done!, time = 4.377101421356201s
