Begin!
Data shape = (250000, 5)
Begin sort function!
In centrality 0
In centrality 1
In centrality 2
In centrality 3
In centrality 4
In centrality 5
In centrality 6
end function sorter
Data shape = (250000, 5)
Begin sort function!
In centrality 0
In centrality 1
In centrality 2
In centrality 3
In centrality 4
In centrality 5
In centrality 6
end function sorter
Data shape = (250000, 5)
Begin sort function!
In centrality 0
In centrality 1
In centrality 2
In centrality 3
In centrality 4
In centrality 5
In centrality 6
end function sorter
Data shape = (250000, 5)
Begin sort function!
In centrality 0
In centrality 1
In centrality 2
In centrality 3
In centrality 4
In centrality 5
In centrality 6
end function sorter
Final results shape = (4, 7, 12)
mean value:
[[ 1.76718126e-02  1.12216307e-02  1.59102309e-02  2.55594988e-05
  -2.22192079e-06 -1.34609534e-06  8.11270546e-01  4.29421030e-03
   1.20106539e-04 -1.60123539e-04  7.52090252e-05 -1.07077810e-05]
 [ 1.90030910e-02  1.17235248e-02  1.66894058e-02  8.20375226e-06
  -3.35933084e-06 -1.08444368e-06  7.94466392e-01  4.10721661e-03
   1.09518653e-04 -1.66624418e-04  7.75445931e-05 -1.19152697e-05]
 [ 2.01736548e-02  1.23338988e-02  1.75421184e-02  1.67489505e-06
  -1.23603702e-06 -1.32793682e-06  7.83678642e-01  4.10322325e-03
   1.21430903e-04 -1.78127662e-04  8.14576416e-05 -1.28132194e-05]
 [ 2.10559038e-02  1.27997122e-02  1.81394851e-02 -9.44858429e-06
  -1.72876370e-06 -1.30402128e-06  7.75458702e-01  4.15222974e-03
   1.23587089e-04 -1.89054139e-04  8.64272512e-05 -1.40620319e-05]
 [ 2.16871160e-02  1.31939023e-02  1.88140398e-02 -1.80362099e-05
  -1.98660194e-06 -1.03761045e-06  7.69425088e-01  4.16638063e-03
   1.23883968e-04 -1.90109040e-04  8.99377666e-05 -1.45479561e-05]
 [ 2.23039486e-02  1.36499539e-02  1.92366562e-02 -2.31856487e-05
  -3.51022952e-06 -9.24614093e-07  7.64814126e-01  4.24742570e-03
   1.28553065e-04 -1.92054434e-04  9.37231786e-05 -1.45834301e-05]
 [ 2.28318270e-02  1.41183196e-02  1.98086479e-02 -2.59257528e-05
  -4.04124148e-06 -1.10016021e-06  7.60537798e-01  4.34551663e-03
   1.32881408e-04 -1.96488060e-04  9.77908628e-05 -1.53725374e-05]]
std error:
[[3.63511518e-05 3.66530146e-05 9.36930536e-05 5.69531031e-06
  1.75137640e-06 2.15595795e-07 6.00715565e-04 3.87770648e-05
  7.66847374e-06 1.07039044e-05 3.52283654e-07 7.26684238e-07]
 [1.18549187e-04 1.24835798e-04 1.69309286e-04 3.58107096e-06
  2.49090129e-06 3.53593471e-07 5.94570816e-04 6.15493083e-05
  2.39120255e-06 1.31146103e-05 2.19748289e-06 1.19613582e-06]
 [1.05839905e-04 5.24537887e-05 1.29378662e-04 4.09195917e-06
  1.78336249e-06 2.65489339e-07 4.83444822e-04 1.96768434e-05
  2.21585883e-06 6.11461492e-06 6.45776481e-07 2.08532475e-07]
 [7.10908547e-05 3.68483177e-05 5.78260077e-05 4.70383224e-06
  2.84621855e-06 1.40944778e-07 1.90852462e-04 4.55378719e-05
  7.05479136e-06 7.81867911e-06 1.44136224e-06 6.12924688e-07]
 [1.39486136e-04 6.02962663e-05 7.29189396e-05 6.08414917e-06
  4.43794075e-07 2.83397753e-07 3.69210298e-04 4.07138864e-05
  6.15101140e-06 7.27264480e-06 1.43232173e-06 1.02302022e-06]
 [4.46193733e-05 4.39640146e-05 3.71186272e-05 5.34453789e-07
  1.57332575e-06 3.45357435e-07 1.61164666e-04 2.59288776e-05
  3.05713720e-06 5.40873028e-06 1.37364081e-06 2.02758566e-07]
 [1.50471079e-04 5.51212657e-05 1.67816983e-04 5.99201205e-06
  9.42120057e-07 2.05879264e-07 2.63237958e-04 3.31084859e-05
  7.71089686e-06 4.27639040e-06 5.82919541e-07 3.82557001e-07]]
Done!, time = 3.9697813987731934s
