Begin!
Data shape = (250000, 5)
Begin sort function!
In centrality 0
In centrality 1
In centrality 2
In centrality 3
In centrality 4
In centrality 5
In centrality 6
end function sorter
Data shape = (250000, 5)
Begin sort function!
In centrality 0
In centrality 1
In centrality 2
In centrality 3
In centrality 4
In centrality 5
In centrality 6
end function sorter
Data shape = (250000, 5)
Begin sort function!
In centrality 0
In centrality 1
In centrality 2
In centrality 3
In centrality 4
In centrality 5
In centrality 6
end function sorter
Data shape = (250000, 5)
Begin sort function!
In centrality 0
In centrality 1
In centrality 2
In centrality 3
In centrality 4
In centrality 5
In centrality 6
end function sorter
Final results shape = (4, 7, 12)
mean value:
[[ 1.68253740e-02  1.07872514e-02  1.52859001e-02  7.52580632e-05
   5.32758551e-07 -1.04306303e-06  8.64712850e-01  1.09299831e-03
  -7.89822495e-07 -2.43671447e-04  2.35887915e-05 -1.73594621e-05]
 [ 1.85859273e-02  1.12643862e-02  1.59781665e-02  5.57303641e-05
  -1.98138213e-06 -1.64667089e-06  8.60226790e-01  1.10861836e-03
   1.72335503e-06 -2.48608388e-04  2.48842308e-05 -1.84257949e-05]
 [ 1.97016177e-02  1.16870158e-02  1.68103831e-02  5.28960610e-05
  -6.70164624e-07 -1.92898309e-06  8.57213392e-01  1.12161819e-03
   2.89713214e-06 -2.56895152e-04  2.58033695e-05 -1.95752851e-05]
 [ 2.06080815e-02  1.20945884e-02  1.73847279e-02  3.71426607e-05
  -3.63398492e-06 -1.61973066e-06  8.54701124e-01  1.12194020e-03
   3.85936673e-06 -2.47250751e-04  2.63838204e-05 -1.93924280e-05]
 [ 2.13438183e-02  1.25891334e-02  1.79554549e-02  2.60642050e-05
  -2.54204823e-06 -1.66380796e-06  8.53229542e-01  1.12689344e-03
   4.50187939e-06 -2.40250111e-04  2.67815841e-05 -1.91720187e-05]
 [ 2.20181579e-02  1.30858296e-02  1.86654719e-02  1.95424063e-05
  -1.93598224e-06 -1.35817415e-06  8.51709805e-01  1.14581604e-03
   5.33097944e-06 -2.40846188e-04  2.78266760e-05 -1.97123000e-05]
 [ 2.26731824e-02  1.36595596e-02  1.93124625e-02  1.36617243e-05
  -5.18298612e-06 -1.26144525e-06  8.50497901e-01  1.16168743e-03
   6.02039114e-06 -2.36522949e-04  2.83904697e-05 -1.97600065e-05]]
std error:
[[7.78192954e-06 6.47234166e-05 1.76233930e-04 1.24536887e-06
  2.50705139e-06 2.52319390e-07 1.84999098e-04 1.56556341e-05
  8.15492696e-07 7.42534323e-06 7.88727645e-07 8.00443338e-07]
 [1.08406176e-04 1.03817520e-04 9.36316180e-05 6.60735032e-06
  3.02043295e-06 2.33147436e-07 2.02189599e-04 9.43485246e-06
  3.92437747e-07 5.34341914e-06 3.75972834e-07 3.55227817e-07]
 [3.89214844e-05 4.39070828e-05 8.66388108e-05 4.81599404e-06
  1.08234543e-06 2.60917967e-07 2.27816610e-04 4.33238812e-06
  2.71969072e-07 4.18419812e-06 4.07341291e-07 3.54785478e-07]
 [1.93610707e-04 5.53039734e-05 1.06072985e-04 1.79168248e-06
  1.26051636e-06 4.01301263e-07 2.51237137e-04 5.30768013e-06
  1.95470245e-07 3.91552211e-06 3.21274051e-07 4.71715046e-07]
 [1.76375155e-04 4.64548384e-05 1.52956934e-04 6.41277875e-06
  1.58048217e-06 2.52097264e-07 1.32970502e-04 1.14568149e-05
  5.38263265e-07 2.29154853e-06 4.04399268e-07 5.18777485e-07]
 [1.00216732e-04 7.63618595e-05 7.38327732e-05 5.39758317e-06
  1.73904598e-06 1.50969002e-07 1.22824090e-04 6.64372374e-06
  3.46676904e-07 4.42809846e-06 4.49691664e-07 6.82281257e-07]
 [1.04137414e-04 2.82571277e-05 1.48878936e-04 2.84364224e-06
  2.29200196e-06 2.05746383e-07 1.40577049e-04 8.69075268e-06
  7.10817527e-07 2.41496615e-06 8.94006717e-08 4.44277393e-08]]
Done!, time = 1.9862046241760254s
