Begin!
Data shape = (250000, 5)
Begin sort function!
In centrality 0
In centrality 1
In centrality 2
In centrality 3
In centrality 4
In centrality 5
In centrality 6
end function sorter
Data shape = (250000, 5)
Begin sort function!
In centrality 0
In centrality 1
In centrality 2
In centrality 3
In centrality 4
In centrality 5
In centrality 6
end function sorter
Data shape = (250000, 5)
Begin sort function!
In centrality 0
In centrality 1
In centrality 2
In centrality 3
In centrality 4
In centrality 5
In centrality 6
end function sorter
Data shape = (250000, 5)
Begin sort function!
In centrality 0
In centrality 1
In centrality 2
In centrality 3
In centrality 4
In centrality 5
In centrality 6
end function sorter
Final results shape = (4, 7, 12)
mean value:
[[ 1.77433026e-02  9.49346470e-03  1.45723162e-02  4.44333310e-05
   1.62587127e-06 -1.69783851e-06  9.67436171e-01  1.00936806e-02
   5.77988377e-04 -2.45870948e-04  1.76839566e-04 -1.78054570e-05]
 [ 1.95368827e-02  1.05050647e-02  1.58045252e-02  3.25221275e-05
   8.44687435e-07 -2.26104945e-06  9.43521125e-01  9.51941974e-03
   5.40068977e-04 -2.48563134e-04  1.80473682e-04 -1.87311661e-05]
 [ 2.08291773e-02  1.12401947e-02  1.68875791e-02  2.28146586e-05
   1.65389023e-06 -2.09241794e-06  9.32206043e-01  9.69421137e-03
   5.57054821e-04 -2.67212552e-04  1.97608218e-04 -2.07896361e-05]
 [ 2.16720861e-02  1.21797878e-02  1.76151080e-02  1.20134700e-05
  -4.90785035e-07 -2.05078039e-06  9.25003389e-01  9.95873030e-03
   5.85785787e-04 -2.93966830e-04  2.09687986e-04 -2.29429149e-05]
 [ 2.27075081e-02  1.29848654e-02  1.84302601e-02  1.67990058e-06
  -9.28232709e-07 -1.98275860e-06  9.20786261e-01  1.00608106e-02
   5.75283525e-04 -3.11931566e-04  2.24247955e-04 -2.54457278e-05]
 [ 2.34453077e-02  1.37486987e-02  1.89595537e-02  8.85491894e-06
   2.02802822e-07 -1.94785673e-06  9.19412766e-01  1.03894100e-02
   6.05635647e-04 -3.07890436e-04  2.40495502e-04 -2.60253754e-05]
 [ 2.42361766e-02  1.43988669e-02  1.94541941e-02  1.63867937e-06
   1.37259493e-06 -1.99361717e-06  9.20160257e-01  1.06827618e-02
   6.20020249e-04 -3.11705627e-04  2.52031461e-04 -2.71122619e-05]]
std error:
[[7.23971783e-05 1.15364622e-04 4.35401082e-05 1.02974772e-06
  2.18928588e-06 2.24276011e-07 1.03529183e-03 5.98897688e-05
  2.72679012e-05 1.13957565e-05 1.25126861e-06 1.06141143e-06]
 [1.88605881e-04 1.16046457e-04 7.73841353e-05 4.41188752e-06
  1.28722394e-06 2.67165698e-07 1.01343495e-03 1.50333164e-04
  3.80303789e-05 1.24238398e-05 4.57671496e-06 1.40568306e-06]
 [1.49040377e-04 3.63861245e-05 5.17529746e-05 8.73655811e-06
  2.11386750e-06 3.11633915e-07 2.67931134e-04 7.84138295e-05
  1.71915982e-05 8.86779003e-06 4.08316924e-06 6.49343077e-07]
 [5.18980840e-05 1.06472570e-04 1.35652376e-04 5.05379068e-06
  1.00246081e-06 2.93793448e-07 5.55938009e-04 3.30904302e-05
  1.55368825e-05 1.19134008e-05 1.20826740e-06 1.07236584e-06]
 [1.75217298e-04 3.57660239e-05 9.96774275e-05 6.59921395e-06
  4.25840092e-07 1.39172934e-07 2.84255817e-04 6.38481294e-05
  2.77261341e-05 2.35245349e-06 2.28803232e-06 9.26118344e-07]
 [6.24563246e-05 6.72557940e-05 8.73705649e-05 7.71987126e-06
  1.26516908e-06 4.48568916e-07 4.21871174e-04 7.80709526e-05
  1.59129896e-05 2.42261896e-06 2.21242685e-06 3.52769444e-07]
 [1.40833833e-04 4.24014342e-05 9.83304863e-05 3.05344759e-06
  8.19170015e-07 2.65802559e-07 3.04800714e-04 3.75263663e-05
  1.10294299e-05 9.44994911e-06 2.65878564e-06 8.51750123e-07]]
Done!, time = 4.40885066986084s
