Begin!
Data shape = (250000, 5)
Begin sort function!
In centrality 0
In centrality 1
In centrality 2
In centrality 3
In centrality 4
In centrality 5
In centrality 6
end function sorter
Data shape = (250000, 5)
Begin sort function!
In centrality 0
In centrality 1
In centrality 2
In centrality 3
In centrality 4
In centrality 5
In centrality 6
end function sorter
Data shape = (250000, 5)
Begin sort function!
In centrality 0
In centrality 1
In centrality 2
In centrality 3
In centrality 4
In centrality 5
In centrality 6
end function sorter
Data shape = (250000, 5)
Begin sort function!
In centrality 0
In centrality 1
In centrality 2
In centrality 3
In centrality 4
In centrality 5
In centrality 6
end function sorter
Final results shape = (4, 7, 12)
mean value:
[[ 1.72300977e-02  9.88743788e-03  1.41141963e-02  8.90074902e-05
  -2.02339036e-06 -2.92240478e-06  8.68564148e-01  1.07869226e-03
  -8.74138378e-06 -3.18803229e-04  2.75622441e-05 -2.24559535e-05]
 [ 1.92794289e-02  1.04935385e-02  1.50734740e-02  5.48811964e-05
   1.08306770e-06 -3.42998379e-06  8.63261404e-01  1.09568835e-03
  -4.19391254e-06 -3.24330834e-04  2.82674023e-05 -2.33717137e-05]
 [ 2.07195337e-02  1.11510195e-02  1.61617384e-02  3.83239869e-05
  -9.11384171e-07 -3.29994719e-06  8.59968500e-01  1.10632942e-03
  -1.85745331e-06 -3.20177226e-04  2.88228415e-05 -2.40733182e-05]
 [ 2.17311080e-02  1.18791651e-02  1.70120780e-02  1.23881096e-05
   1.12300739e-06 -2.59598813e-06  8.57801556e-01  1.12508995e-03
   8.65627617e-07 -3.05615629e-04  2.92150586e-05 -2.33706172e-05]
 [ 2.24537184e-02  1.25277633e-02  1.78090729e-02  5.58135703e-06
  -1.34292973e-06 -2.42073105e-06  8.56321295e-01  1.13986946e-03
   1.75176274e-06 -2.95499748e-04  3.00496500e-05 -2.35336693e-05]
 [ 2.32980170e-02  1.31879923e-02  1.84787327e-02 -4.34236491e-06
  -1.40881208e-06 -2.32487526e-06  8.55090981e-01  1.16071437e-03
   3.03572736e-06 -2.85989415e-04  3.06380296e-05 -2.34241730e-05]
 [ 2.41444691e-02  1.38406502e-02  1.92019464e-02 -6.21976233e-06
  -3.40952246e-06 -1.90038450e-06  8.54459064e-01  1.17998181e-03
   3.85918589e-06 -2.80020217e-04  3.17830229e-05 -2.40783154e-05]]
std error:
[[1.78663016e-04 8.20651128e-05 1.47195871e-04 5.72890887e-06
  1.58483526e-06 3.11834999e-07 2.67173757e-04 1.64209303e-05
  9.07761661e-07 9.82015190e-06 8.32195760e-07 9.22215511e-07]
 [1.90253826e-04 5.77778526e-05 1.24973884e-04 8.24204036e-06
  2.89382508e-06 2.57531511e-07 3.55718967e-04 8.86207997e-06
  5.16309688e-07 7.54792208e-06 3.83558066e-07 8.73824009e-07]
 [6.70173940e-05 8.90297949e-05 3.94992787e-05 2.42275431e-06
  1.22871133e-06 1.40986362e-07 2.33488283e-04 4.16286215e-06
  4.80974408e-07 4.80375098e-06 3.43567602e-07 5.09082772e-07]
 [8.46665425e-05 7.49698833e-05 1.34629767e-04 2.75223314e-06
  2.02117823e-06 1.62474630e-07 2.29804719e-04 1.01103772e-05
  3.19107303e-07 2.97910160e-06 2.52403378e-07 1.57849161e-07]
 [1.04143784e-04 5.04607320e-05 1.96705760e-04 3.06512552e-06
  2.14620061e-06 1.32206035e-07 1.60899646e-04 9.45312570e-06
  3.89407033e-07 5.00209360e-06 3.29968259e-07 4.14989331e-07]
 [2.84772091e-04 6.91287155e-05 6.25362771e-05 5.56460165e-06
  1.43700092e-06 1.99937467e-07 2.22744080e-04 1.00575057e-05
  3.01784613e-07 5.22670974e-06 2.56348931e-07 3.59074548e-07]
 [1.10114708e-04 1.00266139e-04 4.24208328e-05 5.36417795e-06
  1.53977661e-06 3.27536424e-07 4.04116912e-04 8.61920915e-06
  5.04361182e-07 1.04491175e-06 2.69132143e-07 1.52846790e-07]]
Done!, time = 4.2726356983184814s
