Begin!
Data shape = (250000, 5)
Begin sort function!
In centrality 0
In centrality 1
In centrality 2
In centrality 3
In centrality 4
In centrality 5
In centrality 6
end function sorter
Data shape = (250000, 5)
Begin sort function!
In centrality 0
In centrality 1
In centrality 2
In centrality 3
In centrality 4
In centrality 5
In centrality 6
end function sorter
Data shape = (250000, 5)
Begin sort function!
In centrality 0
In centrality 1
In centrality 2
In centrality 3
In centrality 4
In centrality 5
In centrality 6
end function sorter
Data shape = (250000, 5)
Begin sort function!
In centrality 0
In centrality 1
In centrality 2
In centrality 3
In centrality 4
In centrality 5
In centrality 6
end function sorter
Final results shape = (4, 7, 12)
mean value:
[[ 1.45158749e-02  1.00372851e-02  1.60223574e-02  6.02158446e-06
   6.95045885e-07 -5.77218822e-07  8.47498230e-01  6.12301171e-03
   2.69090527e-04 -1.01142096e-04  8.68020363e-05 -5.69137906e-06]
 [ 1.56787184e-02  1.10076372e-02  1.71061291e-02 -6.77706818e-06
  -7.47447421e-08 -3.78433834e-07  8.27830400e-01  5.84156007e-03
   2.49951306e-04 -9.35918673e-05  8.99555060e-05 -5.20141152e-06]
 [ 1.64956365e-02  1.15628087e-02  1.80067588e-02 -1.38505201e-05
   1.22715096e-06 -2.92541666e-07  8.17559958e-01  5.73008836e-03
   2.47820057e-04 -9.18347439e-05  9.33629802e-05 -5.31728311e-06]
 [ 1.73217423e-02  1.23626420e-02  1.86716407e-02 -1.35281113e-05
   5.15426541e-07 -3.97754338e-07  8.10105244e-01  5.85637840e-03
   2.54793883e-04 -9.14100546e-05  1.01150154e-04 -5.32770095e-06]
 [ 1.79750737e-02  1.30448695e-02  1.92582786e-02 -1.74426069e-05
  -3.61617884e-06 -2.70582528e-07  8.05415609e-01  5.99909099e-03
   2.59480590e-04 -9.64111590e-05  1.07008966e-04 -5.91714454e-06]
 [ 1.85963407e-02  1.36655647e-02  1.98273527e-02 -2.38806775e-05
  -1.58768908e-06 -1.80230324e-07  8.02454814e-01  6.16045800e-03
   2.74967421e-04 -9.40878019e-05  1.13819638e-04 -5.68038110e-06]
 [ 1.93359285e-02  1.42781756e-02  2.01269537e-02 -2.32214489e-05
   1.06799506e-06 -2.34259480e-07  8.00852380e-01  6.35114905e-03
   2.96129684e-04 -8.89820421e-05  1.22460919e-04 -5.63208312e-06]]
std error:
[[8.52181463e-05 4.82270399e-05 1.44015554e-04 2.15057779e-06
  1.11570118e-06 2.28243873e-08 2.86103317e-04 4.65686605e-05
  5.73041328e-06 5.67652540e-06 1.91225043e-06 4.00069859e-07]
 [2.69724219e-05 6.92795731e-05 1.66374741e-04 3.38569582e-06
  1.41675840e-06 1.07506569e-07 5.55687431e-04 5.60165607e-05
  1.29998481e-05 7.81376524e-06 1.34832751e-06 5.23101592e-07]
 [1.13713247e-04 1.31715529e-04 1.32985025e-04 2.75353883e-07
  1.59511195e-06 4.45693327e-08 1.06650912e-04 3.25204993e-05
  1.03516131e-05 6.55565338e-06 1.64719403e-06 5.19913741e-07]
 [1.40776707e-04 1.24529608e-04 1.24299196e-04 1.02209326e-06
  1.31865186e-06 7.93454269e-08 4.04811596e-04 5.29557654e-05
  7.03820986e-06 1.01280267e-05 5.89361180e-07 6.98959191e-07]
 [4.44464097e-05 6.13582684e-05 1.49154551e-04 2.75687540e-06
  3.27582033e-06 3.26889820e-08 6.60138660e-04 9.91658866e-05
  1.69714421e-05 4.51720980e-06 1.46448160e-06 4.39071760e-07]
 [1.12077031e-04 8.48321703e-05 6.17063935e-05 1.55861078e-06
  2.43800304e-06 1.19357794e-07 2.54826130e-04 3.94442914e-05
  5.74527609e-06 1.33020248e-05 7.86142978e-07 8.98830111e-07]
 [1.09059313e-04 2.25361787e-05 5.24182766e-05 1.08544515e-06
  2.00767726e-06 2.05905980e-07 2.03688979e-04 5.18733736e-05
  3.82784702e-06 6.75693635e-06 1.21060094e-06 5.97649188e-07]]
Done!, time = 4.3261542320251465s
