Begin!
Data shape = (250000, 5)
Begin sort function!
In centrality 0
In centrality 1
In centrality 2
In centrality 3
In centrality 4
In centrality 5
In centrality 6
end function sorter
Data shape = (250000, 5)
Begin sort function!
In centrality 0
In centrality 1
In centrality 2
In centrality 3
In centrality 4
In centrality 5
In centrality 6
end function sorter
Data shape = (250000, 5)
Begin sort function!
In centrality 0
In centrality 1
In centrality 2
In centrality 3
In centrality 4
In centrality 5
In centrality 6
end function sorter
Data shape = (250000, 5)
Begin sort function!
In centrality 0
In centrality 1
In centrality 2
In centrality 3
In centrality 4
In centrality 5
In centrality 6
end function sorter
Final results shape = (4, 7, 12)
mean value:
[[ 1.40251266e-02  9.44270203e-03  1.47521439e-02  3.52701488e-05
  -4.32896251e-07 -5.47806260e-07  9.32503531e-01  3.07385892e-03
   4.62509314e-05 -1.44212842e-04  4.57307595e-05 -8.59782537e-06]
 [ 1.51560922e-02  1.00836559e-02  1.57265252e-02  3.18178587e-05
  -4.86456299e-07 -7.35551896e-07  9.24454713e-01  3.03024189e-03
   4.53393275e-05 -1.51836813e-04  4.76245071e-05 -9.18640019e-06]
 [ 1.61443285e-02  1.08592052e-02  1.64164036e-02  2.75720508e-05
   1.47946109e-06 -7.95262310e-07  9.19888259e-01  3.10050085e-03
   4.77906363e-05 -1.56431415e-04  5.19308318e-05 -9.95680026e-06]
 [ 1.70953489e-02  1.17164878e-02  1.72620935e-02  2.00438687e-05
   1.24959318e-06 -8.83978183e-07  9.16292078e-01  3.13415197e-03
   4.88768693e-05 -1.59016424e-04  5.49316220e-05 -1.04112257e-05]
 [ 1.78853579e-02  1.25318624e-02  1.79004709e-02  1.81401945e-05
   7.93935947e-07 -8.42498688e-07  9.14905791e-01  3.16954113e-03
   5.03936206e-05 -1.56239642e-04  5.80645775e-05 -1.07257349e-05]
 [ 1.86595335e-02  1.32969556e-02  1.83844323e-02  1.29372690e-05
  -2.15563319e-06 -8.75334937e-07  9.14292006e-01  3.22047763e-03
   5.04800756e-05 -1.53226809e-04  6.16584153e-05 -1.07554893e-05]
 [ 1.94081369e-02  1.41480228e-02  1.88812788e-02  1.48515747e-05
  -1.22745284e-06 -6.68096843e-07  9.14375377e-01  3.31303474e-03
   5.51218913e-05 -1.54225612e-04  6.56848471e-05 -1.16730458e-05]]
std error:
[[1.62824944e-04 3.33647528e-05 5.39812383e-05 2.80676459e-06
  3.83739922e-07 1.83587533e-07 3.09374957e-04 3.54936227e-05
  3.98683426e-06 3.04615373e-06 1.17877488e-06 2.17575079e-07]
 [6.67361642e-05 3.19501847e-05 1.32293957e-04 4.24341949e-06
  1.32186048e-06 7.05550400e-08 4.04090069e-04 2.18110919e-05
  2.31432787e-06 3.88690232e-06 7.87517855e-07 3.52123658e-07]
 [8.01749975e-05 2.29240814e-05 1.03637887e-04 2.14684517e-06
  8.28229122e-07 2.22059462e-07 1.00099541e-04 9.47318503e-06
  1.42647788e-06 6.66047668e-06 3.70348260e-07 4.52169358e-07]
 [1.55048582e-04 4.45730456e-05 5.23156858e-05 2.93780603e-06
  8.14037874e-07 9.13879477e-08 2.87106056e-04 8.32121917e-06
  1.70227520e-06 3.14327687e-06 4.10417779e-07 2.29527108e-07]
 [7.82055010e-05 2.96771711e-05 8.22920406e-05 1.80654908e-06
  9.90377614e-07 2.31005134e-07 2.74744725e-04 1.54362060e-05
  2.10881600e-06 3.05017912e-06 3.58671386e-07 2.26049768e-07]
 [3.91294384e-05 7.44687297e-05 7.74015763e-05 1.97291048e-06
  8.38579503e-07 2.87121403e-07 3.22503427e-04 1.43984072e-05
  4.31065954e-06 6.22268595e-06 6.52939162e-07 2.92545097e-07]
 [8.28253769e-05 4.61186389e-05 1.14457748e-04 2.48898216e-06
  2.84167505e-06 1.25162842e-07 1.92612782e-04 1.88328790e-05
  3.40167842e-06 1.52481554e-06 9.26853538e-07 6.97640988e-08]]
Done!, time = 3.8022727966308594s
