Begin!
Data shape = (250000, 5)
Begin sort function!
In centrality 0
In centrality 1
In centrality 2
In centrality 3
In centrality 4
In centrality 5
In centrality 6
end function sorter
Data shape = (250000, 5)
Begin sort function!
In centrality 0
In centrality 1
In centrality 2
In centrality 3
In centrality 4
In centrality 5
In centrality 6
end function sorter
Data shape = (250000, 5)
Begin sort function!
In centrality 0
In centrality 1
In centrality 2
In centrality 3
In centrality 4
In centrality 5
In centrality 6
end function sorter
Data shape = (250000, 5)
Begin sort function!
In centrality 0
In centrality 1
In centrality 2
In centrality 3
In centrality 4
In centrality 5
In centrality 6
end function sorter
Final results shape = (4, 7, 12)
mean value:
[[ 1.59480784e-02  1.03614058e-02  1.52358026e-02  2.18090906e-05
  -8.34877043e-07 -1.08240365e-06  8.62054619e-01  1.19231387e-03
  -1.12559564e-06 -1.86080003e-04  2.17426996e-05 -1.09469440e-05]
 [ 1.71219490e-02  1.08437912e-02  1.62128961e-02  7.67127526e-06
  -3.95718864e-07 -1.03520013e-06  8.56903089e-01  1.18699779e-03
   1.12933549e-06 -1.79657914e-04  2.22145412e-05 -1.09220117e-05]
 [ 1.79418436e-02  1.13888892e-02  1.68360332e-02 -1.53769584e-06
  -2.43712436e-06 -8.80280919e-07  8.53816046e-01  1.20178505e-03
   2.58100382e-06 -1.76149806e-04  2.29004787e-05 -1.07854750e-05]
 [ 1.84500237e-02  1.19999781e-02  1.75382817e-02 -1.20525107e-05
  -2.70831378e-06 -6.56754015e-07  8.51450696e-01  1.21993155e-03
   3.26408792e-06 -1.63191576e-04  2.32821594e-05 -1.00662265e-05]
 [ 1.90816294e-02  1.26204336e-02  1.81506077e-02 -1.50341170e-05
  -1.94344729e-06 -6.25044388e-07  8.49944033e-01  1.24219718e-03
   5.06928119e-06 -1.60846567e-04  2.43085098e-05 -1.03667377e-05]
 [ 1.96567132e-02  1.30751784e-02  1.88137838e-02 -2.09526543e-05
  -2.75508044e-06 -1.76521060e-07  8.48478752e-01  1.26595171e-03
   5.51461462e-06 -1.53624813e-04  2.54339513e-05 -1.01751601e-05]
 [ 2.02567321e-02  1.37642550e-02  1.92168521e-02 -1.86286831e-05
  -3.71379103e-06 -3.85449385e-07  8.47526232e-01  1.29181258e-03
   5.80326768e-06 -1.55040769e-04  2.66850069e-05 -1.05423127e-05]]
std error:
[[1.56076761e-04 2.92939162e-05 7.96066067e-05 4.60004024e-06
  1.92662112e-06 1.00315611e-07 1.89155581e-04 5.92956966e-06
  5.77649183e-07 6.45696149e-06 3.17040741e-07 5.11154923e-07]
 [1.93557761e-04 8.94671621e-05 1.61156085e-04 4.43951729e-06
  1.04820754e-06 1.96077929e-07 1.52125220e-04 5.40005277e-06
  3.98317902e-07 2.11976594e-06 4.02882003e-07 2.37813156e-07]
 [1.24612041e-04 9.10672811e-05 7.77598427e-05 2.80423557e-06
  1.98087419e-06 1.21915162e-07 3.62760847e-05 9.98905728e-06
  7.27617083e-07 5.45201275e-06 4.95177640e-07 2.98564232e-07]
 [1.10739084e-04 3.77902021e-05 4.19797972e-05 2.80516982e-07
  1.06483726e-06 1.51102244e-07 2.19737796e-04 1.22701760e-05
  3.14546468e-07 3.98640812e-06 1.42645952e-07 2.85474078e-07]
 [1.30876513e-04 5.42635545e-05 7.68303030e-05 3.52415120e-06
  1.13215201e-06 9.94499070e-08 3.04865920e-04 9.56090076e-06
  1.00896001e-06 3.43770552e-06 1.17496510e-07 2.92010513e-07]
 [9.16601657e-05 2.85715330e-05 1.01786797e-04 3.08936100e-06
  3.10856189e-06 5.88268002e-08 1.89197348e-04 6.80831747e-06
  6.55347314e-07 5.97786160e-06 8.59284423e-08 4.53290945e-07]
 [3.56980776e-05 6.52326217e-05 4.52451589e-05 3.80826330e-06
  1.09291176e-06 2.10862561e-07 1.93353832e-04 5.92787589e-06
  6.94478295e-07 2.16058198e-06 2.43016631e-07 2.20124337e-07]]
Done!, time = 3.998312473297119s
