Begin!
Data shape = (250000, 5)
Begin sort function!
In centrality 0
In centrality 1
In centrality 2
In centrality 3
In centrality 4
In centrality 5
In centrality 6
end function sorter
Data shape = (250000, 5)
Begin sort function!
In centrality 0
In centrality 1
In centrality 2
In centrality 3
In centrality 4
In centrality 5
In centrality 6
end function sorter
Data shape = (250000, 5)
Begin sort function!
In centrality 0
In centrality 1
In centrality 2
In centrality 3
In centrality 4
In centrality 5
In centrality 6
end function sorter
Data shape = (250000, 5)
Begin sort function!
In centrality 0
In centrality 1
In centrality 2
In centrality 3
In centrality 4
In centrality 5
In centrality 6
end function sorter
Final results shape = (4, 7, 12)
mean value:
[[ 1.13579297e-02  1.07452987e-02  1.62043676e-02 -1.45427549e-06
  -1.46597554e-06  1.13840446e-09  8.44336366e-01  5.33980863e-03
   1.85197310e-04 -4.44590690e-05  5.95953421e-05 -1.91477282e-06]
 [ 1.20609527e-02  1.12949645e-02  1.69531844e-02 -2.46054721e-06
  -2.06753614e-06 -1.13463356e-07  8.27120645e-01  4.95372323e-03
   1.70276411e-04 -3.24188348e-05  5.91828699e-05 -1.40354876e-06]
 [ 1.25584454e-02  1.18921787e-02  1.77475302e-02 -4.86314106e-06
  -4.03070759e-07 -1.43396269e-08  8.16336559e-01  4.95988405e-03
   1.70425028e-04 -3.71988852e-05  6.16741145e-05 -1.67771945e-06]
 [ 1.30057223e-02  1.24083009e-02  1.83438640e-02 -6.28685176e-06
  -2.31983348e-06  2.33916505e-08  8.09608470e-01  5.01944712e-03
   1.79678997e-04 -3.85519203e-05  6.54338895e-05 -1.82478475e-06]
 [ 1.34952766e-02  1.29176176e-02  1.88378983e-02 -5.24810069e-06
  -1.17496952e-06  2.18957215e-08  8.05028742e-01  5.09760422e-03
   1.82032030e-04 -3.36247119e-05  6.85249582e-05 -1.63462144e-06]
 [ 1.39024756e-02  1.33581725e-02  1.92856733e-02 -6.59802068e-06
  -1.85597634e-06 -8.36427030e-09  8.01358484e-01  5.19807766e-03
   1.89999344e-04 -3.63988713e-05  7.18954910e-05 -1.71688758e-06]
 [ 1.44421943e-02  1.39029077e-02  1.97443306e-02 -1.02724076e-05
  -1.32467735e-06 -7.23432984e-08  7.98861454e-01  5.33408896e-03
   1.94956115e-04 -2.95218626e-05  7.74399031e-05 -1.44671109e-06]]
std error:
[[9.48442152e-05 9.42944620e-05 1.80105379e-04 1.03518544e-06
  1.58230532e-06 1.94552855e-08 7.03125785e-04 5.23889530e-05
  9.29590790e-06 5.34314988e-06 1.30852714e-06 3.18090009e-07]
 [2.48246820e-05 7.89551798e-05 8.06099182e-05 1.43754043e-06
  1.27969424e-06 8.99003097e-08 6.41505138e-04 6.89378110e-05
  1.45698466e-05 3.93978868e-06 1.05532550e-06 1.32529649e-07]
 [6.96155902e-05 1.03124225e-04 1.24511669e-04 1.54028018e-06
  1.28664553e-06 2.83837572e-08 5.44605869e-04 2.39515852e-05
  3.09348486e-06 9.91316356e-07 7.57376001e-07 1.30012561e-07]
 [2.26640222e-05 2.62962812e-05 1.06650560e-04 1.06307230e-06
  1.89359088e-06 5.33955271e-08 6.38064054e-04 4.48914320e-05
  1.04292263e-05 6.46747370e-06 3.79969376e-07 3.31871410e-07]
 [1.18540256e-04 1.10237288e-04 1.10535748e-04 3.23818547e-06
  1.09862764e-06 3.12212591e-08 2.52883260e-04 6.09851448e-05
  5.11383098e-06 3.47406667e-06 5.74704232e-07 2.11293116e-07]
 [5.26772965e-05 9.64151494e-05 1.35385877e-04 1.23191948e-06
  2.28774225e-06 2.44950365e-08 2.75790103e-04 3.15243579e-05
  7.18122293e-06 2.02691446e-06 1.17379070e-06 2.34044604e-07]
 [4.32179665e-05 3.41765415e-05 1.47709245e-04 1.74267204e-06
  1.07221691e-06 2.62821306e-08 2.79367445e-04 6.03355244e-05
  2.30885699e-06 8.00585010e-06 9.29185043e-07 2.86015313e-07]]
Done!, time = 4.146226167678833s
