Begin!
Data shape = (250000, 5)
Begin sort function!
In centrality 0
In centrality 1
In centrality 2
In centrality 3
In centrality 4
In centrality 5
In centrality 6
end function sorter
Data shape = (250000, 5)
Begin sort function!
In centrality 0
In centrality 1
In centrality 2
In centrality 3
In centrality 4
In centrality 5
In centrality 6
end function sorter
Data shape = (250000, 5)
Begin sort function!
In centrality 0
In centrality 1
In centrality 2
In centrality 3
In centrality 4
In centrality 5
In centrality 6
end function sorter
Data shape = (250000, 5)
Begin sort function!
In centrality 0
In centrality 1
In centrality 2
In centrality 3
In centrality 4
In centrality 5
In centrality 6
end function sorter
Final results shape = (4, 7, 12)
mean value:
[[ 1.40777267e-02  1.09754124e-02  1.54914877e-02  1.94403431e-05
   9.63575820e-08 -4.62920256e-07  8.11519531e-01  7.67418606e-04
  -1.35359957e-06 -1.19335252e-04  1.26921836e-05 -6.58100474e-06]
 [ 1.49513573e-02  1.13926598e-02  1.61844792e-02  1.05939997e-05
  -8.16321281e-07 -5.75821284e-07  8.08360918e-01  7.76228419e-04
   1.92872317e-07 -1.19989825e-04  1.31613106e-05 -6.72599040e-06]
 [ 1.58214780e-02  1.18025494e-02  1.67355263e-02  5.45640023e-06
   4.15532062e-07 -6.35515091e-07  8.06009750e-01  7.87834901e-04
   5.13451083e-07 -1.19924567e-04  1.38341806e-05 -6.90823672e-06]
 [ 1.63837639e-02  1.22685587e-02  1.72665813e-02 -4.08600646e-06
  -2.13226775e-06 -4.03179761e-07  8.04378007e-01  7.96153951e-04
   9.09601222e-07 -1.18335448e-04  1.42391901e-05 -6.96679507e-06]
 [ 1.69255879e-02  1.26687497e-02  1.79128469e-02 -4.73350317e-06
  -3.02878257e-06 -4.36531077e-07  8.02869324e-01  8.05989419e-04
   1.26139561e-06 -1.15177766e-04  1.46132450e-05 -6.90440239e-06]
 [ 1.74493126e-02  1.31354954e-02  1.82701252e-02 -9.07500879e-06
  -2.63439394e-06 -1.86904045e-07  8.02072609e-01  8.12431987e-04
   1.92686914e-06 -1.11401066e-04  1.49976567e-05 -6.87848621e-06]
 [ 1.79166989e-02  1.35228241e-02  1.88809166e-02 -1.09899395e-05
  -4.01380223e-06 -3.46646436e-07  8.00980463e-01  8.26979112e-04
   2.00288671e-06 -1.11231436e-04  1.56816154e-05 -7.07925829e-06]]
std error:
[[1.15095333e-04 1.17211827e-04 7.90657719e-05 3.62046704e-06
  1.58571696e-06 1.73334496e-07 2.51200863e-04 7.79159183e-06
  1.62093019e-07 3.83838861e-06 2.73629371e-07 3.60363388e-07]
 [1.49507066e-04 8.56225731e-05 6.99383922e-05 1.68513514e-06
  2.45898371e-07 1.87275115e-07 1.57017771e-04 7.17221903e-06
  1.32652336e-07 3.17346545e-06 2.27992299e-07 2.68606971e-07]
 [7.66633480e-05 8.50070419e-05 1.15075932e-04 1.51791304e-06
  9.76695150e-07 9.25827334e-08 1.28876960e-04 2.67701245e-06
  3.95765145e-07 2.25651867e-06 1.49856031e-07 1.52619138e-07]
 [9.88757863e-05 6.36592691e-05 5.40194412e-05 3.92907815e-06
  1.80275253e-06 7.46519272e-08 3.74702024e-05 7.12051779e-06
  2.92921422e-07 2.25113001e-06 1.73334262e-07 1.54797367e-07]
 [4.45137486e-05 9.06088325e-05 1.20859192e-04 4.14643137e-06
  9.78338712e-07 8.75528222e-08 9.08013747e-05 9.63574940e-06
  3.09639062e-07 3.47080185e-06 2.39212721e-07 2.87046734e-07]
 [4.83524446e-05 5.14617064e-05 1.19663340e-04 2.51386121e-06
  1.20261749e-06 1.17065070e-07 3.01814515e-04 7.08193522e-06
  2.45477036e-07 2.22217000e-06 8.91289735e-08 2.00188529e-07]
 [9.88374897e-05 1.11773509e-04 1.54836596e-04 2.45415665e-06
  1.59524151e-06 2.09036604e-07 2.70279689e-04 9.63280285e-06
  3.20838164e-07 1.87924942e-06 1.90755766e-07 2.13661730e-07]]
Done!, time = 4.127407789230347s
