Begin!
Data shape = (250000, 5)
Begin sort function!
In centrality 0
In centrality 1
In centrality 2
In centrality 3
In centrality 4
In centrality 5
In centrality 6
end function sorter
Data shape = (250000, 5)
Begin sort function!
In centrality 0
In centrality 1
In centrality 2
In centrality 3
In centrality 4
In centrality 5
In centrality 6
end function sorter
Data shape = (250000, 5)
Begin sort function!
In centrality 0
In centrality 1
In centrality 2
In centrality 3
In centrality 4
In centrality 5
In centrality 6
end function sorter
Data shape = (250000, 5)
Begin sort function!
In centrality 0
In centrality 1
In centrality 2
In centrality 3
In centrality 4
In centrality 5
In centrality 6
end function sorter
Final results shape = (4, 7, 12)
mean value:
[[ 1.16102636e-02  1.10169007e-02  1.55284250e-02  5.28458558e-06
  -1.57068613e-06 -1.30028124e-07  8.07110502e-01  6.26873899e-04
   5.50608880e-08 -5.00519281e-05  8.01275651e-06 -2.21855461e-06]
 [ 1.22074195e-02  1.13945574e-02  1.60370785e-02  2.18453031e-06
   3.06645415e-07 -1.44484676e-07  8.04824940e-01  6.40695804e-04
   5.65513166e-07 -5.03554729e-05  8.34989958e-06 -2.32694359e-06]
 [ 1.27193199e-02  1.17639519e-02  1.66837402e-02  4.17175165e-07
  -1.71281515e-06 -1.05264933e-07  8.03417384e-01  6.43415933e-04
   6.00960945e-07 -5.10877937e-05  8.69128402e-06 -2.41232870e-06]
 [ 1.32238933e-02  1.22006579e-02  1.71940128e-02  7.03582763e-07
  -3.50626097e-06 -1.44270752e-07  8.02033960e-01  6.59523624e-04
   6.83884969e-07 -5.17328353e-05  9.20281529e-06 -2.51488926e-06]
 [ 1.37014568e-02  1.26435278e-02  1.77036419e-02 -3.27044577e-06
  -5.51203946e-07 -1.28782763e-07  8.01130995e-01  6.68358587e-04
   1.18180691e-06 -5.15011672e-05  9.69651054e-06 -2.57317275e-06]
 [ 1.41663025e-02  1.30341005e-02  1.81219927e-02 -4.12471753e-06
  -3.68746638e-06 -8.82814533e-08  8.00278974e-01  6.76915924e-04
   1.05019151e-06 -5.01178123e-05  1.00466838e-05 -2.61520422e-06]
 [ 1.45281469e-02  1.34414367e-02  1.86182306e-02 -5.47839619e-06
  -3.98743067e-06 -7.29774139e-08  7.99690997e-01  6.81076228e-04
   1.12858612e-06 -4.80391519e-05  1.03444478e-05 -2.53122689e-06]]
std error:
[[1.08250810e-04 3.66335193e-05 1.56194347e-04 2.21696368e-06
  1.84078540e-06 9.43384741e-09 2.63732832e-04 6.08633078e-06
  1.39161012e-07 1.95910515e-06 1.19652437e-07 1.11161957e-07]
 [4.22538901e-05 1.24806104e-04 5.36873302e-05 2.71547970e-06
  1.55121657e-06 7.26076831e-08 2.76780678e-04 5.44040970e-06
  2.85392701e-07 1.23409645e-06 1.39136573e-07 5.72274608e-08]
 [9.09646730e-05 6.68497892e-05 7.07460097e-05 1.23695083e-06
  7.79343338e-07 5.60534814e-08 1.04000895e-04 9.04825887e-06
  1.06978409e-07 1.34304167e-06 1.14646598e-07 1.02692727e-07]
 [6.20753182e-05 6.67013440e-05 8.40265864e-05 4.39143888e-07
  7.07372278e-07 4.65180039e-08 2.51634647e-04 8.02507832e-06
  2.73562396e-07 1.44631769e-06 1.55238934e-07 8.59753671e-08]
 [6.62164491e-05 9.06233921e-05 7.95473728e-05 4.01774449e-06
  1.05296704e-06 6.66032102e-08 2.25060766e-04 7.28138828e-06
  9.70786947e-08 2.29441571e-07 6.53090830e-08 9.52977819e-08]
 [6.85674532e-05 4.83228416e-05 1.12061263e-04 2.07643678e-06
  1.16947711e-06 6.85948069e-08 1.47325692e-04 1.40637926e-06
  1.20234122e-07 2.28052456e-06 8.61678901e-08 1.82505716e-07]
 [8.34583022e-05 4.23478625e-05 1.38408701e-04 2.00721039e-06
  1.21174627e-06 4.87188662e-08 1.67995423e-04 3.45882343e-06
  2.04957292e-07 1.95015728e-06 9.74383187e-08 1.65815085e-07]]
Done!, time = 4.554970026016235s
