Begin!
Data shape = (250000, 5)
Begin sort function!
In centrality 0
In centrality 1
In centrality 2
In centrality 3
In centrality 4
In centrality 5
In centrality 6
end function sorter
Data shape = (250000, 5)
Begin sort function!
In centrality 0
In centrality 1
In centrality 2
In centrality 3
In centrality 4
In centrality 5
In centrality 6
end function sorter
Data shape = (250000, 5)
Begin sort function!
In centrality 0
In centrality 1
In centrality 2
In centrality 3
In centrality 4
In centrality 5
In centrality 6
end function sorter
Data shape = (250000, 5)
Begin sort function!
In centrality 0
In centrality 1
In centrality 2
In centrality 3
In centrality 4
In centrality 5
In centrality 6
end function sorter
Final results shape = (4, 7, 12)
mean value:
[[ 1.40403101e-02  1.07288332e-02  1.53588684e-02  3.54033964e-05
  -1.28246404e-06 -4.79268303e-07  8.60096432e-01  9.23373298e-04
   1.67254704e-06 -1.31750660e-04  1.50354433e-05 -7.79886339e-06]
 [ 1.53128718e-02  1.11541882e-02  1.59548547e-02  3.32661300e-05
  -3.23216001e-06 -6.27737255e-07  8.56986959e-01  9.21131560e-04
   2.38030785e-06 -1.38668104e-04  1.60254622e-05 -8.66274602e-06]
 [ 1.61252478e-02  1.15560729e-02  1.65779466e-02  3.01270031e-05
  -1.74467482e-06 -6.06405352e-07  8.54697906e-01  9.29517372e-04
   2.92720885e-06 -1.41854062e-04  1.66989673e-05 -9.18824512e-06]
 [ 1.69294598e-02  1.20994161e-02  1.70173885e-02  2.66729537e-05
  -2.77187267e-06 -6.45770218e-07  8.52976876e-01  9.35917246e-04
   2.81380906e-06 -1.43171716e-04  1.75604313e-05 -9.59079659e-06]
 [ 1.74817677e-02  1.25587704e-02  1.76607458e-02  1.89407080e-05
  -2.46173912e-06 -6.18409560e-07  8.51639704e-01  9.60346635e-04
   3.81075096e-06 -1.41289784e-04  1.84841332e-05 -9.67998489e-06]
 [ 1.81295003e-02  1.30496203e-02  1.83150781e-02  1.53227288e-05
  -2.99319604e-06 -4.71679018e-07  8.50502628e-01  9.69584426e-04
   4.32724153e-06 -1.41169721e-04  1.90617221e-05 -9.83856353e-06]
 [ 1.86051760e-02  1.35640203e-02  1.87944035e-02  1.70115814e-05
  -2.97243030e-06 -5.98273949e-07  8.49786818e-01  9.86243086e-04
   4.22745724e-06 -1.39024153e-04  1.98725889e-05 -9.94845515e-06]]
std error:
[[7.97843844e-05 3.73248681e-05 6.21753948e-05 2.82948191e-06
  2.33374732e-06 1.79540059e-07 2.02524888e-04 6.93017382e-06
  4.13279072e-07 2.47417076e-06 1.77689228e-07 2.17767374e-07]
 [6.22685697e-05 4.02539796e-05 1.69965729e-04 4.07928026e-06
  2.06679764e-06 1.98388624e-07 1.19489493e-04 2.28163902e-06
  5.02935056e-07 2.36075224e-06 7.41375455e-08 1.92074090e-07]
 [5.84671762e-05 5.99546077e-05 7.71892763e-05 1.89392171e-06
  1.68414110e-06 1.03881885e-07 1.03792707e-04 7.18596865e-06
  5.63571727e-07 3.20169660e-06 1.92684908e-07 1.44124457e-07]
 [6.75759089e-05 8.45397727e-05 6.61819541e-05 3.17849907e-06
  1.55043589e-06 8.80331278e-08 1.98265534e-04 1.09653803e-05
  4.09260769e-07 5.50643505e-06 4.64155368e-07 4.04716989e-07]
 [5.97605840e-05 3.17706550e-05 9.34615086e-05 2.67443206e-06
  2.80013119e-06 2.12008785e-07 2.67387463e-04 7.87190832e-06
  1.93493886e-07 3.39347281e-06 2.20665950e-07 1.90305445e-07]
 [8.34185934e-05 3.99749752e-05 1.43643962e-04 5.63901765e-06
  8.40782778e-07 9.68525684e-08 1.44159690e-04 5.24039362e-06
  2.20247590e-07 2.37042748e-06 1.37252154e-07 2.58782893e-07]
 [9.66036854e-05 4.52248990e-05 1.08962879e-04 6.22968135e-06
  2.22338270e-06 1.29177750e-07 9.40632409e-05 7.56745331e-06
  4.54761035e-07 5.36910228e-06 2.54317411e-07 4.62922828e-07]]
Done!, time = 3.780914783477783s
