Begin!
Data shape = (250000, 5)
Begin sort function!
In centrality 0
In centrality 1
In centrality 2
In centrality 3
In centrality 4
In centrality 5
In centrality 6
end function sorter
Data shape = (250000, 5)
Begin sort function!
In centrality 0
In centrality 1
In centrality 2
In centrality 3
In centrality 4
In centrality 5
In centrality 6
end function sorter
Data shape = (250000, 5)
Begin sort function!
In centrality 0
In centrality 1
In centrality 2
In centrality 3
In centrality 4
In centrality 5
In centrality 6
end function sorter
Data shape = (250000, 5)
Begin sort function!
In centrality 0
In centrality 1
In centrality 2
In centrality 3
In centrality 4
In centrality 5
In centrality 6
end function sorter
Final results shape = (4, 7, 12)
mean value:
[[ 1.16476938e-02  1.01168321e-02  1.58803070e-02  2.15389163e-05
   1.25317257e-06 -2.58488112e-08  8.13176872e-01  1.91624694e-03
   2.09308564e-05 -6.04801999e-05  2.29959772e-05 -3.06882216e-06]
 [ 1.26342308e-02  1.07843370e-02  1.69733577e-02  2.06402722e-05
   1.14695967e-06 -1.71764201e-07  8.06139758e-01  1.88137460e-03
   1.95395262e-05 -5.64166785e-05  2.44246955e-05 -2.98648932e-06]
 [ 1.33607023e-02  1.13333520e-02  1.76773528e-02  1.72433275e-05
   1.02428886e-06 -2.46063363e-07  8.02268208e-01  1.93928459e-03
   2.22578526e-05 -6.00801675e-05  2.63959574e-05 -3.37744037e-06]
 [ 1.43422309e-02  1.20963926e-02  1.82719354e-02  1.70483196e-05
  -2.74249347e-08 -4.23192597e-07  7.99191593e-01  1.94530089e-03
   2.33455423e-05 -6.91077054e-05  2.83860592e-05 -3.85404286e-06]
 [ 1.50117934e-02  1.27126933e-02  1.88788010e-02  1.47647545e-05
   2.63046247e-07 -3.69365413e-07  7.97233504e-01  1.97632048e-03
   2.39908143e-05 -6.55853142e-05  3.00824665e-05 -3.93458743e-06]
 [ 1.55902988e-02  1.33935668e-02  1.93934194e-02  1.36130645e-05
  -7.04673928e-07 -2.27781888e-07  7.95846875e-01  2.00117369e-03
   2.49315273e-05 -6.46964530e-05  3.18532944e-05 -4.04125375e-06]
 [ 1.62950511e-02  1.40010757e-02  1.97550058e-02  1.03909700e-05
  -3.64186985e-06 -2.79372982e-07  7.94887063e-01  2.04206529e-03
   2.54401016e-05 -6.55557069e-05  3.38266450e-05 -4.29555648e-06]]
std error:
[[1.30899661e-04 5.14238776e-05 1.45001544e-04 3.38437907e-06
  1.31914332e-06 1.08097752e-07 6.03168232e-04 3.05358098e-05
  1.64068504e-06 4.05934845e-06 9.28164066e-07 2.32033278e-07]
 [1.35815594e-04 7.62067411e-05 7.70119581e-05 1.30404945e-06
  8.46069292e-07 8.32221994e-08 1.44217491e-04 1.95580473e-05
  1.98484869e-06 2.73466477e-06 6.02120541e-07 9.19518598e-08]
 [5.80441892e-05 7.65644622e-05 1.18306292e-04 6.61180316e-07
  2.17853768e-06 8.82553556e-08 2.62808555e-04 1.83837197e-05
  6.55394334e-07 2.72211794e-06 4.62082664e-07 1.69852470e-07]
 [2.74503715e-05 7.13814116e-05 8.21470772e-05 2.52165198e-06
  7.31241707e-07 8.61055027e-08 9.36787566e-05 2.80788951e-06
  1.07804853e-06 3.59386413e-06 7.13838901e-08 1.94172497e-07]
 [7.50754944e-05 1.92445058e-05 7.35534563e-05 2.18605257e-06
  1.14385142e-06 5.97494485e-08 2.60835434e-04 4.09135496e-06
  1.36461396e-06 4.21830070e-06 4.25681385e-07 2.66162429e-07]
 [1.02059237e-04 3.92627151e-05 1.10630542e-04 2.06004200e-06
  1.89960529e-06 1.32444510e-07 2.56746711e-04 1.94437144e-05
  2.34964441e-06 4.71720590e-06 3.37374694e-07 3.90515670e-07]
 [5.64386809e-05 5.82273177e-05 1.50856185e-04 2.82271028e-06
  1.79265160e-06 2.23396043e-07 1.57402976e-04 1.33679206e-05
  1.34829123e-06 2.51185101e-06 4.87284825e-07 3.20417918e-07]]
Done!, time = 4.369069814682007s
