Begin!
Data shape = (250000, 5)
Begin sort function!
In centrality 0
In centrality 1
In centrality 2
In centrality 3
In centrality 4
In centrality 5
In centrality 6
end function sorter
Data shape = (250000, 5)
Begin sort function!
In centrality 0
In centrality 1
In centrality 2
In centrality 3
In centrality 4
In centrality 5
In centrality 6
end function sorter
Data shape = (250000, 5)
Begin sort function!
In centrality 0
In centrality 1
In centrality 2
In centrality 3
In centrality 4
In centrality 5
In centrality 6
end function sorter
Data shape = (250000, 5)
Begin sort function!
In centrality 0
In centrality 1
In centrality 2
In centrality 3
In centrality 4
In centrality 5
In centrality 6
end function sorter
Final results shape = (4, 7, 12)
mean value:
[[ 1.18778635e-02  1.12789440e-02  1.58319194e-02  3.78526698e-06
  -1.33001519e-06 -1.60025904e-07  7.76745952e-01  1.54604190e-03
   1.31702461e-05 -4.31113899e-05  1.86542740e-05 -1.96669444e-06]
 [ 1.25459319e-02  1.16171790e-02  1.65241884e-02  3.03549354e-06
  -1.70696695e-06 -1.88035147e-07  7.69857213e-01  1.54074288e-03
   1.24384569e-05 -4.01753965e-05  1.96508851e-05 -1.95974505e-06]
 [ 1.30938264e-02  1.20333529e-02  1.70606988e-02 -7.96753315e-07
  -1.41108022e-06 -1.06205081e-07  7.65400095e-01  1.55012065e-03
   1.44775406e-05 -4.33658440e-05  2.04315442e-05 -2.08389480e-06]
 [ 1.35196709e-02  1.25046692e-02  1.76057057e-02 -3.84135180e-06
  -2.99441239e-06 -5.53901827e-08  7.61785371e-01  1.55213126e-03
   1.51845500e-05 -4.40159425e-05  2.11779616e-05 -2.09668834e-06]
 [ 1.40046079e-02  1.28596595e-02  1.80976285e-02 -3.26451595e-06
  -1.37815258e-06 -7.43812835e-08  7.59028126e-01  1.56727561e-03
   1.46918280e-05 -4.49097265e-05  2.21309950e-05 -2.21694263e-06]
 [ 1.43735467e-02  1.32367962e-02  1.84180298e-02 -4.45019797e-06
  -3.48491970e-06 -8.13926921e-08  7.57060713e-01  1.60252957e-03
   1.67123904e-05 -3.96490004e-05  2.31318214e-05 -1.97876421e-06]
 [ 1.48503152e-02  1.37222754e-02  1.89442278e-02 -7.03552640e-06
  -6.30295127e-06 -7.96324585e-08  7.55122221e-01  1.61247321e-03
   1.66668188e-05 -4.40947652e-05  2.40440962e-05 -2.24746666e-06]]
std error:
[[8.28817538e-05 7.81220729e-05 1.35486338e-04 1.04942255e-06
  1.16232754e-06 5.82873851e-08 1.33345002e-04 9.53956279e-06
  9.67611701e-07 2.23398013e-06 1.76938340e-07 1.13131106e-07]
 [7.44266647e-05 4.07743447e-05 1.28642498e-04 3.16145319e-06
  1.77512331e-06 7.20637222e-08 1.88152336e-04 1.85379120e-05
  1.12686075e-06 4.19024275e-06 3.64509084e-07 1.97786914e-07]
 [1.04974268e-04 6.32298609e-05 5.68511606e-05 2.43481415e-06
  2.45075645e-06 9.33305273e-08 2.60041754e-04 1.67965288e-05
  9.25083976e-07 2.84525907e-06 2.13206111e-07 1.45619699e-07]
 [1.26656145e-04 1.28555117e-04 1.96259207e-04 1.60821926e-06
  6.20958232e-07 9.06690361e-08 3.99617707e-04 8.29563407e-06
  1.40384638e-06 3.36488808e-06 3.09724279e-07 2.67227773e-07]
 [8.82556261e-05 1.73690720e-05 5.88333289e-05 1.08641216e-06
  1.84037223e-06 9.15336878e-08 1.94278103e-04 1.49659602e-05
  1.17776715e-06 1.42861144e-06 2.11431441e-07 4.51123488e-08]
 [1.02737008e-04 5.66920593e-05 1.06673038e-04 4.21271731e-07
  1.53331376e-06 5.70594486e-08 1.19914724e-04 1.75720270e-05
  1.68069233e-06 4.22543572e-06 4.06679210e-07 2.50934986e-07]
 [8.22364119e-05 8.15597738e-05 9.68625344e-05 1.48622694e-06
  1.32794300e-06 1.18138872e-07 4.37606279e-05 1.31151256e-05
  7.36071118e-07 2.13684375e-06 4.04621418e-07 1.08458778e-07]]
Done!, time = 2.5436654090881348s
