Begin!
Data shape = (250000, 5)
Begin sort function!
In centrality 0
In centrality 1
In centrality 2
In centrality 3
In centrality 4
In centrality 5
In centrality 6
end function sorter
Data shape = (250000, 5)
Begin sort function!
In centrality 0
In centrality 1
In centrality 2
In centrality 3
In centrality 4
In centrality 5
In centrality 6
end function sorter
Data shape = (250000, 5)
Begin sort function!
In centrality 0
In centrality 1
In centrality 2
In centrality 3
In centrality 4
In centrality 5
In centrality 6
end function sorter
Data shape = (250000, 5)
Begin sort function!
In centrality 0
In centrality 1
In centrality 2
In centrality 3
In centrality 4
In centrality 5
In centrality 6
end function sorter
Final results shape = (4, 7, 12)
mean value:
[[ 1.16831335e-02  1.11332664e-02  1.56894126e-02  4.35100886e-06
  -2.80190453e-06 -1.09526607e-07  7.65339370e-01  6.66006373e-04
   1.65215034e-07 -4.77369766e-05  8.38675295e-06 -2.11435690e-06]
 [ 1.24346394e-02  1.16718368e-02  1.63970230e-02  3.35138470e-06
  -2.36444990e-06 -1.13087843e-07  7.62041983e-01  6.79656647e-04
  -5.84826089e-08 -4.98487101e-05  9.02689080e-06 -2.38159881e-06]
 [ 1.29127683e-02  1.20136991e-02  1.70413542e-02  5.91026591e-07
  -2.23250927e-06 -1.59860903e-07  7.59883310e-01  6.86982710e-04
   1.09875169e-06 -4.88059357e-05  9.26851633e-06 -2.28304403e-06]
 [ 1.35051616e-02  1.23782146e-02  1.75861554e-02 -4.82835219e-07
  -2.85830711e-06 -1.20975526e-07  7.57861295e-01  6.92459528e-04
   1.01970773e-06 -4.78107869e-05  9.72781427e-06 -2.38536856e-06]
 [ 1.39101008e-02  1.27998000e-02  1.79280293e-02 -2.53878392e-06
  -3.54177476e-06 -1.24435408e-07  7.56747364e-01  7.10782207e-04
   1.30333106e-06 -4.61097009e-05  1.02524902e-05 -2.32919332e-06]
 [ 1.43128007e-02  1.31628780e-02  1.84154353e-02 -4.69851599e-06
  -1.67333483e-06 -4.08823696e-08  7.55416130e-01  7.16823996e-04
   1.35253543e-06 -4.60555366e-05  1.05845413e-05 -2.40510556e-06]
 [ 1.47698191e-02  1.34769883e-02  1.88283354e-02 -6.32257477e-06
  -2.85980257e-06 -4.32143934e-08  7.54389641e-01  7.29453132e-04
   1.44160072e-06 -4.20061573e-05  1.10299495e-05 -2.21022080e-06]]
std error:
[[9.95406911e-05 6.96473334e-05 1.27283917e-04 1.22687499e-06
  1.20231140e-06 5.09763561e-08 2.57255732e-04 2.19629993e-06
  1.35246865e-07 2.69611191e-06 3.23429600e-08 1.55853065e-07]
 [5.03912091e-05 1.07370122e-04 6.38649254e-05 1.19093466e-06
  2.42794847e-06 7.27518790e-08 1.15362852e-04 7.70691741e-06
  2.80411030e-07 3.40224155e-06 1.72392153e-07 1.79977527e-07]
 [5.97328642e-05 1.01576802e-04 2.33538832e-05 2.36540053e-06
  8.14885132e-07 5.80909408e-08 1.34258201e-04 3.41661247e-06
  2.41250352e-07 8.99595264e-07 1.32263447e-07 1.00829333e-07]
 [7.55405852e-05 5.28835822e-05 8.90957000e-05 2.28157712e-06
  1.39277563e-06 4.35346297e-08 1.44184180e-04 3.78118439e-06
  1.57210808e-07 5.84992347e-07 3.30094287e-08 1.67151412e-08]
 [1.16898746e-04 3.72575458e-05 1.37768017e-04 1.81571633e-06
  1.90181930e-06 8.19365961e-08 1.84760324e-04 3.04368328e-06
  2.42553508e-07 1.13017900e-06 8.45650257e-08 8.86174089e-08]
 [1.42526502e-04 8.67108537e-05 3.56140969e-05 2.62219760e-06
  8.26934573e-07 1.43279614e-07 1.65581940e-04 4.00431695e-06
  1.26107408e-07 2.92078226e-06 1.86794984e-07 1.80278046e-07]
 [1.10841944e-04 2.75876543e-05 1.45927130e-04 1.63321264e-06
  2.85246376e-06 5.48163304e-08 1.79341535e-04 3.75785652e-06
  1.79020920e-07 3.16736972e-06 6.55171863e-08 1.64181594e-07]]
Done!, time = 4.029933452606201s
