Begin!
Data shape = (250000, 5)
Begin sort function!
In centrality 0
In centrality 1
In centrality 2
In centrality 3
In centrality 4
In centrality 5
In centrality 6
end function sorter
Data shape = (250000, 5)
Begin sort function!
In centrality 0
In centrality 1
In centrality 2
In centrality 3
In centrality 4
In centrality 5
In centrality 6
end function sorter
Data shape = (250000, 5)
Begin sort function!
In centrality 0
In centrality 1
In centrality 2
In centrality 3
In centrality 4
In centrality 5
In centrality 6
end function sorter
Data shape = (250000, 5)
Begin sort function!
In centrality 0
In centrality 1
In centrality 2
In centrality 3
In centrality 4
In centrality 5
In centrality 6
end function sorter
Final results shape = (4, 7, 12)
mean value:
[[ 1.54740998e-02  1.06996367e-02  1.59192092e-02  5.88302977e-05
  -9.16243185e-07 -6.51221546e-07  7.68306538e-01  8.69087852e-04
  -5.56005136e-07 -1.69636098e-04  1.66197674e-05 -1.12360097e-05]
 [ 1.72299032e-02  1.14158880e-02  1.69230172e-02  4.90927246e-05
  -5.16488277e-07 -1.55121594e-06  7.63307763e-01  8.99323852e-04
   6.80007794e-07 -1.86075771e-04  1.81365963e-05 -1.26173188e-05]
 [ 1.85501915e-02  1.18283011e-02  1.76436739e-02  4.04338372e-05
  -1.67809046e-06 -1.49887417e-06  7.60090514e-01  8.99806848e-04
   1.36673347e-06 -1.89405365e-04  1.92145833e-05 -1.35254717e-05]
 [ 1.94775342e-02  1.24321077e-02  1.83362736e-02  3.30435943e-05
  -8.97696399e-07 -1.48248094e-06  7.57730381e-01  9.11201619e-04
   1.84397866e-06 -1.87249540e-04  1.97602086e-05 -1.37318952e-05]
 [ 2.04256291e-02  1.29106385e-02  1.90075849e-02  2.37887416e-05
  -5.34956931e-06 -1.52032969e-06  7.55605046e-01  9.21292126e-04
   2.72547598e-06 -1.87254207e-04  2.06554027e-05 -1.41903471e-05]
 [ 2.12508927e-02  1.33582667e-02  1.94010991e-02  1.21914640e-05
  -1.38262809e-06 -1.37114154e-06  7.54077540e-01  9.27889818e-04
   3.38094192e-06 -1.86035535e-04  2.13370210e-05 -1.43487790e-05]
 [ 2.19911131e-02  1.39104593e-02  2.02149401e-02  1.13921635e-05
  -4.36614185e-06 -1.33872831e-06  7.52422733e-01  9.55545111e-04
   3.41802625e-06 -1.87460022e-04  2.25932451e-05 -1.49642315e-05]]
std error:
[[1.65958531e-04 1.32380928e-04 9.22551006e-05 5.03247807e-06
  2.21260252e-06 2.71386661e-07 2.43875849e-04 1.24316185e-05
  4.00577250e-07 4.11504353e-06 3.93346241e-07 2.03882847e-07]
 [6.43918682e-05 1.14408971e-04 1.02666107e-04 6.83804303e-06
  1.75110623e-06 1.60093715e-07 2.31958449e-04 8.57052983e-06
  2.46253241e-07 5.39889348e-06 4.30846692e-07 4.89486856e-07]
 [1.17273713e-04 2.22448648e-05 1.27274683e-04 4.76589968e-06
  1.80070385e-06 1.52717340e-07 1.67258951e-04 1.12326131e-05
  1.92513613e-07 4.31219671e-06 2.38568543e-07 4.85141475e-07]
 [5.91025689e-05 5.20727202e-05 6.56534745e-05 2.87927052e-06
  1.97264893e-06 1.86908574e-07 2.36924366e-04 4.52172607e-06
  3.12149903e-07 3.23715868e-06 9.28179427e-08 1.20229462e-07]
 [1.01076575e-04 1.79949876e-05 9.81760409e-05 2.48446010e-06
  2.43011033e-06 1.03483112e-07 1.63578718e-04 9.22261669e-06
  2.42359209e-07 3.31307835e-06 3.08377149e-07 3.02585656e-07]
 [1.07845542e-04 6.47923827e-05 9.48134769e-05 6.43232229e-06
  2.40188149e-06 1.28924988e-07 2.34582344e-04 8.87131012e-06
  2.84786807e-07 1.83367147e-06 2.70416701e-07 1.40950980e-07]
 [7.18723785e-05 2.21521696e-05 1.46427476e-04 5.21722866e-06
  1.04357066e-06 1.83559577e-07 1.97665173e-04 5.05000844e-06
  2.21846688e-07 3.50378871e-06 2.44126231e-07 3.31468013e-07]]
Done!, time = 3.5792250633239746s
