Begin!
Data shape = (250000, 5)
Begin sort function!
In centrality 0
In centrality 1
In centrality 2
In centrality 3
In centrality 4
In centrality 5
In centrality 6
end function sorter
Data shape = (250000, 5)
Begin sort function!
In centrality 0
In centrality 1
In centrality 2
In centrality 3
In centrality 4
In centrality 5
In centrality 6
end function sorter
Data shape = (250000, 5)
Begin sort function!
In centrality 0
In centrality 1
In centrality 2
In centrality 3
In centrality 4
In centrality 5
In centrality 6
end function sorter
Data shape = (250000, 5)
Begin sort function!
In centrality 0
In centrality 1
In centrality 2
In centrality 3
In centrality 4
In centrality 5
In centrality 6
end function sorter
Final results shape = (4, 7, 12)
mean value:
[[ 1.17539698e-02  1.06209096e-02  1.61120158e-02  1.31829246e-05
  -9.89362634e-07 -4.08631009e-08  8.16258146e-01  1.88058162e-03
   2.01779987e-05 -4.77286564e-05  2.22766156e-05 -2.30145165e-06]
 [ 1.24022955e-02  1.12578730e-02  1.68868249e-02  1.26785483e-05
  -1.46838773e-06 -1.68780175e-07  8.09536456e-01  1.88392307e-03
   2.21070213e-05 -5.51959900e-05  2.36485901e-05 -2.73430292e-06]
 [ 1.30591265e-02  1.16266291e-02  1.75009901e-02  1.12215644e-05
  -1.62293314e-06 -2.17096988e-07  8.05443429e-01  1.89891383e-03
   2.17248956e-05 -5.22874798e-05  2.51109101e-05 -2.66358461e-06]
 [ 1.35870704e-02  1.21516579e-02  1.79884326e-02  1.01149741e-05
  -1.87317726e-06 -1.28842547e-07  8.01771540e-01  1.88567776e-03
   2.24138413e-05 -5.45789888e-05  2.59142730e-05 -3.04568494e-06]
 [ 1.40684785e-02  1.26289839e-02  1.83874765e-02  8.83856832e-06
  -3.04146448e-06 -1.43700663e-07  7.99412991e-01  1.92799024e-03
   2.23804970e-05 -5.66624998e-05  2.73990069e-05 -3.18056753e-06]
 [ 1.45508462e-02  1.30999372e-02  1.89227868e-02  6.08259439e-06
  -1.79784503e-06 -1.79174416e-07  7.97610412e-01  1.94354316e-03
   2.28760282e-05 -4.57966523e-05  2.87042644e-05 -2.66449391e-06]
 [ 1.50541521e-02  1.36442226e-02  1.92855442e-02  6.65231428e-06
  -3.95862201e-06 -1.93199514e-07  7.96384126e-01  1.97214220e-03
   2.30891053e-05 -5.17091947e-05  2.98926916e-05 -3.01679990e-06]]
std error:
[[1.35936528e-04 1.31767375e-04 8.38123944e-05 1.56736566e-06
  8.04407880e-07 8.73100437e-08 2.32238222e-04 1.23307114e-05
  2.37148887e-06 2.17028881e-06 6.41597648e-07 1.89339787e-07]
 [1.73079560e-04 4.40785401e-05 1.73155457e-04 3.28771347e-06
  2.79774902e-06 2.00720023e-07 1.22863819e-04 8.85882251e-06
  2.37327257e-06 5.05186664e-06 5.67830096e-07 3.21615103e-07]
 [7.05918104e-05 6.48452654e-05 1.14429889e-04 1.44971891e-06
  1.53349557e-06 7.54171895e-08 1.94777782e-04 2.11325486e-05
  2.91937365e-07 2.44743960e-06 5.49560396e-07 1.99410253e-07]
 [2.25087967e-05 5.13753658e-05 1.70838142e-04 1.07390832e-06
  2.56531101e-06 3.32560509e-08 1.35246790e-04 1.69068460e-05
  8.91451890e-07 6.58024810e-07 4.88144156e-07 1.52916943e-07]
 [5.79300021e-05 6.00860312e-05 4.59920178e-05 2.07585410e-06
  8.85578929e-07 7.10777275e-08 2.31021658e-04 9.17909688e-06
  1.74382915e-06 1.51795232e-06 2.17960565e-07 1.94306901e-07]
 [7.79989744e-05 7.74918263e-05 5.70113099e-05 3.57197943e-06
  2.70565716e-06 1.35724409e-07 8.07252444e-05 6.26393665e-06
  9.48474017e-07 2.41146532e-06 3.02730274e-07 1.21268469e-07]
 [5.19225314e-05 1.42459587e-04 1.59220554e-04 2.54634478e-06
  3.34019665e-06 1.30299731e-07 2.51753143e-04 2.62869190e-05
  6.14230461e-07 2.53721382e-06 5.86613919e-07 2.05220276e-07]]
Done!, time = 4.419118642807007s
