Begin!
Data shape = (250000, 5)
Begin sort function!
In centrality 0
In centrality 1
In centrality 2
In centrality 3
In centrality 4
In centrality 5
In centrality 6
end function sorter
Data shape = (250000, 5)
Begin sort function!
In centrality 0
In centrality 1
In centrality 2
In centrality 3
In centrality 4
In centrality 5
In centrality 6
end function sorter
Data shape = (250000, 5)
Begin sort function!
In centrality 0
In centrality 1
In centrality 2
In centrality 3
In centrality 4
In centrality 5
In centrality 6
end function sorter
Data shape = (250000, 5)
Begin sort function!
In centrality 0
In centrality 1
In centrality 2
In centrality 3
In centrality 4
In centrality 5
In centrality 6
end function sorter
Final results shape = (4, 7, 12)
mean value:
[[ 1.23648283e-02  1.09434456e-02  1.53360150e-02  1.59336772e-05
  -1.94431415e-06 -9.34755140e-08  8.96726564e-01  6.05657972e-03
   1.97507687e-04 -7.93768818e-05  7.35090602e-05 -4.42398007e-06]
 [ 1.31061746e-02  1.13915681e-02  1.60820625e-02  1.52713689e-05
  -3.19554293e-06 -2.31066119e-07  8.79517675e-01  5.84193871e-03
   1.94100697e-04 -6.77396585e-05  7.53129474e-05 -3.78275818e-06]
 [ 1.36548900e-02  1.19505413e-02  1.68064293e-02  1.48865841e-05
  -4.21180705e-06 -1.72634012e-07  8.68670086e-01  5.82837849e-03
   2.03327758e-04 -7.22865246e-05  7.86703227e-05 -4.07874200e-06]
 [ 1.43290424e-02  1.24299658e-02  1.74282542e-02  1.58246068e-05
  -2.69332857e-06 -1.93981845e-07  8.60749760e-01  5.84761665e-03
   1.99958283e-04 -7.86677092e-05  8.37708180e-05 -4.63336329e-06]
 [ 1.48386428e-02  1.28335409e-02  1.79870528e-02  1.40301699e-05
  -2.60228302e-06 -2.38664410e-07  8.56098950e-01  5.96750319e-03
   2.06460814e-04 -7.69051303e-05  8.79810830e-05 -4.70581184e-06]
 [ 1.53689699e-02  1.33127262e-02  1.85125101e-02  1.12125005e-05
  -2.66449788e-06 -2.00095003e-07  8.53012109e-01  6.10463939e-03
   2.08953611e-04 -8.90570962e-05  9.31719983e-05 -5.56734312e-06]
 [ 1.58135718e-02  1.37843533e-02  1.90987714e-02  9.84712081e-06
  -3.61564441e-06 -1.96015791e-07  8.50732929e-01  6.17119199e-03
   2.06385936e-04 -9.13887894e-05  9.69491043e-05 -5.81762667e-06]]
std error:
[[6.68209547e-05 1.49308871e-04 9.41169892e-05 2.87403132e-06
  9.25426681e-07 1.09458093e-07 3.17261531e-04 3.64806406e-05
  1.25484903e-05 8.68906875e-06 7.71019566e-07 6.20961762e-07]
 [2.35154728e-04 1.73638129e-04 1.19478882e-04 2.62505431e-06
  3.34643526e-06 2.00735467e-07 1.04613911e-03 1.15479619e-04
  2.17148390e-05 5.59246984e-06 3.86689986e-06 4.40184014e-07]
 [1.11239726e-04 4.59656037e-05 1.00497812e-04 2.25794562e-06
  1.51899240e-06 7.02695441e-08 2.65026187e-04 4.80974449e-05
  6.58454715e-06 5.23552211e-06 7.47357609e-07 2.95087801e-07]
 [2.55122817e-05 4.61098844e-05 8.88799594e-05 2.05628246e-06
  1.95295257e-06 1.12716589e-07 4.26125626e-04 4.79366329e-05
  7.98641716e-06 9.23786055e-06 1.11214247e-06 5.99114003e-07]
 [3.07109696e-05 5.30051782e-05 6.20403477e-05 1.16325877e-06
  2.52059793e-06 1.25066180e-07 2.42118228e-04 6.17927322e-05
  1.16126697e-05 8.74746956e-06 1.10086788e-06 6.57445545e-07]
 [5.85286969e-05 8.44801344e-05 1.14392642e-04 1.36903348e-06
  8.65047410e-07 2.62161484e-07 4.39802503e-04 4.27705942e-05
  6.22730428e-06 3.83775617e-06 1.22934731e-06 4.63810883e-07]
 [6.16944747e-05 3.30111652e-05 1.54785392e-04 2.54312197e-06
  1.92345531e-06 4.35981471e-08 4.51673213e-04 3.14442601e-05
  4.39519213e-06 8.78205179e-06 6.05406345e-07 6.05593487e-07]]
Done!, time = 4.307886838912964s
