Begin!
Data shape = (250000, 5)
Begin sort function!
In centrality 0
In centrality 1
In centrality 2
In centrality 3
In centrality 4
In centrality 5
In centrality 6
end function sorter
Data shape = (250000, 5)
Begin sort function!
In centrality 0
In centrality 1
In centrality 2
In centrality 3
In centrality 4
In centrality 5
In centrality 6
end function sorter
Data shape = (250000, 5)
Begin sort function!
In centrality 0
In centrality 1
In centrality 2
In centrality 3
In centrality 4
In centrality 5
In centrality 6
end function sorter
Data shape = (250000, 5)
Begin sort function!
In centrality 0
In centrality 1
In centrality 2
In centrality 3
In centrality 4
In centrality 5
In centrality 6
end function sorter
Final results shape = (4, 7, 12)
mean value:
[[ 1.63916661e-02  1.00057199e-02  1.52124655e-02  7.75093257e-05
   1.11720115e-06 -1.58470190e-06  8.21163264e-01  2.13594608e-03
   2.03420576e-05 -2.07723282e-04  3.81820629e-05 -1.45427599e-05]
 [ 1.85637556e-02  1.07786772e-02  1.63412027e-02  7.28315463e-05
   2.17673783e-06 -2.37274034e-06  8.11936443e-01  2.15127727e-03
   2.47168785e-05 -2.21058235e-04  4.28547911e-05 -1.64219435e-05]
 [ 1.98072026e-02  1.14567052e-02  1.74459889e-02  5.30034201e-05
   2.82573095e-06 -2.37312555e-06  8.06704890e-01  2.18786444e-03
   2.62230482e-05 -2.29235185e-04  4.56372281e-05 -1.75257365e-05]
 [ 2.10374899e-02  1.22367555e-02  1.82825940e-02  3.80221818e-05
   1.46650140e-06 -2.33147996e-06  8.02841582e-01  2.20880575e-03
   2.49583768e-05 -2.37066356e-04  4.90288384e-05 -1.87807223e-05]
 [ 2.21253542e-02  1.30104591e-02  1.90782262e-02  2.87512526e-05
  -4.14158850e-07 -2.32587167e-06  7.99991150e-01  2.25093225e-03
   2.74817233e-05 -2.40226382e-04  5.24858646e-05 -1.95828748e-05]
 [ 2.28534841e-02  1.36696585e-02  1.97269654e-02  2.60744933e-05
   1.06227011e-06 -2.38636130e-06  7.98127713e-01  2.30492753e-03
   2.98983145e-05 -2.39846198e-04  5.44702056e-05 -1.99609030e-05]
 [ 2.37735436e-02  1.43827465e-02  2.03058941e-02  9.79593003e-06
  -3.24635739e-06 -1.91949890e-06  7.96796619e-01  2.35860831e-03
   3.00595518e-05 -2.46641184e-04  5.81749331e-05 -2.13799473e-05]]
std error:
[[3.40364952e-05 5.74184341e-05 1.42575744e-04 8.41254951e-06
  8.63672870e-07 4.36200423e-07 1.43472747e-04 7.24553306e-06
  1.78489996e-06 8.47064369e-06 6.14549686e-07 8.18691141e-07]
 [5.41667709e-05 7.12946546e-05 2.09224201e-04 3.23348399e-06
  2.20325013e-06 2.28601744e-07 2.70860035e-04 2.00559773e-05
  3.71886882e-06 5.25056445e-06 3.78263568e-07 4.01180518e-07]
 [1.72601303e-04 6.66475942e-05 8.34583145e-05 3.89258584e-06
  1.76090467e-06 3.16337925e-07 2.31205412e-04 2.58648939e-05
  3.60759545e-06 3.99461827e-06 6.34603259e-07 4.95585214e-07]
 [1.11793940e-04 8.44505077e-05 1.21223629e-04 1.80380408e-06
  1.69939873e-06 2.53812229e-07 2.41026728e-04 1.83647760e-05
  7.78654192e-07 4.04431578e-06 3.10859125e-07 3.43538056e-07]
 [8.28440644e-05 1.39908397e-05 3.31927785e-05 2.40038620e-06
  2.77024218e-06 2.78417158e-07 1.78733860e-04 3.52568303e-06
  1.86252534e-06 1.63951971e-06 2.58079939e-07 3.17525047e-07]
 [1.45385391e-04 3.80006068e-05 1.28007640e-04 5.11122197e-06
  1.48639355e-06 4.17530051e-07 1.95740754e-04 7.17182294e-06
  1.59875411e-06 3.97141281e-06 3.08058159e-07 3.69955661e-07]
 [1.03587897e-04 7.71582690e-05 1.25068628e-04 4.56299292e-06
  1.91101858e-06 2.99938501e-07 2.93713360e-04 2.15535008e-05
  1.62909932e-06 1.40510339e-05 1.07652807e-06 1.34600641e-06]]
Done!, time = 4.130009412765503s
