Begin!
Data shape = (250000, 5)
Begin sort function!
In centrality 0
In centrality 1
In centrality 2
In centrality 3
In centrality 4
In centrality 5
In centrality 6
end function sorter
Data shape = (250000, 5)
Begin sort function!
In centrality 0
In centrality 1
In centrality 2
In centrality 3
In centrality 4
In centrality 5
In centrality 6
end function sorter
Data shape = (250000, 5)
Begin sort function!
In centrality 0
In centrality 1
In centrality 2
In centrality 3
In centrality 4
In centrality 5
In centrality 6
end function sorter
Data shape = (250000, 5)
Begin sort function!
In centrality 0
In centrality 1
In centrality 2
In centrality 3
In centrality 4
In centrality 5
In centrality 6
end function sorter
Final results shape = (4, 7, 12)
mean value:
[[ 1.18125110e-02  1.01943851e-02  1.63023011e-02 -2.14002243e-06
   7.94965955e-07 -7.41338840e-08  8.44323201e-01  6.01681929e-03
   2.55636214e-04 -4.58726709e-05  7.14010078e-05 -1.99407487e-06]
 [ 1.25431239e-02  1.09434733e-02  1.73331286e-02 -7.37123673e-07
   2.16673347e-06 -1.76194994e-07  8.25003130e-01  5.63620871e-03
   2.42927176e-04 -3.32705539e-05  7.02314768e-05 -1.52505719e-06]
 [ 1.32635724e-02  1.15803964e-02  1.81219352e-02 -5.80886349e-06
   6.57633081e-07 -7.88290926e-08  8.15678383e-01  5.66357733e-03
   2.43613069e-04 -4.08761160e-05  7.40030775e-05 -1.79323361e-06]
 [ 1.39756294e-02  1.23261654e-02  1.88202438e-02 -8.86622782e-06
  -1.52621499e-07 -9.78571099e-08  8.08027834e-01  5.76351478e-03
   2.55927594e-04 -3.48209510e-05  7.95005754e-05 -1.54414628e-06]
 [ 1.45532387e-02  1.29346878e-02  1.92567868e-02 -1.14678210e-05
   7.97096817e-07 -8.30428228e-09  8.04514865e-01  5.90167453e-03
   2.58217724e-04 -3.12412458e-05  8.51745880e-05 -1.59850061e-06]
 [ 1.50514316e-02  1.35917460e-02  1.96963604e-02 -1.14450057e-05
   6.10327942e-07 -1.26817882e-07  8.00966113e-01  6.02177064e-03
   2.71997765e-04 -2.58262567e-05  9.06258465e-05 -1.22505395e-06]
 [ 1.56867965e-02  1.40972551e-02  1.99983204e-02 -1.53599640e-05
   1.13648148e-06  2.64814512e-08  7.99212422e-01  6.21195356e-03
   2.83105304e-04 -2.32055954e-05  9.68382328e-05 -1.23693883e-06]]
std error:
[[1.01702487e-04 7.63877440e-05 7.88763140e-05 9.41361653e-07
  1.33013226e-06 1.94479867e-08 9.50604741e-04 9.68342313e-05
  3.26212359e-06 9.67104976e-06 2.03842954e-06 4.61520974e-07]
 [6.44097642e-05 1.05715542e-04 1.08618564e-04 1.21773946e-06
  1.48788377e-06 5.82588532e-08 5.86933632e-04 7.49716261e-05
  1.72046690e-05 3.05755481e-06 9.59579142e-07 1.79771196e-07]
 [1.10705103e-04 8.33216248e-05 1.67543840e-04 8.33896207e-07
  8.63175088e-07 5.54595641e-08 5.38936962e-04 5.14479023e-05
  1.32145004e-05 3.01931972e-06 6.69999399e-07 1.87921862e-07]
 [8.64564241e-05 3.24611997e-05 9.93464885e-05 1.75614538e-06
  1.32239496e-06 1.09067449e-07 5.67358558e-04 7.63871265e-05
  1.34262458e-05 5.25390450e-06 6.16728923e-07 3.13078972e-07]
 [9.13216705e-05 3.11645259e-05 1.04179974e-04 1.41586817e-06
  1.80802870e-06 7.59582468e-08 3.01194496e-04 5.66528138e-05
  8.66411080e-06 8.63936001e-06 1.66844988e-06 4.70775883e-07]
 [3.34235133e-05 4.61430566e-05 1.06903656e-04 1.50197788e-06
  2.15466634e-06 6.78115635e-08 4.22535498e-04 3.37695109e-05
  6.75216658e-06 3.90735810e-06 7.30339045e-07 4.20533586e-07]
 [6.62032579e-05 4.51878439e-05 1.13243858e-04 2.91449334e-06
  2.18950924e-06 1.37360608e-07 6.90818923e-04 6.02414671e-05
  1.11310650e-05 1.73939284e-06 8.91388652e-07 1.82985063e-07]]
Done!, time = 3.718200206756592s
