Begin!
Data shape = (250000, 5)
Begin sort function!
In centrality 0
In centrality 1
In centrality 2
In centrality 3
In centrality 4
In centrality 5
In centrality 6
end function sorter
Data shape = (250000, 5)
Begin sort function!
In centrality 0
In centrality 1
In centrality 2
In centrality 3
In centrality 4
In centrality 5
In centrality 6
end function sorter
Data shape = (250000, 5)
Begin sort function!
In centrality 0
In centrality 1
In centrality 2
In centrality 3
In centrality 4
In centrality 5
In centrality 6
end function sorter
Data shape = (250000, 5)
Begin sort function!
In centrality 0
In centrality 1
In centrality 2
In centrality 3
In centrality 4
In centrality 5
In centrality 6
end function sorter
Final results shape = (4, 7, 12)
mean value:
[[ 1.49175744e-02  1.09018943e-02  1.54700444e-02  3.15483976e-05
  -1.29158937e-06 -6.01379601e-07  9.02287922e-01  6.66797946e-03
   2.71607050e-04 -1.26747148e-04  9.81071010e-05 -8.16947553e-06]
 [ 1.60171855e-02  1.13659127e-02  1.61606635e-02  2.23629529e-05
  -7.43049413e-07 -6.91254402e-07  8.82482752e-01  6.30716551e-03
   2.56230036e-04 -1.36568747e-04  9.89175042e-05 -8.79090225e-06]
 [ 1.66455352e-02  1.18637039e-02  1.68383852e-02  1.95163137e-05
  -1.92269865e-06 -6.33251500e-07  8.71271318e-01  6.25631421e-03
   2.45067032e-04 -1.40780362e-04  1.03468491e-04 -9.33967844e-06]
 [ 1.73244733e-02  1.24474705e-02  1.76374487e-02  1.77860225e-05
  -3.46767944e-06 -7.35023274e-07  8.62218510e-01  6.32416066e-03
   2.56273843e-04 -1.47156764e-04  1.08067314e-04 -1.01496082e-05]
 [ 1.80596673e-02  1.30061025e-02  1.82286587e-02  1.71133751e-05
  -3.06659929e-06 -5.86269352e-07  8.57140538e-01  6.32255640e-03
   2.43676441e-04 -1.42213884e-04  1.13045232e-04 -9.83108031e-06]
 [ 1.86055819e-02  1.34285470e-02  1.89923381e-02  1.59322141e-05
  -4.27990368e-06 -6.18019325e-07  8.53940226e-01  6.52412835e-03
   2.64216022e-04 -1.60517615e-04  1.20089991e-04 -1.16735715e-05]
 [ 1.90322412e-02  1.37696091e-02  1.94233055e-02  1.27704122e-05
  -3.01499903e-06 -7.95785966e-07  8.51713255e-01  6.66120070e-03
   2.73406922e-04 -1.54563990e-04  1.26539675e-04 -1.12283921e-05]]
std error:
[[4.73946973e-05 5.77515624e-05 8.26667580e-05 4.73835775e-06
  2.81378752e-06 1.28711628e-07 4.08733868e-04 1.12376385e-04
  2.21129788e-05 1.08209672e-05 1.71746192e-06 9.63612953e-07]
 [8.74246268e-05 7.15483199e-05 1.16431954e-04 4.38694126e-06
  1.16615224e-06 6.81322396e-08 3.73033870e-04 2.20452118e-05
  1.28832077e-05 1.00151074e-05 9.86406299e-07 6.66530532e-07]
 [1.40316505e-04 1.20988775e-04 1.46432536e-04 2.82912908e-06
  1.67543305e-06 1.84929052e-07 2.26107673e-04 8.01710084e-05
  1.33393711e-05 6.43772461e-06 1.02084754e-06 5.86580227e-07]
 [7.44522545e-05 4.24468339e-05 1.04796008e-04 2.64506848e-06
  1.60214844e-06 1.45244670e-07 1.48809807e-04 3.35694863e-05
  1.26922693e-05 1.65710272e-06 1.45242107e-06 4.77584278e-07]
 [6.54494383e-05 6.40658480e-05 1.95838391e-04 2.28229689e-06
  5.29339679e-07 1.75568021e-07 7.13409605e-04 1.48670032e-05
  8.78684213e-06 1.01730661e-05 1.45388004e-06 8.99129877e-07]
 [7.07694749e-05 8.74807190e-05 9.72269338e-05 3.83303690e-06
  1.46838513e-06 1.95957262e-07 3.75027666e-04 6.89467144e-05
  1.74345428e-05 7.41965910e-06 1.16704048e-06 7.34439898e-07]
 [1.08223835e-04 3.07809479e-05 2.84025429e-05 4.09347916e-06
  1.14572350e-06 9.51519903e-08 5.30234393e-04 5.54696205e-05
  9.39913675e-06 7.78945370e-06 8.08395874e-07 6.90867189e-07]]
Done!, time = 2.202314853668213s
