Begin!
Data shape = (250000, 5)
Begin sort function!
In centrality 0
In centrality 1
In centrality 2
In centrality 3
In centrality 4
In centrality 5
In centrality 6
end function sorter
Data shape = (250000, 5)
Begin sort function!
In centrality 0
In centrality 1
In centrality 2
In centrality 3
In centrality 4
In centrality 5
In centrality 6
end function sorter
Data shape = (250000, 5)
Begin sort function!
In centrality 0
In centrality 1
In centrality 2
In centrality 3
In centrality 4
In centrality 5
In centrality 6
end function sorter
Data shape = (250000, 5)
Begin sort function!
In centrality 0
In centrality 1
In centrality 2
In centrality 3
In centrality 4
In centrality 5
In centrality 6
end function sorter
Final results shape = (4, 7, 12)
mean value:
[[ 1.68762911e-02  1.12157399e-02  1.58025400e-02  4.20332559e-05
  -1.53193713e-06 -1.40890378e-06  7.83908072e-01  1.66122834e-03
   9.90258136e-06 -1.85552456e-04  3.07440785e-05 -1.22942207e-05]
 [ 1.84288472e-02  1.17698570e-02  1.66244205e-02  2.77648745e-05
  -2.01672989e-06 -2.03130949e-06  7.75814263e-01  1.62249503e-03
   1.05496356e-05 -1.92241571e-04  3.23808002e-05 -1.31351252e-05]
 [ 1.97472516e-02  1.21404833e-02  1.72358158e-02  8.43474836e-06
  -1.32197044e-06 -1.48195911e-06  7.70507034e-01  1.66310549e-03
   1.13972647e-05 -1.99414142e-04  3.51068861e-05 -1.40780878e-05]
 [ 2.06591366e-02  1.25049494e-02  1.79778649e-02 -1.82795082e-06
  -1.40184701e-06 -1.32985795e-06  7.66225728e-01  1.68073730e-03
   1.34471168e-05 -2.02281709e-04  3.68437386e-05 -1.49042380e-05]
 [ 2.13083459e-02  1.29870825e-02  1.85049121e-02 -7.41305364e-06
  -2.29595415e-06 -1.25431374e-06  7.63165705e-01  1.70926952e-03
   1.34744601e-05 -2.01028344e-04  3.79912892e-05 -1.49470218e-05]
 [ 2.19260378e-02  1.33317350e-02  1.90811915e-02 -1.88978404e-05
  -1.77823637e-06 -1.09370918e-06  7.60418854e-01  1.72917182e-03
   1.45954626e-05 -2.01932267e-04  3.94534509e-05 -1.51663537e-05]
 [ 2.24406876e-02  1.38344960e-02  1.96744041e-02 -2.09719630e-05
  -4.52366671e-06 -8.90869633e-07  7.58122302e-01  1.75582388e-03
   1.58889852e-05 -1.97752330e-04  4.06402640e-05 -1.52555609e-05]]
std error:
[[8.63864523e-05 8.41068714e-05 8.20540423e-05 3.45252775e-06
  1.69173882e-06 1.30409169e-07 2.49601994e-04 2.07403732e-05
  1.39202111e-06 2.80485525e-06 1.29838421e-07 4.50343592e-08]
 [1.75538153e-04 6.14247389e-05 1.09482191e-04 4.14795167e-06
  4.29065080e-06 2.39311369e-07 2.61033391e-04 2.23197201e-05
  1.03869874e-06 7.58088328e-06 7.95343611e-07 5.72145454e-07]
 [1.63297455e-04 4.15467861e-05 1.19085050e-04 4.05502543e-07
  9.17935001e-07 1.74080840e-07 2.44649053e-04 8.61943766e-06
  3.59874837e-07 7.69186368e-06 4.86861359e-07 4.91805079e-07]
 [1.25697679e-04 7.75631401e-05 1.32376483e-04 4.98372161e-06
  1.17393921e-06 2.10001589e-07 2.04877559e-04 9.24867118e-06
  1.51376534e-06 1.15336315e-05 6.77672769e-07 1.21761096e-06]
 [1.14441774e-04 8.28648361e-05 2.31808186e-04 3.74158605e-06
  9.04465652e-07 5.90060862e-08 1.59500336e-04 2.54819760e-05
  6.55663337e-07 5.34199781e-06 4.75410472e-07 5.56977354e-07]
 [1.24147816e-04 1.99619704e-05 1.82327549e-04 3.90079669e-06
  2.07928877e-06 2.08357890e-07 1.49278096e-04 1.33007361e-05
  1.47697617e-06 2.78009966e-06 2.62275253e-07 2.48999562e-07]
 [7.76144353e-05 1.11785773e-04 8.59107379e-05 5.12307077e-06
  1.91084056e-06 3.73195690e-07 1.38706948e-04 1.03718048e-05
  4.48893354e-07 3.96984729e-06 1.39325127e-07 3.45290674e-07]]
Done!, time = 4.001607656478882s
