Begin!
Data shape = (250000, 5)
Begin sort function!
In centrality 0
In centrality 1
In centrality 2
In centrality 3
In centrality 4
In centrality 5
In centrality 6
end function sorter
Data shape = (250000, 5)
Begin sort function!
In centrality 0
In centrality 1
In centrality 2
In centrality 3
In centrality 4
In centrality 5
In centrality 6
end function sorter
Data shape = (250000, 5)
Begin sort function!
In centrality 0
In centrality 1
In centrality 2
In centrality 3
In centrality 4
In centrality 5
In centrality 6
end function sorter
Data shape = (250000, 5)
Begin sort function!
In centrality 0
In centrality 1
In centrality 2
In centrality 3
In centrality 4
In centrality 5
In centrality 6
end function sorter
Final results shape = (4, 7, 12)
mean value:
[[ 1.26437863e-02  1.13033257e-02  1.59994119e-02  1.79193017e-05
  -2.89441731e-06  2.44397662e-08  8.04486236e-01  4.13466551e-03
   1.08472278e-04 -5.53849125e-05  5.13018760e-05 -3.05428159e-06]
 [ 1.35733005e-02  1.17636382e-02  1.67810736e-02  2.14036604e-05
  -3.53338492e-06 -1.81340023e-07  7.88548734e-01  3.91491964e-03
   9.97728524e-05 -5.41091493e-05  5.22537088e-05 -3.16803268e-06]
 [ 1.41637260e-02  1.22703453e-02  1.72522723e-02  2.03040834e-05
  -2.66596730e-06 -2.71655138e-07  7.78530135e-01  3.95052613e-03
   1.11579684e-04 -5.94133479e-05  5.51598952e-05 -3.63880694e-06]
 [ 1.47651060e-02  1.27923349e-02  1.78962460e-02  1.50290339e-05
  -3.31701207e-06 -2.00310247e-07  7.70896542e-01  3.95126089e-03
   1.10059109e-04 -5.10243522e-05  5.75867233e-05 -3.28708408e-06]
 [ 1.52819577e-02  1.30714651e-02  1.82930435e-02  1.48924098e-05
  -2.93448217e-06 -2.49888258e-07  7.65314991e-01  3.98798767e-03
   1.16801818e-04 -5.66244417e-05  5.98023793e-05 -3.53650799e-06]
 [ 1.58702416e-02  1.34414898e-02  1.89554170e-02  1.53880482e-05
  -4.88009489e-06 -3.88443766e-07  7.61172453e-01  4.07495639e-03
   1.23242670e-04 -5.77626328e-05  6.40075381e-05 -3.92476849e-06]
 [ 1.62240875e-02  1.38131333e-02  1.92740595e-02  1.33560317e-05
  -3.94192850e-06 -3.13670234e-07  7.57626900e-01  4.14265208e-03
   1.24907400e-04 -5.33535479e-05  6.56616569e-05 -3.43752794e-06]]
std error:
[[1.38214401e-04 9.07008521e-05 1.14476628e-04 3.12224528e-06
  2.71749929e-06 7.42206294e-08 1.58023448e-04 1.46659832e-05
  4.23886286e-06 1.07235777e-05 6.34150220e-07 5.36986382e-07]
 [1.27883178e-04 3.53441584e-05 1.79572440e-04 2.58308784e-06
  2.29475502e-06 1.64530776e-07 6.54219899e-04 2.87514659e-05
  6.65285357e-06 6.12534271e-06 1.71196143e-06 1.71984139e-07]
 [7.92736428e-05 7.09033930e-05 1.49071476e-04 1.66450551e-06
  1.49075723e-06 6.04016304e-08 1.06514257e-04 4.73643287e-05
  4.84785232e-06 4.35252930e-06 9.49688419e-07 2.14732201e-07]
 [5.49734176e-05 6.38941935e-05 1.66829508e-04 4.31406832e-07
  9.14626337e-07 1.05441385e-07 3.13327422e-04 5.16267859e-05
  2.67534997e-06 2.28461631e-06 1.16381248e-06 1.40868670e-07]
 [1.07712491e-04 1.05341766e-04 5.84175978e-05 3.11761384e-06
  1.96024450e-06 8.22430747e-08 6.26333668e-04 1.94870934e-05
  4.51550877e-06 5.14664721e-06 9.34917322e-07 3.46468524e-07]
 [1.24722867e-04 5.49547460e-05 8.04355365e-05 2.80838261e-06
  1.28973533e-06 1.02045406e-07 2.86834561e-04 2.41271417e-05
  3.19184257e-06 6.44449459e-06 3.11314533e-07 2.74604369e-07]
 [5.23038241e-05 1.23161381e-04 2.05054126e-04 3.16085300e-06
  2.83959469e-06 2.25341641e-07 1.30942603e-04 1.65110636e-05
  5.31719042e-06 3.16131530e-06 8.87887126e-07 1.34118703e-07]]
Done!, time = 4.172793388366699s
