Begin!
Data shape = (250000, 5)
Begin sort function!
In centrality 0
In centrality 1
In centrality 2
In centrality 3
In centrality 4
In centrality 5
In centrality 6
end function sorter
Data shape = (250000, 5)
Begin sort function!
In centrality 0
In centrality 1
In centrality 2
In centrality 3
In centrality 4
In centrality 5
In centrality 6
end function sorter
Data shape = (250000, 5)
Begin sort function!
In centrality 0
In centrality 1
In centrality 2
In centrality 3
In centrality 4
In centrality 5
In centrality 6
end function sorter
Data shape = (250000, 5)
Begin sort function!
In centrality 0
In centrality 1
In centrality 2
In centrality 3
In centrality 4
In centrality 5
In centrality 6
end function sorter
Final results shape = (4, 7, 12)
mean value:
[[ 1.36596175e-02  1.07101952e-02  1.60418926e-02  5.34730326e-07
  -1.03679280e-06 -3.45408433e-07  8.46680619e-01  5.33347307e-03
   1.86390149e-04 -8.65887495e-05  7.18304544e-05 -4.48222585e-06]
 [ 1.46146530e-02  1.13605473e-02  1.69033572e-02 -5.86227782e-06
  -2.42904407e-06 -1.45363344e-07  8.29289073e-01  5.08528339e-03
   1.74876771e-04 -9.39500277e-05  7.40412882e-05 -4.92246369e-06]
 [ 1.52047782e-02  1.18985111e-02  1.76750942e-02 -6.79388754e-06
  -1.47283891e-06 -1.78325618e-07  8.19260025e-01  5.10037167e-03
   1.78893915e-04 -9.40792906e-05  7.67879765e-05 -4.98300062e-06]
 [ 1.57788386e-02  1.24910970e-02  1.83107726e-02 -1.04724409e-05
   1.20768463e-07 -1.82541981e-07  8.11161053e-01  5.04231211e-03
   1.74894796e-04 -9.01313067e-05  7.90447184e-05 -4.87902393e-06]
 [ 1.63458085e-02  1.29324512e-02  1.88704686e-02 -1.48050497e-05
  -2.76261170e-06 -4.31261560e-08  8.06467214e-01  5.23434533e-03
   1.84965539e-04 -9.22874065e-05  8.39576423e-05 -5.19940798e-06]
 [ 1.67442999e-02  1.34405890e-02  1.93526239e-02 -1.35619156e-05
  -2.08969578e-06 -1.42439841e-07  8.03048728e-01  5.30868509e-03
   1.89023275e-04 -9.07928431e-05  8.85791147e-05 -5.23994223e-06]
 [ 1.72930802e-02  1.39146662e-02  1.97677629e-02 -1.37884194e-05
  -4.08855605e-06 -1.17116866e-07  7.99969298e-01  5.46570482e-03
   2.02299378e-04 -9.37878328e-05  9.37489214e-05 -5.62048984e-06]]
std error:
[[3.54917592e-05 9.78159229e-05 1.68271875e-04 3.18597166e-06
  2.68018564e-06 3.55889346e-08 4.81381337e-04 2.98764926e-05
  5.00763548e-06 4.42263225e-06 9.87504657e-07 1.60745463e-07]
 [7.17741385e-05 1.38831287e-04 8.70328836e-05 2.15920638e-06
  2.94707419e-06 9.22287815e-08 6.31073622e-04 3.52330687e-05
  7.45507812e-06 1.21388120e-05 6.68779002e-07 7.94554737e-07]
 [1.08087372e-04 4.22012630e-05 4.05933581e-05 2.79558179e-06
  1.16876233e-06 7.90225182e-08 4.00066078e-04 2.29754216e-05
  3.81482843e-06 5.00626671e-06 8.34365766e-07 2.52956552e-07]
 [3.22290215e-05 5.05622063e-05 9.79216915e-05 2.81959486e-06
  2.00401192e-06 1.63132550e-07 3.06308450e-04 1.35993889e-05
  4.30347837e-06 8.83595794e-06 4.07007799e-07 5.90621073e-07]
 [6.63574235e-05 9.57177467e-05 1.31006679e-04 7.60452129e-07
  1.75623274e-06 9.00301334e-08 5.19679824e-04 3.75272580e-05
  6.05110263e-06 7.27560284e-06 6.82537993e-07 2.45717398e-07]
 [7.79885918e-05 6.30056814e-05 9.80166175e-05 1.98757471e-06
  2.34836196e-06 1.69326525e-07 2.53366548e-04 5.33670454e-05
  9.76833567e-06 7.99032708e-06 1.41121472e-06 5.78687431e-07]
 [5.56985497e-05 7.92608539e-05 9.62138386e-05 5.65758672e-07
  2.14649722e-06 6.38251190e-08 3.37377282e-04 2.74868853e-05
  4.73469446e-06 8.47777779e-06 9.18153736e-07 6.59830991e-07]]
Done!, time = 4.888392686843872s
