Begin!
Data shape = (250000, 5)
Begin sort function!
In centrality 0
In centrality 1
In centrality 2
In centrality 3
In centrality 4
In centrality 5
In centrality 6
end function sorter
Data shape = (250000, 5)
Begin sort function!
In centrality 0
In centrality 1
In centrality 2
In centrality 3
In centrality 4
In centrality 5
In centrality 6
end function sorter
Data shape = (250000, 5)
Begin sort function!
In centrality 0
In centrality 1
In centrality 2
In centrality 3
In centrality 4
In centrality 5
In centrality 6
end function sorter
Data shape = (250000, 5)
Begin sort function!
In centrality 0
In centrality 1
In centrality 2
In centrality 3
In centrality 4
In centrality 5
In centrality 6
end function sorter
Final results shape = (4, 7, 12)
mean value:
[[ 1.78898765e-02  9.91526694e-03  1.41708175e-02  6.22517096e-05
   6.66568494e-07 -2.95741720e-06  8.81848975e-01  2.65032741e-03
   2.51009085e-05 -2.85621680e-04  5.34211929e-05 -2.02859220e-05]
 [ 2.00527218e-02  1.05821865e-02  1.52404778e-02  3.48562208e-05
  -7.49007653e-07 -3.43508803e-06  8.72273368e-01  2.64292938e-03
   2.50800829e-05 -3.05544466e-04  5.78953898e-05 -2.19034276e-05]
 [ 2.12889589e-02  1.12198433e-02  1.61579690e-02  1.53936398e-05
   3.51503283e-07 -2.92898200e-06  8.66245414e-01  2.70278403e-03
   3.18652239e-05 -3.09291540e-04  6.19379196e-05 -2.32111388e-05]
 [ 2.23508315e-02  1.19370801e-02  1.70766559e-02  3.80873444e-06
  -1.65308259e-06 -2.62858310e-06  8.61952494e-01  2.71939248e-03
   3.45338578e-05 -3.00345419e-04  6.38785428e-05 -2.33029455e-05]
 [ 2.30373219e-02  1.25382050e-02  1.78157989e-02 -5.73348053e-06
  -1.28149375e-06 -2.20845660e-06  8.59107106e-01  2.76602436e-03
   3.54601146e-05 -2.94312114e-04  6.68258897e-05 -2.34823866e-05]
 [ 2.37483698e-02  1.32763419e-02  1.83720579e-02 -9.76099312e-06
  -2.45739294e-06 -2.23075479e-06  8.57318280e-01  2.81543442e-03
   3.73380266e-05 -2.93461960e-04  6.93823759e-05 -2.38714725e-05]
 [ 2.44010096e-02  1.38408841e-02  1.89535301e-02 -2.37910714e-05
  -9.98105449e-07 -1.73296419e-06  8.55821538e-01  2.86806309e-03
   4.01601527e-05 -2.79879408e-04  7.18585323e-05 -2.29566522e-05]]
std error:
[[1.76302504e-04 6.72104509e-05 1.37237826e-04 4.94948285e-06
  7.72997274e-07 2.97914557e-07 2.25883644e-04 1.29950362e-05
  1.67555518e-06 6.32958581e-06 8.69536726e-07 6.49838913e-07]
 [1.69741824e-04 1.07879346e-04 1.51906897e-04 2.24957775e-06
  1.21954689e-06 1.84381676e-07 2.73493527e-04 4.26730443e-05
  5.97828489e-06 6.20921431e-06 1.33655491e-06 5.05674663e-07]
 [1.12842242e-04 7.00750554e-05 1.31715385e-04 6.73085780e-06
  1.01713899e-06 1.72493755e-07 7.03177699e-04 3.01359127e-05
  1.36214175e-06 6.30197087e-06 1.19999965e-06 5.46265326e-07]
 [8.22011361e-05 7.75139660e-05 1.15391474e-04 2.45297599e-06
  1.86286726e-06 6.62658006e-08 2.40911478e-04 6.29583707e-06
  2.62899706e-06 2.60440952e-06 4.88257919e-07 2.37912550e-07]
 [1.35476249e-04 6.94671218e-05 9.13918440e-05 7.46863349e-06
  1.16268974e-06 2.76259268e-07 1.74363982e-04 7.91043255e-06
  3.01983425e-06 4.49434572e-06 4.30374593e-07 4.46120956e-07]
 [1.17074525e-04 5.54485658e-05 7.04827615e-05 4.73311856e-06
  1.47344006e-06 2.16172713e-07 2.82769410e-04 2.01312250e-05
  2.38242468e-06 1.83837900e-06 7.95838377e-07 6.72160029e-07]
 [9.02532232e-05 5.26783216e-05 1.35896614e-04 7.19505951e-06
  1.37500294e-06 3.50961169e-07 2.71205738e-04 1.37882714e-05
  1.44342187e-06 4.47043436e-06 6.43876937e-07 5.95650642e-07]]
Done!, time = 3.671922206878662s
