Begin!
Data shape = (250000, 5)
Begin sort function!
In centrality 0
In centrality 1
In centrality 2
In centrality 3
In centrality 4
In centrality 5
In centrality 6
end function sorter
Data shape = (250000, 5)
Begin sort function!
In centrality 0
In centrality 1
In centrality 2
In centrality 3
In centrality 4
In centrality 5
In centrality 6
end function sorter
Data shape = (250000, 5)
Begin sort function!
In centrality 0
In centrality 1
In centrality 2
In centrality 3
In centrality 4
In centrality 5
In centrality 6
end function sorter
Data shape = (250000, 5)
Begin sort function!
In centrality 0
In centrality 1
In centrality 2
In centrality 3
In centrality 4
In centrality 5
In centrality 6
end function sorter
Final results shape = (4, 7, 12)
mean value:
[[ 1.36266242e-02  9.69649095e-03  1.51142826e-02  1.34793195e-05
   4.92295806e-07 -5.78500466e-07  8.71387397e-01  2.38394504e-03
   2.29282127e-05 -1.21594726e-04  3.43741897e-05 -6.19068449e-06]
 [ 1.48185235e-02  1.04312446e-02  1.62067350e-02  4.29920092e-06
   1.09227590e-06 -4.97081347e-07  8.63541165e-01  2.38321678e-03
   2.84649454e-05 -1.24388614e-04  3.63113134e-05 -6.63567759e-06]
 [ 1.55469235e-02  1.10917832e-02  1.70164312e-02 -3.95615946e-06
   1.05485326e-06 -4.64033085e-07  8.59494156e-01  2.42301002e-03
   2.92480694e-05 -1.21745756e-04  3.86376601e-05 -6.54207296e-06]
 [ 1.63201393e-02  1.18916925e-02  1.78128057e-02 -6.28550738e-06
   1.60122750e-07 -4.41625741e-07  8.56332519e-01  2.45704813e-03
   2.96009380e-05 -1.24545796e-04  4.11627343e-05 -7.14435710e-06]
 [ 1.70083393e-02  1.26405258e-02  1.84660863e-02 -8.24854278e-06
  -4.28615595e-07 -4.07315731e-07  8.54306229e-01  2.48993096e-03
   3.12470044e-05 -1.17629641e-04  4.30973467e-05 -6.78132348e-06]
 [ 1.78467147e-02  1.34810844e-02  1.88707819e-02 -1.18248639e-05
  -9.74214734e-08 -3.02270739e-07  8.53067202e-01  2.52534685e-03
   3.31464341e-05 -1.17737141e-04  4.55714961e-05 -7.17892924e-06]
 [ 1.85466119e-02  1.42019516e-02  1.93048010e-02 -1.19455877e-05
  -3.37162281e-06 -3.26738999e-07  8.52549100e-01  2.57872637e-03
   3.39975992e-05 -1.10560077e-04  4.86793717e-05 -7.05446759e-06]]
std error:
[[1.13174538e-04 8.53119511e-05 8.79507281e-05 9.31178741e-07
  9.09355900e-07 4.83934840e-08 7.19712632e-04 2.69832801e-05
  2.24554591e-06 3.61641921e-06 6.63830909e-07 2.78424154e-07]
 [8.19069419e-05 1.01959924e-04 1.21320415e-04 5.31282350e-06
  2.81225544e-06 8.61674496e-08 4.29050223e-04 2.69995900e-05
  2.49231792e-06 6.81539619e-06 5.33702236e-07 5.84666554e-07]
 [3.73457895e-05 7.13610594e-05 1.10321135e-04 1.48127022e-06
  1.34259252e-06 7.92835682e-08 3.99232911e-04 1.95344219e-05
  2.19244761e-06 4.29595342e-06 7.33367299e-07 3.98237144e-07]
 [1.20404979e-04 4.47454408e-05 1.08147717e-04 2.81663594e-06
  7.00669713e-07 3.83995965e-08 1.57555749e-04 2.41623747e-05
  1.30886633e-06 2.34272210e-06 8.90817933e-07 1.94124680e-07]
 [8.91358438e-05 2.83485307e-05 1.02522347e-04 2.42808540e-06
  1.40296260e-06 1.36241337e-07 2.47243306e-04 1.10898015e-05
  1.58747528e-06 6.98803529e-06 3.51515313e-07 4.37142103e-07]
 [3.95348059e-05 8.61228668e-05 8.36552566e-05 1.68559611e-06
  3.70888476e-07 5.41653673e-08 4.18871556e-04 2.14415186e-05
  1.63743585e-06 4.35291761e-06 3.97445280e-07 3.01712867e-07]
 [9.37664390e-05 5.09398149e-05 1.37510111e-04 3.46607998e-06
  6.28362128e-07 9.68813946e-08 1.48912223e-04 1.60935837e-05
  1.12975603e-06 4.83630963e-06 4.84234180e-07 5.49498023e-07]]
Done!, time = 4.708853006362915s
