Begin!
Data shape = (250000, 5)
Begin sort function!
In centrality 0
In centrality 1
In centrality 2
In centrality 3
In centrality 4
In centrality 5
In centrality 6
end function sorter
Data shape = (250000, 5)
Begin sort function!
In centrality 0
In centrality 1
In centrality 2
In centrality 3
In centrality 4
In centrality 5
In centrality 6
end function sorter
Data shape = (250000, 5)
Begin sort function!
In centrality 0
In centrality 1
In centrality 2
In centrality 3
In centrality 4
In centrality 5
In centrality 6
end function sorter
Data shape = (250000, 5)
Begin sort function!
In centrality 0
In centrality 1
In centrality 2
In centrality 3
In centrality 4
In centrality 5
In centrality 6
end function sorter
Final results shape = (4, 7, 12)
mean value:
[[ 1.47811405e-02  9.96557465e-03  1.43396361e-02  2.39797338e-05
   1.07417576e-06 -9.27763927e-07  8.76216145e-01  2.52450328e-03
   3.02190825e-05 -1.53506357e-04  3.94405025e-05 -8.81607124e-06]
 [ 1.61720993e-02  1.06186071e-02  1.53142232e-02  6.41871909e-06
   1.18528851e-06 -8.81257941e-07  8.67243136e-01  2.52784553e-03
   3.26137069e-05 -1.54698577e-04  4.22287531e-05 -9.04062159e-06]
 [ 1.69094222e-02  1.11630596e-02  1.59932153e-02  5.90815826e-06
  -9.22857447e-07 -9.04311294e-07  8.62597249e-01  2.56428408e-03
   3.32004987e-05 -1.56785047e-04  4.47942403e-05 -9.46822375e-06]
 [ 1.77355575e-02  1.17962174e-02  1.67656106e-02 -4.25407730e-06
   4.32670723e-07 -6.87409967e-07  8.58552850e-01  2.60223777e-03
   3.60134034e-05 -1.55535493e-04  4.73005713e-05 -9.51673154e-06]
 [ 1.82205396e-02  1.24529835e-02  1.74459459e-02 -3.49427069e-06
  -4.10135939e-07 -7.10904637e-07  8.56205453e-01  2.64915951e-03
   3.85215785e-05 -1.51310994e-04  4.91954027e-05 -9.72646376e-06]
 [ 1.90190805e-02  1.29831180e-02  1.79651287e-02 -1.30619351e-05
  -6.99230136e-07 -5.39650897e-07  8.54306313e-01  2.69738685e-03
   3.94684598e-05 -1.50382097e-04  5.22441039e-05 -9.94397955e-06]
 [ 1.96744268e-02  1.36541156e-02  1.83692738e-02 -1.32254697e-05
  -9.53098182e-07 -4.36312789e-07  8.53575040e-01  2.76701998e-03
   4.06414123e-05 -1.42059311e-04  5.52237139e-05 -9.63868255e-06]]
std error:
[[8.86346418e-05 7.96893997e-05 1.09131996e-04 3.50234512e-06
  7.26778571e-07 1.06819059e-07 4.70350806e-04 2.43708502e-05
  1.97539871e-06 6.80509579e-06 4.53876797e-07 5.39628830e-07]
 [1.88210568e-04 3.37402564e-05 9.08407350e-05 2.43544459e-06
  7.71036072e-07 6.44249416e-08 5.60981457e-04 1.61566991e-05
  1.04824683e-06 5.83341017e-06 3.05784059e-07 3.72054876e-07]
 [5.69268306e-05 9.21488328e-05 1.24642004e-04 1.63110446e-06
  9.72694969e-07 1.70554630e-07 1.15206852e-04 8.48743816e-06
  2.85837455e-06 3.70379190e-06 2.70308121e-07 2.55705111e-07]
 [8.12640666e-05 1.03043201e-04 1.29487489e-04 2.50956615e-06
  7.82808680e-07 9.98267615e-08 3.35856963e-04 8.77459898e-06
  1.22554696e-06 5.87155677e-06 3.35829215e-07 3.67491257e-07]
 [1.22622850e-04 3.07862906e-05 1.22291384e-04 2.67437645e-06
  1.19564996e-06 1.21966946e-07 3.58208910e-04 1.92443678e-05
  1.39270598e-06 3.23930620e-06 6.41922808e-07 3.22622804e-07]
 [8.98453582e-05 3.06926939e-05 1.11194146e-04 4.47808617e-06
  2.67481248e-06 3.32178225e-07 2.37353193e-04 1.85740855e-05
  4.19485584e-06 6.48045311e-06 8.33716615e-07 7.27989938e-07]
 [4.62207225e-05 4.80996133e-05 3.20466585e-05 4.53105394e-06
  3.09301456e-06 2.33510090e-07 3.45863137e-04 1.56512325e-05
  2.53322571e-06 7.50586514e-06 2.64966919e-07 6.29111237e-07]]
Done!, time = 4.109980344772339s
