Begin!
Data shape = (250000, 5)
Begin sort function!
In centrality 0
In centrality 1
In centrality 2
In centrality 3
In centrality 4
In centrality 5
In centrality 6
end function sorter
Data shape = (250000, 5)
Begin sort function!
In centrality 0
In centrality 1
In centrality 2
In centrality 3
In centrality 4
In centrality 5
In centrality 6
end function sorter
Data shape = (250000, 5)
Begin sort function!
In centrality 0
In centrality 1
In centrality 2
In centrality 3
In centrality 4
In centrality 5
In centrality 6
end function sorter
Data shape = (250000, 5)
Begin sort function!
In centrality 0
In centrality 1
In centrality 2
In centrality 3
In centrality 4
In centrality 5
In centrality 6
end function sorter
Final results shape = (4, 7, 12)
mean value:
[[ 1.59529931e-02  1.08878989e-02  1.59990475e-02  2.47280503e-05
  -1.42815320e-06 -1.20089853e-06  7.77197160e-01  1.58177815e-03
   1.08814334e-05 -1.48962062e-04  2.71741248e-05 -8.87131457e-06]
 [ 1.72574852e-02  1.13481552e-02  1.69399030e-02  7.33849576e-06
  -1.21929220e-06 -1.10481408e-06  7.70166438e-01  1.58796044e-03
   1.13795044e-05 -1.55004160e-04  2.90163868e-05 -9.47822704e-06]
 [ 1.81844595e-02  1.18665883e-02  1.76306929e-02  2.66449209e-06
  -1.52629664e-06 -1.15220538e-06  7.65300815e-01  1.59060807e-03
   1.18581165e-05 -1.60959942e-04  3.04514660e-05 -1.03121305e-05]
 [ 1.90423984e-02  1.24572345e-02  1.83460033e-02 -1.08862442e-05
  -4.59331355e-07 -7.55587425e-07  7.61026123e-01  1.60165456e-03
   1.11885037e-05 -1.60240969e-04  3.16221584e-05 -1.04958796e-05]
 [ 1.98168221e-02  1.28961640e-02  1.89194047e-02 -9.88261683e-06
  -1.22598585e-06 -7.50398970e-07  7.58679736e-01  1.64778007e-03
   1.39604598e-05 -1.64539065e-04  3.38368380e-05 -1.13053387e-05]
 [ 2.03777277e-02  1.33604630e-02  1.94149582e-02 -1.77674907e-05
  -4.54001363e-06 -4.48744295e-07  7.56674012e-01  1.65212327e-03
   1.47384378e-05 -1.62604839e-04  3.43326492e-05 -1.13102802e-05]
 [ 2.09314936e-02  1.39851797e-02  2.00300123e-02 -1.83820077e-05
  -3.90270371e-06 -5.14909575e-07  7.54491538e-01  1.67493437e-03
   1.43640718e-05 -1.58933185e-04  3.58527626e-05 -1.14998075e-05]]
std error:
[[1.35882814e-04 8.65141087e-05 1.68197896e-04 4.65505459e-06
  1.39587220e-06 2.06200524e-07 2.92186683e-04 1.42952671e-05
  5.04789314e-07 7.24849315e-06 5.35458008e-07 5.65386173e-07]
 [7.56101241e-05 8.85859551e-05 9.65489544e-05 4.47610555e-06
  1.25868726e-06 8.81025576e-08 1.91418920e-04 1.81001779e-05
  5.39855029e-07 5.01037922e-06 3.76503748e-07 4.43409751e-07]
 [3.64226922e-05 3.68401901e-05 1.01851730e-04 7.31644903e-06
  1.26158220e-06 2.34657606e-07 2.26786941e-04 4.83461132e-06
  1.51568749e-06 4.27650183e-06 3.45088982e-07 3.90971169e-07]
 [1.07950900e-04 6.73974266e-05 4.72391408e-05 1.20507466e-06
  1.04377649e-06 1.04260291e-07 3.99887268e-04 9.10080117e-06
  7.22559476e-07 4.11395546e-06 2.80207781e-07 2.60853888e-07]
 [1.23451433e-04 6.48738232e-05 8.95284313e-05 4.91598242e-06
  1.86072514e-06 4.84594444e-08 1.29523252e-04 1.26819523e-05
  7.39383366e-07 4.61351235e-06 3.05192745e-07 3.65659542e-07]
 [1.08275145e-04 8.17413050e-05 1.16019254e-04 3.21312213e-06
  2.29039811e-06 1.83939327e-07 1.27543874e-04 2.44743014e-05
  2.00531270e-06 3.34316207e-06 4.93231504e-07 2.60138014e-07]
 [1.52722607e-04 7.99617722e-05 7.32313747e-05 5.97810254e-06
  2.48651402e-06 1.60932148e-07 1.34735700e-04 1.15187380e-05
  4.14423521e-07 2.72705805e-06 3.52216142e-07 3.53515292e-07]]
Done!, time = 4.4330432415008545s
