Begin!
Data shape = (250000, 5)
Begin sort function!
In centrality 0
In centrality 1
In centrality 2
In centrality 3
In centrality 4
In centrality 5
In centrality 6
end function sorter
Data shape = (250000, 5)
Begin sort function!
In centrality 0
In centrality 1
In centrality 2
In centrality 3
In centrality 4
In centrality 5
In centrality 6
end function sorter
Data shape = (250000, 5)
Begin sort function!
In centrality 0
In centrality 1
In centrality 2
In centrality 3
In centrality 4
In centrality 5
In centrality 6
end function sorter
Data shape = (250000, 5)
Begin sort function!
In centrality 0
In centrality 1
In centrality 2
In centrality 3
In centrality 4
In centrality 5
In centrality 6
end function sorter
Final results shape = (4, 7, 12)
mean value:
[[ 1.29876187e-02  9.90831654e-03  1.51533362e-02  2.48349764e-05
   8.96920587e-07 -5.08210699e-07  8.04479862e-01  6.41351293e-04
  -2.16314422e-06 -1.16054184e-04  1.05368372e-05 -5.97707728e-06]
 [ 1.44115180e-02  1.06032077e-02  1.64915285e-02  1.60065543e-05
   3.17486931e-07 -6.19805428e-07  8.01517173e-01  6.68201402e-04
  -1.51172088e-06 -1.24556175e-04  1.15479750e-05 -6.68457554e-06]
 [ 1.52860031e-02  1.13550521e-02  1.72674163e-02  8.40141449e-06
   1.64740598e-06 -6.20388298e-07  7.99712827e-01  6.88465487e-04
  -5.56355293e-07 -1.20642569e-04  1.20428872e-05 -6.64236497e-06]
 [ 1.60943858e-02  1.20467450e-02  1.81466708e-02  1.61315328e-06
   1.41827348e-07 -5.31589065e-07  7.98268524e-01  6.98647069e-04
   3.85504842e-07 -1.16156741e-04  1.24988943e-05 -6.63947418e-06]
 [ 1.67722920e-02  1.28459506e-02  1.87568694e-02 -7.71570777e-07
  -9.98395900e-07 -3.90443594e-07  7.97409434e-01  7.15625057e-04
   1.10198737e-06 -1.14232537e-04  1.32421725e-05 -6.86859094e-06]
 [ 1.76216802e-02  1.36001403e-02  1.91895994e-02 -7.10212090e-06
  -1.36413774e-06 -3.97544122e-07  7.96996059e-01  7.25904092e-04
   9.39804321e-07 -1.14720857e-04  1.39562495e-05 -7.21156783e-06]
 [ 1.82906349e-02  1.43504610e-02  1.99436247e-02 -1.01293054e-05
  -1.32560362e-06 -3.26484094e-07  7.96293786e-01  7.39064153e-04
   9.84629570e-07 -1.08439368e-04  1.45557359e-05 -7.05778233e-06]]
std error:
[[8.43997801e-05 5.10973679e-05 2.03128152e-04 2.85571951e-06
  2.76318445e-06 7.72307691e-08 3.07675679e-04 6.62603393e-06
  4.06663861e-07 2.82233140e-06 2.86331547e-07 2.64367832e-07]
 [6.84214758e-05 8.95366399e-05 1.39153344e-04 3.82310605e-06
  2.04414387e-06 1.17557216e-07 3.20077249e-04 1.02837596e-05
  4.23892229e-07 5.75947262e-06 1.71593930e-07 4.52204843e-07]
 [1.27786337e-04 1.01261702e-04 1.13579171e-04 2.36192871e-06
  1.58321833e-06 1.59720289e-07 1.21495261e-04 2.95752060e-06
  1.01734669e-07 2.27503769e-06 2.26810474e-07 2.16105713e-07]
 [3.89745419e-05 4.66747296e-05 5.61108912e-05 2.35816823e-06
  1.26016413e-06 8.58823880e-08 1.45998198e-04 4.86966459e-06
  1.46631195e-07 3.95266594e-06 1.08402089e-07 2.40338713e-07]
 [8.87173601e-05 7.48768407e-05 1.70821786e-04 1.75849227e-06
  2.25729737e-06 1.20016261e-07 2.19977102e-04 9.95930747e-07
  2.18607426e-07 2.74933300e-06 1.18853905e-07 1.85033531e-07]
 [5.88856779e-05 7.32718269e-05 9.99690155e-05 2.39151041e-06
  1.67561262e-06 1.06081603e-07 3.90267140e-05 3.78127646e-06
  9.47609520e-08 1.48377295e-06 7.82900471e-08 7.58399494e-08]
 [4.02337805e-05 6.52790617e-05 7.59561302e-05 2.79135751e-06
  2.90952175e-06 1.00290538e-07 1.90195945e-04 1.02823073e-05
  2.79380419e-07 2.16347246e-06 3.36941036e-07 1.69598871e-07]]
Done!, time = 4.298060655593872s
