Begin!
Data shape = (250000, 5)
Begin sort function!
In centrality 0
In centrality 1
In centrality 2
In centrality 3
In centrality 4
In centrality 5
In centrality 6
end function sorter
Data shape = (250000, 5)
Begin sort function!
In centrality 0
In centrality 1
In centrality 2
In centrality 3
In centrality 4
In centrality 5
In centrality 6
end function sorter
Data shape = (250000, 5)
Begin sort function!
In centrality 0
In centrality 1
In centrality 2
In centrality 3
In centrality 4
In centrality 5
In centrality 6
end function sorter
Data shape = (250000, 5)
Begin sort function!
In centrality 0
In centrality 1
In centrality 2
In centrality 3
In centrality 4
In centrality 5
In centrality 6
end function sorter
Final results shape = (4, 7, 12)
mean value:
[[ 1.32951874e-02  9.25517734e-03  1.44090488e-02  1.65439395e-05
   6.73303525e-07 -6.70170266e-07  9.18703996e-01  9.97499977e-04
  -2.25011395e-06 -1.41432291e-04  1.55526774e-05 -6.97574014e-06]
 [ 1.43231646e-02  9.97937814e-03  1.56357683e-02  7.18988327e-06
   6.21110773e-08 -6.15032985e-07  9.15191568e-01  1.02217058e-03
  -3.41429133e-07 -1.40217641e-04  1.62973201e-05 -7.12930606e-06]
 [ 1.51717540e-02  1.07340507e-02  1.63531170e-02  1.47480948e-06
   1.12852085e-06 -5.10507147e-07  9.13379009e-01  1.04030477e-03
   9.63735583e-07 -1.30136927e-04  1.70044768e-05 -6.86344384e-06]
 [ 1.59782948e-02  1.15919376e-02  1.70968556e-02 -4.49048713e-06
   6.43022241e-07 -4.05553230e-07  9.12239633e-01  1.06862905e-03
   1.70885548e-06 -1.26601879e-04  1.81784633e-05 -6.94939370e-06]
 [ 1.66374972e-02  1.25179725e-02  1.77569408e-02 -5.42029141e-06
   8.23491541e-07 -3.44689679e-07  9.11643054e-01  1.10667153e-03
   2.37661799e-06 -1.18436774e-04  1.94811139e-05 -6.86132011e-06]
 [ 1.74727657e-02  1.34368109e-02  1.83158248e-02 -5.92838994e-06
   6.32627756e-07 -1.87232308e-07  9.11640502e-01  1.12248179e-03
   2.80711623e-06 -1.16173779e-04  2.08266920e-05 -7.35225067e-06]
 [ 1.84111655e-02  1.42584518e-02  1.87645822e-02 -7.69020570e-06
  -3.74487934e-06 -3.55366923e-07  9.11472486e-01  1.17030231e-03
   3.30998866e-06 -1.09414223e-04  2.25751639e-05 -7.30059364e-06]]
std error:
[[6.94999156e-05 1.02373373e-04 1.89697720e-04 4.30276858e-06
  1.51246761e-06 1.07161503e-07 2.29225526e-04 1.56343267e-05
  5.36567005e-07 7.65227496e-06 3.28355775e-07 4.50099709e-07]
 [1.03010533e-04 8.62809123e-05 1.43190298e-04 2.21772772e-06
  6.10605144e-07 1.25530073e-07 2.13848844e-04 7.33708748e-06
  7.43296817e-07 2.78108454e-06 1.75949911e-07 1.40119243e-07]
 [6.10024202e-05 5.48963097e-05 8.56177058e-05 3.12054733e-06
  8.65720610e-07 3.14425858e-08 3.30168935e-04 7.46207706e-06
  6.56682624e-07 2.78870841e-06 1.77648271e-07 2.05657031e-07]
 [5.56355970e-05 6.88685861e-05 6.12588651e-05 2.51901533e-06
  8.42791936e-07 1.08143092e-07 1.69297891e-04 7.62845215e-06
  6.55542724e-07 7.94931813e-07 1.43069245e-07 1.27710727e-07]
 [4.42068176e-05 6.88145393e-05 1.21602279e-04 5.82912291e-07
  2.52723948e-06 1.66145384e-07 1.62044069e-04 1.11809123e-05
  3.59625853e-07 2.67399640e-06 3.48911183e-07 2.68841081e-07]
 [6.63392014e-05 1.33962610e-04 1.06768474e-04 2.53834763e-06
  2.18186938e-06 1.29683102e-07 2.63826672e-04 1.50998595e-05
  4.90957960e-07 2.64336800e-06 3.44804326e-07 1.96552199e-07]
 [6.11502866e-05 4.43292712e-05 8.48400116e-05 5.05575983e-06
  1.70033517e-06 4.62603876e-08 1.36894982e-04 8.38366369e-06
  5.41827464e-07 4.12451898e-06 2.72177730e-07 2.36202228e-07]]
Done!, time = 3.9738967418670654s
