Begin!
Data shape = (250000, 5)
Begin sort function!
In centrality 0
In centrality 1
In centrality 2
In centrality 3
In centrality 4
In centrality 5
In centrality 6
end function sorter
Data shape = (250000, 5)
Begin sort function!
In centrality 0
In centrality 1
In centrality 2
In centrality 3
In centrality 4
In centrality 5
In centrality 6
end function sorter
Data shape = (250000, 5)
Begin sort function!
In centrality 0
In centrality 1
In centrality 2
In centrality 3
In centrality 4
In centrality 5
In centrality 6
end function sorter
Data shape = (250000, 5)
Begin sort function!
In centrality 0
In centrality 1
In centrality 2
In centrality 3
In centrality 4
In centrality 5
In centrality 6
end function sorter
Final results shape = (4, 7, 12)
mean value:
[[ 1.12222728e-02  1.05764871e-02  1.59075583e-02 -2.96349026e-06
  -1.00468653e-06 -5.25243569e-08  8.93278019e-01  6.40899032e-03
   2.44101707e-04 -5.66171606e-05  7.17906611e-05 -2.53703295e-06]
 [ 1.17991370e-02  1.11652771e-02  1.65986558e-02 -2.67141073e-06
  -4.86818304e-07 -4.83990576e-08  8.74698907e-01  6.09558468e-03
   2.26135492e-04 -4.69486390e-05  7.05175038e-05 -2.06716484e-06]
 [ 1.22883656e-02  1.17014923e-02  1.73246314e-02 -5.81559937e-06
  -2.85092615e-06 -6.53686606e-08  8.64224174e-01  6.02498124e-03
   2.26912800e-04 -4.46747822e-05  7.31516110e-05 -1.90587363e-06]
 [ 1.27700736e-02  1.22674430e-02  1.79450859e-02 -5.82477821e-06
  -1.05117967e-06 -6.85025455e-08  8.56958922e-01  6.17562426e-03
   2.43383808e-04 -4.32550277e-05  7.79024022e-05 -1.87419306e-06]
 [ 1.32123085e-02  1.28425957e-02  1.84357001e-02 -6.75578459e-06
  -1.60644448e-06 -2.03725189e-08  8.52671806e-01  6.29443909e-03
   2.52757189e-04 -3.95678416e-05  8.28528810e-05 -1.84607167e-06]
 [ 1.37146590e-02  1.33150876e-02  1.89675352e-02 -6.76190768e-06
  -2.43796342e-06 -3.09923941e-08  8.49855431e-01  6.38562681e-03
   2.57240938e-04 -4.51781431e-05  8.71110257e-05 -2.17363767e-06]
 [ 1.42011043e-02  1.38299185e-02  1.95763710e-02 -7.05148955e-06
  -3.00498421e-06 -2.89321390e-08  8.47859072e-01  6.51880565e-03
   2.67790654e-04 -4.05212968e-05  9.14917559e-05 -2.01256468e-06]]
std error:
[[8.51026051e-05 7.69231636e-05 6.93790879e-05 2.23142962e-06
  1.23560310e-06 3.11792321e-08 6.95362830e-04 1.06276280e-04
  2.02562646e-05 7.83456875e-06 1.49609760e-06 3.98922848e-07]
 [4.54965099e-05 7.48071464e-05 1.27505069e-04 3.14175312e-06
  1.57821932e-06 3.17554356e-08 9.22287760e-04 7.11187132e-05
  2.38494706e-05 4.97652790e-06 1.53878716e-06 1.41997349e-07]
 [7.14998429e-05 1.86114103e-05 7.56105457e-05 6.51371004e-07
  1.38662606e-06 4.14968260e-08 3.69479934e-04 5.60736686e-05
  1.25930187e-05 3.77622593e-06 8.38356079e-07 2.19180664e-07]
 [1.08441762e-04 6.45162620e-05 4.09096607e-05 2.04538397e-06
  1.42467690e-06 5.51200090e-08 2.24771175e-04 4.68311086e-05
  5.90074932e-06 1.85258091e-06 1.50220809e-06 9.90546446e-08]
 [5.34387429e-05 3.30721036e-05 1.10407827e-04 4.34742433e-07
  7.85912799e-07 3.20284693e-08 3.91521598e-04 3.89600284e-05
  3.33222769e-06 8.21936170e-06 7.23108054e-07 4.81735429e-07]
 [6.87252267e-05 1.07846604e-04 1.08655724e-04 2.25235603e-06
  2.31397365e-06 3.67123648e-08 7.13737539e-04 7.10738543e-05
  1.20513925e-05 5.24206411e-06 1.30551350e-06 4.42849424e-07]
 [4.14651333e-05 3.63523355e-05 1.27017733e-04 1.70653094e-06
  3.01677054e-06 3.81823782e-08 6.46451875e-04 9.04118085e-05
  8.58432329e-06 6.33014406e-06 1.62342384e-06 3.15768788e-07]]
Done!, time = 3.8567638397216797s
