Begin!
Data shape = (250000, 5)
Begin sort function!
In centrality 0
In centrality 1
In centrality 2
In centrality 3
In centrality 4
In centrality 5
In centrality 6
end function sorter
Data shape = (250000, 5)
Begin sort function!
In centrality 0
In centrality 1
In centrality 2
In centrality 3
In centrality 4
In centrality 5
In centrality 6
end function sorter
Data shape = (250000, 5)
Begin sort function!
In centrality 0
In centrality 1
In centrality 2
In centrality 3
In centrality 4
In centrality 5
In centrality 6
end function sorter
Data shape = (250000, 5)
Begin sort function!
In centrality 0
In centrality 1
In centrality 2
In centrality 3
In centrality 4
In centrality 5
In centrality 6
end function sorter
Final results shape = (4, 7, 12)
mean value:
[[ 1.17925378e-02  1.08926921e-02  1.53437845e-02 -9.23060749e-07
  -1.75223832e-06 -6.50384681e-08  8.97160579e-01  6.03531756e-03
   2.04580521e-04 -5.84585241e-05  7.06043975e-05 -2.64580558e-06]
 [ 1.23988990e-02  1.14569047e-02  1.61828765e-02 -1.43404624e-06
  -3.55175644e-06 -9.10401153e-08  8.79318879e-01  5.85712897e-03
   1.90400503e-04 -6.78326648e-05  7.17144301e-05 -3.27280846e-06]
 [ 1.28541463e-02  1.19580656e-02  1.67846813e-02 -3.72165077e-06
  -2.23656690e-06 -3.22705649e-08  8.68915363e-01  5.74332496e-03
   1.95592837e-04 -6.13179878e-05  7.31526892e-05 -2.89517472e-06]
 [ 1.34768793e-02  1.24138807e-02  1.74642232e-02 -5.55731324e-06
  -2.78579990e-06 -7.71630628e-08  8.61166774e-01  5.83335679e-03
   1.95743659e-04 -6.35756728e-05  7.79095120e-05 -3.15335918e-06]
 [ 1.38995339e-02  1.29146251e-02  1.80649551e-02 -6.65948549e-06
  -4.33168558e-06 -3.11341049e-08  8.56638164e-01  5.92317409e-03
   2.00688687e-04 -6.19151607e-05  8.18991344e-05 -3.14057945e-06]
 [ 1.43206462e-02  1.33244518e-02  1.85143068e-02 -6.00541422e-06
  -3.29743430e-06 -3.12944463e-08  8.53276068e-01  6.02288767e-03
   2.00811784e-04 -6.18411718e-05  8.58327115e-05 -3.19479779e-06]
 [ 1.48388739e-02  1.38340426e-02  1.91481229e-02 -9.24358834e-06
  -4.52063559e-06  3.68774203e-08  8.51253495e-01  6.15704578e-03
   2.09312231e-04 -5.49558230e-05  9.06948815e-05 -2.98829922e-06]]
std error:
[[9.35732542e-05 3.34546200e-05 1.14301063e-04 8.33300620e-07
  8.11850866e-07 4.41543204e-08 1.12497361e-03 1.25921546e-04
  1.54952412e-05 4.03019553e-06 1.40727568e-06 1.85057667e-07]
 [5.18370964e-05 6.60600077e-05 8.73507044e-05 2.28541280e-06
  1.91480374e-06 8.70984922e-08 4.32077875e-04 4.59503732e-05
  7.49784014e-06 7.32891968e-06 3.53464952e-07 3.68329003e-07]
 [8.36534096e-05 5.21000416e-05 8.82478568e-05 5.88942792e-07
  1.24232726e-06 2.13800612e-08 2.35807582e-04 7.56677149e-05
  9.41765976e-06 5.32125901e-06 1.16651958e-06 2.97002625e-07]
 [1.09141274e-04 1.20906512e-04 5.02610092e-05 1.14587011e-06
  1.43254036e-06 5.49063107e-08 2.73742807e-04 5.35044842e-05
  7.37137559e-06 8.53253362e-06 1.24581536e-06 3.55153558e-07]
 [6.32454952e-05 7.53835511e-05 6.91762820e-05 1.45623399e-06
  1.51586493e-06 6.68453455e-08 4.91048854e-04 4.20917018e-05
  4.41321049e-06 6.15848747e-06 1.36472057e-06 3.38280606e-07]
 [8.00014960e-05 4.96417340e-05 9.59950329e-05 2.04966980e-06
  1.23119600e-06 7.38212615e-08 3.60394091e-04 5.49982826e-05
  9.22661872e-06 6.51323159e-06 1.44454994e-06 4.07898916e-07]
 [1.53863981e-05 2.10052863e-05 8.09501314e-05 2.06935383e-06
  1.72871103e-06 8.08371265e-08 1.73590167e-04 2.02385657e-05
  4.04703293e-06 9.83474611e-06 5.55795061e-07 6.40344732e-07]]
Done!, time = 4.359189510345459s
