Begin!
Data shape = (250000, 5)
Begin sort function!
In centrality 0
In centrality 1
In centrality 2
In centrality 3
In centrality 4
In centrality 5
In centrality 6
end function sorter
Data shape = (250000, 5)
Begin sort function!
In centrality 0
In centrality 1
In centrality 2
In centrality 3
In centrality 4
In centrality 5
In centrality 6
end function sorter
Data shape = (250000, 5)
Begin sort function!
In centrality 0
In centrality 1
In centrality 2
In centrality 3
In centrality 4
In centrality 5
In centrality 6
end function sorter
Data shape = (250000, 5)
Begin sort function!
In centrality 0
In centrality 1
In centrality 2
In centrality 3
In centrality 4
In centrality 5
In centrality 6
end function sorter
Final results shape = (4, 7, 12)
mean value:
[[ 1.07895506e-02  9.43006219e-03  1.50045460e-02  5.33488959e-06
   2.14350912e-06 -1.14679256e-07  9.14155479e-01  8.19663106e-04
  -3.91032724e-07 -6.36693798e-05  9.59941624e-06 -2.55339856e-06]
 [ 1.14905438e-02  9.93355436e-03  1.57849944e-02  1.31215328e-06
   2.15666700e-06 -1.28304702e-07  9.11956010e-01  8.47096448e-04
   3.70987882e-07 -6.35709575e-05  1.03502758e-05 -2.60138667e-06]
 [ 1.20696907e-02  1.06504985e-02  1.64347374e-02  5.52738863e-07
   8.37301531e-07 -1.30987210e-07  9.10912044e-01  8.66687047e-04
   7.16994149e-07 -5.65139347e-05  1.09647348e-05 -2.39375942e-06]
 [ 1.28345054e-02  1.15270597e-02  1.71097615e-02 -2.19646035e-06
  -1.10314236e-06 -1.08226200e-07  9.10365522e-01  8.95404640e-04
   1.06691532e-06 -5.64898967e-05  1.20266099e-05 -2.58286802e-06]
 [ 1.35146515e-02  1.24000542e-02  1.76586667e-02 -3.88585205e-06
   9.71658835e-07 -4.74061883e-08  9.10161717e-01  9.23261023e-04
   1.39550926e-06 -5.01694468e-05  1.30580316e-05 -2.43059715e-06]
 [ 1.42876927e-02  1.32471657e-02  1.81506562e-02 -5.24184336e-06
  -2.05104043e-06 -3.65816380e-08  9.10157439e-01  9.56969975e-04
   1.95587442e-06 -4.55736825e-05  1.41606199e-05 -2.39647052e-06]
 [ 1.51018527e-02  1.41006120e-02  1.85607943e-02 -5.30525172e-06
  -2.25723453e-06  1.21634636e-08  9.10676004e-01  9.74605094e-04
   1.97509272e-06 -4.08907208e-05  1.52609491e-05 -2.22810856e-06]]
std error:
[[7.94178961e-05 6.79183267e-05 5.67495579e-05 3.12370611e-06
  9.17507233e-07 1.82420092e-08 1.77704817e-04 8.25256721e-06
  1.20966967e-07 2.15252710e-06 2.27909670e-07 1.22491930e-07]
 [4.76102144e-05 6.05579017e-05 2.28171957e-05 2.04139490e-06
  1.26073673e-06 3.18498710e-08 1.44295511e-04 6.23115791e-06
  1.94434187e-07 2.94677385e-06 4.92728864e-08 1.65899196e-07]
 [3.13661765e-05 6.72647109e-05 8.12704539e-05 3.07627595e-07
  6.12737578e-07 5.10827730e-08 8.23982783e-05 5.31407695e-06
  2.88295113e-07 1.25647796e-06 1.42033190e-07 7.03551973e-08]
 [7.06516964e-05 5.42380505e-05 6.99982973e-05 1.76409429e-06
  1.27523548e-06 5.78374255e-08 2.14915178e-04 3.98139241e-06
  1.07402769e-07 2.96714127e-06 1.72804596e-07 1.72466870e-07]
 [7.75744245e-05 9.34176658e-05 9.57854763e-06 8.41163596e-07
  1.49592248e-06 1.38375077e-08 1.62049356e-04 9.79270397e-06
  4.29993502e-07 2.17914521e-06 8.96145620e-08 1.15979928e-07]
 [9.16362800e-05 4.16363232e-05 1.79476796e-04 1.37206324e-06
  2.63242753e-06 3.69261320e-08 1.58828415e-04 5.66509628e-06
  1.93092518e-07 2.58298170e-06 1.70286886e-07 2.05885508e-07]
 [1.21759276e-04 5.87526164e-05 1.04885867e-04 2.05228046e-06
  2.26288127e-06 2.98641013e-08 2.28041973e-04 8.31181732e-06
  4.58369755e-07 1.13896006e-06 7.30052410e-08 7.95369774e-08]]
Done!, time = 4.528146743774414s
