Begin!
Data shape = (250000, 5)
Begin sort function!
In centrality 0
In centrality 1
In centrality 2
In centrality 3
In centrality 4
In centrality 5
In centrality 6
end function sorter
Data shape = (250000, 5)
Begin sort function!
In centrality 0
In centrality 1
In centrality 2
In centrality 3
In centrality 4
In centrality 5
In centrality 6
end function sorter
Data shape = (250000, 5)
Begin sort function!
In centrality 0
In centrality 1
In centrality 2
In centrality 3
In centrality 4
In centrality 5
In centrality 6
end function sorter
Data shape = (250000, 5)
Begin sort function!
In centrality 0
In centrality 1
In centrality 2
In centrality 3
In centrality 4
In centrality 5
In centrality 6
end function sorter
Final results shape = (4, 7, 12)
mean value:
[[ 1.54264237e-02  1.05644626e-02  1.56097305e-02  2.95077916e-05
  -1.34389466e-06 -1.07209792e-06  8.10679185e-01  8.23665319e-04
  -2.26761392e-06 -1.75233749e-04  1.57642215e-05 -1.02459634e-05]
 [ 1.70111168e-02  1.11595482e-02  1.64805425e-02  1.12119419e-05
  -3.45868624e-06 -1.22296866e-06  8.06599344e-01  8.34812952e-04
  -1.10336967e-06 -1.79853719e-04  1.66551741e-05 -1.09771308e-05]
 [ 1.79449964e-02  1.16339973e-02  1.72599695e-02  4.37308352e-06
  -1.16225792e-06 -9.93269688e-07  8.04091937e-01  8.50932910e-04
   3.09361515e-07 -1.78363286e-04  1.72587306e-05 -1.12364029e-05]
 [ 1.87710733e-02  1.21535520e-02  1.78617544e-02 -5.99411294e-06
  -2.05022417e-06 -8.87666504e-07  8.02149476e-01  8.59937602e-04
   1.12609755e-06 -1.73645127e-04  1.77358566e-05 -1.12567616e-05]
 [ 1.93798853e-02  1.27312854e-02  1.84689506e-02 -1.19569927e-05
  -5.54182184e-07 -7.81219886e-07  8.00599752e-01  8.64635998e-04
   1.36862237e-06 -1.67086175e-04  1.79511319e-05 -1.10404704e-05]
 [ 1.98565568e-02  1.32165092e-02  1.91351798e-02 -1.98519752e-05
  -2.03497011e-06 -5.02574502e-07  7.99674805e-01  8.80404656e-04
   1.91749770e-06 -1.58714784e-04  1.85523375e-05 -1.07208113e-05]
 [ 2.04947599e-02  1.37997529e-02  1.97271797e-02 -1.77925284e-05
  -3.57622125e-06 -5.72595663e-07  7.98601450e-01  8.99861038e-04
   2.53968675e-06 -1.60637553e-04  1.92978666e-05 -1.12776769e-05]]
std error:
[[9.07741332e-05 1.12149520e-04 1.70511175e-04 6.79754887e-06
  1.51112606e-06 1.05906935e-07 2.39920526e-04 7.45954092e-06
  2.62515516e-07 5.15023829e-06 3.11743805e-07 4.57513303e-07]
 [5.29126477e-05 2.52613522e-05 1.34775131e-04 4.20154680e-06
  2.07275451e-06 3.34499511e-07 1.72047462e-04 1.08175034e-05
  2.21622914e-07 4.91674995e-06 2.76175821e-07 3.82256994e-07]
 [7.26641813e-05 1.09605780e-04 5.49835888e-05 1.76746467e-06
  1.84139319e-06 1.55268534e-07 1.46167613e-04 7.86419201e-06
  2.13919890e-07 2.57270541e-06 1.94138079e-07 2.15807482e-07]
 [1.30348220e-04 6.66068083e-05 1.55472766e-04 3.94255689e-06
  1.72287073e-06 2.15630320e-07 2.11401837e-04 6.69895934e-06
  4.03576001e-07 4.29202550e-06 2.05955310e-07 3.82620143e-07]
 [2.57792485e-05 4.93330224e-05 3.13892217e-05 2.61973213e-06
  9.82272875e-07 3.89422055e-07 3.78900428e-05 2.66567686e-06
  1.67940507e-07 2.17291473e-06 9.30642977e-08 1.24564561e-07]
 [9.03037339e-05 5.33037258e-05 9.54975360e-05 2.74900040e-06
  9.94934265e-07 1.44924768e-07 1.74725342e-04 8.23595429e-06
  3.19897400e-07 5.32559777e-06 2.53313554e-07 3.96241271e-07]
 [9.31829631e-05 6.43424548e-05 8.82177750e-05 2.43508424e-06
  6.06888752e-07 2.47187809e-07 1.20827617e-04 9.01182210e-06
  3.35105944e-07 3.71102423e-06 2.12496329e-07 1.70222440e-07]]
Done!, time = 3.523752212524414s
