Begin!
Data shape = (250000, 5)
Begin sort function!
In centrality 0
In centrality 1
In centrality 2
In centrality 3
In centrality 4
In centrality 5
In centrality 6
end function sorter
Data shape = (250000, 5)
Begin sort function!
In centrality 0
In centrality 1
In centrality 2
In centrality 3
In centrality 4
In centrality 5
In centrality 6
end function sorter
Data shape = (250000, 5)
Begin sort function!
In centrality 0
In centrality 1
In centrality 2
In centrality 3
In centrality 4
In centrality 5
In centrality 6
end function sorter
Data shape = (250000, 5)
Begin sort function!
In centrality 0
In centrality 1
In centrality 2
In centrality 3
In centrality 4
In centrality 5
In centrality 6
end function sorter
Final results shape = (4, 7, 12)
mean value:
[[ 1.93946566e-02  9.69962828e-03  1.38273422e-02  7.53634651e-05
   2.30564660e-07 -3.02298693e-06  9.73908240e-01  1.01786514e-02
   6.01188782e-04 -2.84542662e-04  1.96402687e-04 -2.35120062e-05]
 [ 2.12889188e-02  1.05685166e-02  1.49840874e-02  5.86677139e-05
   1.14283440e-06 -3.05023380e-06  9.50339605e-01  9.62566914e-03
   5.59426332e-04 -3.00935839e-04  2.01774078e-04 -2.47730878e-05]
 [ 2.27331276e-02  1.12009125e-02  1.59770888e-02  4.09532041e-05
   1.41741580e-06 -3.70819589e-06  9.37915711e-01  9.77902035e-03
   5.71085954e-04 -3.33983313e-04  2.18418516e-04 -2.86578855e-05]
 [ 2.39600486e-02  1.19529207e-02  1.68549006e-02  3.11070071e-05
  -1.72601779e-08 -3.51225864e-06  9.28658927e-01  9.87599025e-03
   5.83162715e-04 -3.64625320e-04  2.29665569e-04 -3.22129942e-05]
 [ 2.47300418e-02  1.26452145e-02  1.77122934e-02  2.79440982e-05
  -1.20665587e-06 -3.94410673e-06  9.24660464e-01  1.01747973e-02
   6.07748001e-04 -3.70939895e-04  2.48139290e-04 -3.37340328e-05]
 [ 2.56103179e-02  1.33839366e-02  1.81903038e-02  1.60359643e-05
   5.26975837e-07 -3.41043746e-06  9.22573310e-01  1.02528161e-02
   5.89419543e-04 -3.85282042e-04  2.57678050e-04 -3.52467338e-05]
 [ 2.64655082e-02  1.38856762e-02  1.89012073e-02  1.98500380e-05
   5.51431293e-07 -3.66748809e-06  9.22038004e-01  1.06648553e-02
   6.08272995e-04 -3.93660042e-04  2.76678670e-04 -3.77825876e-05]]
std error:
[[1.76881466e-04 1.18478980e-04 1.22871382e-04 6.34155273e-06
  1.55043171e-06 6.33248768e-07 4.48178056e-04 3.18628456e-05
  2.85656531e-05 4.00233059e-05 2.19789232e-06 4.01170301e-06]
 [2.19516676e-04 1.83440724e-04 1.13454216e-04 6.86453883e-06
  1.80250141e-06 4.70631815e-07 2.79583839e-04 9.86341931e-05
  4.93455713e-05 2.02676904e-05 4.25378097e-06 1.45472418e-06]
 [1.56522609e-04 2.10272441e-05 1.19981808e-04 3.51933111e-06
  9.36142662e-07 3.61266112e-07 3.83073152e-04 2.94587138e-05
  2.54725170e-05 1.14371121e-05 2.54022637e-06 1.11896103e-06]
 [8.91255034e-05 8.97106002e-05 5.96797690e-05 3.37178466e-06
  1.54708129e-06 4.04915992e-07 2.92020927e-04 8.89737104e-05
  2.10332824e-05 1.78107336e-05 1.90983920e-06 1.69428433e-06]
 [1.78642663e-04 6.05056858e-05 4.02201444e-05 3.72862677e-06
  1.95705689e-06 2.83393956e-07 5.59483723e-04 8.31882000e-05
  1.56447015e-05 5.41491208e-06 3.48903400e-06 1.31797212e-06]
 [1.40793459e-04 7.65421673e-05 9.35633354e-05 1.06775918e-05
  9.42473987e-07 4.27466693e-07 4.83638306e-04 2.34134552e-05
  1.02641655e-05 6.05639935e-06 1.19714650e-06 6.09714950e-07]
 [4.98501836e-05 4.07581623e-05 7.72824454e-05 1.10178281e-05
  2.21730081e-06 1.48571886e-07 9.18065024e-04 8.01667351e-05
  2.53210314e-05 2.14373566e-05 2.55799614e-06 2.93575186e-06]]
Done!, time = 4.640716791152954s
