Begin!
Data shape = (250000, 5)
Begin sort function!
In centrality 0
In centrality 1
In centrality 2
In centrality 3
In centrality 4
In centrality 5
In centrality 6
end function sorter
Data shape = (250000, 5)
Begin sort function!
In centrality 0
In centrality 1
In centrality 2
In centrality 3
In centrality 4
In centrality 5
In centrality 6
end function sorter
Data shape = (250000, 5)
Begin sort function!
In centrality 0
In centrality 1
In centrality 2
In centrality 3
In centrality 4
In centrality 5
In centrality 6
end function sorter
Data shape = (250000, 5)
Begin sort function!
In centrality 0
In centrality 1
In centrality 2
In centrality 3
In centrality 4
In centrality 5
In centrality 6
end function sorter
Final results shape = (4, 7, 12)
mean value:
[[ 1.16033065e-02  9.37389890e-03  1.51076263e-02  1.97107677e-05
   5.81158138e-07 -1.33058048e-07  9.28097336e-01  3.04139937e-03
   4.59124481e-05 -7.71474622e-05  3.58406434e-05 -3.92523422e-06]
 [ 1.25510494e-02  1.01095168e-02  1.59527897e-02  1.84109035e-05
   1.83750724e-06 -4.58118052e-08  9.19966415e-01  3.03938292e-03
   4.85081494e-05 -7.55179600e-05  3.85874951e-05 -3.88093742e-06]
 [ 1.32141904e-02  1.07837834e-02  1.66686955e-02  1.59910669e-05
   1.04196812e-06 -2.62258623e-07  9.15878082e-01  3.08297629e-03
   4.99960002e-05 -7.77712077e-05  4.16444846e-05 -4.12581417e-06]
 [ 1.40750856e-02  1.15655299e-02  1.72452129e-02  1.41953220e-05
   2.17636675e-06 -2.87240997e-07  9.13235118e-01  3.12906827e-03
   5.60743130e-05 -7.46369894e-05  4.43071614e-05 -4.21080886e-06]
 [ 1.48049365e-02  1.24287765e-02  1.78425868e-02  1.22915008e-05
   1.43631759e-06 -2.45252796e-07  9.11706085e-01  3.20153476e-03
   5.64487802e-05 -7.70071704e-05  4.80276383e-05 -4.59432488e-06]
 [ 1.55736702e-02  1.32319335e-02  1.83466308e-02  1.20353773e-05
   7.69279239e-07 -2.45589324e-07  9.10945793e-01  3.23503910e-03
   5.77852365e-05 -7.46229713e-05  5.12926054e-05 -4.66060988e-06]
 [ 1.62643910e-02  1.40378870e-02  1.86488069e-02  8.74218610e-06
  -1.26971856e-06 -3.69557759e-07  9.11491721e-01  3.28983763e-03
   5.85461373e-05 -7.15034383e-05  5.42929820e-05 -4.71112705e-06]]
std error:
[[4.60269256e-05 1.65363207e-05 3.75076365e-05 1.79377476e-06
  1.47373616e-06 1.58529004e-07 1.07309649e-04 1.48227727e-05
  3.88647544e-06 6.10570206e-06 3.36505467e-07 2.97956090e-07]
 [1.23415441e-04 9.18245976e-05 1.50024244e-04 3.63959646e-06
  1.94375782e-06 3.29037149e-07 3.08812361e-04 2.09552570e-05
  3.58154079e-06 8.66337706e-06 7.11753704e-07 5.06575524e-07]
 [8.65381868e-05 5.78421848e-05 4.92603964e-05 1.38728836e-06
  1.96795007e-06 7.23866353e-08 3.36186902e-04 1.85038243e-05
  3.34479583e-06 3.47761871e-06 4.41910389e-08 3.20864393e-07]
 [6.59734839e-05 7.44830916e-05 6.37769439e-05 2.83582295e-06
  1.40746154e-06 8.18686070e-08 3.92152103e-04 3.31439964e-05
  2.24889366e-06 2.11620432e-06 5.11766773e-07 1.67486580e-07]
 [9.98098765e-05 1.23150927e-04 1.49660159e-04 2.29402170e-06
  1.69786916e-06 8.47089626e-08 3.38682993e-04 2.06694373e-05
  3.62120298e-06 5.70042173e-06 4.14835780e-07 4.05124069e-07]
 [1.04135990e-04 7.77182000e-05 1.46398973e-04 9.55123522e-07
  2.61815477e-06 4.63328049e-08 2.28701238e-04 2.15980198e-05
  1.96361878e-06 6.70916991e-06 1.19977551e-06 4.71213630e-07]
 [5.78727785e-05 1.08507795e-04 1.17283859e-04 4.09961194e-06
  3.31877166e-06 1.36991601e-07 3.26603073e-04 8.17863055e-06
  3.37424549e-06 6.46381068e-06 2.58955944e-07 3.75575126e-07]]
Done!, time = 4.074782133102417s
