Begin!
Data shape = (250000, 5)
Begin sort function!
In centrality 0
In centrality 1
In centrality 2
In centrality 3
In centrality 4
In centrality 5
In centrality 6
end function sorter
Data shape = (250000, 5)
Begin sort function!
In centrality 0
In centrality 1
In centrality 2
In centrality 3
In centrality 4
In centrality 5
In centrality 6
end function sorter
Data shape = (250000, 5)
Begin sort function!
In centrality 0
In centrality 1
In centrality 2
In centrality 3
In centrality 4
In centrality 5
In centrality 6
end function sorter
Data shape = (250000, 5)
Begin sort function!
In centrality 0
In centrality 1
In centrality 2
In centrality 3
In centrality 4
In centrality 5
In centrality 6
end function sorter
Final results shape = (4, 7, 12)
mean value:
[[ 1.18185695e-02  9.98071932e-03  1.41198854e-02  2.88840507e-05
  -4.12038646e-07 -5.47885516e-08  8.57560148e-01  7.50124546e-04
   9.68057594e-07 -8.69524797e-05  1.03885087e-05 -4.66510658e-06]
 [ 1.28416385e-02  1.04424240e-02  1.51239346e-02  3.06863338e-05
   1.82322853e-07 -1.15256632e-08  8.55218618e-01  7.52471899e-04
   1.58538333e-06 -8.96221205e-05  1.09971890e-05 -5.03770843e-06]
 [ 1.37471992e-02  1.10283790e-02  1.56944508e-02  2.66295686e-05
   7.48356383e-08 -2.54358053e-07  8.53761613e-01  7.69147970e-04
   2.03237366e-06 -9.51697326e-05  1.20255077e-05 -5.56544644e-06]
 [ 1.45934660e-02  1.16382571e-02  1.62834522e-02  2.40457128e-05
   5.30072877e-08 -4.05342523e-07  8.52749810e-01  7.78854676e-04
   2.16181022e-06 -9.71499450e-05  1.27057341e-05 -5.78456852e-06]
 [ 1.53491181e-02  1.22543519e-02  1.70051951e-02  2.33728353e-05
   2.56962989e-07 -2.98655492e-07  8.52098505e-01  7.97022785e-04
   2.59777995e-06 -1.00014673e-04  1.36372666e-05 -6.34476972e-06]
 [ 1.61657965e-02  1.29030726e-02  1.74976155e-02  2.03090707e-05
  -5.73358274e-07 -3.67339680e-07  8.51536828e-01  8.17757527e-04
   3.06812602e-06 -9.87295320e-05  1.44915829e-05 -6.49737265e-06]
 [ 1.67995726e-02  1.35193955e-02  1.80051973e-02  1.62156103e-05
  -2.56513412e-07 -2.99503520e-07  8.51051694e-01  8.25259568e-04
   3.21659172e-06 -9.62588990e-05  1.51573368e-05 -6.62095428e-06]]
std error:
[[2.47531121e-05 1.02039922e-04 5.16195582e-05 1.21359455e-06
  1.82930967e-06 9.23781135e-08 4.02411440e-05 5.09081141e-06
  6.03761340e-07 1.09266531e-06 7.96021026e-08 7.58677524e-08]
 [2.89131932e-05 1.10651794e-04 1.06675214e-04 3.96364161e-06
  1.69356487e-06 2.63799212e-07 2.03280023e-04 6.43051845e-06
  6.24563696e-07 2.81301523e-06 1.59067709e-07 1.78856162e-07]
 [7.61308384e-05 2.84943525e-05 3.96437321e-05 4.00504266e-06
  1.55297773e-06 1.08155781e-07 2.05981561e-04 2.63501949e-06
  2.35314874e-07 2.38506915e-06 1.06647838e-07 2.44961288e-07]
 [3.23087146e-05 3.90747425e-05 9.02607480e-05 1.96966465e-06
  8.50116759e-07 1.11358361e-07 9.12727009e-05 5.37758492e-06
  2.65950689e-07 2.37141136e-06 1.16174309e-07 1.51479396e-07]
 [9.29338837e-05 9.69106843e-05 4.27146537e-05 3.04803523e-06
  1.04729624e-06 3.75351728e-08 1.77415199e-04 2.83783185e-06
  2.11856984e-07 2.23638308e-06 2.03924606e-07 1.21761463e-07]
 [7.61254355e-05 9.12347437e-05 7.84583113e-05 4.00401133e-06
  1.39542712e-06 1.16334742e-07 1.41733913e-04 7.13002958e-06
  3.33131305e-07 3.14511441e-06 1.86815780e-07 1.53765845e-07]
 [2.04740002e-05 8.10776076e-05 1.04842892e-04 1.65457476e-06
  9.94378782e-07 1.46185266e-07 1.13377431e-04 3.96104606e-06
  3.75041771e-07 1.16387562e-06 1.60366923e-07 9.86420301e-08]]
Done!, time = 4.530561685562134s
