Begin!
Data shape = (250000, 5)
Begin sort function!
In centrality 0
In centrality 1
In centrality 2
In centrality 3
In centrality 4
In centrality 5
In centrality 6
end function sorter
Data shape = (250000, 5)
Begin sort function!
In centrality 0
In centrality 1
In centrality 2
In centrality 3
In centrality 4
In centrality 5
In centrality 6
end function sorter
Data shape = (250000, 5)
Begin sort function!
In centrality 0
In centrality 1
In centrality 2
In centrality 3
In centrality 4
In centrality 5
In centrality 6
end function sorter
Data shape = (250000, 5)
Begin sort function!
In centrality 0
In centrality 1
In centrality 2
In centrality 3
In centrality 4
In centrality 5
In centrality 6
end function sorter
Final results shape = (4, 7, 12)
mean value:
[[ 1.25409334e-02  1.03544276e-02  1.49715849e-02  1.43984155e-06
  -7.62798931e-07 -2.95486933e-07  8.50305497e-01  5.97879654e-03
   2.59794985e-04 -4.82047943e-05  7.48341299e-05 -2.23119260e-06]
 [ 1.31252170e-02  1.10906807e-02  1.59984172e-02  4.10785046e-07
   6.00490632e-08 -2.09400020e-07  8.31516290e-01  5.61043089e-03
   2.39115798e-04 -4.99053959e-05  7.23670569e-05 -2.40362547e-06]
 [ 1.40126160e-02  1.16198266e-02  1.65390858e-02 -4.17149150e-06
  -7.71239553e-08 -1.59410001e-07  8.20207471e-01  5.60701881e-03
   2.43623177e-04 -4.37730311e-05  7.79717062e-05 -2.26933352e-06]
 [ 1.46673025e-02  1.21603415e-02  1.72203741e-02 -7.01422976e-06
  -2.35991378e-06 -7.42106053e-08  8.12453288e-01  5.73149292e-03
   2.51879402e-04 -4.76377301e-05  8.34290517e-05 -2.51202077e-06]
 [ 1.52094673e-02  1.27332542e-02  1.78706605e-02 -9.13210306e-06
  -8.51809381e-07 -7.57983588e-08  8.07593055e-01  5.81907074e-03
   2.55783951e-04 -4.31844076e-05  8.75618289e-05 -2.27334645e-06]
 [ 1.57699084e-02  1.31696624e-02  1.83243466e-02 -1.13292056e-05
  -1.41402876e-06 -1.30215873e-07  8.04275648e-01  6.00364448e-03
   2.71482414e-04 -4.48503552e-05  9.35549180e-05 -2.23099126e-06]
 [ 1.63557794e-02  1.36517505e-02  1.87387707e-02 -1.50511918e-05
  -2.64446453e-06 -1.02046422e-07  8.02162403e-01  6.18918553e-03
   2.89602671e-04 -4.14760590e-05  1.00511516e-04 -2.55004489e-06]]
std error:
[[1.92926890e-04 3.76395828e-05 6.62090985e-05 2.90845562e-06
  1.85902668e-06 4.16256736e-08 5.79846236e-04 2.72976841e-05
  1.57374389e-05 3.42524194e-06 1.13145010e-06 3.69011728e-07]
 [3.50403570e-05 7.95922922e-05 7.67752909e-05 2.09347712e-06
  1.43479179e-06 7.83254356e-08 4.35194720e-04 4.29398995e-05
  2.12165199e-05 8.17488613e-06 9.62625573e-07 5.63816891e-07]
 [6.95536806e-05 5.06931792e-05 1.01858810e-04 1.40460157e-06
  7.25521837e-07 6.78536927e-08 3.02764466e-04 2.18194695e-05
  7.17429838e-06 6.05920058e-06 1.12380486e-06 3.40821160e-07]
 [7.74962089e-05 1.17465622e-04 6.24002467e-05 1.72481230e-06
  1.31814786e-06 9.54740761e-08 3.33593376e-04 2.75948724e-05
  7.31036292e-06 9.60697137e-06 1.19011442e-06 4.74783599e-07]
 [5.68288962e-05 1.25630961e-04 1.00750794e-04 1.08284625e-06
  1.34037810e-06 1.64941951e-07 3.75074552e-04 4.70430290e-05
  9.31577388e-06 3.58023661e-06 1.35400047e-06 3.26740558e-07]
 [2.76341248e-05 9.67797113e-05 5.42989028e-05 8.94043032e-07
  2.69763579e-06 1.67537414e-07 2.31095635e-04 4.38285020e-05
  1.00064907e-05 4.51207829e-06 1.12267693e-06 3.10855630e-07]
 [6.02109867e-05 8.22894028e-05 1.45349155e-04 7.93454850e-07
  2.36259241e-06 5.67143722e-08 2.55367440e-04 2.44767593e-05
  9.61242134e-06 5.30543410e-06 9.37023152e-07 4.15286799e-07]]
Done!, time = 4.441968679428101s
