Begin!
Data shape = (250000, 5)
Begin sort function!
In centrality 0
In centrality 1
In centrality 2
In centrality 3
In centrality 4
In centrality 5
In centrality 6
end function sorter
Data shape = (250000, 5)
Begin sort function!
In centrality 0
In centrality 1
In centrality 2
In centrality 3
In centrality 4
In centrality 5
In centrality 6
end function sorter
Data shape = (250000, 5)
Begin sort function!
In centrality 0
In centrality 1
In centrality 2
In centrality 3
In centrality 4
In centrality 5
In centrality 6
end function sorter
Data shape = (250000, 5)
Begin sort function!
In centrality 0
In centrality 1
In centrality 2
In centrality 3
In centrality 4
In centrality 5
In centrality 6
end function sorter
Final results shape = (4, 7, 12)
mean value:
[[ 1.13662555e-02  1.02471158e-02  1.46079296e-02  1.17908829e-05
   7.47125160e-07 -1.54962760e-07  8.05019871e-01  6.39244261e-04
  -8.08813963e-07 -6.61697088e-05  8.45041738e-06 -3.08769225e-06]
 [ 1.22763897e-02  1.07344645e-02  1.54499584e-02  5.52759191e-06
  -2.43364181e-07 -2.38414464e-07  8.01913464e-01  6.62543175e-04
  -2.82760045e-07 -6.66354393e-05  9.08099347e-06 -3.10001420e-06]
 [ 1.30294964e-02  1.13568541e-02  1.61191904e-02  4.25176404e-06
  -1.34488572e-06 -1.81600516e-07  8.00160830e-01  6.75368630e-04
   4.47442973e-08 -6.80790749e-05  9.78090499e-06 -3.37459058e-06]
 [ 1.36895721e-02  1.18780026e-02  1.67821806e-02  2.64929095e-06
  -7.04205634e-07 -2.31255223e-07  7.98908963e-01  6.90357971e-04
   4.46759278e-07 -6.81071349e-05  1.02858687e-05 -3.45758554e-06]
 [ 1.42605291e-02  1.24823681e-02  1.72566331e-02 -3.07636245e-06
  -2.29317312e-06 -1.80643580e-07  7.98040770e-01  7.07522524e-04
   7.10031129e-07 -6.33968958e-05  1.08394689e-05 -3.29360855e-06]
 [ 1.48333774e-02  1.30326646e-02  1.78170568e-02 -7.86343949e-07
  -2.03891034e-06 -2.05281100e-07  7.97180810e-01  7.17676644e-04
   8.35377967e-07 -6.35737851e-05  1.12929855e-05 -3.53252841e-06]
 [ 1.54588085e-02  1.35962750e-02  1.82932613e-02 -5.40642156e-06
  -2.85341138e-06 -1.42189728e-07  7.96508487e-01  7.32359202e-04
   1.23633109e-06 -6.08168724e-05  1.20307890e-05 -3.49178290e-06]]
std error:
[[1.08329093e-04 9.68771430e-05 3.34836928e-05 2.25233213e-06
  2.82679050e-06 6.16536251e-08 1.88238173e-04 6.98571908e-06
  3.97500764e-07 2.83490311e-06 9.93395426e-08 1.24682888e-07]
 [9.92758934e-06 5.60143346e-05 1.70861077e-04 2.70598002e-06
  2.21410693e-06 3.09026307e-08 1.24915263e-04 5.71450033e-06
  9.84906808e-08 2.59519548e-06 6.94776783e-08 1.00962545e-07]
 [6.79978170e-05 6.71627158e-05 8.34818093e-05 1.55170299e-06
  5.53741693e-07 6.20794816e-08 4.99994536e-05 5.34876826e-06
  1.56161529e-07 2.52540979e-06 1.42998773e-07 1.60105255e-07]
 [6.10586378e-05 3.65999828e-05 4.45372531e-05 2.54029474e-06
  1.08496739e-06 9.43612926e-08 1.32037972e-04 4.04962001e-06
  4.27447411e-07 2.22623976e-06 2.02544897e-07 1.94759988e-07]
 [1.05955592e-04 4.34479114e-05 1.50576514e-05 1.73809429e-06
  1.64296950e-06 8.06615059e-08 9.38572433e-05 5.28990682e-06
  2.26148472e-07 2.45565542e-06 1.26855255e-07 1.83131826e-07]
 [1.13721663e-04 3.79394663e-05 1.25949391e-04 1.85037950e-06
  8.60613680e-07 4.00055512e-08 1.95866763e-04 7.86330064e-06
  3.64073154e-07 2.27677709e-06 2.42476457e-07 1.55026167e-07]
 [5.47920883e-05 1.03775210e-04 1.19681675e-04 3.17818939e-06
  2.04492692e-06 9.52884592e-08 1.73033341e-04 2.83658370e-06
  1.64040053e-07 2.03746347e-06 1.34076043e-07 1.38376724e-07]]
Done!, time = 3.8225057125091553s
