Begin!
Data shape = (250000, 5)
Begin sort function!
In centrality 0
In centrality 1
In centrality 2
In centrality 3
In centrality 4
In centrality 5
In centrality 6
end function sorter
Data shape = (250000, 5)
Begin sort function!
In centrality 0
In centrality 1
In centrality 2
In centrality 3
In centrality 4
In centrality 5
In centrality 6
end function sorter
Data shape = (250000, 5)
Begin sort function!
In centrality 0
In centrality 1
In centrality 2
In centrality 3
In centrality 4
In centrality 5
In centrality 6
end function sorter
Data shape = (250000, 5)
Begin sort function!
In centrality 0
In centrality 1
In centrality 2
In centrality 3
In centrality 4
In centrality 5
In centrality 6
end function sorter
Final results shape = (4, 7, 12)
mean value:
[[ 1.43748109e-02  9.72988177e-03  1.53379008e-02  7.16554424e-07
  -1.95197463e-07 -5.69612624e-07  9.03230420e-01  7.70789164e-03
   3.82529513e-04 -1.18815336e-04  1.09563276e-04 -6.37152816e-06]
 [ 1.54508819e-02  1.06690634e-02  1.65590595e-02 -5.56153913e-06
   7.43506412e-07 -5.05975683e-07  8.82208900e-01  7.28223989e-03
   3.53236907e-04 -1.20631848e-04  1.09994153e-04 -6.64473976e-06]
 [ 1.62719403e-02  1.13945071e-02  1.74078617e-02 -1.24074169e-05
   2.50380908e-07 -1.86691410e-07  8.71650414e-01  7.36419937e-03
   3.71528670e-04 -1.14126713e-04  1.18584343e-04 -6.48939964e-06]
 [ 1.71511086e-02  1.22403018e-02  1.82300586e-02 -1.62569147e-05
   9.91729128e-07 -2.28183896e-07  8.63742939e-01  7.49644002e-03
   3.76289277e-04 -1.14221414e-04  1.26092358e-04 -6.89589838e-06]
 [ 1.77997922e-02  1.28839968e-02  1.87325448e-02 -1.99993647e-05
   1.10676243e-06 -1.88734016e-07  8.59816569e-01  7.56652546e-03
   3.67198414e-04 -1.08811143e-04  1.34295741e-04 -6.37070334e-06]
 [ 1.85015711e-02  1.37075262e-02  1.92578769e-02 -2.08637374e-05
   2.43223315e-06 -1.78838346e-07  8.57724955e-01  7.81697789e-03
   3.87268022e-04 -1.21145093e-04  1.42580908e-04 -7.55405681e-06]
 [ 1.93362375e-02  1.41966528e-02  1.96633448e-02 -2.78255419e-05
  -1.08308060e-06 -8.04562818e-08  8.57138940e-01  8.09706682e-03
   4.08831132e-04 -1.14906853e-04  1.53197360e-04 -7.17164134e-06]]
std error:
[[1.33086019e-04 1.05570297e-04 1.17677933e-04 3.88000482e-07
  1.32531560e-06 6.73601704e-08 1.06745535e-03 8.43228321e-05
  2.27821848e-05 5.41549216e-06 2.06272122e-06 3.80215483e-07]
 [1.15172259e-04 2.62471520e-05 6.73061301e-05 3.07533265e-06
  2.95781862e-06 1.65090555e-07 5.16213785e-04 7.63190180e-05
  4.26585519e-06 1.59545601e-05 2.34357079e-06 8.39599829e-07]
 [7.12211497e-05 4.97603969e-05 1.05674434e-04 1.68383304e-06
  2.53521877e-06 9.42917930e-08 2.22019967e-04 2.88753916e-05
  4.73285929e-06 2.66143330e-06 1.47872531e-06 2.05530902e-07]
 [1.08988743e-04 3.18753276e-05 1.30694909e-04 1.77090916e-06
  1.39202717e-06 7.58960066e-08 6.90637060e-04 7.43097431e-05
  1.43211144e-05 7.10511213e-06 1.36086763e-06 7.11939571e-07]
 [4.42352454e-05 8.82681185e-05 8.58104938e-05 2.34081972e-06
  1.28368657e-06 1.40586115e-07 3.76404176e-04 1.03854669e-04
  2.24798483e-05 7.27704405e-06 1.63242486e-06 5.42414510e-07]
 [1.10229038e-04 4.34054497e-05 1.33983133e-04 4.09963156e-06
  1.68722241e-06 1.39378736e-07 6.39365744e-04 1.35416476e-04
  1.11411824e-05 3.25039293e-06 2.51268695e-06 2.23226872e-07]
 [8.18821246e-05 8.73316283e-05 1.45687116e-04 2.78804446e-06
  2.51328639e-06 1.47230023e-07 4.29676123e-04 1.09844204e-04
  2.07099298e-05 6.08240938e-06 1.98807475e-06 5.43068406e-07]]
Done!, time = 4.127247095108032s
