Begin!
Data shape = (250000, 5)
Begin sort function!
In centrality 0
In centrality 1
In centrality 2
In centrality 3
In centrality 4
In centrality 5
In centrality 6
end function sorter
Data shape = (250000, 5)
Begin sort function!
In centrality 0
In centrality 1
In centrality 2
In centrality 3
In centrality 4
In centrality 5
In centrality 6
end function sorter
Data shape = (250000, 5)
Begin sort function!
In centrality 0
In centrality 1
In centrality 2
In centrality 3
In centrality 4
In centrality 5
In centrality 6
end function sorter
Data shape = (250000, 5)
Begin sort function!
In centrality 0
In centrality 1
In centrality 2
In centrality 3
In centrality 4
In centrality 5
In centrality 6
end function sorter
Final results shape = (4, 7, 12)
mean value:
[[ 1.19263197e-02  1.00172087e-02  1.43991672e-02  6.52124680e-06
  -5.25322368e-07 -2.20123213e-07  8.71923305e-01  2.43064314e-03
   3.24974934e-05 -7.21651804e-05  2.94368992e-05 -3.32399049e-06]
 [ 1.26199361e-02  1.05472466e-02  1.51636102e-02  2.78850699e-06
   3.83452597e-07 -1.78921146e-07  8.64308023e-01  2.37893837e-03
   3.14691444e-05 -6.93559582e-05  3.06589254e-05 -3.04344655e-06]
 [ 1.32621387e-02  1.11089848e-02  1.58529250e-02 -1.54522227e-06
  -8.88474503e-07 -2.15081254e-07  8.59509686e-01  2.40106249e-03
   3.31683640e-05 -6.39164471e-05  3.25859706e-05 -3.07738131e-06]
 [ 1.39447538e-02  1.17669902e-02  1.65690607e-02 -1.37865124e-06
  -2.44715967e-07 -1.70117553e-07  8.56330231e-01  2.45044389e-03
   3.42318196e-05 -6.52875740e-05  3.46663173e-05 -3.31110187e-06]
 [ 1.46180843e-02  1.23121359e-02  1.70777690e-02 -1.91635642e-06
  -3.35211130e-08 -1.90535246e-07  8.53850911e-01  2.47746953e-03
   3.55589099e-05 -6.39179386e-05  3.64065813e-05 -3.26067104e-06]
 [ 1.51360096e-02  1.28892725e-02  1.76533360e-02 -5.89640504e-06
  -8.22383882e-07 -1.36009770e-07  8.52376456e-01  2.50716774e-03
   3.53412617e-05 -5.94985613e-05  3.84662994e-05 -3.09489774e-06]
 [ 1.58199629e-02  1.35450497e-02  1.80550469e-02 -7.37556825e-06
  -2.11574176e-07  3.70774795e-10  8.51934888e-01  2.55474338e-03
   3.49495826e-05 -6.30578682e-05  4.07097638e-05 -3.57372821e-06]]
std error:
[[1.49763015e-04 9.92907350e-05 5.66834927e-05 1.36054434e-06
  2.00255026e-06 7.00984287e-08 6.81944226e-04 3.35798218e-05
  9.93571590e-07 7.83884460e-06 5.86854284e-07 5.18724811e-07]
 [7.61729696e-05 5.80454744e-05 1.44178325e-04 1.90788108e-06
  4.88879235e-07 1.40996101e-07 4.08366906e-04 1.32616326e-05
  1.46186640e-06 2.03525891e-06 3.78147633e-07 1.85671026e-07]
 [4.62330406e-05 3.31039557e-05 8.87213388e-05 1.79920227e-06
  9.43180581e-07 8.60449775e-08 2.91645321e-04 1.17565464e-05
  9.14194484e-07 6.20530633e-06 3.17823916e-07 3.98652266e-07]
 [4.75825937e-05 3.50558131e-05 1.44631686e-04 2.49191183e-06
  3.16187455e-06 4.95641591e-08 3.59851803e-04 7.96981450e-06
  8.13159112e-07 4.14230601e-06 2.21244012e-07 2.94092291e-07]
 [6.16095961e-05 5.92532015e-05 1.45371594e-04 3.02231365e-06
  1.32465458e-06 7.25613661e-08 3.00932578e-04 1.10103898e-05
  1.01765487e-06 5.84426241e-06 2.05054404e-07 3.75440869e-07]
 [7.75368649e-05 3.92672009e-05 5.42380697e-05 1.21510263e-06
  9.98325338e-07 7.39544819e-08 4.34797224e-04 2.05633991e-05
  1.55501801e-06 4.09179494e-06 8.31734614e-07 2.54282069e-07]
 [3.54971432e-05 9.06473372e-05 1.30633280e-04 1.59377188e-06
  2.05693657e-06 5.89629095e-08 3.24421077e-04 2.30004388e-05
  2.90568779e-06 7.02512815e-06 3.42168060e-07 5.64833446e-07]]
Done!, time = 4.235212564468384s
