Begin!
Data shape = (250000, 5)
Begin sort function!
In centrality 0
In centrality 1
In centrality 2
In centrality 3
In centrality 4
In centrality 5
In centrality 6
end function sorter
Data shape = (250000, 5)
Begin sort function!
In centrality 0
In centrality 1
In centrality 2
In centrality 3
In centrality 4
In centrality 5
In centrality 6
end function sorter
Data shape = (250000, 5)
Begin sort function!
In centrality 0
In centrality 1
In centrality 2
In centrality 3
In centrality 4
In centrality 5
In centrality 6
end function sorter
Data shape = (250000, 5)
Begin sort function!
In centrality 0
In centrality 1
In centrality 2
In centrality 3
In centrality 4
In centrality 5
In centrality 6
end function sorter
Final results shape = (4, 7, 12)
mean value:
[[ 1.06203999e-02  9.38661744e-03  1.48075532e-02  4.08371515e-06
  -1.13488274e-06 -1.55312476e-07  9.14200738e-01  6.87865374e-04
  -8.65693886e-07 -5.75199691e-05  8.24442733e-06 -2.25837497e-06]
 [ 1.14191083e-02  9.91224296e-03  1.56469916e-02  3.19542622e-06
  -4.62955797e-07 -8.39163778e-08  9.12660208e-01  7.00748724e-04
   1.64959636e-07 -6.00129754e-05  8.71885278e-06 -2.51133080e-06]
 [ 1.19917689e-02  1.06531643e-02  1.63913440e-02 -7.50006901e-07
   1.90364751e-06 -1.08658749e-07  9.11901666e-01  7.23590612e-04
   6.08810554e-07 -5.71886538e-05  9.29034838e-06 -2.46350800e-06]
 [ 1.27016534e-02  1.15234886e-02  1.70411592e-02 -3.50544860e-06
   1.36793231e-06 -5.84329027e-08  9.11636968e-01  7.37725599e-04
   1.12931719e-06 -5.51635405e-05  1.00140184e-05 -2.49822929e-06]
 [ 1.34023063e-02  1.23765551e-02  1.74318189e-02 -3.17793202e-06
   6.24130209e-07 -7.90453422e-08  9.11665510e-01  7.55199359e-04
   1.36083706e-06 -4.96433662e-05  1.08199076e-05 -2.38158999e-06]
 [ 1.42191232e-02  1.32436228e-02  1.81767121e-02 -6.92776224e-06
  -8.85153541e-08 -4.09281988e-08  9.11917298e-01  7.86365652e-04
   1.78133159e-06 -4.68785916e-05  1.17518071e-05 -2.43208691e-06]
 [ 1.51582756e-02  1.42224977e-02  1.85494124e-02 -6.35769665e-06
  -3.64445753e-06 -6.15410320e-08  9.12082920e-01  8.03808507e-04
   1.77664569e-06 -4.54583546e-05  1.28593503e-05 -2.61567966e-06]]
std error:
[[1.88737238e-04 4.94039514e-05 1.45649938e-04 1.56739806e-06
  2.23432852e-06 4.41534648e-08 1.61212660e-04 5.49368252e-06
  3.00425505e-07 4.19391163e-06 2.54879649e-07 2.46324893e-07]
 [4.21523730e-05 6.09980865e-05 1.32620349e-04 1.23744359e-06
  1.66129104e-06 8.63972884e-08 1.87518385e-04 6.22705963e-06
  3.74194638e-07 3.68631220e-06 1.38923891e-07 1.60948185e-07]
 [9.84074511e-05 2.41548176e-05 5.46575374e-05 6.20435491e-07
  1.01824007e-06 4.40818114e-08 1.60610405e-04 5.29588647e-06
  2.96028797e-07 2.24550221e-06 7.45664121e-08 9.98205700e-08]
 [8.35871932e-05 4.64199579e-05 1.11807701e-04 2.06118189e-06
  4.00728785e-07 4.17144702e-08 1.10341171e-04 8.66306424e-06
  2.40004245e-07 2.82548598e-06 1.14190856e-07 1.46809161e-07]
 [3.26673942e-05 1.03327324e-04 9.06523551e-05 1.56524762e-06
  5.97269240e-07 1.08546547e-07 1.02268251e-05 2.95644268e-06
  1.91017301e-07 1.43006249e-06 4.38340963e-08 7.59540925e-08]
 [1.12134958e-04 8.07158724e-05 9.09191860e-05 2.72588188e-06
  2.52198156e-06 1.37233739e-07 1.53632314e-04 3.90120401e-06
  2.30211351e-07 2.44672923e-06 1.33164992e-07 1.34169818e-07]
 [1.29233065e-04 4.50203304e-05 8.62411817e-05 2.46118230e-06
  1.13480415e-06 7.99482629e-08 1.95050467e-04 6.54444231e-06
  3.12840562e-07 2.30025069e-06 1.48531981e-07 1.86080570e-07]]
Done!, time = 3.928704023361206s
