Begin!
Data shape = (250000, 5)
Begin sort function!
In centrality 0
In centrality 1
In centrality 2
In centrality 3
In centrality 4
In centrality 5
In centrality 6
end function sorter
Data shape = (250000, 5)
Begin sort function!
In centrality 0
In centrality 1
In centrality 2
In centrality 3
In centrality 4
In centrality 5
In centrality 6
end function sorter
Data shape = (250000, 5)
Begin sort function!
In centrality 0
In centrality 1
In centrality 2
In centrality 3
In centrality 4
In centrality 5
In centrality 6
end function sorter
Data shape = (250000, 5)
Begin sort function!
In centrality 0
In centrality 1
In centrality 2
In centrality 3
In centrality 4
In centrality 5
In centrality 6
end function sorter
Final results shape = (4, 7, 12)
mean value:
[[ 1.78025284e-02  1.11763619e-02  1.58689460e-02  2.05788747e-05
  -1.08911857e-06 -1.60674764e-06  8.11689878e-01  4.48534915e-03
   1.29585705e-04 -1.61240129e-04  7.93612379e-05 -1.10367872e-05]
 [ 1.92961728e-02  1.17904961e-02  1.67805688e-02  1.05529534e-05
  -3.79310952e-06 -1.66506347e-06  7.93943257e-01  4.24827031e-03
   1.33972051e-04 -1.77758862e-04  8.10453565e-05 -1.27404605e-05]
 [ 2.03350944e-02  1.22403001e-02  1.75652031e-02 -2.81111748e-06
  -2.99537532e-06 -1.57837305e-06  7.83577302e-01  4.21193879e-03
   1.29589717e-04 -1.82400890e-04  8.48847582e-05 -1.31932286e-05]
 [ 2.10491347e-02  1.28145502e-02  1.81515358e-02 -1.20983806e-05
  -2.32378730e-06 -1.16205567e-06  7.75051925e-01  4.27323951e-03
   1.36733169e-04 -1.79288479e-04  8.86590920e-05 -1.31533911e-05]
 [ 2.17881916e-02  1.31903687e-02  1.87797710e-02 -1.30809882e-05
  -3.16842704e-06 -1.35058570e-06  7.69335310e-01  4.29935157e-03
   1.37369927e-04 -1.86189560e-04  9.21507061e-05 -1.38366489e-05]
 [ 2.23868298e-02  1.36683772e-02  1.93951164e-02 -2.62979157e-05
  -1.41120342e-06 -9.13853582e-07  7.64368685e-01  4.39459384e-03
   1.44714220e-04 -1.91315222e-04  9.66939923e-05 -1.47901233e-05]
 [ 2.29392529e-02  1.39574968e-02  1.97883267e-02 -2.70260049e-05
  -3.82863276e-06 -8.52061484e-07  7.60253926e-01  4.52120108e-03
   1.59453841e-04 -1.83791412e-04  1.01349622e-04 -1.41455178e-05]]
std error:
[[9.13443937e-05 8.09941886e-05 1.24944805e-04 2.13058637e-06
  1.15320319e-06 8.51308811e-08 5.54415246e-04 6.28602731e-05
  9.11713981e-06 8.72620313e-06 1.14753152e-06 7.00011412e-07]
 [1.53990465e-04 1.24822399e-04 1.57177657e-04 4.03206577e-06
  1.20664416e-06 1.63694200e-07 5.79986162e-04 2.99300770e-05
  2.62175348e-06 8.44525332e-06 6.66926668e-07 5.59915703e-07]
 [8.66195732e-05 6.96594311e-05 4.12570212e-05 4.04784369e-06
  1.60571754e-06 1.38734744e-07 7.31527077e-05 5.74101897e-05
  4.04726773e-06 7.71123074e-06 8.95590189e-07 7.93594279e-07]
 [1.48651380e-04 7.00198273e-05 6.93512042e-05 1.94138018e-06
  1.71073158e-06 3.01049384e-07 4.12465121e-04 2.05938952e-05
  5.88602987e-06 1.01998469e-05 1.01213178e-06 9.92872124e-07]
 [2.23475963e-05 5.09931210e-05 2.95023127e-05 4.78147192e-06
  1.49283744e-06 3.56429584e-07 5.44592512e-04 2.07483663e-05
  3.40020444e-06 8.48145058e-06 1.24886297e-06 9.44299839e-07]
 [8.61814130e-05 7.68533526e-05 8.65678617e-05 3.29476273e-06
  1.75722176e-06 1.62791863e-07 2.58151587e-04 2.57732288e-05
  2.49325164e-06 7.84430253e-06 8.77519728e-07 2.94385706e-07]
 [9.35900050e-05 3.54583724e-05 1.24106364e-04 1.87998581e-06
  2.92583845e-06 1.89112652e-07 5.19917947e-04 4.13937147e-05
  6.41792736e-06 1.03261694e-05 1.31084264e-06 1.08552520e-06]]
Done!, time = 1.8794424533843994s
