Begin!
Data shape = (250000, 5)
Begin sort function!
In centrality 0
In centrality 1
In centrality 2
In centrality 3
In centrality 4
In centrality 5
In centrality 6
end function sorter
Data shape = (250000, 5)
Begin sort function!
In centrality 0
In centrality 1
In centrality 2
In centrality 3
In centrality 4
In centrality 5
In centrality 6
end function sorter
Data shape = (250000, 5)
Begin sort function!
In centrality 0
In centrality 1
In centrality 2
In centrality 3
In centrality 4
In centrality 5
In centrality 6
end function sorter
Data shape = (250000, 5)
Begin sort function!
In centrality 0
In centrality 1
In centrality 2
In centrality 3
In centrality 4
In centrality 5
In centrality 6
end function sorter
Final results shape = (4, 7, 12)
mean value:
[[ 1.48994827e-02  9.67849738e-03  1.39506915e-02  1.77302940e-05
   3.92148137e-08 -9.08875230e-07  9.37382379e-01  3.27529243e-03
   5.40216765e-05 -1.71545878e-04  5.09663252e-05 -9.60762259e-06]
 [ 1.61243419e-02  1.03253391e-02  1.47923296e-02  7.68487038e-06
   1.16096607e-06 -9.72896359e-07  9.27774261e-01  3.20671215e-03
   5.12024788e-05 -1.64747917e-04  5.28953175e-05 -9.25318819e-06]
 [ 1.68723636e-02  1.08603660e-02  1.55422264e-02  6.87887141e-07
  -5.82884783e-07 -8.38137760e-07  9.22516926e-01  3.27357749e-03
   5.33845296e-05 -1.74394156e-04  5.68664155e-05 -1.04581237e-05]
 [ 1.75811122e-02  1.16608472e-02  1.63512518e-02 -1.59999053e-06
   5.23920303e-07 -8.45409967e-07  9.18527616e-01  3.31089543e-03
   5.45645630e-05 -1.69975197e-04  5.91598092e-05 -1.05641778e-05]
 [ 1.82983655e-02  1.22539720e-02  1.69067831e-02 -5.01210096e-06
  -4.13077865e-07 -6.73132274e-07  9.16730014e-01  3.36984100e-03
   5.76112303e-05 -1.71108320e-04  6.25792570e-05 -1.10582509e-05]
 [ 1.88596838e-02  1.29056196e-02  1.75997563e-02 -1.19382692e-05
  -2.29287612e-06 -5.88657613e-07  9.15463193e-01  3.44092731e-03
   6.14726987e-05 -1.55099706e-04  6.59703095e-05 -1.00494290e-05]
 [ 1.96377148e-02  1.35631719e-02  1.81045155e-02 -1.15491161e-05
  -1.75724980e-06 -5.73758273e-07  9.15252360e-01  3.48168128e-03
   5.97164848e-05 -1.56955965e-04  6.90690284e-05 -1.08478430e-05]]
std error:
[[1.41424192e-04 5.92858391e-05 4.98529897e-05 2.54407111e-06
  8.29992418e-07 5.20346529e-08 4.10965093e-04 1.50100319e-05
  2.19676754e-06 6.07352961e-06 1.25571419e-06 4.92001618e-07]
 [1.07762344e-04 1.58244017e-04 1.69234842e-04 1.77259171e-06
  8.68879990e-07 1.13200057e-07 3.53506222e-04 5.88570034e-05
  2.30452495e-06 1.17000628e-05 8.11617627e-07 7.58594323e-07]
 [3.93403051e-05 6.01113591e-05 2.65886904e-05 2.65379341e-06
  4.05441104e-07 1.13828142e-07 1.42724469e-04 4.10545321e-05
  1.82917421e-06 3.77272080e-06 5.22818390e-07 3.76757998e-07]
 [1.40265741e-04 6.20642159e-05 5.67392765e-05 2.80590833e-06
  1.19905839e-06 5.90055597e-08 2.30912441e-04 3.37134255e-05
  2.52251356e-06 8.64418837e-06 8.64675046e-07 6.18475658e-07]
 [3.54129341e-05 8.35831116e-05 9.04639761e-05 4.82510151e-06
  2.27131413e-07 1.88287551e-07 3.14713023e-04 2.63332195e-05
  1.71445733e-06 5.11681300e-06 5.45189209e-07 4.24921191e-07]
 [1.06903375e-04 3.94136728e-05 1.02550022e-04 3.54954791e-06
  1.62029868e-06 1.25939899e-07 3.40873834e-04 2.32500452e-05
  2.07859176e-06 1.81647183e-06 5.93035902e-07 2.20798641e-07]
 [1.29427157e-04 4.36400020e-05 9.20559239e-05 1.90660912e-06
  2.63299436e-06 1.22388535e-07 2.68105267e-04 4.21231555e-05
  2.71400042e-06 5.33873404e-06 1.44408040e-06 4.62426056e-07]]
Done!, time = 3.746342658996582s
