Begin!
Data shape = (250000, 5)
Begin sort function!
In centrality 0
In centrality 1
In centrality 2
In centrality 3
In centrality 4
In centrality 5
In centrality 6
end function sorter
Data shape = (250000, 5)
Begin sort function!
In centrality 0
In centrality 1
In centrality 2
In centrality 3
In centrality 4
In centrality 5
In centrality 6
end function sorter
Data shape = (250000, 5)
Begin sort function!
In centrality 0
In centrality 1
In centrality 2
In centrality 3
In centrality 4
In centrality 5
In centrality 6
end function sorter
Data shape = (250000, 5)
Begin sort function!
In centrality 0
In centrality 1
In centrality 2
In centrality 3
In centrality 4
In centrality 5
In centrality 6
end function sorter
Final results shape = (4, 7, 12)
mean value:
[[ 1.39288907e-02  1.07915275e-02  1.59835104e-02  2.03842253e-05
  -1.63379582e-06 -3.86923492e-07  8.45949192e-01  5.10451607e-03
   1.59589579e-04 -9.60898064e-05  7.02111912e-05 -5.63994582e-06]
 [ 1.49598124e-02  1.14561857e-02  1.67991066e-02  1.47150738e-05
  -6.89213556e-07 -4.68207386e-07  8.29463674e-01  4.88121335e-03
   1.47200497e-04 -9.96514389e-05  7.26111750e-05 -6.02380322e-06]
 [ 1.57213553e-02  1.18904410e-02  1.75325988e-02  1.58739704e-05
  -1.85120580e-06 -5.57946761e-07  8.19518113e-01  4.88372635e-03
   1.47230458e-04 -1.02542671e-04  7.64663187e-05 -6.46436687e-06]
 [ 1.64568409e-02  1.23876374e-02  1.82866410e-02  1.42344147e-05
  -1.19617133e-06 -5.11262905e-07  8.11565302e-01  4.97135032e-03
   1.60155403e-04 -1.08794944e-04  8.08079893e-05 -7.06679651e-06]
 [ 1.70625302e-02  1.29817635e-02  1.88399894e-02  1.03703248e-05
  -3.41738666e-06 -5.69692381e-07  8.06730022e-01  5.02914354e-03
   1.63020902e-04 -1.17685786e-04  8.51351590e-05 -8.01576920e-06]
 [ 1.75642076e-02  1.34313580e-02  1.94218062e-02  8.85308357e-06
  -2.41561712e-06 -5.34703158e-07  8.02922632e-01  5.07001936e-03
   1.60642168e-04 -1.14740462e-04  8.87465522e-05 -7.70794544e-06]
 [ 1.81525084e-02  1.39572022e-02  1.97948613e-02  6.40096528e-06
  -2.88641627e-06 -5.04645658e-07  8.00678345e-01  5.25756064e-03
   1.71813648e-04 -1.20045010e-04  9.52772362e-05 -8.63106218e-06]]
std error:
[[1.35677743e-04 6.97208339e-05 1.07167353e-04 2.81567901e-06
  1.78928629e-06 7.43202687e-08 4.88972707e-04 5.34453819e-05
  9.68530582e-06 4.34528547e-06 8.10011794e-07 3.54320082e-07]
 [1.00768818e-04 1.16787349e-04 1.56185925e-04 6.75316786e-06
  8.16711090e-07 5.89552866e-08 3.19436931e-04 8.93616214e-05
  1.17820856e-05 6.84683069e-06 1.47239509e-06 5.09170798e-07]
 [1.40528079e-04 7.06099665e-05 1.42069980e-04 3.82189974e-06
  2.14909539e-06 7.28273585e-08 3.32207725e-04 4.64722971e-05
  3.79867126e-06 3.23293703e-06 1.33471891e-06 2.17071725e-07]
 [1.03979852e-04 4.36437448e-05 3.33484052e-05 3.29408517e-06
  1.24976287e-06 1.17104640e-07 3.98743513e-04 2.47652910e-05
  8.83174250e-06 7.25497311e-06 3.49391423e-07 4.77769988e-07]
 [1.14833367e-04 3.65475172e-05 8.84351083e-05 2.44856144e-06
  8.78444984e-07 1.40216890e-07 4.26432629e-04 3.57458331e-05
  3.08551750e-06 6.65438885e-06 1.35348480e-06 7.94312298e-07]
 [5.82788677e-05 8.47224885e-05 2.89134239e-05 2.18318800e-06
  1.93894201e-06 1.24751589e-07 3.99380285e-04 5.77418481e-05
  5.40678698e-06 5.20762294e-06 7.45056981e-07 4.98695582e-07]
 [1.14628962e-04 8.33144216e-05 9.19117591e-05 3.00268349e-06
  1.64427292e-06 8.78854737e-08 1.84904260e-04 5.03836200e-05
  3.07298552e-06 6.56191783e-06 1.49926173e-06 4.25889321e-07]]
Done!, time = 4.0416953563690186s
