Begin!
Data shape = (250000, 5)
Begin sort function!
In centrality 0
In centrality 1
In centrality 2
In centrality 3
In centrality 4
In centrality 5
In centrality 6
end function sorter
Data shape = (250000, 5)
Begin sort function!
In centrality 0
In centrality 1
In centrality 2
In centrality 3
In centrality 4
In centrality 5
In centrality 6
end function sorter
Data shape = (250000, 5)
Begin sort function!
In centrality 0
In centrality 1
In centrality 2
In centrality 3
In centrality 4
In centrality 5
In centrality 6
end function sorter
Data shape = (250000, 5)
Begin sort function!
In centrality 0
In centrality 1
In centrality 2
In centrality 3
In centrality 4
In centrality 5
In centrality 6
end function sorter
Final results shape = (4, 7, 12)
mean value:
[[ 1.43204446e-02  1.09505088e-02  1.53549078e-02  6.00902255e-07
   1.79544150e-06 -2.78002484e-07  9.01034884e-01  6.12972865e-03
   1.89010026e-04 -1.22566066e-04  8.64956481e-05 -6.80050995e-06]
 [ 1.52473273e-02  1.14578634e-02  1.62605015e-02 -2.71344395e-06
  -1.81193481e-06 -2.62792263e-07  8.82474071e-01  5.90502525e-03
   1.96224036e-04 -1.21914240e-04  8.81430139e-05 -7.00030892e-06]
 [ 1.59194728e-02  1.18973977e-02  1.68955389e-02 -6.14819257e-06
  -1.01321529e-06 -2.66462196e-07  8.71661014e-01  5.91364795e-03
   1.98249425e-04 -1.33032327e-04  9.34256813e-05 -7.61990458e-06]
 [ 1.64526057e-02  1.23871819e-02  1.76134751e-02 -8.61536549e-06
  -1.44136948e-07 -2.18689618e-07  8.63825858e-01  5.97782605e-03
   2.08940251e-04 -1.30901719e-04  9.70598685e-05 -7.69234309e-06]
 [ 1.70526381e-02  1.29299647e-02  1.81828513e-02 -1.09235351e-05
  -3.20127088e-06 -1.87413081e-07  8.58694712e-01  6.07578224e-03
   2.07381566e-04 -1.37445935e-04  1.02327886e-04 -8.37715046e-06]
 [ 1.74703437e-02  1.34777635e-02  1.88137888e-02 -1.01889150e-05
  -4.93045529e-06 -2.93369948e-07  8.55156317e-01  6.21437836e-03
   2.11124791e-04 -1.35448483e-04  1.07926786e-04 -8.72214597e-06]
 [ 1.79597502e-02  1.38535598e-02  1.93413528e-02 -1.45843077e-05
  -3.69667228e-06 -1.18919899e-07  8.52841332e-01  6.28701078e-03
   2.21867680e-04 -1.38359005e-04  1.11779692e-04 -8.70929677e-06]]
std error:
[[1.57472925e-04 1.16780457e-04 1.06472796e-04 1.87624989e-06
  2.07844778e-06 6.85204381e-08 5.15861645e-04 6.61870075e-05
  1.30869016e-05 8.47886865e-06 1.09653607e-06 4.58382266e-07]
 [9.51913369e-05 1.06619958e-04 1.10294673e-04 4.98948303e-06
  2.21310621e-06 1.20507537e-07 5.22324931e-04 3.83139136e-05
  9.04749218e-06 8.66385211e-06 4.00073357e-07 4.76614121e-07]
 [9.49307696e-05 2.15985201e-05 1.51494712e-04 3.80687954e-06
  1.67065645e-06 8.48134965e-08 6.64212858e-04 2.17491476e-05
  5.12537131e-06 7.28084070e-06 6.27283176e-07 7.00009130e-07]
 [7.86574272e-05 5.99550132e-05 1.11491697e-04 9.61331710e-07
  1.05682715e-06 5.38660117e-08 3.51507285e-04 7.27493947e-05
  1.35434896e-05 2.99850680e-06 1.54762234e-06 1.41993654e-07]
 [9.78491848e-05 3.07445180e-05 7.29764328e-05 3.35635750e-06
  1.28957016e-06 1.57425546e-07 4.19678669e-04 4.30951505e-05
  1.01828318e-05 7.88397048e-06 1.10697598e-06 7.31060277e-07]
 [3.57477937e-05 8.09449311e-05 8.89209503e-05 5.41160249e-06
  2.41485679e-06 2.96606659e-07 4.47183430e-04 7.12533312e-05
  1.09632439e-05 9.48346608e-06 8.30282723e-07 6.61895605e-07]
 [6.14582870e-05 1.56095115e-04 1.40971456e-04 1.62927872e-06
  1.52467617e-06 5.08551552e-08 7.15783670e-04 6.68582416e-05
  8.00503838e-06 6.98602057e-06 1.13323439e-06 7.21043267e-07]]
Done!, time = 1.672410011291504s
