Begin!
Data shape = (250000, 5)
Begin sort function!
In centrality 0
In centrality 1
In centrality 2
In centrality 3
In centrality 4
In centrality 5
In centrality 6
end function sorter
Data shape = (250000, 5)
Begin sort function!
In centrality 0
In centrality 1
In centrality 2
In centrality 3
In centrality 4
In centrality 5
In centrality 6
end function sorter
Data shape = (250000, 5)
Begin sort function!
In centrality 0
In centrality 1
In centrality 2
In centrality 3
In centrality 4
In centrality 5
In centrality 6
end function sorter
Data shape = (250000, 5)
Begin sort function!
In centrality 0
In centrality 1
In centrality 2
In centrality 3
In centrality 4
In centrality 5
In centrality 6
end function sorter
Final results shape = (4, 7, 12)
mean value:
[[ 1.38918567e-02  1.09318543e-02  1.64043739e-02  2.20076577e-05
   4.81825509e-07 -3.38081832e-07  8.01442445e-01  4.22728982e-03
   1.15538921e-04 -7.96692009e-05  5.77345963e-05 -4.68237967e-06]
 [ 1.51470871e-02  1.15468733e-02  1.72366916e-02  1.81070856e-05
  -1.39672712e-06 -4.98274772e-07  7.85502659e-01  4.04429225e-03
   1.11821920e-04 -8.81261101e-05  6.03482482e-05 -5.39409174e-06]
 [ 1.59375836e-02  1.21372496e-02  1.78973784e-02  1.68718730e-05
  -7.59340843e-07 -5.40593066e-07  7.76504425e-01  4.00991424e-03
   1.11269265e-04 -9.26657321e-05  6.33210573e-05 -5.82957154e-06]
 [ 1.66087215e-02  1.26141504e-02  1.84959259e-02  1.52775730e-05
  -2.01703808e-06 -7.87948526e-07  7.68480695e-01  4.05008233e-03
   1.16078126e-04 -9.74200271e-05  6.68803767e-05 -6.34119120e-06]
 [ 1.73495522e-02  1.31306613e-02  1.91082065e-02  1.26371714e-05
  -7.07193319e-07 -7.17042984e-07  7.63056384e-01  4.11133794e-03
   1.24333795e-04 -1.00050953e-04  7.03581946e-05 -6.58091375e-06]
 [ 1.78469154e-02  1.35646976e-02  1.96006654e-02  8.41096001e-06
  -2.17996471e-06 -7.51077981e-07  7.59139310e-01  4.22713288e-03
   1.27335982e-04 -1.07109170e-04  7.52544875e-05 -7.05495153e-06]
 [ 1.84879468e-02  1.39601293e-02  2.01013614e-02  6.92235994e-06
  -1.61411597e-06 -5.48373863e-07  7.55311738e-01  4.27243077e-03
   1.30280344e-04 -1.00872442e-04  7.77435411e-05 -6.85780584e-06]]
std error:
[[1.00219075e-04 7.45379911e-05 8.73367595e-05 5.36286724e-06
  1.85075437e-06 1.78303847e-07 3.19385365e-04 9.64637871e-05
  8.85189195e-06 4.45019167e-06 9.13014153e-07 3.06454616e-07]
 [1.03084800e-04 2.46840438e-05 1.94164075e-04 3.04631642e-06
  1.45325577e-06 8.86032359e-08 2.71758566e-04 4.22102394e-05
  4.19347121e-06 1.92290481e-06 1.07884350e-06 2.87365956e-07]
 [5.42565186e-05 4.26576184e-05 3.96874589e-05 3.48401280e-06
  2.28965393e-06 1.43657756e-07 4.34767041e-04 2.44450559e-05
  4.39905594e-06 5.34690932e-06 4.24536610e-07 2.54698819e-07]
 [6.32945120e-05 2.85960276e-05 7.23846538e-05 2.22135229e-06
  1.13645997e-06 8.03773069e-08 2.20155851e-04 2.86411796e-05
  8.88927192e-07 8.98958918e-06 1.38328963e-06 8.65924795e-07]
 [1.45356925e-04 9.05133874e-05 9.25730581e-05 2.08106404e-06
  2.80978262e-06 2.00976860e-07 1.86108166e-04 1.93973731e-05
  2.87687204e-06 3.19301750e-06 1.04656580e-06 3.14222589e-07]
 [1.26434810e-04 9.34637788e-05 1.05833192e-04 3.02526508e-06
  2.45309028e-06 1.32667834e-07 5.91170532e-04 5.80861040e-05
  5.63672405e-06 6.44839735e-06 5.59509880e-07 6.60171351e-07]
 [9.09406576e-05 5.63647777e-05 1.20866554e-04 3.67009090e-06
  1.24639850e-06 1.22584312e-07 2.94614754e-04 6.78234669e-05
  7.53351750e-06 8.76041689e-06 7.44535009e-07 6.94564164e-07]]
Done!, time = 4.14908766746521s
