Begin!
Data shape = (250000, 5)
Begin sort function!
In centrality 0
In centrality 1
In centrality 2
In centrality 3
In centrality 4
In centrality 5
In centrality 6
end function sorter
Data shape = (250000, 5)
Begin sort function!
In centrality 0
In centrality 1
In centrality 2
In centrality 3
In centrality 4
In centrality 5
In centrality 6
end function sorter
Data shape = (250000, 5)
Begin sort function!
In centrality 0
In centrality 1
In centrality 2
In centrality 3
In centrality 4
In centrality 5
In centrality 6
end function sorter
Data shape = (250000, 5)
Begin sort function!
In centrality 0
In centrality 1
In centrality 2
In centrality 3
In centrality 4
In centrality 5
In centrality 6
end function sorter
Final results shape = (4, 7, 12)
mean value:
[[ 1.10012663e-02  1.05749493e-02  1.59454222e-02  3.12302986e-06
  -1.17325179e-06 -1.21860817e-07  8.02560006e-01  5.62604961e-04
   2.08380556e-07 -4.10262969e-05  6.60860209e-06 -1.69687259e-06]
 [ 1.15694190e-02  1.11301897e-02  1.67117951e-02 -1.60053695e-07
  -3.28258733e-06 -7.41916344e-08  8.00901233e-01  5.74505041e-04
   7.73352516e-07 -3.75549595e-05  6.95859260e-06 -1.55359751e-06]
 [ 1.20733465e-02  1.15410599e-02  1.73873493e-02 -2.34102667e-06
  -5.52779837e-07 -5.35112794e-08  7.99693981e-01  5.82027831e-04
   6.51588778e-07 -4.06536645e-05  7.32825255e-06 -1.74791993e-06]
 [ 1.25990620e-02  1.20367267e-02  1.77356788e-02 -3.22049648e-06
   1.35528021e-07 -5.69204800e-08  7.98756074e-01  5.93352277e-04
   8.79118599e-07 -3.85898998e-05  7.81385717e-06 -1.72596891e-06]
 [ 1.29936956e-02  1.24791249e-02  1.83558368e-02 -4.43426578e-06
  -2.06526298e-06 -5.86033108e-08  7.98104974e-01  6.01282908e-04
   1.00023930e-06 -3.96208958e-05  8.11488999e-06 -1.83467566e-06]
 [ 1.35033562e-02  1.30878451e-02  1.87003072e-02 -4.45186279e-06
  -2.76432138e-06 -2.90294666e-08  7.97510233e-01  6.11478389e-04
   9.83917185e-07 -3.55164913e-05  8.56580742e-06 -1.68709301e-06]
 [ 1.39358554e-02  1.34750382e-02  1.92132376e-02 -5.71837874e-06
  -2.55425056e-06 -3.73429310e-08  7.96761665e-01  6.18253878e-04
   1.14288683e-06 -3.67749225e-05  8.89775468e-06 -1.79258460e-06]]
std error:
[[1.07820988e-04 1.39947016e-05 8.77122247e-05 3.42091352e-06
  3.49278495e-06 1.30878367e-07 1.82693212e-04 3.63217446e-06
  2.40835391e-07 3.67390890e-06 9.66979591e-08 1.56006136e-07]
 [1.20548374e-04 1.65844917e-04 1.46929961e-04 2.47861147e-06
  1.15713635e-06 5.76032458e-08 1.77955832e-04 4.44392722e-06
  2.74959568e-07 5.40369584e-07 2.08302688e-07 7.69468270e-08]
 [4.95246239e-05 2.55036965e-05 4.17225199e-05 1.38698460e-06
  5.82442158e-07 1.92672034e-08 8.29115674e-05 3.59907307e-06
  9.49705294e-08 4.75926323e-07 9.37948541e-08 3.48393847e-08]
 [5.09734993e-05 7.63783169e-05 8.12433682e-05 1.69900018e-06
  4.89962520e-07 3.41628614e-08 9.33864456e-05 2.88881606e-06
  1.18535077e-07 1.93681721e-06 4.08176093e-08 1.32078539e-07]
 [5.12758675e-05 9.77380032e-05 3.63331704e-05 1.12483823e-06
  8.70979566e-07 2.15164624e-08 5.36395234e-05 1.77071869e-06
  1.32715634e-07 1.74754109e-06 6.76119058e-08 1.03914363e-07]
 [8.57737163e-05 2.51304937e-05 6.23390653e-05 1.77983649e-06
  1.44665661e-06 6.67694652e-08 5.89119153e-05 2.98323319e-06
  2.37947773e-07 2.74691589e-06 5.69445024e-08 2.11454802e-07]
 [1.01064610e-04 3.41403302e-05 6.60968365e-05 2.21069751e-06
  1.74458012e-06 4.77734362e-08 1.30660030e-04 3.59540372e-06
  2.62454570e-07 2.24799646e-06 1.17837573e-07 1.59470708e-07]]
Done!, time = 3.9524617195129395s
