Begin!
Data shape = (250000, 5)
Begin sort function!
In centrality 0
In centrality 1
In centrality 2
In centrality 3
In centrality 4
In centrality 5
In centrality 6
end function sorter
Data shape = (250000, 5)
Begin sort function!
In centrality 0
In centrality 1
In centrality 2
In centrality 3
In centrality 4
In centrality 5
In centrality 6
end function sorter
Data shape = (250000, 5)
Begin sort function!
In centrality 0
In centrality 1
In centrality 2
In centrality 3
In centrality 4
In centrality 5
In centrality 6
end function sorter
Data shape = (250000, 5)
Begin sort function!
In centrality 0
In centrality 1
In centrality 2
In centrality 3
In centrality 4
In centrality 5
In centrality 6
end function sorter
Final results shape = (4, 7, 12)
mean value:
[[ 1.21184642e-02  1.12923012e-02  1.59685885e-02 -2.86280457e-07
  -2.15263825e-06 -8.23920823e-08  8.04928474e-01  4.26653040e-03
   1.24424866e-04 -3.30622951e-05  5.14681913e-05 -1.45929098e-06]
 [ 1.29269402e-02  1.17824726e-02  1.66946374e-02  2.23912200e-07
  -1.65494042e-07 -1.94792884e-07  7.87861305e-01  4.00808534e-03
   1.14876997e-04 -3.82352869e-05  5.09928633e-05 -1.72807705e-06]
 [ 1.33731831e-02  1.22273681e-02  1.72645268e-02 -1.73370149e-06
  -2.61390802e-06 -2.04255236e-07  7.78541385e-01  4.03498926e-03
   1.22856871e-04 -4.34246496e-05  5.31025893e-05 -2.14324290e-06]
 [ 1.38442516e-02  1.26921200e-02  1.79242203e-02 -4.33248774e-06
  -2.67416788e-06 -1.72242620e-07  7.70792059e-01  4.07309158e-03
   1.29984657e-04 -3.56537382e-05  5.61910147e-05 -1.79705083e-06]
 [ 1.43846459e-02  1.30894384e-02  1.83650610e-02 -5.02322321e-06
  -3.55532896e-06 -1.19342220e-07  7.65192474e-01  4.14563610e-03
   1.36815854e-04 -3.43597752e-05  5.95206740e-05 -1.75716279e-06]
 [ 1.46660235e-02  1.34445266e-02  1.88351717e-02 -8.62663463e-06
  -3.16576852e-06 -5.08444317e-08  7.61262378e-01  4.15505722e-03
   1.35634418e-04 -2.86795076e-05  6.01996957e-05 -1.39447485e-06]
 [ 1.50947255e-02  1.38500380e-02  1.92760731e-02 -9.70857977e-06
  -4.35641829e-06  3.90353872e-08  7.57786967e-01  4.27836103e-03
   1.44775499e-04 -2.61123627e-05  6.44569531e-05 -1.37232318e-06]]
std error:
[[1.16449382e-04 4.73676859e-05 1.57930560e-04 2.85398593e-06
  2.64075961e-06 7.88907193e-08 3.38450436e-04 3.29732923e-05
  9.57271067e-06 7.87751860e-06 1.08239821e-06 3.25037544e-07]
 [1.51984942e-04 7.10512850e-05 1.05201545e-04 4.05077765e-06
  1.43030667e-06 3.44469264e-08 1.51712864e-04 3.17580450e-05
  4.25130109e-06 3.38171477e-06 1.14409714e-06 2.08009878e-07]
 [5.49559536e-05 4.08471795e-05 5.23276142e-05 2.88383224e-06
  2.22279531e-06 3.55022660e-08 3.58146784e-04 2.38079539e-05
  2.34585234e-06 4.18162173e-06 5.68647647e-07 3.74865869e-07]
 [7.10462720e-05 7.85361913e-05 1.19141715e-04 2.00107274e-06
  2.73150324e-06 6.71989373e-08 4.91591205e-04 1.06308759e-05
  2.85584583e-06 4.02515934e-06 3.46895637e-07 2.08463075e-07]
 [9.19761197e-05 3.89307972e-05 1.32066749e-04 3.12454768e-06
  2.03860962e-06 8.20303970e-08 3.86936547e-05 1.58966414e-05
  3.76418897e-06 3.66916893e-06 5.80365466e-07 2.67989484e-07]
 [4.48740824e-05 5.24272856e-05 5.43978624e-05 1.41959414e-06
  3.32322404e-06 9.25529723e-08 7.10732195e-05 3.54357375e-05
  5.26308007e-06 2.93204386e-06 4.89760127e-07 1.84502131e-07]
 [7.53298494e-05 7.27687523e-05 9.30668393e-05 9.96926614e-07
  2.23935857e-06 9.73131911e-08 1.60939695e-04 6.83264677e-05
  4.98133165e-06 6.65743952e-06 8.90003972e-07 4.30789949e-07]]
Done!, time = 4.07177996635437s
