Begin!
Data shape = (250000, 5)
Begin sort function!
In centrality 0
In centrality 1
In centrality 2
In centrality 3
In centrality 4
In centrality 5
In centrality 6
end function sorter
Data shape = (250000, 5)
Begin sort function!
In centrality 0
In centrality 1
In centrality 2
In centrality 3
In centrality 4
In centrality 5
In centrality 6
end function sorter
Data shape = (250000, 5)
Begin sort function!
In centrality 0
In centrality 1
In centrality 2
In centrality 3
In centrality 4
In centrality 5
In centrality 6
end function sorter
Data shape = (250000, 5)
Begin sort function!
In centrality 0
In centrality 1
In centrality 2
In centrality 3
In centrality 4
In centrality 5
In centrality 6
end function sorter
Final results shape = (4, 7, 12)
mean value:
[[ 1.43698751e-02  9.47755463e-03  1.48847465e-02 -1.99074759e-06
   7.90840967e-07 -4.29806061e-07  9.62620126e-01  9.99257121e-03
   6.11816096e-04 -1.34115698e-04  1.41214709e-04 -6.91021261e-06]
 [ 1.52570011e-02  1.03905993e-02  1.60670156e-02 -6.51196930e-06
   3.98792634e-07 -3.75399148e-07  9.39842139e-01  9.54055289e-03
   5.89828309e-04 -1.42110727e-04  1.43904076e-04 -7.83166558e-06]
 [ 1.62541926e-02  1.11846754e-02  1.70466793e-02 -1.36736332e-05
   9.55766919e-07 -2.28954987e-07  9.28600024e-01  9.57389549e-03
   5.64894481e-04 -1.36594854e-04  1.52518969e-04 -7.59166804e-06]
 [ 1.69500939e-02  1.19638324e-02  1.77449234e-02 -1.79241609e-05
   9.06520148e-07 -1.76152598e-07  9.20460835e-01  9.60299817e-03
   5.72653506e-04 -1.33104033e-04  1.59143130e-04 -7.75409565e-06]
 [ 1.77647748e-02  1.28611127e-02  1.82097470e-02 -2.04686154e-05
   1.97838810e-06 -1.04963145e-07  9.18234387e-01  1.00456428e-02
   6.17833766e-04 -1.24814851e-04  1.75555475e-04 -7.39660554e-06]
 [ 1.84998393e-02  1.34954875e-02  1.88376821e-02 -2.45529549e-05
   2.60648199e-07 -1.17469751e-07  9.16774815e-01  1.02907175e-02
   6.21774092e-04 -1.27595283e-04  1.86465201e-04 -7.90276574e-06]
 [ 1.92761559e-02  1.42903445e-02  1.92454770e-02 -2.18227636e-05
  -7.19375954e-08 -1.30310180e-07  9.17713945e-01  1.04202195e-02
   6.21455347e-04 -1.25190114e-04  1.96580707e-04 -7.98661434e-06]]
std error:
[[6.02017671e-05 9.74562113e-05 8.31484255e-05 5.21592968e-06
  1.14582431e-06 1.54020280e-07 4.46141740e-04 2.12005911e-04
  3.75286008e-05 2.14031411e-05 4.69629981e-06 1.17504790e-06]
 [1.23278324e-04 3.72651338e-05 1.38889885e-04 2.27730954e-06
  1.27259841e-06 2.35548440e-08 3.01660987e-04 1.28244701e-04
  2.81187687e-05 1.16176003e-05 3.44368372e-06 4.88564107e-07]
 [7.84691736e-05 1.20517727e-04 5.96403346e-05 3.02293276e-06
  1.30818451e-06 6.79701693e-08 2.86170829e-04 6.81634271e-05
  1.29089923e-05 5.70995554e-06 2.44438318e-06 4.31130235e-07]
 [1.12907063e-04 6.03471623e-05 1.09578576e-04 1.62957927e-06
  1.06669635e-06 9.86828624e-08 6.34576517e-04 7.48090570e-05
  2.56814044e-05 1.19615808e-05 1.96937983e-06 8.05144269e-07]
 [8.51202283e-05 8.15118485e-05 5.03878518e-05 1.75431945e-06
  2.65295958e-06 1.19167216e-07 4.46464782e-04 4.58874039e-05
  1.27578577e-05 5.49679228e-06 1.31440613e-06 2.68949618e-07]
 [5.89883018e-05 6.13469173e-05 9.13844719e-05 4.08585183e-06
  1.41030149e-06 5.91820445e-08 1.03515220e-03 1.43772104e-04
  3.16573599e-05 2.57959345e-06 3.87750074e-06 5.56670920e-07]
 [1.56878618e-04 5.18448515e-05 1.31405198e-05 2.84526871e-06
  1.61881391e-06 1.42423315e-07 3.61704406e-04 9.88865086e-05
  3.19300836e-05 1.75304390e-05 2.71517641e-06 1.45612993e-06]]
Done!, time = 3.886183738708496s
