Begin!
Data shape = (250000, 5)
Begin sort function!
In centrality 0
In centrality 1
In centrality 2
In centrality 3
In centrality 4
In centrality 5
In centrality 6
end function sorter
Data shape = (250000, 5)
Begin sort function!
In centrality 0
In centrality 1
In centrality 2
In centrality 3
In centrality 4
In centrality 5
In centrality 6
end function sorter
Data shape = (250000, 5)
Begin sort function!
In centrality 0
In centrality 1
In centrality 2
In centrality 3
In centrality 4
In centrality 5
In centrality 6
end function sorter
Data shape = (250000, 5)
Begin sort function!
In centrality 0
In centrality 1
In centrality 2
In centrality 3
In centrality 4
In centrality 5
In centrality 6
end function sorter
Final results shape = (4, 7, 12)
mean value:
[[ 1.58098400e-02  1.03898839e-02  1.53358680e-02  5.21115068e-05
  -1.93442077e-06 -1.04760862e-06  8.61982371e-01  1.20298376e-03
   1.33928727e-06 -1.91513089e-04  2.18541587e-05 -1.21949597e-05]
 [ 1.73094640e-02  1.08617994e-02  1.63393339e-02  3.54434807e-05
  -8.72378321e-07 -1.38600744e-06  8.56865603e-01  1.23263622e-03
   3.14258996e-06 -1.95791428e-04  2.38029836e-05 -1.29517337e-05]
 [ 1.81601378e-02  1.13808830e-02  1.69034206e-02  2.94861536e-05
  -1.76558242e-06 -1.34226344e-06  8.53873248e-01  1.24523370e-03
   3.94723578e-06 -1.98708063e-04  2.47027715e-05 -1.35218148e-05]
 [ 1.91575513e-02  1.20191753e-02  1.76685844e-02  2.25208608e-05
   1.20094402e-06 -1.36367202e-06  8.50864493e-01  1.25513093e-03
   4.49325401e-06 -1.93410087e-04  2.57363677e-05 -1.34909067e-05]
 [ 1.96718244e-02  1.25803788e-02  1.81799893e-02  1.35943994e-05
  -1.66825890e-06 -1.08837492e-06  8.49509577e-01  1.28043674e-03
   5.55980319e-06 -1.87328605e-04  2.67192911e-05 -1.34615897e-05]
 [ 2.04293135e-02  1.30932913e-02  1.88240912e-02  9.65161652e-06
  -1.67087484e-06 -1.13777698e-06  8.48063773e-01  1.30055279e-03
   5.40460086e-06 -1.89066969e-04  2.79716554e-05 -1.40012404e-05]
 [ 2.12089164e-02  1.37469962e-02  1.94034627e-02  9.80498470e-06
  -4.22302373e-06 -8.90537766e-07  8.47226442e-01  1.33307199e-03
   7.30256477e-06 -1.86327894e-04  2.94880586e-05 -1.43788387e-05]]
std error:
[[1.54577824e-04 7.79649949e-05 1.42588194e-04 3.91800961e-06
  1.59757567e-06 1.50886044e-07 1.77923847e-04 1.56663647e-05
  7.65312404e-07 7.53903544e-06 6.85828020e-07 6.66697433e-07]
 [1.61431241e-04 8.42448555e-05 1.00683051e-04 3.25453094e-06
  9.80885182e-07 2.76824610e-07 2.74487736e-04 1.04300781e-05
  3.97935622e-07 3.55636246e-06 1.10294488e-07 4.16401909e-07]
 [3.92084564e-05 3.72874704e-05 7.07518222e-05 5.88676999e-06
  2.35474991e-06 9.74483999e-08 2.11218739e-04 6.42735095e-06
  6.49403161e-07 2.82864897e-06 1.16439474e-07 4.47133743e-07]
 [3.64706503e-05 6.47463209e-05 9.99164716e-05 4.99807719e-06
  5.11612863e-07 2.87714429e-07 1.72467921e-04 1.96120375e-05
  5.96451071e-07 1.45966006e-06 5.17559598e-07 1.87724486e-07]
 [7.24763328e-05 5.95881653e-05 1.45246258e-04 2.95541515e-06
  1.12434731e-06 2.88649237e-07 2.99715396e-04 9.93595362e-06
  3.60345687e-07 2.98847709e-06 3.97507378e-07 2.92374128e-07]
 [1.03696028e-04 3.14249329e-05 8.55871862e-05 6.64160509e-06
  2.61870335e-07 3.48735974e-07 2.18872990e-04 1.22244999e-05
  4.97873255e-07 2.59959605e-06 1.59217242e-07 4.66767013e-07]
 [1.67450132e-04 7.66863419e-05 1.01302204e-04 6.14386888e-06
  1.30950133e-06 3.21093284e-07 1.79901721e-04 1.83601513e-05
  4.70923813e-07 3.31291089e-06 6.65369545e-07 2.83729574e-07]]
Done!, time = 3.9866151809692383s
