Begin!
Data shape = (250000, 5)
Begin sort function!
In centrality 0
In centrality 1
In centrality 2
In centrality 3
In centrality 4
In centrality 5
In centrality 6
end function sorter
Data shape = (250000, 5)
Begin sort function!
In centrality 0
In centrality 1
In centrality 2
In centrality 3
In centrality 4
In centrality 5
In centrality 6
end function sorter
Data shape = (250000, 5)
Begin sort function!
In centrality 0
In centrality 1
In centrality 2
In centrality 3
In centrality 4
In centrality 5
In centrality 6
end function sorter
Data shape = (250000, 5)
Begin sort function!
In centrality 0
In centrality 1
In centrality 2
In centrality 3
In centrality 4
In centrality 5
In centrality 6
end function sorter
Final results shape = (4, 7, 12)
mean value:
[[ 1.61041016e-02  9.40948028e-03  1.41565601e-02  4.96350155e-05
   8.13493211e-07 -2.13620356e-06  9.22782163e-01  1.07145971e-03
  -6.33807436e-06 -2.66851746e-04  2.33973934e-05 -1.63333309e-05]
 [ 1.77186380e-02  1.00929517e-02  1.53671997e-02  2.18873019e-05
   1.71874404e-06 -2.12091935e-06  9.18682453e-01  1.08559454e-03
  -2.23459389e-06 -2.61723286e-04  2.37231133e-05 -1.63466983e-05]
 [ 1.88632539e-02  1.08138611e-02  1.62942211e-02  1.22054898e-05
   8.19149201e-07 -1.92390702e-06  9.16478283e-01  1.10811594e-03
  -1.77719227e-07 -2.56621000e-04  2.45134368e-05 -1.67566786e-05]
 [ 1.97598722e-02  1.17182720e-02  1.72820618e-02  4.73616245e-07
   9.81942667e-07 -1.36416377e-06  9.14874897e-01  1.11906319e-03
   2.01038334e-06 -2.42471796e-04  2.49853927e-05 -1.65930284e-05]
 [ 2.05325049e-02  1.26200665e-02  1.80671162e-02 -9.66885102e-06
   3.10129282e-07 -8.99746436e-07  9.14279990e-01  1.15498379e-03
   2.41136069e-06 -2.24829423e-04  2.61179859e-05 -1.59136707e-05]
 [ 2.12610696e-02  1.35517945e-02  1.87481440e-02 -1.07072350e-05
  -1.15809515e-06 -7.87692311e-07  9.14126424e-01  1.19124366e-03
   3.78444758e-06 -2.17248912e-04  2.76780462e-05 -1.62666758e-05]
 [ 2.23319773e-02  1.46020251e-02  1.93060606e-02 -1.37823266e-05
  -5.41841135e-06 -8.45970254e-07  9.13659994e-01  1.21750790e-03
   4.59273434e-06 -2.15367459e-04  2.93626093e-05 -1.70053908e-05]]
std error:
[[7.40963731e-05 4.88065700e-05 1.09936790e-04 3.60003686e-06
  9.16588906e-07 1.22691979e-07 2.05520922e-04 1.55028180e-05
  5.67067257e-07 3.49304477e-06 4.48012650e-07 1.78615831e-07]
 [8.71584132e-05 3.37236333e-05 6.42468352e-05 5.05922398e-06
  1.99853797e-06 2.26599147e-07 1.92143554e-04 7.60530614e-06
  2.90705538e-07 6.09635095e-06 2.67191154e-07 5.14083340e-07]
 [1.13094450e-04 1.90772850e-05 8.28924808e-05 3.29914111e-06
  1.18061719e-06 7.33260068e-08 1.55829464e-04 5.24659253e-06
  3.16986234e-07 2.84153721e-06 2.78779968e-07 2.78719988e-07]
 [6.70694942e-05 5.56438620e-05 1.28051003e-04 2.98837929e-06
  1.81621757e-06 2.00074459e-07 2.04108549e-04 8.73762651e-06
  4.57797958e-07 4.23426670e-06 2.14829918e-07 3.85403178e-07]
 [1.25918688e-04 7.22789487e-05 7.71812975e-05 2.24220943e-06
  2.09421009e-06 9.20583865e-08 4.49804231e-05 2.36068905e-06
  3.49993093e-07 4.29297930e-06 2.53288046e-07 4.07853698e-07]
 [1.41086512e-04 4.64782467e-05 7.26927304e-05 4.53437115e-06
  2.41710239e-06 2.08095178e-07 1.75808194e-04 5.83292451e-06
  2.15371536e-07 2.28867570e-06 2.64459545e-07 3.24238606e-07]
 [1.30270994e-04 6.79909512e-05 1.74214446e-04 5.64535223e-06
  1.23985167e-06 3.00824519e-07 1.42620777e-04 1.00240587e-05
  1.01377970e-07 7.47344780e-06 4.87635330e-07 7.52711760e-07]]
Done!, time = 4.018979787826538s
