Begin!
Data shape = (250000, 5)
Begin sort function!
In centrality 0
In centrality 1
In centrality 2
In centrality 3
In centrality 4
In centrality 5
In centrality 6
end function sorter
Data shape = (250000, 5)
Begin sort function!
In centrality 0
In centrality 1
In centrality 2
In centrality 3
In centrality 4
In centrality 5
In centrality 6
end function sorter
Data shape = (250000, 5)
Begin sort function!
In centrality 0
In centrality 1
In centrality 2
In centrality 3
In centrality 4
In centrality 5
In centrality 6
end function sorter
Data shape = (250000, 5)
Begin sort function!
In centrality 0
In centrality 1
In centrality 2
In centrality 3
In centrality 4
In centrality 5
In centrality 6
end function sorter
Final results shape = (4, 7, 12)
mean value:
[[ 1.15074145e-02  9.80042016e-03  1.55148215e-02  1.80195585e-05
   1.71851254e-06 -1.30011489e-07  8.67302809e-01  2.28996686e-03
   2.72277326e-05 -6.39362442e-05  2.69198330e-05 -3.10428772e-06]
 [ 1.25523963e-02  1.04294437e-02  1.64584571e-02  1.86109372e-05
   4.23840165e-07 -1.64102361e-07  8.60116477e-01  2.31301982e-03
   2.79786809e-05 -6.75700003e-05  2.96947886e-05 -3.53060249e-06]
 [ 1.32756379e-02  1.10492064e-02  1.70434448e-02  1.70343676e-05
   6.46332545e-07 -1.89446232e-07  8.56477006e-01  2.32036551e-03
   2.99301156e-05 -6.97059795e-05  3.14358749e-05 -3.73789509e-06]
 [ 1.40894773e-02  1.18050373e-02  1.76819446e-02  1.59128655e-05
   2.71569829e-06 -2.53014050e-07  8.53562322e-01  2.33770616e-03
   3.13029907e-05 -7.03576580e-05  3.33271839e-05 -4.04472074e-06]
 [ 1.47396077e-02  1.25036035e-02  1.83170283e-02  1.64133758e-05
   2.04363049e-06 -2.18197689e-07  8.52173077e-01  2.41030304e-03
   3.13997757e-05 -7.50446697e-05  3.62515164e-05 -4.56531561e-06]
 [ 1.55183319e-02  1.32473934e-02  1.87305451e-02  1.50549411e-05
  -4.30056724e-08 -1.98615193e-07  8.51023429e-01  2.42579426e-03
   3.33483883e-05 -6.85483092e-05  3.82897861e-05 -4.49103925e-06]
 [ 1.62336890e-02  1.40079079e-02  1.91931573e-02  1.08758973e-05
  -4.18329826e-07 -3.37419715e-07  8.50524723e-01  2.46280266e-03
   3.30724041e-05 -6.84421731e-05  4.06379349e-05 -4.49330373e-06]]
std error:
[[6.44945211e-05 5.80447416e-05 1.30213583e-04 1.38393459e-06
  1.52863703e-06 1.20911913e-07 4.13586336e-04 3.02599870e-05
  1.58930442e-06 7.24063403e-07 3.13032054e-07 6.57900739e-08]
 [1.87952836e-04 4.70761370e-05 1.67488836e-04 3.29103395e-06
  1.47314266e-06 7.95739123e-08 4.01079710e-04 3.84954053e-05
  2.72081440e-06 3.72195901e-06 5.04160482e-07 2.24155632e-07]
 [1.25719480e-04 3.62689388e-05 1.51229485e-04 3.34662719e-06
  1.16058576e-06 1.71942407e-07 4.63366586e-04 1.81687897e-05
  2.40341608e-06 2.58759518e-06 3.57575805e-07 2.69444742e-07]
 [3.02208189e-05 4.49612562e-05 4.08452989e-05 9.71745589e-07
  2.32168064e-06 3.97180734e-08 7.98300598e-05 1.83315075e-05
  1.24974596e-06 9.81104874e-07 3.94669052e-07 5.41552997e-08]
 [8.76559748e-05 5.08165060e-05 8.65031635e-05 1.25148812e-06
  1.35737332e-06 1.12661160e-07 9.55954568e-05 1.56861753e-05
  7.14180370e-07 1.66275570e-06 2.54409915e-07 1.14474022e-07]
 [4.86418787e-05 3.76970495e-05 1.08389930e-04 2.63118450e-06
  2.29277382e-06 1.49634433e-07 2.82256406e-04 2.56257746e-05
  1.78416617e-06 4.99226194e-06 4.00199890e-07 4.29726067e-07]
 [4.48857087e-05 8.90775549e-05 6.29728312e-05 3.45607068e-06
  8.27504471e-07 1.50154287e-07 3.24357747e-04 1.49035170e-05
  1.12751586e-06 3.31432762e-06 3.56868419e-07 3.34261478e-07]]
Done!, time = 4.1947104930877686s
