Begin!
Data shape = (250000, 5)
Begin sort function!
In centrality 0
In centrality 1
In centrality 2
In centrality 3
In centrality 4
In centrality 5
In centrality 6
end function sorter
Data shape = (250000, 5)
Begin sort function!
In centrality 0
In centrality 1
In centrality 2
In centrality 3
In centrality 4
In centrality 5
In centrality 6
end function sorter
Data shape = (250000, 5)
Begin sort function!
In centrality 0
In centrality 1
In centrality 2
In centrality 3
In centrality 4
In centrality 5
In centrality 6
end function sorter
Data shape = (250000, 5)
Begin sort function!
In centrality 0
In centrality 1
In centrality 2
In centrality 3
In centrality 4
In centrality 5
In centrality 6
end function sorter
Final results shape = (4, 7, 12)
mean value:
[[ 1.39029960e-02  1.12946348e-02  1.57992789e-02  3.95159964e-05
  -2.24203089e-06 -2.66404477e-07  7.67901001e-01  7.24229237e-04
   5.63888956e-07 -1.15100163e-04  1.20197611e-05 -7.06261151e-06]
 [ 1.52722898e-02  1.16559752e-02  1.64284104e-02  3.87730200e-05
  -3.50764753e-07 -3.62906745e-07  7.64231927e-01  7.27752209e-04
   8.20977934e-07 -1.22463628e-04  1.29852399e-05 -7.87284859e-06]
 [ 1.63780011e-02  1.20104066e-02  1.70645300e-02  3.43178722e-05
  -1.79783616e-06 -4.92301420e-07  7.61826671e-01  7.36976793e-04
   1.39473109e-06 -1.30626303e-04  1.38069934e-05 -8.77855142e-06]
 [ 1.73021343e-02  1.24539271e-02  1.76185145e-02  3.07749981e-05
  -2.77211006e-06 -5.94227162e-07  7.59944323e-01  7.49495608e-04
   1.93373999e-06 -1.34965977e-04  1.45810665e-05 -9.31027101e-06]
 [ 1.79917420e-02  1.28679521e-02  1.80864467e-02  2.52079975e-05
  -2.71336904e-06 -7.95197165e-07  7.58264534e-01  7.50849644e-04
   2.21571856e-06 -1.35291873e-04  1.49601904e-05 -9.47680973e-06]
 [ 1.86826928e-02  1.32401948e-02  1.86674052e-02  1.76109649e-05
  -2.88757785e-06 -5.63750355e-07  7.56933320e-01  7.70358147e-04
   2.56877066e-06 -1.33349438e-04  1.57458567e-05 -9.61467017e-06]
 [ 1.93826320e-02  1.35834367e-02  1.91665198e-02  2.16137974e-05
  -4.34496548e-06 -7.79067292e-07  7.55760052e-01  7.65652250e-04
   2.65577931e-06 -1.37204578e-04  1.60535994e-05 -1.02161679e-05]]
std error:
[[8.31609149e-05 6.73226645e-05 7.32737533e-05 3.98169423e-06
  9.44728943e-07 2.32755728e-07 2.62905814e-04 9.70059638e-06
  2.42685645e-07 5.12849048e-06 2.79317245e-07 4.83624003e-07]
 [1.26301931e-04 8.08561847e-05 1.18342644e-04 3.85009263e-06
  1.43400775e-06 4.88270945e-07 2.05072736e-04 6.74261682e-06
  2.68452400e-07 3.99376478e-06 2.64465607e-07 1.52867265e-07]
 [5.51186223e-05 4.15873416e-05 1.07046718e-04 5.28652804e-06
  1.10904412e-06 1.49511844e-07 2.12587837e-04 6.50326301e-06
  1.43597315e-07 2.80079262e-06 1.23434467e-07 2.06593245e-07]
 [6.34881810e-05 6.86753220e-05 1.01662144e-04 4.45324217e-06
  1.66392979e-06 1.45578029e-07 4.39301614e-05 4.67691596e-06
  2.39981424e-07 3.72754222e-06 1.94530192e-07 4.34275867e-07]
 [5.35670856e-05 9.09883163e-05 1.24389736e-04 3.31940647e-06
  3.72173790e-06 1.13073526e-07 1.68010716e-04 5.34851125e-06
  1.46589994e-07 1.61078789e-06 1.09617078e-07 2.08415462e-07]
 [6.05540689e-05 9.11587171e-05 8.47367843e-05 3.51781488e-06
  1.30518871e-06 2.51664336e-07 2.25701103e-04 9.69164956e-06
  1.41260799e-07 6.13228230e-06 3.71193256e-07 6.44866236e-07]
 [9.97051152e-05 5.74090188e-05 9.57020789e-05 1.14566584e-06
  5.75723177e-07 2.59954003e-07 1.84910231e-04 6.01571844e-06
  1.16296579e-07 2.89582880e-06 2.34885824e-07 2.76090127e-07]]
Done!, time = 4.2270731925964355s
