Begin!
Data shape = (250000, 5)
Begin sort function!
In centrality 0
In centrality 1
In centrality 2
In centrality 3
In centrality 4
In centrality 5
In centrality 6
end function sorter
Data shape = (250000, 5)
Begin sort function!
In centrality 0
In centrality 1
In centrality 2
In centrality 3
In centrality 4
In centrality 5
In centrality 6
end function sorter
Data shape = (250000, 5)
Begin sort function!
In centrality 0
In centrality 1
In centrality 2
In centrality 3
In centrality 4
In centrality 5
In centrality 6
end function sorter
Data shape = (250000, 5)
Begin sort function!
In centrality 0
In centrality 1
In centrality 2
In centrality 3
In centrality 4
In centrality 5
In centrality 6
end function sorter
Final results shape = (4, 7, 12)
mean value:
[[ 1.57316592e-02  1.02492250e-02  1.47650024e-02  5.44415662e-05
   7.75765558e-07 -1.07137880e-06  8.54067997e-01  6.14434088e-03
   2.61490295e-04 -1.15902024e-04  9.46422858e-05 -7.94246608e-06]
 [ 1.72309309e-02  1.10092385e-02  1.57796830e-02  5.30590729e-05
  -1.18714272e-06 -1.08671764e-06  8.33969205e-01  5.80657605e-03
   2.52371515e-04 -1.25893788e-04  9.95313229e-05 -9.44999944e-06]
 [ 1.84563115e-02  1.17446765e-02  1.66593099e-02  3.78622947e-05
  -2.78507481e-06 -1.49327877e-06  8.22455021e-01  5.72844049e-03
   2.42204353e-04 -1.29716705e-04  1.03609248e-04 -9.51386904e-06]
 [ 1.95637983e-02  1.22853855e-02  1.74833796e-02  3.52311667e-05
  -6.50219054e-07 -1.62918081e-06  8.14603236e-01  5.93897516e-03
   2.72822481e-04 -1.53011881e-04  1.13822020e-04 -1.15970301e-05]
 [ 2.02695894e-02  1.28375514e-02  1.80502289e-02  3.28095566e-05
  -2.49856670e-06 -1.83191350e-06  8.09177451e-01  6.00666192e-03
   2.72575206e-04 -1.56822113e-04  1.19664588e-04 -1.19710216e-05]
 [ 2.09488665e-02  1.33593291e-02  1.85614903e-02  2.83531695e-05
  -1.20757226e-07 -1.98784733e-06  8.05522749e-01  6.19602956e-03
   2.78783570e-04 -1.58334410e-04  1.27621374e-04 -1.25629943e-05]
 [ 2.18658096e-02  1.39102062e-02  1.90635934e-02  2.31204676e-05
  -2.13802751e-06 -2.12725789e-06  8.03122706e-01  6.30845373e-03
   2.81555304e-04 -1.57562298e-04  1.35570700e-04 -1.28970709e-05]]
std error:
[[5.82183240e-05 6.34957689e-05 1.42064028e-04 5.25039500e-06
  2.02215828e-06 9.76470357e-08 1.20431012e-03 8.94931673e-05
  1.51735994e-05 1.49616882e-06 1.67930119e-06 9.06762725e-08]
 [1.58621679e-04 9.11004308e-05 1.14002491e-04 3.50008997e-06
  1.65398855e-06 3.77832157e-07 3.06987489e-04 8.67375637e-05
  1.51578795e-05 1.60823930e-05 2.95399788e-06 1.26377522e-06]
 [1.03570999e-04 2.93628949e-05 7.88758729e-05 1.99843729e-06
  1.24101629e-06 3.00057521e-07 2.36768042e-04 3.35553291e-05
  9.34946666e-06 9.39571662e-06 1.54152463e-06 6.75852592e-07]
 [1.49985488e-04 8.67232396e-05 1.97818885e-04 2.36595765e-06
  2.49300969e-07 2.01219596e-07 3.02088652e-04 6.84231841e-05
  7.24800504e-06 5.25943808e-06 2.26687846e-06 5.77202216e-07]
 [1.72652101e-04 7.14924626e-05 8.38302307e-05 8.09920319e-06
  1.54690173e-06 9.50531772e-08 2.45419811e-04 4.41181299e-05
  1.94747251e-05 1.02441980e-05 8.96465770e-07 9.96347649e-07]
 [6.97626677e-05 9.22325124e-05 9.97124172e-05 4.68892309e-06
  1.64094186e-06 1.50415153e-07 4.42345196e-04 4.72993630e-05
  1.23260605e-05 6.33210010e-06 9.26564462e-07 5.27750858e-07]
 [7.31493568e-05 5.93890827e-05 1.23588014e-04 5.42065312e-06
  1.35077325e-06 3.28624953e-07 3.31747294e-04 3.51214639e-05
  3.66003732e-06 1.07458603e-05 4.31374915e-07 7.62252585e-07]]
Done!, time = 3.952491521835327s
