Begin!
Data shape = (250000, 5)
Begin sort function!
In centrality 0
In centrality 1
In centrality 2
In centrality 3
In centrality 4
In centrality 5
In centrality 6
end function sorter
Data shape = (250000, 5)
Begin sort function!
In centrality 0
In centrality 1
In centrality 2
In centrality 3
In centrality 4
In centrality 5
In centrality 6
end function sorter
Data shape = (250000, 5)
Begin sort function!
In centrality 0
In centrality 1
In centrality 2
In centrality 3
In centrality 4
In centrality 5
In centrality 6
end function sorter
Data shape = (250000, 5)
Begin sort function!
In centrality 0
In centrality 1
In centrality 2
In centrality 3
In centrality 4
In centrality 5
In centrality 6
end function sorter
Final results shape = (4, 7, 12)
mean value:
[[ 1.30641662e-02  1.08177880e-02  1.61304183e-02  1.16970175e-05
  -1.45444003e-06 -4.28999096e-07  7.62473411e-01  5.99883986e-04
  -1.17845218e-06 -8.77796687e-05  9.20466526e-06 -4.35796393e-06]
 [ 1.41399430e-02  1.13204137e-02  1.68498535e-02  8.74623855e-06
  -1.59200559e-06 -5.55414495e-07  7.59537947e-01  6.12741501e-04
  -2.21450824e-07 -8.96264635e-05  9.70674396e-06 -4.63112167e-06]
 [ 1.49159806e-02  1.17325079e-02  1.76781704e-02  2.15242562e-06
  -1.34120612e-06 -3.77884047e-07  7.57555888e-01  6.28886432e-04
   1.83146582e-07 -9.14069994e-05  1.02363494e-05 -4.89938228e-06]
 [ 1.55541023e-02  1.23405818e-02  1.81514831e-02 -2.28871289e-06
  -1.68879817e-06 -2.25826042e-07  7.56069550e-01  6.36989255e-04
   6.85937045e-07 -8.88440898e-05  1.06567190e-05 -4.88048125e-06]
 [ 1.60356966e-02  1.27639721e-02  1.88635396e-02 -9.36927482e-06
  -9.69161359e-07 -1.72482596e-07  7.54896413e-01  6.42729934e-04
   9.68869571e-07 -8.46950618e-05  1.09098005e-05 -4.75224257e-06]
 [ 1.65247779e-02  1.32508952e-02  1.91455873e-02 -1.25449542e-05
  -2.82987463e-06 -1.53885580e-07  7.54011456e-01  6.49964962e-04
   1.13527050e-06 -8.28122979e-05  1.12635540e-05 -4.78859116e-06]
 [ 1.70631194e-02  1.37663846e-02  1.96520500e-02 -1.10114893e-05
  -2.63658130e-06 -1.20960465e-07  7.53128663e-01  6.59870338e-04
   1.57232164e-06 -8.28754520e-05  1.17289372e-05 -5.00676877e-06]]
std error:
[[1.19378626e-04 6.83583731e-05 1.00496708e-04 1.51497640e-06
  1.74660545e-06 1.24446150e-07 2.51987804e-04 4.12831247e-06
  3.17049173e-07 1.34478567e-06 8.90771935e-08 1.11629962e-07]
 [1.19098506e-04 1.29612278e-04 9.12350746e-05 2.24276676e-06
  1.60661015e-06 3.43778311e-08 8.01364118e-05 2.62477542e-06
  1.79475252e-07 1.55623551e-06 1.86431214e-07 4.99352646e-08]
 [5.35899029e-05 2.93902921e-05 6.41006905e-05 2.83675438e-06
  1.47088293e-06 3.12754980e-08 1.36445816e-04 3.78743668e-06
  2.45055496e-07 1.88508094e-06 5.11685281e-08 9.47156152e-08]
 [4.06573882e-05 1.88173222e-05 9.85340365e-05 2.49124389e-06
  8.35934734e-07 4.10527646e-08 1.73451305e-04 4.61777568e-06
  1.71342167e-07 1.67012489e-06 8.63652053e-08 1.43155951e-07]
 [3.87360495e-05 1.28496756e-04 1.16465321e-04 2.31792888e-06
  8.38170175e-07 5.21964443e-08 1.29010473e-04 1.19078436e-06
  1.18452763e-07 1.21201664e-06 5.13213026e-08 9.64859534e-08]
 [6.40020278e-05 8.51981654e-05 1.29185231e-04 2.24808629e-06
  2.24230281e-06 1.12736916e-07 2.14757016e-04 2.73371296e-06
  2.26760254e-07 1.89451253e-06 8.87101460e-08 1.03828951e-07]
 [7.10472769e-05 9.56626984e-05 2.07859381e-04 1.43929437e-06
  1.54228802e-06 1.68602483e-07 4.66396771e-05 4.95799614e-06
  2.28516392e-07 1.99546204e-06 4.05848432e-08 2.10332616e-07]]
Done!, time = 3.9526736736297607s
