Begin!
Data shape = (250000, 5)
Begin sort function!
In centrality 0
In centrality 1
In centrality 2
In centrality 3
In centrality 4
In centrality 5
In centrality 6
end function sorter
Data shape = (250000, 5)
Begin sort function!
In centrality 0
In centrality 1
In centrality 2
In centrality 3
In centrality 4
In centrality 5
In centrality 6
end function sorter
Data shape = (250000, 5)
Begin sort function!
In centrality 0
In centrality 1
In centrality 2
In centrality 3
In centrality 4
In centrality 5
In centrality 6
end function sorter
Data shape = (250000, 5)
Begin sort function!
In centrality 0
In centrality 1
In centrality 2
In centrality 3
In centrality 4
In centrality 5
In centrality 6
end function sorter
Final results shape = (4, 7, 12)
mean value:
[[ 1.39923695e-02  1.08128581e-02  1.53376912e-02  1.49786053e-05
  -2.36589121e-06 -4.06582478e-07  8.60153117e-01  8.55637275e-04
  -9.41376908e-07 -1.24141287e-04  1.39379001e-05 -6.70676768e-06]
 [ 1.48450562e-02  1.11868573e-02  1.57773166e-02  5.17704443e-06
  -2.51256785e-06 -5.26487421e-07  8.56933811e-01  8.67760981e-04
   3.15706134e-07 -1.21112613e-04  1.44201499e-05 -6.59208672e-06]
 [ 1.55201134e-02  1.15884634e-02  1.64186916e-02 -8.32497597e-08
  -3.86027302e-06 -3.83486493e-07  8.55031382e-01  8.83500281e-04
   1.20600078e-06 -1.20003496e-04  1.48563479e-05 -6.62897190e-06]
 [ 1.61805555e-02  1.19972439e-02  1.71508050e-02 -2.01252703e-06
  -2.19514243e-06 -3.49548003e-07  8.53131757e-01  8.95907638e-04
   1.78778797e-06 -1.18258907e-04  1.55824846e-05 -6.87525057e-06]
 [ 1.66117962e-02  1.25182466e-02  1.76845700e-02 -6.57317766e-06
  -1.96299643e-06 -2.14907265e-07  8.52000325e-01  9.04912240e-04
   1.80223781e-06 -1.13865108e-04  1.61067714e-05 -6.72164739e-06]
 [ 1.71499309e-02  1.30327842e-02  1.82137976e-02 -9.27753661e-06
  -4.08324873e-06 -1.57650129e-07  8.51091458e-01  9.17040942e-04
   2.34960386e-06 -1.12078696e-04  1.65870405e-05 -6.81353052e-06]
 [ 1.77749390e-02  1.34832697e-02  1.87113513e-02 -8.72525664e-06
  -4.65688703e-06 -6.61365203e-08  8.50248556e-01  9.47190142e-04
   2.58833183e-06 -1.12219667e-04  1.76028794e-05 -7.16840840e-06]]
std error:
[[1.93555032e-04 5.48644086e-05 1.22604369e-04 2.68307091e-06
  1.23475663e-06 1.62029587e-07 1.57397852e-04 1.13777206e-05
  4.70367975e-07 4.06679935e-06 2.43703556e-07 2.57118838e-07]
 [2.38581328e-04 5.82966032e-05 1.06859973e-04 2.09429610e-06
  5.60130201e-07 8.26442860e-08 4.13661560e-04 7.74064867e-06
  3.35916069e-07 3.69488962e-06 3.62814635e-07 3.90352242e-07]
 [8.75049003e-05 2.32523962e-05 3.53974564e-05 3.23030920e-06
  4.87194576e-07 1.69062542e-07 2.62153052e-04 4.88117245e-06
  3.26855521e-07 6.31978725e-07 1.24683127e-07 6.42996992e-08]
 [1.24230578e-04 8.20231495e-05 1.35993527e-04 4.36817377e-06
  1.01649830e-06 4.91839039e-08 1.42394952e-04 6.18031909e-06
  9.53408124e-08 2.80176297e-06 1.69646364e-07 1.22961589e-07]
 [2.38000015e-05 5.03161814e-05 1.64840789e-04 3.00629838e-06
  7.57285149e-07 1.61896281e-07 1.90629852e-04 6.12285850e-06
  2.52888908e-07 2.22934765e-06 2.08904130e-07 7.17230405e-08]
 [1.26974296e-04 9.64397410e-05 1.33045926e-04 6.34683633e-06
  1.76255566e-06 1.39068876e-07 1.84882569e-05 2.76270266e-06
  1.74216596e-07 1.32274368e-06 2.10834724e-07 1.37849380e-07]
 [6.18940547e-05 1.01308621e-04 7.79160012e-05 4.62606828e-06
  8.34406629e-07 1.12993056e-07 1.41303719e-04 3.97202817e-06
  5.02961212e-07 3.18219489e-06 5.94092844e-08 3.50245660e-07]]
Done!, time = 3.840993881225586s
