Begin!
Data shape = (250000, 5)
Begin sort function!
In centrality 0
In centrality 1
In centrality 2
In centrality 3
In centrality 4
In centrality 5
In centrality 6
end function sorter
Data shape = (250000, 5)
Begin sort function!
In centrality 0
In centrality 1
In centrality 2
In centrality 3
In centrality 4
In centrality 5
In centrality 6
end function sorter
Data shape = (250000, 5)
Begin sort function!
In centrality 0
In centrality 1
In centrality 2
In centrality 3
In centrality 4
In centrality 5
In centrality 6
end function sorter
Data shape = (250000, 5)
Begin sort function!
In centrality 0
In centrality 1
In centrality 2
In centrality 3
In centrality 4
In centrality 5
In centrality 6
end function sorter
Final results shape = (4, 7, 12)
mean value:
[[ 1.33456723e-02  1.04007151e-02  1.56654669e-02  1.20900141e-06
  -2.65996141e-06 -2.40092234e-07  8.68899264e-01  2.38254297e-03
   2.63667693e-05 -9.23040787e-05  3.23825510e-05 -4.44684563e-06]
 [ 1.42431097e-02  1.08870331e-02  1.64600986e-02 -1.31274136e-06
  -1.22039167e-07 -2.50809159e-07  8.61272421e-01  2.35543348e-03
   2.73418171e-05 -8.95679308e-05  3.37822359e-05 -4.51339481e-06]
 [ 1.47636864e-02  1.13705614e-02  1.70836372e-02 -5.57149490e-06
  -1.13970652e-06 -1.81249379e-07  8.56509846e-01  2.37366614e-03
   2.93034999e-05 -9.25690285e-05  3.56326013e-05 -4.81165353e-06]
 [ 1.52870075e-02  1.20003740e-02  1.76403839e-02 -7.71679295e-06
  -1.50620856e-06 -1.76792185e-07  8.52732049e-01  2.41226669e-03
   3.08480206e-05 -8.88900080e-05  3.71587960e-05 -4.63071553e-06]
 [ 1.57672008e-02  1.25851303e-02  1.82340553e-02 -8.36177836e-06
  -1.19939438e-06 -2.07571291e-07  8.50178248e-01  2.40500065e-03
   2.99497485e-05 -8.79083312e-05  3.84292018e-05 -4.82481086e-06]
 [ 1.61650724e-02  1.30406371e-02  1.87668615e-02 -9.42272806e-06
  -2.71354695e-06 -1.55296047e-07  8.48551214e-01  2.47264297e-03
   3.21100368e-05 -8.19949029e-05  4.02605486e-05 -4.45435329e-06]
 [ 1.66603310e-02  1.35653652e-02  1.91807607e-02 -1.37849960e-05
  -3.32129628e-06  6.17617648e-08  8.47618896e-01  2.49458153e-03
   3.35997705e-05 -7.88598174e-05  4.17406938e-05 -4.48955433e-06]]
std error:
[[7.28495862e-05 6.70147467e-05 1.25281245e-04 2.98022476e-06
  2.71133117e-06 1.32268652e-07 1.49877490e-04 2.69127014e-05
  2.53317784e-06 5.81878604e-06 3.38706676e-07 2.97417387e-07]
 [5.30870483e-05 2.43815305e-05 1.52940197e-04 3.72359223e-06
  1.29574743e-06 1.63871914e-07 1.59974386e-04 3.42213317e-05
  2.45042028e-06 2.23808013e-06 5.12515984e-07 1.92825391e-07]
 [1.01074398e-04 5.99642576e-05 4.36984325e-05 2.33212061e-06
  1.87103904e-06 3.90563818e-08 3.91035213e-04 1.53942845e-05
  7.95369376e-07 4.40412587e-06 7.89899460e-07 3.13350296e-07]
 [7.49130085e-05 3.97752194e-05 1.24856279e-04 2.64194418e-06
  1.04920671e-06 1.10575090e-07 3.01821123e-04 1.28013981e-05
  6.16351491e-07 3.06556459e-06 3.48622950e-07 1.92735041e-07]
 [9.42876783e-05 3.08309645e-05 2.56998988e-05 2.86468146e-06
  1.54102732e-06 1.44099863e-07 4.30138430e-05 1.48845905e-05
  6.66567339e-07 2.45721722e-06 3.88971685e-07 3.38399787e-07]
 [7.17404591e-05 8.05649267e-05 7.74675533e-05 2.71272372e-06
  1.71110187e-06 5.86036931e-08 1.65971597e-04 7.02568548e-06
  6.78875367e-07 3.88076861e-06 4.20851463e-07 2.06218856e-07]
 [6.67407056e-05 1.72225303e-05 8.20778193e-05 3.79922046e-06
  2.01665004e-06 3.03528261e-08 2.73048877e-04 2.42409632e-05
  1.16606727e-06 3.73605996e-06 4.57066967e-07 2.51043102e-07]]
Done!, time = 4.232138156890869s
