Begin!
Data shape = (250000, 5)
Begin sort function!
In centrality 0
In centrality 1
In centrality 2
In centrality 3
In centrality 4
In centrality 5
In centrality 6
end function sorter
Data shape = (250000, 5)
Begin sort function!
In centrality 0
In centrality 1
In centrality 2
In centrality 3
In centrality 4
In centrality 5
In centrality 6
end function sorter
Data shape = (250000, 5)
Begin sort function!
In centrality 0
In centrality 1
In centrality 2
In centrality 3
In centrality 4
In centrality 5
In centrality 6
end function sorter
Data shape = (250000, 5)
Begin sort function!
In centrality 0
In centrality 1
In centrality 2
In centrality 3
In centrality 4
In centrality 5
In centrality 6
end function sorter
Final results shape = (4, 7, 12)
mean value:
[[ 1.44779209e-02  1.02345301e-02  1.45651942e-02  2.46393977e-05
   9.71850517e-07 -9.97592053e-07  8.23217513e-01  2.02791070e-03
   2.01324143e-05 -1.34001983e-04  3.11810343e-05 -7.46850490e-06]
 [ 1.58257532e-02  1.09882308e-02  1.55446903e-02  2.20472517e-05
  -4.90364868e-08 -1.02725954e-06  8.14577935e-01  2.02947066e-03
   2.07036643e-05 -1.42497892e-04  3.41459452e-05 -8.62240614e-06]
 [ 1.68532053e-02  1.14933567e-02  1.63526168e-02  1.05394645e-05
  -2.60876605e-07 -8.52127745e-07  8.09548525e-01  2.05885492e-03
   2.09704244e-05 -1.40394172e-04  3.62169396e-05 -8.61368606e-06]
 [ 1.77482173e-02  1.20468549e-02  1.71251480e-02  1.60543979e-06
  -1.01239530e-06 -9.57409921e-07  8.05571655e-01  2.08662482e-03
   2.52730454e-05 -1.46240011e-04  3.81251397e-05 -9.17343273e-06]
 [ 1.84022706e-02  1.26438281e-02  1.76459097e-02 -8.37146593e-07
  -1.27465049e-07 -7.84643147e-07  8.02718585e-01  2.13799163e-03
   2.58757212e-05 -1.46398860e-04  4.06636239e-05 -9.58304166e-06]
 [ 1.89734954e-02  1.31381373e-02  1.82788156e-02 -7.05125331e-06
  -1.08751877e-06 -6.10174892e-07  8.00823574e-01  2.14858849e-03
   2.55375773e-05 -1.38350810e-04  4.15624037e-05 -9.14723578e-06]
 [ 1.97710899e-02  1.37974567e-02  1.87982011e-02 -1.29125860e-05
  -2.52054221e-06 -6.01225843e-07  7.99261107e-01  2.20836338e-03
   2.66990017e-05 -1.38561674e-04  4.47643444e-05 -9.46477524e-06]]
std error:
[[2.96103742e-05 1.23139823e-04 1.82006775e-05 2.94285560e-06
  2.04013191e-06 8.17034731e-08 1.73254649e-04 1.95485344e-05
  9.19790630e-07 4.33761266e-06 5.64527603e-07 5.01423485e-07]
 [9.47602009e-05 1.23154726e-04 2.00169118e-04 6.88361047e-06
  7.54024274e-07 3.02805996e-08 3.74637587e-04 2.81137218e-05
  1.86348183e-06 5.29036699e-06 5.94073949e-07 4.57500410e-07]
 [1.05487958e-04 3.96769422e-05 1.28506492e-04 2.58126992e-06
  2.26911354e-06 8.37438944e-08 2.02888499e-04 1.09562155e-05
  9.89692391e-07 3.35608167e-06 5.95560743e-07 2.53337709e-07]
 [7.75903981e-05 8.37610004e-05 1.02131086e-04 2.01986677e-06
  1.00229992e-06 1.22104950e-07 2.54144270e-04 1.17303801e-05
  1.05820036e-06 5.72695313e-06 2.23916768e-07 4.23848454e-07]
 [1.56575904e-04 5.38942923e-05 1.22632260e-04 2.25557270e-06
  1.14800225e-06 1.15353836e-07 2.53564971e-04 1.95272036e-05
  8.46196116e-07 7.13571433e-06 5.14648407e-07 4.05189128e-07]
 [5.72174747e-05 7.93035708e-05 1.54622178e-04 2.66871132e-06
  1.68137220e-06 1.75674240e-07 3.72874871e-04 1.21637840e-05
  7.10781081e-07 4.01271304e-06 5.51119549e-07 3.18979223e-07]
 [9.55365447e-05 3.55436502e-05 1.38510105e-04 4.10563507e-06
  2.06694291e-06 1.96854656e-07 2.92473605e-04 1.87518685e-05
  1.17949471e-06 4.59469432e-06 1.86215576e-07 4.21823544e-07]]
Done!, time = 2.028897285461426s
