Begin!
Data shape = (250000, 5)
Begin sort function!
In centrality 0
In centrality 1
In centrality 2
In centrality 3
In centrality 4
In centrality 5
In centrality 6
end function sorter
Data shape = (250000, 5)
Begin sort function!
In centrality 0
In centrality 1
In centrality 2
In centrality 3
In centrality 4
In centrality 5
In centrality 6
end function sorter
Data shape = (250000, 5)
Begin sort function!
In centrality 0
In centrality 1
In centrality 2
In centrality 3
In centrality 4
In centrality 5
In centrality 6
end function sorter
Data shape = (250000, 5)
Begin sort function!
In centrality 0
In centrality 1
In centrality 2
In centrality 3
In centrality 4
In centrality 5
In centrality 6
end function sorter
Final results shape = (4, 7, 12)
mean value:
[[ 1.59079028e-02  1.08476441e-02  1.59875029e-02  5.46731107e-05
  -5.66512001e-07 -9.44229162e-07  7.78666657e-01  1.77144848e-03
   1.72043363e-05 -1.55696332e-04  3.01516558e-05 -1.02351820e-05]
 [ 1.76279745e-02  1.14469719e-02  1.70963411e-02  4.04037325e-05
   2.75769348e-08 -1.49470327e-06  7.70253216e-01  1.73197446e-03
   1.50575135e-05 -1.67018201e-04  3.24119959e-05 -1.14364884e-05]
 [ 1.87353731e-02  1.19622583e-02  1.75548166e-02  3.68729312e-05
  -9.53867503e-07 -1.38147549e-06  7.65421079e-01  1.74699928e-03
   1.61115728e-05 -1.77300563e-04  3.47477499e-05 -1.28815912e-05]
 [ 1.97489383e-02  1.25006719e-02  1.84200065e-02  2.83677955e-05
  -1.73238892e-06 -1.82768343e-06  7.61015195e-01  1.76058831e-03
   1.75824944e-05 -1.82390533e-04  3.62916077e-05 -1.34559584e-05]
 [ 2.05082764e-02  1.29073250e-02  1.91430222e-02  1.96367689e-05
  -7.57847801e-07 -1.42525718e-06  7.58220219e-01  1.79291512e-03
   1.96723743e-05 -1.83947428e-04  3.80502172e-05 -1.40375827e-05]
 [ 2.12819130e-02  1.34434986e-02  1.94234659e-02  9.87035929e-06
  -3.00343692e-06 -1.33402751e-06  7.55603736e-01  1.81495633e-03
   1.91746934e-05 -1.78275946e-04  3.96773145e-05 -1.37088508e-05]
 [ 2.19563059e-02  1.39148971e-02  2.00076204e-02  7.05362117e-06
  -1.77127414e-06 -1.23609313e-06  7.53305400e-01  1.84295889e-03
   2.02044729e-05 -1.86377819e-04  4.16710217e-05 -1.48797619e-05]]
std error:
[[4.50549104e-05 1.02372492e-04 3.03611541e-05 4.34720432e-06
  1.12693823e-06 2.38759925e-07 8.44957751e-05 2.12820843e-05
  1.17009168e-06 4.20036821e-06 4.24782388e-07 3.45608317e-07]
 [1.71689997e-04 7.01439856e-05 1.20352517e-04 3.29716254e-06
  1.14814922e-06 3.62807282e-07 2.62900658e-04 1.44270039e-05
  2.00120359e-06 5.95512922e-06 2.85832242e-07 8.14514627e-07]
 [1.24582672e-04 5.52424563e-05 1.04752368e-04 1.95614532e-06
  1.18916397e-06 2.98493159e-07 2.10921817e-04 2.48118870e-05
  1.37159421e-06 2.85362024e-06 8.33380954e-07 4.15649750e-07]
 [5.55029068e-05 6.38758142e-05 5.18039640e-05 1.78153482e-06
  1.22952843e-06 7.37450782e-08 1.38648196e-04 9.59376513e-06
  1.95377940e-06 2.10877196e-06 5.16145498e-07 1.02363976e-07]
 [5.70623649e-05 6.08812103e-05 1.21556082e-04 2.63185505e-06
  2.15122559e-06 2.88557941e-07 2.27290859e-04 1.23755753e-05
  1.34016660e-06 4.82010028e-06 2.08990564e-07 2.91253528e-07]
 [1.46976760e-04 7.46896018e-05 1.07960453e-04 7.55298597e-06
  1.56518980e-06 3.69543302e-07 3.16888978e-04 1.20715050e-05
  6.59873481e-07 1.43075343e-06 2.94293753e-07 3.56377706e-07]
 [1.94724436e-04 4.65348160e-05 7.43686627e-05 6.62534457e-06
  1.12782242e-06 3.99147534e-07 3.15936741e-05 4.06706580e-06
  1.06665789e-06 4.39145979e-06 3.41262414e-07 3.67893686e-07]]
Done!, time = 5.069878339767456s
