Begin!
Data shape = (250000, 5)
Begin sort function!
In centrality 0
In centrality 1
In centrality 2
In centrality 3
In centrality 4
In centrality 5
In centrality 6
end function sorter
Data shape = (250000, 5)
Begin sort function!
In centrality 0
In centrality 1
In centrality 2
In centrality 3
In centrality 4
In centrality 5
In centrality 6
end function sorter
Data shape = (250000, 5)
Begin sort function!
In centrality 0
In centrality 1
In centrality 2
In centrality 3
In centrality 4
In centrality 5
In centrality 6
end function sorter
Data shape = (250000, 5)
Begin sort function!
In centrality 0
In centrality 1
In centrality 2
In centrality 3
In centrality 4
In centrality 5
In centrality 6
end function sorter
Final results shape = (4, 7, 12)
mean value:
[[ 1.66500998e-02  1.01930174e-02  1.43707746e-02  9.33975740e-05
  -1.58960406e-06 -2.37141935e-06  8.15790921e-01  9.79977893e-04
  -7.57611294e-06 -2.84463443e-04  2.43269656e-05 -2.01261315e-05]
 [ 1.92507212e-02  1.08491772e-02  1.55003997e-02  6.41228917e-05
  -6.51178609e-07 -3.44215237e-06  8.09638227e-01  1.01215457e-03
  -3.41112783e-06 -2.98789208e-04  2.56588620e-05 -2.19475914e-05]
 [ 2.06537597e-02  1.14458397e-02  1.64557878e-02  4.02264439e-05
  -4.88774851e-07 -3.45105381e-06  8.06175664e-01  1.02917188e-03
  -1.58441990e-06 -2.96997166e-04  2.62965727e-05 -2.21089571e-05]
 [ 2.18762219e-02  1.21276635e-02  1.74055583e-02  2.13901206e-05
   4.46399046e-07 -2.76396276e-06  8.03416914e-01  1.04109542e-03
   8.23589707e-08 -2.93057033e-04  2.72008541e-05 -2.28635170e-05]
 [ 2.26647041e-02  1.27645774e-02  1.81876827e-02  1.19836031e-05
  -1.95052291e-07 -2.41726187e-06  8.01746735e-01  1.06728831e-03
   1.43878612e-06 -2.81138611e-04  2.81890970e-05 -2.26446353e-05]
 [ 2.33322130e-02  1.32772334e-02  1.88153815e-02 -4.28652591e-07
  -2.56058686e-06 -2.34716092e-06  8.00333253e-01  1.06828734e-03
   2.44328430e-06 -2.71340711e-04  2.81340843e-05 -2.21742013e-05]
 [ 2.42258777e-02  1.39960669e-02  1.95160678e-02 -5.30628673e-06
  -5.07544938e-06 -1.99917978e-06  7.99096480e-01  1.09029130e-03
   2.99398320e-06 -2.67694726e-04  2.96340149e-05 -2.29518112e-05]]
std error:
[[1.55814220e-04 6.31310307e-05 4.91774987e-05 6.82953409e-06
  2.34876606e-06 1.47381643e-07 2.78967889e-04 4.43697850e-06
  8.90899985e-07 9.39474520e-06 7.74440595e-07 1.11704119e-06]
 [2.17812142e-04 2.16738812e-05 1.04345002e-04 6.11921560e-06
  1.61532242e-06 2.26032693e-07 3.15306456e-04 1.84035203e-05
  3.25464210e-07 4.41414389e-06 5.59300003e-07 2.95406414e-07]
 [2.43275255e-04 8.74847418e-05 7.63647793e-05 3.77336208e-06
  7.00057136e-07 3.59293661e-07 2.96406699e-04 4.85268580e-06
  1.26730915e-07 3.92288176e-06 3.95095972e-07 4.20385519e-07]
 [9.47347153e-05 8.92132403e-05 8.88269634e-05 4.29466018e-06
  6.24533652e-07 1.90630216e-07 2.38524514e-04 1.09114050e-05
  1.88541434e-07 3.48497254e-06 3.89898409e-07 5.29352220e-07]
 [1.70468298e-04 1.04316122e-05 8.87254921e-05 2.98922485e-06
  1.72442537e-06 2.74310644e-07 1.04038709e-04 1.37068043e-05
  3.52327892e-07 6.55773388e-06 4.81170405e-07 7.51727356e-07]
 [6.00494681e-05 8.41710814e-05 1.27858784e-04 6.36465063e-06
  2.22653501e-06 8.23087841e-08 9.88602997e-05 8.26873658e-06
  4.20667174e-07 4.38263480e-06 3.49394208e-07 3.90194154e-07]
 [1.62438779e-04 7.97100427e-05 5.86973664e-05 6.85935476e-06
  6.29583393e-07 3.38839987e-07 9.73719983e-05 8.31665866e-06
  3.37144804e-07 6.22347664e-06 4.40411932e-07 5.64805816e-07]]
Done!, time = 4.206295967102051s
