Begin!
Data shape = (250000, 5)
Begin sort function!
In centrality 0
In centrality 1
In centrality 2
In centrality 3
In centrality 4
In centrality 5
In centrality 6
end function sorter
Data shape = (250000, 5)
Begin sort function!
In centrality 0
In centrality 1
In centrality 2
In centrality 3
In centrality 4
In centrality 5
In centrality 6
end function sorter
Data shape = (250000, 5)
Begin sort function!
In centrality 0
In centrality 1
In centrality 2
In centrality 3
In centrality 4
In centrality 5
In centrality 6
end function sorter
Data shape = (250000, 5)
Begin sort function!
In centrality 0
In centrality 1
In centrality 2
In centrality 3
In centrality 4
In centrality 5
In centrality 6
end function sorter
Final results shape = (4, 7, 12)
mean value:
[[ 1.59709492e-02  9.68413757e-03  1.46359649e-02  5.11309515e-05
   6.72043613e-08 -2.03966230e-06  8.61811168e-01  1.02218929e-03
  -5.61635932e-06 -2.48553048e-04  2.18329185e-05 -1.52774162e-05]
 [ 1.79748477e-02  1.04400521e-02  1.59305168e-02  2.77771512e-05
   2.26569268e-06 -2.19507169e-06  8.57208860e-01  1.04512883e-03
  -2.11253421e-06 -2.50013167e-04  2.29319974e-05 -1.59359792e-05]
 [ 1.89986442e-02  1.11041343e-02  1.68789171e-02  1.36522728e-05
   9.43885332e-07 -1.89194954e-06  8.54572190e-01  1.05274963e-03
  -1.86250156e-07 -2.39387359e-04  2.31929675e-05 -1.57237905e-05]
 [ 2.00079279e-02  1.19329938e-02  1.78676071e-02 -6.84384532e-07
   1.66279408e-06 -1.36400152e-06  8.52665916e-01  1.07419116e-03
   8.78874779e-07 -2.33551298e-04  2.42244881e-05 -1.62015761e-05]
 [ 2.07580120e-02  1.27455853e-02  1.85490126e-02 -4.02965307e-06
   1.35600225e-06 -1.39582482e-06  8.51461912e-01  1.10737143e-03
   2.25535567e-06 -2.25690440e-04  2.53173110e-05 -1.60856283e-05]
 [ 2.15341065e-02  1.36563491e-02  1.92469674e-02 -1.11567636e-05
  -1.05475492e-06 -1.35726476e-06  8.50596742e-01  1.12041650e-03
   3.37051119e-06 -2.13545402e-04  2.61957267e-05 -1.58504144e-05]
 [ 2.24786810e-02  1.44688117e-02  1.98387894e-02 -1.59292412e-05
  -3.45325836e-06 -9.19764228e-07  8.50129254e-01  1.15362945e-03
   4.09105326e-06 -2.04600590e-04  2.76277524e-05 -1.58921867e-05]]
std error:
[[5.39417650e-05 6.39286192e-05 7.07462212e-05 6.74958788e-06
  1.02536436e-06 1.50958168e-07 3.02002814e-04 4.62732792e-06
  6.53894575e-07 3.15778250e-06 1.68215210e-07 3.27230754e-07]
 [1.15910617e-04 7.09107157e-05 4.68780334e-05 2.46841264e-06
  1.88816013e-06 2.19586920e-07 4.50901576e-04 6.61410964e-06
  8.03789174e-07 3.94970148e-06 3.02298158e-07 2.46360199e-07]
 [7.60125655e-05 3.71739084e-05 3.43344760e-05 4.87340069e-06
  1.73815174e-06 3.33238046e-07 1.64146379e-04 8.52317647e-06
  3.22713067e-07 4.07248712e-06 1.38621869e-07 2.32935146e-07]
 [6.95327796e-05 4.57400955e-05 1.50895328e-04 3.75598223e-06
  1.51679226e-06 2.44739591e-07 1.82310562e-04 5.07563525e-06
  4.78360683e-07 5.16456017e-06 2.59389173e-07 4.60367472e-07]
 [9.61405319e-05 6.89740889e-05 1.01123022e-04 3.83446068e-06
  1.12576894e-06 1.99339302e-07 1.58204776e-04 9.39368143e-06
  2.62455210e-07 1.59263239e-06 2.40405488e-07 7.65620801e-08]
 [1.03812646e-04 8.83758876e-05 6.28941566e-05 6.31647702e-06
  2.52099717e-06 1.78014229e-07 1.81116260e-04 1.06133632e-05
  5.90497286e-07 2.77618612e-06 2.23544722e-07 2.54291444e-07]
 [1.10451699e-04 7.69885293e-05 1.86356493e-04 4.93904987e-06
  2.66460522e-06 2.42987502e-07 2.03575437e-04 2.41605894e-06
  5.49238599e-07 3.77040072e-06 2.12015845e-07 2.56746520e-07]]
Done!, time = 2.9592628479003906s
