Begin!
Data shape = (250000, 5)
Begin sort function!
In centrality 0
In centrality 1
In centrality 2
In centrality 3
In centrality 4
In centrality 5
In centrality 6
end function sorter
Data shape = (250000, 5)
Begin sort function!
In centrality 0
In centrality 1
In centrality 2
In centrality 3
In centrality 4
In centrality 5
In centrality 6
end function sorter
Data shape = (250000, 5)
Begin sort function!
In centrality 0
In centrality 1
In centrality 2
In centrality 3
In centrality 4
In centrality 5
In centrality 6
end function sorter
Data shape = (250000, 5)
Begin sort function!
In centrality 0
In centrality 1
In centrality 2
In centrality 3
In centrality 4
In centrality 5
In centrality 6
end function sorter
Final results shape = (4, 7, 12)
mean value:
[[ 1.36269013e-02  1.06667382e-02  1.59405381e-02  2.41618780e-05
  -1.39119854e-06 -3.85356150e-07  8.18072594e-01  1.78613181e-03
   1.37644640e-05 -9.60143094e-05  2.55567049e-05 -5.43395842e-06]
 [ 1.46539190e-02  1.11918132e-02  1.68393488e-02  2.58112691e-05
  -1.95913801e-06 -5.41879088e-07  8.11303675e-01  1.79705422e-03
   1.42099988e-05 -1.03723824e-04  2.74669443e-05 -6.10320404e-06]
 [ 1.53912352e-02  1.16163849e-02  1.72679136e-02  2.09580228e-05
  -3.85578598e-07 -4.59418538e-07  8.07094586e-01  1.78967915e-03
   1.60079546e-05 -1.08520499e-04  2.85217471e-05 -6.67469811e-06]
 [ 1.60881621e-02  1.21995706e-02  1.79020959e-02  1.55986667e-05
  -2.30935602e-06 -4.57588624e-07  8.03710541e-01  1.81428543e-03
   1.67572243e-05 -1.08928610e-04  2.99047374e-05 -6.78399772e-06]
 [ 1.67028938e-02  1.27282354e-02  1.85084053e-02  1.53103801e-05
  -1.99803164e-06 -3.52871983e-07  8.01308124e-01  1.82913382e-03
   1.66045280e-05 -1.10477332e-04  3.16193954e-05 -7.18352973e-06]
 [ 1.73311567e-02  1.31884154e-02  1.90616060e-02  9.93861428e-06
  -4.16049478e-07 -3.92691337e-07  7.99310730e-01  1.85330018e-03
   1.72247272e-05 -1.11606859e-04  3.30609052e-05 -7.36158963e-06]
 [ 1.77890145e-02  1.36644984e-02  1.94869742e-02  9.41789714e-06
  -3.67842792e-06 -5.91121757e-07  7.98101482e-01  1.88430026e-03
   1.85062038e-05 -1.12931382e-04  3.43914444e-05 -7.48899243e-06]]
std error:
[[1.17132293e-04 4.91560992e-05 1.51988843e-04 3.10200056e-06
  6.36566600e-07 8.63109974e-08 3.60787448e-04 1.01430765e-05
  8.52125699e-07 5.46985564e-06 1.43875118e-07 3.14078924e-07]
 [1.05018154e-04 8.17937438e-05 1.12648101e-04 3.02593320e-06
  1.06162688e-06 2.31128514e-07 4.74587367e-04 1.68168221e-05
  1.46658924e-06 7.77634099e-06 4.63581546e-07 2.21405926e-07]
 [6.55559963e-05 6.99153538e-05 1.18553030e-04 4.46303896e-06
  5.35174311e-07 1.39812636e-07 1.95190879e-04 5.23118848e-06
  8.24190823e-07 2.06336721e-06 4.13439445e-07 2.81781585e-07]
 [1.01373422e-04 6.37415443e-05 9.23773523e-05 3.80705732e-06
  2.38414592e-06 1.33898239e-07 2.25098817e-04 8.70995419e-06
  8.07996906e-07 5.02304687e-06 3.51031484e-07 3.34145225e-07]
 [1.09857469e-04 5.50456419e-05 8.41744034e-05 2.22420481e-06
  8.47145977e-07 3.78463463e-07 1.42176589e-04 1.47648457e-05
  1.69692237e-06 5.76088015e-06 4.00830134e-07 4.36173281e-07]
 [1.04946447e-04 5.66806203e-05 1.65255636e-04 4.46849754e-06
  1.41159712e-06 1.44052567e-07 1.65195251e-04 2.21038397e-05
  1.70095797e-06 6.68004358e-06 7.02355724e-07 4.14502971e-07]
 [4.50636991e-05 9.23242491e-05 8.05273562e-05 3.57062228e-06
  2.77326405e-06 2.28659055e-07 1.65546991e-04 1.50666533e-05
  8.58910346e-07 6.93986495e-06 2.68762380e-07 6.39097515e-07]]
Done!, time = 4.135342597961426s
