Begin!
Data shape = (250000, 5)
Begin sort function!
In centrality 0
In centrality 1
In centrality 2
In centrality 3
In centrality 4
In centrality 5
In centrality 6
end function sorter
Data shape = (250000, 5)
Begin sort function!
In centrality 0
In centrality 1
In centrality 2
In centrality 3
In centrality 4
In centrality 5
In centrality 6
end function sorter
Data shape = (250000, 5)
Begin sort function!
In centrality 0
In centrality 1
In centrality 2
In centrality 3
In centrality 4
In centrality 5
In centrality 6
end function sorter
Data shape = (250000, 5)
Begin sort function!
In centrality 0
In centrality 1
In centrality 2
In centrality 3
In centrality 4
In centrality 5
In centrality 6
end function sorter
Final results shape = (4, 7, 12)
mean value:
[[ 1.66114034e-02  1.09577291e-02  1.62057896e-02  1.33810605e-05
  -7.00160773e-07 -1.17996778e-06  8.05719449e-01  4.47657909e-03
   1.37147565e-04 -1.36988612e-04  7.39762295e-05 -8.55005017e-06]
 [ 1.78864200e-02  1.16493450e-02  1.70606546e-02 -2.14864037e-06
  -2.19637746e-06 -9.27066678e-07  7.88155376e-01  4.20800000e-03
   1.28877700e-04 -1.39210391e-04  7.42736126e-05 -8.91655172e-06]
 [ 1.88126922e-02  1.21263261e-02  1.78838744e-02 -6.92585881e-06
  -1.82465941e-06 -9.89562759e-07  7.77891809e-01  4.20442877e-03
   1.31345948e-04 -1.40362958e-04  7.86090614e-05 -9.42856871e-06]
 [ 1.94951875e-02  1.28022605e-02  1.87122185e-02 -1.61084294e-05
  -2.10326874e-06 -6.52423265e-07  7.69650074e-01  4.26083095e-03
   1.40630150e-04 -1.51742574e-04  8.18339118e-05 -1.02718310e-05]
 [ 2.02168063e-02  1.32515499e-02  1.92308162e-02 -2.38126576e-05
  -3.54943316e-06 -4.98209032e-07  7.64494134e-01  4.33983989e-03
   1.42564933e-04 -1.49324016e-04  8.67497909e-05 -1.01177177e-05]
 [ 2.08678826e-02  1.36777036e-02  1.96284984e-02 -2.64052488e-05
  -3.36348595e-06 -3.22319323e-07  7.59803742e-01  4.43245347e-03
   1.48534651e-04 -1.55438292e-04  9.17949361e-05 -1.08416453e-05]
 [ 2.13851953e-02  1.41423355e-02  2.02251209e-02 -3.02563973e-05
  -3.49516163e-06 -3.57544695e-07  7.56485905e-01  4.52066481e-03
   1.50472616e-04 -1.51554888e-04  9.58431588e-05 -1.09137710e-05]]
std error:
[[1.21887829e-04 9.58704169e-05 4.09147760e-05 4.11071299e-06
  1.10529302e-06 1.33570827e-07 6.27167061e-04 9.29766498e-05
  1.42285767e-05 8.11100788e-06 2.34369329e-06 4.13292350e-07]
 [4.79293477e-05 2.81396577e-05 1.01589751e-04 4.91496676e-06
  1.19211826e-06 1.36391728e-07 4.18389429e-04 7.39726363e-05
  3.60961313e-06 9.98262840e-06 1.86113839e-06 5.18107148e-07]
 [8.77647920e-05 7.12054492e-05 1.52831387e-04 2.32265224e-06
  1.26231502e-06 9.91888827e-08 1.78762265e-04 9.23571220e-06
  3.44793408e-06 4.91760871e-06 7.20155787e-07 4.51792552e-07]
 [1.28467927e-04 4.78843157e-05 1.25117712e-04 4.48580273e-06
  1.69576853e-06 3.20525912e-07 2.26896499e-04 3.89503708e-05
  3.73806589e-06 9.36627456e-06 9.87740363e-07 5.56453212e-07]
 [1.45447566e-04 5.88426722e-05 8.68850602e-05 6.40607225e-06
  1.09281049e-06 2.20877312e-07 7.75735836e-04 1.24540623e-05
  8.46712225e-06 6.36485333e-06 4.90780885e-07 6.90308152e-07]
 [1.77749077e-04 1.07656679e-04 1.03427518e-04 1.90350281e-06
  1.58784919e-06 1.39712392e-07 4.47304261e-04 3.54220265e-05
  4.86130309e-06 1.32964230e-05 1.03001241e-06 1.13470389e-06]
 [1.51680042e-04 1.19398530e-04 1.69048709e-04 2.92716183e-06
  1.61768497e-06 2.76808080e-07 3.69794227e-04 4.12027910e-05
  3.10050254e-06 8.55581816e-06 7.89362507e-07 7.36911590e-07]]
Done!, time = 4.205689191818237s
