Begin!
Data shape = (250000, 5)
Begin sort function!
In centrality 0
In centrality 1
In centrality 2
In centrality 3
In centrality 4
In centrality 5
In centrality 6
end function sorter
Data shape = (250000, 5)
Begin sort function!
In centrality 0
In centrality 1
In centrality 2
In centrality 3
In centrality 4
In centrality 5
In centrality 6
end function sorter
Data shape = (250000, 5)
Begin sort function!
In centrality 0
In centrality 1
In centrality 2
In centrality 3
In centrality 4
In centrality 5
In centrality 6
end function sorter
Data shape = (250000, 5)
Begin sort function!
In centrality 0
In centrality 1
In centrality 2
In centrality 3
In centrality 4
In centrality 5
In centrality 6
end function sorter
Final results shape = (4, 7, 12)
mean value:
[[ 1.66521911e-02  1.12347200e-02  1.58056463e-02  7.08262648e-05
  -3.70188727e-06 -7.00330506e-07  7.83714225e-01  1.69177829e-03
   1.19219950e-05 -1.87345369e-04  3.10110217e-05 -1.35053447e-05]
 [ 1.86896822e-02  1.16457049e-02  1.66047298e-02  6.37785240e-05
  -2.12869505e-06 -1.40950762e-06  7.75312593e-01  1.67272184e-03
   1.32079852e-05 -2.06492949e-04  3.39849280e-05 -1.58061125e-05]
 [ 2.00278226e-02  1.21364416e-02  1.72871011e-02  5.77308311e-05
  -1.10981502e-06 -2.05127185e-06  7.70425429e-01  1.72085569e-03
   1.35223081e-05 -2.16985991e-04  3.72297845e-05 -1.71821078e-05]
 [ 2.10598785e-02  1.25727051e-02  1.79145057e-02  4.40320506e-05
  -3.93263796e-06 -2.10987170e-06  7.65855743e-01  1.71186092e-03
   1.55317959e-05 -2.18123771e-04  3.82980670e-05 -1.78246480e-05]
 [ 2.20627623e-02  1.29558220e-02  1.85525529e-02  3.28276799e-05
  -1.39515395e-06 -2.31981417e-06  7.62492115e-01  1.73014318e-03
   1.63573530e-05 -2.27406680e-04  4.01442139e-05 -1.85517016e-05]
 [ 2.27547703e-02  1.34142280e-02  1.91104890e-02  2.84283537e-05
  -4.34852707e-06 -2.15146819e-06  7.59977939e-01  1.76287869e-03
   1.62442871e-05 -2.26910147e-04  4.18908047e-05 -1.93031781e-05]
 [ 2.37690441e-02  1.39584090e-02  1.96734450e-02  2.83589284e-05
  -4.32169111e-06 -2.23128320e-06  7.57609928e-01  1.77232734e-03
   1.70951043e-05 -2.38346338e-04  4.38924023e-05 -2.11336257e-05]]
std error:
[[1.95966081e-04 1.04071272e-04 1.12455376e-04 1.19849414e-05
  2.20135672e-06 3.98729352e-07 2.53644074e-04 1.70896637e-05
  9.64238202e-07 4.99110140e-06 5.65306321e-07 7.69691433e-07]
 [1.58078657e-04 1.05534521e-05 1.29073039e-04 5.24436577e-06
  7.51873678e-07 1.78017919e-07 5.34100517e-05 8.98907785e-06
  6.11907360e-07 7.36075951e-06 4.42634156e-07 8.39928752e-07]
 [9.63003842e-05 5.79467720e-05 1.02548814e-04 7.77174535e-06
  1.89883368e-06 2.95470459e-07 2.19199822e-04 9.20732292e-06
  4.69880889e-07 5.62524404e-06 2.83868423e-07 6.91280475e-07]
 [1.03303136e-04 3.38769741e-05 7.54974755e-05 4.69074027e-06
  1.92491627e-06 2.50748229e-07 1.06949169e-04 1.88791051e-05
  1.20196373e-06 8.68496484e-06 7.66042118e-07 9.72748098e-07]
 [1.01489394e-04 4.14331135e-05 4.79676371e-05 7.44853818e-06
  1.06644400e-06 1.61890277e-07 1.96410529e-04 1.57466183e-05
  1.03718955e-06 5.38024539e-06 3.45665265e-07 6.60562734e-07]
 [1.81387814e-04 2.58187899e-05 6.02534518e-05 6.12238252e-06
  1.13122098e-06 3.13132054e-07 1.42565567e-04 1.76499942e-05
  8.71386907e-07 7.09126046e-06 5.41573363e-07 9.17046753e-07]
 [1.95204467e-04 4.74097827e-05 1.33017020e-04 5.25506946e-06
  1.37373487e-06 5.61638769e-07 4.41738887e-04 1.04858929e-05
  1.58549527e-06 6.61998944e-06 9.31668507e-07 1.06194019e-06]]
Done!, time = 4.439704418182373s
