Begin!
Data shape = (250000, 5)
Begin sort function!
In centrality 0
In centrality 1
In centrality 2
In centrality 3
In centrality 4
In centrality 5
In centrality 6
end function sorter
Data shape = (250000, 5)
Begin sort function!
In centrality 0
In centrality 1
In centrality 2
In centrality 3
In centrality 4
In centrality 5
In centrality 6
end function sorter
Data shape = (250000, 5)
Begin sort function!
In centrality 0
In centrality 1
In centrality 2
In centrality 3
In centrality 4
In centrality 5
In centrality 6
end function sorter
Data shape = (250000, 5)
Begin sort function!
In centrality 0
In centrality 1
In centrality 2
In centrality 3
In centrality 4
In centrality 5
In centrality 6
end function sorter
Final results shape = (4, 7, 12)
mean value:
[[ 1.54514329e-02  1.04666313e-02  1.47787050e-02  1.52261834e-05
  -1.14596332e-06 -8.78717900e-07  8.53843171e-01  6.09308363e-03
   2.62561790e-04 -1.06955806e-04  9.36251093e-05 -6.35751322e-06]
 [ 1.68752576e-02  1.10676257e-02  1.57892627e-02  2.96121930e-06
  -3.43065199e-06 -7.79374706e-07  8.34771573e-01  5.79960631e-03
   2.52500190e-04 -1.09432616e-04  9.64564502e-05 -6.94389736e-06]
 [ 1.76832869e-02  1.16943768e-02  1.66391066e-02 -6.41013628e-06
  -6.89347294e-07 -7.12780716e-07  8.23096599e-01  5.73872181e-03
   2.45257487e-04 -1.17309636e-04  1.00146854e-04 -7.22064198e-06]
 [ 1.85690093e-02  1.22986011e-02  1.74283122e-02 -1.37492809e-05
  -2.61791689e-07 -8.64263165e-07  8.14968489e-01  5.84758060e-03
   2.59049568e-04 -1.28388198e-04  1.07213321e-04 -8.14914163e-06]
 [ 1.92226016e-02  1.28040521e-02  1.80786339e-02 -1.62531027e-05
  -7.58378047e-07 -6.53037085e-07  8.09564158e-01  5.92978508e-03
   2.62098647e-04 -1.19419301e-04  1.12887362e-04 -7.77999222e-06]
 [ 1.98622077e-02  1.33379117e-02  1.83775985e-02 -1.59265891e-05
  -7.87245866e-07 -5.84948165e-07  8.05784903e-01  6.07699691e-03
   2.68964943e-04 -1.23704995e-04  1.19369226e-04 -8.24623883e-06]
 [ 2.03938161e-02  1.37915725e-02  1.89788783e-02 -2.64860050e-05
  -2.17210925e-06 -3.20262782e-07  8.03475305e-01  6.32151324e-03
   2.92993126e-04 -1.23396578e-04  1.26460643e-04 -8.16785150e-06]]
std error:
[[1.03746761e-04 1.98751678e-04 9.62943604e-05 2.62338047e-06
  1.88256005e-06 1.68481012e-07 6.74567606e-04 5.30952774e-05
  1.20208733e-05 7.20580106e-06 8.06178491e-07 5.22494782e-07]
 [4.68208341e-05 8.91823685e-05 9.94393031e-05 5.22567953e-06
  2.53318316e-06 1.79414230e-07 3.76473417e-04 4.49455633e-05
  8.52038381e-06 7.04414020e-06 4.38938216e-07 2.15537207e-07]
 [1.46756358e-04 3.02954013e-05 1.43982141e-04 2.64849140e-06
  2.08634786e-06 1.10680800e-07 2.26581507e-04 3.96291087e-05
  6.93524132e-06 4.02598887e-06 6.13962615e-07 2.33887650e-07]
 [1.62452341e-04 5.86832146e-05 9.57506210e-05 5.14260183e-06
  1.82591813e-06 1.17484352e-07 2.98576205e-04 9.53303963e-05
  1.95083878e-05 5.14879670e-06 2.03819764e-06 2.13917768e-07]
 [1.29770390e-05 7.82724474e-05 1.09812685e-04 8.39971196e-07
  1.65184454e-06 1.80430903e-07 3.99968571e-04 6.21943050e-05
  7.18479044e-06 5.81375521e-06 1.78456756e-06 5.42872908e-07]
 [1.35166979e-04 1.84254520e-05 9.40767115e-05 4.85733412e-06
  8.13411147e-07 1.09644727e-07 3.13599594e-04 4.87393467e-05
  1.19835725e-05 1.12860415e-05 8.76025609e-07 1.06497728e-06]
 [1.88924507e-04 8.80278621e-05 8.20576404e-05 2.94649720e-06
  1.20254187e-06 1.55744590e-07 2.64200008e-04 6.04124771e-05
  1.33930207e-05 6.51952564e-06 2.30591338e-06 4.29383489e-07]]
Done!, time = 3.9732139110565186s
