Begin!
Data shape = (250000, 5)
Begin sort function!
In centrality 0
In centrality 1
In centrality 2
In centrality 3
In centrality 4
In centrality 5
In centrality 6
end function sorter
Data shape = (250000, 5)
Begin sort function!
In centrality 0
In centrality 1
In centrality 2
In centrality 3
In centrality 4
In centrality 5
In centrality 6
end function sorter
Data shape = (250000, 5)
Begin sort function!
In centrality 0
In centrality 1
In centrality 2
In centrality 3
In centrality 4
In centrality 5
In centrality 6
end function sorter
Data shape = (250000, 5)
Begin sort function!
In centrality 0
In centrality 1
In centrality 2
In centrality 3
In centrality 4
In centrality 5
In centrality 6
end function sorter
Final results shape = (4, 7, 12)
mean value:
[[ 1.47737250e-02  9.97502218e-03  1.43252419e-02  5.35415855e-05
   8.19413073e-07 -7.35158585e-07  8.76802571e-01  2.51054552e-03
   2.83143010e-05 -1.59050416e-04  3.97852660e-05 -1.03262352e-05]
 [ 1.63106849e-02  1.05927710e-02  1.51383799e-02  4.59638646e-05
  -1.86295037e-06 -9.20971676e-07  8.68103953e-01  2.48175132e-03
   3.04973118e-05 -1.67694227e-04  4.24329850e-05 -1.12999827e-05]
 [ 1.75274267e-02  1.11792900e-02  1.60247593e-02  4.64405048e-05
   1.34728267e-07 -1.21714739e-06  8.63418485e-01  2.51277042e-03
   3.28784811e-05 -1.83115501e-04  4.62626617e-05 -1.28664233e-05]
 [ 1.85925338e-02  1.19077437e-02  1.67616600e-02  4.11282343e-05
  -1.47920521e-06 -1.20801749e-06  8.59130907e-01  2.54967118e-03
   3.22762657e-05 -1.84031388e-04  4.95867592e-05 -1.35108201e-05]
 [ 1.92827733e-02  1.24917654e-02  1.73909806e-02  4.05355000e-05
   6.22906719e-07 -1.42539004e-06  8.56862147e-01  2.62573849e-03
   3.45826933e-05 -1.95582265e-04  5.25943372e-05 -1.47272153e-05]
 [ 2.01117412e-02  1.30419721e-02  1.79584266e-02  3.19027219e-05
  -1.95262642e-06 -1.20545618e-06  8.55266561e-01  2.63687681e-03
   3.41972248e-05 -1.95234494e-04  5.55103824e-05 -1.53772652e-05]
 [ 2.07295181e-02  1.37957771e-02  1.85837215e-02  2.27061069e-05
  -2.12989183e-06 -1.21622157e-06  8.54206805e-01  2.71314328e-03
   3.83882222e-05 -1.92653327e-04  5.82493856e-05 -1.52374603e-05]]
std error:
[[8.94788324e-05 2.54544610e-05 1.12397729e-04 6.45205265e-06
  1.23881243e-06 3.39406469e-07 4.29476867e-04 3.19643983e-05
  1.31823459e-06 2.76499033e-06 5.89118367e-07 4.37441408e-07]
 [1.27764004e-04 9.42830603e-05 1.37402348e-04 5.86690831e-06
  1.37989340e-06 5.26805247e-07 5.07082686e-04 8.57185485e-06
  2.42382430e-06 5.37274563e-06 7.67487354e-07 1.04823979e-06]
 [6.96882882e-05 1.00840970e-04 9.00193501e-05 3.44485168e-06
  8.82067762e-07 3.64030236e-07 1.69391975e-04 3.36747579e-05
  1.89763738e-06 6.23104989e-06 8.12143747e-07 3.93174487e-07]
 [7.51846120e-05 7.96716059e-05 5.15031495e-05 5.13701051e-06
  1.06722425e-06 7.77770125e-08 9.77950951e-05 1.91934040e-05
  2.57693767e-06 1.12913325e-06 9.31263896e-07 2.48037724e-07]
 [5.71579239e-05 3.91246754e-05 9.25918061e-05 5.50677217e-06
  9.50909489e-07 2.41196673e-07 1.49215326e-04 2.00157497e-05
  2.89930315e-06 3.10265286e-06 5.56206574e-07 2.66082506e-07]
 [1.15977209e-04 6.02024242e-05 7.98541234e-05 5.24611381e-06
  2.52904153e-06 2.69170656e-07 2.90155115e-04 2.11348091e-05
  1.84821572e-06 5.37265460e-06 8.83859236e-07 6.33664050e-07]
 [7.26503189e-05 5.83710998e-05 4.98702872e-05 3.21460562e-06
  1.52766592e-06 1.22636358e-07 4.68879891e-04 1.93543220e-05
  1.48710442e-06 8.81687094e-06 2.51117969e-07 6.31017495e-07]]
Done!, time = 3.9776124954223633s
