Begin!
Data shape = (250000, 5)
Begin sort function!
In centrality 0
In centrality 1
In centrality 2
In centrality 3
In centrality 4
In centrality 5
In centrality 6
end function sorter
Data shape = (250000, 5)
Begin sort function!
In centrality 0
In centrality 1
In centrality 2
In centrality 3
In centrality 4
In centrality 5
In centrality 6
end function sorter
Data shape = (250000, 5)
Begin sort function!
In centrality 0
In centrality 1
In centrality 2
In centrality 3
In centrality 4
In centrality 5
In centrality 6
end function sorter
Data shape = (250000, 5)
Begin sort function!
In centrality 0
In centrality 1
In centrality 2
In centrality 3
In centrality 4
In centrality 5
In centrality 6
end function sorter
Final results shape = (4, 7, 12)
mean value:
[[ 1.68788022e-02  1.10635510e-02  1.56582327e-02  7.12532004e-05
   4.53057387e-08 -1.04790996e-06  7.85158676e-01  1.82317405e-03
   1.55913122e-05 -1.86514037e-04  3.34817682e-05 -1.35317829e-05]
 [ 1.89830240e-02  1.16314970e-02  1.65971675e-02  7.42478329e-05
  -1.93517250e-06 -1.52935224e-06  7.76378046e-01  1.82042033e-03
   1.82569149e-05 -2.06729906e-04  3.77065207e-05 -1.64389957e-05]
 [ 2.02434340e-02  1.21204944e-02  1.73633230e-02  5.26739950e-05
  -1.76971930e-06 -2.06748283e-06  7.70614426e-01  1.82244977e-03
   1.85228211e-05 -2.10067615e-04  3.92110838e-05 -1.64723571e-05]
 [ 2.13247698e-02  1.26564100e-02  1.80877361e-02  4.44287473e-05
  -3.45309338e-06 -1.90776376e-06  7.65669436e-01  1.83685553e-03
   1.93730803e-05 -2.16229911e-04  4.06683303e-05 -1.74867825e-05]
 [ 2.22447374e-02  1.29825696e-02  1.85378307e-02  3.36048175e-05
  -3.71287183e-06 -2.45146956e-06  7.62180316e-01  1.86756630e-03
   2.12760303e-05 -2.27519827e-04  4.29890271e-05 -1.88586019e-05]
 [ 2.30389839e-02  1.34089402e-02  1.91759672e-02  2.73886849e-05
  -3.23346602e-06 -2.02639473e-06  7.59407134e-01  1.88046001e-03
   2.17482210e-05 -2.26042799e-04  4.45422325e-05 -1.92523053e-05]
 [ 2.37266980e-02  1.38924669e-02  1.96294290e-02  1.74884269e-05
  -6.43196799e-07 -1.83671320e-06  7.57321783e-01  1.91849644e-03
   2.33279942e-05 -2.28689297e-04  4.68568068e-05 -1.97874585e-05]]
std error:
[[1.32190648e-04 5.15354055e-05 1.55702106e-04 9.30551905e-06
  1.81431995e-06 3.73065050e-07 2.63868490e-04 9.98756554e-06
  4.98916799e-07 4.51395334e-06 3.19242089e-07 2.79591222e-07]
 [2.38285518e-04 8.71134986e-05 1.28408630e-04 7.40957895e-06
  1.77127760e-06 5.37214885e-07 3.27095236e-04 4.37130821e-05
  2.84264528e-06 6.46151900e-06 1.09823629e-06 2.66750640e-07]
 [2.96554879e-05 5.45371726e-05 9.66591446e-05 4.28718443e-06
  4.88012384e-07 2.81053809e-07 1.82762945e-04 2.45647705e-05
  1.00975323e-06 3.81740263e-06 6.75733913e-07 4.81275604e-07]
 [1.17523420e-04 3.11040210e-05 1.25330581e-04 3.78027458e-06
  1.66079532e-06 7.05472826e-08 9.77060929e-05 2.16683574e-05
  9.52875994e-07 7.89619064e-06 9.33891820e-07 8.27590449e-07]
 [1.36500792e-04 6.40333473e-05 1.13217967e-04 2.89101139e-06
  1.10366074e-06 4.07290999e-07 1.72929959e-04 5.76614811e-06
  9.04976458e-07 3.08165171e-06 5.20651347e-07 5.57981835e-07]
 [1.34904267e-04 4.48171938e-05 1.00598184e-04 4.70609048e-06
  1.67514572e-06 4.59761065e-07 3.38018098e-04 8.02380488e-06
  9.69912842e-07 5.85318805e-06 2.54713516e-07 4.99081948e-07]
 [7.81993923e-05 6.81498812e-05 1.00260903e-04 2.32673695e-06
  2.14032171e-06 3.42432506e-07 1.98487045e-04 1.41205561e-05
  1.15631903e-06 5.45240424e-06 5.69449934e-07 6.33166500e-07]]
Done!, time = 4.258373975753784s
