Begin!
Data shape = (250000, 5)
Begin sort function!
In centrality 0
In centrality 1
In centrality 2
In centrality 3
In centrality 4
In centrality 5
In centrality 6
end function sorter
Data shape = (250000, 5)
Begin sort function!
In centrality 0
In centrality 1
In centrality 2
In centrality 3
In centrality 4
In centrality 5
In centrality 6
end function sorter
Data shape = (250000, 5)
Begin sort function!
In centrality 0
In centrality 1
In centrality 2
In centrality 3
In centrality 4
In centrality 5
In centrality 6
end function sorter
Data shape = (250000, 5)
Begin sort function!
In centrality 0
In centrality 1
In centrality 2
In centrality 3
In centrality 4
In centrality 5
In centrality 6
end function sorter
Final results shape = (4, 7, 12)
mean value:
[[ 1.23701577e-02  1.11360449e-02  1.59040028e-02  2.08885107e-05
  -8.47521376e-07  2.65499040e-08  7.77060851e-01  1.62215457e-03
   1.54663733e-05 -5.19252830e-05  2.03760236e-05 -2.90185562e-06]
 [ 1.32052821e-02  1.16939525e-02  1.65649311e-02  1.64067283e-05
  -2.27843280e-06 -1.89006568e-07  7.69540713e-01  1.57363899e-03
   1.43730957e-05 -5.23894341e-05  2.08453574e-05 -2.85779170e-06]
 [ 1.38861215e-02  1.20787706e-02  1.70984113e-02  1.91286175e-05
  -3.08072376e-06 -1.47345709e-07  7.64943348e-01  1.58199657e-03
   1.60020266e-05 -5.73393017e-05  2.20485184e-05 -3.37032007e-06]
 [ 1.44676539e-02  1.25404647e-02  1.75811474e-02  1.40134323e-05
  -3.03647703e-06 -3.18041990e-07  7.61286860e-01  1.59119335e-03
   1.55389088e-05 -6.34411165e-05  2.33718506e-05 -3.69749418e-06]
 [ 1.49913755e-02  1.28725294e-02  1.81360878e-02  1.34913201e-05
  -3.55113129e-06 -2.88435834e-07  7.58582378e-01  1.62301809e-03
   1.63034968e-05 -5.83881340e-05  2.45787772e-05 -3.62062488e-06]
 [ 1.55318679e-02  1.32503353e-02  1.85786127e-02  1.35212585e-05
  -2.48454748e-06 -2.39954935e-07  7.56784241e-01  1.63672235e-03
   1.72916492e-05 -5.91375268e-05  2.59185457e-05 -3.66630115e-06]
 [ 1.60878771e-02  1.36272287e-02  1.89168264e-02  1.37194606e-05
  -2.61750461e-06 -3.13267607e-07  7.54565363e-01  1.64971830e-03
   1.73175435e-05 -6.35099736e-05  2.69010145e-05 -3.97739486e-06]]
std error:
[[5.83634800e-05 2.47555845e-05 9.47628742e-05 1.86177517e-06
  1.59583102e-06 1.03844025e-07 2.68032417e-04 1.48827515e-05
  6.35925958e-07 2.59338486e-06 1.91952325e-07 2.11428542e-07]
 [6.99761680e-05 8.60845529e-05 1.98605623e-04 2.72945503e-06
  1.68559259e-06 9.74481611e-08 5.85091879e-04 7.15581032e-06
  9.53080861e-07 3.19773572e-06 2.54791245e-07 1.82993516e-07]
 [4.45181326e-05 4.05344309e-05 6.83144968e-05 1.51433660e-06
  1.57745290e-06 1.07580849e-07 1.27964967e-04 9.12638796e-06
  7.92255429e-07 1.54463804e-06 1.72714915e-07 1.14434146e-08]
 [1.06248838e-04 6.46328745e-05 1.14446010e-04 1.36290061e-06
  2.36837362e-06 4.17316629e-08 1.48846069e-04 1.50693850e-05
  9.68217077e-07 3.36825004e-06 1.96701657e-07 2.08901778e-07]
 [7.99730747e-05 4.86936381e-05 9.91085369e-05 7.09434035e-07
  2.37256909e-06 1.49639006e-07 2.91273984e-04 1.25463248e-05
  4.75702257e-07 2.67665312e-06 2.08824454e-07 2.70146506e-07]
 [4.22599362e-05 9.29365508e-05 1.28118820e-04 4.89503557e-06
  1.30137047e-06 1.88397705e-07 2.75880225e-04 2.04036838e-05
  1.75406896e-06 4.52658761e-06 3.52620241e-07 1.65166177e-07]
 [1.18669958e-04 1.04820698e-04 6.47931169e-05 3.71726896e-06
  1.37455273e-06 1.27266104e-07 2.19858106e-04 3.68541785e-06
  6.41633431e-07 3.44332811e-06 5.49619696e-08 3.01702941e-07]]
Done!, time = 3.807777166366577s
