Begin!
Data shape = (250000, 5)
Begin sort function!
In centrality 0
In centrality 1
In centrality 2
In centrality 3
In centrality 4
In centrality 5
In centrality 6
end function sorter
Data shape = (250000, 5)
Begin sort function!
In centrality 0
In centrality 1
In centrality 2
In centrality 3
In centrality 4
In centrality 5
In centrality 6
end function sorter
Data shape = (250000, 5)
Begin sort function!
In centrality 0
In centrality 1
In centrality 2
In centrality 3
In centrality 4
In centrality 5
In centrality 6
end function sorter
Data shape = (250000, 5)
Begin sort function!
In centrality 0
In centrality 1
In centrality 2
In centrality 3
In centrality 4
In centrality 5
In centrality 6
end function sorter
Final results shape = (4, 7, 12)
mean value:
[[ 1.45783108e-02  9.49598640e-03  1.48965783e-02  2.33639020e-05
   1.61331292e-06 -8.47939795e-07  9.62515387e-01  1.00870402e-02
   6.48283219e-04 -1.30657418e-04  1.44255371e-04 -7.71662964e-06]
 [ 1.59012182e-02  1.03901462e-02  1.60213265e-02  2.36597546e-05
   2.37094090e-07 -9.61309888e-07  9.39774636e-01  9.59560014e-03
   6.04877011e-04 -1.48645115e-04  1.49585889e-04 -9.49948844e-06]
 [ 1.69204609e-02  1.12013259e-02  1.68274075e-02  1.75607803e-05
   1.94713907e-06 -8.56214801e-07  9.28221947e-01  9.59116484e-03
   5.91082736e-04 -1.50886309e-04  1.58086231e-04 -9.79637240e-06]
 [ 1.78861645e-02  1.20400545e-02  1.76695394e-02  1.65771257e-05
  -2.93314191e-07 -8.34778455e-07  9.20615169e-01  9.74897727e-03
   5.89625412e-04 -1.62364489e-04  1.70704364e-04 -1.11963160e-05]
 [ 1.86524586e-02  1.28144307e-02  1.83242430e-02  1.20138759e-05
   7.43471910e-07 -9.12865920e-07  9.17221176e-01  9.99520139e-03
   6.15602126e-04 -1.55123427e-04  1.83593867e-04 -1.11746418e-05]
 [ 1.94264602e-02  1.35646447e-02  1.87524295e-02  4.79684789e-06
   7.30983054e-07 -9.50508109e-07  9.17120023e-01  1.03209439e-02
   6.38222862e-04 -1.66277445e-04  1.96138102e-04 -1.19651250e-05]
 [ 2.03525735e-02  1.42067224e-02  1.92957206e-02  5.37932447e-06
   1.05222811e-07 -8.56851377e-07  9.16878259e-01  1.05115073e-02
   6.51165110e-04 -1.85049975e-04  2.10658225e-04 -1.40995112e-05]]
std error:
[[1.08784005e-04 1.35977760e-04 8.84693132e-05 3.69656194e-06
  1.47224897e-06 1.07579305e-07 6.78770216e-04 1.39114493e-04
  3.18943316e-05 1.22848733e-05 1.66640582e-06 8.76155913e-07]
 [1.13380699e-04 7.50397595e-05 1.21378497e-04 4.92863298e-06
  1.38349134e-06 1.32412166e-07 3.67680627e-04 2.44606745e-05
  2.34750131e-05 8.37077666e-06 1.16547248e-06 4.13737478e-07]
 [7.14717017e-05 2.98444173e-05 5.96607948e-05 3.33812525e-06
  3.07162338e-06 5.24090805e-08 3.84625406e-04 1.10724265e-04
  2.03845910e-05 4.43643629e-06 1.21643343e-06 4.87970031e-07]
 [8.60822459e-05 3.14509609e-05 7.71089184e-05 2.21944666e-06
  1.52151313e-06 2.55638760e-07 2.22751343e-04 5.01380037e-05
  2.06871939e-05 1.05552863e-05 1.68200729e-06 6.99288615e-07]
 [1.07471049e-04 9.76867829e-05 7.37934999e-05 4.29548890e-06
  1.52961985e-06 1.99713459e-07 2.13923503e-04 1.05684827e-04
  2.64408101e-05 1.14404951e-05 2.57719826e-06 8.32406857e-07]
 [5.61102586e-05 1.00185423e-04 9.39558871e-05 2.42054228e-06
  2.02098177e-06 1.85440470e-07 2.40185333e-04 6.77658914e-05
  1.59777775e-05 8.44961990e-06 1.32794162e-06 1.33853188e-07]
 [9.94705277e-05 1.26628827e-04 8.71246440e-05 5.06355543e-06
  2.28226993e-06 2.49700828e-07 5.49442827e-04 1.21744329e-04
  3.88957609e-05 3.99080185e-06 3.53626097e-06 3.52646818e-07]]
Done!, time = 4.176616430282593s
