Begin!
Data shape = (250000, 5)
Begin sort function!
In centrality 0
In centrality 1
In centrality 2
In centrality 3
In centrality 4
In centrality 5
In centrality 6
end function sorter
Data shape = (250000, 5)
Begin sort function!
In centrality 0
In centrality 1
In centrality 2
In centrality 3
In centrality 4
In centrality 5
In centrality 6
end function sorter
Data shape = (250000, 5)
Begin sort function!
In centrality 0
In centrality 1
In centrality 2
In centrality 3
In centrality 4
In centrality 5
In centrality 6
end function sorter
Data shape = (250000, 5)
Begin sort function!
In centrality 0
In centrality 1
In centrality 2
In centrality 3
In centrality 4
In centrality 5
In centrality 6
end function sorter
Final results shape = (4, 7, 12)
mean value:
[[ 1.64357889e-02  9.36025196e-03  1.42187106e-02  4.53376280e-05
   6.29223314e-07 -2.37945711e-06  9.22395182e-01  1.21793358e-03
  -5.45489372e-06 -2.73204643e-04  2.58182542e-05 -1.66004639e-05]
 [ 1.79625885e-02  9.96970096e-03  1.55777354e-02  1.97420040e-05
  -8.49853539e-07 -2.14888685e-06  9.17807455e-01  1.22934693e-03
  -1.48723539e-06 -2.58647510e-04  2.60655126e-05 -1.61266149e-05]
 [ 1.90025772e-02  1.08470337e-02  1.64651511e-02  8.47207477e-06
   3.60157766e-06 -1.78726566e-06  9.15271183e-01  1.24741457e-03
   3.94765398e-07 -2.50766452e-04  2.68349491e-05 -1.62989566e-05]
 [ 1.98066411e-02  1.17760288e-02  1.73669195e-02 -7.60564459e-06
   5.54973036e-07 -1.33227597e-06  9.13451571e-01  1.28582814e-03
   2.99630533e-06 -2.38506325e-04  2.79346607e-05 -1.60643908e-05]
 [ 2.05448936e-02  1.26742998e-02  1.81664979e-02 -3.57855829e-06
   1.51751073e-06 -1.15964327e-06  9.12696513e-01  1.32117002e-03
   3.84050826e-06 -2.29524386e-04  2.93663893e-05 -1.62282740e-05]
 [ 2.14407341e-02  1.35494188e-02  1.85868057e-02 -1.25982758e-05
  -1.34711508e-06 -1.00861507e-06  9.12295533e-01  1.35825469e-03
   5.22273864e-06 -2.16830425e-04  3.11463200e-05 -1.60416372e-05]
 [ 2.22911065e-02  1.44731289e-02  1.92105246e-02 -1.74043774e-05
  -3.24730693e-06 -9.76736007e-07  9.12128601e-01  1.38174104e-03
   5.87626090e-06 -2.05350304e-04  3.27064081e-05 -1.59965792e-05]]
std error:
[[7.88991243e-05 4.01905281e-05 1.81281247e-04 4.78776670e-06
  1.73689517e-06 1.97388300e-07 5.02806981e-04 1.25445327e-05
  7.30310969e-07 2.33476504e-06 2.48705709e-07 2.89480004e-07]
 [5.42648902e-05 9.38374236e-05 6.32478224e-05 9.78989230e-06
  3.64081154e-07 3.60538285e-07 1.86879697e-04 1.61615266e-05
  7.25015052e-07 6.60310849e-06 4.25912941e-07 5.89328627e-07]
 [1.14488587e-04 3.80047066e-05 8.16872407e-05 3.73907058e-06
  3.36041058e-07 1.76904685e-07 2.26458996e-04 5.57168125e-06
  4.45618630e-07 2.63944795e-06 2.71865205e-07 2.18079552e-07]
 [4.82361345e-05 3.34100143e-05 1.13977492e-04 2.45005018e-06
  5.06397141e-07 1.38801040e-07 1.02940367e-04 6.76091143e-06
  3.15809364e-07 6.96082776e-06 2.71617914e-07 4.72774699e-07]
 [4.36280741e-05 4.21928639e-05 7.76389452e-05 3.07162497e-06
  1.26252326e-06 1.48218277e-07 3.42007540e-04 1.69327103e-05
  4.45736582e-07 3.90869473e-06 3.26457596e-07 2.78040809e-07]
 [1.37880912e-04 7.34386521e-05 1.16856506e-04 4.40947497e-06
  3.35946947e-06 1.64644398e-07 9.13683880e-05 1.00260854e-05
  6.08138649e-07 3.86279966e-06 2.96376822e-07 4.82781096e-07]
 [1.25082375e-04 1.21298586e-04 9.68350650e-05 8.44713666e-06
  2.52265753e-06 4.72417699e-07 2.65082670e-04 1.36838660e-05
  3.39322398e-07 5.30123867e-06 2.93247775e-07 4.39931609e-07]]
Done!, time = 3.538846492767334s
