Begin!
Data shape = (250000, 5)
Begin sort function!
In centrality 0
In centrality 1
In centrality 2
In centrality 3
In centrality 4
In centrality 5
In centrality 6
end function sorter
Data shape = (250000, 5)
Begin sort function!
In centrality 0
In centrality 1
In centrality 2
In centrality 3
In centrality 4
In centrality 5
In centrality 6
end function sorter
Data shape = (250000, 5)
Begin sort function!
In centrality 0
In centrality 1
In centrality 2
In centrality 3
In centrality 4
In centrality 5
In centrality 6
end function sorter
Data shape = (250000, 5)
Begin sort function!
In centrality 0
In centrality 1
In centrality 2
In centrality 3
In centrality 4
In centrality 5
In centrality 6
end function sorter
Final results shape = (4, 7, 12)
mean value:
[[ 1.31797880e-02  1.04207952e-02  1.57000392e-02  2.07871613e-06
  -1.02118736e-06 -3.39947322e-07  8.66842178e-01  2.08727192e-03
   1.78811331e-05 -9.12263475e-05  2.79233537e-05 -4.36294837e-06]
 [ 1.40546604e-02  1.09380428e-02  1.63658335e-02 -1.00389666e-06
  -2.45640261e-06 -3.15879258e-07  8.60043661e-01  2.11267129e-03
   2.01011755e-05 -9.76956636e-05  3.02663607e-05 -4.98155527e-06]
 [ 1.46274571e-02  1.14513330e-02  1.69214055e-02 -5.39298093e-06
  -1.31657761e-06 -2.26994620e-07  8.56112622e-01  2.10820186e-03
   1.97834140e-05 -9.55146607e-05  3.13773462e-05 -4.84880126e-06]
 [ 1.51238542e-02  1.19975351e-02  1.75918079e-02 -6.44765806e-06
  -4.36752430e-07 -1.78232592e-07  8.52767984e-01  2.12219398e-03
   2.04365648e-05 -9.36716633e-05  3.28416812e-05 -5.00269987e-06]
 [ 1.56223409e-02  1.25556012e-02  1.81012025e-02 -1.00848733e-05
  -3.31575667e-06 -2.20056378e-07  8.50890831e-01  2.16351350e-03
   2.09798354e-05 -9.34581874e-05  3.44428165e-05 -5.08345091e-06]
 [ 1.61048143e-02  1.30948773e-02  1.86527661e-02 -1.16754603e-05
  -2.26509314e-06 -1.13892882e-07  8.49301965e-01  2.16832402e-03
   2.10343004e-05 -8.29997192e-05  3.55260927e-05 -4.59591405e-06]
 [ 1.66850730e-02  1.37023019e-02  1.91002474e-02 -1.53013738e-05
  -6.02546372e-06 -1.38404448e-07  8.48108304e-01  2.20091989e-03
   2.26193434e-05 -8.87844580e-05  3.70007808e-05 -5.20950149e-06]]
std error:
[[7.02063104e-05 5.79142227e-05 1.02776973e-04 9.85008033e-07
  1.04399579e-06 7.47296023e-08 4.60424263e-04 1.84353106e-05
  1.86781946e-06 4.97789011e-06 1.59034709e-07 3.21930847e-07]
 [8.20740624e-05 9.10273482e-05 1.67721586e-04 1.83985386e-06
  1.45459859e-06 1.17999653e-07 4.65619232e-04 2.52522498e-05
  1.56851854e-06 3.69271505e-06 5.30170933e-07 1.96835786e-07]
 [5.54665188e-05 7.46009832e-05 1.25531381e-04 2.37943613e-06
  1.72149670e-06 1.76621797e-08 1.12976162e-04 1.28278101e-05
  8.79233540e-07 3.06362992e-06 1.95413150e-07 2.69485328e-07]
 [8.56375798e-05 2.45498180e-05 1.15571617e-04 1.01890134e-06
  1.36343404e-06 1.55408661e-07 2.29334724e-04 8.11598075e-06
  1.51631712e-06 3.02978155e-06 3.21858441e-07 1.57124477e-07]
 [1.21980350e-04 7.48196630e-05 9.44167354e-05 2.92200742e-06
  3.87100334e-07 1.13351473e-07 1.06930267e-04 7.79928019e-06
  1.57351157e-06 3.77556353e-06 5.01891702e-07 3.22378682e-07]
 [1.27518300e-04 8.31276384e-05 7.30084726e-05 2.92030065e-06
  2.90275320e-06 1.67656537e-07 1.63677536e-04 1.75658800e-05
  9.58518618e-07 2.87440393e-06 6.14956480e-07 1.95924204e-07]
 [2.02965513e-05 1.19053844e-04 9.53757839e-05 1.22955705e-06
  2.30353723e-06 5.35089927e-08 2.85686122e-04 2.17388588e-05
  7.07638926e-07 1.23695535e-06 4.49648190e-07 1.74424393e-07]]
Done!, time = 3.799090623855591s
