Begin!
Data shape = (250000, 5)
Begin sort function!
In centrality 0
In centrality 1
In centrality 2
In centrality 3
In centrality 4
In centrality 5
In centrality 6
end function sorter
Data shape = (250000, 5)
Begin sort function!
In centrality 0
In centrality 1
In centrality 2
In centrality 3
In centrality 4
In centrality 5
In centrality 6
end function sorter
Data shape = (250000, 5)
Begin sort function!
In centrality 0
In centrality 1
In centrality 2
In centrality 3
In centrality 4
In centrality 5
In centrality 6
end function sorter
Data shape = (250000, 5)
Begin sort function!
In centrality 0
In centrality 1
In centrality 2
In centrality 3
In centrality 4
In centrality 5
In centrality 6
end function sorter
Final results shape = (4, 7, 12)
mean value:
[[ 1.13057753e-02  9.68654890e-03  1.54257238e-02  1.96777150e-05
  -3.75744436e-07 -1.51600494e-07  8.53483752e-01  7.44316245e-04
   1.29598534e-06 -6.51644546e-05  9.42634253e-06 -3.21705289e-06]
 [ 1.22453896e-02  1.02199809e-02  1.61893820e-02  2.12106968e-05
   2.51944099e-06 -2.91090949e-08  8.50998225e-01  7.46847653e-04
   1.16509818e-06 -7.52815497e-05  1.01638619e-05 -3.89451650e-06]
 [ 1.29932137e-02  1.09888216e-02  1.69278163e-02  1.87143228e-05
   1.14097889e-06 -2.05802570e-07  8.49890400e-01  7.70154117e-04
   1.77666479e-06 -7.42384570e-05  1.09850801e-05 -3.96213124e-06]
 [ 1.37791475e-02  1.17945692e-02  1.76479923e-02  1.50262995e-05
   6.67164415e-07 -2.68686378e-07  8.48833941e-01  7.92367857e-04
   1.85672869e-06 -7.39569320e-05  1.18030251e-05 -4.08695625e-06]
 [ 1.45377776e-02  1.25569483e-02  1.81491064e-02  1.43297673e-05
   1.24387279e-06 -2.93736687e-07  8.48222991e-01  8.16732429e-04
   2.53528779e-06 -7.29619240e-05  1.28122673e-05 -4.30697325e-06]
 [ 1.52570714e-02  1.32254921e-02  1.87562785e-02  1.16345986e-05
  -3.67010610e-07 -1.69073776e-07  8.48051279e-01  8.33624985e-04
   2.60971665e-06 -7.05561456e-05  1.36977251e-05 -4.33715530e-06]
 [ 1.61340796e-02  1.40961894e-02  1.92104955e-02  7.31416762e-06
  -7.70590194e-07 -2.48071645e-07  8.47839835e-01  8.50848933e-04
   2.37814587e-06 -7.12343090e-05  1.46569028e-05 -4.53463033e-06]]
std error:
[[1.20599607e-04 1.37634722e-04 7.67254741e-05 3.16107404e-06
  1.61112422e-06 1.02265367e-07 1.69151268e-04 6.43624186e-06
  2.63415299e-07 4.54319038e-06 2.11845400e-07 2.99140938e-07]
 [9.35578234e-05 8.73795763e-05 1.78009556e-04 2.26821408e-06
  2.94764578e-06 1.02416103e-07 2.27453928e-04 9.94361031e-06
  2.57630184e-07 2.35061509e-06 9.22524750e-08 1.58416340e-07]
 [8.10778210e-05 9.07454730e-05 7.84599338e-05 2.57793416e-06
  9.16987610e-07 7.06936379e-08 1.35241679e-04 4.46472529e-06
  2.35715028e-07 2.43841725e-06 5.09861728e-08 1.75746753e-07]
 [6.20639773e-05 4.86569502e-05 5.08626904e-05 1.75226782e-06
  1.27722055e-06 4.29633199e-08 1.22527998e-04 5.57041213e-06
  4.33677201e-07 2.62475788e-06 2.41120766e-07 1.37509589e-07]
 [6.92924419e-05 6.86341340e-05 9.39342741e-05 2.10468652e-06
  1.42679205e-06 1.04498587e-07 1.33701658e-04 4.62140251e-06
  1.39046049e-07 3.64012893e-07 4.82273432e-08 4.17082084e-08]
 [2.34557928e-05 9.61346654e-05 7.51154352e-05 3.74366736e-06
  2.88540241e-06 8.36573220e-08 9.03769828e-05 1.19774795e-05
  2.24904153e-08 1.73455259e-06 1.20388977e-07 9.15148218e-08]
 [1.34477635e-04 9.21622301e-05 1.05298214e-04 7.97933395e-07
  1.31456816e-06 9.14147381e-08 1.51062469e-04 6.96288170e-06
  4.72070731e-07 3.08382354e-06 2.03953071e-07 2.05530427e-07]]
Done!, time = 4.010885953903198s
