Begin!
Data shape = (250000, 5)
Begin sort function!
In centrality 0
In centrality 1
In centrality 2
In centrality 3
In centrality 4
In centrality 5
In centrality 6
end function sorter
Data shape = (250000, 5)
Begin sort function!
In centrality 0
In centrality 1
In centrality 2
In centrality 3
In centrality 4
In centrality 5
In centrality 6
end function sorter
Data shape = (250000, 5)
Begin sort function!
In centrality 0
In centrality 1
In centrality 2
In centrality 3
In centrality 4
In centrality 5
In centrality 6
end function sorter
Data shape = (250000, 5)
Begin sort function!
In centrality 0
In centrality 1
In centrality 2
In centrality 3
In centrality 4
In centrality 5
In centrality 6
end function sorter
Final results shape = (4, 7, 12)
mean value:
[[ 1.78618603e-02  1.08191075e-02  1.54969899e-02  4.65426524e-05
  -2.19993669e-07 -1.04069768e-06  9.05108855e-01  6.77748584e-03
   2.84249297e-04 -2.12817406e-04  1.20973306e-04 -1.58774591e-05]
 [ 1.92966341e-02  1.14318618e-02  1.63387979e-02  3.93858072e-05
  -1.91045800e-06 -1.10738285e-06  8.84206183e-01  6.31701631e-03
   2.27338088e-04 -2.20212279e-04  1.21947839e-04 -1.69138540e-05]
 [ 2.02310338e-02  1.19077354e-02  1.70791421e-02  3.14692772e-05
  -9.52132499e-07 -1.78287039e-06  8.74098288e-01  6.40907497e-03
   2.56009236e-04 -2.35926739e-04  1.27606747e-04 -1.84889183e-05]
 [ 2.10511112e-02  1.25273756e-02  1.78592791e-02  2.46147426e-05
  -3.05688545e-06 -1.56749457e-06  8.64976011e-01  6.47907565e-03
   2.53509779e-04 -2.47524803e-04  1.35415042e-04 -1.98895910e-05]
 [ 2.18513399e-02  1.30911005e-02  1.85184233e-02  1.82721858e-05
  -2.14520538e-06 -1.64772866e-06  8.59182113e-01  6.58694596e-03
   2.70404601e-04 -2.68374830e-04  1.42489413e-04 -2.19009193e-05]
 [ 2.24623557e-02  1.34275626e-02  1.92060208e-02  1.89308681e-05
  -2.75608862e-06 -1.97549718e-06  8.55624264e-01  6.78055025e-03
   2.79899642e-04 -2.84100856e-04  1.50664480e-04 -2.36765403e-05]
 [ 2.31499871e-02  1.40253911e-02  1.97040501e-02  1.02507285e-05
  -3.82969929e-06 -2.09700525e-06  8.52701218e-01  6.89365405e-03
   2.85635470e-04 -2.76735673e-04  1.58934172e-04 -2.35727023e-05]]
std error:
[[2.01088855e-04 8.80160357e-05 1.29834521e-04 8.00861249e-06
  7.71522008e-07 3.08467080e-07 3.33532792e-04 4.91579797e-05
  9.92867283e-06 5.55642832e-06 2.42355911e-06 4.26101505e-07]
 [1.63291954e-04 4.68817670e-05 2.96519810e-05 7.02755510e-06
  3.28239325e-06 3.16953337e-07 7.07789577e-04 8.83524418e-05
  5.87011365e-06 1.04342576e-05 2.35546429e-06 9.16131897e-07]
 [1.29438316e-04 5.52128555e-05 1.03661495e-04 6.07776060e-06
  7.91555569e-07 1.91690398e-07 7.79545278e-04 4.74801539e-05
  9.60129457e-06 5.42214338e-06 1.20328505e-06 5.57232261e-07]
 [1.02574078e-04 8.50949526e-05 8.54136022e-05 7.97207907e-06
  1.80048484e-06 4.25844274e-07 2.28927401e-04 3.50021601e-05
  9.70768988e-06 7.79572266e-06 1.09995233e-06 5.35608422e-07]
 [6.23724322e-05 3.19219364e-05 9.06221763e-05 4.03493079e-06
  2.95659329e-06 2.04268541e-07 5.11841198e-04 6.41002394e-05
  1.22800442e-05 8.96554921e-06 1.19043326e-06 1.06946947e-06]
 [1.66779469e-04 8.50336116e-05 4.59132785e-05 6.19505298e-06
  1.27682911e-06 1.61531661e-07 9.94517381e-04 5.40006063e-05
  1.57406649e-05 2.93500875e-06 1.74880082e-06 2.88371828e-07]
 [1.42313239e-04 2.59569716e-05 4.69028630e-05 2.61914536e-06
  2.03885430e-06 1.35021927e-07 1.63005171e-04 3.39370756e-05
  4.89537332e-06 1.07032985e-05 1.95779811e-06 1.04301166e-06]]
Done!, time = 4.1927831172943115s
