Begin!
Data shape = (250000, 5)
Begin sort function!
In centrality 0
In centrality 1
In centrality 2
In centrality 3
In centrality 4
In centrality 5
In centrality 6
end function sorter
Data shape = (250000, 5)
Begin sort function!
In centrality 0
In centrality 1
In centrality 2
In centrality 3
In centrality 4
In centrality 5
In centrality 6
end function sorter
Data shape = (250000, 5)
Begin sort function!
In centrality 0
In centrality 1
In centrality 2
In centrality 3
In centrality 4
In centrality 5
In centrality 6
end function sorter
Data shape = (250000, 5)
Begin sort function!
In centrality 0
In centrality 1
In centrality 2
In centrality 3
In centrality 4
In centrality 5
In centrality 6
end function sorter
Final results shape = (4, 7, 12)
mean value:
[[ 1.81912300e-02  9.94358652e-03  1.41926215e-02  6.20715426e-05
  -2.51845254e-07 -3.03542228e-06  8.81214629e-01  2.76343051e-03
   2.91173500e-05 -2.90395975e-04  5.59392321e-05 -2.04004258e-05]
 [ 2.02519575e-02  1.06953884e-02  1.53008665e-02  2.91540464e-05
  -1.92059352e-06 -2.67667386e-06  8.70988072e-01  2.74444266e-03
   3.34580239e-05 -2.97314250e-04  5.99372300e-05 -2.16397083e-05]
 [ 2.14664615e-02  1.12602209e-02  1.62223074e-02  1.22720774e-05
  -8.67202904e-07 -2.87444320e-06  8.65027521e-01  2.77217607e-03
   3.56348042e-05 -3.01456771e-04  6.36975081e-05 -2.25570687e-05]
 [ 2.24137690e-02  1.19345536e-02  1.70677305e-02 -3.40047185e-07
  -2.83542168e-07 -2.40341448e-06  8.60797356e-01  2.84585614e-03
   4.10150487e-05 -2.99385312e-04  6.68935630e-05 -2.30368042e-05]
 [ 2.31617482e-02  1.25442788e-02  1.78327782e-02 -7.45323418e-06
  -1.20989635e-06 -2.07647462e-06  8.57672586e-01  2.86086225e-03
   3.92503998e-05 -2.91924183e-04  6.87405759e-05 -2.31472109e-05]
 [ 2.37690821e-02  1.31984695e-02  1.85701671e-02 -1.79172357e-05
  -2.64392548e-06 -1.82383517e-06  8.55662546e-01  2.93428567e-03
   4.56685481e-05 -2.87144569e-04  7.18348284e-05 -2.30824919e-05]
 [ 2.44454847e-02  1.38700949e-02  1.91480650e-02 -1.09554395e-05
  -1.78558204e-06 -2.23795444e-06  8.54484241e-01  2.99245882e-03
   4.60187081e-05 -2.77868245e-04  7.53543218e-05 -2.34093223e-05]]
std error:
[[1.62602768e-04 1.03665712e-04 5.76553939e-05 3.19697477e-06
  1.91694189e-06 2.14442286e-07 1.81222838e-04 1.76306569e-05
  6.31721569e-07 1.19185301e-05 7.54274130e-07 6.24264704e-07]
 [1.24445401e-04 8.31653490e-05 1.16406039e-04 2.02126178e-06
  1.60926026e-06 1.69061035e-07 1.39484443e-04 2.35780954e-05
  2.61669782e-06 8.82077894e-06 1.54951018e-06 7.49001870e-07]
 [1.33462860e-04 4.28638206e-05 9.22890907e-05 1.81079527e-06
  1.18568044e-06 1.27056034e-07 4.00976439e-04 1.51796902e-05
  2.47096154e-06 2.97547795e-06 4.48345342e-07 2.92449215e-07]
 [1.12380439e-04 5.98993436e-05 8.58583228e-05 6.00135336e-07
  1.16912806e-06 1.59811196e-07 4.20153032e-04 2.53488301e-05
  1.90218384e-06 6.86509211e-06 5.80283617e-07 6.31808931e-07]
 [1.91411468e-04 1.12977471e-04 6.11731761e-05 1.84828977e-06
  1.73530416e-06 2.07224358e-07 2.09485586e-04 2.85162469e-05
  1.85625111e-06 7.37677029e-06 1.22626630e-06 5.41373946e-07]
 [1.37208978e-04 5.44119762e-05 6.78776573e-05 4.30012888e-06
  1.54494548e-06 2.23099278e-07 1.73508788e-04 1.95597086e-05
  3.89218989e-07 6.95021023e-06 4.87815707e-07 7.52028368e-07]
 [5.45492337e-05 1.18667699e-04 9.86613522e-05 5.17167994e-06
  3.38758914e-06 3.38016984e-07 1.47407340e-04 2.22613045e-05
  2.37982453e-06 4.31944665e-06 2.06355816e-07 4.38381307e-07]]
Done!, time = 3.812572717666626s
