Begin!
Data shape = (250000, 5)
Begin sort function!
In centrality 0
In centrality 1
In centrality 2
In centrality 3
In centrality 4
In centrality 5
In centrality 6
end function sorter
Data shape = (250000, 5)
Begin sort function!
In centrality 0
In centrality 1
In centrality 2
In centrality 3
In centrality 4
In centrality 5
In centrality 6
end function sorter
Data shape = (250000, 5)
Begin sort function!
In centrality 0
In centrality 1
In centrality 2
In centrality 3
In centrality 4
In centrality 5
In centrality 6
end function sorter
Data shape = (250000, 5)
Begin sort function!
In centrality 0
In centrality 1
In centrality 2
In centrality 3
In centrality 4
In centrality 5
In centrality 6
end function sorter
Final results shape = (4, 7, 12)
mean value:
[[ 1.39962297e-02  9.90738222e-03  1.40098310e-02  3.60067503e-05
   6.12827060e-07 -9.42492779e-07  8.63173285e-01  8.44921687e-04
  -3.96265148e-06 -1.67099295e-04  1.56916186e-05 -9.45630292e-06]
 [ 1.52701719e-02  1.04576514e-02  1.49762701e-02  2.54517433e-05
  -6.97779621e-07 -1.13259098e-06  8.59741566e-01  8.62998408e-04
  -2.26540182e-06 -1.71410539e-04  1.63848265e-05 -9.87959968e-06]
 [ 1.63996291e-02  1.10149326e-02  1.57860360e-02  1.40508518e-05
  -2.33347271e-07 -8.35682087e-07  8.57250847e-01  8.79013745e-04
  -5.04976546e-07 -1.67838286e-04  1.69705764e-05 -1.01104421e-05]
 [ 1.72457622e-02  1.17807701e-02  1.66429895e-02  6.91629898e-06
  -1.25875060e-06 -8.65158199e-07  8.55652405e-01  9.09395501e-04
   4.46857870e-07 -1.64533667e-04  1.78577715e-05 -1.02087109e-05]
 [ 1.78455805e-02  1.23984258e-02  1.72978977e-02  1.48382184e-06
  -5.13761588e-07 -6.25168967e-07  8.54812739e-01  9.12468164e-04
   1.20475404e-06 -1.55905126e-04  1.82999810e-05 -1.01098966e-05]
 [ 1.86112892e-02  1.30223768e-02  1.77990751e-02 -5.28780520e-06
  -3.30439543e-06 -4.65345192e-07  8.53919947e-01  9.36544307e-04
   1.54538997e-06 -1.50082173e-04  1.92634780e-05 -1.01619680e-05]
 [ 1.94372238e-02  1.36837229e-02  1.83792503e-02 -9.86431409e-06
  -2.02405698e-06 -4.27055537e-07  8.53264225e-01  9.55381609e-04
   2.24289094e-06 -1.49907373e-04  2.00745655e-05 -1.04929372e-05]]
std error:
[[2.08362740e-04 1.80595131e-05 1.20695343e-04 7.04321553e-07
  1.73844950e-06 9.73561230e-08 2.72783311e-04 7.17129514e-06
  3.08750941e-07 5.73486764e-06 5.88984149e-07 4.34359205e-07]
 [2.56458677e-04 9.96366959e-05 1.18659307e-04 2.65604019e-06
  3.34968557e-06 1.58219262e-07 1.95945649e-04 5.15556656e-06
  4.68863208e-07 2.13761978e-06 4.43158922e-07 3.82565867e-07]
 [9.39301301e-05 8.79954661e-05 5.84574967e-05 4.11771977e-06
  8.01792704e-07 1.06857430e-07 1.25590216e-04 8.16247943e-06
  2.41998822e-07 3.89858304e-06 3.52077531e-07 3.03508619e-07]
 [7.72679152e-05 2.77211434e-05 5.66265191e-05 5.35188375e-06
  1.55637954e-06 9.32784320e-08 1.65307493e-04 8.04456783e-06
  4.63553730e-07 3.35195439e-06 3.67873929e-07 2.86677936e-07]
 [8.26567932e-05 5.35158329e-05 5.98839196e-05 3.71778641e-06
  1.15410068e-06 2.46427887e-07 1.34480658e-04 1.06065718e-05
  3.95205587e-07 1.96629607e-06 2.05343278e-07 2.37538404e-07]
 [8.95810723e-05 9.77042474e-05 6.60456353e-05 5.02932327e-06
  2.37686964e-06 2.49722763e-07 1.69873031e-04 1.09445890e-05
  2.36461206e-07 1.55679261e-06 2.17548247e-07 2.01646930e-07]
 [1.50863946e-04 6.00138549e-05 5.55813188e-05 3.66589806e-06
  3.21360359e-06 3.28134699e-07 2.44647731e-04 7.10878525e-06
  2.54983905e-07 3.60397941e-06 3.15770269e-07 2.29165159e-07]]
Done!, time = 3.869472026824951s
