Begin!
Data shape = (250000, 5)
Begin sort function!
In centrality 0
In centrality 1
In centrality 2
In centrality 3
In centrality 4
In centrality 5
In centrality 6
end function sorter
Data shape = (250000, 5)
Begin sort function!
In centrality 0
In centrality 1
In centrality 2
In centrality 3
In centrality 4
In centrality 5
In centrality 6
end function sorter
Data shape = (250000, 5)
Begin sort function!
In centrality 0
In centrality 1
In centrality 2
In centrality 3
In centrality 4
In centrality 5
In centrality 6
end function sorter
Data shape = (250000, 5)
Begin sort function!
In centrality 0
In centrality 1
In centrality 2
In centrality 3
In centrality 4
In centrality 5
In centrality 6
end function sorter
Final results shape = (4, 7, 12)
mean value:
[[ 1.22199523e-02  1.01262898e-02  1.61653009e-02  1.68480345e-05
   1.40391209e-06 -2.36419078e-07  8.44486010e-01  5.91205167e-03
   2.37414491e-04 -4.69984358e-05  7.16294293e-05 -2.54136794e-06]
 [ 1.33448857e-02  1.08327853e-02  1.72260938e-02  1.98282114e-05
   3.88394997e-07 -4.05347538e-07  8.26355125e-01  5.73161548e-03
   2.48268807e-04 -5.46940526e-05  7.53021196e-05 -3.08642504e-06]
 [ 1.41266432e-02  1.15683956e-02  1.79274175e-02  1.47587639e-05
   1.95037048e-06 -3.57572096e-07  8.16221055e-01  5.66545820e-03
   2.37586980e-04 -6.04023131e-05  7.92073897e-05 -3.65059349e-06]
 [ 1.48114339e-02  1.23216986e-02  1.86268111e-02  1.66466546e-05
   1.28459940e-06 -2.84683706e-07  8.09130078e-01  5.71726658e-03
   2.37120962e-04 -5.54922990e-05  8.33650727e-05 -3.21493432e-06]
 [ 1.55409509e-02  1.28874679e-02  1.92532533e-02  1.22523505e-05
   9.88688087e-08 -3.33007593e-07  8.04518960e-01  5.84452378e-03
   2.48638608e-04 -4.99827184e-05  9.04011854e-05 -3.23346728e-06]
 [ 1.62844746e-02  1.35100539e-02  1.96540162e-02  9.83478645e-06
  -3.75953287e-07 -3.43831827e-07  8.01493055e-01  6.02555393e-03
   2.65451920e-04 -5.53518457e-05  9.77715865e-05 -3.57052453e-06]
 [ 1.68473206e-02  1.41275777e-02  2.01145495e-02  9.80973192e-06
  -1.08894065e-06 -4.04161956e-07  7.99324628e-01  6.18401601e-03
   2.73587490e-04 -5.05398519e-05  1.03942056e-04 -3.45877697e-06]]
std error:
[[5.22136246e-05 6.92988274e-05 7.82468292e-05 1.66405540e-06
  8.40187257e-07 7.87113062e-08 6.67066251e-04 1.19800964e-04
  2.31374754e-05 8.71303828e-06 1.34601194e-06 5.50402713e-07]
 [8.59586517e-05 4.26324512e-05 1.35204119e-04 1.83804267e-06
  1.98252509e-06 1.33279484e-07 5.00472165e-04 3.93541677e-05
  1.07465938e-05 7.18214066e-06 3.99000540e-07 5.16152602e-07]
 [1.53150590e-05 5.40136521e-05 4.91615313e-05 1.86118613e-06
  1.00866497e-06 5.11246783e-08 3.21611056e-04 2.95832244e-05
  5.83851515e-06 1.01209060e-05 7.69249625e-07 5.29802540e-07]
 [1.18892021e-04 5.36043848e-05 1.83371958e-04 2.23957360e-06
  1.27157746e-06 9.14667891e-08 3.62157889e-04 5.27714367e-05
  6.64854176e-06 8.26136942e-06 1.02508631e-06 6.34966826e-07]
 [1.28005880e-04 2.72408894e-05 4.62651537e-05 1.46772584e-06
  1.56130161e-06 8.49646813e-08 3.04370119e-04 6.58831722e-05
  1.68144910e-05 1.00990873e-05 1.32340808e-06 8.45098373e-07]
 [9.48977013e-05 1.26261927e-04 8.46787266e-05 4.89462662e-06
  2.16933414e-06 1.39336719e-07 7.55420508e-04 3.60002427e-05
  9.04068659e-06 7.21866807e-06 8.39626009e-07 5.85041758e-07]
 [5.30833246e-05 8.79519804e-05 1.17852666e-04 5.01450918e-06
  1.80392669e-06 1.22517893e-07 4.86049473e-04 5.66504904e-05
  9.15332263e-06 5.91657735e-06 1.23688201e-06 5.75281479e-07]]
Done!, time = 4.1123130321502686s
