Begin!
Data shape = (250000, 5)
Begin sort function!
In centrality 0
In centrality 1
In centrality 2
In centrality 3
In centrality 4
In centrality 5
In centrality 6
end function sorter
Data shape = (250000, 5)
Begin sort function!
In centrality 0
In centrality 1
In centrality 2
In centrality 3
In centrality 4
In centrality 5
In centrality 6
end function sorter
Data shape = (250000, 5)
Begin sort function!
In centrality 0
In centrality 1
In centrality 2
In centrality 3
In centrality 4
In centrality 5
In centrality 6
end function sorter
Data shape = (250000, 5)
Begin sort function!
In centrality 0
In centrality 1
In centrality 2
In centrality 3
In centrality 4
In centrality 5
In centrality 6
end function sorter
Final results shape = (4, 7, 12)
mean value:
[[ 1.65100380e-02  1.09161278e-02  1.54508833e-02  8.19003483e-05
  -1.97622744e-06 -5.10667201e-07  8.16501330e-01  9.65336385e-04
  -1.08873469e-06 -2.21880909e-04  2.07746503e-05 -1.62174094e-05]
 [ 1.84235845e-02  1.14326804e-02  1.62653394e-02  6.53736566e-05
  -1.83688495e-06 -1.27988269e-06  8.11594574e-01  9.74258677e-04
   4.19567228e-07 -2.33857418e-04  2.21836761e-05 -1.75859881e-05]
 [ 1.97067001e-02  1.18497061e-02  1.70512541e-02  5.54742808e-05
  -1.21057492e-06 -2.01965726e-06  8.08586536e-01  1.00106297e-03
   1.61939774e-06 -2.42302924e-04  2.33857957e-05 -1.85795237e-05]
 [ 2.08212019e-02  1.22765481e-02  1.76878357e-02  4.15131796e-05
  -2.59842221e-06 -2.13424325e-06  8.06027137e-01  1.00214569e-03
   2.54568586e-06 -2.43279393e-04  2.40852910e-05 -1.91863310e-05]
 [ 2.17630511e-02  1.28151490e-02  1.83148473e-02  3.16014666e-05
  -3.14307189e-06 -1.85262783e-06  8.04124897e-01  1.01853760e-03
   3.53288865e-06 -2.44370214e-04  2.53246123e-05 -1.99937574e-05]
 [ 2.24561894e-02  1.31257303e-02  1.88423770e-02  2.54514959e-05
  -2.89665421e-06 -2.12853695e-06  8.02647851e-01  1.02203489e-03
   4.48777998e-06 -2.39854429e-04  2.53434320e-05 -1.98227182e-05]
 [ 2.30825689e-02  1.37118861e-02  1.95116604e-02  1.30767542e-05
  -3.82068573e-06 -1.24660497e-06  8.01486422e-01  1.03670109e-03
   4.70721233e-06 -2.35924300e-04  2.62687921e-05 -2.01993700e-05]]
std error:
[[9.57901925e-05 1.61473197e-05 7.02051127e-05 4.50694530e-06
  1.68789838e-06 3.39619262e-07 2.13827874e-04 5.80965028e-06
  5.10994772e-07 2.68547138e-06 2.95997542e-07 3.36987626e-07]
 [1.14240779e-04 1.25703603e-04 5.24428988e-05 4.79246787e-06
  1.49479497e-06 6.91440837e-07 2.10707562e-04 9.23426897e-06
  3.28372467e-07 4.75630930e-06 1.08007375e-07 5.72696318e-07]
 [6.76605101e-05 4.86228613e-05 1.10291212e-04 3.91837579e-06
  8.73972938e-07 1.98871288e-07 2.35563197e-04 5.80141646e-06
  4.44405616e-07 3.91312346e-06 1.80331011e-07 4.18270615e-07]
 [1.24246293e-04 5.70206281e-05 9.53016209e-05 2.74534211e-06
  1.70659000e-06 2.47690414e-07 2.36340032e-04 5.77039107e-06
  9.79863885e-08 3.44918555e-06 2.93798267e-07 4.05973460e-07]
 [6.10193241e-05 6.13116836e-05 9.88446113e-05 2.93280428e-06
  1.81274866e-06 1.52326409e-07 2.60262627e-04 1.12179928e-05
  5.58886136e-07 4.05601997e-06 3.05236786e-07 4.92462172e-07]
 [1.93322724e-04 2.34516256e-05 9.05887881e-05 2.31215146e-06
  7.45416518e-07 2.69163701e-07 2.41886373e-04 8.71809803e-06
  5.58268916e-07 4.16085413e-06 4.72269582e-07 6.86946599e-07]
 [5.23372136e-05 2.67526230e-05 6.28547153e-05 3.35952923e-06
  1.79344451e-06 2.17419491e-07 7.10069987e-05 7.07887467e-06
  3.70434015e-07 5.06152691e-06 9.70736957e-08 6.10886217e-07]]
Done!, time = 4.395780324935913s
