Begin!
Data shape = (250000, 5)
Begin sort function!
In centrality 0
In centrality 1
In centrality 2
In centrality 3
In centrality 4
In centrality 5
In centrality 6
end function sorter
Data shape = (250000, 5)
Begin sort function!
In centrality 0
In centrality 1
In centrality 2
In centrality 3
In centrality 4
In centrality 5
In centrality 6
end function sorter
Data shape = (250000, 5)
Begin sort function!
In centrality 0
In centrality 1
In centrality 2
In centrality 3
In centrality 4
In centrality 5
In centrality 6
end function sorter
Data shape = (250000, 5)
Begin sort function!
In centrality 0
In centrality 1
In centrality 2
In centrality 3
In centrality 4
In centrality 5
In centrality 6
end function sorter
Final results shape = (4, 7, 12)
mean value:
[[ 1.62628202e-02  1.06435699e-02  1.54747235e-02  3.27130811e-05
  -2.14165559e-06 -8.61991363e-07  8.98321034e-01  6.29369961e-03
   2.03103096e-04 -1.78989889e-04  1.01940538e-04 -1.18464450e-05]
 [ 1.75388064e-02  1.11989052e-02  1.64853630e-02  2.22221235e-05
  -1.41407224e-06 -1.25490650e-06  8.79882627e-01  6.10943282e-03
   2.10574564e-04 -1.93654117e-04  1.05743307e-04 -1.31147550e-05]
 [ 1.83384534e-02  1.17770309e-02  1.71011841e-02  1.98797775e-05
  -3.47198888e-06 -1.02967608e-06  8.69267429e-01  6.05658831e-03
   2.01881561e-04 -2.08227041e-04  1.10787762e-04 -1.46415129e-05]
 [ 1.92463826e-02  1.23354808e-02  1.80095700e-02  1.66458536e-05
  -1.52034111e-06 -1.17041552e-06  8.61301700e-01  6.12914674e-03
   2.08422033e-04 -2.12372198e-04  1.17733638e-04 -1.58563646e-05]
 [ 1.99774486e-02  1.29325827e-02  1.86880532e-02  1.04961198e-05
  -1.57888452e-06 -8.93698607e-07  8.55814820e-01  6.23369360e-03
   2.18497209e-04 -2.19997511e-04  1.23286373e-04 -1.63379641e-05]
 [ 2.05623809e-02  1.34632298e-02  1.91761887e-02  7.08165174e-06
  -1.69070917e-06 -1.02230375e-06  8.52378325e-01  6.30690564e-03
   2.21875603e-04 -2.29775054e-04  1.27181045e-04 -1.76437099e-05]
 [ 2.11702425e-02  1.41115330e-02  1.98507403e-02  3.45561684e-07
  -3.61115811e-06 -1.26761903e-06  8.50737957e-01  6.52579871e-03
   2.17789463e-04 -2.39423833e-04  1.37655966e-04 -1.86923337e-05]]
std error:
[[2.08411315e-04 1.26316193e-05 1.60177119e-04 5.61804154e-06
  2.31595314e-06 2.33199942e-07 7.13121751e-04 5.29381576e-05
  8.44206698e-06 1.22725444e-05 8.58627799e-07 1.06228372e-06]
 [8.41904101e-05 1.13149759e-04 1.45022738e-04 3.35231217e-06
  2.19580878e-06 1.91616303e-07 4.45402165e-04 9.16563468e-05
  8.72721034e-06 1.62850685e-05 1.64923943e-06 1.28993881e-06]
 [8.75682268e-05 7.55965461e-05 1.22813865e-04 4.96087274e-06
  1.88474124e-06 1.75195939e-07 7.53206591e-04 1.61204908e-05
  2.88975463e-06 6.40197702e-06 8.40154602e-07 7.26528864e-07]
 [6.98733902e-05 5.71214193e-05 1.09451925e-04 4.60463164e-06
  2.02418592e-06 1.57618386e-07 2.08870037e-04 5.87566701e-05
  8.42148058e-06 1.53093075e-05 1.64326021e-06 1.31646926e-06]
 [6.75914519e-05 3.15787045e-05 2.18776313e-05 3.51270731e-06
  7.10556240e-07 2.87446449e-07 2.82117939e-04 2.98585728e-05
  6.04921901e-06 5.55743372e-06 6.10732103e-07 4.94098726e-07]
 [1.59577258e-04 9.32754643e-05 6.89957046e-05 2.89904828e-06
  1.79528928e-06 2.25356323e-07 3.53629645e-04 8.42666429e-05
  1.36155130e-05 8.15913168e-06 1.84750190e-06 4.62863842e-07]
 [1.07285662e-04 4.28154401e-05 4.14375067e-05 5.58343007e-06
  1.78687748e-06 1.60716608e-07 4.78454267e-04 8.07357155e-05
  1.56327414e-05 1.32021704e-05 7.50806354e-07 1.03246544e-06]]
Done!, time = 3.9352619647979736s
