Begin!
Data shape = (250000, 5)
Begin sort function!
In centrality 0
In centrality 1
In centrality 2
In centrality 3
In centrality 4
In centrality 5
In centrality 6
end function sorter
Data shape = (250000, 5)
Begin sort function!
In centrality 0
In centrality 1
In centrality 2
In centrality 3
In centrality 4
In centrality 5
In centrality 6
end function sorter
Data shape = (250000, 5)
Begin sort function!
In centrality 0
In centrality 1
In centrality 2
In centrality 3
In centrality 4
In centrality 5
In centrality 6
end function sorter
Data shape = (250000, 5)
Begin sort function!
In centrality 0
In centrality 1
In centrality 2
In centrality 3
In centrality 4
In centrality 5
In centrality 6
end function sorter
Final results shape = (4, 7, 12)
mean value:
[[ 1.14288052e-02  9.63603187e-03  1.38545393e-02  9.84132489e-06
  -7.97184224e-07 -2.19639076e-07  9.18000698e-01  7.74024310e-04
  -1.31664661e-06 -8.26827231e-05  1.03307426e-05 -3.69204914e-06]
 [ 1.20477754e-02  1.02190073e-02  1.44342078e-02  5.03684635e-06
  -5.64160504e-07 -2.06651132e-07  9.16069457e-01  7.84762599e-04
  -2.96189011e-07 -7.77557188e-05  1.06176669e-05 -3.51485322e-06]
 [ 1.29018459e-02  1.07560879e-02  1.52685959e-02  3.25424034e-06
   8.18117467e-08 -1.93909009e-07  9.14758359e-01  8.14853939e-04
   3.59471446e-07 -7.89740144e-05  1.15449774e-05 -3.80675893e-06]
 [ 1.35073210e-02  1.13235868e-02  1.58554474e-02  1.65144483e-06
   7.94368286e-07 -1.37423296e-07  9.14095465e-01  8.25483936e-04
   1.05291609e-06 -7.58642970e-05  1.20455368e-05 -3.78073010e-06]
 [ 1.40947702e-02  1.19989520e-02  1.63893083e-02 -1.43710156e-06
  -7.81490653e-07 -1.36867562e-07  9.13893273e-01  8.46874482e-04
   1.35867554e-06 -7.17510027e-05  1.27988696e-05 -3.71445008e-06]
 [ 1.49032198e-02  1.27149945e-02  1.69745573e-02 -3.14375029e-06
  -1.50875675e-06 -1.79580831e-07  9.13619886e-01  8.73837751e-04
   1.51140564e-06 -6.88601602e-05  1.39438787e-05 -3.75273243e-06]
 [ 1.56028409e-02  1.34415918e-02  1.75212434e-02 -5.38348771e-06
  -1.05702220e-06 -6.05022205e-08  9.13591871e-01  8.99720942e-04
   1.98723523e-06 -6.52397821e-05  1.48271480e-05 -3.84609705e-06]]
std error:
[[9.96842810e-05 1.09634158e-04 1.14752632e-04 2.95208254e-06
  1.05595576e-06 4.82052867e-08 5.11771338e-05 8.46674896e-06
  8.85367816e-07 2.53657230e-06 2.77027783e-07 2.22224194e-07]
 [1.77912539e-04 7.90635520e-05 1.02597988e-04 1.88585701e-06
  2.33237108e-06 4.49100287e-08 3.47814931e-04 9.25488434e-06
  1.35661361e-07 3.21434388e-06 2.99972352e-07 2.61735409e-07]
 [8.06198461e-05 7.72569089e-05 7.87988676e-05 1.32299540e-06
  1.91869984e-06 7.09276632e-08 7.40498570e-05 1.65670690e-06
  7.59959121e-07 2.26820997e-06 1.35644480e-07 1.67628822e-07]
 [7.90935323e-05 8.63495378e-05 9.82466881e-05 2.10336791e-06
  7.37231916e-07 3.59036021e-08 7.02498390e-05 3.78920582e-06
  2.69609624e-07 2.75699749e-06 1.97134037e-07 1.53822852e-07]
 [7.92996020e-05 5.26082896e-05 1.27895632e-04 1.59536570e-06
  1.05912146e-06 3.39610411e-08 1.18769137e-04 7.40924430e-06
  1.59944534e-07 9.87510590e-07 1.18956686e-07 5.70648161e-08]
 [7.30131385e-05 1.03753525e-04 3.76757718e-05 2.14405094e-06
  7.94386008e-07 7.09481204e-08 2.09601792e-04 7.35578451e-06
  3.08284689e-07 1.11740300e-06 9.76988721e-08 1.03348739e-07]
 [8.31120591e-05 5.66847093e-05 4.46382188e-05 1.57716646e-06
  2.76772716e-06 5.95372206e-08 6.87445988e-05 3.21811075e-06
  2.07200070e-07 1.70996391e-06 1.26818025e-07 1.99539330e-07]]
Done!, time = 2.357792615890503s
