Begin!
Data shape = (250000, 5)
Begin sort function!
In centrality 0
In centrality 1
In centrality 2
In centrality 3
In centrality 4
In centrality 5
In centrality 6
end function sorter
Data shape = (250000, 5)
Begin sort function!
In centrality 0
In centrality 1
In centrality 2
In centrality 3
In centrality 4
In centrality 5
In centrality 6
end function sorter
Data shape = (250000, 5)
Begin sort function!
In centrality 0
In centrality 1
In centrality 2
In centrality 3
In centrality 4
In centrality 5
In centrality 6
end function sorter
Data shape = (250000, 5)
Begin sort function!
In centrality 0
In centrality 1
In centrality 2
In centrality 3
In centrality 4
In centrality 5
In centrality 6
end function sorter
Final results shape = (4, 7, 12)
mean value:
[[ 1.69570832e-02  9.55240926e-03  1.45073102e-02  2.40903722e-05
   2.18719647e-07 -1.88551500e-06  9.35485497e-01  3.33823684e-03
   4.98616318e-05 -2.42277458e-04  5.95785437e-05 -1.48210074e-05]
 [ 1.84850546e-02  1.01246990e-02  1.55718532e-02  4.00995907e-07
   1.76296135e-06 -1.53622560e-06  9.25487918e-01  3.31746918e-03
   5.22856992e-05 -2.53772172e-04  6.38777654e-05 -1.60101958e-05]
 [ 1.93441009e-02  1.09211814e-02  1.64454181e-02 -6.96878757e-06
   6.08989677e-07 -1.40425293e-06  9.20981258e-01  3.38532166e-03
   5.74886570e-05 -2.39432396e-04  6.70151327e-05 -1.55537346e-05]
 [ 2.03069353e-02  1.18021907e-02  1.74609354e-02 -1.80725820e-05
   1.66506402e-06 -1.18431474e-06  9.17160692e-01  3.45974432e-03
   5.91079287e-05 -2.38359053e-04  7.18745735e-05 -1.60274148e-05]
 [ 2.09586018e-02  1.27115097e-02  1.80767837e-02 -2.12149982e-05
   1.36950855e-07 -8.32221136e-07  9.14984769e-01  3.52372675e-03
   6.27277826e-05 -2.26873838e-04  7.49678430e-05 -1.57221129e-05]
 [ 2.17508992e-02  1.35713111e-02  1.88454579e-02 -1.73557963e-05
  -2.98972192e-07 -1.14519035e-06  9.14036640e-01  3.60702907e-03
   6.55306218e-05 -2.25186619e-04  7.95207710e-05 -1.68560663e-05]
 [ 2.25287882e-02  1.43794621e-02  1.93127867e-02 -2.20845318e-05
  -2.53484837e-06 -1.07250296e-06  9.13708693e-01  3.64601073e-03
   6.45640506e-05 -2.14220596e-04  8.30502763e-05 -1.63365113e-05]]
std error:
[[1.62052697e-04 1.08715035e-04 8.81357665e-05 4.38935147e-06
  1.32907065e-06 1.63645271e-07 3.24909159e-04 1.76986295e-05
  1.77071644e-06 9.61439478e-06 1.26593536e-06 6.28084592e-07]
 [1.57731909e-04 7.27582448e-05 1.34709383e-04 3.58489944e-06
  1.65840962e-06 9.38817850e-08 3.54172444e-04 2.20676944e-05
  1.54394768e-06 1.04209582e-05 5.85073434e-07 8.45485029e-07]
 [6.63352987e-05 8.62143783e-05 1.14187522e-04 2.04244886e-06
  1.82977533e-06 1.15370188e-07 4.68580454e-04 2.21163796e-05
  1.16446135e-06 6.22117622e-06 2.32431407e-07 4.82918752e-07]
 [7.47343223e-05 1.00553013e-04 9.28859132e-05 1.48146374e-06
  2.38065853e-06 1.03424659e-07 3.23795691e-04 1.89813775e-05
  2.63734538e-06 6.41949915e-06 5.96479551e-07 6.71290504e-07]
 [9.26024749e-05 7.78935157e-05 6.99375101e-05 1.66699602e-06
  1.09931819e-06 2.19582601e-07 2.22217284e-04 1.89001434e-05
  1.41319881e-06 1.00303573e-05 7.06503237e-07 5.91313494e-07]
 [5.20456468e-05 8.38038608e-05 1.05054568e-04 1.31300387e-06
  2.36238359e-06 5.96269649e-08 4.30622362e-04 5.92907029e-05
  4.87360315e-06 6.06924213e-06 9.23316094e-07 4.51732954e-07]
 [1.16468829e-04 5.30581892e-05 3.16107993e-05 4.63133321e-06
  2.25799161e-06 2.52386471e-07 4.80754264e-04 3.23403141e-05
  3.39852398e-06 4.81050688e-06 1.27754406e-06 6.38587702e-07]]
Done!, time = 3.786677837371826s
