Begin!
Data shape = (250000, 5)
Begin sort function!
In centrality 0
In centrality 1
In centrality 2
In centrality 3
In centrality 4
In centrality 5
In centrality 6
end function sorter
Data shape = (250000, 5)
Begin sort function!
In centrality 0
In centrality 1
In centrality 2
In centrality 3
In centrality 4
In centrality 5
In centrality 6
end function sorter
Data shape = (250000, 5)
Begin sort function!
In centrality 0
In centrality 1
In centrality 2
In centrality 3
In centrality 4
In centrality 5
In centrality 6
end function sorter
Data shape = (250000, 5)
Begin sort function!
In centrality 0
In centrality 1
In centrality 2
In centrality 3
In centrality 4
In centrality 5
In centrality 6
end function sorter
Final results shape = (4, 7, 12)
mean value:
[[ 1.95046167e-02  1.00317728e-02  1.42551995e-02  8.64335645e-05
   4.84160506e-07 -3.06573247e-06  9.12438025e-01  7.92276379e-03
   4.02843617e-04 -2.65770419e-04  1.51862139e-04 -2.22459283e-05]
 [ 2.14808154e-02  1.08336851e-02  1.56138781e-02  6.60116479e-05
  -2.20651320e-07 -3.95529598e-06  8.90903487e-01  7.41714348e-03
   3.58996825e-04 -2.54999004e-04  1.56319589e-04 -2.14753575e-05]
 [ 2.26905006e-02  1.14153337e-02  1.64055163e-02  4.91829779e-05
  -5.92144715e-09 -3.44809049e-06  8.79045286e-01  7.58938737e-03
   3.65522931e-04 -2.98512484e-04  1.69520240e-04 -2.61117458e-05]
 [ 2.41466954e-02  1.22200580e-02  1.74103432e-02  3.38679560e-05
  -1.04304935e-06 -4.27019703e-06  8.70227411e-01  7.65257808e-03
   3.79006944e-04 -3.22679003e-04  1.83132094e-04 -2.90585971e-05]
 [ 2.48834151e-02  1.28352671e-02  1.79894696e-02  2.39097587e-05
   2.50005146e-07 -3.72503392e-06  8.64352437e-01  7.85038409e-03
   4.02273607e-04 -3.23430058e-04  1.91816647e-04 -2.91309349e-05]
 [ 2.59695641e-02  1.34925555e-02  1.87180471e-02  2.23344672e-05
  -2.27023844e-06 -3.97727080e-06  8.61668579e-01  8.08647473e-03
   4.22902193e-04 -3.46084070e-04  2.03885578e-04 -3.17452417e-05]
 [ 2.67361840e-02  1.40323743e-02  1.91932912e-02  1.92180335e-05
  -3.56373862e-06 -4.17668152e-06  8.59431029e-01  8.33653699e-03
   4.35126160e-04 -3.51240486e-04  2.18525440e-04 -3.40051125e-05]]
std error:
[[2.38081821e-04 3.85230201e-05 6.46307562e-05 1.88629134e-06
  1.79682312e-06 1.44804771e-07 5.46238229e-04 6.27825429e-05
  3.38845066e-06 2.21609584e-05 2.25864258e-06 2.28367016e-06]
 [1.01500896e-04 8.05107704e-05 1.12957468e-04 5.40009537e-06
  9.88120771e-07 3.46647849e-07 7.54940487e-04 6.39451525e-05
  6.99980450e-06 1.99912630e-05 2.50359786e-06 1.29673511e-06]
 [1.47232327e-04 7.48821570e-05 8.07924939e-05 5.74429837e-06
  1.09027701e-06 1.77430065e-07 3.53896065e-04 9.90554871e-05
  2.83221350e-05 6.40238086e-06 4.00453225e-06 1.21309729e-06]
 [2.02506925e-04 6.54373472e-05 8.62020642e-05 7.02681301e-06
  1.21228650e-06 3.51593631e-07 5.59187411e-04 4.53020426e-05
  1.53201033e-05 3.44198631e-06 1.13777110e-06 2.38389802e-07]
 [1.65362844e-04 5.47206269e-05 3.04523778e-05 8.59241091e-06
  6.97187203e-07 2.90415752e-07 4.14247874e-04 4.12605803e-05
  3.50229994e-06 3.81613094e-06 3.13939433e-06 6.47542354e-07]
 [3.55628732e-05 8.68825806e-05 6.46874532e-05 7.73282194e-06
  8.33875027e-07 7.35367299e-07 2.93417860e-04 1.56165478e-05
  4.11024156e-06 6.96666964e-06 5.24230159e-07 8.92882433e-07]
 [9.82414858e-05 5.09404193e-05 8.05515161e-05 5.89622209e-06
  2.87372468e-06 9.81504624e-08 4.00344884e-04 7.40608319e-05
  1.43671461e-05 1.24961805e-05 2.34142712e-06 1.69957212e-06]]
Done!, time = 4.005191326141357s
