Begin!
Data shape = (250000, 5)
Begin sort function!
In centrality 0
In centrality 1
In centrality 2
In centrality 3
In centrality 4
In centrality 5
In centrality 6
end function sorter
Data shape = (250000, 5)
Begin sort function!
In centrality 0
In centrality 1
In centrality 2
In centrality 3
In centrality 4
In centrality 5
In centrality 6
end function sorter
Data shape = (250000, 5)
Begin sort function!
In centrality 0
In centrality 1
In centrality 2
In centrality 3
In centrality 4
In centrality 5
In centrality 6
end function sorter
Data shape = (250000, 5)
Begin sort function!
In centrality 0
In centrality 1
In centrality 2
In centrality 3
In centrality 4
In centrality 5
In centrality 6
end function sorter
Final results shape = (4, 7, 12)
mean value:
[[ 1.11641125e-02  9.40081279e-03  1.49544307e-02  2.09521506e-05
   3.13634397e-07 -8.73884287e-08  9.14228724e-01  8.74819019e-04
   8.56925839e-07 -7.43664681e-05  1.08840433e-05 -3.55743050e-06]
 [ 1.21034715e-02  9.99791813e-03  1.55996901e-02  1.69947129e-05
  -8.25588911e-08 -1.57767074e-07  9.11883297e-01  8.94445685e-04
   1.44228186e-06 -8.01581852e-05  1.17560245e-05 -4.03549805e-06]
 [ 1.28965324e-02  1.06978319e-02  1.64021709e-02  1.93587887e-05
   1.46112317e-06 -1.43848557e-07  9.10157844e-01  9.18461798e-04
   2.12816885e-06 -7.85102793e-05  1.27365399e-05 -4.13870378e-06]
 [ 1.37707580e-02  1.15985384e-02  1.71088724e-02  1.55787177e-05
   3.57874249e-07 -2.42962529e-07  9.09677854e-01  9.51600060e-04
   2.76770774e-06 -7.92858125e-05  1.41103027e-05 -4.40966736e-06]
 [ 1.44907378e-02  1.23767394e-02  1.76119744e-02  1.39589918e-05
  -5.40390582e-07 -1.15205599e-07  9.09575756e-01  9.91503790e-04
   3.51347185e-06 -7.60014516e-05  1.53363755e-05 -4.49281706e-06]
 [ 1.52528351e-02  1.32307168e-02  1.81222857e-02  8.32279641e-06
  -2.06100000e-06 -1.17798890e-07  9.09747825e-01  1.00542295e-03
   3.04393602e-06 -7.26766201e-05  1.64279823e-05 -4.37415874e-06]
 [ 1.62394775e-02  1.40564600e-02  1.86339028e-02  8.02315985e-06
  -9.51957850e-07 -3.03716316e-07  9.09767624e-01  1.03600541e-03
   3.71830071e-06 -6.96168899e-05  1.78492508e-05 -4.52376590e-06]]
std error:
[[4.03919120e-05 7.22954696e-05 7.50339914e-05 2.97786416e-06
  1.21749989e-06 5.36558146e-08 1.87582799e-04 9.25303399e-06
  4.79677329e-07 2.40840906e-06 1.44311085e-07 1.82704574e-07]
 [5.42837487e-05 5.70145086e-05 1.85667801e-04 2.13236190e-06
  1.41579729e-06 7.74931466e-08 1.80891228e-04 9.68795976e-06
  4.99455423e-07 3.99790598e-06 2.36477234e-07 2.68788879e-07]
 [3.18456534e-05 5.05902919e-05 5.06565375e-05 1.37533904e-06
  9.17095956e-07 1.45240346e-07 1.83430212e-04 5.25297992e-06
  2.59798622e-07 2.42897560e-06 2.10176105e-07 2.17905449e-07]
 [8.74634651e-05 5.49875989e-05 3.25427619e-05 1.87530651e-06
  6.31344792e-07 5.94346704e-08 1.41614956e-04 7.37035573e-06
  2.90082473e-07 1.03159714e-06 1.57130412e-07 9.18337297e-08]
 [6.32656608e-05 8.63591068e-05 1.34392439e-04 1.07813060e-06
  1.84083274e-06 1.02905155e-07 1.48146884e-04 5.27936002e-06
  5.22159229e-07 4.12412017e-06 2.70693222e-07 3.25920864e-07]
 [7.86105307e-05 6.40940176e-05 1.13371619e-04 2.53219658e-06
  2.51597349e-06 2.17280886e-07 1.37867004e-04 9.55959217e-06
  2.19376922e-07 1.64487309e-06 2.91794152e-07 1.44333990e-07]
 [7.86851960e-05 9.60362358e-05 3.17506694e-05 5.53957050e-06
  3.20791068e-06 2.30070505e-08 7.17981972e-05 8.04443567e-06
  5.65423337e-07 1.60595171e-06 1.63047419e-07 2.56115036e-07]]
Done!, time = 4.339925289154053s
