Begin!
Data shape = (250000, 5)
Begin sort function!
In centrality 0
In centrality 1
In centrality 2
In centrality 3
In centrality 4
In centrality 5
In centrality 6
end function sorter
Data shape = (250000, 5)
Begin sort function!
In centrality 0
In centrality 1
In centrality 2
In centrality 3
In centrality 4
In centrality 5
In centrality 6
end function sorter
Data shape = (250000, 5)
Begin sort function!
In centrality 0
In centrality 1
In centrality 2
In centrality 3
In centrality 4
In centrality 5
In centrality 6
end function sorter
Data shape = (250000, 5)
Begin sort function!
In centrality 0
In centrality 1
In centrality 2
In centrality 3
In centrality 4
In centrality 5
In centrality 6
end function sorter
Final results shape = (4, 7, 12)
mean value:
[[ 1.44274251e-02  1.10020584e-02  1.56386615e-02  1.10425445e-05
  -1.02863456e-06 -4.68935203e-07  8.25089138e-01  1.99712343e-03
   1.90785685e-05 -1.10419256e-04  3.00816256e-05 -5.96154784e-06]
 [ 1.53408218e-02  1.14183487e-02  1.62998683e-02  2.42476104e-06
  -1.96062260e-06 -5.04683921e-07  8.17450672e-01  2.01623414e-03
   2.12311430e-05 -1.11481963e-04  3.17947702e-05 -6.06257268e-06]
 [ 1.60506204e-02  1.18523330e-02  1.68153058e-02  1.00382397e-06
  -2.46056919e-06 -4.61357683e-07  8.11966624e-01  1.99913938e-03
   2.10903262e-05 -1.10851344e-04  3.29039421e-05 -6.44678845e-06]
 [ 1.67040740e-02  1.23309459e-02  1.75911466e-02 -3.80465235e-06
  -3.01080512e-06 -4.41093816e-07  8.07804748e-01  2.03656859e-03
   2.28155078e-05 -1.10026754e-04  3.45966158e-05 -6.55871807e-06]
 [ 1.71637139e-02  1.27932782e-02  1.81500166e-02 -6.92882187e-06
  -2.66470496e-06 -4.31533934e-07  8.04964716e-01  2.06322219e-03
   2.37350454e-05 -1.12100858e-04  3.61011845e-05 -6.73114832e-06]
 [ 1.77095486e-02  1.32124311e-02  1.85128744e-02 -8.79869906e-06
  -3.37257507e-06 -3.83659058e-07  8.02622056e-01  2.07398370e-03
   2.35102827e-05 -1.08439169e-04  3.74089480e-05 -6.61636424e-06]
 [ 1.80442962e-02  1.36081372e-02  1.90588429e-02 -7.79094926e-06
  -2.48618730e-06 -2.76533814e-07  8.00905362e-01  2.11847913e-03
   2.50280462e-05 -1.04464994e-04  3.84957797e-05 -6.57749412e-06]]
std error:
[[1.52983585e-04 6.76468025e-05 1.56633268e-04 2.99408180e-06
  1.29344301e-06 6.56047393e-08 2.62422307e-04 7.23774212e-06
  2.78711101e-06 1.63853602e-06 1.79723219e-07 1.29079793e-07]
 [1.52118346e-04 9.12438336e-05 1.36942852e-04 4.73556382e-06
  1.65289254e-06 2.17173662e-07 3.64973229e-04 3.49071452e-05
  1.87818512e-06 5.38857493e-06 8.20501580e-07 3.18847273e-07]
 [7.44357194e-05 6.12684515e-05 7.27671843e-05 3.81395810e-06
  1.05763573e-06 7.12644056e-08 1.88260243e-04 1.45999590e-05
  1.46500768e-06 3.85497993e-06 4.84372402e-07 3.72550364e-07]
 [8.95953052e-05 5.79472611e-05 7.76590154e-05 2.01972635e-06
  1.18868233e-06 4.21898324e-08 1.95734043e-04 1.32333681e-05
  1.36758966e-06 2.61766499e-06 4.44400298e-07 1.35011155e-07]
 [1.30180956e-04 5.72421976e-05 1.22503037e-04 2.58795635e-06
  1.57075800e-06 1.38744095e-07 2.27452287e-04 1.78066130e-05
  1.90022117e-06 3.30728128e-06 3.47032082e-07 2.96153224e-07]
 [1.47356446e-04 8.19105507e-05 1.04890383e-04 2.54639160e-06
  1.39858352e-06 1.27957214e-07 3.76695127e-04 3.05044500e-05
  2.36804667e-06 4.62714472e-06 6.07086812e-07 2.89218412e-07]
 [1.62231436e-04 3.34373049e-05 9.81418784e-05 3.68227225e-06
  1.35266308e-06 9.93071419e-08 1.58063297e-04 6.73433054e-06
  1.28034526e-06 5.95801551e-06 5.48428261e-07 5.62870947e-07]]
Done!, time = 3.6361289024353027s
