Begin!
Data shape = (250000, 5)
Begin sort function!
In centrality 0
In centrality 1
In centrality 2
In centrality 3
In centrality 4
In centrality 5
In centrality 6
end function sorter
Data shape = (250000, 5)
Begin sort function!
In centrality 0
In centrality 1
In centrality 2
In centrality 3
In centrality 4
In centrality 5
In centrality 6
end function sorter
Data shape = (250000, 5)
Begin sort function!
In centrality 0
In centrality 1
In centrality 2
In centrality 3
In centrality 4
In centrality 5
In centrality 6
end function sorter
Data shape = (250000, 5)
Begin sort function!
In centrality 0
In centrality 1
In centrality 2
In centrality 3
In centrality 4
In centrality 5
In centrality 6
end function sorter
Final results shape = (4, 7, 12)
mean value:
[[ 1.57836901e-02  1.00651558e-02  1.42954121e-02  8.75458893e-06
   5.09915242e-08 -1.04346581e-06  9.07584335e-01  7.73620181e-03
   3.96969132e-04 -1.34880968e-04  1.20021541e-04 -8.07073252e-06]
 [ 1.67821712e-02  1.06660595e-02  1.54930947e-02 -6.21227363e-07
   3.99814925e-07 -8.08594828e-07  8.86007933e-01  7.27246668e-03
   3.45224658e-04 -1.26727986e-04  1.21499080e-04 -7.86590097e-06]
 [ 1.77390498e-02  1.13464847e-02  1.62389885e-02 -5.77780244e-06
   1.95482820e-07 -7.58506492e-07  8.74776600e-01  7.43186794e-03
   3.88665546e-04 -1.36575033e-04  1.29300768e-04 -8.42959691e-06]
 [ 1.85546448e-02  1.20904215e-02  1.70437766e-02 -1.70898713e-05
  -4.53271061e-07 -5.36567558e-07  8.66084592e-01  7.50572557e-03
   3.87942150e-04 -1.42533271e-04  1.36659324e-04 -8.85524880e-06]
 [ 1.91514765e-02  1.27118051e-02  1.77125675e-02 -1.77134251e-05
  -1.83574623e-06 -5.91002081e-07  8.62029190e-01  7.73684722e-03
   4.24705072e-04 -1.49201406e-04  1.45425718e-04 -9.77644423e-06]
 [ 1.99024655e-02  1.32300889e-02  1.81020570e-02 -1.88953246e-05
  -9.18056256e-07 -5.97872852e-07  8.59023124e-01  7.80733994e-03
   3.98340604e-04 -1.42993939e-04  1.52837752e-04 -9.53834816e-06]
 [ 2.04307153e-02  1.37144364e-02  1.86184461e-02 -2.26403047e-05
  -1.63466837e-06 -4.99594768e-07  8.57423255e-01  8.17482609e-03
   4.33049646e-04 -1.50185380e-04  1.63117780e-04 -1.02953983e-05]]
std error:
[[1.11660401e-04 9.47233518e-05 2.07885913e-04 1.71419571e-06
  6.46413968e-07 9.87541354e-08 1.21631487e-03 1.12411612e-04
  1.42453842e-05 4.49758994e-06 3.78768126e-06 5.50089991e-07]
 [1.28634052e-04 8.66009858e-05 9.85509555e-05 2.72785120e-06
  2.01138807e-06 1.32633177e-07 1.30678528e-03 7.41260408e-05
  1.95929533e-05 9.12146817e-06 1.99340672e-06 7.01097488e-07]
 [1.07508638e-04 5.97952673e-05 1.95710657e-05 1.92190814e-06
  1.81315155e-06 9.57194331e-08 4.55819482e-04 4.93121704e-05
  1.82756254e-05 9.88703476e-06 1.64941507e-06 5.39041648e-07]
 [1.26597852e-04 6.94713612e-05 1.32839314e-04 2.15573397e-06
  9.97043584e-07 1.02674368e-07 3.62491747e-04 6.41881593e-05
  5.61515851e-06 1.05860054e-05 2.63985112e-06 5.31364066e-07]
 [1.05616571e-04 6.18086059e-05 7.87782161e-05 1.10624263e-06
  1.95697926e-06 1.28214407e-07 4.63124700e-04 4.29641705e-05
  1.15802812e-05 8.15300018e-06 1.19651105e-06 5.98555289e-07]
 [1.22514169e-04 3.60615884e-05 1.10029933e-04 3.37747572e-06
  2.02797816e-06 2.77327990e-07 2.75755215e-04 1.56615815e-05
  1.66722548e-05 8.98584363e-06 3.19530277e-06 7.05408292e-07]
 [9.47637008e-05 2.88791698e-05 5.26693951e-05 5.99986982e-06
  1.25971471e-06 1.42234973e-07 1.40830404e-04 6.90836404e-05
  1.91039841e-05 7.51960973e-06 1.62245331e-06 6.47008501e-07]]
Done!, time = 4.502030611038208s
