Begin!
Data shape = (250000, 5)
Begin sort function!
In centrality 0
In centrality 1
In centrality 2
In centrality 3
In centrality 4
In centrality 5
In centrality 6
end function sorter
Data shape = (250000, 5)
Begin sort function!
In centrality 0
In centrality 1
In centrality 2
In centrality 3
In centrality 4
In centrality 5
In centrality 6
end function sorter
Data shape = (250000, 5)
Begin sort function!
In centrality 0
In centrality 1
In centrality 2
In centrality 3
In centrality 4
In centrality 5
In centrality 6
end function sorter
Data shape = (250000, 5)
Begin sort function!
In centrality 0
In centrality 1
In centrality 2
In centrality 3
In centrality 4
In centrality 5
In centrality 6
end function sorter
Final results shape = (4, 7, 12)
mean value:
[[ 1.37617836e-02  1.02632362e-02  1.44720044e-02  6.17834192e-05
  -2.17964167e-07 -8.64465444e-08  8.09845507e-01  8.42187368e-04
  -4.99770853e-07 -1.50372266e-04  1.48693445e-05 -9.55785827e-06]
 [ 1.56248349e-02  1.08405150e-02  1.54962558e-02  5.78384276e-05
   1.41906817e-06 -3.91917861e-07  8.05795037e-01  8.60935266e-04
   3.75375234e-07 -1.70339769e-04  1.64457486e-05 -1.14771192e-05]
 [ 1.69213831e-02  1.13892556e-02  1.61995363e-02  5.16284410e-05
   7.74414268e-07 -8.16952751e-07  8.03155024e-01  8.77700225e-04
   1.12857548e-06 -1.74534071e-04  1.77809680e-05 -1.23589382e-05]
 [ 1.81243137e-02  1.20370705e-02  1.71974680e-02  4.78205239e-05
  -1.98044563e-06 -9.23778073e-07  8.01094798e-01  8.96957825e-04
   2.14625734e-06 -1.82458808e-04  1.90125296e-05 -1.34355650e-05]
 [ 1.89534989e-02  1.25947817e-02  1.77689305e-02  4.20242550e-05
  -1.09824393e-06 -1.12230017e-06  7.99469933e-01  9.08402439e-04
   2.53197092e-06 -1.81003691e-04  1.99201578e-05 -1.37758100e-05]
 [ 1.98375811e-02  1.32192113e-02  1.82132456e-02  3.39447787e-05
  -1.24000773e-06 -1.09220682e-06  7.98393469e-01  9.26967205e-04
   3.03709222e-06 -1.81038046e-04  2.08684819e-05 -1.41237018e-05]
 [ 2.06851510e-02  1.37391263e-02  1.89530041e-02  2.32913463e-05
  -2.54841579e-06 -1.22689610e-06  7.97380938e-01  9.46054271e-04
   3.57541581e-06 -1.81140466e-04  2.19423434e-05 -1.45676498e-05]]
std error:
[[5.84351609e-05 1.54708408e-04 5.79806758e-05 2.01555543e-06
  2.02880230e-06 7.53171326e-08 2.22377708e-04 9.43417209e-06
  6.66034575e-07 4.15914590e-06 1.90999871e-07 2.92737848e-07]
 [1.53741337e-04 8.86638380e-05 8.70291612e-05 3.25980037e-06
  2.50686818e-06 1.88165986e-07 1.36340776e-04 5.99059329e-06
  2.88601556e-07 5.66484122e-06 2.37478640e-07 5.32165202e-07]
 [1.30568060e-04 5.06194918e-05 1.46219932e-04 4.54805761e-06
  1.76908643e-06 1.87722305e-07 1.92601693e-04 5.32152794e-06
  3.01092212e-07 5.58398897e-06 2.65338620e-07 4.57163736e-07]
 [8.27050157e-05 4.04229166e-05 5.68657282e-05 5.53264460e-06
  1.42043610e-06 2.51042932e-07 6.74337741e-05 3.43579366e-06
  2.40174587e-07 2.94845714e-06 1.95446265e-07 3.32107146e-07]
 [1.22954071e-04 5.02059458e-05 1.16060848e-04 2.63351995e-06
  1.78643476e-06 1.53939999e-07 1.33198962e-04 3.04474260e-06
  1.78784484e-07 3.30534926e-06 1.98496645e-07 4.25512413e-07]
 [1.42105858e-04 7.16574919e-05 1.27398874e-04 6.96712905e-06
  1.31792719e-06 1.78336021e-07 1.78232500e-04 5.56634351e-06
  5.88593931e-07 5.98437576e-06 3.58922000e-07 7.94734222e-07]
 [1.55375863e-04 9.85486731e-05 1.03340976e-04 2.25457650e-06
  1.13632587e-06 2.59451786e-07 5.72093825e-05 9.81757433e-06
  2.62675844e-07 1.92302692e-06 2.83184793e-07 3.41573713e-07]]
Done!, time = 4.3999176025390625s
