Begin!
Data shape = (250000, 5)
Begin sort function!
In centrality 0
In centrality 1
In centrality 2
In centrality 3
In centrality 4
In centrality 5
In centrality 6
end function sorter
Data shape = (250000, 5)
Begin sort function!
In centrality 0
In centrality 1
In centrality 2
In centrality 3
In centrality 4
In centrality 5
In centrality 6
end function sorter
Data shape = (250000, 5)
Begin sort function!
In centrality 0
In centrality 1
In centrality 2
In centrality 3
In centrality 4
In centrality 5
In centrality 6
end function sorter
Data shape = (250000, 5)
Begin sort function!
In centrality 0
In centrality 1
In centrality 2
In centrality 3
In centrality 4
In centrality 5
In centrality 6
end function sorter
Final results shape = (4, 7, 12)
mean value:
[[ 1.46040569e-02  9.76856091e-03  1.53532249e-02  3.05353746e-05
   2.63839337e-07 -7.79516418e-07  9.02304546e-01  7.64445994e-03
   3.58038022e-04 -1.23639063e-04  1.10618579e-04 -7.41571803e-06]
 [ 1.59568415e-02  1.07180865e-02  1.65618370e-02  2.36323677e-05
   1.03825807e-06 -8.38095690e-07  8.82279553e-01  7.49213695e-03
   3.83513195e-04 -1.10320647e-04  1.18612624e-04 -7.10622063e-06]
 [ 1.70214298e-02  1.13488707e-02  1.73754406e-02  2.18525908e-05
   1.37020725e-06 -1.11188645e-06  8.71270742e-01  7.37591515e-03
   3.63990443e-04 -1.31206928e-04  1.24726452e-04 -8.67891330e-06]
 [ 1.79957859e-02  1.22073819e-02  1.81820685e-02  1.44666844e-05
  -3.77169356e-07 -1.01213827e-06  8.63298371e-01  7.49917880e-03
   3.81266025e-04 -1.38431693e-04  1.32789898e-04 -9.45258472e-06]
 [ 1.88154206e-02  1.29444733e-02  1.87285621e-02  1.75229515e-05
  -1.38535893e-07 -1.16417917e-06  8.58965396e-01  7.70817523e-03
   3.93430709e-04 -1.46190772e-04  1.43505840e-04 -1.07875064e-05]
 [ 1.94858853e-02  1.35757029e-02  1.92024874e-02  7.20855815e-06
   2.05939407e-06 -7.83093722e-07  8.56738935e-01  7.86257428e-03
   3.87358835e-04 -1.43148351e-04  1.50628579e-04 -1.01378559e-05]
 [ 2.02998480e-02  1.43048702e-02  1.97026640e-02  8.75794139e-06
  -9.19394731e-07 -1.03520113e-06  8.55931545e-01  8.09805506e-03
   4.03319420e-04 -1.56533129e-04  1.61615051e-04 -1.19542047e-05]]
std error:
[[9.56798596e-05 9.55027139e-05 1.41155810e-04 3.21127263e-06
  1.82392385e-06 1.68862553e-07 7.81367008e-04 1.30731990e-04
  1.00936952e-05 2.40877332e-06 7.40084365e-07 9.40428692e-08]
 [6.94667865e-05 1.39244665e-04 7.69249176e-05 2.38197925e-06
  1.57759589e-06 2.57363864e-07 5.28224157e-04 9.92457460e-05
  2.19478261e-05 5.95013377e-06 2.26894164e-06 3.20448664e-07]
 [6.09936401e-05 6.79956813e-05 9.51605378e-05 1.26263218e-06
  2.30839829e-06 1.92525526e-08 6.60537304e-04 8.35284188e-05
  2.27857509e-05 6.92271207e-06 1.37413654e-06 6.69121828e-07]
 [6.84328980e-05 8.22912135e-05 1.19005819e-04 1.70196616e-06
  9.24378276e-07 1.38238195e-07 3.24316385e-04 5.32968780e-05
  9.73398446e-06 9.13687681e-06 1.64990341e-06 7.71070355e-07]
 [7.10746973e-05 2.14170027e-05 7.71794444e-05 5.41955031e-06
  1.47450245e-06 1.58516513e-07 7.01676226e-04 1.02814491e-04
  2.44718357e-05 1.57717930e-06 3.36772589e-06 2.35187456e-07]
 [7.38217198e-05 3.74319741e-05 5.04489793e-05 6.26874723e-06
  6.84289809e-07 1.98267810e-07 5.20696587e-04 5.23380956e-05
  1.54974139e-05 5.19862817e-06 1.18968106e-06 1.44955867e-07]
 [1.22071777e-04 5.89247507e-05 6.68073064e-05 2.07371329e-06
  1.22602484e-06 2.15415405e-07 1.91897125e-04 5.82542183e-05
  1.33998968e-05 8.58224590e-06 3.26072520e-06 8.10946003e-07]]
Done!, time = 4.235121965408325s
