Begin!
Data shape = (250000, 5)
Begin sort function!
In centrality 0
In centrality 1
In centrality 2
In centrality 3
In centrality 4
In centrality 5
In centrality 6
end function sorter
Data shape = (250000, 5)
Begin sort function!
In centrality 0
In centrality 1
In centrality 2
In centrality 3
In centrality 4
In centrality 5
In centrality 6
end function sorter
Data shape = (250000, 5)
Begin sort function!
In centrality 0
In centrality 1
In centrality 2
In centrality 3
In centrality 4
In centrality 5
In centrality 6
end function sorter
Data shape = (250000, 5)
Begin sort function!
In centrality 0
In centrality 1
In centrality 2
In centrality 3
In centrality 4
In centrality 5
In centrality 6
end function sorter
Final results shape = (4, 7, 12)
mean value:
[[ 1.60128193e-02  9.31567582e-03  1.40691872e-02  8.36728224e-05
   5.97013716e-08 -1.44878092e-06  9.22340045e-01  1.11249352e-03
  -3.61942595e-06 -2.72451061e-04  2.45203163e-05 -1.85462635e-05]
 [ 1.77313172e-02  1.01134908e-02  1.53084278e-02  6.76057232e-05
  -1.09380571e-06 -2.11258799e-06  9.18606460e-01  1.13072904e-03
   4.53098333e-08 -2.78864619e-04  2.56333510e-05 -1.96586826e-05]
 [ 1.91176231e-02  1.07760454e-02  1.63470691e-02  4.94971984e-05
   1.46369433e-06 -2.06765916e-06  9.16364447e-01  1.14640330e-03
   1.56631859e-06 -2.79177824e-04  2.67422500e-05 -2.04022129e-05]
 [ 2.03367029e-02  1.17676002e-02  1.73411293e-02  3.64740669e-05
   5.58161000e-07 -1.82902832e-06  9.14631875e-01  1.16947153e-03
   3.61881905e-06 -2.70660497e-04  2.78166112e-05 -2.06365033e-05]
 [ 2.14587345e-02  1.26324707e-02  1.79745291e-02  2.47432674e-05
  -9.98292896e-07 -1.83019460e-06  9.13743655e-01  1.20869233e-03
   4.63519484e-06 -2.69196193e-04  2.97599998e-05 -2.13540977e-05]
 [ 2.20980376e-02  1.36195557e-02  1.88189279e-02  1.27355250e-05
  -1.18043634e-06 -1.56355133e-06  9.13391653e-01  1.22468425e-03
   5.50570411e-06 -2.51958031e-04  3.04079238e-05 -2.05301082e-05]
 [ 2.32539311e-02  1.45122221e-02  1.92931579e-02  1.05086989e-05
  -4.05209842e-06 -1.35335254e-06  9.13262518e-01  1.27988344e-03
   6.04962924e-06 -2.58260344e-04  3.31831043e-05 -2.24682448e-05]]
std error:
[[1.09050741e-04 7.67821566e-05 3.32036554e-05 2.89382899e-06
  1.08648650e-06 4.55796181e-07 4.39967957e-04 2.00328950e-05
  8.75211982e-07 3.68130448e-06 5.38534344e-07 4.28976952e-07]
 [1.44951678e-04 2.86420505e-05 1.41200156e-04 5.17874753e-06
  2.25347599e-06 2.53632211e-07 4.41386690e-04 1.72787608e-06
  1.87964927e-07 3.68826351e-06 3.50065733e-07 5.69819221e-07]
 [6.94010918e-05 8.73758778e-05 1.84515590e-04 5.76046306e-06
  8.21230400e-07 1.11900949e-07 1.62088995e-04 1.33814965e-05
  1.52663132e-07 3.93476639e-06 4.32347908e-07 2.73015434e-07]
 [1.13345226e-04 7.94191580e-05 5.42049676e-05 5.95015690e-06
  9.75245700e-07 3.28416704e-07 1.40939445e-04 2.42680775e-06
  6.84063474e-07 7.64268494e-06 1.78960096e-07 6.21741586e-07]
 [1.52105872e-04 4.70759675e-05 8.46046981e-05 3.36585798e-06
  1.21071559e-06 1.71724881e-07 1.24528859e-04 1.43057413e-05
  8.39057449e-07 2.18308236e-06 2.36957600e-07 2.59638252e-07]
 [1.01559500e-04 6.31836780e-05 8.81239744e-05 8.14389185e-06
  2.15904428e-06 2.23513408e-07 2.16457516e-04 6.86034971e-06
  5.25164666e-07 5.04638406e-06 2.85289725e-07 7.47651656e-07]
 [1.25174815e-04 2.72953490e-05 1.33011238e-04 3.66417441e-06
  3.56448807e-06 2.53441789e-07 1.07444986e-04 4.07714496e-06
  3.81940934e-07 5.23129154e-06 4.88334132e-07 5.23673642e-07]]
Done!, time = 3.7323532104492188s
