Begin!
Data shape = (250000, 5)
Begin sort function!
In centrality 0
In centrality 1
In centrality 2
In centrality 3
In centrality 4
In centrality 5
In centrality 6
end function sorter
Data shape = (250000, 5)
Begin sort function!
In centrality 0
In centrality 1
In centrality 2
In centrality 3
In centrality 4
In centrality 5
In centrality 6
end function sorter
Data shape = (250000, 5)
Begin sort function!
In centrality 0
In centrality 1
In centrality 2
In centrality 3
In centrality 4
In centrality 5
In centrality 6
end function sorter
Data shape = (250000, 5)
Begin sort function!
In centrality 0
In centrality 1
In centrality 2
In centrality 3
In centrality 4
In centrality 5
In centrality 6
end function sorter
Final results shape = (4, 7, 12)
mean value:
[[ 1.08276042e-02  1.00106603e-02  1.57111923e-02  7.27900489e-06
   1.75739338e-06 -1.31846677e-07  8.00305983e-01  5.87910661e-04
  -8.30483849e-07 -5.27327419e-05  7.16027944e-06 -2.21875761e-06]
 [ 1.16738013e-02  1.06103436e-02  1.67447345e-02  3.64520804e-06
   2.71461686e-07 -1.28520183e-07  7.97996834e-01  5.98649152e-04
  -2.83870635e-07 -5.16344119e-05  7.56900524e-06 -2.22997683e-06]
 [ 1.22934584e-02  1.12990959e-02  1.75434439e-02  2.63917528e-06
  -2.49656652e-07 -4.95844806e-08  7.96546770e-01  6.13824978e-04
  -2.38223149e-09 -5.36594330e-05  8.17312695e-06 -2.50585005e-06]
 [ 1.30641070e-02  1.20381290e-02  1.81583400e-02 -1.15559017e-06
   2.68988130e-08 -1.13489353e-07  7.95690325e-01  6.25525220e-04
   4.92547916e-07 -5.03720432e-05  8.67010480e-06 -2.39530577e-06]
 [ 1.36183169e-02  1.27021596e-02  1.87165764e-02 -2.70069750e-06
   9.73896048e-07 -7.73693103e-08  7.94831497e-01  6.40445736e-04
   4.87696218e-07 -4.72528643e-05  9.19985284e-06 -2.32718034e-06]
 [ 1.42275934e-02  1.34087123e-02  1.91543549e-02 -5.75295647e-06
   6.30685034e-07 -7.60018544e-08  7.94518036e-01  6.60013985e-04
   7.63247185e-07 -4.64452915e-05  9.89803421e-06 -2.34355473e-06]
 [ 1.48729860e-02  1.40347600e-02  1.95809406e-02 -6.52148081e-06
  -2.05449650e-06 -9.12975348e-08  7.94145363e-01  6.70803414e-04
   1.08947723e-06 -4.33867086e-05  1.04603956e-05 -2.37808461e-06]]
std error:
[[7.86152841e-05 5.41989241e-05 9.47088388e-05 3.33456583e-06
  5.35690438e-07 8.02331559e-08 9.10782106e-05 4.57424286e-06
  2.43626580e-07 5.59193648e-07 9.34987475e-08 4.77963447e-08]
 [1.19280099e-04 7.41447088e-05 2.78871708e-04 3.53909929e-06
  1.08459979e-06 4.15252392e-08 2.19217107e-04 1.42402848e-06
  3.87969707e-07 2.18331563e-06 6.68982501e-08 3.63860782e-08]
 [3.25666461e-05 1.20712591e-05 1.55712071e-04 9.23792613e-07
  1.42389302e-06 1.01712402e-07 1.29977911e-04 6.57960662e-06
  2.09690838e-07 1.26658679e-06 7.82055019e-08 6.53336574e-08]
 [1.64674828e-05 7.17268565e-05 7.25489760e-05 1.44053489e-06
  2.04949242e-06 5.10414895e-08 9.59926815e-05 3.68603958e-06
  1.86531607e-07 1.87905852e-06 1.26343187e-07 1.51143466e-07]
 [3.35247051e-05 7.24770911e-05 7.52627280e-05 1.32508192e-06
  1.76269149e-06 1.32911008e-07 1.78643486e-04 4.03459019e-06
  1.48577249e-07 2.12635973e-06 1.27759436e-07 9.71554106e-08]
 [4.46032288e-05 3.73116955e-05 1.33090284e-04 7.25378920e-07
  5.04138248e-07 6.97173516e-08 9.35116529e-05 2.22246557e-06
  1.12330856e-07 6.56599422e-07 7.17494507e-08 7.16791208e-08]
 [9.14437792e-05 7.17741605e-05 1.35597837e-04 1.47747050e-06
  3.81020522e-06 7.33549412e-08 2.40494906e-04 3.00173615e-06
  1.62129733e-07 2.05647379e-06 9.96443336e-08 1.07437224e-07]]
Done!, time = 4.593738555908203s
