Begin!
Data shape = (250000, 5)
Begin sort function!
In centrality 0
In centrality 1
In centrality 2
In centrality 3
In centrality 4
In centrality 5
In centrality 6
end function sorter
Data shape = (250000, 5)
Begin sort function!
In centrality 0
In centrality 1
In centrality 2
In centrality 3
In centrality 4
In centrality 5
In centrality 6
end function sorter
Data shape = (250000, 5)
Begin sort function!
In centrality 0
In centrality 1
In centrality 2
In centrality 3
In centrality 4
In centrality 5
In centrality 6
end function sorter
Data shape = (250000, 5)
Begin sort function!
In centrality 0
In centrality 1
In centrality 2
In centrality 3
In centrality 4
In centrality 5
In centrality 6
end function sorter
Final results shape = (4, 7, 12)
mean value:
[[ 1.16116560e-02  1.05531631e-02  1.60486424e-02  1.34493432e-05
  -1.83359384e-06 -8.85549121e-08  8.05399002e-01  7.76562243e-04
   1.47660909e-06 -5.28394018e-05  9.59342883e-06 -2.55401699e-06]
 [ 1.22161790e-02  1.09741465e-02  1.68886015e-02  1.41454839e-05
   1.11334588e-06 -6.58220210e-08  8.02382827e-01  7.72954847e-04
   1.68961523e-06 -5.40290390e-05  9.81495901e-06 -2.75831405e-06]
 [ 1.28217683e-02  1.15245171e-02  1.74081278e-02  1.34470756e-05
  -1.18727719e-06 -1.38853948e-07  8.00030816e-01  7.96370683e-04
   2.08674111e-06 -5.49446810e-05  1.06378614e-05 -2.86879676e-06]
 [ 1.33624694e-02  1.20117266e-02  1.79501555e-02  1.08504916e-05
  -9.37216639e-07 -1.97411219e-07  7.98746787e-01  8.14155832e-04
   2.16360284e-06 -5.51588776e-05  1.14007646e-05 -2.91891134e-06]
 [ 1.40000271e-02  1.25225170e-02  1.83126968e-02  9.77873695e-06
  -6.25087917e-07 -1.06726208e-07  7.97423930e-01  8.20403356e-04
   2.63775279e-06 -5.40529984e-05  1.19488598e-05 -2.92483218e-06]
 [ 1.44294085e-02  1.30316360e-02  1.89106196e-02  1.02253088e-05
  -2.87479923e-06 -1.73756191e-07  7.96562938e-01  8.38383558e-04
   2.50902797e-06 -5.26944520e-05  1.25361107e-05 -2.99818624e-06]
 [ 1.50893264e-02  1.35576164e-02  1.93067351e-02  7.37274765e-06
  -4.30400011e-06 -2.30083267e-07  7.95686888e-01  8.62262299e-04
   2.82255431e-06 -5.16703920e-05  1.35053611e-05 -3.10834770e-06]]
std error:
[[1.85265954e-04 3.90631824e-05 4.88216036e-05 3.61232086e-06
  1.39424761e-06 5.86011811e-08 2.79330243e-04 2.84977288e-06
  2.22702264e-07 5.34495503e-06 2.42140708e-07 3.01008801e-07]
 [1.51515586e-04 1.13040360e-04 1.32143613e-04 9.33705352e-07
  1.69158120e-06 1.82616037e-07 3.69543989e-04 9.18888265e-06
  4.03816457e-07 1.08896747e-06 2.57478208e-07 5.16251389e-08]
 [1.24719931e-04 2.28718968e-05 8.15935220e-05 3.40089008e-06
  1.13373304e-06 5.37781806e-08 2.28237741e-04 6.04916218e-06
  4.81114937e-07 1.58841595e-06 7.14647748e-08 1.18842715e-07]
 [7.67446487e-05 5.20002305e-05 8.24291817e-05 2.08434217e-06
  1.18086320e-06 6.51039618e-08 9.24404291e-05 7.88503203e-06
  3.58203917e-07 2.88264440e-06 1.15000394e-07 2.06851472e-07]
 [7.15021580e-05 6.63327888e-05 1.36897675e-04 2.36658746e-06
  1.54097306e-06 7.40898079e-08 1.63572382e-04 4.94958080e-06
  3.08744350e-07 1.95643393e-06 7.98192850e-08 1.69832755e-07]
 [7.71748484e-05 6.39785496e-05 5.01613574e-05 1.45042586e-06
  2.63245053e-06 8.32451857e-08 1.74200737e-04 9.81463552e-07
  4.87207806e-07 1.79647604e-06 1.25957913e-07 8.64727009e-08]
 [7.75261043e-05 7.48371683e-05 1.07055098e-04 2.35885528e-06
  8.18644589e-07 6.07615451e-08 1.49085405e-04 3.95754562e-06
  1.72039865e-07 1.98001374e-06 7.58707824e-08 1.28327230e-07]]
Done!, time = 3.570664405822754s
