Begin!
Data shape = (250000, 5)
Begin sort function!
In centrality 0
In centrality 1
In centrality 2
In centrality 3
In centrality 4
In centrality 5
In centrality 6
end function sorter
Data shape = (250000, 5)
Begin sort function!
In centrality 0
In centrality 1
In centrality 2
In centrality 3
In centrality 4
In centrality 5
In centrality 6
end function sorter
Data shape = (250000, 5)
Begin sort function!
In centrality 0
In centrality 1
In centrality 2
In centrality 3
In centrality 4
In centrality 5
In centrality 6
end function sorter
Data shape = (250000, 5)
Begin sort function!
In centrality 0
In centrality 1
In centrality 2
In centrality 3
In centrality 4
In centrality 5
In centrality 6
end function sorter
Final results shape = (4, 7, 12)
mean value:
[[ 1.16438308e-02  9.72754733e-03  1.55812492e-02  1.97163942e-05
   9.38443578e-07 -1.82577150e-07  8.67336470e-01  2.38603745e-03
   3.19716543e-05 -6.78378297e-05  2.83160008e-05 -3.24398014e-06]
 [ 1.26357784e-02  1.04477857e-02  1.65256230e-02  1.72374776e-05
   1.89207237e-06 -1.93642417e-07  8.59516923e-01  2.38751616e-03
   3.41758594e-05 -6.80229924e-05  3.03942973e-05 -3.51583700e-06]
 [ 1.33756694e-02  1.11137412e-02  1.71226479e-02  1.96125377e-05
   4.81791507e-07 -2.55722618e-07  8.55720147e-01  2.43732081e-03
   3.35483987e-05 -7.42195531e-05  3.31843944e-05 -4.08059033e-06]
 [ 1.42329421e-02  1.17367406e-02  1.77961737e-02  1.47463610e-05
   1.45155918e-06 -4.01919350e-07  8.52510636e-01  2.45171964e-03
   3.43487907e-05 -6.81704790e-05  3.54061708e-05 -3.84988255e-06]
 [ 1.48303538e-02  1.26015813e-02  1.83040970e-02  1.40064747e-05
   9.23412129e-07 -2.42877420e-07  8.50683126e-01  2.47329693e-03
   3.36524108e-05 -7.03403757e-05  3.70883293e-05 -4.30102258e-06]
 [ 1.55606847e-02  1.32929533e-02  1.88805728e-02  1.46390763e-05
   1.92665771e-07 -3.60462407e-07  8.49779758e-01  2.52097028e-03
   3.73380634e-05 -6.69746865e-05  3.97202937e-05 -4.12237679e-06]
 [ 1.62760555e-02  1.39890750e-02  1.91071594e-02  8.27730472e-06
  -2.46048764e-06 -7.34399317e-08  8.49805943e-01  2.55974492e-03
   3.80817903e-05 -6.47150061e-05  4.28244251e-05 -4.04578068e-06]]
std error:
[[1.09191304e-04 5.81008716e-05 1.08122640e-04 7.14983750e-06
  9.79314241e-07 2.89241219e-08 3.28574147e-04 1.91636723e-05
  2.48583853e-06 6.55204917e-06 1.90577827e-07 3.86174546e-07]
 [1.59209576e-04 5.27477765e-05 8.50645703e-05 2.33122215e-06
  1.64285699e-06 2.06922724e-07 2.00699059e-04 3.23127288e-05
  3.47871475e-06 8.84449186e-06 7.21286013e-07 5.01230021e-07]
 [6.47692797e-05 9.01577755e-05 7.09292524e-05 2.55190790e-06
  2.75287935e-06 8.02861484e-08 3.27751811e-04 8.99841551e-06
  3.14368574e-06 3.30873094e-06 8.72401967e-08 1.53775096e-07]
 [3.07073933e-05 2.31513704e-05 9.85742236e-05 7.07014969e-07
  1.78079259e-06 5.96817279e-08 2.85033466e-04 1.53071545e-05
  4.49155855e-07 4.37711011e-06 4.60911764e-07 2.68924680e-07]
 [9.68774332e-05 9.24262054e-05 1.27424591e-04 2.25545944e-06
  8.97572558e-07 6.49458999e-08 1.93714037e-04 1.43382724e-05
  2.01382705e-06 4.36205204e-06 3.80793825e-07 6.20970508e-08]
 [4.78913567e-05 9.89598667e-05 9.58869579e-05 2.86150539e-06
  1.31123899e-06 4.82690085e-08 2.85305871e-04 1.56732081e-05
  2.58350380e-06 2.24632582e-06 3.37236701e-07 1.06497390e-07]
 [5.50916326e-05 4.52145453e-05 4.23910181e-05 2.49622346e-06
  2.42944805e-06 8.95024460e-08 3.69760879e-04 2.17976238e-05
  1.71964886e-06 4.46442843e-06 7.42126087e-07 3.09873895e-07]]
Done!, time = 3.95827317237854s
