Begin!
Data shape = (250000, 5)
Begin sort function!
In centrality 0
In centrality 1
In centrality 2
In centrality 3
In centrality 4
In centrality 5
In centrality 6
end function sorter
Data shape = (250000, 5)
Begin sort function!
In centrality 0
In centrality 1
In centrality 2
In centrality 3
In centrality 4
In centrality 5
In centrality 6
end function sorter
Data shape = (250000, 5)
Begin sort function!
In centrality 0
In centrality 1
In centrality 2
In centrality 3
In centrality 4
In centrality 5
In centrality 6
end function sorter
Data shape = (250000, 5)
Begin sort function!
In centrality 0
In centrality 1
In centrality 2
In centrality 3
In centrality 4
In centrality 5
In centrality 6
end function sorter
Final results shape = (4, 7, 12)
mean value:
[[ 1.39811759e-02  1.08012920e-02  1.60555713e-02  2.07823881e-05
  -1.20814442e-06 -3.35317971e-07  8.46967341e-01  5.34097480e-03
   1.86286201e-04 -8.85847218e-05  7.50273331e-05 -5.30601329e-06]
 [ 1.50298212e-02  1.13793072e-02  1.69412684e-02  1.68299101e-05
  -1.53812755e-06 -5.69131265e-07  8.29029077e-01  5.09904102e-03
   1.83637329e-04 -1.02223106e-04  7.56668140e-05 -6.03700892e-06]
 [ 1.58019837e-02  1.19379478e-02  1.76452545e-02  1.41413246e-05
  -2.98673510e-06 -5.68480856e-07  8.19025472e-01  5.12224914e-03
   1.86291791e-04 -9.57603210e-05  8.04375594e-05 -6.16294178e-06]
 [ 1.64854462e-02  1.25281672e-02  1.83829264e-02  1.05549740e-05
  -7.46976099e-07 -5.71972623e-07  8.11319575e-01  5.15950425e-03
   1.82526700e-04 -1.13589654e-04  8.38956142e-05 -7.28562272e-06]
 [ 1.71581033e-02  1.29824364e-02  1.88794437e-02  9.39605105e-06
  -2.18177768e-06 -5.50390931e-07  8.06094982e-01  5.20266921e-03
   1.84618364e-04 -1.07387840e-04  8.86465595e-05 -7.06798095e-06]
 [ 1.77407538e-02  1.35371616e-02  1.94188817e-02  7.75471955e-06
  -1.39294354e-06 -5.49708824e-07  8.02566230e-01  5.32199680e-03
   1.88810938e-04 -1.15611607e-04  9.33571645e-05 -7.73314091e-06]
 [ 1.82372158e-02  1.40314786e-02  1.98083092e-02  7.88999597e-06
  -2.25417547e-06 -6.22420709e-07  7.99983214e-01  5.47720926e-03
   2.05131656e-04 -1.14041079e-04  9.95939315e-05 -7.97122187e-06]]
std error:
[[8.07770775e-05 7.14413328e-05 6.38208817e-05 5.80158306e-07
  1.99904313e-06 8.21001823e-08 5.50696359e-04 7.21718544e-05
  9.61111642e-06 1.11470905e-05 1.10100078e-06 6.79307050e-07]
 [7.24011707e-05 4.45117642e-05 1.00978202e-04 4.03586157e-06
  3.35311827e-06 9.49987360e-08 5.17321239e-04 5.55397648e-05
  8.66383254e-06 1.30516400e-05 1.50350015e-06 9.72382322e-07]
 [6.19768428e-05 6.17108389e-05 1.18050463e-04 1.02636979e-06
  2.55604162e-06 1.28108900e-07 4.03470115e-04 5.98572196e-05
  4.89521325e-06 3.18361417e-06 1.74203768e-06 1.30234504e-07]
 [2.36897990e-05 3.86783206e-05 7.64406280e-05 2.90876742e-06
  6.37594309e-07 1.20700214e-07 2.53044887e-04 2.52829084e-05
  8.06216871e-06 5.27221210e-06 6.41782541e-07 4.76728157e-07]
 [6.91560315e-05 3.08796407e-05 1.00652834e-04 9.65316719e-07
  1.40787408e-06 1.78083718e-07 5.81297433e-04 7.61304533e-05
  6.15671078e-06 1.05321121e-05 9.90802925e-07 6.37899303e-07]
 [8.22668654e-05 3.54698550e-05 1.19308614e-04 1.74555456e-06
  1.86004572e-06 5.74843798e-08 3.77742708e-04 4.38686051e-05
  4.18213134e-06 1.58091719e-05 1.92474201e-06 1.16484247e-06]
 [6.87592843e-05 6.79009372e-05 1.09328227e-05 2.21921604e-06
  1.14527131e-06 9.07540660e-08 2.03850599e-04 4.36889941e-05
  5.50055806e-06 1.09129959e-05 1.12758085e-06 8.15734905e-07]]
Done!, time = 4.49465012550354s
