Begin!
Data shape = (250000, 5)
Begin sort function!
In centrality 0
In centrality 1
In centrality 2
In centrality 3
In centrality 4
In centrality 5
In centrality 6
end function sorter
Data shape = (250000, 5)
Begin sort function!
In centrality 0
In centrality 1
In centrality 2
In centrality 3
In centrality 4
In centrality 5
In centrality 6
end function sorter
Data shape = (250000, 5)
Begin sort function!
In centrality 0
In centrality 1
In centrality 2
In centrality 3
In centrality 4
In centrality 5
In centrality 6
end function sorter
Data shape = (250000, 5)
Begin sort function!
In centrality 0
In centrality 1
In centrality 2
In centrality 3
In centrality 4
In centrality 5
In centrality 6
end function sorter
Final results shape = (4, 7, 12)
mean value:
[[ 1.14042751e-02  1.09263771e-02  1.65812717e-02  8.06370397e-07
   3.25344648e-07 -8.23583976e-08  7.71611830e-01  1.51386140e-03
   1.43997586e-05 -3.63579347e-05  1.73929588e-05 -1.54870291e-06]
 [ 1.19827135e-02  1.15064537e-02  1.73301575e-02 -5.07816123e-07
   2.08645435e-08 -1.22508184e-07  7.65165550e-01  1.50287150e-03
   1.39229716e-05 -3.85333597e-05  1.82369845e-05 -1.65145813e-06]
 [ 1.24622762e-02  1.18658941e-02  1.78556157e-02 -2.72678514e-06
  -1.52264563e-06 -3.56641965e-08  7.61331154e-01  1.50087000e-03
   1.30123841e-05 -3.17882258e-05  1.90914068e-05 -1.42733648e-06]
 [ 1.29499469e-02  1.23518738e-02  1.84092809e-02 -3.90774447e-06
  -1.37284125e-06 -1.15822013e-07  7.57640763e-01  1.52769030e-03
   1.37935967e-05 -3.62854639e-05  1.99612088e-05 -1.66439501e-06]
 [ 1.33685601e-02  1.28443229e-02  1.88689962e-02 -3.48586179e-06
  -6.88704215e-07 -3.54221255e-08  7.55187547e-01  1.54096119e-03
   1.50575559e-05 -3.47467627e-05  2.06315022e-05 -1.54799897e-06]
 [ 1.37747768e-02  1.32726628e-02  1.93234437e-02 -6.90889175e-06
  -2.81510954e-06 -3.71074100e-08  7.53762554e-01  1.55643952e-03
   1.59387732e-05 -3.05320151e-05  2.16234893e-05 -1.46878460e-06]
 [ 1.41488317e-02  1.37389440e-02  1.96786486e-02 -4.33413346e-06
  -2.37749669e-06 -3.47247637e-08  7.52159999e-01  1.58642816e-03
   1.51567316e-05 -3.07099349e-05  2.25093866e-05 -1.52337349e-06]]
std error:
[[1.58219131e-04 1.01267971e-04 1.07379006e-04 2.83959191e-06
  1.77455803e-06 4.22501733e-08 2.58298981e-04 1.40445211e-05
  8.13052402e-07 2.18147824e-06 3.98220095e-07 1.60931976e-07]
 [1.11552520e-04 1.20312969e-04 1.14068579e-04 3.36167436e-07
  2.20099659e-06 3.92565662e-08 2.80828983e-04 2.41400448e-05
  6.25021907e-07 4.14771037e-06 5.52205422e-07 3.37986069e-07]
 [4.16934444e-05 2.98047624e-05 1.41827387e-04 1.65735919e-06
  1.33887395e-06 6.92219579e-08 2.00424896e-04 1.55264803e-05
  1.25586333e-06 2.50767674e-06 3.00334241e-07 1.22973287e-07]
 [3.63346062e-05 8.02758640e-05 1.73213500e-05 9.74204075e-07
  1.96099448e-06 3.78501555e-08 2.33763981e-04 1.54550670e-05
  9.45539330e-07 3.16855534e-06 2.39983930e-07 1.78696484e-07]
 [4.36459096e-05 6.01143446e-05 1.50815851e-04 1.54387724e-06
  1.95821361e-06 6.04190983e-08 1.79675158e-04 9.15180687e-06
  8.98370997e-07 3.91480077e-06 3.12746803e-07 2.04719844e-07]
 [8.02466752e-05 1.53607953e-05 9.96256253e-05 2.65306935e-06
  2.21867985e-06 1.02666890e-07 2.39417531e-04 9.03951368e-06
  1.56808549e-06 1.49218249e-06 8.88320660e-08 1.55503511e-07]
 [7.21542761e-05 3.95433729e-05 1.58479994e-04 1.78193675e-06
  1.19016647e-06 9.72607677e-08 1.28990104e-04 2.71285309e-06
  7.99697228e-07 3.07525194e-06 2.99101997e-07 1.63008788e-07]]
Done!, time = 4.040142297744751s
