Begin!
Data shape = (250000, 5)
Begin sort function!
In centrality 0
In centrality 1
In centrality 2
In centrality 3
In centrality 4
In centrality 5
In centrality 6
end function sorter
Data shape = (250000, 5)
Begin sort function!
In centrality 0
In centrality 1
In centrality 2
In centrality 3
In centrality 4
In centrality 5
In centrality 6
end function sorter
Data shape = (250000, 5)
Begin sort function!
In centrality 0
In centrality 1
In centrality 2
In centrality 3
In centrality 4
In centrality 5
In centrality 6
end function sorter
Data shape = (250000, 5)
Begin sort function!
In centrality 0
In centrality 1
In centrality 2
In centrality 3
In centrality 4
In centrality 5
In centrality 6
end function sorter
Final results shape = (4, 7, 12)
mean value:
[[ 1.57621669e-02  1.02759010e-02  1.46297147e-02  5.45490620e-05
  -1.26769005e-06 -9.32396868e-07  8.54877768e-01  6.02947766e-03
   2.53903733e-04 -1.30469072e-04  9.45950552e-05 -8.76085403e-06]
 [ 1.72643793e-02  1.10267638e-02  1.57918417e-02  4.18327863e-05
  -1.26407938e-06 -1.37540240e-06  8.34989190e-01  5.75192362e-03
   2.40925331e-04 -1.31515860e-04  9.90894356e-05 -9.54326914e-06]
 [ 1.83645460e-02  1.17076019e-02  1.66520913e-02  3.90923269e-05
  -1.84520602e-06 -1.46077388e-06  8.23854318e-01  5.71743272e-03
   2.39994453e-04 -1.34343228e-04  1.03341282e-04 -9.63455278e-06]
 [ 1.94864430e-02  1.23147450e-02  1.73267479e-02  3.85768674e-05
   1.50854364e-07 -1.63132267e-06  8.15779692e-01  5.82456759e-03
   2.48982120e-04 -1.40376989e-04  1.11395014e-04 -1.06833543e-05]
 [ 2.01537655e-02  1.28437240e-02  1.79299571e-02  3.06449715e-05
  -1.15538746e-06 -1.52915557e-06  8.10533468e-01  6.01137123e-03
   2.68054522e-04 -1.44375647e-04  1.18929814e-04 -1.11145234e-05]
 [ 2.09920264e-02  1.33474466e-02  1.85423165e-02  2.64700092e-05
  -2.41492071e-06 -1.68717222e-06  8.06690491e-01  6.17652797e-03
   2.81177127e-04 -1.56777678e-04  1.26922220e-04 -1.25380321e-05]
 [ 2.17581518e-02  1.38969816e-02  1.90568529e-02  2.58287954e-05
  -3.40908885e-06 -1.77438101e-06  8.04121379e-01  6.32228127e-03
   2.83120674e-04 -1.54589555e-04  1.35073358e-04 -1.30293517e-05]]
std error:
[[2.10781864e-04 3.82386842e-05 1.62626620e-04 5.57038599e-06
  4.09626503e-07 1.36322984e-07 4.56124187e-04 7.55000295e-05
  1.54442988e-05 1.68765478e-05 2.52966135e-06 1.53962394e-06]
 [1.06190254e-04 4.95355404e-05 5.78471235e-05 1.34502766e-06
  7.54548126e-07 1.59805522e-07 5.11001612e-04 4.77980831e-05
  1.15936858e-05 6.29694943e-06 1.48757004e-06 4.18544530e-07]
 [4.30318291e-05 3.26658711e-05 1.15074664e-04 7.87023504e-07
  1.35474988e-06 2.01921278e-07 2.08921065e-04 2.34723121e-05
  5.26762918e-06 6.34983932e-06 7.81580574e-07 3.59237151e-07]
 [6.88904845e-05 6.39316188e-05 6.37670760e-05 1.39610925e-06
  1.10340246e-06 2.56254159e-07 9.17827315e-05 2.54272860e-05
  9.98970947e-06 5.48284540e-06 6.02314952e-07 8.33968610e-07]
 [1.37196867e-04 8.81160199e-05 8.85420980e-05 2.45153044e-06
  2.31410323e-06 2.41970281e-07 1.55655225e-04 5.73311674e-05
  1.64805341e-05 9.37882808e-06 8.74896969e-07 8.32344043e-07]
 [9.43418953e-05 3.55308166e-05 9.30137154e-05 8.25901046e-06
  8.90457430e-07 3.48847018e-07 4.29645443e-04 5.81352994e-05
  1.49909298e-05 8.12986587e-06 1.23091758e-06 8.89088265e-07]
 [1.56538527e-04 5.78318801e-05 1.09876458e-04 1.95078550e-06
  2.06142074e-06 5.43649866e-07 6.54049747e-04 3.22644501e-05
  1.03698282e-05 1.40956961e-05 1.97374555e-06 1.11137164e-06]]
Done!, time = 2.240780830383301s
