Begin!
Data shape = (250000, 5)
Begin sort function!
In centrality 0
In centrality 1
In centrality 2
In centrality 3
In centrality 4
In centrality 5
In centrality 6
end function sorter
Data shape = (250000, 5)
Begin sort function!
In centrality 0
In centrality 1
In centrality 2
In centrality 3
In centrality 4
In centrality 5
In centrality 6
end function sorter
Data shape = (250000, 5)
Begin sort function!
In centrality 0
In centrality 1
In centrality 2
In centrality 3
In centrality 4
In centrality 5
In centrality 6
end function sorter
Data shape = (250000, 5)
Begin sort function!
In centrality 0
In centrality 1
In centrality 2
In centrality 3
In centrality 4
In centrality 5
In centrality 6
end function sorter
Final results shape = (4, 7, 12)
mean value:
[[ 1.11229962e-02  1.05065941e-02  1.57891173e-02 -9.03058397e-08
  -1.73900824e-06 -7.77783699e-08  8.65900385e-01  2.28171876e-03
   2.73925515e-05 -4.56622175e-05  2.55455715e-05 -1.89481857e-06]
 [ 1.15855212e-02  1.08535949e-02  1.64118361e-02 -3.07708008e-06
  -9.85050487e-07 -5.63500703e-08  8.58791394e-01  2.24118101e-03
   2.82574102e-05 -3.94944499e-05  2.61509115e-05 -1.65692527e-06]
 [ 1.21227132e-02  1.13935739e-02  1.70774524e-02 -3.89562331e-06
  -1.52046115e-06 -2.20897498e-09  8.53907009e-01  2.26941055e-03
   2.91658136e-05 -4.21667258e-05  2.76757212e-05 -1.84213079e-06]
 [ 1.25964466e-02  1.19215453e-02  1.75641084e-02 -3.63072089e-06
  -9.19316715e-07 -4.42083637e-08  8.50900378e-01  2.28685900e-03
   2.91418048e-05 -3.79307360e-05  2.92991369e-05 -1.75471066e-06]
 [ 1.29888614e-02  1.25252866e-02  1.81054104e-02 -4.10776982e-06
  -1.66815466e-06  1.38095894e-08  8.48719346e-01  2.31070598e-03
   3.10593867e-05 -3.56620642e-05  3.01129885e-05 -1.67643670e-06]
 [ 1.34119794e-02  1.30227621e-02  1.85603742e-02 -6.72182910e-06
  -2.08774886e-06 -2.18705378e-08  8.47443625e-01  2.34988310e-03
   3.10989638e-05 -3.68810883e-05  3.17383772e-05 -1.76929726e-06]
 [ 1.39505275e-02  1.35586468e-02  1.90315017e-02 -6.35441122e-06
  -2.81222960e-06 -6.24775252e-08  8.46271300e-01  2.36792535e-03
   3.31856201e-05 -3.12142879e-05  3.30831983e-05 -1.39248436e-06]]
std error:
[[7.94186691e-05 9.00226382e-05 9.13781894e-05 7.09639065e-07
  1.13763287e-06 6.53377525e-08 2.04658612e-04 3.99127095e-06
  2.21422505e-06 6.32135162e-06 5.61328055e-07 3.05232464e-07]
 [5.53578865e-05 1.34890223e-04 1.28581500e-04 1.34701260e-06
  1.22773813e-06 5.53420986e-08 5.60785802e-04 2.40602301e-05
  2.23444308e-06 1.77818713e-06 3.90247376e-07 1.71919216e-07]
 [2.68181764e-05 2.19279232e-05 6.11833077e-05 1.80721824e-06
  2.11996813e-06 2.96533725e-08 1.95600962e-04 7.73695084e-06
  7.41403976e-07 2.52942051e-06 2.28444611e-07 1.60069981e-07]
 [5.17426087e-05 2.87313033e-05 7.04092980e-05 2.16859391e-06
  3.86643276e-07 4.01275954e-08 3.47870812e-04 2.71507920e-05
  1.82924615e-06 1.01956091e-06 3.98380942e-07 9.29585816e-08]
 [9.69874866e-05 2.35974943e-05 1.03301575e-04 9.90833804e-07
  1.68788121e-06 9.65432992e-08 1.00489048e-04 2.11121309e-05
  2.00754764e-06 6.14519325e-06 3.43588260e-07 3.89635316e-07]
 [2.99314793e-05 1.45026876e-04 4.83589426e-05 1.13164739e-06
  2.39822167e-06 4.94105871e-08 3.91639371e-04 1.48301213e-05
  1.12864784e-06 4.04994579e-06 3.19393305e-07 2.80761786e-07]
 [7.05895564e-05 1.11383845e-04 6.94632210e-05 2.53065445e-06
  1.49669227e-06 6.07987785e-08 2.91509380e-04 2.09877362e-05
  1.33310964e-06 3.66596568e-06 3.32332261e-07 1.58220566e-07]]
Done!, time = 4.271161079406738s
