Begin!
Data shape = (250000, 5)
Begin sort function!
In centrality 0
In centrality 1
In centrality 2
In centrality 3
In centrality 4
In centrality 5
In centrality 6
end function sorter
Data shape = (250000, 5)
Begin sort function!
In centrality 0
In centrality 1
In centrality 2
In centrality 3
In centrality 4
In centrality 5
In centrality 6
end function sorter
Data shape = (250000, 5)
Begin sort function!
In centrality 0
In centrality 1
In centrality 2
In centrality 3
In centrality 4
In centrality 5
In centrality 6
end function sorter
Data shape = (250000, 5)
Begin sort function!
In centrality 0
In centrality 1
In centrality 2
In centrality 3
In centrality 4
In centrality 5
In centrality 6
end function sorter
Final results shape = (4, 7, 12)
mean value:
[[ 1.18800538e-02  1.07457018e-02  1.53430757e-02  1.95719075e-05
  -2.95195454e-06 -4.93235283e-08  8.55650832e-01  7.67288789e-04
   1.96316331e-06 -6.72498662e-05  1.01106519e-05 -3.50050347e-06]
 [ 1.28026660e-02  1.10857348e-02  1.57698467e-02  1.90300552e-05
  -8.80034136e-07 -6.08717746e-08  8.53452438e-01  7.71209708e-04
   1.97847821e-06 -7.18467338e-05  1.07371371e-05 -3.99845028e-06]
 [ 1.33336942e-02  1.15448416e-02  1.63317996e-02  1.48672424e-05
  -2.86644042e-06 -1.95598170e-07  8.51919212e-01  7.83206339e-04
   2.20647631e-06 -7.12074415e-05  1.12947991e-05 -3.84824023e-06]
 [ 1.40231640e-02  1.19734468e-02  1.69773965e-02  1.63849684e-05
  -7.72881658e-07 -9.81912313e-08  8.50679466e-01  7.97648551e-04
   2.50735384e-06 -7.42339509e-05  1.20081129e-05 -4.23745641e-06]
 [ 1.45001043e-02  1.24754674e-02  1.74494274e-02  1.06990818e-05
  -5.55756065e-07 -1.84552715e-07  8.49800094e-01  8.08360076e-04
   3.01627940e-06 -7.19907504e-05  1.24293359e-05 -4.10756238e-06]
 [ 1.49812471e-02  1.30205192e-02  1.79416701e-02  1.48367788e-05
  -4.24785812e-06 -2.16681697e-08  8.48897636e-01  8.16821095e-04
   2.96267626e-06 -7.09482280e-05  1.30194407e-05 -4.29817484e-06]
 [ 1.55653132e-02  1.34055624e-02  1.85863374e-02  9.52867172e-06
  -4.92118878e-06 -2.98162190e-08  8.48145420e-01  8.33748022e-04
   3.22020198e-06 -7.29125192e-05  1.37696100e-05 -4.59778698e-06]]
std error:
[[5.74737587e-05 7.58739267e-05 1.17144635e-04 3.39892080e-06
  1.48156762e-06 1.73935867e-07 3.43489287e-04 1.53318424e-05
  5.04204531e-07 6.18098900e-06 2.75294428e-07 2.52610124e-07]
 [2.06683087e-04 6.80247604e-05 1.33996662e-04 2.42527635e-06
  6.81988345e-07 1.32481292e-07 1.57174193e-04 7.98268764e-06
  3.05106324e-07 3.08601650e-07 2.45198328e-07 1.16885052e-07]
 [4.44436983e-05 4.80559331e-05 1.07920512e-04 2.73818200e-06
  1.37520352e-06 1.03253750e-07 8.24966638e-05 2.36246127e-06
  1.43815241e-07 1.09684483e-06 6.83204373e-08 5.14965450e-08]
 [9.89427147e-05 6.06900145e-05 1.24992179e-04 1.30334601e-06
  1.76489707e-06 1.44727812e-07 3.08129346e-04 9.13995743e-06
  3.06977226e-07 2.82554635e-06 1.65596808e-07 1.31745639e-07]
 [4.50750670e-05 5.65731048e-05 8.52340351e-05 1.47783760e-06
  1.29091781e-06 1.43338047e-07 9.25158537e-05 2.21200335e-06
  4.28292084e-08 1.49330149e-06 6.11572080e-08 9.67317436e-08]
 [1.14614608e-04 5.05928500e-05 1.12039424e-04 4.31889512e-06
  1.12454587e-06 2.72830777e-07 1.84287535e-04 5.52538087e-06
  3.29907978e-07 3.76751998e-06 1.07447459e-07 2.89350354e-07]
 [9.64892319e-05 7.98354707e-05 5.89398490e-05 2.52044251e-06
  2.20821303e-06 1.02069637e-07 1.52800509e-04 7.21727985e-06
  4.80448534e-07 4.19848236e-06 1.30730240e-07 2.30959216e-07]]
Done!, time = 3.8032631874084473s
