Begin!
Data shape = (250000, 5)
Begin sort function!
In centrality 0
In centrality 1
In centrality 2
In centrality 3
In centrality 4
In centrality 5
In centrality 6
end function sorter
Data shape = (250000, 5)
Begin sort function!
In centrality 0
In centrality 1
In centrality 2
In centrality 3
In centrality 4
In centrality 5
In centrality 6
end function sorter
Data shape = (250000, 5)
Begin sort function!
In centrality 0
In centrality 1
In centrality 2
In centrality 3
In centrality 4
In centrality 5
In centrality 6
end function sorter
Data shape = (250000, 5)
Begin sort function!
In centrality 0
In centrality 1
In centrality 2
In centrality 3
In centrality 4
In centrality 5
In centrality 6
end function sorter
Final results shape = (4, 7, 12)
mean value:
[[ 1.41045972e-02  1.11891563e-02  1.57013841e-02  4.66989860e-05
  -1.02089424e-06 -1.14463318e-07  7.70010686e-01  8.38489724e-04
   8.31755206e-07 -1.18559842e-04  1.37437022e-05 -7.42796898e-06]
 [ 1.54752950e-02  1.15883303e-02  1.64095843e-02  3.55738831e-05
  -4.50099943e-06 -6.50278233e-07  7.65361021e-01  8.42467934e-04
   1.50524642e-06 -1.26214810e-04  1.47634832e-05 -8.08011302e-06]
 [ 1.64070298e-02  1.20684682e-02  1.71762577e-02  3.72090330e-05
  -2.79037368e-06 -5.22603487e-07  7.62286779e-01  8.47772485e-04
   1.70596686e-06 -1.31714543e-04  1.54773085e-05 -8.76606312e-06]
 [ 1.73782170e-02  1.23881282e-02  1.77868513e-02  3.47326124e-05
  -2.55378060e-06 -5.15479654e-07  7.60016230e-01  8.68077408e-04
   2.62977458e-06 -1.35686096e-04  1.66365473e-05 -9.50549767e-06]
 [ 1.79906597e-02  1.28297491e-02  1.82470392e-02  2.49344604e-05
  -3.27438404e-06 -4.00029465e-07  7.58099787e-01  8.68045587e-04
   2.80415955e-06 -1.30868503e-04  1.68259283e-05 -9.05607908e-06]
 [ 1.85962449e-02  1.32399561e-02  1.86568446e-02  2.24599260e-05
  -2.37830093e-06 -4.82342577e-07  7.56456722e-01  8.82122591e-04
   3.25545093e-06 -1.31132337e-04  1.77627243e-05 -9.50483061e-06]
 [ 1.93843666e-02  1.37027295e-02  1.91868646e-02  1.96048605e-05
  -4.63374301e-06 -9.55094789e-07  7.55222761e-01  8.89685403e-04
   3.20841325e-06 -1.33718508e-04  1.84078670e-05 -9.89518091e-06]]
std error:
[[6.18037284e-05 1.34989350e-04 5.84483112e-05 3.60423908e-06
  1.44984950e-06 3.15212564e-07 1.94586795e-04 1.16132267e-05
  5.89582421e-07 6.46704614e-07 2.58566699e-07 9.69126728e-08]
 [5.80325116e-05 9.73719170e-05 8.80124742e-05 3.90201895e-06
  1.50178492e-06 6.53671125e-08 3.22996616e-04 1.19519889e-05
  2.05932783e-07 1.80439293e-06 2.57662840e-07 1.39403117e-07]
 [8.66457735e-05 5.34573624e-05 1.47749943e-04 4.85035460e-06
  1.30450123e-06 1.15567947e-07 2.59574209e-04 7.86418343e-06
  1.92727409e-07 4.52164044e-06 2.72690888e-07 4.48825571e-07]
 [8.77359659e-05 7.57478547e-05 5.53202878e-05 2.33770739e-06
  1.03755267e-06 1.76373345e-07 1.40913619e-04 4.67991586e-06
  4.01770070e-07 3.27214815e-06 8.09304149e-08 3.11795160e-07]
 [9.34517104e-05 5.71074073e-05 9.22115276e-05 2.84375027e-06
  1.31288718e-06 2.84165706e-07 1.51769411e-04 7.63036962e-06
  2.31982236e-07 2.14617551e-06 2.02493735e-07 2.28527469e-07]
 [1.08301919e-04 7.16850436e-05 7.04087987e-05 1.79024258e-06
  2.20119979e-06 2.46931094e-07 7.68081375e-05 9.15109150e-07
  1.70214829e-07 2.19397872e-06 2.26377862e-07 1.96713543e-07]
 [1.14654195e-04 6.64294829e-05 5.88948395e-05 4.77623038e-06
  1.86860009e-06 1.96163965e-07 1.88273713e-04 3.94345664e-06
  4.37231417e-07 3.35986343e-06 9.43828272e-08 3.92720402e-07]]
Done!, time = 4.5285515785217285s
