Begin!
Data shape = (250000, 5)
Begin sort function!
In centrality 0
In centrality 1
In centrality 2
In centrality 3
In centrality 4
In centrality 5
In centrality 6
end function sorter
Data shape = (250000, 5)
Begin sort function!
In centrality 0
In centrality 1
In centrality 2
In centrality 3
In centrality 4
In centrality 5
In centrality 6
end function sorter
Data shape = (250000, 5)
Begin sort function!
In centrality 0
In centrality 1
In centrality 2
In centrality 3
In centrality 4
In centrality 5
In centrality 6
end function sorter
Data shape = (250000, 5)
Begin sort function!
In centrality 0
In centrality 1
In centrality 2
In centrality 3
In centrality 4
In centrality 5
In centrality 6
end function sorter
Final results shape = (4, 7, 12)
mean value:
[[ 1.61281221e-02  1.11505774e-02  1.55802637e-02  5.26260822e-05
  -5.74084202e-08 -1.46829544e-06  7.73205710e-01  8.19360866e-04
  -3.57901145e-06 -1.98915999e-04  1.74122228e-05 -1.29250528e-05]
 [ 1.80143626e-02  1.15800134e-02  1.63274974e-02  3.87943559e-05
  -2.71360361e-06 -1.66929364e-06  7.68269994e-01  8.37278760e-04
  -1.96941342e-06 -2.11940306e-04  1.87120268e-05 -1.44793998e-05]
 [ 1.94008969e-02  1.20131140e-02  1.71786338e-02  2.43415726e-05
  -9.89110468e-07 -1.75220998e-06  7.64935667e-01  8.52930526e-04
  -5.46784378e-07 -2.19114686e-04  1.97962665e-05 -1.55975896e-05]
 [ 2.03831087e-02  1.25093562e-02  1.78656124e-02  9.11499405e-06
  -2.99748627e-06 -1.52678937e-06  7.62256617e-01  8.61217544e-04
   4.64118633e-07 -2.14877887e-04  2.01662502e-05 -1.56351929e-05]
 [ 2.11199732e-02  1.29216414e-02  1.84160900e-02 -1.62316101e-06
  -3.17673109e-06 -1.29144203e-06  7.60407799e-01  8.69318581e-04
   1.26163991e-06 -2.08682664e-04  2.04815434e-05 -1.55263935e-05]
 [ 2.18969524e-02  1.33529733e-02  1.89680024e-02 -1.12308721e-05
  -3.95837531e-06 -1.10891819e-06  7.58530011e-01  8.76040692e-04
   1.89578781e-06 -2.05940890e-04  2.09909971e-05 -1.55663421e-05]
 [ 2.25751524e-02  1.38135961e-02  1.95133526e-02 -1.52737774e-05
  -5.45413863e-06 -9.22502362e-07  7.57133544e-01  8.83342995e-04
   2.05754194e-06 -2.01033489e-04  2.15508652e-05 -1.57379272e-05]]
std error:
[[9.53345951e-05 3.97294176e-05 6.62275134e-05 1.14439121e-06
  2.19320328e-06 2.10296834e-07 1.22644265e-04 1.42185666e-05
  2.72696736e-07 5.07492593e-06 4.10763256e-07 3.23535006e-07]
 [1.63228971e-04 1.43012274e-04 4.74380008e-05 6.49865810e-06
  2.46545313e-06 7.12190228e-08 1.52026543e-04 1.20665188e-05
  2.56207449e-07 2.51146370e-06 4.17529737e-07 1.95987235e-07]
 [1.25718407e-04 7.25179974e-05 8.75974027e-05 3.17053577e-06
  9.15866693e-07 8.61040267e-08 1.84126754e-04 7.20508375e-06
  1.33128367e-07 8.15312900e-07 1.91318316e-07 1.26709149e-07]
 [6.78814730e-05 3.81467990e-05 1.36869912e-04 4.36093635e-06
  1.27086229e-06 2.03756786e-07 1.59445079e-04 5.40895816e-06
  1.69840987e-07 2.25780920e-06 2.43793244e-07 1.64485743e-07]
 [1.28906825e-04 8.30923352e-05 3.40563832e-05 3.45314479e-06
  2.16904201e-06 2.78131823e-07 1.61842735e-04 7.37025438e-06
  2.43099927e-07 3.92353221e-06 3.91475857e-07 5.62613883e-07]
 [1.73547377e-04 6.45387292e-05 8.64804942e-05 5.61524405e-06
  1.54046253e-06 1.02817771e-07 1.63537085e-04 3.18899223e-06
  2.73815632e-07 4.14696019e-06 7.32171595e-08 3.10309938e-07]
 [5.58082520e-05 7.62180353e-05 4.72576312e-05 2.25675457e-06
  1.05292428e-06 1.41445197e-07 1.59051150e-04 4.11500847e-06
  3.97662892e-07 2.17880115e-06 2.31269747e-07 2.42371974e-07]]
Done!, time = 4.4591240882873535s
