Begin!
Data shape = (250000, 5)
Begin sort function!
In centrality 0
In centrality 1
In centrality 2
In centrality 3
In centrality 4
In centrality 5
In centrality 6
end function sorter
Data shape = (250000, 5)
Begin sort function!
In centrality 0
In centrality 1
In centrality 2
In centrality 3
In centrality 4
In centrality 5
In centrality 6
end function sorter
Data shape = (250000, 5)
Begin sort function!
In centrality 0
In centrality 1
In centrality 2
In centrality 3
In centrality 4
In centrality 5
In centrality 6
end function sorter
Data shape = (250000, 5)
Begin sort function!
In centrality 0
In centrality 1
In centrality 2
In centrality 3
In centrality 4
In centrality 5
In centrality 6
end function sorter
Final results shape = (4, 7, 12)
mean value:
[[ 1.36809573e-02  1.03477829e-02  1.55749928e-02  2.16634123e-05
  -1.03991611e-06 -4.33640860e-07  8.69322534e-01  2.40658454e-03
   2.87952288e-05 -1.08390652e-04  3.39293549e-05 -5.99795930e-06]
 [ 1.45451526e-02  1.09098062e-02  1.63099369e-02  2.12194806e-05
  -2.16773900e-06 -4.65849223e-07  8.61117074e-01  2.40381811e-03
   3.11262598e-05 -1.09241695e-04  3.61265986e-05 -6.38168048e-06]
 [ 1.53322827e-02  1.14955785e-02  1.69452584e-02  1.50999847e-05
  -1.74325097e-06 -5.34107102e-07  8.56143865e-01  2.41784073e-03
   3.20045172e-05 -1.06316374e-04  3.78713227e-05 -6.25848085e-06]
 [ 1.59404277e-02  1.20325848e-02  1.77046826e-02  1.22246436e-05
  -2.84157268e-06 -4.89719571e-07  8.52410281e-01  2.43428166e-03
   3.04012819e-05 -1.10284637e-04  3.95214454e-05 -6.72655474e-06]
 [ 1.65195265e-02  1.25448238e-02  1.81686534e-02  1.27737421e-05
  -2.57876209e-06 -4.62579387e-07  8.49945804e-01  2.48478621e-03
   3.47819073e-05 -1.14968242e-04  4.18900160e-05 -7.27743925e-06]
 [ 1.70927664e-02  1.31079953e-02  1.88323499e-02  8.49920763e-06
  -1.13086550e-06 -4.20851849e-07  8.47944540e-01  2.50284851e-03
   3.46067532e-05 -1.12943740e-04  4.34295708e-05 -7.37438137e-06]
 [ 1.77386098e-02  1.37618635e-02  1.92854610e-02  9.60122984e-06
  -3.53790321e-06 -6.63170423e-07  8.47138677e-01  2.53548415e-03
   3.31760504e-05 -1.13783209e-04  4.56644907e-05 -7.65922191e-06]]
std error:
[[9.47539743e-05 7.61662275e-05 1.49333649e-04 2.34021398e-06
  9.52887855e-07 2.16344759e-07 1.50927282e-04 2.06880310e-05
  4.66518767e-06 8.84169898e-06 2.00104229e-07 5.77801641e-07]
 [9.20882367e-05 7.77755294e-05 2.89186122e-05 3.96647639e-06
  3.19330332e-06 2.11557333e-07 8.34492122e-04 3.96871361e-05
  3.75098826e-06 4.80490329e-06 8.35276995e-07 3.79727078e-07]
 [4.89801850e-05 6.36141933e-05 8.94477459e-05 2.33336690e-06
  8.84802327e-07 6.34157114e-08 1.73031836e-04 1.03998038e-05
  1.80717560e-06 2.26361901e-06 2.49278669e-07 2.95857571e-07]
 [3.39589952e-05 5.00672015e-05 8.79039929e-05 2.05522128e-06
  5.33534032e-07 1.27418039e-07 2.98892616e-04 6.82069552e-06
  1.34628299e-06 3.22281339e-06 3.69962511e-07 1.95385641e-07]
 [7.73116490e-05 5.85053774e-05 5.73701211e-05 3.81999203e-06
  8.12270782e-07 1.04743082e-07 2.09745534e-04 6.59265579e-06
  1.37888975e-06 3.89285365e-06 3.54481941e-07 3.38546015e-07]
 [5.18146475e-06 5.44392356e-05 5.14746380e-05 5.16645388e-06
  3.40501630e-06 5.43984848e-08 2.54997323e-04 2.41486199e-05
  2.28618491e-06 4.82012887e-06 5.67193939e-07 3.53908591e-07]
 [6.23286903e-05 5.48870380e-05 1.49271853e-04 1.78247478e-06
  1.93124980e-06 2.11913172e-07 2.74192879e-04 2.63691527e-05
  2.12068361e-06 4.57368391e-06 2.10873069e-07 5.00121122e-07]]
Done!, time = 4.236855983734131s
