Begin!
Data shape = (250000, 5)
Begin sort function!
In centrality 0
In centrality 1
In centrality 2
In centrality 3
In centrality 4
In centrality 5
In centrality 6
end function sorter
Data shape = (250000, 5)
Begin sort function!
In centrality 0
In centrality 1
In centrality 2
In centrality 3
In centrality 4
In centrality 5
In centrality 6
end function sorter
Data shape = (250000, 5)
Begin sort function!
In centrality 0
In centrality 1
In centrality 2
In centrality 3
In centrality 4
In centrality 5
In centrality 6
end function sorter
Data shape = (250000, 5)
Begin sort function!
In centrality 0
In centrality 1
In centrality 2
In centrality 3
In centrality 4
In centrality 5
In centrality 6
end function sorter
Final results shape = (4, 7, 12)
mean value:
[[ 1.11468291e-02  1.08814991e-02  1.63250490e-02  1.42882355e-06
  -1.02800251e-08 -1.05727967e-07  7.58534926e-01  5.00926712e-04
  -3.40654849e-08 -3.78046685e-05  6.03882244e-06 -1.58763672e-06]
 [ 1.18108546e-02  1.13000046e-02  1.71405996e-02  4.86368229e-07
   7.39949057e-07 -1.62218461e-07  7.56677733e-01  5.09775985e-04
   3.88531785e-07 -3.71141110e-05  6.37669207e-06 -1.58602010e-06]
 [ 1.23038233e-02  1.16524236e-02  1.76620564e-02 -1.23688594e-06
  -3.44121794e-07 -5.32646756e-08  7.55199882e-01  5.20142920e-04
   5.04086499e-07 -3.79339482e-05  6.75601140e-06 -1.70712309e-06]
 [ 1.26843482e-02  1.21847926e-02  1.82696924e-02 -2.52185484e-06
  -2.28653231e-06 -1.17676884e-07  7.54170305e-01  5.26675231e-04
   5.91099556e-07 -3.76761945e-05  6.94902617e-06 -1.73022646e-06]
 [ 1.32141547e-02  1.26271335e-02  1.85649630e-02 -1.15214019e-06
  -2.37743621e-06 -5.62281601e-08  7.53443634e-01  5.40345437e-04
   8.95729350e-07 -3.63510968e-05  7.43588482e-06 -1.70502819e-06]
 [ 1.36355356e-02  1.31139713e-02  1.91321743e-02 -5.41023457e-06
  -1.26654098e-06 -3.89848158e-08  7.52592759e-01  5.42203839e-04
   9.96808849e-07 -3.53365733e-05  7.68488384e-06 -1.71062963e-06]
 [ 1.41153023e-02  1.36130208e-02  1.93416721e-02 -4.44584388e-06
  -4.36080009e-06 -3.22725081e-08  7.52232782e-01  5.50741121e-04
   7.93622502e-07 -3.56160495e-05  8.07301389e-06 -1.82640991e-06]]
std error:
[[7.36418093e-05 1.47415820e-04 9.71126528e-05 2.93394344e-06
  2.02790192e-06 4.44047420e-08 2.53021361e-04 6.37530076e-06
  2.34489062e-07 3.27847922e-06 1.14808683e-07 1.48663486e-07]
 [8.14819317e-05 1.23345632e-04 9.41832295e-05 1.05346350e-06
  2.02856848e-06 8.09937679e-08 1.28485525e-04 7.54862426e-06
  3.71759845e-07 9.91896796e-07 1.10430757e-07 3.98065079e-08]
 [4.14398326e-05 8.58773532e-05 5.19902753e-05 1.14070020e-06
  1.26922211e-06 4.05748804e-08 9.34708363e-05 3.35612372e-06
  1.05826535e-07 7.46861776e-07 6.17903949e-08 1.49541682e-08]
 [1.10628334e-04 3.20983751e-05 9.88857745e-05 1.23787663e-07
  9.94759364e-07 6.31873312e-08 1.31069269e-04 5.04086659e-06
  2.79053258e-07 1.52404667e-06 1.19499596e-07 6.84412196e-08]
 [7.06172806e-05 4.47224238e-05 5.44461742e-05 1.15753296e-06
  1.13060124e-06 7.31384343e-08 8.78267322e-05 4.04735552e-06
  1.15223478e-07 1.45864734e-06 1.15587274e-07 7.24170287e-08]
 [7.64343955e-05 5.70465357e-05 8.73341367e-05 2.39217126e-06
  1.87681743e-06 1.13522057e-07 8.32039233e-05 6.72172687e-06
  2.56987311e-07 2.07525212e-06 5.53667704e-08 1.19082075e-07]
 [1.14232414e-04 4.94006921e-05 1.40772645e-04 1.12273424e-06
  1.54613664e-06 9.33038449e-08 1.11271653e-04 3.04605468e-06
  9.02823991e-08 6.68621946e-07 4.22202989e-08 1.10172613e-07]]
Done!, time = 3.951812505722046s
