Begin!
Data shape = (250000, 5)
Begin sort function!
In centrality 0
In centrality 1
In centrality 2
In centrality 3
In centrality 4
In centrality 5
In centrality 6
end function sorter
Data shape = (250000, 5)
Begin sort function!
In centrality 0
In centrality 1
In centrality 2
In centrality 3
In centrality 4
In centrality 5
In centrality 6
end function sorter
Data shape = (250000, 5)
Begin sort function!
In centrality 0
In centrality 1
In centrality 2
In centrality 3
In centrality 4
In centrality 5
In centrality 6
end function sorter
Data shape = (250000, 5)
Begin sort function!
In centrality 0
In centrality 1
In centrality 2
In centrality 3
In centrality 4
In centrality 5
In centrality 6
end function sorter
Final results shape = (4, 7, 12)
mean value:
[[ 1.08246640e-02  9.64904800e-03  1.52261388e-02  7.73859998e-06
   4.97010469e-07 -1.61798318e-07  8.53388338e-01  5.98900246e-04
  -6.89923669e-07 -5.79087681e-05  7.36027137e-06 -2.40276643e-06]
 [ 1.15127242e-02  1.02207790e-02  1.62014466e-02  1.79212302e-06
   7.92850581e-07 -1.12936509e-07  8.51990707e-01  6.14692783e-04
  -1.70925141e-08 -5.63910115e-05  7.79370664e-06 -2.39869784e-06]
 [ 1.21472532e-02  1.09546809e-02  1.69598873e-02  3.13735964e-07
  -4.46368545e-07 -1.91655787e-07  8.50996827e-01  6.26252300e-04
   1.52577666e-07 -5.35413402e-05  8.21922723e-06 -2.34228102e-06]
 [ 1.29000545e-02  1.17513061e-02  1.76360404e-02 -7.88558537e-07
   1.86408283e-06 -1.21659780e-07  8.50246974e-01  6.49790785e-04
   7.61524608e-07 -5.38411543e-05  9.00494569e-06 -2.53466390e-06]
 [ 1.35035052e-02  1.25453527e-02  1.82243463e-02  1.23862276e-08
   1.68117097e-07 -1.02839803e-07  8.50132131e-01  6.61849069e-04
   9.57157324e-07 -5.02744455e-05  9.51413996e-06 -2.45628263e-06]
 [ 1.42446612e-02  1.33163465e-02  1.87351049e-02 -2.90177529e-06
  -8.66438394e-07 -8.91726293e-08  8.49844783e-01  6.72175230e-04
   1.13516231e-06 -5.07819695e-05  1.01625369e-05 -2.63290841e-06]
 [ 1.50681375e-02  1.40842415e-02  1.90050752e-02 -6.57774908e-06
  -3.65088519e-06 -1.50397448e-07  8.49949642e-01  6.93654816e-04
   1.34142992e-06 -4.49167496e-05  1.09841540e-05 -2.48145487e-06]]
std error:
[[8.27976341e-05 1.08274358e-04 3.64538337e-05 1.44119574e-06
  2.02237988e-06 4.74605908e-08 2.57436453e-04 3.02006504e-06
  1.31566500e-07 2.57272192e-06 1.25139830e-07 1.78947078e-07]
 [9.95497161e-05 1.27783179e-04 1.49039433e-04 2.24060408e-06
  2.02012585e-06 4.81229600e-08 5.71526272e-05 6.17201980e-06
  3.13123242e-07 2.69415798e-06 1.18816678e-07 9.29328346e-08]
 [5.23577241e-05 6.04484230e-05 1.25494744e-04 7.31984320e-07
  1.24540311e-06 5.12872170e-08 2.04882186e-04 4.22053281e-06
  8.79636161e-08 7.73770383e-07 1.08216809e-07 6.68703266e-08]
 [4.83580561e-05 3.13667669e-05 3.82283990e-05 6.95589247e-07
  8.83848659e-07 1.05427082e-07 6.72779701e-05 1.40124188e-06
  1.61257700e-07 1.36131130e-06 6.11091839e-08 7.21639666e-08]
 [5.01039042e-05 4.69146828e-05 6.06605072e-05 5.19383323e-07
  1.10714802e-06 5.82791617e-08 1.75409421e-04 7.00636636e-06
  2.43734149e-07 1.31713888e-06 1.11539842e-07 1.14826908e-07]
 [1.00572169e-04 8.72726943e-05 1.18989894e-04 3.49806535e-06
  1.26936236e-06 4.84989641e-08 4.97347402e-05 4.58192510e-06
  2.94166397e-07 2.98793236e-06 1.21746039e-07 1.74095324e-07]
 [9.09221675e-05 4.37122785e-05 5.03508825e-05 2.00647528e-06
  3.31607496e-06 6.48513498e-08 1.42058544e-04 1.06275671e-06
  3.26299882e-07 1.67309220e-06 1.41333236e-07 1.40024694e-07]]
Done!, time = 4.468611001968384s
