Begin!
Data shape = (250000, 5)
Begin sort function!
In centrality 0
In centrality 1
In centrality 2
In centrality 3
In centrality 4
In centrality 5
In centrality 6
end function sorter
Data shape = (250000, 5)
Begin sort function!
In centrality 0
In centrality 1
In centrality 2
In centrality 3
In centrality 4
In centrality 5
In centrality 6
end function sorter
Data shape = (250000, 5)
Begin sort function!
In centrality 0
In centrality 1
In centrality 2
In centrality 3
In centrality 4
In centrality 5
In centrality 6
end function sorter
Data shape = (250000, 5)
Begin sort function!
In centrality 0
In centrality 1
In centrality 2
In centrality 3
In centrality 4
In centrality 5
In centrality 6
end function sorter
Final results shape = (4, 7, 12)
mean value:
[[ 1.55876161e-02  9.68379091e-03  1.39692710e-02  6.10306953e-06
   1.43650816e-06 -7.50336310e-07  9.68270206e-01  1.00003607e-02
   6.29550546e-04 -1.64228932e-04  1.53728909e-04 -9.55517169e-06]
 [ 1.67737565e-02  1.04755049e-02  1.49457319e-02 -3.83207799e-06
  -2.22647816e-07 -6.86082375e-07  9.45017521e-01  9.49257546e-03
   5.63150995e-04 -1.57660022e-04  1.56645946e-04 -9.83245806e-06]
 [ 1.75939116e-02  1.11404148e-02  1.59235314e-02 -1.37131136e-05
   2.47487548e-07 -6.40786877e-07  9.33403757e-01  9.46179213e-03
   5.65994294e-04 -1.73937046e-04  1.63044716e-04 -1.06101920e-05]
 [ 1.84283038e-02  1.18259983e-02  1.67095617e-02 -1.61165151e-05
  -7.53623011e-08 -5.18973984e-07  9.25230143e-01  9.70227791e-03
   6.01839044e-04 -1.82141980e-04  1.74586202e-04 -1.17464888e-05]
 [ 1.91354854e-02  1.25226325e-02  1.73878999e-02 -2.10605532e-05
  -1.80999480e-06 -3.37192274e-07  9.20428097e-01  9.89096187e-03
   5.95068244e-04 -1.76821693e-04  1.84716016e-04 -1.14631025e-05]
 [ 1.96966676e-02  1.31185880e-02  1.78639172e-02 -2.34056092e-05
  -1.48414820e-06 -3.68594193e-07  9.19026765e-01  1.00919968e-02
   6.03331343e-04 -1.82172295e-04  1.95384356e-04 -1.22508875e-05]
 [ 2.04340384e-02  1.36996844e-02  1.82621901e-02 -2.13983665e-05
   3.27401557e-07 -3.74443615e-07  9.19494031e-01  1.04794946e-02
   6.30846157e-04 -1.72252835e-04  2.08837547e-04 -1.22750530e-05]]
std error:
[[1.78272452e-04 6.25305875e-05 4.97505718e-05 2.51108536e-06
  1.90802737e-06 1.14363892e-07 5.74819738e-04 6.81009426e-05
  1.52631095e-05 1.70515495e-05 2.62837683e-06 1.42837908e-06]
 [2.15388383e-04 6.06385207e-05 5.05010360e-05 2.46346285e-06
  1.46008400e-06 1.93261159e-07 8.36219479e-04 7.56431064e-05
  3.35030614e-05 1.51283880e-05 4.64826847e-06 1.10175469e-06]
 [1.10085433e-04 4.08324924e-05 6.82901715e-05 6.62147716e-07
  9.10228817e-07 9.87669765e-08 5.48935682e-04 5.77533872e-05
  6.13205716e-06 8.46132552e-06 2.96405216e-06 6.64279326e-07]
 [1.24509212e-04 5.51687893e-05 1.04769119e-04 2.81211108e-06
  1.16007961e-06 1.02723842e-07 4.59538183e-04 6.87732122e-05
  9.86719309e-06 6.18326662e-06 9.43833266e-07 5.55421621e-07]
 [3.46325084e-05 7.78337320e-05 9.77666238e-05 2.59951698e-06
  1.22840717e-06 2.00688931e-07 5.75553283e-04 1.14094355e-04
  2.72748447e-05 1.32257380e-05 1.90655315e-06 7.19366705e-07]
 [1.33292252e-04 7.58254744e-05 6.30854777e-05 3.19129499e-06
  2.45750721e-06 6.72664677e-08 3.38579987e-04 5.25391581e-05
  7.49888077e-06 7.73809657e-06 1.94365910e-06 3.77209862e-07]
 [6.94372507e-05 9.76164645e-05 8.23315466e-05 5.54241339e-06
  1.79998919e-06 2.35313896e-07 5.80561734e-04 4.89338944e-05
  7.92291909e-06 1.21743288e-05 2.64827431e-06 1.17469860e-06]]
Done!, time = 4.074027061462402s
