Begin!
Data shape = (250000, 5)
Begin sort function!
In centrality 0
In centrality 1
In centrality 2
In centrality 3
In centrality 4
In centrality 5
In centrality 6
end function sorter
Data shape = (250000, 5)
Begin sort function!
In centrality 0
In centrality 1
In centrality 2
In centrality 3
In centrality 4
In centrality 5
In centrality 6
end function sorter
Data shape = (250000, 5)
Begin sort function!
In centrality 0
In centrality 1
In centrality 2
In centrality 3
In centrality 4
In centrality 5
In centrality 6
end function sorter
Data shape = (250000, 5)
Begin sort function!
In centrality 0
In centrality 1
In centrality 2
In centrality 3
In centrality 4
In centrality 5
In centrality 6
end function sorter
Final results shape = (4, 7, 12)
mean value:
[[ 1.55795421e-02  9.68774394e-03  1.39045902e-02  7.78464170e-06
   1.43662553e-06 -8.59490118e-07  9.70398954e-01  9.75906858e-03
   5.49297718e-04 -1.65598057e-04  1.49299766e-04 -9.86146147e-06]
 [ 1.67465532e-02  1.04849205e-02  1.49793544e-02 -4.16392262e-06
  -6.83399074e-07 -6.31553675e-07  9.46709300e-01  9.43066765e-03
   5.52473345e-04 -1.72512407e-04  1.53534491e-04 -1.03685276e-05]
 [ 1.75444170e-02  1.10986003e-02  1.58684224e-02 -1.05490830e-05
   8.69964541e-07 -6.26284334e-07  9.34941716e-01  9.51996534e-03
   5.74641711e-04 -1.73127591e-04  1.63447605e-04 -1.05713451e-05]
 [ 1.83270133e-02  1.18932928e-02  1.65908167e-02 -1.55906424e-05
  -2.55522178e-07 -4.99008415e-07  9.26855959e-01  9.55626169e-03
   5.37788411e-04 -1.89392278e-04  1.70433078e-04 -1.18427604e-05]
 [ 1.91287945e-02  1.25500478e-02  1.73593695e-02 -1.98212140e-05
   1.39665321e-06 -2.98417089e-07  9.22690520e-01  9.90420347e-03
   5.96098511e-04 -1.82917554e-04  1.86325423e-04 -1.20037178e-05]
 [ 1.96446239e-02  1.31237509e-02  1.77049110e-02 -2.03346537e-05
  -2.13727002e-06 -2.89511600e-07  9.21707891e-01  1.01171787e-02
   5.97391853e-04 -1.80317923e-04  1.94083288e-04 -1.21536192e-05]
 [ 2.03485812e-02  1.37919109e-02  1.84302079e-02 -2.53902397e-05
  -1.77778111e-06 -3.05103455e-07  9.21572194e-01  1.04648331e-02
   6.19192366e-04 -1.77692160e-04  2.08664567e-04 -1.24267923e-05]]
std error:
[[1.17189288e-04 9.36369973e-05 8.87058656e-05 1.15719034e-06
  1.33115835e-06 1.72123308e-07 3.47504362e-04 1.45163822e-04
  4.93310742e-05 6.51265563e-06 1.91079001e-06 3.37670972e-07]
 [1.39320525e-04 2.18640666e-05 1.28833558e-04 1.97628691e-06
  2.18036454e-06 2.23061891e-07 4.73277895e-04 2.53422346e-04
  4.80292373e-05 6.87369997e-06 5.63326205e-06 6.88750958e-07]
 [2.80747173e-05 7.60835860e-05 1.49003147e-04 4.53046342e-06
  1.48767973e-06 2.53242358e-07 3.46616403e-04 9.26102201e-05
  2.12362376e-05 1.13852639e-05 2.62573445e-06 7.25567899e-07]
 [1.05776120e-04 6.54183821e-05 1.41332444e-04 2.19540637e-06
  1.54211147e-06 2.28770834e-07 2.86545105e-04 4.93712752e-05
  5.35316506e-06 6.16017251e-06 3.00160851e-06 5.62139386e-07]
 [2.02137419e-04 9.89562926e-05 5.49038378e-05 5.81191999e-06
  2.62817166e-06 1.17756793e-07 2.54884158e-04 5.35759622e-05
  1.57319940e-05 1.37992093e-05 3.54904143e-06 6.16395321e-07]
 [1.24212406e-04 9.55789839e-05 1.03382415e-04 3.60260920e-06
  1.78969873e-06 1.28993941e-07 1.00260826e-03 1.10405548e-04
  2.62470135e-05 8.35993168e-06 1.11041847e-06 3.86894179e-07]
 [1.59746290e-04 6.47133155e-05 7.90191401e-05 4.15814206e-06
  2.79779966e-06 2.00563173e-07 9.31020232e-04 1.40886538e-04
  1.80760558e-05 6.95774553e-06 4.41812272e-06 8.51392546e-07]]
Done!, time = 4.2258501052856445s
