Begin!
Data shape = (250000, 5)
Begin sort function!
In centrality 0
In centrality 1
In centrality 2
In centrality 3
In centrality 4
In centrality 5
In centrality 6
end function sorter
Data shape = (250000, 5)
Begin sort function!
In centrality 0
In centrality 1
In centrality 2
In centrality 3
In centrality 4
In centrality 5
In centrality 6
end function sorter
Data shape = (250000, 5)
Begin sort function!
In centrality 0
In centrality 1
In centrality 2
In centrality 3
In centrality 4
In centrality 5
In centrality 6
end function sorter
Data shape = (250000, 5)
Begin sort function!
In centrality 0
In centrality 1
In centrality 2
In centrality 3
In centrality 4
In centrality 5
In centrality 6
end function sorter
Final results shape = (4, 7, 12)
mean value:
[[ 1.44345500e-02  9.47565794e-03  1.48187570e-02  2.50526072e-05
   9.28569643e-07 -6.14185974e-07  9.62877656e-01  9.93024875e-03
   5.96917417e-04 -1.22172739e-04  1.41061867e-04 -7.21443095e-06]
 [ 1.59312939e-02  1.02742563e-02  1.59705063e-02  2.51885047e-05
   1.73421080e-06 -9.16800604e-07  9.41467678e-01  9.46225947e-03
   5.48085051e-04 -1.61516815e-04  1.47726600e-04 -1.03435150e-05]
 [ 1.69097774e-02  1.11047191e-02  1.69235939e-02  1.83372184e-05
   1.07337865e-06 -8.05221324e-07  9.29846746e-01  9.56440607e-03
   5.69283286e-04 -1.57043421e-04  1.57688674e-04 -1.04218370e-05]
 [ 1.78148472e-02  1.19956676e-02  1.76736361e-02  1.49700877e-05
  -7.35567285e-07 -7.03899873e-07  9.22566233e-01  9.61942328e-03
   5.55765028e-04 -1.67889639e-04  1.68354236e-04 -1.14032558e-05]
 [ 1.85681973e-02  1.28502267e-02  1.82985239e-02  9.27877139e-06
   6.03305510e-07 -9.51134451e-07  9.19259325e-01  9.87808471e-03
   5.89567609e-04 -1.76451289e-04  1.79744792e-04 -1.23201421e-05]
 [ 1.95294211e-02  1.35364985e-02  1.87077384e-02  1.10176715e-05
   9.31045484e-07 -9.66041696e-07  9.18086879e-01  1.01875373e-02
   6.04869089e-04 -1.83542649e-04  1.94805433e-04 -1.36181080e-05]
 [ 2.03147840e-02  1.42173391e-02  1.92212388e-02  1.00241171e-05
   1.39858679e-07 -1.04403976e-06  9.18920631e-01  1.03782211e-02
   5.93115093e-04 -1.86307748e-04  2.05345628e-04 -1.43345796e-05]]
std error:
[[1.24274624e-04 4.03963986e-05 7.51147590e-05 2.20127346e-06
  1.02485186e-06 1.36321059e-07 9.86058044e-04 1.03317559e-04
  2.76759075e-05 1.08566524e-05 2.88298856e-06 4.34995921e-07]
 [3.92951314e-05 4.97335204e-05 1.81198995e-04 2.41260076e-06
  2.11598651e-06 9.95672445e-08 1.45346897e-03 8.19849379e-05
  9.88382536e-06 8.87245208e-06 1.81695096e-06 6.98800123e-07]
 [5.25102566e-05 1.13701166e-04 6.30457042e-05 2.82695765e-06
  9.05185195e-07 1.54131029e-07 1.90516500e-04 5.56961996e-05
  1.35644017e-05 1.06998486e-05 1.82484881e-06 8.80625096e-07]
 [4.70415861e-05 7.15357008e-05 4.68361719e-05 2.89537397e-06
  1.09618808e-06 2.67371828e-07 3.35013018e-04 7.89408577e-05
  1.86885260e-05 9.10177492e-06 9.69532614e-07 4.56610733e-07]
 [1.18753984e-04 2.59522787e-05 1.19778083e-04 2.23198136e-06
  1.87363987e-06 9.26061190e-08 5.12273439e-04 8.92922957e-05
  1.27240684e-05 1.11164701e-05 1.31765807e-06 2.86010741e-07]
 [6.86613636e-05 6.61764681e-05 7.50282198e-05 3.47335455e-06
  2.14196942e-06 2.86866888e-07 3.68201511e-04 4.47969060e-05
  2.32753203e-05 6.95422162e-06 1.01932699e-06 1.00329731e-06]
 [2.25577420e-04 4.22118108e-05 6.24735309e-05 6.59240561e-06
  3.31966702e-06 2.46975296e-07 5.34049418e-04 1.06033140e-04
  1.46202397e-05 1.62406146e-05 1.73895431e-06 1.36378797e-06]]
Done!, time = 4.741825580596924s
