Begin!
Data shape = (250000, 5)
Begin sort function!
In centrality 0
In centrality 1
In centrality 2
In centrality 3
In centrality 4
In centrality 5
In centrality 6
end function sorter
Data shape = (250000, 5)
Begin sort function!
In centrality 0
In centrality 1
In centrality 2
In centrality 3
In centrality 4
In centrality 5
In centrality 6
end function sorter
Data shape = (250000, 5)
Begin sort function!
In centrality 0
In centrality 1
In centrality 2
In centrality 3
In centrality 4
In centrality 5
In centrality 6
end function sorter
Data shape = (250000, 5)
Begin sort function!
In centrality 0
In centrality 1
In centrality 2
In centrality 3
In centrality 4
In centrality 5
In centrality 6
end function sorter
Final results shape = (4, 7, 12)
mean value:
[[ 1.15028660e-02  1.03829756e-02  1.56876130e-02  1.07955956e-05
  -2.15734618e-06 -7.93467604e-08  8.66242270e-01  2.32186467e-03
   2.95081492e-05 -5.20593162e-05  2.67958312e-05 -2.47336153e-06]
 [ 1.22723157e-02  1.09216260e-02  1.64187915e-02  1.20016603e-05
  -8.82866084e-07 -1.39497013e-07  8.58386571e-01  2.28842248e-03
   2.79229712e-05 -5.62492456e-05  2.84910619e-05 -2.91093040e-06]
 [ 1.27357861e-02  1.14793515e-02  1.69193706e-02  9.39810686e-06
  -2.49163566e-06 -1.22374162e-07  8.54011073e-01  2.29390093e-03
   2.85202134e-05 -5.69835570e-05  2.94752988e-05 -2.89301481e-06]
 [ 1.33772383e-02  1.19764849e-02  1.75753367e-02  1.12743193e-05
  -2.07798918e-06 -1.31374805e-07  8.50274739e-01  2.30264221e-03
   3.12010186e-05 -4.88367933e-05  3.11292309e-05 -2.56500068e-06]
 [ 1.38155467e-02  1.25058282e-02  1.81348262e-02  9.53663392e-06
  -1.61999024e-06 -2.20139013e-07  8.48418771e-01  2.34681345e-03
   3.08706983e-05 -5.51707849e-05  3.27682614e-05 -3.02893894e-06]
 [ 1.43328234e-02  1.30145619e-02  1.86369050e-02  1.09086110e-05
  -2.33315634e-06 -7.09069080e-08  8.46747475e-01  2.38770252e-03
   3.23250910e-05 -5.54566156e-05  3.44894765e-05 -3.27695757e-06]
 [ 1.49085071e-02  1.35837663e-02  1.91761728e-02  8.00342021e-06
  -4.24520550e-06 -3.55598581e-07  8.45806825e-01  2.42516664e-03
   3.43947262e-05 -5.31970560e-05  3.64669999e-05 -3.19779826e-06]]
std error:
[[1.55028977e-04 1.50748268e-04 1.82560733e-04 1.54836666e-06
  1.83134927e-06 9.97406036e-08 1.73416988e-04 3.37981946e-05
  2.17605190e-06 3.23559377e-06 6.18175089e-07 2.27523685e-07]
 [7.85440802e-05 6.49764967e-05 5.64504768e-05 2.19066217e-06
  1.53527354e-06 1.26032247e-07 1.89917448e-04 2.76493248e-05
  3.12915009e-06 2.00037284e-06 4.92686891e-07 1.75435786e-07]
 [6.64190135e-05 7.01601631e-05 7.31867972e-05 2.19722200e-06
  1.97908301e-06 1.05149799e-07 3.71594775e-04 3.02142119e-05
  2.46245278e-06 2.67604910e-06 5.64097367e-07 1.24028463e-07]
 [5.60726310e-05 5.17714359e-05 9.43707950e-05 2.84278503e-06
  2.23993492e-06 9.10263985e-08 4.03899157e-04 1.43426118e-05
  2.02368841e-06 1.24745629e-06 3.01681297e-07 8.50792408e-08]
 [1.32349662e-05 1.84510884e-05 5.25067421e-05 2.27043432e-06
  2.05320482e-06 1.06283690e-07 3.56027872e-04 1.85814751e-05
  1.03330220e-06 3.17226383e-06 4.96770262e-07 2.26806455e-07]
 [5.90675651e-05 6.21662196e-05 3.74364646e-05 3.34427318e-06
  2.25745723e-06 3.64725546e-08 2.48344203e-04 9.63532916e-06
  1.61638189e-06 1.96193600e-06 1.45135408e-07 9.63636509e-08]
 [9.69151563e-05 1.47228273e-04 8.18581193e-05 2.98769118e-06
  1.23040384e-06 5.51170730e-08 1.92226308e-04 1.34065278e-05
  1.72173201e-06 5.72126450e-06 1.86763867e-07 2.63800796e-07]]
Done!, time = 4.2387261390686035s
