Begin!
Data shape = (250000, 5)
Begin sort function!
In centrality 0
In centrality 1
In centrality 2
In centrality 3
In centrality 4
In centrality 5
In centrality 6
end function sorter
Data shape = (250000, 5)
Begin sort function!
In centrality 0
In centrality 1
In centrality 2
In centrality 3
In centrality 4
In centrality 5
In centrality 6
end function sorter
Data shape = (250000, 5)
Begin sort function!
In centrality 0
In centrality 1
In centrality 2
In centrality 3
In centrality 4
In centrality 5
In centrality 6
end function sorter
Data shape = (250000, 5)
Begin sort function!
In centrality 0
In centrality 1
In centrality 2
In centrality 3
In centrality 4
In centrality 5
In centrality 6
end function sorter
Final results shape = (4, 7, 12)
mean value:
[[ 1.44260311e-02  1.01414543e-02  1.57649286e-02  5.63074435e-06
   1.00648893e-06 -6.15705559e-07  8.47812976e-01  6.01686155e-03
   2.50304602e-04 -9.41742993e-05  8.62420687e-05 -5.06365321e-06]
 [ 1.56610501e-02  1.09884032e-02  1.70909899e-02 -4.51312929e-06
  -1.43274841e-06 -4.21277782e-07  8.29017211e-01  5.77817767e-03
   2.45821180e-04 -9.52163035e-05  8.98553307e-05 -5.24330827e-06]
 [ 1.64474132e-02  1.16321563e-02  1.79294061e-02 -9.50079667e-06
   2.52871226e-06 -4.48681048e-07  8.18903403e-01  5.72451556e-03
   2.37627838e-04 -9.94613803e-05  9.34173817e-05 -5.48339590e-06]
 [ 1.72570903e-02  1.24746603e-02  1.85713782e-02 -1.58240461e-05
   1.25733502e-07 -2.20133573e-07  8.11050527e-01  5.83288895e-03
   2.52492467e-04 -1.00933967e-04  9.97383771e-05 -6.00723174e-06]
 [ 1.80843622e-02  1.30573767e-02  1.92308736e-02 -1.93356819e-05
   5.11857707e-07 -1.36993418e-07  8.06322493e-01  5.98411266e-03
   2.57441726e-04 -1.08074106e-04  1.07157555e-04 -6.64301830e-06]
 [ 1.85559035e-02  1.35866527e-02  1.96556607e-02 -2.20345878e-05
  -1.23631445e-06 -8.00563714e-08  8.03977918e-01  6.15425853e-03
   2.74951531e-04 -1.02479210e-04  1.12515906e-04 -6.33268641e-06]
 [ 1.92359346e-02  1.41700544e-02  2.01459923e-02 -2.52461942e-05
  -1.99854376e-06 -1.90717341e-07  8.02196101e-01  6.35705559e-03
   2.85282327e-04 -9.74713077e-05  1.20232890e-04 -5.90510241e-06]]
std error:
[[1.48225867e-04 9.68330474e-05 1.24416203e-04 2.51837222e-06
  1.51124768e-06 1.78079333e-07 6.44292895e-04 7.24064667e-05
  1.72309459e-05 9.61323409e-06 1.59648650e-06 5.57505805e-07]
 [1.35238027e-04 5.99788689e-05 1.20662918e-04 2.25042930e-06
  2.15571160e-06 2.04510969e-07 4.58287880e-04 5.37033943e-05
  1.77889376e-05 4.30236583e-06 9.17097563e-07 2.89737168e-08]
 [8.64319590e-05 7.20289911e-05 1.54271583e-04 3.79626192e-06
  8.95387355e-07 8.67798901e-08 1.45404900e-04 3.34996355e-05
  1.00602522e-05 2.37862445e-06 1.36217729e-06 1.81744222e-07]
 [3.27571316e-05 7.41027606e-05 1.03764682e-04 2.27254561e-06
  1.75145257e-06 7.50419222e-08 8.63809301e-05 5.77906114e-05
  1.54837332e-05 5.00315721e-06 5.38687155e-07 2.61824531e-07]
 [1.45018989e-04 6.71446081e-05 1.60630849e-04 3.67595573e-06
  1.07706869e-06 1.13220471e-07 7.82386915e-04 8.48888833e-05
  1.15219324e-05 7.98860136e-06 1.49876449e-06 3.77527236e-07]
 [6.53056754e-05 9.97315933e-05 6.52155641e-05 2.18341115e-06
  1.91895692e-06 3.91854565e-08 3.16446217e-04 6.57717365e-05
  5.53953032e-06 1.20216395e-06 1.94607534e-06 3.32685936e-07]
 [1.06297463e-04 8.10600706e-05 1.37407522e-04 3.13837982e-06
  2.60866234e-06 1.27532590e-07 3.33332942e-04 5.85117424e-05
  8.94189443e-06 1.07441019e-05 1.49014648e-06 7.64875995e-07]]
Done!, time = 4.452205419540405s
