Begin!
Data shape = (250000, 5)
Begin sort function!
In centrality 0
In centrality 1
In centrality 2
In centrality 3
In centrality 4
In centrality 5
In centrality 6
end function sorter
Data shape = (250000, 5)
Begin sort function!
In centrality 0
In centrality 1
In centrality 2
In centrality 3
In centrality 4
In centrality 5
In centrality 6
end function sorter
Data shape = (250000, 5)
Begin sort function!
In centrality 0
In centrality 1
In centrality 2
In centrality 3
In centrality 4
In centrality 5
In centrality 6
end function sorter
Data shape = (250000, 5)
Begin sort function!
In centrality 0
In centrality 1
In centrality 2
In centrality 3
In centrality 4
In centrality 5
In centrality 6
end function sorter
Final results shape = (4, 7, 12)
mean value:
[[ 1.66497269e-02  1.10901234e-02  1.57219574e-02  5.14509486e-05
  -9.66638981e-07 -1.52028962e-06  7.74814929e-01  9.39099790e-04
  -2.89992791e-06 -2.10319117e-04  1.97073815e-05 -1.39207492e-05]
 [ 1.85174892e-02  1.16732285e-02  1.66059804e-02  3.56007085e-05
  -1.01120928e-07 -1.88808482e-06  7.68989801e-01  9.49657291e-04
  -1.07893990e-06 -2.17091618e-04  2.07092752e-05 -1.48154663e-05]
 [ 1.96490013e-02  1.20778335e-02  1.72360600e-02  2.26260226e-05
  -2.20786852e-06 -1.82005461e-06  7.65318000e-01  9.70930899e-04
   3.15767578e-07 -2.19776206e-04  2.18208346e-05 -1.56736271e-05]
 [ 2.05941900e-02  1.25453473e-02  1.80296009e-02  6.86830187e-06
  -3.24091481e-06 -1.60558365e-06  7.62226721e-01  9.79268629e-04
   1.70076612e-06 -2.10838014e-04  2.21657701e-05 -1.51268694e-05]
 [ 2.14264306e-02  1.29040444e-02  1.84293653e-02 -4.73308550e-06
  -2.96061360e-06 -1.40701254e-06  7.60131905e-01  9.78992343e-04
   2.21855874e-06 -2.05089534e-04  2.27512897e-05 -1.52289480e-05]
 [ 2.19828107e-02  1.33961513e-02  1.90764076e-02 -1.31879700e-05
  -2.22142506e-06 -1.33604646e-06  7.58072708e-01  1.00020796e-03
   3.04428722e-06 -2.04107836e-04  2.35257256e-05 -1.53771167e-05]
 [ 2.24650383e-02  1.38056449e-02  1.95750514e-02 -1.88752902e-05
  -4.07982685e-06 -1.09664181e-06  7.56593994e-01  1.00665923e-03
   3.20172923e-06 -1.94020358e-04  2.35887043e-05 -1.48725503e-05]]
std error:
[[1.28292275e-04 8.60689292e-05 2.22684421e-05 2.90640708e-06
  9.77976860e-07 7.75219009e-08 1.48548251e-04 3.80308302e-06
  5.76097936e-07 4.31323776e-06 2.74915390e-07 2.78236350e-07]
 [1.31065251e-04 5.88074152e-05 1.85689159e-04 8.00232497e-06
  1.63429967e-06 2.88174533e-07 3.33274657e-04 1.14324847e-05
  6.87094606e-07 1.00033388e-05 4.87158944e-07 9.17140477e-07]
 [4.98129898e-05 4.90634802e-05 1.14112714e-04 4.91497965e-06
  1.06773337e-06 1.17057825e-07 2.26706503e-04 2.92185167e-06
  2.61190494e-07 5.50157763e-06 2.22812742e-07 5.47009735e-07]
 [5.92551317e-05 7.57662071e-05 7.62419078e-05 2.92236483e-06
  1.50411199e-06 3.25105217e-07 1.34118121e-04 3.65766252e-06
  2.00603435e-07 2.61093024e-06 8.78378340e-08 1.90127809e-07]
 [1.35730860e-04 4.11993330e-05 5.54374091e-05 5.27116398e-06
  1.43467708e-06 3.04145468e-07 2.03783212e-04 7.04814810e-06
  3.83960406e-07 2.04682833e-06 2.69309319e-07 2.02904108e-07]
 [1.41013434e-04 1.06211353e-04 1.14523038e-04 3.26352595e-06
  2.03769424e-06 2.54309803e-07 6.51506090e-05 3.96934560e-06
  4.24368713e-07 4.43050598e-06 5.13038840e-07 5.35612908e-07]
 [1.40095044e-04 6.34067323e-05 1.78661476e-04 5.43617797e-06
  1.99347837e-06 2.82016325e-07 2.22747610e-04 6.94019044e-06
  1.58127011e-07 4.04405220e-06 3.85903918e-07 1.83907876e-07]]
Done!, time = 3.624666452407837s
