Begin!
Data shape = (250000, 5)
Begin sort function!
In centrality 0
In centrality 1
In centrality 2
In centrality 3
In centrality 4
In centrality 5
In centrality 6
end function sorter
Data shape = (250000, 5)
Begin sort function!
In centrality 0
In centrality 1
In centrality 2
In centrality 3
In centrality 4
In centrality 5
In centrality 6
end function sorter
Data shape = (250000, 5)
Begin sort function!
In centrality 0
In centrality 1
In centrality 2
In centrality 3
In centrality 4
In centrality 5
In centrality 6
end function sorter
Data shape = (250000, 5)
Begin sort function!
In centrality 0
In centrality 1
In centrality 2
In centrality 3
In centrality 4
In centrality 5
In centrality 6
end function sorter
Final results shape = (4, 7, 12)
mean value:
[[ 1.35507297e-02  1.05462010e-02  1.59996771e-02  5.77008975e-06
  -2.03138891e-06 -3.27755771e-07  8.19941629e-01  1.94673478e-03
   1.87639230e-05 -8.62828424e-05  2.71431042e-05 -4.36973260e-06]
 [ 1.42954031e-02  1.11974279e-02  1.68878041e-02  1.37532830e-06
  -7.24926406e-07 -3.48715481e-07  8.12309769e-01  1.94105340e-03
   1.92734813e-05 -8.87153170e-05  2.81970473e-05 -4.53118932e-06]
 [ 1.49777048e-02  1.16010418e-02  1.75511449e-02 -5.44423578e-06
  -3.38236814e-07 -2.01678655e-07  8.07557342e-01  1.94114451e-03
   1.97844853e-05 -8.57269936e-05  2.97158661e-05 -4.58060360e-06]
 [ 1.55556453e-02  1.22379188e-02  1.80570898e-02 -9.93931763e-06
  -2.11736064e-06 -1.88406759e-07  8.03704020e-01  1.97943529e-03
   2.02780039e-05 -8.58715427e-05  3.14255371e-05 -4.60208138e-06]
 [ 1.60340267e-02  1.27354474e-02  1.85902680e-02 -9.76728738e-06
  -7.62948592e-07 -1.40025205e-07  8.01418677e-01  2.00068026e-03
   2.31916656e-05 -8.52801191e-05  3.22804538e-05 -4.68788012e-06]
 [ 1.65363527e-02  1.32347187e-02  1.90329832e-02 -1.06463745e-05
  -3.48422342e-06 -2.67393129e-07  7.99664184e-01  2.02647938e-03
   2.42535612e-05 -8.31668832e-05  3.37704454e-05 -4.67581529e-06]
 [ 1.70507164e-02  1.36811124e-02  1.94849105e-02 -1.34140067e-05
  -2.66493674e-06 -6.94837071e-08  7.97802275e-01  2.04109457e-03
   2.30697138e-05 -8.36386910e-05  3.54841398e-05 -4.96638532e-06]]
std error:
[[1.19846654e-04 8.63357778e-05 8.73145065e-05 1.80292002e-06
  1.31155626e-06 7.64048466e-08 2.17814453e-04 3.46720906e-05
  2.08025683e-06 6.79621962e-06 4.92350085e-07 3.57595418e-07]
 [1.58331133e-04 7.78945191e-05 1.45248037e-04 5.35549115e-06
  1.66710713e-06 8.93838925e-08 4.55941831e-04 1.25920448e-05
  1.23922736e-06 2.88126772e-06 2.97997699e-07 2.42651797e-07]
 [1.20252516e-04 3.89229201e-05 7.58603796e-05 2.60575257e-06
  1.98516886e-06 9.01697443e-08 2.80251596e-04 6.88563449e-06
  4.95431305e-07 4.67678536e-06 3.79183923e-07 2.79943803e-07]
 [6.44397970e-05 3.59591333e-05 1.68775396e-04 1.73260853e-06
  2.05407695e-06 6.43206039e-08 4.37415015e-04 1.53938308e-05
  2.86406818e-06 3.73434951e-06 4.23753747e-07 2.35619988e-07]
 [1.07154526e-04 6.96493248e-05 1.07366316e-04 3.19187290e-06
  9.77002835e-07 1.48832037e-07 2.09722074e-04 1.28947203e-05
  1.37843240e-06 5.05542391e-06 3.36526571e-07 3.97033370e-07]
 [1.30243535e-04 4.96628423e-05 7.23545358e-05 3.12833653e-06
  1.04262849e-06 6.58186225e-08 1.44793216e-04 1.17012433e-05
  8.53188942e-07 7.87889606e-06 3.33215132e-07 5.24661832e-07]
 [9.37731907e-05 1.20637109e-04 7.71532293e-05 2.64395102e-06
  1.41048290e-06 1.71299753e-07 2.43155935e-04 1.85800013e-05
  1.73451554e-06 6.30346042e-06 6.69593541e-07 5.14637422e-07]]
Done!, time = 3.4625704288482666s
