Begin!
Data shape = (250000, 5)
Begin sort function!
In centrality 0
In centrality 1
In centrality 2
In centrality 3
In centrality 4
In centrality 5
In centrality 6
end function sorter
Data shape = (250000, 5)
Begin sort function!
In centrality 0
In centrality 1
In centrality 2
In centrality 3
In centrality 4
In centrality 5
In centrality 6
end function sorter
Data shape = (250000, 5)
Begin sort function!
In centrality 0
In centrality 1
In centrality 2
In centrality 3
In centrality 4
In centrality 5
In centrality 6
end function sorter
Data shape = (250000, 5)
Begin sort function!
In centrality 0
In centrality 1
In centrality 2
In centrality 3
In centrality 4
In centrality 5
In centrality 6
end function sorter
Final results shape = (4, 7, 12)
mean value:
[[ 1.16755314e-02  1.08126244e-02  1.53328699e-02  3.39720054e-08
  -2.02814847e-06 -1.16915734e-07  8.67506945e-01  2.01156409e-03
   1.90527351e-05 -5.25615370e-05  2.38099443e-05 -2.27805519e-06]
 [ 1.22397551e-02  1.11744431e-02  1.59622228e-02  6.35267391e-08
  -2.44187007e-06 -1.64932512e-08  8.61425444e-01  2.00665488e-03
   1.79413446e-05 -4.96703844e-05  2.46651519e-05 -2.27157586e-06]
 [ 1.26828565e-02  1.16769292e-02  1.64476197e-02 -2.21243603e-07
  -1.46457267e-06 -5.76903901e-08  8.57263880e-01  2.02938719e-03
   1.91759706e-05 -5.28459007e-05  2.60766047e-05 -2.45744430e-06]
 [ 1.31917386e-02  1.21657051e-02  1.71537209e-02 -2.96233315e-06
  -1.01941522e-06 -1.17906261e-07  8.54186585e-01  2.04517447e-03
   1.88418587e-05 -5.26622279e-05  2.73052499e-05 -2.50061174e-06]
 [ 1.35588894e-02  1.25620277e-02  1.76495571e-02 -4.56617414e-06
  -3.12448800e-06 -1.24203443e-08  8.51851185e-01  2.06800856e-03
   1.96156279e-05 -4.96257838e-05  2.83332937e-05 -2.45582302e-06]
 [ 1.41093877e-02  1.30490814e-02  1.81268650e-02 -4.65508910e-06
  -2.55591497e-06 -7.70224449e-08  8.50455197e-01  2.09032931e-03
   1.96981133e-05 -5.01712335e-05  2.97739235e-05 -2.53922419e-06]
 [ 1.44812621e-02  1.35081241e-02  1.86261570e-02 -5.54997638e-06
  -2.89512810e-06 -1.81414565e-08  8.49075821e-01  2.11828935e-03
   2.06861927e-05 -4.36629884e-05  3.09972182e-05 -2.26386516e-06]]
std error:
[[4.81334326e-05 5.83146420e-05 1.57434949e-04 1.67048491e-06
  1.69050497e-06 4.44138388e-08 3.97083994e-04 1.20712813e-05
  1.78604241e-06 3.41760346e-06 3.68323245e-07 1.37852256e-07]
 [1.13237391e-04 7.60736268e-05 1.40248475e-04 2.02061073e-06
  1.70283102e-07 3.48670658e-08 3.97474288e-04 1.93165334e-05
  1.06304806e-06 6.27436015e-06 4.18641346e-07 3.20491129e-07]
 [3.51570371e-05 5.77598415e-05 4.89244779e-05 2.11518541e-06
  8.86993536e-07 5.51938470e-08 3.76157586e-04 1.39209257e-05
  1.58325138e-06 1.74360416e-06 1.71775968e-07 1.25138885e-07]
 [8.56166674e-05 2.13914729e-05 8.48039505e-05 1.76628442e-06
  5.95625396e-07 6.45400211e-08 3.32107475e-04 1.48157489e-05
  4.73070237e-07 4.96333480e-06 1.54427996e-07 1.99851974e-07]
 [8.48085386e-05 9.85760480e-05 1.29880029e-04 7.59601284e-07
  1.13919054e-06 3.15344041e-08 2.36526063e-04 1.12874137e-05
  1.56006265e-06 1.57864100e-06 1.04137226e-07 8.51813502e-08]
 [3.12180908e-05 5.16752555e-05 1.32559197e-04 1.64604660e-06
  1.74414309e-06 1.12866188e-07 2.22093378e-04 1.89258676e-05
  1.51375041e-06 2.99998274e-06 2.67642929e-07 1.62104455e-07]
 [3.64163094e-05 3.70837154e-05 1.21342061e-04 1.82757508e-06
  2.19526048e-06 8.10122460e-08 1.03064295e-04 1.12914009e-05
  1.48663127e-06 2.33364656e-06 3.08418805e-07 1.06910690e-07]]
Done!, time = 4.540053129196167s
