Begin!
Data shape = (250000, 5)
Begin sort function!
In centrality 0
In centrality 1
In centrality 2
In centrality 3
In centrality 4
In centrality 5
In centrality 6
end function sorter
Data shape = (250000, 5)
Begin sort function!
In centrality 0
In centrality 1
In centrality 2
In centrality 3
In centrality 4
In centrality 5
In centrality 6
end function sorter
Data shape = (250000, 5)
Begin sort function!
In centrality 0
In centrality 1
In centrality 2
In centrality 3
In centrality 4
In centrality 5
In centrality 6
end function sorter
Data shape = (250000, 5)
Begin sort function!
In centrality 0
In centrality 1
In centrality 2
In centrality 3
In centrality 4
In centrality 5
In centrality 6
end function sorter
Final results shape = (4, 7, 12)
mean value:
[[ 1.34405613e-02  1.03234313e-02  1.57042647e-02  2.53871105e-05
  -1.56081789e-06 -4.14930149e-07  8.58149798e-01  1.04784740e-03
   2.31735349e-06 -1.07983953e-04  1.52844507e-05 -5.88191862e-06]
 [ 1.44675281e-02  1.08140776e-02  1.63911314e-02  2.14635936e-05
  -5.85947299e-07 -4.65026369e-07  8.54202694e-01  1.06411758e-03
   2.87573708e-06 -1.10943910e-04  1.64577777e-05 -6.22991738e-06]
 [ 1.52201661e-02  1.13144813e-02  1.68231400e-02  1.67063974e-05
  -1.49759249e-06 -5.27703683e-07  8.51601529e-01  1.08605822e-03
   3.14369574e-06 -1.12297872e-04  1.75113503e-05 -6.53715011e-06]
 [ 1.58902584e-02  1.18748913e-02  1.75026246e-02  1.63527056e-05
  -5.29879072e-07 -4.61880996e-07  8.49599299e-01  1.10682867e-03
   3.90737564e-06 -1.12905021e-04  1.85217341e-05 -6.87994834e-06]
 [ 1.63951437e-02  1.24835550e-02  1.80686063e-02  1.54420026e-05
  -2.07555549e-07 -4.37703594e-07  8.48230662e-01  1.12297125e-03
   3.99433492e-06 -1.08965619e-04  1.92477882e-05 -6.74455463e-06]
 [ 1.70426799e-02  1.29783663e-02  1.86592351e-02  1.01139422e-05
  -2.61222163e-06 -4.51398386e-07  8.47140904e-01  1.14352079e-03
   4.50702607e-06 -1.05941380e-04  2.01919000e-05 -6.85881957e-06]
 [ 1.76714408e-02  1.35985727e-02  1.91145039e-02  8.40028921e-06
  -3.84968128e-06 -5.02891458e-07  8.46468946e-01  1.16856286e-03
   5.38947722e-06 -1.04556502e-04  2.12737372e-05 -6.88862618e-06]]
std error:
[[1.66086742e-04 3.55041468e-05 9.33409640e-05 2.91690501e-06
  9.19953748e-07 1.61346299e-07 4.26777120e-04 8.02265752e-06
  3.15614696e-07 1.89508616e-06 3.74135035e-07 2.75453860e-07]
 [1.07908681e-04 6.94106915e-05 1.23013125e-04 3.47939218e-06
  2.24901061e-06 1.27187078e-07 2.09828449e-04 1.18773626e-05
  3.96056676e-07 6.41011448e-06 1.63364243e-07 4.64407650e-07]
 [8.93145732e-05 2.88622077e-05 1.12667402e-04 1.55933102e-06
  4.81083810e-07 8.08469770e-08 2.28474285e-04 4.46361570e-06
  5.42625765e-07 4.12271644e-06 2.23258952e-07 2.13164677e-07]
 [6.11641717e-05 8.16213343e-05 1.06440321e-04 3.67619349e-06
  9.99009813e-07 5.40656505e-08 1.42035230e-04 5.63311683e-06
  2.20266219e-07 2.28369923e-06 6.52525855e-08 2.64438761e-07]
 [3.34669958e-05 6.72157975e-05 1.04235406e-04 2.69316636e-06
  1.42488392e-06 1.13666960e-07 9.33713227e-05 3.96132598e-06
  1.95135708e-07 3.97727499e-06 1.13208162e-07 3.39050933e-07]
 [6.12863838e-05 2.47138744e-05 3.98777964e-05 5.28223356e-06
  1.14393723e-06 1.76601799e-07 2.03060132e-04 8.43469946e-06
  7.18534632e-07 2.58348366e-06 2.08829886e-07 2.77728287e-07]
 [9.61703111e-05 2.72799102e-05 1.26947300e-04 6.57374874e-06
  1.20216026e-06 1.68399081e-07 1.66083683e-04 1.06138971e-05
  2.76996935e-07 3.87393555e-06 4.26412325e-07 2.71528983e-07]]
Done!, time = 1.9323725700378418s
