Begin!
Data shape = (250000, 5)
Begin sort function!
In centrality 0
In centrality 1
In centrality 2
In centrality 3
In centrality 4
In centrality 5
In centrality 6
end function sorter
Data shape = (250000, 5)
Begin sort function!
In centrality 0
In centrality 1
In centrality 2
In centrality 3
In centrality 4
In centrality 5
In centrality 6
end function sorter
Data shape = (250000, 5)
Begin sort function!
In centrality 0
In centrality 1
In centrality 2
In centrality 3
In centrality 4
In centrality 5
In centrality 6
end function sorter
Data shape = (250000, 5)
Begin sort function!
In centrality 0
In centrality 1
In centrality 2
In centrality 3
In centrality 4
In centrality 5
In centrality 6
end function sorter
Final results shape = (4, 7, 12)
mean value:
[[ 1.58341220e-02  1.05205016e-02  1.56349785e-02  3.13771903e-05
  -1.83976895e-06 -1.21594947e-06  8.12679088e-01  1.00217377e-03
  -2.03328881e-06 -1.84685641e-04  1.86549792e-05 -1.10804468e-05]
 [ 1.72126944e-02  1.11565487e-02  1.66698969e-02  1.03389767e-05
  -6.70593251e-07 -1.28868321e-06  8.08024267e-01  1.00093564e-03
   1.74889409e-07 -1.78253258e-04  1.92558541e-05 -1.08785807e-05]
 [ 1.82178639e-02  1.16272341e-02  1.72832836e-02  6.71754932e-09
  -1.95596807e-06 -1.10004599e-06  8.04454063e-01  1.02265780e-03
   1.37880330e-06 -1.76117170e-04  2.00205982e-05 -1.10324861e-05]
 [ 1.89606419e-02  1.21567900e-02  1.80263079e-02 -7.75683105e-06
  -1.61283984e-06 -7.33438609e-07  8.02039352e-01  1.03420418e-03
   1.91122003e-06 -1.69581784e-04  2.08928598e-05 -1.09828216e-05]
 [ 1.94080602e-02  1.27052954e-02  1.85805660e-02 -1.21511216e-05
  -2.17533612e-06 -6.86208198e-07  8.00407442e-01  1.05167707e-03
   2.79923340e-06 -1.68545199e-04  2.12725156e-05 -1.11266661e-05]
 [ 2.00686196e-02  1.32773542e-02  1.90441738e-02 -1.46866920e-05
  -2.79296427e-06 -5.94323901e-07  7.99027634e-01  1.06413973e-03
   3.35995067e-06 -1.60645173e-04  2.22880089e-05 -1.10581541e-05]
 [ 2.05267607e-02  1.38344619e-02  1.97605242e-02 -1.70238313e-05
  -4.42813917e-06 -3.73558797e-07  7.97800207e-01  1.07744504e-03
   4.24748842e-06 -1.52159395e-04  2.26098039e-05 -1.06525096e-05]]
std error:
[[4.53066844e-05 5.44559363e-05 5.21937525e-05 6.00831675e-06
  1.04632252e-06 6.62892046e-08 2.04529645e-04 1.04479718e-05
  4.47217778e-07 3.96126215e-06 2.46837117e-07 4.66441586e-07]
 [6.57219770e-05 5.90777988e-05 7.59134129e-05 3.35730212e-06
  2.21783506e-06 1.78768710e-07 1.39562727e-04 3.29555208e-06
  6.17184196e-07 4.10469895e-06 3.48591937e-07 4.39903582e-07]
 [6.87091394e-05 2.07629162e-05 5.35346148e-05 2.35157355e-06
  9.48738238e-07 1.22984196e-07 7.49954068e-05 1.19321006e-05
  3.48017059e-07 2.64992726e-06 1.39164290e-07 1.95585850e-07]
 [6.05764147e-05 3.98311495e-05 4.67146962e-05 4.45097417e-06
  7.57290282e-07 1.58221981e-07 1.01139961e-04 4.35900279e-06
  3.04753434e-07 4.68569249e-06 9.61900946e-08 2.83687914e-07]
 [1.57971409e-04 8.34573347e-05 7.96138359e-05 2.62205006e-06
  1.11210084e-06 6.69860469e-08 1.53650429e-04 1.68452649e-06
  2.89499680e-07 2.89327726e-06 8.23421739e-08 2.43905328e-07]
 [1.04778975e-04 5.72221374e-05 1.71661668e-04 5.28082026e-06
  1.43192061e-06 1.16282224e-07 1.25737181e-04 7.78333504e-06
  5.24464511e-07 2.53238558e-06 2.29872555e-07 2.05538283e-07]
 [6.74978265e-05 1.63764759e-05 1.13392565e-04 1.88089663e-06
  1.51426489e-06 2.39752672e-07 9.85696668e-05 4.74838272e-06
  4.41624900e-07 3.93514116e-06 2.18514629e-07 2.36769930e-07]]
Done!, time = 3.8416357040405273s
