Begin!
Data shape = (250000, 5)
Begin sort function!
In centrality 0
In centrality 1
In centrality 2
In centrality 3
In centrality 4
In centrality 5
In centrality 6
end function sorter
Data shape = (250000, 5)
Begin sort function!
In centrality 0
In centrality 1
In centrality 2
In centrality 3
In centrality 4
In centrality 5
In centrality 6
end function sorter
Data shape = (250000, 5)
Begin sort function!
In centrality 0
In centrality 1
In centrality 2
In centrality 3
In centrality 4
In centrality 5
In centrality 6
end function sorter
Data shape = (250000, 5)
Begin sort function!
In centrality 0
In centrality 1
In centrality 2
In centrality 3
In centrality 4
In centrality 5
In centrality 6
end function sorter
Final results shape = (4, 7, 12)
mean value:
[[ 1.48135458e-02  1.10946554e-02  1.57556283e-02  2.65544304e-05
  -2.90116235e-06 -2.40879075e-07  8.51935655e-01  5.12123916e-03
   1.58498212e-04 -1.16625863e-04  7.50975780e-05 -7.53574451e-06]
 [ 1.61335674e-02  1.15172675e-02  1.65857186e-02  2.70605092e-05
  -4.37715426e-06 -8.94584517e-07  8.34092781e-01  4.88721848e-03
   1.48308570e-04 -1.30144239e-04  7.79382468e-05 -8.46010702e-06]
 [ 1.68725637e-02  1.20899808e-02  1.71819018e-02  2.44637323e-05
  -2.93832834e-06 -7.34204700e-07  8.23977363e-01  4.85856882e-03
   1.48268829e-04 -1.25441626e-04  8.12279444e-05 -8.54167196e-06]
 [ 1.75856504e-02  1.25658291e-02  1.77767725e-02  2.26696197e-05
  -3.01877416e-06 -7.04951336e-07  8.16192053e-01  4.93061442e-03
   1.56056925e-04 -1.35785106e-04  8.53370987e-05 -9.39385760e-06]
 [ 1.82147597e-02  1.29697626e-02  1.83561717e-02  1.57364878e-05
  -4.37590835e-06 -5.55414469e-07  8.10654966e-01  5.00858672e-03
   1.59290010e-04 -1.41535185e-04  8.99784066e-05 -1.02616403e-05]
 [ 1.87854593e-02  1.35127365e-02  1.89393950e-02  1.35318052e-05
  -6.63297060e-07 -8.09697680e-07  8.06458868e-01  5.17589739e-03
   1.71903363e-04 -1.45406567e-04  9.62758677e-05 -1.04746955e-05]
 [ 1.93863574e-02  1.39847326e-02  1.94877818e-02  1.24517558e-05
  -4.53448349e-06 -8.89234628e-07  8.03547618e-01  5.22263153e-03
   1.74200978e-04 -1.49109016e-04  9.99560215e-05 -1.12329613e-05]]
std error:
[[1.16296568e-04 5.37618495e-05 1.18993175e-04 6.89074648e-06
  9.53700113e-07 2.34336820e-07 7.49481913e-04 4.79171277e-05
  4.13563613e-06 1.41042690e-05 7.13337964e-07 8.81143580e-07]
 [1.13330644e-04 7.33320868e-05 1.66913268e-04 2.53941608e-06
  1.50359473e-06 2.35889328e-07 4.67473278e-04 4.29077640e-05
  1.01183251e-05 7.08428725e-06 1.22279917e-06 5.86954349e-07]
 [8.85915837e-05 4.76128676e-05 1.21730214e-04 3.77402035e-06
  1.35269686e-06 2.12141597e-07 3.90768705e-04 2.34845452e-05
  2.77875925e-06 5.10320384e-06 6.46389027e-07 3.37933737e-07]
 [1.06651499e-04 2.72507684e-05 7.31396605e-05 6.26370386e-06
  1.60739650e-06 9.19170146e-08 1.05670937e-04 4.91770160e-05
  6.97449378e-06 5.46072186e-06 1.12594869e-06 3.70048734e-07]
 [7.67618195e-05 3.07165814e-05 7.60129542e-05 4.56309072e-06
  2.56459995e-06 1.48161018e-07 4.56774964e-04 1.27109737e-05
  4.50593447e-06 9.08626599e-06 6.47456322e-07 6.42913784e-07]
 [1.69921419e-04 1.37450109e-04 1.02086281e-04 3.88538812e-06
  1.14397449e-06 1.85079279e-07 1.88244997e-04 6.56922467e-05
  1.11996971e-05 5.99159684e-06 1.79414118e-06 8.17607017e-07]
 [8.00095358e-05 1.31659685e-04 1.39857403e-04 5.36198615e-06
  2.27498306e-06 2.75208576e-07 4.25388427e-04 4.68969657e-05
  5.03138974e-06 1.52095510e-05 8.47755244e-07 1.03714942e-06]]
Done!, time = 4.464683294296265s
