Begin!
Data shape = (250000, 5)
Begin sort function!
In centrality 0
In centrality 1
In centrality 2
In centrality 3
In centrality 4
In centrality 5
In centrality 6
end function sorter
Data shape = (250000, 5)
Begin sort function!
In centrality 0
In centrality 1
In centrality 2
In centrality 3
In centrality 4
In centrality 5
In centrality 6
end function sorter
Data shape = (250000, 5)
Begin sort function!
In centrality 0
In centrality 1
In centrality 2
In centrality 3
In centrality 4
In centrality 5
In centrality 6
end function sorter
Data shape = (250000, 5)
Begin sort function!
In centrality 0
In centrality 1
In centrality 2
In centrality 3
In centrality 4
In centrality 5
In centrality 6
end function sorter
Final results shape = (4, 7, 12)
mean value:
[[ 1.09352794e-02  1.04133993e-02  1.55630813e-02  2.14538856e-06
  -2.60415324e-06 -9.96097123e-08  8.51806596e-01  6.41419495e-04
   6.66122707e-07 -4.21668249e-05  7.38579352e-06 -1.71851375e-06]
 [ 1.14240748e-02  1.08148529e-02  1.63915001e-02 -2.45362005e-06
  -2.89859502e-06 -6.52090875e-09  8.49810797e-01  6.53012043e-04
   7.70595227e-07 -4.09086421e-05  7.85558964e-06 -1.71425031e-06]
 [ 1.19138986e-02  1.12789620e-02  1.67727488e-02 -1.89614208e-06
  -9.41649962e-07 -4.16263615e-08  8.48988137e-01  6.64946946e-04
   1.19333737e-06 -4.17851405e-05  8.28883543e-06 -1.80525487e-06]
 [ 1.23456680e-02  1.18917291e-02  1.73345349e-02 -3.88876959e-06
  -8.53876572e-07 -5.87927024e-08  8.48070076e-01  6.73088134e-04
   1.16433855e-06 -3.56625267e-05  8.65729699e-06 -1.55849995e-06]
 [ 1.28108393e-02  1.23781643e-02  1.77646229e-02 -4.95830653e-06
  -4.61825245e-07 -5.05352841e-08  8.47485559e-01  6.82352561e-04
   1.46105939e-06 -3.58951809e-05  9.04584753e-06 -1.62740697e-06]
 [ 1.32504456e-02  1.28544644e-02  1.83190009e-02 -3.71287591e-06
  -2.64016443e-06 -4.60097997e-08  8.46803010e-01  6.91866061e-04
   1.64179596e-06 -3.48173692e-05  9.44717376e-06 -1.58625127e-06]
 [ 1.37696776e-02  1.34061821e-02  1.87802707e-02 -5.13382981e-06
  -2.34132217e-06  2.53856780e-08  8.46669665e-01  7.12620519e-04
   1.71684172e-06 -3.55751617e-05  1.01372914e-05 -1.77584831e-06]]
std error:
[[8.85624559e-05 3.12144652e-05 6.89653427e-05 1.09932201e-06
  1.55182269e-06 6.48293238e-09 1.10704321e-04 7.93946016e-06
  2.00206862e-07 2.10321272e-06 1.47901575e-07 1.13793954e-07]
 [6.61759220e-05 7.73200316e-05 6.35669798e-05 1.12812601e-06
  1.29966805e-06 5.92170832e-08 1.40137187e-04 7.22476902e-06
  2.82856997e-07 1.89904131e-06 1.02362948e-07 8.58523508e-08]
 [6.39457681e-05 1.16029976e-04 4.38009094e-05 8.82327844e-07
  1.56688616e-06 4.42666947e-08 1.51834787e-04 5.22313266e-06
  1.00392086e-07 1.17360999e-06 7.32811444e-08 5.74802118e-08]
 [5.36988278e-05 5.20086516e-05 1.40697934e-04 1.16230874e-06
  1.80342696e-06 2.97793163e-08 1.22352453e-04 5.20493752e-06
  1.40899629e-07 2.48458168e-06 5.28355283e-08 1.14761344e-07]
 [9.98742782e-05 4.12340598e-05 1.26829979e-04 1.87999008e-06
  1.41838063e-06 5.84303292e-08 1.23532804e-04 2.37115779e-06
  1.61805794e-07 2.15541369e-06 1.02213284e-07 5.33681728e-08]
 [4.05473637e-05 6.49475281e-05 8.33813806e-05 9.42530740e-07
  2.62966213e-06 4.41437356e-08 1.92850990e-04 6.85272915e-06
  2.39445236e-07 2.79983441e-06 1.47148357e-07 1.85558797e-07]
 [1.15143388e-04 4.12137084e-05 1.43392516e-04 8.12086998e-07
  2.50291293e-06 6.95515708e-08 1.51330621e-04 7.04602090e-06
  1.42932146e-07 9.19778445e-07 1.50820473e-07 1.13670220e-07]]
Done!, time = 3.971205472946167s
