Begin!
Data shape = (250000, 5)
Begin sort function!
In centrality 0
In centrality 1
In centrality 2
In centrality 3
In centrality 4
In centrality 5
In centrality 6
end function sorter
Data shape = (250000, 5)
Begin sort function!
In centrality 0
In centrality 1
In centrality 2
In centrality 3
In centrality 4
In centrality 5
In centrality 6
end function sorter
Data shape = (250000, 5)
Begin sort function!
In centrality 0
In centrality 1
In centrality 2
In centrality 3
In centrality 4
In centrality 5
In centrality 6
end function sorter
Data shape = (250000, 5)
Begin sort function!
In centrality 0
In centrality 1
In centrality 2
In centrality 3
In centrality 4
In centrality 5
In centrality 6
end function sorter
Final results shape = (4, 7, 12)
mean value:
[[ 1.76454484e-02  1.02391533e-02  1.44405544e-02  7.32031546e-05
  -5.85348573e-07 -2.65448011e-06  8.27800064e-01  2.21491437e-03
   2.05939699e-05 -2.52959085e-04  4.41259279e-05 -1.79988829e-05]
 [ 1.99013606e-02  1.09014665e-02  1.56155985e-02  4.50966999e-05
  -1.52420232e-06 -3.29743236e-06  8.18037274e-01  2.22307846e-03
   2.28877799e-05 -2.76178369e-04  4.82988195e-05 -2.00651476e-05]
 [ 2.11799252e-02  1.14503942e-02  1.65400358e-02  1.86639773e-05
  -1.96951270e-07 -2.90580750e-06  8.12240745e-01  2.24297344e-03
   2.52284374e-05 -2.70642538e-04  5.06413893e-05 -2.03765076e-05]
 [ 2.24047676e-02  1.21598613e-02  1.73765303e-02  4.28239566e-06
  -1.89243870e-06 -2.73796726e-06  8.07628952e-01  2.27809316e-03
   2.64923442e-05 -2.73783320e-04  5.38913057e-05 -2.10309283e-05]
 [ 2.31689578e-02  1.27199345e-02  1.82929689e-02 -7.55378727e-07
  -2.52497765e-08 -2.63764040e-06  8.04529359e-01  2.29995861e-03
   2.81974597e-05 -2.70488058e-04  5.55484853e-05 -2.14419728e-05]
 [ 2.39460871e-02  1.33852579e-02  1.88940957e-02 -1.32415977e-05
  -1.14851922e-06 -2.20360564e-06  8.02232641e-01  2.33564312e-03
   2.92349239e-05 -2.70110047e-04  5.82807889e-05 -2.18722843e-05]
 [ 2.45042459e-02  1.39272148e-02  1.94833353e-02 -1.91566192e-05
  -1.94621626e-06 -1.83661095e-06  8.00298750e-01  2.38443085e-03
   3.10128343e-05 -2.59606828e-04  6.02535903e-05 -2.16127974e-05]]
std error:
[[1.00424998e-04 6.58025719e-05 6.66259077e-05 6.79738716e-06
  2.39207709e-06 4.01999092e-07 9.40642945e-05 2.19120600e-05
  1.72899318e-06 1.31645125e-05 4.84388137e-07 1.12321784e-06]
 [5.87575981e-05 7.83921759e-05 1.41755320e-04 4.46310317e-06
  1.52684069e-06 1.19400147e-07 2.54892123e-04 1.78192579e-05
  2.94401326e-06 3.53461132e-06 5.74079201e-07 3.15298048e-07]
 [2.00862128e-04 4.28022056e-05 5.84043943e-05 5.79034967e-06
  1.59855665e-06 3.33585176e-07 3.83523608e-04 1.13327865e-05
  9.39933185e-07 5.47094396e-06 6.84029915e-07 4.81244543e-07]
 [1.61069932e-04 8.56708652e-05 7.33159849e-05 3.95968493e-06
  1.40045952e-06 4.12327386e-07 1.75090360e-04 1.78131961e-05
  1.74795150e-06 7.11479221e-06 4.69935216e-07 5.60266595e-07]
 [8.32568995e-05 1.17463283e-04 9.37832528e-05 5.08891491e-06
  1.07121127e-06 2.32685273e-07 2.18856180e-04 1.78466332e-05
  1.08253476e-06 5.93590511e-06 6.38730763e-07 6.47603400e-07]
 [2.24502414e-04 4.04574418e-05 1.19051540e-04 5.27630023e-06
  2.28650790e-06 1.76975570e-07 2.57439024e-04 2.02882666e-05
  2.05931254e-06 1.31293999e-05 9.80661277e-07 1.28531942e-06]
 [6.75305359e-05 1.04154239e-04 1.45237620e-04 4.97928395e-06
  1.70891747e-06 2.74685976e-07 1.89387806e-04 2.79809798e-05
  2.21048107e-06 2.55747319e-06 5.96752653e-07 3.09857724e-07]]
Done!, time = 4.0316033363342285s
