Begin!
Data shape = (250000, 5)
Begin sort function!
In centrality 0
In centrality 1
In centrality 2
In centrality 3
In centrality 4
In centrality 5
In centrality 6
end function sorter
Data shape = (250000, 5)
Begin sort function!
In centrality 0
In centrality 1
In centrality 2
In centrality 3
In centrality 4
In centrality 5
In centrality 6
end function sorter
Data shape = (250000, 5)
Begin sort function!
In centrality 0
In centrality 1
In centrality 2
In centrality 3
In centrality 4
In centrality 5
In centrality 6
end function sorter
Data shape = (250000, 5)
Begin sort function!
In centrality 0
In centrality 1
In centrality 2
In centrality 3
In centrality 4
In centrality 5
In centrality 6
end function sorter
Final results shape = (4, 7, 12)
mean value:
[[ 1.22639368e-02  9.73137767e-03  1.39708308e-02 -3.54165078e-08
  -6.34372629e-07 -1.47174327e-07  9.64512185e-01  9.81993779e-03
   5.88591275e-04 -7.96683371e-05  1.16424045e-04 -3.54313976e-06]
 [ 1.31221226e-02  1.05361960e-02  1.51168235e-02 -4.04691035e-06
  -1.15047250e-06 -9.80968712e-08  9.41113145e-01  9.19807486e-03
   5.34271860e-04 -7.50399934e-05  1.18624810e-04 -3.73968698e-06]
 [ 1.38344878e-02  1.11237033e-02  1.57896367e-02 -5.66275807e-06
   3.65219615e-07 -8.54041733e-08  9.30095368e-01  9.34572468e-03
   5.60922125e-04 -7.64294635e-05  1.27884092e-04 -3.95379045e-06]
 [ 1.45379075e-02  1.17932494e-02  1.65960809e-02 -6.27181465e-06
  -6.15527726e-07 -1.55335844e-07  9.22660177e-01  9.52355398e-03
   5.76832210e-04 -7.64902247e-05  1.37101192e-04 -3.88668413e-06]
 [ 1.51299459e-02  1.24670391e-02  1.71063340e-02 -1.03699204e-05
   2.98909793e-10 -1.18350019e-07  9.18969114e-01  9.76968580e-03
   6.04844283e-04 -7.21434910e-05  1.45038641e-04 -3.71458198e-06]
 [ 1.58624125e-02  1.29848025e-02  1.75999833e-02 -1.02159942e-05
  -2.29333973e-06 -2.51982433e-08  9.17032418e-01  9.84152014e-03
   5.84360751e-04 -6.51989321e-05  1.52926453e-04 -3.44984437e-06]
 [ 1.64697831e-02  1.36088810e-02  1.81757591e-02 -1.29034212e-05
  -1.09905615e-06 -1.39753457e-07  9.17227594e-01  1.01183831e-02
   6.18654745e-04 -5.77038306e-05  1.63513608e-04 -3.25520569e-06]]
std error:
[[1.06132181e-04 8.09707099e-05 8.08466120e-05 2.27635467e-06
  2.08897731e-06 6.98143815e-08 6.46100199e-04 9.63177939e-05
  1.33342651e-05 6.96917993e-06 2.35043129e-06 4.45463193e-07]
 [1.29815984e-04 6.42018816e-05 1.87610507e-04 2.87044928e-06
  1.04906112e-06 5.81305524e-08 7.85256344e-04 8.81324488e-05
  2.29087227e-05 7.45086336e-06 3.96238777e-06 3.43452421e-07]
 [7.86849576e-05 6.30229038e-05 5.34416437e-05 2.77769930e-06
  1.95937862e-06 6.31467979e-08 3.22012492e-04 6.44458775e-05
  2.68264719e-05 1.10062256e-05 1.04066579e-06 7.81307198e-07]
 [4.29956323e-05 8.93200802e-05 4.08855307e-05 2.45780939e-06
  1.06411462e-06 1.03767537e-07 6.63967461e-04 1.49081260e-04
  4.44372634e-05 1.11857826e-05 9.67834774e-07 7.93492398e-07]
 [6.40249709e-05 5.93906178e-05 4.19082173e-05 1.19834816e-06
  1.84533066e-06 9.52395260e-08 4.87889283e-04 7.68371333e-05
  2.05728142e-05 7.26562394e-06 1.16330595e-06 2.83883305e-07]
 [9.78167118e-05 9.77916025e-05 9.47021686e-05 4.65445991e-06
  2.71992938e-06 1.03109629e-07 6.60318619e-04 9.39882571e-05
  2.06434196e-05 4.26593953e-06 2.13112471e-06 2.18965765e-07]
 [1.05776333e-04 5.52919861e-05 8.73845696e-05 4.40923054e-06
  9.63791520e-07 1.30785780e-07 5.40316729e-04 7.45319142e-05
  2.03051207e-05 9.30468962e-06 2.84761699e-06 4.72588145e-07]]
Done!, time = 5.00142765045166s
