Begin!
Data shape = (250000, 5)
Begin sort function!
In centrality 0
In centrality 1
In centrality 2
In centrality 3
In centrality 4
In centrality 5
In centrality 6
end function sorter
Data shape = (250000, 5)
Begin sort function!
In centrality 0
In centrality 1
In centrality 2
In centrality 3
In centrality 4
In centrality 5
In centrality 6
end function sorter
Data shape = (250000, 5)
Begin sort function!
In centrality 0
In centrality 1
In centrality 2
In centrality 3
In centrality 4
In centrality 5
In centrality 6
end function sorter
Data shape = (250000, 5)
Begin sort function!
In centrality 0
In centrality 1
In centrality 2
In centrality 3
In centrality 4
In centrality 5
In centrality 6
end function sorter
Final results shape = (4, 7, 12)
mean value:
[[ 1.28640759e-02  1.00526916e-02  1.45736013e-02  2.84755994e-05
  -1.68143269e-06 -1.59860717e-07  9.05196504e-01  7.56527430e-03
   3.70489486e-04 -6.81631474e-05  9.51193084e-05 -4.13856309e-06]
 [ 1.39054203e-02  1.07572680e-02  1.53744062e-02  2.66162716e-05
  -5.30173391e-07 -4.62956507e-07  8.84538206e-01  7.16979826e-03
   3.41560491e-04 -7.39809877e-05  9.84934218e-05 -4.57686264e-06]
 [ 1.48681121e-02  1.13164442e-02  1.61777005e-02  2.36887761e-05
  -1.41660318e-06 -4.52445876e-07  8.73310955e-01  7.19951574e-03
   3.47192686e-04 -7.44433933e-05  1.06132811e-04 -4.78192095e-06]
 [ 1.56425447e-02  1.20443000e-02  1.67986631e-02  2.34278815e-05
   2.94250941e-07 -5.51484696e-07  8.65071941e-01  7.32963863e-03
   3.67146966e-04 -8.54236071e-05  1.12794581e-04 -5.57724406e-06]
 [ 1.64541940e-02  1.25299156e-02  1.74139557e-02  2.39334506e-05
  -1.48437300e-06 -7.48029079e-07  8.60403257e-01  7.49427008e-03
   3.74274463e-04 -9.26066608e-05  1.21034189e-04 -6.09317984e-06]
 [ 1.70183189e-02  1.31406991e-02  1.80051717e-02  1.96698071e-05
  -1.42502694e-06 -6.02774751e-07  8.58009080e-01  7.66002358e-03
   3.76452820e-04 -9.47875675e-05  1.28449641e-04 -6.14530834e-06]
 [ 1.77980420e-02  1.36373947e-02  1.84711081e-02  1.69780021e-05
  -1.01603446e-06 -6.57672103e-07  8.56637934e-01  7.88046434e-03
   3.98835658e-04 -9.26027278e-05  1.39037085e-04 -6.56178367e-06]]
std error:
[[4.28936059e-05 5.74409517e-05 1.28478960e-04 2.83414297e-06
  2.38578140e-06 6.68291342e-08 7.29371501e-04 8.98288078e-05
  1.81935006e-05 4.49279759e-06 1.72027402e-06 2.48565470e-07]
 [1.53089569e-04 1.27298265e-04 1.54223118e-04 4.18379951e-06
  2.06743249e-06 1.33681243e-07 5.23224255e-04 1.83898610e-04
  2.07907091e-05 6.62841005e-06 1.53441997e-06 5.49047382e-07]
 [7.10319262e-05 6.16121065e-05 7.27270198e-05 3.21640206e-06
  2.20725948e-06 1.10067079e-07 6.37560273e-04 2.47981481e-05
  1.47202474e-05 6.67277606e-06 9.01646314e-07 3.28364934e-07]
 [2.64733369e-05 7.72285298e-05 6.53210733e-05 5.21600617e-07
  1.53832009e-06 7.39272007e-08 5.20724581e-04 4.62384484e-05
  1.27310767e-05 8.15224981e-06 5.77429398e-07 4.95773181e-07]
 [6.60750647e-05 8.51693059e-05 7.01811574e-05 3.15934824e-06
  1.25433762e-06 1.14189655e-07 4.66337509e-04 2.06044810e-05
  6.76478052e-06 1.12616761e-05 1.65098364e-06 8.82863863e-07]
 [1.18130436e-04 1.44421392e-04 9.39765913e-05 3.28278682e-06
  1.94039781e-06 2.46303330e-08 3.90617022e-04 5.92293199e-05
  1.08175884e-05 1.07891150e-05 9.97319036e-07 5.57617512e-07]
 [5.95814571e-05 5.46117449e-05 1.00413060e-04 1.47373021e-06
  9.09454606e-07 2.46507638e-07 5.23886694e-04 1.20712301e-04
  1.18794066e-05 7.81951473e-06 1.33172040e-06 8.20181315e-07]]
Done!, time = 4.247957706451416s
