Begin!
Data shape = (250000, 5)
Begin sort function!
In centrality 0
In centrality 1
In centrality 2
In centrality 3
In centrality 4
In centrality 5
In centrality 6
end function sorter
Data shape = (250000, 5)
Begin sort function!
In centrality 0
In centrality 1
In centrality 2
In centrality 3
In centrality 4
In centrality 5
In centrality 6
end function sorter
Data shape = (250000, 5)
Begin sort function!
In centrality 0
In centrality 1
In centrality 2
In centrality 3
In centrality 4
In centrality 5
In centrality 6
end function sorter
Data shape = (250000, 5)
Begin sort function!
In centrality 0
In centrality 1
In centrality 2
In centrality 3
In centrality 4
In centrality 5
In centrality 6
end function sorter
Final results shape = (4, 7, 12)
mean value:
[[ 1.19376027e-02  9.94191959e-03  1.42736852e-02  3.10952418e-05
  -2.45872252e-07  1.83712937e-07  8.57702265e-01  8.30604826e-04
   9.45470667e-07 -8.68653163e-05  1.14165690e-05 -4.77031300e-06]
 [ 1.29956850e-02  1.05233868e-02  1.50798709e-02  2.78739565e-05
  -4.21636608e-07 -1.37802648e-07  8.54794330e-01  8.37912790e-04
   1.45094612e-06 -8.96828714e-05  1.22154911e-05 -5.03454907e-06]
 [ 1.38315210e-02  1.10734574e-02  1.56719640e-02  2.93466496e-05
  -9.10211671e-07 -9.27959198e-08  8.53079459e-01  8.51132576e-04
   1.92541459e-06 -9.89157637e-05  1.32230436e-05 -5.82411214e-06]
 [ 1.46330974e-02  1.16665651e-02  1.64416379e-02  2.49524291e-05
   9.42056661e-07 -3.50281913e-07  8.51733579e-01  8.75676662e-04
   2.65125948e-06 -9.86242929e-05  1.40825065e-05 -5.93807060e-06]
 [ 1.53266120e-02  1.23226283e-02  1.69741934e-02  2.33344696e-05
   5.99201580e-07 -1.54968987e-08  8.50900996e-01  9.00344510e-04
   3.03612077e-06 -9.85114836e-05  1.50832629e-05 -6.33246302e-06]
 [ 1.60622376e-02  1.29020247e-02  1.75249268e-02  1.87178907e-05
  -7.56808311e-07 -2.43508996e-07  8.50223050e-01  9.15387119e-04
   3.22003704e-06 -9.77046361e-05  1.59067851e-05 -6.45742395e-06]
 [ 1.68063405e-02  1.35191284e-02  1.80684166e-02  1.61466175e-05
  -3.55700149e-06 -4.34287358e-07  8.49894579e-01  9.35783984e-04
   3.53050258e-06 -9.43579427e-05  1.71434792e-05 -6.40037633e-06]]
std error:
[[4.18711214e-05 7.29769184e-05 1.35834811e-04 5.13273321e-06
  9.00910230e-07 1.91091283e-07 5.77231266e-05 1.21633662e-05
  2.75757431e-07 3.53764195e-06 3.62419804e-07 3.13591263e-07]
 [9.01376044e-05 3.00087905e-05 1.42563646e-04 1.37424448e-06
  6.88517494e-07 2.88692810e-07 1.43012600e-04 1.52322001e-05
  3.50452418e-07 4.34973050e-06 2.26592764e-07 2.70686760e-07]
 [7.31493073e-05 3.92326073e-05 1.22318390e-04 2.36706899e-06
  9.68775245e-07 1.80877397e-07 1.82335586e-04 2.48514688e-06
  4.17536798e-07 2.58312415e-06 1.34506584e-07 2.19176295e-07]
 [5.29294713e-05 1.04875957e-04 5.36729728e-05 2.50814604e-06
  7.33906044e-07 1.06873655e-07 1.40116442e-04 4.82037472e-06
  1.80837923e-07 3.62804468e-07 1.26736885e-07 8.50317567e-08]
 [1.49577452e-04 3.97536741e-05 7.72287309e-05 3.27629228e-06
  2.28340889e-06 2.19873265e-07 9.67072641e-05 8.88230204e-06
  3.32158899e-07 3.11151512e-06 3.40927159e-07 3.39711098e-07]
 [1.42130812e-04 5.38169675e-05 1.29718137e-04 2.05210222e-06
  1.00046504e-06 1.94615343e-07 1.81240601e-04 1.09689368e-05
  6.16540723e-07 5.31652738e-06 2.27927476e-07 3.64805547e-07]
 [6.15838844e-05 1.25899303e-04 1.21615725e-04 3.10317260e-06
  1.92370041e-06 7.27118869e-08 2.02759807e-04 4.14389776e-06
  4.11192546e-07 4.00500827e-06 1.24113562e-07 2.72529602e-07]]
Done!, time = 4.348328590393066s
