Begin!
Data shape = (250000, 5)
Begin sort function!
In centrality 0
In centrality 1
In centrality 2
In centrality 3
In centrality 4
In centrality 5
In centrality 6
end function sorter
Data shape = (250000, 5)
Begin sort function!
In centrality 0
In centrality 1
In centrality 2
In centrality 3
In centrality 4
In centrality 5
In centrality 6
end function sorter
Data shape = (250000, 5)
Begin sort function!
In centrality 0
In centrality 1
In centrality 2
In centrality 3
In centrality 4
In centrality 5
In centrality 6
end function sorter
Data shape = (250000, 5)
Begin sort function!
In centrality 0
In centrality 1
In centrality 2
In centrality 3
In centrality 4
In centrality 5
In centrality 6
end function sorter
Final results shape = (4, 7, 12)
mean value:
[[ 1.31947650e-02  9.73354129e-03  1.50241821e-02  1.96381995e-05
   6.45623547e-07 -6.75655640e-07  8.57894534e-01  8.29243256e-04
  -2.08993921e-06 -1.28385387e-04  1.30514256e-05 -6.36384376e-06]
 [ 1.44111981e-02  1.03511858e-02  1.58910705e-02  9.97078295e-06
   1.64913087e-06 -7.10201497e-07  8.54320933e-01  8.51578370e-04
  -8.77183595e-07 -1.32048211e-04  1.39915027e-05 -6.80866091e-06]
 [ 1.52844700e-02  1.10575545e-02  1.69910624e-02  3.36443943e-06
   1.35976236e-06 -5.53775290e-07  8.52587639e-01  8.67886286e-04
   4.83187119e-07 -1.25120567e-04  1.45906532e-05 -6.74990774e-06]
 [ 1.59888321e-02  1.18421130e-02  1.77997529e-02 -2.09762005e-06
   1.19042701e-06 -5.32132301e-07  8.51088381e-01  8.91365264e-04
   1.04786174e-06 -1.20217591e-04  1.55910763e-05 -6.72122129e-06]
 [ 1.68684659e-02  1.27314639e-02  1.83633445e-02 -3.38143142e-06
   1.74591104e-06 -4.57027554e-07  8.50433881e-01  9.14418025e-04
   1.34490010e-06 -1.17919015e-04  1.65480005e-05 -6.99359918e-06]
 [ 1.75014544e-02  1.34062745e-02  1.88277446e-02 -6.30549040e-06
  -8.14293899e-08 -2.76558159e-07  8.49985671e-01  9.40024627e-04
   1.99218330e-06 -1.13901068e-04  1.75084879e-05 -7.04244214e-06]
 [ 1.83968276e-02  1.43224073e-02  1.92887666e-02 -1.08210466e-05
  -3.09464959e-06 -2.85567463e-07  8.49640478e-01  9.57033550e-04
   2.03560137e-06 -1.06338380e-04  1.86527556e-05 -6.95561777e-06]]
std error:
[[1.15544830e-04 1.07655357e-04 1.28410463e-04 3.07558104e-06
  2.35617132e-06 6.01760783e-08 2.18865448e-04 9.31263852e-06
  3.03980826e-07 2.32629676e-06 1.18943082e-07 1.59464289e-07]
 [7.11042880e-05 6.78865963e-05 7.04537743e-05 3.05875935e-06
  1.63460968e-06 1.24010153e-07 1.03751127e-04 1.50069264e-05
  2.60878134e-07 5.42975935e-06 3.55388538e-07 3.53633636e-07]
 [9.36671192e-05 4.53545880e-05 8.82421140e-05 1.45956906e-06
  7.63452510e-07 4.67395636e-08 8.86514798e-05 6.41614091e-06
  3.21290808e-07 2.61404457e-06 1.39763929e-07 2.78784874e-07]
 [6.46608245e-05 8.71364378e-05 5.58953719e-05 2.92492748e-06
  9.86728008e-07 7.62141702e-08 8.23451920e-05 2.89350294e-06
  1.22289693e-07 4.75566566e-06 2.26167233e-07 3.25670240e-07]
 [8.17335823e-05 4.53986352e-05 6.79219720e-05 2.93265608e-06
  2.16540702e-06 1.83411193e-07 6.90033529e-05 7.26558764e-06
  2.37701422e-07 1.69559446e-06 2.56282975e-07 1.65307233e-07]
 [1.07394920e-04 4.64944623e-05 9.61750618e-05 3.50617374e-06
  1.60016734e-06 1.02276388e-07 4.18649412e-05 4.07861240e-06
  1.63555511e-07 2.70430253e-06 1.88076288e-07 1.61729954e-07]
 [5.76677529e-05 6.79197146e-05 4.93341452e-05 4.70506662e-06
  3.56876404e-06 1.02640777e-07 1.23892500e-04 7.00430476e-06
  3.10078446e-07 4.12644085e-06 1.89987028e-07 3.60257447e-07]]
Done!, time = 4.367024183273315s
