Begin!
Data shape = (250000, 5)
Begin sort function!
In centrality 0
In centrality 1
In centrality 2
In centrality 3
In centrality 4
In centrality 5
In centrality 6
end function sorter
Data shape = (250000, 5)
Begin sort function!
In centrality 0
In centrality 1
In centrality 2
In centrality 3
In centrality 4
In centrality 5
In centrality 6
end function sorter
Data shape = (250000, 5)
Begin sort function!
In centrality 0
In centrality 1
In centrality 2
In centrality 3
In centrality 4
In centrality 5
In centrality 6
end function sorter
Data shape = (250000, 5)
Begin sort function!
In centrality 0
In centrality 1
In centrality 2
In centrality 3
In centrality 4
In centrality 5
In centrality 6
end function sorter
Final results shape = (4, 7, 12)
mean value:
[[ 1.21062257e-02  9.84225546e-03  1.56496944e-02  1.59256721e-05
   3.91276219e-07 -1.61324279e-07  8.99962892e-01  7.58423720e-03
   3.83827507e-04 -6.43844598e-05  8.97761282e-05 -3.39252574e-06]
 [ 1.31186550e-02  1.06348433e-02  1.67311246e-02  1.77047868e-05
   1.07689798e-06 -4.39998386e-07  8.78409736e-01  7.13790731e-03
   3.47176239e-04 -7.05718036e-05  9.17586052e-05 -3.90660440e-06]
 [ 1.39224860e-02  1.13988051e-02  1.75203460e-02  1.45925808e-05
   1.22797734e-06 -4.02039741e-07  8.68688640e-01  7.22633332e-03
   3.55099917e-04 -6.30324948e-05  9.92605397e-05 -3.64399052e-06]
 [ 1.48118391e-02  1.20468485e-02  1.81379446e-02  1.66283322e-05
  -1.47837962e-07 -2.93656088e-07  8.61106982e-01  7.32121894e-03
   3.65472977e-04 -7.59182169e-05  1.06886978e-04 -4.69899560e-06]
 [ 1.54322795e-02  1.28225488e-02  1.87270382e-02  1.24147442e-05
   2.05961282e-06 -2.71158159e-07  8.57516755e-01  7.49691695e-03
   3.66529061e-04 -7.30925917e-05  1.15216697e-04 -4.56862853e-06]
 [ 1.61306063e-02  1.33933437e-02  1.91298416e-02  1.22509761e-05
   7.21418607e-07 -2.61599882e-07  8.56026296e-01  7.73220770e-03
   3.88532197e-04 -7.62508123e-05  1.22580243e-04 -4.72156038e-06]
 [ 1.69266766e-02  1.40611820e-02  1.94973217e-02  8.75727811e-06
  -2.46182225e-06 -3.04300886e-07  8.54952721e-01  7.93164828e-03
   3.98292190e-04 -7.71067018e-05  1.33363581e-04 -5.24474069e-06]]
std error:
[[5.46495584e-05 2.89586584e-05 1.72809278e-04 3.74978809e-06
  1.27750029e-06 3.86811725e-08 3.79532223e-04 2.83214156e-05
  1.13592295e-05 7.17754126e-06 1.18291522e-06 5.58823685e-07]
 [1.54541831e-04 9.43611587e-05 4.70912781e-05 3.88365479e-06
  1.32995165e-06 1.36702937e-07 7.36393230e-04 1.03755158e-04
  1.36915686e-05 7.55179682e-06 2.05474261e-06 7.78983694e-07]
 [1.01175143e-04 7.34316719e-05 6.72203031e-05 2.06832863e-06
  5.88791154e-07 1.07482768e-07 3.06069226e-04 7.91131370e-05
  9.53812430e-06 8.95808346e-06 2.21510015e-06 4.42025545e-07]
 [1.04041070e-04 7.57481202e-05 1.47536844e-04 2.20620393e-06
  1.95983180e-06 8.80595479e-08 9.16736323e-05 8.55494375e-05
  1.45067180e-05 1.35272842e-06 1.39928537e-06 2.28540636e-07]
 [5.12396291e-05 2.07788044e-05 1.43295721e-04 2.10155150e-06
  2.19983886e-06 2.43748869e-07 6.93510747e-04 7.51472609e-05
  1.03535111e-05 2.64150683e-06 7.78701625e-07 3.62681619e-07]
 [5.39959114e-05 2.97003504e-05 1.62288508e-04 5.45618971e-07
  2.04028579e-06 1.81727030e-07 5.26690650e-04 6.03365055e-05
  1.24554000e-05 4.69960036e-06 7.89659682e-07 4.16776825e-07]
 [1.08930001e-04 4.49789140e-05 6.79006285e-05 1.42257816e-06
  8.58550745e-07 9.34055449e-08 4.21426602e-04 5.34550283e-05
  4.79382431e-06 1.99186248e-06 2.00282677e-06 9.89731276e-08]]
Done!, time = 4.137699365615845s
