Begin!
Data shape = (250000, 5)
Begin sort function!
In centrality 0
In centrality 1
In centrality 2
In centrality 3
In centrality 4
In centrality 5
In centrality 6
end function sorter
Data shape = (250000, 5)
Begin sort function!
In centrality 0
In centrality 1
In centrality 2
In centrality 3
In centrality 4
In centrality 5
In centrality 6
end function sorter
Data shape = (250000, 5)
Begin sort function!
In centrality 0
In centrality 1
In centrality 2
In centrality 3
In centrality 4
In centrality 5
In centrality 6
end function sorter
Data shape = (250000, 5)
Begin sort function!
In centrality 0
In centrality 1
In centrality 2
In centrality 3
In centrality 4
In centrality 5
In centrality 6
end function sorter
Final results shape = (4, 7, 12)
mean value:
[[ 1.35278817e-02  9.39187527e-03  1.46032948e-02  4.18272896e-05
   1.25901911e-06 -6.02409798e-07  9.18230266e-01  1.04623299e-03
  -3.80639535e-08 -1.54263645e-04  1.70875714e-05 -8.91272039e-06]
 [ 1.47182446e-02  1.00297834e-02  1.55379744e-02  3.78698948e-05
   1.15921201e-06 -3.90431696e-07  9.14779044e-01  1.06017047e-03
   2.10828942e-06 -1.55394678e-04  1.77841050e-05 -9.11766310e-06]
 [ 1.58331242e-02  1.07396832e-02  1.63739802e-02  2.99794387e-05
   1.29211326e-06 -6.99167655e-07  9.12831272e-01  1.08749027e-03
   2.82205221e-06 -1.55270535e-04  1.92139666e-05 -9.60334397e-06]
 [ 1.67528911e-02  1.16570776e-02  1.71587853e-02  2.52544608e-05
   1.19758147e-06 -6.23872198e-07  9.11669383e-01  1.13177773e-03
   3.76494511e-06 -1.55404680e-04  2.08000424e-05 -9.92265663e-06]
 [ 1.76284775e-02  1.25232567e-02  1.78181630e-02  2.00556024e-05
   1.57452356e-06 -7.24689381e-07  9.11174509e-01  1.14990776e-03
   4.41571042e-06 -1.54142206e-04  2.21778281e-05 -1.04569899e-05]
 [ 1.85468711e-02  1.34097984e-02  1.84395362e-02  1.99118994e-05
   1.44940939e-06 -4.27187885e-07  9.10814462e-01  1.18068804e-03
   4.49416693e-06 -1.50169977e-04  2.38996976e-05 -1.08214108e-05]
 [ 1.94461894e-02  1.42548043e-02  1.88317483e-02  1.14705363e-05
  -4.09554353e-06 -7.75386729e-07  9.10833019e-01  1.20613081e-03
   4.46332198e-06 -1.40750288e-04  2.54064767e-05 -1.06004092e-05]]
std error:
[[8.77409503e-05 8.62914139e-05 9.92537618e-05 7.80704278e-06
  1.41662562e-06 1.95398081e-07 2.14536798e-04 3.36443320e-06
  6.68168855e-07 3.30852971e-06 1.37565511e-07 4.35985263e-07]
 [1.22959428e-04 3.79998860e-05 1.97000120e-04 5.74561633e-06
  7.19747481e-07 2.15203889e-07 2.21902891e-04 1.35962022e-05
  5.11333416e-07 3.11851566e-06 4.55819727e-07 3.69782411e-07]
 [1.14416670e-04 6.45905743e-05 9.78726538e-05 3.27879550e-06
  4.43879822e-07 1.54228686e-07 1.32379958e-04 7.76265740e-07
  3.67542268e-07 7.59312107e-07 1.74798107e-07 2.03897854e-07]
 [7.93576355e-05 5.48297307e-05 8.64967917e-05 3.00591382e-06
  1.20054960e-06 1.34830512e-07 2.38853961e-04 4.74631505e-06
  1.17840156e-07 9.07083063e-07 5.91981715e-08 7.92706659e-08]
 [1.42141900e-04 9.15076409e-05 8.22431578e-05 4.65982299e-06
  1.31886547e-06 8.92948734e-08 1.64767606e-04 1.09669911e-05
  4.45594370e-07 3.25432522e-06 3.23626797e-07 3.17677497e-07]
 [6.28644480e-05 1.25239764e-04 5.09324011e-05 3.83648838e-06
  9.99854224e-07 4.30312130e-07 3.03327844e-05 5.54308418e-06
  8.21810946e-07 4.86034219e-06 2.27879104e-07 3.81689520e-07]
 [8.91069401e-05 8.70973198e-05 3.83425686e-05 1.78832990e-06
  3.40432339e-06 1.92949881e-07 1.42819669e-04 6.00547909e-06
  3.40614405e-07 3.92107768e-06 4.43944473e-07 3.32765323e-07]]
Done!, time = 3.946498155593872s
