Begin!
Data shape = (250000, 5)
Begin sort function!
In centrality 0
In centrality 1
In centrality 2
In centrality 3
In centrality 4
In centrality 5
In centrality 6
end function sorter
Data shape = (250000, 5)
Begin sort function!
In centrality 0
In centrality 1
In centrality 2
In centrality 3
In centrality 4
In centrality 5
In centrality 6
end function sorter
Data shape = (250000, 5)
Begin sort function!
In centrality 0
In centrality 1
In centrality 2
In centrality 3
In centrality 4
In centrality 5
In centrality 6
end function sorter
Data shape = (250000, 5)
Begin sort function!
In centrality 0
In centrality 1
In centrality 2
In centrality 3
In centrality 4
In centrality 5
In centrality 6
end function sorter
Final results shape = (4, 7, 12)
mean value:
[[ 1.75603666e-02  9.57507640e-03  1.37012850e-02  1.16088565e-04
   2.89430569e-07 -1.92104595e-06  9.28365413e-01  1.43168206e-03
  -2.95987232e-06 -3.43666737e-04  3.41231436e-05 -2.60140303e-05]
 [ 1.96813348e-02  1.02518121e-02  1.48750971e-02  9.15753519e-05
  -1.56298904e-06 -2.91937912e-06  9.22734722e-01  1.45057184e-03
   1.95429171e-06 -3.54658853e-04  3.56948100e-05 -2.79263820e-05]
 [ 2.11986564e-02  1.08810900e-02  1.57648052e-02  7.17982806e-05
   1.23835661e-08 -3.15640454e-06  9.19182759e-01  1.46488886e-03
   3.77310068e-06 -3.53493907e-04  3.73681585e-05 -2.88462061e-05]
 [ 2.24500973e-02  1.16366970e-02  1.66178361e-02  6.21439361e-05
   1.35793201e-06 -2.97285003e-06  9.16637389e-01  1.48620933e-03
   6.09354813e-06 -3.53428611e-04  3.89922655e-05 -3.00202808e-05]
 [ 2.35167146e-02  1.23532207e-02  1.73819435e-02  4.55545921e-05
  -9.01291678e-07 -2.62416378e-06  9.15338071e-01  1.51135086e-03
   7.89388111e-06 -3.40830650e-04  4.05055910e-05 -3.01573406e-05]
 [ 2.43016302e-02  1.30279993e-02  1.82660338e-02  3.45839071e-05
  -7.88602184e-08 -2.16427261e-06  9.14282175e-01  1.54720454e-03
   9.02787309e-06 -3.35101177e-04  4.21292924e-05 -3.04004388e-05]
 [ 2.51275145e-02  1.37402353e-02  1.88259334e-02  3.09689537e-05
  -3.54896614e-06 -2.32207763e-06  9.13655377e-01  1.59261595e-03
   9.67044078e-06 -3.33275422e-04  4.42588328e-05 -3.09977725e-05]]
std error:
[[1.09714574e-04 1.10286565e-04 7.36575109e-05 3.74211554e-06
  1.44061809e-06 3.02415122e-07 5.84314003e-05 2.65792566e-05
  1.06481385e-06 5.16819393e-06 8.99846084e-07 5.37041480e-07]
 [1.80717924e-04 8.47069171e-05 1.19583633e-04 6.59778119e-06
  1.07861881e-06 3.54240406e-07 8.91419729e-05 7.41919015e-06
  7.50720420e-07 8.24825653e-06 7.21229742e-07 1.01720245e-06]
 [1.14158968e-04 4.25813689e-05 8.27980897e-05 3.67989322e-06
  1.05089024e-06 2.12288808e-07 3.80060889e-04 9.42983911e-06
  4.45737881e-07 5.87826681e-06 4.24433928e-07 6.36443893e-07]
 [9.83744687e-05 3.20566011e-05 5.27972989e-05 9.15160945e-06
  2.16849276e-06 1.79784751e-07 1.68001988e-04 1.12211123e-05
  9.43636973e-07 5.41041766e-06 2.79426036e-07 8.28824817e-07]
 [1.35474420e-04 5.82883956e-05 1.05459329e-04 5.32514614e-06
  9.93009842e-07 2.54399938e-07 3.96041050e-04 1.42098205e-05
  9.01026650e-07 5.22205148e-06 4.76852950e-07 8.92805901e-07]
 [1.47529955e-04 1.15002206e-04 7.04527761e-05 9.39547374e-06
  6.62382783e-07 5.04217140e-07 3.97225298e-04 8.19947743e-06
  2.80378867e-07 5.73235652e-06 6.79692803e-07 8.20860400e-07]
 [1.38650503e-04 4.50611875e-05 1.71579002e-04 6.68587592e-06
  5.53658259e-07 5.06701621e-07 2.29235567e-04 1.31084303e-05
  5.36499737e-07 6.16493180e-06 1.98505926e-07 6.20342481e-07]]
Done!, time = 1.8422267436981201s
