Begin!
Data shape = (250000, 5)
Begin sort function!
In centrality 0
In centrality 1
In centrality 2
In centrality 3
In centrality 4
In centrality 5
In centrality 6
end function sorter
Data shape = (250000, 5)
Begin sort function!
In centrality 0
In centrality 1
In centrality 2
In centrality 3
In centrality 4
In centrality 5
In centrality 6
end function sorter
Data shape = (250000, 5)
Begin sort function!
In centrality 0
In centrality 1
In centrality 2
In centrality 3
In centrality 4
In centrality 5
In centrality 6
end function sorter
Data shape = (250000, 5)
Begin sort function!
In centrality 0
In centrality 1
In centrality 2
In centrality 3
In centrality 4
In centrality 5
In centrality 6
end function sorter
Final results shape = (4, 7, 12)
mean value:
[[ 1.37004100e-02  9.74070734e-03  1.52771532e-02  1.19023134e-05
   1.53047591e-06 -5.77004148e-07  8.70897068e-01  2.47895204e-03
   2.93207465e-05 -1.20975831e-04  3.52485083e-05 -6.19423230e-06]
 [ 1.49316791e-02  1.04066465e-02  1.63810361e-02  2.45120164e-06
   2.33569693e-07 -5.83189566e-07  8.62872921e-01  2.48742788e-03
   3.19109748e-05 -1.27306482e-04  3.84778790e-05 -6.79292375e-06]
 [ 1.57091774e-02  1.11343264e-02  1.71296161e-02 -4.37998776e-06
   5.84122715e-07 -4.76528500e-07  8.58202787e-01  2.48803904e-03
   3.25208303e-05 -1.17906211e-04  4.02817185e-05 -6.50788002e-06]
 [ 1.64839952e-02  1.19186735e-02  1.78650143e-02 -8.87962456e-06
   1.16947290e-06 -3.72888109e-07  8.54824240e-01  2.54207118e-03
   3.37562006e-05 -1.22196281e-04  4.28538652e-05 -6.98274022e-06]
 [ 1.71610385e-02  1.26629656e-02  1.84433637e-02 -9.38175733e-06
  -2.35478606e-07 -4.05097155e-07  8.52833297e-01  2.58395887e-03
   3.73964738e-05 -1.19569162e-04  4.51198826e-05 -6.99432001e-06]
 [ 1.78803695e-02  1.34313935e-02  1.89322391e-02 -1.10111673e-05
  -2.17752372e-07 -2.88040039e-07  8.51682548e-01  2.64893440e-03
   3.84051851e-05 -1.10817243e-04  4.81266936e-05 -6.85141750e-06]
 [ 1.84878107e-02  1.41257119e-02  1.93412870e-02 -1.42932271e-05
  -2.42736021e-06 -2.92038422e-07  8.51430661e-01  2.69660014e-03
   4.06792300e-05 -1.06047450e-04  5.03886897e-05 -6.71049686e-06]]
std error:
[[1.21984819e-04 5.20639303e-05 1.39890480e-04 1.06609393e-06
  1.07380867e-06 4.79745947e-08 1.88065108e-04 2.57137818e-05
  2.95595828e-06 1.06985774e-05 9.52067528e-07 6.62007624e-07]
 [1.43009811e-04 1.01962912e-04 9.28269789e-05 1.46153551e-06
  2.00747862e-06 1.36120392e-07 1.43278359e-04 2.79238396e-05
  2.24706595e-06 6.54024331e-06 6.62219745e-07 4.25768680e-07]
 [1.38022032e-04 1.93592402e-05 1.14108636e-04 2.44337683e-06
  6.66715606e-07 6.34587076e-08 1.14776796e-04 1.68529243e-05
  1.04884381e-06 2.42579532e-06 3.62352386e-07 2.20698092e-07]
 [5.62992666e-05 9.11363046e-05 8.65166200e-05 3.29953340e-06
  9.97092788e-07 5.40258836e-08 1.10881051e-04 2.11113308e-05
  2.45551165e-06 4.79244787e-06 5.23486512e-07 4.32971537e-07]
 [1.08259302e-04 2.71943098e-05 6.33453738e-05 3.42843705e-07
  1.82886764e-06 1.64794209e-07 3.74436988e-04 2.19613829e-05
  1.66636213e-06 3.62714109e-06 3.57420185e-07 1.93306378e-07]
 [5.83134741e-05 3.31543435e-05 8.28233900e-05 3.46454135e-06
  1.55585524e-06 4.33041834e-08 1.95263332e-04 2.09710524e-05
  1.24102037e-06 1.92269594e-06 5.19063409e-07 1.30360279e-07]
 [6.99018117e-05 1.32306551e-04 7.38692239e-05 1.31441068e-06
  3.25727677e-06 1.06610075e-07 2.13835387e-04 3.18716020e-05
  3.88724302e-06 2.96142339e-06 6.35257809e-07 1.34165213e-07]]
Done!, time = 4.123189210891724s
