Begin!
Data shape = (250000, 5)
Begin sort function!
In centrality 0
In centrality 1
In centrality 2
In centrality 3
In centrality 4
In centrality 5
In centrality 6
end function sorter
Data shape = (250000, 5)
Begin sort function!
In centrality 0
In centrality 1
In centrality 2
In centrality 3
In centrality 4
In centrality 5
In centrality 6
end function sorter
Data shape = (250000, 5)
Begin sort function!
In centrality 0
In centrality 1
In centrality 2
In centrality 3
In centrality 4
In centrality 5
In centrality 6
end function sorter
Data shape = (250000, 5)
Begin sort function!
In centrality 0
In centrality 1
In centrality 2
In centrality 3
In centrality 4
In centrality 5
In centrality 6
end function sorter
Final results shape = (4, 7, 12)
mean value:
[[ 1.81880346e-02  9.62223804e-03  1.38505209e-02  9.89785084e-05
  -7.19697539e-07 -2.25927024e-06  9.42390407e-01  3.37335974e-03
   3.87918255e-05 -3.15021298e-04  6.79902423e-05 -2.43107509e-05]
 [ 2.02702103e-02  1.04014783e-02  1.48640489e-02  8.75890497e-05
  -1.31181654e-06 -3.20221325e-06  9.32258730e-01  3.39727094e-03
   4.99311581e-05 -3.51083989e-04  7.50006587e-05 -2.86103712e-05]
 [ 2.17085714e-02  1.09419921e-02  1.56605156e-02  6.23463918e-05
  -1.40749310e-07 -3.50424452e-06  9.26264377e-01  3.38570822e-03
   4.88622307e-05 -3.49748193e-04  7.89124332e-05 -2.92694800e-05]
 [ 2.29768477e-02  1.16455196e-02  1.67375745e-02  5.52539336e-05
  -2.28682002e-07 -3.98718955e-06  9.21942073e-01  3.45253840e-03
   5.65936655e-05 -3.61884953e-04  8.30729382e-05 -3.08834692e-05]
 [ 2.39085279e-02  1.24376796e-02  1.74931396e-02  3.65128158e-05
  -1.42415370e-06 -3.06392719e-06  9.19206110e-01  3.51680865e-03
   5.65921171e-05 -3.58926109e-04  8.79688903e-05 -3.17610426e-05]
 [ 2.46588979e-02  1.30996891e-02  1.81210463e-02  3.60934071e-05
  -8.88781051e-07 -2.93642839e-06  9.17916973e-01  3.59376424e-03
   6.10585834e-05 -3.51595504e-04  9.24537880e-05 -3.20690931e-05]
 [ 2.54491390e-02  1.37939826e-02  1.86364984e-02  2.91385740e-05
  -1.88913743e-06 -3.09759802e-06  9.17251589e-01  3.66604126e-03
   6.04938983e-05 -3.50141614e-04  9.72992845e-05 -3.31846352e-05]]
std error:
[[1.72256070e-04 6.22908374e-05 1.22677984e-04 8.83285717e-06
  1.39601069e-06 2.51361192e-07 3.93104343e-04 3.85553966e-05
  2.75382513e-06 9.86744994e-06 1.03974100e-06 9.62134700e-07]
 [1.35333848e-04 5.07711858e-05 1.62673061e-04 1.25443135e-06
  1.84411740e-06 2.29397485e-07 4.18476681e-04 6.40191321e-05
  3.88464540e-06 7.11152294e-06 1.82359472e-06 8.49599680e-07]
 [9.50514970e-05 3.67529658e-05 6.22374866e-05 5.44436466e-06
  2.20366623e-06 4.03874783e-07 4.52006396e-04 8.49920740e-06
  1.04912852e-06 8.63327622e-06 6.10319357e-07 9.49551633e-07]
 [1.53568265e-04 5.36743930e-05 7.30558284e-05 7.61578510e-06
  5.75240642e-07 3.98360461e-07 3.52476635e-04 2.34152162e-05
  1.12972531e-06 8.90590540e-06 1.09390515e-06 1.43439763e-06]
 [8.42372100e-05 3.15738061e-05 1.30622025e-04 5.69132025e-06
  1.44314860e-06 4.74668728e-07 3.39217357e-04 3.20242409e-05
  1.31272571e-06 1.17725372e-05 2.77228501e-06 1.27938680e-06]
 [1.49838398e-04 3.88329132e-05 1.42267965e-04 3.15052618e-06
  9.53995010e-07 4.46059829e-07 1.91492902e-04 1.15550490e-05
  2.96429565e-06 5.73724475e-06 1.00281427e-06 4.52959012e-07]
 [1.04577424e-04 9.67375462e-05 1.54674154e-04 4.93438296e-06
  1.23571873e-06 2.72098712e-07 3.90049761e-04 7.40149505e-06
  4.39379504e-06 7.69758930e-06 4.82030819e-07 6.87964188e-07]]
Done!, time = 4.099788665771484s
