Begin!
Data shape = (250000, 5)
Begin sort function!
In centrality 0
In centrality 1
In centrality 2
In centrality 3
In centrality 4
In centrality 5
In centrality 6
end function sorter
Data shape = (250000, 5)
Begin sort function!
In centrality 0
In centrality 1
In centrality 2
In centrality 3
In centrality 4
In centrality 5
In centrality 6
end function sorter
Data shape = (250000, 5)
Begin sort function!
In centrality 0
In centrality 1
In centrality 2
In centrality 3
In centrality 4
In centrality 5
In centrality 6
end function sorter
Data shape = (250000, 5)
Begin sort function!
In centrality 0
In centrality 1
In centrality 2
In centrality 3
In centrality 4
In centrality 5
In centrality 6
end function sorter
Final results shape = (4, 7, 12)
mean value:
[[ 1.57341733e-02  1.06678969e-02  1.56273115e-02  5.73734446e-05
   2.66305626e-07 -6.73886676e-07  8.12720916e-01  1.02876096e-03
  -3.58499899e-07 -1.83314730e-04  1.92648067e-05 -1.19435174e-05]
 [ 1.72439874e-02  1.11479018e-02  1.65672462e-02  4.28546976e-05
  -2.17277256e-06 -1.31244951e-06  8.07819924e-01  1.03333190e-03
   8.40857798e-07 -1.88661334e-04  2.03854049e-05 -1.27733306e-05]
 [ 1.84121633e-02  1.16439668e-02  1.73475294e-02  3.75179652e-05
  -1.54110398e-06 -1.32498657e-06  8.04498118e-01  1.04651062e-03
   2.27192000e-06 -1.94457764e-04  2.13459378e-05 -1.35294908e-05]
 [ 1.93021313e-02  1.21616527e-02  1.79417024e-02  2.36107866e-05
  -7.84031280e-07 -1.56378215e-06  8.02009478e-01  1.06913459e-03
   4.03975126e-06 -1.92371201e-04  2.25018238e-05 -1.36938885e-05]
 [ 2.02970075e-02  1.27785259e-02  1.85819246e-02  1.95372037e-05
  -8.44500013e-07 -1.38005008e-06  8.00218724e-01  1.08318799e-03
   4.19444561e-06 -1.90926014e-04  2.37275432e-05 -1.42232010e-05]
 [ 2.08090655e-02  1.32535981e-02  1.92800822e-02  1.68416900e-05
  -2.08830731e-07 -1.26936058e-06  7.98605044e-01  1.08970392e-03
   4.46777238e-06 -1.87762992e-04  2.40469968e-05 -1.43940001e-05]
 [ 2.16006826e-02  1.38033627e-02  1.96677692e-02  1.08324041e-05
  -2.57480659e-06 -1.14066571e-06  7.97460933e-01  1.11354774e-03
   4.14497647e-06 -1.85909378e-04  2.54940357e-05 -1.45692247e-05]]
std error:
[[1.46801020e-04 5.44318343e-05 9.87255920e-05 3.74451681e-06
  2.14523716e-06 7.84835252e-08 1.54057861e-04 1.08263718e-05
  5.90130824e-07 6.75050863e-06 7.89276930e-07 6.25370916e-07]
 [7.24583425e-05 7.44703966e-05 1.58074392e-04 7.21358959e-06
  3.25208129e-06 1.22693775e-07 1.20892474e-04 3.37499390e-06
  7.43418694e-07 3.76589589e-06 2.54108839e-07 4.29590859e-07]
 [8.42545395e-05 5.85695921e-05 4.43909180e-05 3.81172325e-06
  1.45376005e-06 1.72424081e-07 1.61957456e-04 6.82835906e-06
  6.82109107e-08 2.89089429e-06 3.14780969e-07 2.42470769e-07]
 [1.16900453e-04 6.22860529e-05 1.24849389e-04 1.61250409e-06
  1.92976610e-06 2.31052883e-07 1.85417993e-04 1.08954966e-05
  6.88635044e-07 5.45561189e-06 4.01324915e-07 3.89018514e-07]
 [1.36690455e-04 5.12856348e-05 3.18891132e-05 4.11027433e-06
  8.53256731e-07 1.66648646e-07 9.34612552e-05 9.39943144e-06
  4.70550573e-07 2.96974492e-06 4.11822521e-07 3.75069153e-07]
 [8.99573749e-05 3.36754585e-05 8.84836572e-05 4.57473267e-06
  1.42395127e-06 2.14681374e-07 1.09690199e-04 1.02817847e-05
  3.95613545e-07 3.43081620e-06 3.43454908e-07 3.00578675e-07]
 [7.71737116e-05 7.06416128e-05 1.44778172e-04 3.77748731e-06
  3.10681078e-06 1.37908093e-07 1.30048616e-04 1.07064603e-05
  2.30153318e-07 4.26710638e-06 3.45917196e-07 4.30136424e-07]]
Done!, time = 2.2372355461120605s
