Begin!
Data shape = (250000, 5)
Begin sort function!
In centrality 0
In centrality 1
In centrality 2
In centrality 3
In centrality 4
In centrality 5
In centrality 6
end function sorter
Data shape = (250000, 5)
Begin sort function!
In centrality 0
In centrality 1
In centrality 2
In centrality 3
In centrality 4
In centrality 5
In centrality 6
end function sorter
Data shape = (250000, 5)
Begin sort function!
In centrality 0
In centrality 1
In centrality 2
In centrality 3
In centrality 4
In centrality 5
In centrality 6
end function sorter
Data shape = (250000, 5)
Begin sort function!
In centrality 0
In centrality 1
In centrality 2
In centrality 3
In centrality 4
In centrality 5
In centrality 6
end function sorter
Final results shape = (4, 7, 12)
mean value:
[[ 1.11714302e-02  1.06881864e-02  1.61060765e-02 -5.38418265e-08
  -2.91458537e-06 -1.38269289e-08  8.14619229e-01  1.66226618e-03
   1.23807557e-05 -3.92790795e-05  1.89064214e-05 -1.62375557e-06]
 [ 1.17776237e-02  1.11075850e-02  1.68323327e-02 -3.49452868e-06
  -2.78454429e-06 -6.10289207e-08  8.08464075e-01  1.64363925e-03
   1.37786694e-05 -3.86337479e-05  1.96097717e-05 -1.57314347e-06]
 [ 1.22432966e-02  1.15884907e-02  1.74048874e-02 -2.29662196e-06
  -7.28139431e-07 -9.15013734e-08  8.05046552e-01  1.64755127e-03
   1.38886480e-05 -3.96282005e-05  2.03105860e-05 -1.69818988e-06]
 [ 1.26992444e-02  1.21159920e-02  1.78610137e-02 -3.98241657e-06
  -1.09141112e-06 -5.64647938e-08  8.02086126e-01  1.67207042e-03
   1.47511909e-05 -3.70335952e-05  2.15550797e-05 -1.75979691e-06]
 [ 1.31136664e-02  1.25960501e-02  1.84360431e-02 -4.47030284e-06
  -7.02992836e-07  5.79478305e-09  8.00113950e-01  1.69808539e-03
   1.52122213e-05 -3.33807935e-05  2.24038112e-05 -1.52674954e-06]
 [ 1.35518635e-02  1.29847838e-02  1.87273202e-02 -3.83214820e-06
  -3.67145985e-06 -5.76090031e-08  7.98550101e-01  1.70900770e-03
   1.52587584e-05 -3.57662379e-05  2.32004760e-05 -1.70885072e-06]
 [ 1.40851568e-02  1.35289127e-02  1.93122516e-02 -6.41673667e-06
  -2.11618914e-06 -6.83853053e-08  7.97403677e-01  1.72795845e-03
   1.52590161e-05 -3.38340923e-05  2.44276929e-05 -1.70029999e-06]]
std error:
[[7.18698267e-05 8.52526489e-05 8.80284368e-05 1.79829410e-06
  2.00052881e-06 3.42512160e-08 2.14482245e-04 1.45792994e-05
  1.36864199e-06 4.53565730e-06 2.43449348e-07 2.68171243e-07]
 [7.93214347e-05 9.48289065e-05 1.32967483e-04 2.75870412e-06
  1.10898399e-06 5.23612987e-08 1.85557660e-04 1.75307390e-05
  1.96145856e-06 2.57037814e-06 1.72498140e-07 1.24856729e-07]
 [9.37599041e-05 1.01019008e-04 4.32238294e-05 1.69142620e-06
  8.57882369e-07 3.70869569e-08 1.64825005e-04 9.31318706e-06
  1.18120021e-06 4.53868083e-06 1.69596305e-07 1.83692148e-07]
 [6.25611507e-05 4.96429695e-05 1.11153764e-04 2.07679918e-06
  1.49531073e-06 4.87195717e-08 1.79260216e-04 8.91514641e-06
  1.71483832e-06 5.17305227e-06 3.81031285e-07 1.93848756e-07]
 [2.40572266e-05 8.95487051e-05 3.27892607e-05 1.71504512e-06
  1.23974528e-06 1.93324327e-08 1.11441902e-04 6.47673584e-06
  4.42423136e-07 2.72807550e-06 1.99953675e-07 1.94010007e-07]
 [3.88509512e-05 8.35991049e-05 7.79552711e-05 2.61639271e-06
  1.71152472e-06 4.54253151e-08 3.92859599e-04 6.12301314e-06
  8.13779713e-07 1.15976982e-06 2.13638544e-07 6.41460617e-08]
 [7.05322219e-05 9.81698101e-05 1.57272582e-04 2.65281416e-06
  9.79045657e-07 4.21637594e-08 3.73937503e-04 1.03111937e-05
  1.25764448e-06 2.40093828e-06 1.06854830e-07 2.06132397e-07]]
Done!, time = 4.161768198013306s
