Begin!
Data shape = (250000, 5)
Begin sort function!
In centrality 0
In centrality 1
In centrality 2
In centrality 3
In centrality 4
In centrality 5
In centrality 6
end function sorter
Data shape = (250000, 5)
Begin sort function!
In centrality 0
In centrality 1
In centrality 2
In centrality 3
In centrality 4
In centrality 5
In centrality 6
end function sorter
Data shape = (250000, 5)
Begin sort function!
In centrality 0
In centrality 1
In centrality 2
In centrality 3
In centrality 4
In centrality 5
In centrality 6
end function sorter
Data shape = (250000, 5)
Begin sort function!
In centrality 0
In centrality 1
In centrality 2
In centrality 3
In centrality 4
In centrality 5
In centrality 6
end function sorter
Final results shape = (4, 7, 12)
mean value:
[[ 1.49468797e-02  9.69678951e-03  1.38620267e-02  4.74263369e-05
   2.09301761e-06 -6.52599084e-07  9.37497935e-01  3.13724964e-03
   4.14482453e-05 -1.80899162e-04  4.96170114e-05 -1.15100295e-05]
 [ 1.65592301e-02  1.03038695e-02  1.47252223e-02  5.10915684e-05
   1.78421324e-06 -1.14724882e-06  9.28873165e-01  3.08478368e-03
   4.27235823e-05 -1.94922839e-04  5.37016310e-05 -1.33760186e-05]
 [ 1.75702360e-02  1.08655218e-02  1.55493396e-02  4.14101365e-05
  -4.62736177e-07 -1.24646190e-06  9.23758782e-01  3.15778891e-03
   4.62953585e-05 -2.00699138e-04  5.76709407e-05 -1.40001829e-05]
 [ 1.84570343e-02  1.15520132e-02  1.62668837e-02  3.44366170e-05
   1.38992176e-06 -1.23769446e-06  9.19924831e-01  3.21501525e-03
   5.16495111e-05 -2.00075706e-04  6.13037255e-05 -1.42984223e-05]
 [ 1.92732002e-02  1.22008896e-02  1.69955193e-02  2.91296642e-05
   2.41014353e-07 -1.14114880e-06  9.17579914e-01  3.30498193e-03
   5.32282618e-05 -2.13253735e-04  6.59788722e-05 -1.61218200e-05]
 [ 1.99751010e-02  1.29903352e-02  1.75618717e-02  2.76011050e-05
  -2.40499447e-06 -1.24218880e-06  9.16392767e-01  3.34591546e-03
   5.62861778e-05 -2.02333233e-04  6.89837944e-05 -1.55244986e-05]
 [ 2.06244442e-02  1.36229732e-02  1.81537194e-02  2.25750814e-05
  -1.31463841e-06 -1.13578988e-06  9.16003060e-01  3.39888072e-03
   5.59332476e-05 -2.04313946e-04  7.19729806e-05 -1.63073333e-05]]
std error:
[[1.81972510e-04 7.34113866e-05 1.14857066e-04 5.60536880e-06
  1.54827712e-06 3.15270823e-07 1.75453757e-04 3.23479886e-05
  5.63052532e-06 8.32628719e-06 1.00739118e-06 1.02036220e-06]
 [1.71417651e-04 1.00792248e-04 7.85928512e-05 8.33919801e-06
  1.32549485e-06 1.14447312e-07 4.45647764e-04 2.76064662e-05
  2.38269277e-06 9.89761424e-06 1.11039975e-06 9.55470356e-07]
 [7.13357064e-05 4.95315202e-05 1.41806602e-04 2.29673257e-06
  2.12676896e-06 1.30384800e-07 4.40441256e-04 2.59673800e-05
  1.74024734e-06 4.65278170e-06 4.12464581e-07 1.88898942e-07]
 [1.61602185e-04 2.46765924e-05 4.90107419e-05 2.46745918e-06
  9.31841935e-07 4.03802710e-07 3.17258758e-04 3.23641131e-05
  2.77443358e-06 4.70866740e-06 5.18172594e-07 4.32653919e-07]
 [8.00491054e-05 1.11031639e-05 6.34611643e-05 4.25389679e-06
  1.21223260e-06 2.88222379e-07 2.56384250e-04 2.63813592e-05
  2.02810485e-06 5.84398559e-06 7.89226948e-07 7.39071050e-07]
 [1.29060592e-04 7.76011162e-06 3.05789355e-05 7.43643821e-06
  3.37897265e-07 1.39296670e-07 1.03592712e-04 1.13804472e-05
  3.04705832e-06 6.96830346e-06 5.03729808e-07 6.93686542e-07]
 [1.26549306e-04 9.17032899e-05 7.20089067e-05 2.52459305e-06
  1.65033762e-06 3.64102813e-07 1.02413118e-04 4.06794073e-05
  3.95012871e-06 6.91359054e-06 9.75216717e-07 5.59233579e-07]]
Done!, time = 4.009870529174805s
