Begin!
Data shape = (250000, 5)
Begin sort function!
In centrality 0
In centrality 1
In centrality 2
In centrality 3
In centrality 4
In centrality 5
In centrality 6
end function sorter
Data shape = (250000, 5)
Begin sort function!
In centrality 0
In centrality 1
In centrality 2
In centrality 3
In centrality 4
In centrality 5
In centrality 6
end function sorter
Data shape = (250000, 5)
Begin sort function!
In centrality 0
In centrality 1
In centrality 2
In centrality 3
In centrality 4
In centrality 5
In centrality 6
end function sorter
Data shape = (250000, 5)
Begin sort function!
In centrality 0
In centrality 1
In centrality 2
In centrality 3
In centrality 4
In centrality 5
In centrality 6
end function sorter
Final results shape = (4, 7, 12)
mean value:
[[ 1.20893196e-02  1.10582609e-02  1.56887967e-02  1.30971826e-06
  -1.40434659e-06 -1.10096419e-07  8.49487221e-01  5.25686828e-03
   1.75354780e-04 -4.75417130e-05  6.33278992e-05 -2.13379294e-06]
 [ 1.26067996e-02  1.15984454e-02  1.65242893e-02 -2.44483019e-06
  -2.70040338e-06 -9.58971811e-08  8.31500538e-01  4.93758456e-03
   1.60181497e-04 -4.79472638e-05  6.10926029e-05 -2.25875159e-06]
 [ 1.31810382e-02  1.20417130e-02  1.70474289e-02 -2.82829882e-06
  -2.32833176e-06 -1.20046959e-07  8.21402714e-01  4.92835143e-03
   1.68718248e-04 -4.88552687e-05  6.45136638e-05 -2.33787437e-06]
 [ 1.37473162e-02  1.25843795e-02  1.77239373e-02 -3.19943494e-06
  -2.61329358e-06 -5.53355668e-08  8.13394877e-01  4.98107753e-03
   1.71445431e-04 -4.98829577e-05  6.82360636e-05 -2.50005065e-06]
 [ 1.41493521e-02  1.30273004e-02  1.81352524e-02 -4.93551311e-06
  -4.08765085e-06 -7.37353299e-08  8.08204431e-01  5.06711090e-03
   1.83586272e-04 -4.62107476e-05  7.16512510e-05 -2.37563897e-06]
 [ 1.45793216e-02  1.34279455e-02  1.86532201e-02 -7.94353898e-06
  -3.12941460e-06 -8.32760445e-08  8.04609503e-01  5.13038965e-03
   1.85039072e-04 -4.58261213e-05  7.44380650e-05 -2.29835755e-06]
 [ 1.49808640e-02  1.38515609e-02  1.91783383e-02 -7.74979987e-06
  -2.58412579e-06 -4.18290842e-08  8.01905198e-01  5.32213883e-03
   1.93899885e-04 -4.34672218e-05  7.88275253e-05 -2.42107253e-06]]
std error:
[[1.04110564e-04 9.72103683e-05 6.07759201e-05 3.05588878e-06
  2.60047873e-06 2.83727705e-08 2.19601412e-04 4.74099224e-05
  5.59226354e-06 8.92747888e-06 1.21276936e-06 3.97358048e-07]
 [1.05073326e-04 1.08490515e-04 1.78318859e-04 3.70647462e-06
  1.65773279e-06 7.98651991e-08 1.75507779e-04 6.41577654e-05
  1.13907894e-05 1.19468734e-05 1.39107305e-06 4.88548891e-07]
 [9.65388894e-05 9.33776269e-05 1.20473549e-04 1.66900930e-06
  8.18820581e-07 5.49559978e-08 1.33515724e-04 5.02731759e-05
  3.35268487e-06 7.34797455e-07 1.07631310e-06 7.34337328e-08]
 [8.36321573e-05 2.56428910e-05 6.29898181e-05 1.56134304e-06
  1.78795341e-06 6.30850328e-08 4.53805466e-05 2.18966551e-05
  1.05579109e-05 1.35019452e-06 6.55941540e-07 1.03430176e-07]
 [7.84525043e-05 9.22010052e-05 5.24670970e-05 1.35478564e-06
  1.77719602e-06 8.88388314e-08 4.64375220e-04 6.04791010e-05
  1.36942040e-05 5.14994346e-06 1.40578388e-06 3.01258266e-07]
 [3.75654234e-05 3.60649600e-05 1.06323861e-04 2.12306638e-06
  1.35517901e-06 1.00216069e-07 7.24042442e-04 9.40735338e-06
  2.75178440e-06 2.94287938e-06 6.99620301e-07 1.35475444e-07]
 [2.64909629e-05 9.56371897e-05 4.32496734e-05 1.71167704e-06
  1.39569146e-06 1.22836299e-07 2.80232245e-04 5.67380751e-05
  1.20458877e-05 6.97672396e-06 1.36760922e-06 5.07400545e-07]]
Done!, time = 4.153460502624512s
