Begin!
Data shape = (250000, 5)
Begin sort function!
In centrality 0
In centrality 1
In centrality 2
In centrality 3
In centrality 4
In centrality 5
In centrality 6
end function sorter
Data shape = (250000, 5)
Begin sort function!
In centrality 0
In centrality 1
In centrality 2
In centrality 3
In centrality 4
In centrality 5
In centrality 6
end function sorter
Data shape = (250000, 5)
Begin sort function!
In centrality 0
In centrality 1
In centrality 2
In centrality 3
In centrality 4
In centrality 5
In centrality 6
end function sorter
Data shape = (250000, 5)
Begin sort function!
In centrality 0
In centrality 1
In centrality 2
In centrality 3
In centrality 4
In centrality 5
In centrality 6
end function sorter
Final results shape = (4, 7, 12)
mean value:
[[ 1.41900066e-02  9.96894930e-03  1.40534659e-02  3.28258915e-05
  -1.57892699e-06 -1.06146621e-06  8.63009596e-01  9.34768744e-04
  -3.21325500e-06 -1.69093079e-04  1.66549872e-05 -9.36194575e-06]
 [ 1.56354016e-02  1.05100694e-02  1.51316487e-02  2.67055595e-05
   5.62030456e-07 -1.04137734e-06  8.59024608e-01  9.54528024e-04
  -2.02337627e-06 -1.76196318e-04  1.79252842e-05 -1.03469451e-05]
 [ 1.65009778e-02  1.10075827e-02  1.58493694e-02  1.18053229e-05
  -6.35856543e-07 -9.75361149e-07  8.56564714e-01  9.75236543e-04
  -3.26689702e-07 -1.69292111e-04  1.84182426e-05 -1.00301412e-05]
 [ 1.73531123e-02  1.16916620e-02  1.67068316e-02  5.47343701e-06
   6.11877029e-07 -8.43721049e-07  8.54615996e-01  9.99924019e-04
   1.19023446e-06 -1.65037791e-04  1.94668877e-05 -1.02481207e-05]
 [ 1.78570611e-02  1.23480201e-02  1.73152766e-02  2.79289310e-06
  -7.90355566e-07 -7.01389076e-07  8.53416368e-01  1.01424492e-03
   2.08950855e-06 -1.56034600e-04  1.97875112e-05 -9.98369073e-06]
 [ 1.85925972e-02  1.31197693e-02  1.78260681e-02 -3.27630471e-06
  -1.10042817e-06 -5.73727944e-07  8.52638009e-01  1.03911149e-03
   2.34637944e-06 -1.50722754e-04  2.09099655e-05 -1.00658337e-05]
 [ 1.93152202e-02  1.36619617e-02  1.84433461e-02 -5.62869313e-06
  -1.08487606e-06 -5.08594058e-07  8.52121673e-01  1.06354082e-03
   3.20263917e-06 -1.47035240e-04  2.18782687e-05 -1.01667585e-05]]
std error:
[[5.63284247e-05 2.47327334e-05 1.54726974e-04 3.76064637e-06
  1.29335546e-06 9.91684644e-08 4.21518940e-04 1.20011051e-06
  7.47563843e-07 1.63470407e-06 5.62839318e-08 1.85898486e-07]
 [6.21585377e-05 7.62124964e-05 1.91549350e-04 5.81726966e-07
  1.59047389e-06 1.42547806e-07 2.00133301e-04 1.12353721e-05
  8.78524854e-08 3.67409550e-06 3.27429363e-07 2.51707502e-07]
 [6.44201394e-05 5.53478014e-05 6.66148657e-05 3.04827307e-06
  4.41105508e-07 9.39203041e-08 2.35299311e-04 1.00394853e-05
  3.81165678e-07 4.98890989e-06 1.83906414e-07 3.79366152e-07]
 [8.21952303e-05 3.48526503e-05 2.78958450e-05 3.08237638e-06
  1.75225060e-06 1.99866389e-07 6.47528791e-05 9.97421888e-06
  6.18975589e-07 1.73751873e-06 2.12699425e-07 1.65592183e-07]
 [9.33292394e-05 7.79263749e-05 9.67431119e-05 3.06988659e-06
  1.51985138e-06 2.57362576e-07 1.88179238e-04 1.08510564e-05
  2.75722851e-07 2.24806144e-06 1.43128869e-07 1.69527179e-07]
 [1.02754988e-04 1.99085094e-05 7.13257981e-05 7.07185905e-06
  6.98571289e-07 1.99289909e-07 1.11983023e-04 1.05479769e-05
  7.03842446e-07 5.10757513e-06 3.27380704e-07 5.82948911e-07]
 [1.06431953e-04 7.70291823e-05 2.53631581e-05 3.00704429e-06
  2.18085570e-06 1.46214536e-07 2.22850211e-04 6.66302131e-06
  2.80956987e-07 2.66525303e-06 1.73770429e-07 2.28027945e-07]]
Done!, time = 3.780709743499756s
