Begin!
Data shape = (250000, 5)
Begin sort function!
In centrality 0
In centrality 1
In centrality 2
In centrality 3
In centrality 4
In centrality 5
In centrality 6
end function sorter
Data shape = (250000, 5)
Begin sort function!
In centrality 0
In centrality 1
In centrality 2
In centrality 3
In centrality 4
In centrality 5
In centrality 6
end function sorter
Data shape = (250000, 5)
Begin sort function!
In centrality 0
In centrality 1
In centrality 2
In centrality 3
In centrality 4
In centrality 5
In centrality 6
end function sorter
Data shape = (250000, 5)
Begin sort function!
In centrality 0
In centrality 1
In centrality 2
In centrality 3
In centrality 4
In centrality 5
In centrality 6
end function sorter
Final results shape = (4, 7, 12)
mean value:
[[ 1.53932092e-02  9.92362828e-03  1.48709438e-02  8.89269097e-05
   2.93404852e-07 -7.37534093e-07  8.08835560e-01  8.38259009e-04
  -3.56751593e-06 -2.27299125e-04  1.86212026e-05 -1.57945644e-05]
 [ 1.75776019e-02  1.07776743e-02  1.61609988e-02  7.03717588e-05
   2.63002235e-06 -2.04151660e-06  8.04299196e-01  8.49899904e-04
  -1.34252186e-06 -2.34494712e-04  1.95227853e-05 -1.66051193e-05]
 [ 1.91715873e-02  1.14568127e-02  1.71859490e-02  6.78423747e-05
   3.61161170e-07 -2.16355867e-06  8.01650227e-01  8.76381155e-04
  -2.71436311e-08 -2.50260914e-04  2.13255887e-05 -1.90481215e-05]
 [ 2.04233259e-02  1.22432077e-02  1.83010978e-02  5.04743397e-05
   2.43280651e-07 -2.23642467e-06  7.99784839e-01  8.92267933e-04
   1.29485251e-06 -2.49082986e-04  2.20766945e-05 -1.94549766e-05]
 [ 2.17396562e-02  1.29730739e-02  1.88677744e-02  3.74401741e-05
  -1.98039611e-08 -2.03431086e-06  7.98316833e-01  9.10467820e-04
   1.97160064e-06 -2.53762476e-04  2.35726032e-05 -2.07603146e-05]
 [ 2.25810483e-02  1.37391883e-02  1.96325303e-02  2.40455666e-05
  -1.33470294e-06 -2.11668286e-06  7.97116883e-01  9.29551030e-04
   2.70949702e-06 -2.49754977e-04  2.43749489e-05 -2.09531743e-05]
 [ 2.34986119e-02  1.45267436e-02  2.03263048e-02  1.73581085e-05
  -2.41785764e-06 -1.85651615e-06  7.96184676e-01  9.48169252e-04
   3.32363986e-06 -2.41782983e-04  2.53477219e-05 -2.10269887e-05]]
std error:
[[3.71619561e-05 1.24030062e-05 8.93670741e-05 5.33941203e-06
  1.50467071e-06 7.79081005e-08 2.45156939e-04 9.26771043e-06
  3.28357661e-07 5.57318078e-06 3.57877038e-07 5.33654774e-07]
 [2.90678452e-04 1.13731548e-04 2.31882837e-05 3.16716518e-06
  2.51728813e-06 2.77942430e-07 1.13138566e-04 7.45475746e-06
  4.41533818e-07 8.36013822e-06 5.90877663e-07 7.80420643e-07]
 [1.26628460e-04 6.88253046e-05 3.88250989e-05 6.67527588e-06
  1.98948729e-06 2.26476857e-07 1.87179199e-04 7.01082895e-06
  1.83969039e-07 4.10521086e-06 1.42903269e-07 4.66927091e-07]
 [9.13357808e-05 4.96019262e-05 8.92490420e-05 3.91849423e-06
  1.60380435e-06 2.81194101e-07 9.13954995e-05 3.31720834e-06
  2.75453770e-07 3.69207775e-06 2.69189603e-07 4.83717145e-07]
 [1.31979019e-04 6.27522538e-05 1.39204251e-04 7.18369542e-06
  2.58354155e-06 2.41590160e-07 2.70115229e-04 5.56441527e-06
  2.23159903e-07 3.91675932e-06 2.43682047e-07 5.88564843e-07]
 [1.31031185e-04 1.37397477e-04 1.04087627e-04 7.18865517e-06
  2.34870069e-06 9.66879467e-08 1.45631341e-04 2.34499593e-06
  5.13471943e-07 6.11654140e-06 3.35845294e-07 5.07836178e-07]
 [1.22786845e-04 1.04200254e-04 1.04970213e-04 6.93936060e-06
  1.84976036e-06 3.38032102e-07 9.65804406e-05 4.13198683e-06
  3.67694010e-07 4.08132515e-06 2.15582214e-07 7.44937976e-07]]
Done!, time = 4.13371205329895s
