Begin!
Data shape = (250000, 5)
Begin sort function!
In centrality 0
In centrality 1
In centrality 2
In centrality 3
In centrality 4
In centrality 5
In centrality 6
end function sorter
Data shape = (250000, 5)
Begin sort function!
In centrality 0
In centrality 1
In centrality 2
In centrality 3
In centrality 4
In centrality 5
In centrality 6
end function sorter
Data shape = (250000, 5)
Begin sort function!
In centrality 0
In centrality 1
In centrality 2
In centrality 3
In centrality 4
In centrality 5
In centrality 6
end function sorter
Data shape = (250000, 5)
Begin sort function!
In centrality 0
In centrality 1
In centrality 2
In centrality 3
In centrality 4
In centrality 5
In centrality 6
end function sorter
Final results shape = (4, 7, 12)
mean value:
[[ 1.30665672e-02  1.03649099e-02  1.49900925e-02  3.06452766e-05
   6.38176741e-07 -8.52394334e-08  8.50229270e-01  6.04716022e-03
   2.69571955e-04 -5.44559960e-05  7.84978449e-05 -3.51328926e-06]
 [ 1.41393379e-02  1.10433651e-02  1.57827827e-02  2.38115978e-05
   3.07156980e-07 -4.71196268e-07  8.30544043e-01  5.60622529e-03
   2.36898654e-04 -5.06893005e-05  7.79550079e-05 -3.11654407e-06]
 [ 1.50608680e-02  1.16832032e-02  1.65917948e-02  2.52530558e-05
  -2.06199428e-07 -5.72321889e-07  8.19608262e-01  5.66709254e-03
   2.52521953e-04 -6.04072148e-05  8.47758777e-05 -3.80884362e-06]
 [ 1.56942690e-02  1.22190677e-02  1.72197260e-02  2.28853688e-05
  -2.17907067e-06 -5.46609056e-07  8.11713689e-01  5.76832742e-03
   2.55669089e-04 -6.26573708e-05  8.88734137e-05 -4.19029013e-06]
 [ 1.64520070e-02  1.26945632e-02  1.79005775e-02  2.53267875e-05
  -2.34954553e-06 -4.94796283e-07  8.07183091e-01  5.91851090e-03
   2.80892985e-04 -6.26498055e-05  9.61143983e-05 -4.20681456e-06]
 [ 1.70200252e-02  1.33042301e-02  1.83942383e-02  2.01762765e-05
  -1.02097618e-06 -6.32917992e-07  8.03720250e-01  6.00796114e-03
   2.73445756e-04 -6.51290560e-05  1.01360898e-04 -4.56036218e-06]
 [ 1.76365627e-02  1.36640574e-02  1.87526050e-02  1.87794012e-05
  -2.66929070e-06 -5.60960978e-07  8.01733549e-01  6.19435654e-03
   2.79699526e-04 -6.82918053e-05  1.08077121e-04 -4.68937290e-06]]
std error:
[[1.02372127e-04 2.82412972e-05 8.63371385e-05 1.15429487e-06
  8.08967965e-07 1.18613513e-07 3.37031705e-04 5.46649135e-05
  1.39014019e-05 9.10315259e-06 7.33859965e-07 8.59625265e-07]
 [1.49750019e-04 7.17470498e-05 1.44882288e-04 2.98828666e-06
  1.15931488e-06 1.11657059e-07 6.56343210e-04 3.02908987e-05
  1.49513927e-05 5.39838605e-06 1.18571670e-06 3.37249456e-07]
 [4.37377756e-05 5.68693987e-05 1.02897876e-04 1.58128117e-06
  8.19878604e-07 9.81976690e-08 2.35572875e-04 4.86210203e-05
  1.77588803e-05 4.66216197e-06 1.29809831e-06 5.05732989e-07]
 [2.72137249e-05 5.55176224e-05 7.74294733e-05 1.39404372e-06
  9.16196353e-07 9.81718520e-08 3.73819477e-04 5.06338143e-05
  1.26164740e-05 7.31016292e-06 1.39285450e-06 6.64861321e-07]
 [5.77183661e-05 7.26068146e-05 5.18141267e-05 2.19031689e-06
  1.06901592e-06 7.33196925e-08 3.84838339e-04 3.01084856e-05
  6.87374674e-06 6.65522861e-06 3.91583295e-07 5.11934511e-07]
 [4.33410883e-05 1.12538607e-04 6.76413887e-05 3.94099237e-06
  2.70424294e-06 2.18124471e-07 6.60280112e-04 6.91053561e-05
  1.50567752e-05 4.03529480e-06 1.21535641e-06 5.50022933e-07]
 [3.24000779e-05 8.58191537e-05 1.28752071e-04 1.99136734e-06
  2.75520989e-06 4.95651879e-08 3.99339479e-04 6.41536535e-05
  1.51740348e-05 9.99869059e-06 3.02897907e-07 6.65582468e-07]]
Done!, time = 3.7642979621887207s
