Begin!
Data shape = (250000, 5)
Begin sort function!
In centrality 0
In centrality 1
In centrality 2
In centrality 3
In centrality 4
In centrality 5
In centrality 6
end function sorter
Data shape = (250000, 5)
Begin sort function!
In centrality 0
In centrality 1
In centrality 2
In centrality 3
In centrality 4
In centrality 5
In centrality 6
end function sorter
Data shape = (250000, 5)
Begin sort function!
In centrality 0
In centrality 1
In centrality 2
In centrality 3
In centrality 4
In centrality 5
In centrality 6
end function sorter
Data shape = (250000, 5)
Begin sort function!
In centrality 0
In centrality 1
In centrality 2
In centrality 3
In centrality 4
In centrality 5
In centrality 6
end function sorter
Final results shape = (4, 7, 12)
mean value:
[[ 1.30796514e-02  9.91583637e-03  1.53769352e-02  4.44979772e-05
   4.85088773e-07 -3.29667721e-07  8.04294624e-01  7.50489820e-04
  -3.97667760e-07 -1.26898220e-04  1.22502752e-05 -7.33354944e-06]
 [ 1.47003524e-02  1.06903841e-02  1.66367419e-02  4.37709927e-05
   9.61865349e-07 -6.96974183e-07  8.00617407e-01  7.67419383e-04
   3.00410727e-07 -1.37653308e-04  1.36440093e-05 -8.54078090e-06]
 [ 1.57460232e-02  1.13482849e-02  1.73700825e-02  3.76689094e-05
   2.66098907e-07 -6.88062649e-07  7.98736876e-01  7.83224649e-04
   1.06032614e-06 -1.38994379e-04  1.43567473e-05 -8.87809328e-06]
 [ 1.68474035e-02  1.21023898e-02  1.81415042e-02  2.94840917e-05
   2.15837466e-07 -6.73622482e-07  7.97117613e-01  8.01020345e-04
   1.70149815e-06 -1.43139057e-04  1.54704855e-05 -9.56295963e-06]
 [ 1.76977222e-02  1.28097618e-02  1.87730757e-02  2.09025942e-05
   1.42734986e-06 -6.49743242e-07  7.96018017e-01  8.19692693e-04
   2.02033614e-06 -1.39066303e-04  1.63347661e-05 -9.46444347e-06]
 [ 1.85997059e-02  1.35551176e-02  1.93567944e-02  2.11154741e-05
  -1.48014230e-06 -7.85537564e-07  7.95247529e-01  8.38347391e-04
   2.62073526e-06 -1.43748715e-04  1.72791863e-05 -1.02869744e-05]
 [ 1.94652361e-02  1.42993450e-02  1.98582054e-02  1.59066321e-05
  -2.15357157e-06 -5.49236982e-07  7.94700825e-01  8.51103924e-04
   2.82397648e-06 -1.38526255e-04  1.81194378e-05 -1.04444561e-05]]
std error:
[[1.11486794e-04 1.76913654e-04 7.08375335e-05 4.18579310e-06
  1.04033604e-06 9.71306669e-08 1.06709942e-04 3.13015767e-06
  1.65100197e-07 3.14914580e-06 2.58147832e-07 2.83260923e-07]
 [2.34625496e-04 5.35435551e-05 2.16957445e-04 5.12092131e-06
  2.49534036e-06 1.16588076e-07 2.05255950e-04 4.56281780e-06
  5.06814245e-07 5.34180024e-06 2.69959409e-07 4.55911403e-07]
 [6.50927943e-05 6.88635875e-05 1.33262486e-04 2.29743387e-06
  2.12350412e-06 1.22435572e-07 2.75288917e-04 3.93177076e-06
  2.56653225e-07 3.96871564e-07 8.30379172e-08 1.07940729e-07]
 [1.73371310e-04 3.66577084e-05 7.07045253e-05 1.77600564e-06
  1.36803671e-06 1.74725466e-07 1.43650922e-04 7.57775957e-06
  1.99792809e-07 4.00252294e-06 6.30032186e-08 3.43177865e-07]
 [1.04609360e-04 4.27063473e-05 7.19879519e-05 6.67133831e-06
  1.09475696e-06 7.70624203e-08 1.11112677e-04 2.96656308e-06
  3.05213263e-07 9.84575855e-07 1.37210166e-07 2.32262229e-07]
 [1.42898041e-04 6.56192340e-05 7.37278193e-05 2.75948687e-06
  1.89446840e-06 1.12360625e-07 2.17266670e-04 5.79734122e-06
  2.80698094e-07 2.17875372e-06 1.72976655e-07 2.40730099e-07]
 [2.57080829e-05 2.07960771e-05 1.07327849e-04 9.79885342e-07
  1.96530596e-06 1.64161486e-07 1.31497713e-04 5.40451644e-06
  9.16526705e-08 2.88679709e-06 2.57925202e-07 2.26561709e-07]]
Done!, time = 4.333026647567749s
