Begin!
Data shape = (250000, 5)
Begin sort function!
In centrality 0
In centrality 1
In centrality 2
In centrality 3
In centrality 4
In centrality 5
In centrality 6
end function sorter
Data shape = (250000, 5)
Begin sort function!
In centrality 0
In centrality 1
In centrality 2
In centrality 3
In centrality 4
In centrality 5
In centrality 6
end function sorter
Data shape = (250000, 5)
Begin sort function!
In centrality 0
In centrality 1
In centrality 2
In centrality 3
In centrality 4
In centrality 5
In centrality 6
end function sorter
Data shape = (250000, 5)
Begin sort function!
In centrality 0
In centrality 1
In centrality 2
In centrality 3
In centrality 4
In centrality 5
In centrality 6
end function sorter
Final results shape = (4, 7, 12)
mean value:
[[ 1.11781628e-02  1.07145558e-02  1.63888962e-02  1.76931838e-06
  -2.02444171e-06 -7.08901357e-08  7.60748037e-01  6.15653081e-04
   3.19291656e-07 -3.92706021e-05  7.24394350e-06 -1.65870771e-06]
 [ 1.18651758e-02  1.12538865e-02  1.71453646e-02 -5.64322208e-07
   1.03019898e-07 -5.86412880e-08  7.57748841e-01  6.28868090e-04
   2.30863619e-07 -3.79660410e-05  7.75060719e-06 -1.61852009e-06]
 [ 1.23815277e-02  1.17326328e-02  1.77541595e-02 -6.28584965e-07
  -1.58866166e-06 -2.68163567e-08  7.55960830e-01  6.34714595e-04
   6.53646787e-07 -3.91781065e-05  8.11929963e-06 -1.75085569e-06]
 [ 1.28891072e-02  1.22426003e-02  1.83046241e-02 -3.82661119e-06
  -1.26380616e-06  2.95529006e-09  7.54452277e-01  6.52241644e-04
   8.88820544e-07 -3.90974506e-05  8.66386408e-06 -1.77047660e-06]
 [ 1.32110152e-02  1.27188655e-02  1.88396581e-02 -4.48239671e-06
  -5.30507968e-07 -1.26637568e-07  7.53182278e-01  6.59660246e-04
   1.18874915e-06 -3.52166519e-05  8.97193803e-06 -1.68078283e-06]
 [ 1.37018402e-02  1.31556696e-02  1.93629158e-02 -2.23186286e-06
  -1.88738916e-06 -3.30774307e-08  7.52404246e-01  6.69433724e-04
   1.32992700e-06 -3.50532964e-05  9.40149057e-06 -1.70620455e-06]
 [ 1.40688515e-02  1.36669984e-02  1.96472931e-02 -6.37308539e-06
  -3.05514696e-06 -6.12131248e-08  7.51371558e-01  6.80297438e-04
   1.30445193e-06 -3.33665321e-05  9.72242261e-06 -1.62565776e-06]]
std error:
[[9.44406392e-05 1.26024696e-04 1.71273397e-04 2.18238419e-06
  1.34401471e-06 2.40642298e-08 3.04090377e-04 1.06637784e-05
  1.00470738e-07 1.44889543e-06 1.15237132e-07 1.12857282e-07]
 [1.28670675e-04 2.33364126e-05 9.77489826e-05 1.57483898e-06
  9.67962634e-07 9.42555129e-08 2.13864237e-04 3.31677889e-06
  4.60769421e-07 1.60720211e-06 4.36269433e-08 1.17794019e-07]
 [5.84112915e-05 4.41936062e-05 1.18727603e-04 2.01634774e-06
  1.63277502e-06 9.69951477e-08 2.42938483e-04 3.14506476e-06
  1.01958423e-07 2.46801829e-06 1.16763913e-07 1.44122648e-07]
 [4.48054422e-05 8.73544057e-05 8.93339348e-05 1.27425982e-06
  2.98303867e-07 7.20307065e-08 1.63100720e-04 4.53843230e-06
  2.84416762e-08 1.07230244e-06 9.08980573e-08 6.62621989e-08]
 [6.63930577e-05 5.55592551e-05 5.98614216e-05 1.91895749e-06
  2.71663693e-06 7.93265315e-08 1.06739840e-04 7.09249774e-06
  3.00142462e-07 1.75662651e-06 1.75083377e-07 1.27655588e-07]
 [1.14941083e-04 8.04508475e-05 8.07502196e-05 2.55085639e-06
  1.99535456e-06 7.78587975e-08 9.44965860e-05 3.11616553e-06
  2.08756660e-07 1.33567060e-06 1.37658792e-07 2.24507562e-08]
 [6.74453855e-05 5.43585035e-05 1.63220998e-04 2.97918884e-06
  2.96808276e-06 3.82422538e-08 6.65817483e-05 7.28770859e-06
  3.47193893e-07 2.58194408e-06 1.32459229e-07 1.75308260e-07]]
Done!, time = 4.227789878845215s
