Begin!
Data shape = (250000, 5)
Begin sort function!
In centrality 0
In centrality 1
In centrality 2
In centrality 3
In centrality 4
In centrality 5
In centrality 6
end function sorter
Data shape = (250000, 5)
Begin sort function!
In centrality 0
In centrality 1
In centrality 2
In centrality 3
In centrality 4
In centrality 5
In centrality 6
end function sorter
Data shape = (250000, 5)
Begin sort function!
In centrality 0
In centrality 1
In centrality 2
In centrality 3
In centrality 4
In centrality 5
In centrality 6
end function sorter
Data shape = (250000, 5)
Begin sort function!
In centrality 0
In centrality 1
In centrality 2
In centrality 3
In centrality 4
In centrality 5
In centrality 6
end function sorter
Final results shape = (4, 7, 12)
mean value:
[[ 1.41109657e-02  9.49918919e-03  1.48251723e-02 -1.62938481e-06
   1.91225922e-06 -4.30096181e-07  9.63807923e-01  9.98584110e-03
   5.75852670e-04 -1.44962901e-04  1.38080809e-04 -7.37189796e-06]
 [ 1.53408995e-02  1.03352453e-02  1.60480533e-02 -1.17776286e-05
   1.29966371e-06 -2.45589581e-07  9.42055988e-01  9.37905914e-03
   5.43979275e-04 -1.22753402e-04  1.40660807e-04 -6.43153179e-06]
 [ 1.60278754e-02  1.11639055e-02  1.68601039e-02 -1.45053917e-05
   1.08159288e-07 -2.06363847e-07  9.30466458e-01  9.48222193e-03
   5.55684349e-04 -1.34844701e-04  1.48768787e-04 -7.57304226e-06]
 [ 1.69604722e-02  1.19865664e-02  1.76688718e-02 -1.69101650e-05
  -1.39239527e-07 -2.77525563e-07  9.23248905e-01  9.57048068e-03
   5.35911972e-04 -1.47525726e-04  1.59202479e-04 -8.68317076e-06]
 [ 1.77374011e-02  1.28305747e-02  1.83065850e-02 -1.94797834e-05
  -1.82708941e-06 -2.16181109e-07  9.19305140e-01  9.89865894e-03
   5.74184303e-04 -1.49477207e-04  1.71392470e-04 -8.75113504e-06]
 [ 1.84289419e-02  1.36225313e-02  1.87125104e-02 -2.51424982e-05
  -1.15377933e-06 -8.26529170e-08  9.18463351e-01  1.00944912e-02
   5.84698747e-04 -1.39237725e-04  1.82160839e-04 -8.37107890e-06]
 [ 1.91830543e-02  1.42528227e-02  1.92375182e-02 -2.28413959e-05
  -1.70086594e-06 -1.41088768e-07  9.19578042e-01  1.04530775e-02
   6.15224218e-04 -1.40653184e-04  1.96465108e-04 -9.45134286e-06]]
std error:
[[1.15692296e-04 1.27868899e-04 1.61803385e-04 1.36609466e-06
  1.14802124e-06 7.12890340e-08 8.64965826e-04 8.36534187e-05
  4.64512929e-05 3.43427778e-06 2.53364376e-06 2.71821824e-07]
 [1.29208283e-04 9.64969298e-05 1.13475044e-04 1.46073156e-06
  2.11180585e-06 1.20179094e-07 6.86480546e-04 1.23727229e-04
  4.75798535e-05 7.29057975e-06 7.20311614e-07 4.80761580e-07]
 [7.84703869e-05 4.23541563e-05 1.04014588e-04 2.93507008e-06
  5.88413356e-07 5.35797331e-08 7.99828855e-04 8.03479265e-05
  1.04295121e-05 2.97314205e-06 1.68655874e-06 2.93589361e-07]
 [4.65872936e-05 8.83600694e-05 8.84204548e-05 3.12301745e-06
  6.59206806e-07 8.64332625e-08 4.11642734e-04 6.86681091e-05
  1.89836158e-05 6.51146794e-06 7.14215580e-07 5.23074533e-07]
 [6.45042956e-05 6.31335490e-05 1.51515760e-04 3.86023387e-06
  6.19772634e-07 1.20655575e-07 1.74754498e-04 1.03110870e-04
  2.00594215e-05 3.64619875e-06 3.73021492e-06 1.99454109e-07]
 [6.29413950e-05 7.75165852e-05 6.54591472e-05 1.95017020e-06
  1.93789290e-06 1.18646152e-07 7.82524092e-04 1.31903317e-04
  3.65697769e-05 1.14597825e-05 2.30607890e-06 7.17307879e-07]
 [6.81086680e-05 8.72643582e-05 8.01467227e-05 3.76604051e-06
  2.15533368e-06 1.37669080e-07 1.54610393e-04 5.74227004e-05
  2.60883811e-05 1.20261134e-05 1.47697554e-06 1.04853793e-06]]
Done!, time = 4.303223609924316s
