Begin!
Data shape = (250000, 5)
Begin sort function!
In centrality 0
In centrality 1
In centrality 2
In centrality 3
In centrality 4
In centrality 5
In centrality 6
end function sorter
Data shape = (250000, 5)
Begin sort function!
In centrality 0
In centrality 1
In centrality 2
In centrality 3
In centrality 4
In centrality 5
In centrality 6
end function sorter
Data shape = (250000, 5)
Begin sort function!
In centrality 0
In centrality 1
In centrality 2
In centrality 3
In centrality 4
In centrality 5
In centrality 6
end function sorter
Data shape = (250000, 5)
Begin sort function!
In centrality 0
In centrality 1
In centrality 2
In centrality 3
In centrality 4
In centrality 5
In centrality 6
end function sorter
Final results shape = (4, 7, 12)
mean value:
[[ 1.30599259e-02  9.98959550e-03  1.53805398e-02  2.12828124e-05
   1.23163569e-06 -5.78156660e-07  8.04474988e-01  7.06212556e-04
  -2.76103335e-06 -1.20372028e-04  1.14340635e-05 -6.10591284e-06]
 [ 1.44175371e-02  1.07514176e-02  1.65103541e-02  1.38513387e-05
   6.69024844e-07 -5.52892300e-07  8.00901923e-01  7.27501456e-04
  -7.35562659e-07 -1.20508634e-04  1.20686323e-05 -6.32216196e-06]
 [ 1.52667889e-02  1.13438733e-02  1.74301028e-02  7.19703546e-06
   1.29239850e-06 -5.80749915e-07  7.99194553e-01  7.43876829e-04
  -2.86844355e-07 -1.19472778e-04  1.28769231e-05 -6.59486628e-06]
 [ 1.61269174e-02  1.20461785e-02  1.81678242e-02 -1.14289986e-06
   1.59016910e-07 -3.90711900e-07  7.97536233e-01  7.60455506e-04
   2.86332125e-07 -1.15964499e-04  1.35815165e-05 -6.66263480e-06]
 [ 1.67908648e-02  1.28155241e-02  1.89263464e-02 -3.81896771e-06
   6.13566735e-07 -3.69480595e-07  7.96451006e-01  7.76171221e-04
   1.04379728e-06 -1.11090815e-04  1.41233525e-05 -6.55934531e-06]
 [ 1.76451924e-02  1.35170855e-02  1.93852171e-02 -8.27367695e-06
   9.41163836e-07 -3.07524150e-07  7.95852871e-01  7.98844103e-04
   9.52315099e-07 -1.09503982e-04  1.50444846e-05 -6.76771377e-06]
 [ 1.84015535e-02  1.43287778e-02  1.98671439e-02 -9.06148349e-06
  -7.30968456e-07 -3.51460172e-07  7.95002463e-01  8.04211382e-04
   1.33600792e-06 -1.06388179e-04  1.57911145e-05 -6.94872820e-06]]
std error:
[[6.14377045e-05 6.35735004e-05 1.10016446e-04 3.84795875e-06
  1.18642436e-06 1.49832532e-07 2.23585549e-04 8.58089912e-06
  6.69606485e-08 3.81391460e-06 2.13483621e-07 2.81313950e-07]
 [7.97161418e-05 6.99637386e-05 1.54217633e-04 4.54727970e-06
  1.27348872e-06 9.43179952e-08 2.16545331e-04 9.60435788e-06
  4.74087703e-07 4.58493700e-06 2.48466684e-07 3.44023548e-07]
 [1.01436131e-04 3.06874764e-05 1.31430141e-04 2.46297695e-06
  1.42595792e-06 1.17908875e-07 2.76965824e-04 7.97183634e-06
  5.50075471e-07 4.90024859e-06 1.65408070e-07 2.98138820e-07]
 [3.10979179e-05 3.10646763e-05 8.83991059e-05 2.84979198e-06
  7.95948109e-07 1.70268978e-07 1.71815188e-04 3.27646047e-06
  2.73486891e-07 3.64593372e-06 1.01689359e-07 3.00959434e-07]
 [7.22799304e-05 5.69763358e-05 6.61391567e-05 3.82482853e-06
  1.65816406e-06 1.22740460e-07 4.83202004e-05 2.94613912e-06
  2.06324786e-07 3.26484509e-06 2.23763668e-08 2.39191377e-07]
 [2.94133711e-05 5.97581990e-05 1.30618656e-04 8.43599992e-07
  8.75848126e-07 1.93797353e-07 1.12588771e-04 5.43897331e-06
  4.22930527e-07 2.41958435e-06 5.60908763e-08 2.54914735e-07]
 [8.53906159e-05 4.44677196e-05 6.92296491e-05 2.46199730e-06
  2.20638248e-06 1.76898948e-07 1.42889543e-04 4.02611567e-06
  6.34650060e-08 3.16762433e-06 3.76092208e-08 1.91532597e-07]]
Done!, time = 2.257286548614502s
