Begin!
Data shape = (250000, 5)
Begin sort function!
In centrality 0
In centrality 1
In centrality 2
In centrality 3
In centrality 4
In centrality 5
In centrality 6
end function sorter
Data shape = (250000, 5)
Begin sort function!
In centrality 0
In centrality 1
In centrality 2
In centrality 3
In centrality 4
In centrality 5
In centrality 6
end function sorter
Data shape = (250000, 5)
Begin sort function!
In centrality 0
In centrality 1
In centrality 2
In centrality 3
In centrality 4
In centrality 5
In centrality 6
end function sorter
Data shape = (250000, 5)
Begin sort function!
In centrality 0
In centrality 1
In centrality 2
In centrality 3
In centrality 4
In centrality 5
In centrality 6
end function sorter
Final results shape = (4, 7, 12)
mean value:
[[ 1.19458341e-02  9.51458396e-03  1.37296646e-02  3.19088898e-05
   9.29188269e-07 -1.12321178e-07  9.18326133e-01  9.87392384e-04
   1.00898875e-06 -1.00812062e-04  1.34430682e-05 -5.33416251e-06]
 [ 1.29385155e-02  1.01355916e-02  1.45940096e-02  3.01592733e-05
  -8.24302673e-07 -1.81405221e-07  9.15084174e-01  9.98388026e-04
   2.17909131e-06 -1.02292843e-04  1.44385580e-05 -5.67385489e-06]
 [ 1.38356735e-02  1.07217470e-02  1.52958198e-02  2.61470126e-05
   1.60692094e-06 -3.51495173e-07  9.13381478e-01  1.02380854e-03
   3.39852076e-06 -1.03969607e-04  1.54860042e-05 -5.92208042e-06]
 [ 1.45951253e-02  1.13747496e-02  1.59616672e-02  2.53560329e-05
  -4.14636719e-07 -1.23090288e-07  9.12387700e-01  1.04987698e-03
   3.49250034e-06 -1.08140768e-04  1.68209666e-05 -6.50508241e-06]
 [ 1.53901837e-02  1.20130508e-02  1.66043085e-02  2.05842444e-05
  -2.80206298e-07 -3.33237773e-07  9.11533309e-01  1.08117168e-03
   4.39612083e-06 -1.04287438e-04  1.80163958e-05 -6.52606537e-06]
 [ 1.61874921e-02  1.27975834e-02  1.71889940e-02  1.91788677e-05
  -2.14169370e-06 -2.84340659e-07  9.11303517e-01  1.10352251e-03
   4.71009671e-06 -1.02924863e-04  1.91212911e-05 -6.76107224e-06]
 [ 1.69192951e-02  1.34799965e-02  1.77273702e-02  1.54901413e-05
  -3.43283364e-06 -1.94699039e-07  9.11090676e-01  1.12279955e-03
   5.05685423e-06 -9.59746278e-05  2.04213309e-05 -6.61839917e-06]]
std error:
[[1.25791906e-04 8.06367161e-05 1.02788512e-04 2.89200770e-06
  1.02061303e-06 7.80859410e-08 1.36283061e-04 1.80372399e-05
  4.79328073e-07 3.49339667e-06 2.99546377e-07 2.52366331e-07]
 [1.02747149e-04 9.60997969e-05 1.28918005e-04 3.92610651e-06
  1.85903552e-06 2.24635016e-07 4.73133813e-04 7.29621152e-06
  4.23376178e-07 4.77197828e-06 2.53951970e-07 3.66214917e-07]
 [4.79936140e-05 2.46386840e-05 4.81099639e-05 2.43145301e-06
  1.11232878e-06 6.05849787e-08 3.79339991e-04 7.07582137e-06
  3.79125418e-07 9.50653833e-07 1.64407684e-07 1.25238716e-07]
 [8.03893983e-05 8.84475291e-05 7.75044063e-05 2.19022471e-06
  1.29587615e-06 6.05711932e-08 1.73528961e-04 7.72592654e-06
  3.71497700e-07 3.04887413e-06 3.16490626e-07 2.51955263e-07]
 [4.83735357e-05 3.31186446e-05 4.70184705e-05 3.35100916e-06
  7.87455184e-07 1.17635072e-07 1.31543081e-04 1.00884833e-05
  5.36744574e-07 2.68174389e-06 2.19953286e-07 3.15153626e-07]
 [5.49158532e-05 5.83879755e-05 7.70885610e-05 5.45248851e-06
  1.91281571e-06 1.29346142e-07 2.07236706e-04 2.24936482e-06
  3.88700584e-07 2.06555884e-06 1.05335764e-07 1.62703330e-07]
 [4.96494710e-05 8.71867082e-05 7.97315387e-05 1.70533087e-06
  1.49102290e-06 2.70567975e-07 2.88002380e-04 2.59104207e-06
  5.19294604e-07 4.57576229e-06 1.35717930e-07 2.10896682e-07]]
Done!, time = 4.248325347900391s
