Begin!
Data shape = (250000, 5)
Begin sort function!
In centrality 0
In centrality 1
In centrality 2
In centrality 3
In centrality 4
In centrality 5
In centrality 6
end function sorter
Data shape = (250000, 5)
Begin sort function!
In centrality 0
In centrality 1
In centrality 2
In centrality 3
In centrality 4
In centrality 5
In centrality 6
end function sorter
Data shape = (250000, 5)
Begin sort function!
In centrality 0
In centrality 1
In centrality 2
In centrality 3
In centrality 4
In centrality 5
In centrality 6
end function sorter
Data shape = (250000, 5)
Begin sort function!
In centrality 0
In centrality 1
In centrality 2
In centrality 3
In centrality 4
In centrality 5
In centrality 6
end function sorter
Final results shape = (4, 7, 12)
mean value:
[[ 1.23367960e-02  1.09156540e-02  1.56989695e-02  2.21615388e-05
  -1.81160370e-06  3.28612790e-07  8.21032474e-01  1.96594625e-03
   2.05153365e-05 -6.51469168e-05  2.46869212e-05 -3.66115935e-06]
 [ 1.31552729e-02  1.13889191e-02  1.62690474e-02  1.74221792e-05
  -6.61984656e-07 -4.41286491e-08  8.13697255e-01  1.93079333e-03
   2.22146018e-05 -6.04911585e-05  2.56366713e-05 -3.21802723e-06]
 [ 1.38078199e-02  1.18860617e-02  1.68925321e-02  1.75889773e-05
  -1.35019169e-06 -2.52423766e-07  8.08848281e-01  1.91180704e-03
   2.06072144e-05 -6.32277710e-05  2.69999979e-05 -3.61611894e-06]
 [ 1.43833815e-02  1.23331127e-02  1.73735798e-02  1.71939436e-05
  -1.54396572e-06 -2.06962282e-07  8.05397478e-01  1.94546423e-03
   2.29709366e-05 -6.56132908e-05  2.88182639e-05 -3.97369669e-06]
 [ 1.50053649e-02  1.27272844e-02  1.79745032e-02  1.52277184e-05
  -2.34116989e-06 -2.14157085e-07  8.02458827e-01  1.97683418e-03
   2.43042580e-05 -6.74465133e-05  3.01203911e-05 -4.19938258e-06]
 [ 1.53368196e-02  1.30816562e-02  1.84382369e-02  1.34751756e-05
  -1.86413278e-06 -2.78772499e-07  8.00591366e-01  1.97279048e-03
   2.29358628e-05 -6.29988333e-05  3.05039905e-05 -3.83392645e-06]
 [ 1.59421120e-02  1.35693676e-02  1.88027324e-02  1.27042077e-05
  -3.22204565e-06 -2.33988748e-07  7.98987580e-01  2.01718028e-03
   2.44552308e-05 -6.99398338e-05  3.25444378e-05 -4.34147928e-06]]
std error:
[[3.02094317e-05 1.00689841e-04 7.48224376e-05 1.14078056e-06
  1.15912007e-06 4.76106640e-07 4.87436470e-04 1.75540585e-05
  2.26309889e-06 4.08145028e-06 3.97356061e-07 4.43784256e-07]
 [2.10541620e-05 5.16570131e-05 7.97041465e-05 3.49330191e-06
  1.44886303e-06 1.24773953e-07 2.59790268e-04 2.23298636e-05
  1.31933322e-06 3.97040610e-06 1.79865350e-07 2.02578270e-07]
 [9.61506158e-05 6.83164187e-05 1.50979304e-04 3.46837070e-06
  7.83532038e-07 5.74246222e-08 6.65642348e-05 1.15566452e-05
  7.77528130e-07 3.76072736e-06 4.25686908e-07 2.97716386e-07]
 [6.67205706e-05 6.52302750e-05 1.01549069e-04 1.89774982e-06
  1.41929315e-06 2.80697519e-07 1.55164964e-04 1.72277018e-05
  9.37345638e-07 2.19650981e-06 5.34409467e-07 2.90898244e-07]
 [1.22389510e-04 6.01077421e-05 4.76395734e-05 1.35530084e-06
  1.91600382e-06 1.07620997e-07 1.33278465e-04 5.39918651e-06
  2.39732156e-06 5.68778001e-06 3.56895503e-07 3.26672117e-07]
 [2.75074147e-05 6.74387399e-05 4.71992486e-05 2.90750488e-06
  1.54512898e-06 1.49135262e-07 2.12479077e-04 9.97129288e-06
  3.42449387e-07 1.76912753e-06 3.44808703e-07 3.09019721e-08]
 [7.91515625e-05 4.63350199e-05 5.35687694e-05 2.00569290e-06
  1.30369005e-06 7.84658518e-08 2.49658200e-04 2.95634480e-05
  1.26887549e-06 1.25559265e-06 5.40738220e-07 2.19866374e-07]]
Done!, time = 4.064377546310425s
