Begin!
Data shape = (250000, 5)
Begin sort function!
In centrality 0
In centrality 1
In centrality 2
In centrality 3
In centrality 4
In centrality 5
In centrality 6
end function sorter
Data shape = (250000, 5)
Begin sort function!
In centrality 0
In centrality 1
In centrality 2
In centrality 3
In centrality 4
In centrality 5
In centrality 6
end function sorter
Data shape = (250000, 5)
Begin sort function!
In centrality 0
In centrality 1
In centrality 2
In centrality 3
In centrality 4
In centrality 5
In centrality 6
end function sorter
Data shape = (250000, 5)
Begin sort function!
In centrality 0
In centrality 1
In centrality 2
In centrality 3
In centrality 4
In centrality 5
In centrality 6
end function sorter
Final results shape = (4, 7, 12)
mean value:
[[ 1.37013811e-02  1.06134076e-02  1.61028951e-02  2.58670293e-05
  -8.72543874e-08 -2.84689025e-07  8.20069256e-01  2.00662309e-03
   2.06339145e-05 -9.86170762e-05  2.81984006e-05 -5.57791056e-06]
 [ 1.48792806e-02  1.11661709e-02  1.68189543e-02  2.17541556e-05
  -7.83023155e-07 -4.96535908e-07  8.11816755e-01  1.97091535e-03
   1.99998514e-05 -1.03408197e-04  3.01958260e-05 -6.05766224e-06]
 [ 1.55548231e-02  1.16484507e-02  1.74662726e-02  1.78277520e-05
   1.61257060e-08 -5.41667549e-07  8.07225638e-01  1.98612505e-03
   2.14259443e-05 -1.04890235e-04  3.14790911e-05 -6.24705381e-06]
 [ 1.62675422e-02  1.22313719e-02  1.79923989e-02  1.76804193e-05
  -3.23074657e-06 -4.04751980e-07  8.03695249e-01  1.99560269e-03
   2.35205141e-05 -1.03437498e-04  3.28730582e-05 -6.42150054e-06]
 [ 1.68070792e-02  1.26768505e-02  1.85412821e-02  1.43035131e-05
  -3.37781782e-06 -5.40498569e-07  8.00813933e-01  2.02664969e-03
   2.40372236e-05 -1.07523547e-04  3.46518157e-05 -7.01901163e-06]
 [ 1.73568540e-02  1.32060891e-02  1.90758487e-02  1.23347320e-05
  -2.53274184e-06 -3.07983170e-07  7.98933840e-01  2.04383307e-03
   2.47448033e-05 -1.05532415e-04  3.61656148e-05 -7.13024482e-06]
 [ 1.79670884e-02  1.37483379e-02  1.94875806e-02  8.98418180e-06
  -5.42068319e-06 -5.47459845e-07  7.97392398e-01  2.07971013e-03
   2.63894934e-05 -1.00959781e-04  3.81311150e-05 -6.61058325e-06]]
std error:
[[1.46196438e-04 8.74624031e-05 1.68051716e-04 3.01126825e-06
  1.88353348e-06 2.16501596e-07 4.88841891e-04 9.32781757e-06
  1.81370047e-06 5.77055265e-06 3.77174804e-07 3.58459804e-07]
 [5.86716920e-05 5.97111666e-05 7.83460678e-05 5.16962807e-06
  1.38125260e-06 1.43705208e-07 1.96902163e-04 2.08361770e-05
  1.86612359e-06 8.33998532e-06 4.97262302e-07 6.00868525e-07]
 [9.29628246e-05 4.43493992e-05 1.42576000e-04 2.69792277e-06
  1.44972122e-06 1.09836145e-07 3.05899513e-04 1.25611687e-05
  1.29249423e-06 3.11114779e-06 2.56829564e-07 3.74869626e-07]
 [5.20170311e-05 5.18194770e-05 1.10835074e-04 3.39383890e-06
  4.51048725e-07 1.45199667e-07 2.58058035e-04 4.78209729e-06
  1.50408303e-06 2.05911085e-06 1.62682046e-07 1.63992177e-07]
 [1.30743572e-04 7.33647731e-05 1.41744365e-04 1.70472939e-06
  1.15567891e-06 9.87677189e-08 2.28067249e-04 1.10608143e-05
  2.63153156e-06 6.55161494e-06 4.99785827e-07 5.86307527e-07]
 [1.28003607e-04 7.91653246e-05 1.47744991e-04 3.17647084e-06
  8.58954843e-07 1.37123410e-07 2.04654803e-04 7.63363505e-06
  1.48778870e-06 4.74841243e-06 5.56354202e-07 2.75588930e-07]
 [6.78044134e-05 1.00983333e-05 7.07639730e-05 3.25902714e-06
  1.95175821e-06 6.74565869e-08 2.99691731e-04 1.95339344e-05
  1.77267919e-06 3.45760937e-06 3.12524851e-07 1.59161996e-07]]
Done!, time = 4.2266552448272705s
