Begin!
Data shape = (250000, 5)
Begin sort function!
In centrality 0
In centrality 1
In centrality 2
In centrality 3
In centrality 4
In centrality 5
In centrality 6
end function sorter
Data shape = (250000, 5)
Begin sort function!
In centrality 0
In centrality 1
In centrality 2
In centrality 3
In centrality 4
In centrality 5
In centrality 6
end function sorter
Data shape = (250000, 5)
Begin sort function!
In centrality 0
In centrality 1
In centrality 2
In centrality 3
In centrality 4
In centrality 5
In centrality 6
end function sorter
Data shape = (250000, 5)
Begin sort function!
In centrality 0
In centrality 1
In centrality 2
In centrality 3
In centrality 4
In centrality 5
In centrality 6
end function sorter
Final results shape = (4, 7, 12)
mean value:
[[ 1.47205373e-02  1.03124527e-02  1.45868183e-02  5.70898175e-05
  -9.08891246e-07 -6.30425203e-07  8.23003114e-01  2.10858061e-03
   2.38671673e-05 -1.42312185e-04  3.28664681e-05 -9.30706039e-06]
 [ 1.62939342e-02  1.10006262e-02  1.57367558e-02  5.46784182e-05
   1.56751989e-07 -7.05852961e-07  8.14345586e-01  2.08841046e-03
   2.39471232e-05 -1.54996252e-04  3.56770522e-05 -1.06933247e-05]
 [ 1.73558769e-02  1.15216506e-02  1.64270552e-02  5.10897259e-05
  -2.19866839e-06 -1.36315103e-06  8.09348856e-01  2.08183281e-03
   2.45183863e-05 -1.64041979e-04  3.79668166e-05 -1.15432728e-05]
 [ 1.85507527e-02  1.20944433e-02  1.70898445e-02  4.55901718e-05
  -1.22775146e-06 -1.24270479e-06  8.05024324e-01  2.13243627e-03
   2.69367229e-05 -1.68339883e-04  4.11619578e-05 -1.24925173e-05]
 [ 1.93276735e-02  1.26778045e-02  1.77755755e-02  3.68469275e-05
  -1.21237863e-06 -1.24894748e-06  8.02358938e-01  2.15870236e-03
   2.72323633e-05 -1.72036899e-04  4.32273372e-05 -1.28957290e-05]
 [ 2.00592730e-02  1.31854723e-02  1.83208684e-02  2.91417586e-05
  -1.64624764e-06 -1.23246263e-06  8.00624894e-01  2.20000513e-03
   2.75618075e-05 -1.74830662e-04  4.62081288e-05 -1.37857226e-05]
 [ 2.07934666e-02  1.37219892e-02  1.88452550e-02  2.56366445e-05
  -2.04228517e-06 -1.20476138e-06  7.99166763e-01  2.24619037e-03
   3.02559962e-05 -1.66439038e-04  4.83071836e-05 -1.30607076e-05]]
std error:
[[1.15428099e-04 7.95415812e-05 1.07897098e-04 6.73066753e-06
  1.38399117e-06 2.48215011e-07 4.36411566e-04 1.89393797e-05
  2.21877240e-06 7.21586985e-06 5.66732921e-07 7.07718798e-07]
 [1.84297510e-04 4.83530822e-05 1.85739893e-04 4.10937820e-06
  1.06459416e-06 2.78007825e-07 5.46188799e-04 4.46227208e-05
  2.68605334e-06 8.94609878e-06 1.27320659e-06 8.71221365e-07]
 [5.76453022e-05 4.25408823e-05 1.29722980e-04 2.46730033e-06
  1.28392262e-06 1.63906833e-07 2.66272231e-04 2.36831854e-05
  1.78448129e-06 4.63742925e-06 1.74844798e-07 4.62154354e-07]
 [6.70883705e-05 5.24549604e-05 6.11711009e-05 4.24619445e-06
  8.77528775e-07 1.57107618e-07 3.21177863e-04 2.80819229e-05
  1.92152745e-06 3.44316268e-06 8.07348225e-07 1.29070018e-07]
 [1.02959193e-04 4.91735071e-05 7.33193688e-05 8.44910316e-07
  1.60211427e-06 8.60139293e-08 2.10719770e-04 9.99790347e-06
  1.24778298e-06 8.24635221e-06 6.55107531e-07 7.91034665e-07]
 [1.14706100e-04 5.83482187e-05 7.65231915e-05 2.80414487e-06
  1.22551566e-06 1.37125445e-07 2.85758246e-04 8.72120306e-06
  8.59501490e-07 3.99814323e-06 6.28535632e-07 3.41826622e-07]
 [1.08215973e-04 3.01113659e-05 7.20828709e-05 4.93176911e-06
  2.91756416e-06 3.54542214e-07 1.09697883e-04 1.31282780e-05
  2.35532642e-06 3.33575335e-06 4.46673684e-07 2.38566642e-07]]
Done!, time = 4.318262100219727s
