Begin!
Data shape = (250000, 5)
Begin sort function!
In centrality 0
In centrality 1
In centrality 2
In centrality 3
In centrality 4
In centrality 5
In centrality 6
end function sorter
Data shape = (250000, 5)
Begin sort function!
In centrality 0
In centrality 1
In centrality 2
In centrality 3
In centrality 4
In centrality 5
In centrality 6
end function sorter
Data shape = (250000, 5)
Begin sort function!
In centrality 0
In centrality 1
In centrality 2
In centrality 3
In centrality 4
In centrality 5
In centrality 6
end function sorter
Data shape = (250000, 5)
Begin sort function!
In centrality 0
In centrality 1
In centrality 2
In centrality 3
In centrality 4
In centrality 5
In centrality 6
end function sorter
Final results shape = (4, 7, 12)
mean value:
[[ 1.72432612e-02  9.54064638e-03  1.37053772e-02  1.15119151e-04
  -9.99431950e-08 -1.78627806e-06  9.28373983e-01  1.27252352e-03
  -4.04703068e-06 -3.29033531e-04  3.11898616e-05 -2.49721798e-05]
 [ 1.97158627e-02  1.01732317e-02  1.47370266e-02  1.03590370e-04
  -3.15166765e-07 -2.38765012e-06  9.23209399e-01  1.30705216e-03
  -1.66868288e-08 -3.61317418e-04  3.43654240e-05 -2.93422475e-05]
 [ 2.11237765e-02  1.08683434e-02  1.56350389e-02  8.62341362e-05
   1.47261917e-06 -3.30870020e-06  9.20228089e-01  1.31127070e-03
   2.45852613e-06 -3.64009825e-04  3.47838405e-05 -3.00283156e-05]
 [ 2.24292014e-02  1.15950910e-02  1.66104162e-02  6.09176738e-05
  -1.61524633e-08 -3.13768960e-06  9.18133075e-01  1.34402016e-03
   4.69282334e-06 -3.59602167e-04  3.64096204e-05 -3.07236913e-05]
 [ 2.32334119e-02  1.22805512e-02  1.74830269e-02  4.69247215e-05
   4.71667241e-07 -2.40204224e-06  9.17003695e-01  1.36700765e-03
   6.41215398e-06 -3.46142638e-04  3.71326607e-05 -3.02410456e-05]
 [ 2.42009980e-02  1.30618327e-02  1.81987637e-02  3.76613349e-05
  -1.84414683e-06 -2.43618669e-06  9.15821913e-01  1.40213518e-03
   7.47655104e-06 -3.40036515e-04  3.88214268e-05 -3.08637206e-05]
 [ 2.50932117e-02  1.38850008e-02  1.88546080e-02  2.60972626e-05
  -3.08380524e-06 -2.26043397e-06  9.15499685e-01  1.43868919e-03
   8.84912612e-06 -3.34875208e-04  4.06036114e-05 -3.14856342e-05]]
std error:
[[8.89171802e-05 1.42931200e-04 1.68140870e-04 8.73833821e-06
  1.22078847e-06 3.53046324e-07 4.03175612e-04 8.29904376e-06
  8.20567770e-07 8.42526135e-06 9.10258580e-07 1.06341832e-06]
 [1.00541236e-04 1.02713629e-04 1.23353438e-04 7.65329106e-06
  1.96177626e-06 4.82945881e-07 2.74950063e-04 1.71963996e-05
  1.27158974e-06 6.42618694e-06 9.66298192e-07 7.70065796e-07]
 [9.71672512e-05 6.80199739e-05 9.89007565e-05 5.94217877e-06
  1.19028772e-06 3.70059471e-07 8.44099699e-05 9.04403005e-06
  9.95076390e-07 8.47895375e-06 9.28320852e-07 1.14860694e-06]
 [1.97572140e-04 2.99466741e-05 9.77537506e-05 8.28378675e-06
  1.07938458e-06 3.78590024e-07 1.78482467e-04 1.57016880e-05
  4.18095027e-07 9.15556732e-06 9.02808315e-07 1.37022486e-06]
 [7.59491363e-05 6.04336825e-05 9.89027059e-05 4.80625783e-06
  2.30891347e-06 2.75018631e-07 1.33010782e-04 1.32429938e-05
  6.17124160e-07 6.10687931e-06 6.54730475e-07 6.46971435e-07]
 [7.21998401e-05 5.94731072e-05 4.04874689e-05 9.37215178e-06
  1.88450798e-06 4.66212436e-07 1.30254730e-04 1.90218303e-05
  8.50744923e-07 6.49468326e-06 4.80436507e-07 8.92154503e-07]
 [1.81099314e-04 8.96307003e-05 1.45598091e-04 1.07191267e-05
  1.11663500e-06 3.53982709e-07 8.04927448e-05 7.42147518e-06
  3.38475546e-07 2.16768440e-06 2.57703061e-07 2.59068900e-07]]
Done!, time = 4.224428415298462s
