Begin!
Data shape = (250000, 5)
Begin sort function!
In centrality 0
In centrality 1
In centrality 2
In centrality 3
In centrality 4
In centrality 5
In centrality 6
end function sorter
Data shape = (250000, 5)
Begin sort function!
In centrality 0
In centrality 1
In centrality 2
In centrality 3
In centrality 4
In centrality 5
In centrality 6
end function sorter
Data shape = (250000, 5)
Begin sort function!
In centrality 0
In centrality 1
In centrality 2
In centrality 3
In centrality 4
In centrality 5
In centrality 6
end function sorter
Data shape = (250000, 5)
Begin sort function!
In centrality 0
In centrality 1
In centrality 2
In centrality 3
In centrality 4
In centrality 5
In centrality 6
end function sorter
Final results shape = (4, 7, 12)
mean value:
[[ 1.77870761e-02  1.09164227e-02  1.57653534e-02  2.14883448e-05
  -2.06122883e-06 -1.60178041e-06  8.56416808e-01  5.46779782e-03
   1.90053427e-04 -1.89688619e-04  9.63492085e-05 -1.29184267e-05]
 [ 1.92060766e-02  1.16317474e-02  1.65697515e-02  7.28237437e-06
  -2.12731312e-06 -1.53245178e-06  8.37452834e-01  5.22410415e-03
   1.73998711e-04 -1.92669225e-04  9.97618942e-05 -1.30612860e-05]
 [ 2.01151453e-02  1.21316822e-02  1.73050603e-02 -2.83789407e-06
  -2.27419137e-06 -1.21482789e-06  8.26563805e-01  5.18686693e-03
   1.82393033e-04 -2.05879207e-04  1.03634269e-04 -1.49830234e-05]
 [ 2.09676931e-02  1.27041662e-02  1.80667814e-02 -1.67335413e-05
  -3.62773604e-06 -9.91874178e-07  8.17537590e-01  5.26376024e-03
   1.90144255e-04 -2.12399518e-04  1.08755474e-04 -1.54333596e-05]
 [ 2.14983966e-02  1.30836921e-02  1.85784340e-02 -2.24860830e-05
  -2.66386607e-06 -8.77375896e-07  8.12196428e-01  5.38201608e-03
   2.02177531e-04 -2.03982399e-04  1.15208331e-04 -1.50598057e-05]
 [ 2.21119481e-02  1.35783722e-02  1.93369442e-02 -2.36729098e-05
  -5.44678882e-06 -7.38906451e-07  8.07853393e-01  5.43871889e-03
   2.03176336e-04 -2.14285896e-04  1.18240188e-04 -1.61507008e-05]
 [ 2.25482482e-02  1.39932319e-02  1.98184533e-02 -2.66628584e-05
  -4.51901929e-06 -6.91783565e-07  8.04204156e-01  5.55708675e-03
   2.04711102e-04 -2.17409227e-04  1.23096704e-04 -1.64223381e-05]]
std error:
[[1.73940711e-04 7.97775318e-05 1.41339989e-04 3.87658048e-06
  1.40221273e-06 2.08820393e-07 4.58434337e-04 6.23813996e-05
  1.16316181e-05 1.01979963e-05 1.98536331e-06 7.71047244e-07]
 [1.84020247e-04 3.73861561e-05 1.36918508e-04 2.19270391e-06
  2.50344244e-06 2.27426810e-07 1.55130151e-04 8.09865131e-05
  1.33936685e-05 6.91276345e-06 1.51672981e-06 5.90619633e-07]
 [1.01048500e-04 6.18699208e-05 7.21018830e-05 4.13919657e-06
  1.66812305e-06 9.97653696e-08 1.71962715e-04 6.48973777e-05
  8.28446700e-06 1.09304888e-05 1.61005724e-06 1.07457254e-06]
 [3.46070801e-05 3.97848222e-05 1.12915795e-04 4.95808970e-06
  1.89190016e-06 2.97167649e-07 9.43108625e-05 1.82399010e-05
  3.58706368e-06 5.00096958e-06 6.81202105e-07 2.04317939e-07]
 [1.02471174e-04 5.29652342e-05 3.90500709e-05 5.42440245e-06
  2.45983706e-06 2.68688359e-07 1.81419815e-04 5.10765878e-05
  5.00573330e-06 1.35706824e-05 1.01440170e-06 1.07211586e-06]
 [1.07698161e-04 1.03433222e-04 9.85819447e-05 4.28551720e-06
  1.08174640e-06 2.28119553e-07 3.74222116e-04 5.83476548e-05
  7.94479414e-06 3.35592171e-06 1.87981255e-07 1.91192251e-07]
 [6.40568362e-05 6.18232637e-05 1.22755326e-04 4.92687751e-06
  2.88544202e-06 2.27394903e-07 7.31865333e-04 3.09554369e-05
  1.02178237e-05 3.62609603e-06 1.83970129e-06 1.69251371e-07]]
Done!, time = 4.654372453689575s
