Begin!
Data shape = (250000, 5)
Begin sort function!
In centrality 0
In centrality 1
In centrality 2
In centrality 3
In centrality 4
In centrality 5
In centrality 6
end function sorter
Data shape = (250000, 5)
Begin sort function!
In centrality 0
In centrality 1
In centrality 2
In centrality 3
In centrality 4
In centrality 5
In centrality 6
end function sorter
Data shape = (250000, 5)
Begin sort function!
In centrality 0
In centrality 1
In centrality 2
In centrality 3
In centrality 4
In centrality 5
In centrality 6
end function sorter
Data shape = (250000, 5)
Begin sort function!
In centrality 0
In centrality 1
In centrality 2
In centrality 3
In centrality 4
In centrality 5
In centrality 6
end function sorter
Final results shape = (4, 7, 12)
mean value:
[[ 1.30305770e-02  9.65836731e-03  1.48472996e-02  2.19568163e-05
   3.76859630e-06 -6.18998779e-07  8.57840524e-01  7.49628747e-04
  -2.41519874e-06 -1.29969298e-04  1.22040686e-05 -6.51101064e-06]
 [ 1.43406458e-02  1.03832925e-02  1.58820433e-02  1.15012726e-05
   7.61770210e-07 -6.10758457e-07  8.54971679e-01  7.70100423e-04
  -1.03007153e-06 -1.31897457e-04  1.30225314e-05 -6.88659049e-06]
 [ 1.51065873e-02  1.10243503e-02  1.69035311e-02  5.51298936e-06
   3.02398313e-06 -6.30122080e-07  8.53219183e-01  7.75080096e-04
   2.26383567e-07 -1.26402181e-04  1.32134583e-05 -6.84023997e-06]
 [ 1.60123979e-02  1.18315631e-02  1.76404445e-02 -1.78584668e-06
   1.38923823e-06 -4.35002851e-07  8.52163597e-01  7.94398577e-04
   5.96255856e-07 -1.22191841e-04  1.40610513e-05 -6.94470004e-06]
 [ 1.68050323e-02  1.27038578e-02  1.83844800e-02 -6.26250975e-06
  -1.03559251e-07 -2.70400379e-07  8.51457344e-01  8.16382875e-04
   1.46580786e-06 -1.15480852e-04  1.48806749e-05 -6.82297823e-06]
 [ 1.75098914e-02  1.35279168e-02  1.88551544e-02 -4.63025941e-06
  -5.62725244e-08 -3.57500623e-07  8.51099839e-01  8.32164891e-04
   1.62604436e-06 -1.15881030e-04  1.57000741e-05 -7.29115843e-06]
 [ 1.82833219e-02  1.43893036e-02  1.92452051e-02 -8.76727312e-06
  -3.34802762e-06 -4.06680009e-07  8.51085615e-01  8.59633374e-04
   2.11353133e-06 -1.12887764e-04  1.69073138e-05 -7.49957611e-06]]
std error:
[[1.22400674e-04 1.18338727e-04 1.21085524e-04 2.37870970e-06
  1.11345355e-06 1.56040653e-07 2.03676377e-04 1.38882302e-05
  3.64977992e-07 3.21072344e-06 4.35245513e-07 3.23184399e-07]
 [1.67724472e-04 7.56519811e-05 8.59133869e-05 3.80084754e-06
  1.96189138e-06 1.41922221e-07 1.81657998e-04 6.31142349e-06
  1.68291300e-07 2.95020959e-06 1.48325401e-07 2.67857188e-07]
 [6.09844253e-05 6.45210302e-05 1.13105235e-04 1.85959084e-06
  1.14411951e-06 2.15097945e-08 1.10183502e-04 6.16721791e-06
  1.72119823e-07 2.85262605e-06 4.01676265e-08 1.99531458e-07]
 [6.86564787e-05 7.70889576e-05 4.75130101e-05 3.93529185e-06
  1.10315354e-06 8.05062883e-08 2.50710507e-04 4.57332926e-06
  1.54766260e-07 2.64370434e-06 1.47887389e-07 1.37409576e-07]
 [1.08881638e-04 4.58112019e-05 1.25739163e-04 2.50546032e-06
  1.78167225e-06 6.12342490e-08 9.59802114e-05 6.70279851e-06
  1.75927550e-07 1.02565114e-06 1.92661839e-07 8.22569105e-08]
 [8.82533922e-05 1.12952819e-04 3.86567922e-05 3.20856765e-06
  1.56678019e-06 1.61824699e-07 1.30612596e-04 3.34875883e-06
  2.78776286e-07 2.10914460e-06 2.13329488e-07 2.97159697e-07]
 [6.77782360e-05 6.13676512e-05 7.57677242e-05 2.31661695e-06
  2.51249106e-06 1.13586763e-07 1.94237627e-04 3.40083647e-06
  3.46126367e-07 2.49347555e-06 1.01499645e-07 1.46606451e-07]]
Done!, time = 4.144438028335571s
