Begin!
Data shape = (250000, 5)
Begin sort function!
In centrality 0
In centrality 1
In centrality 2
In centrality 3
In centrality 4
In centrality 5
In centrality 6
end function sorter
Data shape = (250000, 5)
Begin sort function!
In centrality 0
In centrality 1
In centrality 2
In centrality 3
In centrality 4
In centrality 5
In centrality 6
end function sorter
Data shape = (250000, 5)
Begin sort function!
In centrality 0
In centrality 1
In centrality 2
In centrality 3
In centrality 4
In centrality 5
In centrality 6
end function sorter
Data shape = (250000, 5)
Begin sort function!
In centrality 0
In centrality 1
In centrality 2
In centrality 3
In centrality 4
In centrality 5
In centrality 6
end function sorter
Final results shape = (4, 7, 12)
mean value:
[[ 1.33206151e-02  1.08154866e-02  1.60466929e-02  2.96369399e-05
  -1.02438402e-06 -2.73717073e-07  7.64512966e-01  7.61050004e-04
   1.17965877e-06 -9.55906761e-05  1.13882112e-05 -5.40394308e-06]
 [ 1.43993777e-02  1.13892633e-02  1.69343656e-02  2.57196972e-05
  -1.71032109e-06 -3.48227000e-07  7.60577335e-01  7.65577911e-04
   1.10467100e-06 -9.47889909e-05  1.21439597e-05 -5.52882037e-06]
 [ 1.54346272e-02  1.18273798e-02  1.77500397e-02  2.34985665e-05
  -1.65396241e-06 -3.86251572e-07  7.57860608e-01  7.72400494e-04
   1.55984005e-06 -1.03596576e-04  1.30064545e-05 -6.34590447e-06]
 [ 1.63242770e-02  1.22539744e-02  1.82769801e-02  1.92993846e-05
  -2.58279151e-06 -5.63047591e-07  7.55871296e-01  7.87460922e-04
   1.87517432e-06 -1.05778360e-04  1.38486675e-05 -6.56357261e-06]
 [ 1.69009574e-02  1.28512329e-02  1.88910640e-02  1.59411176e-05
  -1.86590771e-06 -5.12143565e-07  7.54508755e-01  7.94735743e-04
   2.03957648e-06 -1.05475584e-04  1.44341996e-05 -6.84508519e-06]
 [ 1.75473022e-02  1.32287659e-02  1.92590984e-02  1.52787820e-05
  -4.33189862e-06 -7.12360539e-07  7.53066389e-01  8.06592740e-04
   2.64885179e-06 -1.08624349e-04  1.49747766e-05 -7.15979429e-06]
 [ 1.80180104e-02  1.37899654e-02  1.97777482e-02  1.18773321e-05
  -2.10514742e-06 -4.50385906e-07  7.52113870e-01  8.18932339e-04
   2.82767283e-06 -1.05788945e-04  1.55815632e-05 -7.17827816e-06]]
std error:
[[7.22360577e-05 2.08905546e-05 8.25687350e-05 1.66311301e-06
  1.29058475e-06 1.58986473e-07 2.33052453e-04 8.39197173e-06
  2.82354201e-07 2.91473995e-06 3.09657219e-07 1.49183265e-07]
 [1.40452377e-04 9.07959764e-05 5.72110834e-05 3.31170652e-06
  3.24530205e-06 1.92675723e-07 1.80913222e-04 3.31741917e-06
  3.73562274e-07 4.86513517e-06 2.31579176e-07 3.42322489e-07]
 [8.60760784e-05 6.77822659e-05 1.03766315e-04 3.63338511e-06
  1.22032595e-06 1.55915810e-07 2.27469808e-04 1.46214427e-06
  1.54758288e-07 2.18790261e-06 1.98076560e-07 2.43454302e-07]
 [8.30149417e-05 7.49803695e-05 1.84450576e-04 3.65518024e-06
  1.74815185e-06 6.00553152e-08 8.98120784e-05 7.81700210e-06
  1.39766436e-07 3.27018871e-06 1.40604680e-07 1.87450990e-07]
 [1.00436247e-04 3.11611137e-05 5.49447290e-05 3.93581650e-06
  1.82372418e-06 1.35441051e-07 1.44634675e-04 6.22256741e-06
  3.95934537e-07 2.53092423e-06 2.26661535e-07 3.91347205e-07]
 [1.02881077e-04 5.25950071e-05 9.33598804e-05 2.61635932e-06
  2.06010081e-06 8.90289686e-08 7.45209876e-05 6.82734951e-06
  3.44227040e-07 3.43313192e-06 3.38165772e-07 3.94591795e-07]
 [1.56385554e-04 5.98046920e-05 5.57106366e-05 2.86624416e-06
  1.86837170e-06 1.47446157e-07 1.11414509e-04 7.10387095e-06
  2.75933271e-07 3.42811261e-06 1.18716617e-07 2.58998595e-07]]
Done!, time = 3.637057304382324s
