Begin!
Data shape = (250000, 5)
Begin sort function!
In centrality 0
In centrality 1
In centrality 2
In centrality 3
In centrality 4
In centrality 5
In centrality 6
end function sorter
Data shape = (250000, 5)
Begin sort function!
In centrality 0
In centrality 1
In centrality 2
In centrality 3
In centrality 4
In centrality 5
In centrality 6
end function sorter
Data shape = (250000, 5)
Begin sort function!
In centrality 0
In centrality 1
In centrality 2
In centrality 3
In centrality 4
In centrality 5
In centrality 6
end function sorter
Data shape = (250000, 5)
Begin sort function!
In centrality 0
In centrality 1
In centrality 2
In centrality 3
In centrality 4
In centrality 5
In centrality 6
end function sorter
Final results shape = (4, 7, 12)
mean value:
[[ 1.12673415e-02  1.08889184e-02  1.64945800e-02  1.31501923e-06
  -1.07732977e-06 -9.85551125e-08  7.69935361e-01  1.38863338e-03
   1.17304902e-05 -3.92396480e-05  1.59004457e-05 -1.67077040e-06]
 [ 1.19150771e-02  1.14549451e-02  1.72305672e-02 -2.04639279e-06
  -2.26795992e-06 -1.38664702e-07  7.64570674e-01  1.39040612e-03
   1.03811480e-05 -3.58873974e-05  1.67967023e-05 -1.49634041e-06]
 [ 1.23721063e-02  1.17821459e-02  1.78062450e-02 -1.70164515e-06
  -2.33014486e-06 -9.32867314e-08  7.60969173e-01  1.38935465e-03
   1.08887985e-05 -3.59592736e-05  1.74642047e-05 -1.64261980e-06]
 [ 1.28701093e-02  1.22981853e-02  1.82961264e-02 -4.54032549e-06
  -2.66754136e-06 -7.65733872e-08  7.58072494e-01  1.40123278e-03
   1.14041090e-05 -3.53995453e-05  1.82843479e-05 -1.68754133e-06]
 [ 1.32312788e-02  1.27829494e-02  1.87467543e-02 -2.70914692e-06
  -2.91895396e-06 -4.72171002e-08  7.55942333e-01  1.40263107e-03
   1.02050654e-05 -3.09036835e-05  1.86049010e-05 -1.47811051e-06]
 [ 1.37124670e-02  1.32265272e-02  1.92402062e-02 -4.98177671e-06
  -1.62813555e-06 -2.04999143e-08  7.53962619e-01  1.42570587e-03
   1.08066259e-05 -3.25643663e-05  1.98928885e-05 -1.56889592e-06]
 [ 1.41759617e-02  1.36860988e-02  1.95919973e-02 -7.97917130e-06
  -4.66830591e-06 -6.49220033e-08  7.52809073e-01  1.44524437e-03
   1.20573217e-05 -3.17358706e-05  2.07080984e-05 -1.59347695e-06]]
std error:
[[9.63725239e-05 3.91363043e-05 9.83270145e-05 2.09584750e-06
  1.16387264e-06 6.28927102e-08 1.52588983e-04 9.28602107e-06
  4.08595889e-07 2.70834818e-06 1.89442045e-07 9.66859585e-08]
 [7.06108389e-05 4.54558559e-05 1.61753311e-04 1.53414169e-06
  9.04989796e-07 8.22393267e-08 8.51886160e-05 6.30740347e-06
  1.14610694e-06 1.51888654e-06 2.91135133e-07 8.72509857e-08]
 [3.68577302e-05 6.19897729e-05 1.14667511e-04 5.64313074e-07
  1.69202529e-06 2.52383569e-08 1.67723762e-04 8.92047370e-06
  6.89345605e-07 2.13951987e-06 1.79526025e-07 1.32276489e-07]
 [6.03206714e-05 5.55553091e-05 8.90495001e-05 1.73328098e-06
  8.90997927e-07 5.24054800e-08 1.41565263e-04 1.78397774e-05
  8.29661148e-07 4.52637171e-06 2.29489733e-07 2.06578241e-07]
 [1.51846254e-05 4.51042592e-05 8.54632534e-05 1.84453943e-06
  6.46103071e-07 5.93431763e-08 3.32524489e-04 7.55612662e-06
  5.71769114e-07 2.41228203e-06 1.35081593e-07 1.86108248e-07]
 [8.79886095e-05 9.26218892e-05 1.06719230e-04 1.97694038e-06
  2.23316524e-06 5.28968953e-08 1.90216540e-04 5.62442102e-06
  1.01423495e-06 3.35257939e-06 1.49639471e-07 1.61834505e-07]
 [7.63552168e-05 7.59188938e-05 5.11796168e-05 2.58398772e-06
  2.06293452e-06 9.71417074e-08 2.59351879e-04 1.01803020e-05
  9.48589846e-07 3.35050022e-06 7.40882616e-08 2.28390602e-07]]
Done!, time = 3.920443296432495s
