Begin!
Data shape = (250000, 5)
Begin sort function!
In centrality 0
In centrality 1
In centrality 2
In centrality 3
In centrality 4
In centrality 5
In centrality 6
end function sorter
Data shape = (250000, 5)
Begin sort function!
In centrality 0
In centrality 1
In centrality 2
In centrality 3
In centrality 4
In centrality 5
In centrality 6
end function sorter
Data shape = (250000, 5)
Begin sort function!
In centrality 0
In centrality 1
In centrality 2
In centrality 3
In centrality 4
In centrality 5
In centrality 6
end function sorter
Data shape = (250000, 5)
Begin sort function!
In centrality 0
In centrality 1
In centrality 2
In centrality 3
In centrality 4
In centrality 5
In centrality 6
end function sorter
Final results shape = (4, 7, 12)
mean value:
[[ 1.52973191e-02  1.06846551e-02  1.58706267e-02  5.90797097e-05
  -1.39595350e-06 -7.79197519e-07  7.66502823e-01  7.62935678e-04
  -1.20191109e-06 -1.69760799e-04  1.50033250e-05 -1.11022847e-05]
 [ 1.69326806e-02  1.12644337e-02  1.68886406e-02  5.13948679e-05
  -8.76183508e-07 -1.38940770e-06  7.62430203e-01  7.68857283e-04
  -1.59028492e-07 -1.79088427e-04  1.59101824e-05 -1.23075313e-05]
 [ 1.82564527e-02  1.18246264e-02  1.74961403e-02  4.01428631e-05
  -1.75715075e-06 -1.33814564e-06  7.59681282e-01  7.80754660e-04
   5.93416136e-07 -1.85751325e-04  1.69350562e-05 -1.31930221e-05]
 [ 1.93348300e-02  1.23983892e-02  1.82399769e-02  3.25109747e-05
  -2.56641209e-06 -1.46743749e-06  7.57367768e-01  7.89743360e-04
   1.41587785e-06 -1.88207062e-04  1.74053954e-05 -1.37808571e-05]
 [ 2.02197849e-02  1.29032495e-02  1.88443329e-02  2.11285193e-05
  -5.07724814e-06 -1.39318333e-06  7.55754179e-01  8.00324331e-04
   1.88165385e-06 -1.89054966e-04  1.82170469e-05 -1.41621782e-05]
 [ 2.10475061e-02  1.33111528e-02  1.93896269e-02  1.38232591e-05
  -2.69266694e-06 -1.28121391e-06  7.54349002e-01  8.10535571e-04
   2.48309502e-06 -1.89194465e-04  1.88329619e-05 -1.45413023e-05]
 [ 2.18848678e-02  1.38815329e-02  1.99590576e-02  1.23971002e-05
  -3.47256003e-06 -1.48749908e-06  7.53278251e-01  8.22810042e-04
   2.76936559e-06 -1.90828844e-04  1.96916975e-05 -1.53178321e-05]]
std error:
[[1.43860096e-04 9.73716197e-05 1.07033172e-04 7.10525972e-06
  2.11118260e-06 2.80268290e-07 9.72061001e-05 1.40780199e-05
  2.32593060e-07 4.02244017e-06 4.70719257e-07 5.50932120e-07]
 [2.17569747e-04 1.19841527e-04 2.07001343e-04 3.18202900e-06
  1.87327788e-06 2.74381042e-07 1.34497428e-04 8.23071821e-06
  2.77294539e-07 4.79543812e-06 3.11564161e-07 4.20797993e-07]
 [7.15028849e-05 4.25022431e-05 1.55317444e-04 1.55894502e-06
  1.83085970e-06 2.14509064e-07 1.10685212e-04 5.31708496e-06
  2.83523227e-07 1.80737087e-06 2.56381377e-07 1.56541301e-07]
 [7.74455268e-05 8.25176713e-05 9.71223279e-05 2.80558171e-06
  1.91751522e-06 1.64933084e-07 9.24699564e-05 7.57787259e-06
  1.55170899e-07 3.63544821e-06 2.18046696e-07 3.09447369e-07]
 [2.14480097e-04 5.18529774e-05 9.78315610e-05 2.31932580e-06
  1.42665501e-06 2.99993394e-07 1.99149171e-04 5.26027101e-06
  2.89147663e-07 5.63600628e-06 3.07520982e-07 4.29659802e-07]
 [4.70203379e-05 9.97005589e-05 8.28843478e-05 2.93035900e-06
  2.10012439e-06 1.52631699e-07 1.94572224e-04 4.25334575e-06
  3.25632832e-07 4.41304078e-06 1.71804622e-07 4.18372602e-07]
 [8.36778232e-05 1.02740297e-04 1.49179926e-04 9.29469317e-06
  5.02591480e-06 2.41499340e-07 3.28949433e-05 2.73703681e-06
  4.09479202e-07 2.85824480e-06 1.09744722e-07 4.91123553e-07]]
Done!, time = 4.0434675216674805s
