Begin!
Data shape = (250000, 5)
Begin sort function!
In centrality 0
In centrality 1
In centrality 2
In centrality 3
In centrality 4
In centrality 5
In centrality 6
end function sorter
Data shape = (250000, 5)
Begin sort function!
In centrality 0
In centrality 1
In centrality 2
In centrality 3
In centrality 4
In centrality 5
In centrality 6
end function sorter
Data shape = (250000, 5)
Begin sort function!
In centrality 0
In centrality 1
In centrality 2
In centrality 3
In centrality 4
In centrality 5
In centrality 6
end function sorter
Data shape = (250000, 5)
Begin sort function!
In centrality 0
In centrality 1
In centrality 2
In centrality 3
In centrality 4
In centrality 5
In centrality 6
end function sorter
Final results shape = (4, 7, 12)
mean value:
[[ 1.15986906e-02  1.06759606e-02  1.60354709e-02  1.07590218e-05
  -1.77326031e-07 -1.03240170e-07  8.14353698e-01  1.69859629e-03
   1.52205597e-05 -5.08491858e-05  2.00828116e-05 -2.55067282e-06]
 [ 1.23654396e-02  1.10953751e-02  1.65900568e-02  1.20188801e-05
  -1.00292153e-06 -1.20397890e-07  8.08017500e-01  1.69119455e-03
   1.48655835e-05 -5.32316902e-05  2.14160689e-05 -2.81295116e-06]
 [ 1.28931896e-02  1.16772391e-02  1.72652373e-02  1.07115807e-05
  -1.19158094e-06 -1.89086316e-07  8.04859510e-01  1.67816567e-03
   1.48486381e-05 -5.21292152e-05  2.20208433e-05 -2.66873928e-06]
 [ 1.34768664e-02  1.21579200e-02  1.78331136e-02  8.48250888e-06
  -9.07052828e-07 -1.39559525e-07  8.01776937e-01  1.70600413e-03
   1.49857674e-05 -5.52533163e-05  2.35747095e-05 -2.92635290e-06]
 [ 1.39509835e-02  1.25814309e-02  1.84142298e-02  1.07553413e-05
  -2.13093251e-06 -2.09605228e-07  7.99941738e-01  1.74136966e-03
   1.50108001e-05 -5.63987592e-05  2.48108010e-05 -3.23433587e-06]
 [ 1.45209790e-02  1.31019664e-02  1.88670536e-02  6.45633587e-06
  -4.06173642e-06 -2.48206594e-07  7.98017426e-01  1.75293222e-03
   1.58219983e-05 -5.51584641e-05  2.60125160e-05 -3.14102449e-06]
 [ 1.50412609e-02  1.36235143e-02  1.93385791e-02  6.50039733e-06
  -4.11623061e-06 -1.64571031e-07  7.96842391e-01  1.75359708e-03
   1.61714695e-05 -5.32654101e-05  2.67706258e-05 -3.14386601e-06]]
std error:
[[8.27722301e-05 1.08271305e-04 1.13968794e-04 1.60544071e-06
  1.40091353e-06 1.03288634e-07 2.93874020e-04 1.48003233e-05
  1.22835476e-06 6.23904369e-06 3.78226069e-07 2.38244479e-07]
 [9.80930222e-05 5.35519418e-05 1.44249823e-04 3.53241547e-06
  8.22521243e-07 1.28367389e-07 7.39144471e-05 1.29468732e-05
  2.37221181e-06 6.17975708e-06 1.07337668e-07 3.66901206e-07]
 [8.99239807e-05 3.44670031e-05 5.84280083e-05 1.22611358e-06
  8.99679001e-07 9.95628577e-08 2.89341658e-04 8.98903158e-06
  1.02632285e-06 2.70452903e-06 2.71180714e-07 1.28272133e-07]
 [1.03396122e-04 6.44999381e-05 1.03800412e-04 1.44242966e-06
  1.34309070e-06 5.85479391e-08 4.47351246e-04 1.19353595e-05
  1.09937808e-06 2.92079186e-06 2.04681761e-07 2.26719625e-07]
 [8.43177284e-05 8.91320624e-05 7.68248631e-05 3.51140019e-06
  2.10474366e-06 1.92950605e-08 7.99937610e-05 2.20760874e-05
  9.97709123e-07 4.27380726e-06 2.60434976e-07 2.80046813e-07]
 [1.42795727e-04 8.40142069e-05 4.60906702e-05 1.75690478e-06
  2.52910238e-06 1.21959274e-07 6.35721804e-05 2.14125128e-05
  2.11211820e-06 6.29389896e-06 7.56499830e-07 3.38654129e-07]
 [8.45863778e-05 4.92889592e-05 7.08724839e-05 2.71370312e-06
  9.35904012e-07 1.83429205e-08 2.14483243e-04 1.35796664e-05
  5.84125657e-07 6.07895098e-06 2.62464415e-07 4.90523782e-07]]
Done!, time = 3.92228627204895s
