Begin!
Data shape = (250000, 5)
Begin sort function!
In centrality 0
In centrality 1
In centrality 2
In centrality 3
In centrality 4
In centrality 5
In centrality 6
end function sorter
Data shape = (250000, 5)
Begin sort function!
In centrality 0
In centrality 1
In centrality 2
In centrality 3
In centrality 4
In centrality 5
In centrality 6
end function sorter
Data shape = (250000, 5)
Begin sort function!
In centrality 0
In centrality 1
In centrality 2
In centrality 3
In centrality 4
In centrality 5
In centrality 6
end function sorter
Data shape = (250000, 5)
Begin sort function!
In centrality 0
In centrality 1
In centrality 2
In centrality 3
In centrality 4
In centrality 5
In centrality 6
end function sorter
Final results shape = (4, 7, 12)
mean value:
[[ 1.56837863e-02  1.08564028e-02  1.57596119e-02  3.59554761e-05
  -2.30236092e-06 -1.03533629e-06  7.68271879e-01  8.46774277e-04
  -1.80518995e-06 -1.69943721e-04  1.59201560e-05 -1.01314263e-05]
 [ 1.71983861e-02  1.13429759e-02  1.69644735e-02  1.88533524e-05
  -1.46747993e-06 -1.37052758e-06  7.63485117e-01  8.57085424e-04
  -3.57696097e-07 -1.71464177e-04  1.67787384e-05 -1.06732720e-05]
 [ 1.82330522e-02  1.18414122e-02  1.75453294e-02  1.13328670e-05
  -1.45731815e-06 -1.19690930e-06  7.60382814e-01  8.72212842e-04
   5.76304415e-07 -1.72398729e-04  1.76211586e-05 -1.11503680e-05]
 [ 1.91366909e-02  1.23972891e-02  1.82971041e-02 -4.49261078e-06
  -1.67115827e-06 -1.01807345e-06  7.57668948e-01  8.79763641e-04
   1.33639648e-06 -1.66313747e-04  1.82462205e-05 -1.09555285e-05]
 [ 1.98516728e-02  1.28088663e-02  1.89452355e-02 -8.68309337e-06
  -6.17261642e-07 -1.04869207e-06  7.55700458e-01  8.94216762e-04
   1.56231179e-06 -1.63419941e-04  1.88173040e-05 -1.10865983e-05]
 [ 2.02071962e-02  1.33231369e-02  1.94696064e-02 -1.66066303e-05
  -1.27173469e-06 -5.23982437e-07  7.54270002e-01  9.00684292e-04
   1.61558009e-06 -1.54366250e-04  1.91955595e-05 -1.06963783e-05]
 [ 2.09449372e-02  1.38651530e-02  2.01038370e-02 -1.95951690e-05
  -1.05650239e-06 -6.04606350e-07  7.52936883e-01  9.20367350e-04
   3.02892128e-06 -1.55087867e-04  1.98836119e-05 -1.10098160e-05]]
std error:
[[6.97151433e-05 7.59874347e-05 6.60229135e-05 4.80500519e-06
  2.10474229e-06 8.37760695e-08 3.44794770e-04 5.82746021e-06
  1.97096546e-07 2.32011191e-06 3.73405420e-07 3.50146796e-07]
 [1.55943155e-04 1.05443532e-04 8.30096847e-05 3.24277353e-06
  2.40899125e-06 2.79736996e-07 9.99840499e-05 1.01013808e-05
  2.67228843e-07 5.72497198e-06 3.51290639e-07 5.14948912e-07]
 [1.68503498e-04 4.09965854e-05 6.75317172e-05 2.97061618e-06
  1.64059143e-06 1.08904105e-07 1.86597886e-04 5.61965207e-06
  2.68206607e-07 1.48768788e-06 1.43366953e-07 8.85488851e-08]
 [1.00170593e-04 3.91735642e-05 9.15766515e-05 3.60250643e-06
  3.14163235e-06 1.13909497e-07 1.66900432e-04 8.36938999e-06
  4.20695063e-07 1.98659513e-06 2.45704574e-08 2.02150626e-07]
 [2.18437688e-05 1.16008730e-05 2.07358038e-04 1.44820905e-06
  1.19519752e-06 1.87574430e-07 2.08103212e-04 1.19018431e-05
  2.67139599e-07 3.83672147e-06 3.41688656e-07 2.43879484e-07]
 [1.07444728e-04 8.64829578e-05 7.47726894e-05 3.47282891e-06
  1.69602336e-06 2.72102617e-07 1.00707665e-04 5.51723120e-06
  5.36072145e-07 2.13484005e-06 3.08910655e-07 2.38327348e-07]
 [9.07981933e-05 8.46648969e-05 7.22560183e-05 4.60892311e-06
  1.50523135e-06 2.13028956e-07 1.56163255e-04 5.74138302e-06
  5.36749672e-07 2.56054892e-06 1.61279544e-07 1.70586832e-07]]
Done!, time = 4.340407133102417s
