Begin!
Data shape = (250000, 5)
Begin sort function!
In centrality 0
In centrality 1
In centrality 2
In centrality 3
In centrality 4
In centrality 5
In centrality 6
end function sorter
Data shape = (250000, 5)
Begin sort function!
In centrality 0
In centrality 1
In centrality 2
In centrality 3
In centrality 4
In centrality 5
In centrality 6
end function sorter
Data shape = (250000, 5)
Begin sort function!
In centrality 0
In centrality 1
In centrality 2
In centrality 3
In centrality 4
In centrality 5
In centrality 6
end function sorter
Data shape = (250000, 5)
Begin sort function!
In centrality 0
In centrality 1
In centrality 2
In centrality 3
In centrality 4
In centrality 5
In centrality 6
end function sorter
Final results shape = (4, 7, 12)
mean value:
[[ 1.24666599e-02  1.07845261e-02  1.53693471e-02  1.39896650e-05
  -1.71920554e-06  3.17371024e-08  8.97907239e-01  6.45872157e-03
   2.68342448e-04 -7.31109950e-05  7.92613360e-05 -4.13365568e-06]
 [ 1.31260500e-02  1.14482012e-02  1.62552508e-02  1.67832702e-05
  -1.57230690e-07 -1.74720208e-07  8.80160710e-01  6.18098513e-03
   2.41892224e-04 -6.95092423e-05  8.04472100e-05 -3.66984055e-06]
 [ 1.38526859e-02  1.19647926e-02  1.69058092e-02  1.30520477e-05
  -1.28059166e-06 -1.96723819e-07  8.68385536e-01  6.10102192e-03
   2.34406837e-04 -7.95987273e-05  8.31826730e-05 -4.51006201e-06]
 [ 1.44500463e-02  1.24167641e-02  1.75256869e-02  1.21120722e-05
  -4.28359584e-07 -2.79571402e-07  8.60413915e-01  6.16221804e-03
   2.39134745e-04 -6.94202515e-05  8.87843344e-05 -4.19845406e-06]
 [ 1.50043907e-02  1.29342899e-02  1.80530759e-02  1.30578900e-05
  -4.09714065e-06 -3.53273939e-07  8.55613394e-01  6.29791693e-03
   2.53131175e-04 -7.68491053e-05  9.40146944e-05 -4.82485684e-06]
 [ 1.54391766e-02  1.32798150e-02  1.85606072e-02  1.12269614e-05
  -3.14194235e-06 -3.11443116e-07  8.52110081e-01  6.40909702e-03
   2.60558348e-04 -8.20144818e-05  9.78949748e-05 -5.35412484e-06]
 [ 1.59610579e-02  1.38078274e-02  1.91855682e-02  1.34043824e-05
  -3.06250282e-06 -3.47519005e-07  8.49466303e-01  6.52554373e-03
   2.62085131e-04 -8.07442921e-05  1.03173770e-04 -5.39948602e-06]]
std error:
[[6.83278738e-05 7.95209771e-05 1.03304773e-04 3.88417398e-06
  1.07733650e-06 1.72190050e-07 5.42211482e-04 2.04599166e-05
  8.46134661e-06 4.08496984e-06 3.57881926e-07 1.93872148e-07]
 [1.39486907e-04 8.17013444e-05 1.08370519e-04 8.20082172e-07
  8.47585889e-07 1.16901200e-07 8.92877722e-04 6.15653671e-05
  1.95101960e-05 9.06682016e-06 1.15202985e-06 5.47556203e-07]
 [1.10647363e-04 7.46124941e-05 5.88916508e-05 1.66420259e-06
  9.64882143e-07 2.04861947e-07 3.23015521e-04 4.00626622e-05
  3.51461025e-06 4.99503108e-06 8.11488987e-07 3.95356607e-07]
 [3.61891852e-05 7.86607214e-05 5.22512356e-05 1.69151097e-06
  3.40515245e-07 3.75147560e-08 3.44398784e-04 1.18275093e-05
  5.42080525e-06 4.33549160e-06 3.95744662e-07 3.38433859e-07]
 [5.14713965e-05 1.08138197e-04 1.03271269e-04 2.34071663e-06
  1.53695480e-06 9.39258365e-08 4.50417464e-04 5.56550353e-05
  6.83872950e-06 7.62801572e-06 6.35062235e-07 4.09083998e-07]
 [1.42685884e-04 5.70098872e-05 9.59964351e-05 5.67576157e-06
  2.14623005e-06 1.04830734e-07 4.19875543e-04 8.13376529e-05
  4.98687809e-06 8.57605189e-06 1.96964437e-06 4.90623298e-07]
 [3.25402252e-05 8.51807868e-05 6.83872845e-05 3.67179258e-06
  1.08594090e-06 1.16992725e-07 4.13071642e-04 2.48949035e-05
  1.19398791e-05 8.17736385e-06 7.64809336e-07 7.30734626e-07]]
Done!, time = 4.180424928665161s
