Begin!
Data shape = (250000, 5)
Begin sort function!
In centrality 0
In centrality 1
In centrality 2
In centrality 3
In centrality 4
In centrality 5
In centrality 6
end function sorter
Data shape = (250000, 5)
Begin sort function!
In centrality 0
In centrality 1
In centrality 2
In centrality 3
In centrality 4
In centrality 5
In centrality 6
end function sorter
Data shape = (250000, 5)
Begin sort function!
In centrality 0
In centrality 1
In centrality 2
In centrality 3
In centrality 4
In centrality 5
In centrality 6
end function sorter
Data shape = (250000, 5)
Begin sort function!
In centrality 0
In centrality 1
In centrality 2
In centrality 3
In centrality 4
In centrality 5
In centrality 6
end function sorter
Final results shape = (4, 7, 12)
mean value:
[[ 1.61417721e-02  1.03382260e-02  1.54424345e-02  1.16179877e-05
  -3.29372719e-07 -9.46584272e-07  8.73065104e-01  2.53609671e-03
   2.89849339e-05 -1.73989751e-04  4.31796432e-05 -1.02235485e-05]
 [ 1.71318663e-02  1.09436913e-02  1.63464845e-02  8.29548367e-07
  -1.55969020e-06 -8.56565971e-07  8.64070114e-01  2.52448158e-03
   3.23594005e-05 -1.68849283e-04  4.46499249e-05 -1.01735318e-05]
 [ 1.79681047e-02  1.15410152e-02  1.70328928e-02 -8.75066085e-06
  -3.11697168e-06 -8.25277380e-07  8.58596651e-01  2.54407562e-03
   3.25186563e-05 -1.74264804e-04  4.68289841e-05 -1.07536232e-05]
 [ 1.85353466e-02  1.20571067e-02  1.77077295e-02 -1.36731461e-05
  -2.25124614e-06 -6.86068514e-07  8.54244751e-01  2.55339356e-03
   3.48082734e-05 -1.64657493e-04  4.80772694e-05 -1.03342321e-05]
 [ 1.91894344e-02  1.26843274e-02  1.84364006e-02 -1.44254540e-05
  -1.28698360e-06 -5.24112457e-07  8.51334160e-01  2.58117058e-03
   3.49697692e-05 -1.66506281e-04  5.01987525e-05 -1.09536041e-05]
 [ 1.96934834e-02  1.32342851e-02  1.89499563e-02 -1.68029630e-05
  -3.21262813e-06 -3.94006711e-07  8.49608406e-01  2.62713288e-03
   3.62037934e-05 -1.65356340e-04  5.23477492e-05 -1.11453769e-05]
 [ 2.02319915e-02  1.38262073e-02  1.94820228e-02 -2.05317948e-05
  -3.20086751e-06 -2.53982795e-07  8.48308638e-01  2.68700224e-03
   3.72387091e-05 -1.59766273e-04  5.45424026e-05 -1.08366587e-05]]
std error:
[[6.98498964e-05 9.80107672e-05 1.30913672e-04 4.10516884e-06
  8.96101253e-07 1.38429807e-07 6.37640494e-04 3.46870666e-05
  1.85058945e-06 6.75906652e-06 1.19290351e-06 4.81104511e-07]
 [6.63000778e-05 2.24882415e-05 1.13839491e-04 7.45954593e-06
  6.97443286e-07 2.20388538e-08 5.28990034e-04 2.05764500e-05
  2.20338373e-06 1.23526071e-05 4.92641547e-07 7.38212775e-07]
 [7.58860741e-05 4.31529224e-05 6.12928285e-05 4.75575227e-06
  9.41557302e-07 2.25053369e-07 2.80001809e-04 2.04523447e-05
  2.92051572e-06 4.43297567e-06 5.02812771e-07 5.46851675e-07]
 [4.58549655e-05 9.65636857e-05 1.49982239e-05 1.58261682e-06
  2.24569581e-06 1.11717869e-07 2.34273627e-04 2.65220983e-05
  1.27295434e-06 4.76867870e-06 5.69641477e-07 4.01182858e-07]
 [1.55176802e-04 6.63216138e-05 4.87420084e-05 1.98018208e-06
  1.48614966e-06 1.63320654e-07 1.29342759e-04 1.24109006e-05
  9.89868664e-07 3.30435220e-06 5.37536298e-07 5.37014037e-07]
 [1.33580917e-04 2.56333002e-05 1.26713861e-05 5.48554486e-06
  1.45630480e-06 8.95324147e-08 3.43633319e-04 3.62029655e-05
  2.74574581e-06 4.52719593e-06 1.13882935e-06 2.42435304e-07]
 [7.37008969e-05 1.48626669e-05 1.97507962e-04 3.98395888e-06
  1.97260996e-06 1.73430834e-07 1.28498203e-04 1.72238054e-05
  2.35800786e-06 3.22057156e-06 4.15473905e-07 3.16701714e-07]]
Done!, time = 4.318645477294922s
