Begin!
Data shape = (250000, 5)
Begin sort function!
In centrality 0
In centrality 1
In centrality 2
In centrality 3
In centrality 4
In centrality 5
In centrality 6
end function sorter
Data shape = (250000, 5)
Begin sort function!
In centrality 0
In centrality 1
In centrality 2
In centrality 3
In centrality 4
In centrality 5
In centrality 6
end function sorter
Data shape = (250000, 5)
Begin sort function!
In centrality 0
In centrality 1
In centrality 2
In centrality 3
In centrality 4
In centrality 5
In centrality 6
end function sorter
Data shape = (250000, 5)
Begin sort function!
In centrality 0
In centrality 1
In centrality 2
In centrality 3
In centrality 4
In centrality 5
In centrality 6
end function sorter
Final results shape = (4, 7, 12)
mean value:
[[ 1.27018088e-02  1.12697222e-02  1.59910669e-02  1.93495206e-05
  -1.61904739e-06 -2.03021529e-08  8.04901205e-01  4.32798815e-03
   1.30140220e-04 -5.07172744e-05  5.37829536e-05 -2.79750448e-06]
 [ 1.36052985e-02  1.17834408e-02  1.68051421e-02  1.61477117e-05
  -1.55125289e-06 -1.41858011e-07  7.88059208e-01  4.06853181e-03
   1.22414199e-04 -4.42134711e-05  5.49164561e-05 -2.65744088e-06]
 [ 1.42108738e-02  1.22851105e-02  1.72927963e-02  1.85518502e-05
  -2.57747050e-06 -1.86936190e-07  7.78115064e-01  4.01917472e-03
   1.26096880e-04 -4.57135160e-05  5.65348771e-05 -2.86281694e-06]
 [ 1.48633856e-02  1.27062423e-02  1.78233712e-02  1.42512406e-05
  -4.38136874e-06 -2.08450523e-07  7.70384902e-01  4.05431910e-03
   1.26429094e-04 -4.98159495e-05  5.98083622e-05 -3.03579252e-06]
 [ 1.53470020e-02  1.30718221e-02  1.84267128e-02  2.13251816e-05
  -2.75651181e-06 -1.20732848e-07  7.64459149e-01  4.13498956e-03
   1.31285099e-04 -5.26078502e-05  6.27796065e-05 -3.39263063e-06]
 [ 1.58401718e-02  1.34816438e-02  1.89241175e-02  1.39805412e-05
  -2.35295489e-06 -1.86646567e-07  7.60924388e-01  4.19432065e-03
   1.37359936e-04 -5.20712744e-05  6.58424156e-05 -3.30884707e-06]
 [ 1.62644778e-02  1.38477099e-02  1.92346463e-02  1.17452093e-05
  -4.17857994e-06 -4.70956238e-07  7.57293479e-01  4.31411970e-03
   1.45659018e-04 -5.27609191e-05  6.97197733e-05 -3.39306419e-06]]
std error:
[[7.63914332e-05 1.79222654e-05 7.87603626e-05 2.30133353e-06
  1.45796368e-06 8.56123382e-08 2.61518852e-04 3.10367925e-05
  6.44348062e-06 4.84938984e-06 4.48253372e-07 3.86130710e-07]
 [6.72179542e-05 9.37505823e-05 9.00021614e-05 5.74402655e-07
  2.69706589e-06 7.90277571e-08 6.14785778e-04 3.96026067e-05
  6.11574693e-06 3.35024485e-06 9.41462416e-07 2.47245351e-07]
 [3.28865228e-05 7.55964391e-05 5.14625230e-05 1.61356270e-06
  5.21271006e-07 9.99639144e-08 3.76170573e-04 2.03860523e-05
  2.74902025e-06 3.48805086e-06 1.30837087e-07 4.69429845e-07]
 [8.25577395e-05 6.84100724e-05 9.50742169e-05 3.77798789e-06
  2.41309853e-06 8.61785903e-08 2.67353343e-04 1.96522442e-05
  2.33118874e-06 6.18518486e-06 6.89813548e-07 4.02028699e-07]
 [5.30486521e-05 8.99744371e-05 1.12023052e-04 5.03079819e-06
  1.90073463e-06 1.93752426e-07 2.00001528e-04 3.08735615e-05
  2.13615419e-06 5.24366316e-06 8.98713672e-07 3.08173931e-07]
 [1.45257788e-04 7.14732850e-05 8.60846939e-05 1.23167022e-06
  1.17877855e-06 1.63886602e-07 5.02521185e-04 3.08155985e-05
  4.99720255e-06 6.88396854e-06 5.79720113e-07 7.26280995e-07]
 [1.36194440e-04 3.51472154e-05 1.17471163e-04 2.53487003e-06
  1.95734412e-06 1.20573847e-07 3.49710737e-04 2.51691824e-05
  4.20073557e-06 6.15207348e-06 1.20315100e-06 4.11710491e-07]]
Done!, time = 3.986067771911621s
