Begin!
Data shape = (250000, 5)
Begin sort function!
In centrality 0
In centrality 1
In centrality 2
In centrality 3
In centrality 4
In centrality 5
In centrality 6
end function sorter
Data shape = (250000, 5)
Begin sort function!
In centrality 0
In centrality 1
In centrality 2
In centrality 3
In centrality 4
In centrality 5
In centrality 6
end function sorter
Data shape = (250000, 5)
Begin sort function!
In centrality 0
In centrality 1
In centrality 2
In centrality 3
In centrality 4
In centrality 5
In centrality 6
end function sorter
Data shape = (250000, 5)
Begin sort function!
In centrality 0
In centrality 1
In centrality 2
In centrality 3
In centrality 4
In centrality 5
In centrality 6
end function sorter
Final results shape = (4, 7, 12)
mean value:
[[ 1.46744689e-02  1.10378975e-02  1.56631806e-02  2.69342765e-06
  -1.93455448e-06 -4.00529649e-07  8.53480419e-01  5.40348544e-03
   1.93873122e-04 -1.01611708e-04  7.87569427e-05 -5.68880958e-06]
 [ 1.56694404e-02  1.16051518e-02  1.65422683e-02  2.47899607e-07
  -2.19023264e-06 -4.33586740e-07  8.34176623e-01  5.03916078e-03
   1.74344814e-04 -9.94555776e-05  7.82806266e-05 -5.72235370e-06]
 [ 1.63157483e-02  1.20853088e-02  1.71114534e-02 -4.23055968e-06
  -3.68979784e-06 -3.53587187e-07  8.23895443e-01  5.07600181e-03
   1.74365011e-04 -1.08852334e-04  8.19177762e-05 -6.55468254e-06]
 [ 1.68630516e-02  1.26269672e-02  1.79329508e-02 -1.02799050e-05
  -2.19218951e-06 -2.74104182e-07  8.16020672e-01  5.12844034e-03
   1.83894596e-04 -1.05640715e-04  8.60173991e-05 -6.30622324e-06]
 [ 1.75055991e-02  1.30257855e-02  1.83898398e-02 -1.15556782e-05
  -3.43309000e-06 -2.06997283e-07  8.10305274e-01  5.19222602e-03
   1.86773677e-04 -1.15808206e-04  9.00062048e-05 -7.33152072e-06]
 [ 1.78935126e-02  1.34865881e-02  1.89225460e-02 -1.54960158e-05
  -4.30851114e-06 -1.00427006e-07  8.06167064e-01  5.27198797e-03
   1.87853642e-04 -1.10612823e-04  9.33883626e-05 -6.85848562e-06]
 [ 1.84114628e-02  1.38793262e-02  1.94351124e-02 -1.79985782e-05
  -3.53515410e-06 -1.87579324e-07  8.03174830e-01  5.36136745e-03
   1.95606787e-04 -1.06715432e-04  9.72817733e-05 -6.57190443e-06]]
std error:
[[5.70731456e-05 5.36870659e-05 1.60233759e-04 3.95246000e-06
  1.39732099e-06 1.07003197e-07 5.03181627e-04 7.35886687e-05
  1.03286388e-05 5.81186942e-06 8.02345625e-07 5.02687757e-07]
 [1.61918821e-04 1.17728803e-04 8.54737591e-05 3.25078105e-06
  1.68861557e-06 1.36560435e-07 4.00665761e-04 1.06401091e-04
  1.36610973e-05 1.11263915e-05 2.43561520e-06 8.11766484e-07]
 [1.12640047e-04 6.52263744e-05 1.48317499e-04 3.18376388e-06
  1.42314437e-06 1.08050978e-07 3.97389358e-04 1.41398504e-05
  5.73770011e-06 4.10236077e-06 5.89457903e-07 3.07991556e-07]
 [1.01123943e-04 6.25075603e-05 9.05385718e-05 2.43939206e-06
  1.88355320e-06 1.20495134e-07 4.54394859e-04 1.64136105e-05
  5.14793101e-06 4.49079337e-06 5.72833722e-07 1.88051798e-07]
 [9.16611230e-05 7.34557871e-05 9.09323535e-05 1.69746106e-06
  1.74680751e-06 9.57942777e-08 4.16810335e-04 6.50554111e-05
  8.81510050e-06 3.53750446e-06 1.41605557e-06 2.93515549e-07]
 [1.08887647e-04 1.05780286e-04 1.34681529e-04 1.67363810e-06
  3.35797318e-06 6.12479321e-08 1.84216252e-04 5.44623554e-05
  9.85963047e-06 1.59859228e-06 1.29069828e-06 1.00554509e-07]
 [1.34231110e-04 1.22185927e-04 2.76172983e-05 1.04417197e-06
  2.13495552e-06 1.38004139e-07 6.90706663e-04 3.68396005e-05
  4.11806501e-06 7.63725622e-06 7.06001605e-07 7.55543406e-07]]
Done!, time = 4.428536653518677s
