Begin!
Data shape = (250000, 5)
Begin sort function!
In centrality 0
In centrality 1
In centrality 2
In centrality 3
In centrality 4
In centrality 5
In centrality 6
end function sorter
Data shape = (250000, 5)
Begin sort function!
In centrality 0
In centrality 1
In centrality 2
In centrality 3
In centrality 4
In centrality 5
In centrality 6
end function sorter
Data shape = (250000, 5)
Begin sort function!
In centrality 0
In centrality 1
In centrality 2
In centrality 3
In centrality 4
In centrality 5
In centrality 6
end function sorter
Data shape = (250000, 5)
Begin sort function!
In centrality 0
In centrality 1
In centrality 2
In centrality 3
In centrality 4
In centrality 5
In centrality 6
end function sorter
Final results shape = (4, 7, 12)
mean value:
[[ 1.63630012e-02  1.11407134e-02  1.56655283e-02  8.04259812e-05
  -3.39420497e-06 -5.01769848e-07  7.74773255e-01  9.72933339e-04
  -1.04685995e-06 -2.06803526e-04  2.02173604e-05 -1.48370007e-05]
 [ 1.84074889e-02  1.15884895e-02  1.66109868e-02  7.32323105e-05
  -2.00723557e-06 -1.58442415e-06  7.68836829e-01  9.91549100e-04
   1.01309426e-06 -2.22822265e-04  2.18802367e-05 -1.67188361e-05]
 [ 1.98787936e-02  1.20865761e-02  1.73287594e-02  6.09555083e-05
  -3.65376250e-06 -1.92812620e-06  7.65262415e-01  9.96423170e-04
   1.79907880e-06 -2.31002959e-04  2.30429466e-05 -1.79946474e-05]
 [ 2.10887859e-02  1.26152772e-02  1.79137136e-02  5.33188700e-05
  -1.13302915e-06 -2.19022685e-06  7.62167631e-01  1.00364790e-03
   2.47060415e-06 -2.34604440e-04  2.40295106e-05 -1.90732806e-05]
 [ 2.19484848e-02  1.28524177e-02  1.85345399e-02  3.80767422e-05
  -1.62884060e-06 -2.14068380e-06  7.59636848e-01  1.01313626e-03
   3.71521434e-06 -2.31910038e-04  2.47124898e-05 -1.92228001e-05]
 [ 2.28439949e-02  1.33629461e-02  1.91475118e-02  2.83549912e-05
  -3.19409450e-06 -1.70387849e-06  7.58023008e-01  1.02375278e-03
   4.15900600e-06 -2.31315023e-04  2.56796299e-05 -1.96811767e-05]
 [ 2.36851298e-02  1.38341035e-02  1.96819263e-02  1.56487566e-05
  -4.79355107e-06 -1.63911896e-06  7.56144464e-01  1.03336366e-03
   4.79856634e-06 -2.28011898e-04  2.63652853e-05 -1.96650937e-05]]
std error:
[[1.63060310e-04 4.32501995e-05 5.73152311e-05 9.32123486e-06
  9.57847013e-07 2.21228101e-07 1.30285613e-04 1.48878702e-05
  4.00337473e-07 3.89506156e-06 2.72269298e-07 4.64382716e-07]
 [1.00867890e-04 1.12460730e-04 6.78654766e-05 2.01978289e-06
  1.06810950e-06 4.61898441e-07 1.55196415e-04 3.76981193e-06
  6.59656632e-07 2.62453412e-06 8.14721560e-08 3.12286563e-07]
 [1.35947480e-04 2.64612777e-05 8.15966626e-05 3.61777408e-06
  1.31856112e-06 1.62797386e-07 9.62541916e-05 5.84892400e-06
  3.58591183e-07 4.60514509e-06 2.41827353e-07 4.57833717e-07]
 [1.06490393e-04 6.29382407e-05 1.03803592e-04 5.13367408e-06
  9.92346276e-07 3.32706927e-07 1.32424193e-04 7.15479289e-06
  6.13403192e-07 2.49866324e-06 2.28942782e-07 2.16051585e-07]
 [1.60750443e-04 1.41683137e-04 1.20151620e-04 3.73469207e-06
  2.43037905e-06 1.39052341e-07 1.87855300e-04 5.50306580e-06
  3.09940362e-07 3.70691486e-06 2.50914106e-07 4.18468078e-07]
 [7.38677922e-05 5.18983264e-05 6.25744015e-05 4.40673088e-06
  3.36549792e-06 3.15931026e-07 6.30563177e-05 8.79112379e-06
  2.06789157e-07 3.57361404e-06 2.58170091e-07 4.25668880e-07]
 [1.93223885e-04 3.98319283e-05 6.10154557e-05 7.51303543e-06
  1.56910909e-06 2.67870643e-07 2.52094769e-04 2.40018964e-06
  2.91777344e-07 4.42436822e-06 3.64353113e-07 5.24816673e-07]]
Done!, time = 4.047132730484009s
