Begin!
Data shape = (250000, 5)
Begin sort function!
In centrality 0
In centrality 1
In centrality 2
In centrality 3
In centrality 4
In centrality 5
In centrality 6
end function sorter
Data shape = (250000, 5)
Begin sort function!
In centrality 0
In centrality 1
In centrality 2
In centrality 3
In centrality 4
In centrality 5
In centrality 6
end function sorter
Data shape = (250000, 5)
Begin sort function!
In centrality 0
In centrality 1
In centrality 2
In centrality 3
In centrality 4
In centrality 5
In centrality 6
end function sorter
Data shape = (250000, 5)
Begin sort function!
In centrality 0
In centrality 1
In centrality 2
In centrality 3
In centrality 4
In centrality 5
In centrality 6
end function sorter
Final results shape = (4, 7, 12)
mean value:
[[ 1.66913451e-02  1.09189706e-02  1.55279767e-02  4.73308183e-05
  -2.03825888e-06 -1.68431534e-06  8.16567407e-01  9.26531105e-04
  -3.51977612e-06 -2.22142392e-04  1.99885493e-05 -1.45324173e-05]
 [ 1.83751960e-02  1.13744074e-02  1.63133357e-02  2.73515656e-05
  -4.26700857e-06 -1.66681276e-06  8.11872570e-01  9.54658687e-04
  -1.24305988e-06 -2.32132688e-04  2.14014753e-05 -1.56526136e-05]
 [ 1.94169802e-02  1.18229456e-02  1.70039251e-02  1.40719188e-05
  -1.24461871e-06 -1.94001398e-06  8.08906670e-01  9.52350123e-04
  -1.28859517e-07 -2.26400398e-04  2.16192325e-05 -1.56714053e-05]
 [ 2.04216154e-02  1.23535027e-02  1.77128719e-02  2.66071510e-06
  -3.23450451e-06 -1.54991754e-06  8.06376407e-01  9.69270369e-04
   1.15994984e-06 -2.23980164e-04  2.22563019e-05 -1.59912454e-05]
 [ 2.09544026e-02  1.26899902e-02  1.83144305e-02 -4.94965387e-06
  -3.76908610e-06 -1.29760997e-06  8.04434166e-01  9.70385788e-04
   1.92816350e-06 -2.12961154e-04  2.23960329e-05 -1.55546013e-05]
 [ 2.15624947e-02  1.32249193e-02  1.88375754e-02 -9.27354084e-06
  -1.88762288e-06 -1.22502588e-06  8.03121907e-01  9.89153752e-04
   2.42647431e-06 -2.10997405e-04  2.31735382e-05 -1.58337434e-05]
 [ 2.20386748e-02  1.36136448e-02  1.93707917e-02 -1.81529789e-05
  -3.88519932e-06 -7.92718646e-07  8.01889354e-01  9.99034984e-04
   3.22820419e-06 -2.02717530e-04  2.34742594e-05 -1.55019877e-05]]
std error:
[[7.79292163e-05 4.21958233e-05 1.06103961e-04 4.32021340e-06
  7.41861524e-07 2.87762330e-07 1.54536040e-04 6.53460740e-06
  5.93075239e-07 4.72811320e-06 3.20188850e-07 3.84347729e-07]
 [9.67416523e-05 1.33257551e-04 1.24388482e-04 4.39387581e-06
  2.26322438e-06 1.73807896e-07 1.32975818e-04 1.19075240e-05
  3.18634518e-07 5.41038715e-06 4.29687650e-07 2.73522236e-07]
 [5.92847294e-05 4.41570003e-05 1.28823939e-04 2.19194801e-06
  2.52450188e-06 8.34724145e-08 1.61314140e-04 1.50308612e-05
  3.05082423e-07 3.59842549e-06 2.07853585e-07 3.04575867e-07]
 [7.79532307e-05 4.22484157e-05 7.84849821e-05 1.95292615e-06
  2.28167170e-06 5.44433902e-08 1.66093281e-04 8.44796959e-06
  4.97563443e-07 3.21115951e-06 2.27542446e-07 2.76024114e-07]
 [9.48633724e-05 3.62823519e-05 4.81627519e-05 5.11196357e-06
  1.03621950e-06 1.89084975e-07 8.57886421e-05 5.09726033e-06
  1.25389010e-07 3.91544068e-06 2.30550704e-07 4.31228085e-07]
 [1.97100741e-04 9.31131057e-05 1.33082848e-04 4.30303720e-06
  1.73122329e-06 1.97663988e-07 1.30120573e-04 4.17404941e-06
  3.10706727e-07 3.97911687e-06 2.51615893e-07 4.85467629e-07]
 [1.37827712e-04 4.80096332e-05 1.06917278e-04 6.67971678e-06
  2.09210273e-06 2.32736121e-07 1.05215362e-04 2.76600752e-06
  3.71358598e-07 1.87359732e-06 1.89509922e-07 3.02801879e-07]]
Done!, time = 3.921508550643921s
