Begin!
Data shape = (250000, 5)
Begin sort function!
In centrality 0
In centrality 1
In centrality 2
In centrality 3
In centrality 4
In centrality 5
In centrality 6
end function sorter
Data shape = (250000, 5)
Begin sort function!
In centrality 0
In centrality 1
In centrality 2
In centrality 3
In centrality 4
In centrality 5
In centrality 6
end function sorter
Data shape = (250000, 5)
Begin sort function!
In centrality 0
In centrality 1
In centrality 2
In centrality 3
In centrality 4
In centrality 5
In centrality 6
end function sorter
Data shape = (250000, 5)
Begin sort function!
In centrality 0
In centrality 1
In centrality 2
In centrality 3
In centrality 4
In centrality 5
In centrality 6
end function sorter
Final results shape = (4, 7, 12)
mean value:
[[ 1.14954960e-02  9.36424775e-03  1.49765836e-02  2.05680684e-05
   6.11203016e-07 -1.09906438e-07  9.28703542e-01  2.90187031e-03
   4.07025903e-05 -7.33488935e-05  3.38540979e-05 -3.62871069e-06]
 [ 1.23837154e-02  1.00404521e-02  1.56702881e-02  1.41238430e-05
  -9.42289456e-07 -2.51757468e-07  9.21624132e-01  2.88862898e-03
   4.20903516e-05 -6.96876171e-05  3.65475052e-05 -3.49903836e-06]
 [ 1.31278047e-02  1.07515732e-02  1.64913267e-02  1.59813718e-05
   1.41293366e-06 -2.13767940e-07  9.17340884e-01  2.91674236e-03
   4.22042872e-05 -7.66155797e-05  3.92092973e-05 -3.99335458e-06]
 [ 1.39785988e-02  1.15554842e-02  1.70807643e-02  1.49052200e-05
   7.64148828e-07 -2.18118320e-07  9.14702364e-01  2.97108510e-03
   4.38173578e-05 -8.01294315e-05  4.24901631e-05 -4.67922574e-06]
 [ 1.46875678e-02  1.23598452e-02  1.76794872e-02  9.17938375e-06
   6.30204709e-07 -2.38470490e-07  9.13032440e-01  3.01416216e-03
   4.64271303e-05 -7.65398170e-05  4.51657088e-05 -4.44929764e-06]
 [ 1.54369381e-02  1.31891406e-02  1.81107194e-02  8.29323859e-06
   1.62725667e-06 -3.54533052e-07  9.12812900e-01  3.07495862e-03
   4.93443965e-05 -7.33131918e-05  4.76388377e-05 -4.39620394e-06]
 [ 1.63145678e-02  1.39865866e-02  1.86768232e-02  8.09223410e-06
  -2.55423845e-06 -2.65141054e-07  9.12874281e-01  3.10528299e-03
   4.91018799e-05 -7.64123818e-05  5.18807388e-05 -5.01715818e-06]]
std error:
[[8.08237717e-05 6.87526276e-05 1.83565007e-04 1.87496582e-06
  1.07934912e-06 2.00301003e-07 3.47951166e-04 1.30527815e-05
  4.00941206e-06 4.33587971e-06 3.05291465e-07 3.19091076e-07]
 [3.44485063e-05 6.16483088e-05 8.77615854e-05 1.22080529e-06
  1.18550129e-06 1.90299709e-07 8.01754081e-05 2.92056068e-05
  1.86842396e-06 3.73317456e-06 7.74907980e-07 2.81791129e-07]
 [1.10837236e-04 5.79937664e-05 9.43048158e-05 2.13629105e-06
  1.15873832e-06 7.37598134e-08 2.42721153e-04 2.40693503e-05
  2.00878935e-06 1.60322558e-06 8.59642872e-07 2.10416841e-07]
 [7.30577516e-05 4.76557152e-05 7.57733384e-05 2.48451913e-06
  1.26965222e-06 1.05363508e-07 3.11367656e-04 1.95393810e-05
  2.68913850e-06 1.07294573e-06 5.51955468e-07 2.35397907e-07]
 [6.39594312e-05 6.79546227e-05 8.64297668e-05 2.41518234e-06
  3.09725654e-06 1.23367834e-07 2.19271300e-04 3.45054557e-05
  2.44078952e-06 1.82773305e-06 6.58692962e-07 2.58869636e-07]
 [1.05998484e-04 7.36090275e-05 1.49985689e-04 2.06281904e-06
  2.13298446e-07 1.17373851e-07 4.06905270e-04 2.20929012e-05
  2.20300982e-06 7.26856674e-06 5.86481737e-07 3.68539092e-07]
 [7.27888718e-05 1.12877770e-04 1.61250554e-04 3.33357072e-06
  1.15936809e-06 1.49457487e-07 2.90305295e-04 1.47544054e-05
  2.09919331e-06 3.95487941e-06 7.50636274e-07 3.70028275e-07]]
Done!, time = 4.092962265014648s
