Begin!
Data shape = (250000, 5)
Begin sort function!
In centrality 0
In centrality 1
In centrality 2
In centrality 3
In centrality 4
In centrality 5
In centrality 6
end function sorter
Data shape = (250000, 5)
Begin sort function!
In centrality 0
In centrality 1
In centrality 2
In centrality 3
In centrality 4
In centrality 5
In centrality 6
end function sorter
Data shape = (250000, 5)
Begin sort function!
In centrality 0
In centrality 1
In centrality 2
In centrality 3
In centrality 4
In centrality 5
In centrality 6
end function sorter
Data shape = (250000, 5)
Begin sort function!
In centrality 0
In centrality 1
In centrality 2
In centrality 3
In centrality 4
In centrality 5
In centrality 6
end function sorter
Final results shape = (4, 7, 12)
mean value:
[[ 1.57069782e-02  9.68080396e-03  1.45199246e-02  8.75991515e-05
   1.38456091e-06 -1.24488833e-06  8.62142178e-01  9.66864287e-04
  -3.30482350e-06 -2.48681469e-04  2.14234709e-05 -1.70536521e-05]
 [ 1.77327545e-02  1.03541826e-02  1.59663364e-02  6.95957723e-05
   2.68004339e-06 -1.81957493e-06  8.57588404e-01  9.80348100e-04
  -8.64454228e-07 -2.55864238e-04  2.25604769e-05 -1.81968277e-05]
 [ 1.91785332e-02  1.10135050e-02  1.68355088e-02  5.75411652e-05
   1.57077724e-06 -2.53779078e-06  8.55314619e-01  9.98564588e-04
   5.41950033e-07 -2.66061273e-04  2.39818699e-05 -1.97003299e-05]
 [ 2.05113585e-02  1.19694743e-02  1.77861652e-02  4.83512302e-05
   1.72389471e-06 -2.30564542e-06  8.53404791e-01  1.01616310e-03
   1.96404902e-06 -2.63888390e-04  2.50304968e-05 -2.06145387e-05]
 [ 2.14431521e-02  1.28323292e-02  1.86066033e-02  3.25394591e-05
   6.85422774e-07 -2.05185799e-06  8.52269958e-01  1.03776303e-03
   3.21147114e-06 -2.56667509e-04  2.58214255e-05 -2.05809922e-05]
 [ 2.24167401e-02  1.36678425e-02  1.91877204e-02  2.55362766e-05
  -1.49068363e-06 -1.79157540e-06  8.51446048e-01  1.06763673e-03
   3.90684480e-06 -2.54842989e-04  2.74119344e-05 -2.13751019e-05]
 [ 2.33807208e-02  1.45603822e-02  1.97873833e-02  1.40914391e-05
  -3.21922480e-06 -1.78342104e-06  8.50900048e-01  1.09376925e-03
   4.57765579e-06 -2.47981141e-04  2.87887657e-05 -2.16779001e-05]]
std error:
[[1.67645406e-04 6.78946824e-05 1.26528112e-04 3.32190560e-06
  1.14847117e-06 3.39572757e-07 1.73233715e-04 4.55275412e-06
  6.50984029e-07 4.62191272e-06 3.47847303e-07 6.87047979e-07]
 [1.38538678e-04 6.81011201e-05 6.06713706e-05 6.93818553e-06
  2.90330433e-06 2.63566151e-07 3.20257239e-04 4.41243458e-06
  4.42615471e-07 6.09453933e-06 2.83563075e-07 6.47150587e-07]
 [1.96053959e-04 5.34543713e-05 9.67694710e-05 3.72126095e-06
  9.33260126e-07 3.41868063e-07 2.32423984e-04 7.14408179e-06
  3.05335259e-07 7.48831564e-06 3.78862493e-07 7.31143977e-07]
 [6.64698102e-05 7.76469387e-05 1.08797611e-04 3.36346481e-06
  1.69568986e-06 3.17467376e-07 2.18873363e-04 9.05023830e-06
  5.32377907e-07 4.28644939e-06 1.12622302e-07 4.58526623e-07]
 [1.46633568e-04 5.23188425e-05 8.03051802e-05 4.99438860e-06
  1.38052210e-06 2.61956984e-07 2.37061963e-04 9.32479668e-06
  1.79758685e-07 5.68087133e-06 6.54649212e-07 5.74486538e-07]
 [1.22914626e-04 6.15404351e-05 7.43927962e-05 4.36267318e-06
  2.20874178e-06 1.91452280e-07 4.75925909e-05 5.84288234e-06
  1.71354628e-07 3.42255312e-06 3.00373201e-07 4.09013607e-07]
 [1.96051143e-04 1.81931913e-05 1.57519613e-04 1.06496425e-06
  2.99754033e-06 2.57509076e-07 1.44982328e-04 5.89729546e-06
  4.56958423e-07 5.09143483e-06 3.92424018e-07 5.49263921e-07]]
Done!, time = 4.260363817214966s
