Begin!
Data shape = (250000, 5)
Begin sort function!
In centrality 0
In centrality 1
In centrality 2
In centrality 3
In centrality 4
In centrality 5
In centrality 6
end function sorter
Data shape = (250000, 5)
Begin sort function!
In centrality 0
In centrality 1
In centrality 2
In centrality 3
In centrality 4
In centrality 5
In centrality 6
end function sorter
Data shape = (250000, 5)
Begin sort function!
In centrality 0
In centrality 1
In centrality 2
In centrality 3
In centrality 4
In centrality 5
In centrality 6
end function sorter
Data shape = (250000, 5)
Begin sort function!
In centrality 0
In centrality 1
In centrality 2
In centrality 3
In centrality 4
In centrality 5
In centrality 6
end function sorter
Final results shape = (4, 7, 12)
mean value:
[[ 1.21983774e-02  1.10436738e-02  1.55710967e-02  1.62800975e-05
  -1.16490412e-06 -2.12743611e-07  8.19199541e-01  1.76656221e-03
   1.50235941e-05 -6.10289314e-05  2.21803178e-05 -3.21980810e-06]
 [ 1.31288045e-02  1.15023401e-02  1.63294902e-02  1.85353930e-05
  -1.36899757e-06 -1.02153634e-07  8.12503127e-01  1.72214877e-03
   1.46747978e-05 -6.77781815e-05  2.33000371e-05 -3.85466658e-06]
 [ 1.37130328e-02  1.18549287e-02  1.67119961e-02  1.48566929e-05
  -2.50702478e-06 -2.88136155e-07  8.08699713e-01  1.75276088e-03
   1.65366462e-05 -6.43548057e-05  2.46006835e-05 -3.54733946e-06]
 [ 1.42671118e-02  1.22851766e-02  1.72883041e-02  1.62392792e-05
  -1.12874247e-06 -1.65229231e-07  8.05356085e-01  1.75988674e-03
   1.58164462e-05 -6.86643469e-05  2.55211990e-05 -4.01822155e-06]
 [ 1.47810274e-02  1.26883703e-02  1.78433855e-02  1.25940916e-05
  -4.59983363e-06 -1.32996625e-07  8.02896728e-01  1.76977026e-03
   1.67757130e-05 -6.38413236e-05  2.65606202e-05 -3.83290001e-06]
 [ 1.52254717e-02  1.31734733e-02  1.83075042e-02  1.41309191e-05
  -3.71543282e-06 -2.65367258e-07  8.01120967e-01  1.79722723e-03
   1.66379438e-05 -7.20503616e-05  2.80275081e-05 -4.59695098e-06]
 [ 1.57140956e-02  1.35466276e-02  1.88157360e-02  1.46948868e-05
  -1.45056356e-06 -2.07885836e-07  7.99666793e-01  1.81310216e-03
   1.64461986e-05 -6.70722690e-05  2.90602660e-05 -4.38123202e-06]]
std error:
[[1.43217939e-04 4.24191519e-05 1.16745724e-04 2.08517651e-06
  1.53226908e-06 5.50498939e-08 2.38216504e-04 2.04770294e-05
  1.67579213e-06 7.52769808e-06 2.19797535e-07 4.91053445e-07]
 [5.12955304e-05 1.06355381e-04 1.40769424e-04 3.86367667e-06
  8.33440066e-07 2.76219184e-08 4.34829344e-04 1.08394114e-05
  1.32986711e-06 2.82475300e-06 3.94291970e-07 2.51793217e-07]
 [6.45666172e-05 6.39589605e-05 1.64296241e-04 1.82861743e-06
  1.28164704e-06 1.90086663e-08 5.61705712e-05 2.26001734e-05
  1.14276656e-06 4.47931135e-06 4.12226957e-07 2.46454821e-07]
 [4.99619505e-05 2.32256356e-05 6.27473087e-05 1.51812175e-06
  1.66762931e-06 1.22862583e-07 2.79454409e-04 1.47226162e-05
  4.57964330e-07 3.56485640e-06 4.01087938e-07 3.07111150e-07]
 [1.11410001e-04 1.03585215e-04 7.37811042e-05 2.84542115e-06
  6.40540694e-07 3.22941141e-08 2.89150494e-04 9.70199683e-06
  9.24241505e-07 4.26482058e-06 2.84012735e-07 1.96200603e-07]
 [9.68340873e-05 1.04123408e-04 8.57665949e-05 1.36278531e-06
  1.48951443e-06 9.38096258e-08 2.84488210e-04 1.93356134e-05
  1.66851409e-06 4.22241079e-06 1.25541135e-07 2.10659740e-07]
 [5.15863551e-05 8.91944562e-05 9.41702337e-05 2.92205119e-06
  2.29210808e-06 1.19646341e-07 3.62497886e-04 9.10695200e-06
  1.13160053e-06 2.81954429e-06 1.86745212e-07 3.26785030e-07]]
Done!, time = 3.7821826934814453s
