Begin!
Data shape = (250000, 5)
Begin sort function!
In centrality 0
In centrality 1
In centrality 2
In centrality 3
In centrality 4
In centrality 5
In centrality 6
end function sorter
Data shape = (250000, 5)
Begin sort function!
In centrality 0
In centrality 1
In centrality 2
In centrality 3
In centrality 4
In centrality 5
In centrality 6
end function sorter
Data shape = (250000, 5)
Begin sort function!
In centrality 0
In centrality 1
In centrality 2
In centrality 3
In centrality 4
In centrality 5
In centrality 6
end function sorter
Data shape = (250000, 5)
Begin sort function!
In centrality 0
In centrality 1
In centrality 2
In centrality 3
In centrality 4
In centrality 5
In centrality 6
end function sorter
Final results shape = (4, 7, 12)
mean value:
[[ 1.76283567e-02  9.60734108e-03  1.37433726e-02  8.30481676e-05
   1.75601480e-07 -3.26325397e-06  9.28632255e-01  1.39020211e-03
  -8.20676433e-06 -3.51037017e-04  3.34092564e-05 -2.41317843e-05]
 [ 1.97618898e-02  1.02591432e-02  1.47645762e-02  4.18581217e-05
   9.31400685e-07 -3.31596397e-06  9.22854855e-01  1.40499545e-03
  -2.50299794e-06 -3.48769749e-04  3.43814851e-05 -2.48707119e-05]
 [ 2.09993751e-02  1.07984168e-02  1.57353528e-02  1.95617689e-05
  -1.49255997e-07 -2.91355518e-06  9.19649138e-01  1.41983721e-03
   8.52251895e-07 -3.32059798e-04  3.48781498e-05 -2.43129524e-05]
 [ 2.17307075e-02  1.15140052e-02  1.65039349e-02  5.83492540e-06
  -1.24095689e-06 -2.51633363e-06  9.17016573e-01  1.44461957e-03
   2.73668013e-06 -3.16164804e-04  3.56208654e-05 -2.37320213e-05]
 [ 2.25429041e-02  1.23077753e-02  1.73464427e-02 -7.38282513e-07
   5.16144583e-08 -2.14518470e-06  9.15626932e-01  1.46876853e-03
   4.93791877e-06 -3.01033533e-04  3.65817059e-05 -2.34920219e-05]
 [ 2.32277055e-02  1.30892020e-02  1.80743272e-02 -1.04996830e-05
  -1.56845036e-06 -1.79547139e-06  9.15003243e-01  1.50130383e-03
   6.05788923e-06 -2.85951757e-04  3.80490243e-05 -2.32210322e-05]
 [ 2.40388175e-02  1.38193737e-02  1.87508270e-02 -1.26044646e-05
  -2.39696866e-06 -1.33271317e-06  9.14408029e-01  1.53825857e-03
   7.33130994e-06 -2.80383433e-04  3.96826878e-05 -2.38240971e-05]]
std error:
[[1.72019083e-04 5.64098519e-05 7.22269752e-05 7.10394756e-06
  1.14453727e-06 1.65941289e-07 3.39463947e-04 9.95922287e-06
  7.87585226e-07 3.16519395e-06 2.55142787e-07 5.28788336e-07]
 [1.84836707e-04 3.94260610e-05 1.32168237e-04 5.19718252e-06
  1.75851274e-06 2.08037018e-07 3.35566881e-04 7.54225353e-06
  7.13108174e-07 8.25313083e-06 3.67727721e-07 8.20487962e-07]
 [1.16180173e-04 4.62750364e-05 6.61508877e-05 3.34564051e-06
  1.52448984e-06 1.75269474e-07 2.61161037e-04 1.66234618e-05
  5.85083587e-07 5.13629789e-06 6.22453098e-07 3.82584309e-07]
 [1.69629322e-04 4.07210828e-05 1.40125074e-04 5.44088628e-06
  1.00107779e-06 3.93258441e-07 2.20429240e-04 1.29514894e-05
  4.67052283e-07 6.88588364e-06 7.15684334e-07 6.51810797e-07]
 [1.13826980e-04 7.68336404e-05 7.57489230e-05 3.81164767e-06
  1.02482812e-06 3.55799909e-07 2.18543102e-04 6.46538045e-06
  1.95628284e-07 3.16411492e-06 1.13468921e-07 2.75707695e-07]
 [1.86816810e-05 7.79300098e-05 6.41082612e-05 7.20302462e-06
  1.66489645e-06 1.92140021e-07 2.32466252e-04 1.06056270e-05
  7.07244874e-07 2.74539094e-06 2.84487598e-07 4.16521812e-07]
 [1.93606538e-04 7.00622198e-05 8.99984592e-05 2.10421532e-06
  2.01090519e-06 2.18258651e-07 2.30952140e-04 1.01275708e-05
  1.13603266e-06 1.67120417e-06 1.83829038e-07 2.33804806e-07]]
Done!, time = 4.131342172622681s
