Begin!
Data shape = (250000, 5)
Begin sort function!
In centrality 0
In centrality 1
In centrality 2
In centrality 3
In centrality 4
In centrality 5
In centrality 6
end function sorter
Data shape = (250000, 5)
Begin sort function!
In centrality 0
In centrality 1
In centrality 2
In centrality 3
In centrality 4
In centrality 5
In centrality 6
end function sorter
Data shape = (250000, 5)
Begin sort function!
In centrality 0
In centrality 1
In centrality 2
In centrality 3
In centrality 4
In centrality 5
In centrality 6
end function sorter
Data shape = (250000, 5)
Begin sort function!
In centrality 0
In centrality 1
In centrality 2
In centrality 3
In centrality 4
In centrality 5
In centrality 6
end function sorter
Final results shape = (4, 7, 12)
mean value:
[[ 1.75497227e-02  1.02538025e-02  1.44552523e-02  6.71344060e-05
   1.23910434e-07 -2.72614714e-06  8.28417263e-01  2.16059420e-03
   1.67552528e-05 -2.57931558e-04  4.31328426e-05 -1.80357304e-05]
 [ 1.99047027e-02  1.09197788e-02  1.56553691e-02  4.56093862e-05
   9.94486591e-07 -3.14367639e-06  8.18459690e-01  2.15289757e-03
   1.83679928e-05 -2.65315617e-04  4.72028681e-05 -1.95837989e-05]
 [ 2.11038288e-02  1.15013952e-02  1.64740490e-02  2.52829842e-05
  -6.00341005e-07 -3.05224112e-06  8.13487897e-01  2.19596445e-03
   2.27026838e-05 -2.82355007e-04  4.98871180e-05 -2.11918457e-05]
 [ 2.20448912e-02  1.21764216e-02  1.73913442e-02  7.66143711e-06
   6.29622167e-07 -2.46249388e-06  8.08816822e-01  2.20715090e-03
   2.36289230e-05 -2.76182763e-04  5.17179981e-05 -2.11156460e-05]
 [ 2.29819300e-02  1.27223162e-02  1.81617513e-02 -7.81428048e-06
  -7.51660957e-07 -2.24977650e-06  8.05810458e-01  2.25006073e-03
   2.49229837e-05 -2.77934537e-04  5.47950851e-05 -2.18888690e-05]
 [ 2.36008173e-02  1.33636011e-02  1.87359664e-02 -1.10272530e-05
   3.33597378e-07 -2.25295978e-06  8.03646460e-01  2.30682466e-03
   2.62070735e-05 -2.73497036e-04  5.67220225e-05 -2.23699671e-05]
 [ 2.43826639e-02  1.39558819e-02  1.93952093e-02 -1.71403596e-05
  -2.26317359e-06 -2.20953434e-06  8.01839006e-01  2.31985372e-03
   2.92643134e-05 -2.63417611e-04  5.88743442e-05 -2.20630206e-05]]
std error:
[[1.23521769e-04 7.13413514e-05 4.20355359e-05 2.71310608e-06
  1.25099752e-06 1.29815004e-07 3.12979205e-04 2.23204172e-05
  1.12522706e-06 1.14019297e-05 6.87697304e-07 8.72602027e-07]
 [1.92028746e-04 1.00861589e-04 1.27589768e-04 4.47370865e-06
  1.16154857e-06 2.54556127e-07 2.24818987e-04 1.45292030e-05
  1.91419333e-06 5.77812368e-06 5.95551096e-07 5.43564674e-07]
 [4.60332672e-05 3.38048603e-05 8.40947792e-05 4.53561211e-06
  6.95265006e-07 3.01240406e-07 3.26554619e-04 1.28719936e-05
  7.80011927e-07 6.32499913e-06 6.00508564e-07 5.66301139e-07]
 [1.11524514e-04 8.73783944e-05 5.21696677e-05 6.52104963e-06
  1.24758668e-06 2.47500625e-07 1.72414816e-04 1.14521329e-05
  9.74772221e-07 6.52269879e-06 3.92243301e-07 3.76928301e-07]
 [1.44754755e-04 7.14516196e-05 1.00814981e-04 6.20877971e-06
  4.45157690e-07 4.17919744e-07 9.47228145e-05 2.77224066e-05
  7.54040937e-07 1.01499070e-05 1.04125666e-06 9.56186378e-07]
 [1.10008305e-04 6.34768104e-05 1.04382969e-04 7.07854553e-07
  2.59858936e-06 1.92609146e-07 6.51280407e-05 2.57198312e-05
  2.85758006e-07 5.95202159e-06 8.02273746e-07 5.00714777e-07]
 [7.45159017e-05 3.96338938e-05 6.02316518e-05 3.92021812e-06
  1.51497132e-06 4.94869251e-07 1.47289919e-04 1.57284581e-05
  1.54943340e-06 5.17254031e-06 6.84274125e-07 1.49028539e-07]]
Done!, time = 2.6796581745147705s
