Begin!
Data shape = (250000, 5)
Begin sort function!
In centrality 0
In centrality 1
In centrality 2
In centrality 3
In centrality 4
In centrality 5
In centrality 6
end function sorter
Data shape = (250000, 5)
Begin sort function!
In centrality 0
In centrality 1
In centrality 2
In centrality 3
In centrality 4
In centrality 5
In centrality 6
end function sorter
Data shape = (250000, 5)
Begin sort function!
In centrality 0
In centrality 1
In centrality 2
In centrality 3
In centrality 4
In centrality 5
In centrality 6
end function sorter
Data shape = (250000, 5)
Begin sort function!
In centrality 0
In centrality 1
In centrality 2
In centrality 3
In centrality 4
In centrality 5
In centrality 6
end function sorter
Final results shape = (4, 7, 12)
mean value:
[[ 1.60257481e-02  9.38363057e-03  1.42329739e-02  7.35780147e-05
   1.54774279e-06 -1.53256605e-06  9.22473474e-01  1.25297708e-03
  -2.47514784e-06 -2.66817160e-04  2.61336687e-05 -1.77978113e-05]
 [ 1.79870641e-02  1.00428090e-02  1.55485999e-02  6.61951057e-05
  -1.72928874e-07 -2.10923327e-06  9.17615237e-01  1.26428032e-03
   1.18376081e-06 -2.75166778e-04  2.76315872e-05 -1.94386665e-05]
 [ 1.94316718e-02  1.08514084e-02  1.63126976e-02  4.74158989e-05
   9.74791862e-07 -1.74930859e-06  9.14960931e-01  1.28688090e-03
   2.00682326e-06 -2.76897844e-04  2.93144636e-05 -2.04582884e-05]
 [ 2.04863302e-02  1.18071423e-02  1.74100688e-02  4.14489638e-05
   2.25010547e-07 -1.97119019e-06  9.13023248e-01  1.32376023e-03
   4.49759734e-06 -2.74072379e-04  3.08656804e-05 -2.09720543e-05]
 [ 2.14096733e-02  1.26635612e-02  1.81401327e-02  2.57715966e-05
  -8.06504227e-07 -1.81873203e-06  9.12293745e-01  1.36120903e-03
   5.73950985e-06 -2.62876268e-04  3.26348693e-05 -2.09400419e-05]
 [ 2.23197690e-02  1.35524236e-02  1.88127239e-02  2.05327744e-05
   2.98707929e-07 -1.82569570e-06  9.11845405e-01  1.39916357e-03
   7.03102119e-06 -2.59532341e-04  3.43569571e-05 -2.13286318e-05]
 [ 2.31907240e-02  1.45161370e-02  1.92481225e-02  1.77916943e-05
  -4.82166230e-06 -1.93413840e-06  9.11696749e-01  1.42908218e-03
   6.47420406e-06 -2.52896506e-04  3.64120413e-05 -2.19604371e-05]]
std error:
[[1.38724587e-04 3.05828047e-05 1.00913843e-04 3.72205402e-06
  6.55656083e-07 3.52395951e-07 3.28363141e-04 1.20001252e-05
  5.98669782e-07 4.96852831e-06 3.25696474e-07 6.10069801e-07]
 [7.95572467e-05 6.92743488e-05 1.15351496e-04 2.31952932e-06
  1.73658733e-06 4.77817909e-07 2.36089829e-04 1.33795872e-05
  6.17496120e-07 6.60787545e-06 4.29086025e-07 5.56487472e-07]
 [1.13587566e-04 5.75720837e-05 5.15234506e-05 3.63937010e-06
  1.24810902e-06 1.70490048e-07 2.43358460e-04 1.10177204e-05
  3.58083786e-07 1.22337524e-06 1.57316331e-07 1.44721326e-07]
 [1.39815054e-04 4.73500454e-05 1.19523077e-04 2.64488741e-06
  6.03955770e-07 1.40579148e-07 3.86277941e-04 1.39799233e-05
  8.88198276e-07 6.49274230e-06 7.25587886e-07 6.90510774e-07]
 [1.27011755e-04 6.33770529e-06 9.37095914e-05 7.27445770e-06
  1.41104389e-06 7.09974687e-08 1.37595326e-04 8.94535725e-06
  1.57279459e-07 4.21325967e-06 3.26801532e-07 5.49215196e-07]
 [1.00225164e-04 5.05558801e-05 6.55116321e-05 1.89311706e-06
  3.22866411e-06 1.71486557e-07 1.87634184e-04 1.20733483e-05
  6.05328076e-07 4.58589653e-06 4.22326412e-07 3.99136803e-07]
 [9.57175596e-05 1.39713843e-04 4.87318951e-05 2.53676136e-06
  4.40370069e-06 2.13667181e-07 2.11356136e-04 7.64010215e-06
  1.12112726e-06 5.35254539e-06 2.19080776e-07 5.98992427e-07]]
Done!, time = 3.8915257453918457s
