Begin!
Data shape = (250000, 5)
Begin sort function!
In centrality 0
In centrality 1
In centrality 2
In centrality 3
In centrality 4
In centrality 5
In centrality 6
end function sorter
Data shape = (250000, 5)
Begin sort function!
In centrality 0
In centrality 1
In centrality 2
In centrality 3
In centrality 4
In centrality 5
In centrality 6
end function sorter
Data shape = (250000, 5)
Begin sort function!
In centrality 0
In centrality 1
In centrality 2
In centrality 3
In centrality 4
In centrality 5
In centrality 6
end function sorter
Data shape = (250000, 5)
Begin sort function!
In centrality 0
In centrality 1
In centrality 2
In centrality 3
In centrality 4
In centrality 5
In centrality 6
end function sorter
Final results shape = (4, 7, 12)
mean value:
[[ 1.66375491e-02  9.73291823e-03  1.46928346e-02  3.74327679e-05
  -1.57010770e-07 -1.98314412e-06  8.75293659e-01  2.53715794e-03
   2.67848404e-05 -2.28623686e-04  4.62110707e-05 -1.44344207e-05]
 [ 1.83913400e-02  1.04348594e-02  1.59174044e-02  1.57859460e-05
   6.65675763e-07 -1.68803165e-06  8.66604275e-01  2.59201326e-03
   2.90761654e-05 -2.36406687e-04  5.07603045e-05 -1.57494851e-05]
 [ 1.93934908e-02  1.12220834e-02  1.69090002e-02  3.15215200e-06
   7.23350891e-07 -1.80827379e-06  8.61491183e-01  2.59954190e-03
   2.99410590e-05 -2.37264353e-04  5.33868384e-05 -1.59300324e-05]
 [ 2.03150273e-02  1.20958129e-02  1.78889382e-02 -9.11907857e-06
  -5.59963877e-07 -1.51335136e-06  8.57781216e-01  2.61256758e-03
   3.34480975e-05 -2.30427609e-04  5.48866061e-05 -1.59655974e-05]
 [ 2.11679184e-02  1.28478208e-02  1.86168731e-02 -1.60971022e-05
   1.64283593e-06 -1.23492628e-06  8.55498879e-01  2.68859968e-03
   3.41611968e-05 -2.27277804e-04  5.89295931e-05 -1.61819732e-05]
 [ 2.19734936e-02  1.36420261e-02  1.90559122e-02 -1.72488565e-05
  -4.41716811e-07 -1.25763159e-06  8.54242714e-01  2.72101318e-03
   3.56982240e-05 -2.23086187e-04  6.11426371e-05 -1.66260369e-05]
 [ 2.27519160e-02  1.44507174e-02  1.96882730e-02 -2.66537912e-05
  -1.59722315e-06 -6.93666166e-07  8.53051031e-01  2.77304941e-03
   3.78065714e-05 -2.17704000e-04  6.48113517e-05 -1.70660693e-05]]
std error:
[[1.25894731e-04 4.47679277e-05 1.40418920e-04 3.47867929e-06
  8.02605208e-07 2.09441683e-07 1.88597101e-04 3.03833535e-05
  2.84881976e-06 7.30032411e-06 1.16515091e-06 6.74982134e-07]
 [1.63855595e-04 4.98918422e-05 5.23122206e-05 5.26079092e-06
  5.18481390e-07 2.52062677e-07 4.44072835e-04 3.87546470e-05
  2.31604825e-06 5.49399044e-06 5.18524202e-07 5.15817391e-07]
 [7.25495477e-05 1.85157020e-05 9.33345601e-05 2.02893149e-06
  1.25464863e-06 2.21005304e-07 2.75544951e-04 1.40842303e-05
  1.97265162e-06 4.33212060e-06 8.96084359e-07 2.40628117e-07]
 [1.61656678e-04 1.24343914e-04 1.08118847e-04 1.11155644e-06
  1.30332595e-06 1.78657300e-07 3.16630168e-04 2.48779793e-05
  1.92159833e-06 4.70257323e-06 7.82457971e-07 5.22827671e-07]
 [1.01657391e-04 6.52196125e-05 9.36407813e-05 5.57900031e-06
  5.28843057e-07 7.76477150e-08 2.27841186e-04 3.78476745e-05
  3.91143912e-06 4.38292236e-06 1.46120427e-06 6.76625826e-07]
 [1.42303673e-04 1.45112499e-04 1.08912906e-04 4.97531745e-06
  1.58473333e-06 1.41354322e-07 3.61503711e-04 2.92176090e-05
  2.81940874e-06 5.65350505e-06 8.02530772e-07 5.47950673e-07]
 [6.92481868e-05 7.27647858e-05 6.54833377e-05 8.35054578e-06
  1.16793272e-06 4.10977217e-07 1.93008004e-04 1.26372724e-05
  3.80738374e-06 3.45965958e-06 7.83370953e-07 3.25839669e-07]]
Done!, time = 4.097306251525879s
