Begin!
Data shape = (250000, 5)
Begin sort function!
In centrality 0
In centrality 1
In centrality 2
In centrality 3
In centrality 4
In centrality 5
In centrality 6
end function sorter
Data shape = (250000, 5)
Begin sort function!
In centrality 0
In centrality 1
In centrality 2
In centrality 3
In centrality 4
In centrality 5
In centrality 6
end function sorter
Data shape = (250000, 5)
Begin sort function!
In centrality 0
In centrality 1
In centrality 2
In centrality 3
In centrality 4
In centrality 5
In centrality 6
end function sorter
Data shape = (250000, 5)
Begin sort function!
In centrality 0
In centrality 1
In centrality 2
In centrality 3
In centrality 4
In centrality 5
In centrality 6
end function sorter
Final results shape = (4, 7, 12)
mean value:
[[ 1.08281349e-02  9.68027276e-03  1.53851282e-02  7.10401095e-06
   8.22981180e-07 -1.26433892e-07  8.53648849e-01  6.89822376e-04
  -4.04094782e-07 -5.57973042e-05  8.12600825e-06 -2.27902362e-06]
 [ 1.17249468e-02  1.03407903e-02  1.63391506e-02  3.02272893e-06
   7.37746489e-07 -1.26466305e-07  8.51148754e-01  7.00368639e-04
   6.76660745e-08 -5.77075880e-05  8.85801622e-06 -2.48645931e-06]
 [ 1.22233428e-02  1.10095743e-02  1.69832836e-02  7.38793397e-07
   2.72700555e-06 -1.85955565e-07  8.50131374e-01  7.27349149e-04
   2.97163058e-07 -5.49859320e-05  9.48954948e-06 -2.39669354e-06]
 [ 1.28673958e-02  1.17555805e-02  1.76822436e-02 -1.98245849e-06
   6.51803421e-08 -1.33126809e-07  8.49235132e-01  7.39361991e-04
   8.20862813e-07 -5.16162428e-05  1.00696281e-05 -2.39016990e-06]
 [ 1.34672356e-02  1.25318042e-02  1.81940248e-02 -2.83938278e-06
   1.44178636e-06 -8.25876280e-08  8.48968504e-01  7.58250036e-04
   1.37689559e-06 -4.64929518e-05  1.06565627e-05 -2.19136270e-06]
 [ 1.42773998e-02  1.32907712e-02  1.85961413e-02 -3.32216337e-06
  -6.10422689e-07 -3.28039455e-08  8.48638328e-01  7.80263261e-04
   1.25577133e-06 -4.72368534e-05  1.16568726e-05 -2.42584426e-06]
 [ 1.50054306e-02  1.41549721e-02  1.90492997e-02 -6.82409906e-06
  -1.08959389e-06 -9.20807484e-08  8.48382236e-01  8.00483841e-04
   1.37757591e-06 -4.40610010e-05  1.25270973e-05 -2.47060251e-06]]
std error:
[[9.21182199e-05 3.90355938e-05 1.00340483e-04 1.39920769e-06
  6.64283990e-07 4.14225919e-08 2.21526963e-04 9.51475130e-06
  1.02635188e-07 1.15534451e-06 9.38710728e-08 1.15160553e-07]
 [5.83481796e-05 5.43541703e-05 5.85634400e-05 2.13648599e-06
  4.47145325e-07 6.07869500e-08 3.47833701e-04 5.57963203e-06
  3.60072333e-07 3.36791750e-06 8.95476033e-08 1.48760261e-07]
 [9.14321358e-05 2.76191099e-05 1.01208082e-04 1.19076045e-06
  5.55171415e-07 3.82789338e-08 1.28189217e-04 6.23342910e-06
  2.77685672e-07 2.47961397e-06 2.41160661e-08 1.55704597e-07]
 [5.07057400e-05 3.48757516e-05 7.56054214e-05 9.86190669e-07
  5.97137984e-07 6.49985137e-08 1.65861499e-04 3.82948332e-06
  1.97121472e-07 1.63219610e-06 1.47231295e-07 9.54434369e-08]
 [5.08640685e-05 5.61204184e-05 6.61691958e-05 2.27412166e-06
  1.77968606e-06 5.96469456e-08 1.81886546e-04 4.70954280e-06
  2.19202858e-07 1.57936376e-06 9.54690909e-08 1.34150199e-07]
 [4.01765108e-05 4.22225808e-05 6.05900210e-05 2.76629113e-06
  1.35772978e-06 5.21352482e-08 9.69042046e-05 3.28873065e-06
  3.31493528e-07 2.13475022e-06 3.75634702e-08 1.29946995e-07]
 [5.99350951e-05 9.10047635e-05 7.78642330e-05 2.64938985e-06
  1.20250489e-06 9.11102383e-08 1.23621284e-04 4.64488781e-06
  2.99753317e-07 2.60198608e-06 1.09298392e-07 1.44308204e-07]]
Done!, time = 2.267030715942383s
