Begin!
Data shape = (250000, 5)
Begin sort function!
In centrality 0
In centrality 1
In centrality 2
In centrality 3
In centrality 4
In centrality 5
In centrality 6
end function sorter
Data shape = (250000, 5)
Begin sort function!
In centrality 0
In centrality 1
In centrality 2
In centrality 3
In centrality 4
In centrality 5
In centrality 6
end function sorter
Data shape = (250000, 5)
Begin sort function!
In centrality 0
In centrality 1
In centrality 2
In centrality 3
In centrality 4
In centrality 5
In centrality 6
end function sorter
Data shape = (250000, 5)
Begin sort function!
In centrality 0
In centrality 1
In centrality 2
In centrality 3
In centrality 4
In centrality 5
In centrality 6
end function sorter
Final results shape = (4, 7, 12)
mean value:
[[ 1.43914704e-02  1.09364903e-02  1.56346580e-02  3.22280883e-05
  -5.77670592e-07 -2.98444403e-07  8.23184961e-01  1.84984863e-03
   1.51863395e-05 -1.13129038e-04  2.80684536e-05 -7.12137580e-06]
 [ 1.55129371e-02  1.14424694e-02  1.62327288e-02  3.18258602e-05
  -1.42557722e-06 -5.51030498e-07  8.16159102e-01  1.85857940e-03
   1.72112543e-05 -1.24448856e-04  3.02027283e-05 -7.90361009e-06]
 [ 1.64555016e-02  1.18930564e-02  1.69445168e-02  2.82305830e-05
  -2.09989818e-06 -6.96633904e-07  8.11341350e-01  1.85851684e-03
   1.61235595e-05 -1.33462117e-04  3.19775847e-05 -8.79992988e-06]
 [ 1.72505714e-02  1.23538785e-02  1.74494393e-02  2.43720358e-05
  -2.29104364e-06 -8.51612247e-07  8.07349576e-01  1.87678768e-03
   1.81022815e-05 -1.34387857e-04  3.35376041e-05 -9.07483093e-06]
 [ 1.79354186e-02  1.28653091e-02  1.80345508e-02  2.03068558e-05
  -8.58467837e-07 -5.51919365e-07  8.04622758e-01  1.90979055e-03
   1.79611047e-05 -1.38873727e-04  3.56483648e-05 -9.73952284e-06]
 [ 1.85502259e-02  1.32648693e-02  1.86705645e-02  2.37957228e-05
  -3.94152565e-06 -7.13864746e-07  8.02907623e-01  1.91710487e-03
   1.88487847e-05 -1.40557635e-04  3.66552272e-05 -1.02162466e-05]
 [ 1.91241501e-02  1.35869455e-02  1.90651772e-02  1.24498262e-05
  -4.54153099e-06 -8.21215842e-07  8.00863809e-01  1.95233634e-03
   1.87016913e-05 -1.40303685e-04  3.85755087e-05 -1.01485849e-05]]
std error:
[[1.13809926e-04 5.88539489e-05 2.11406017e-04 5.70739188e-06
  1.79417256e-06 2.37267636e-07 2.85093345e-04 3.18158841e-05
  1.81832457e-06 5.99394881e-06 8.59880904e-07 4.05051175e-07]
 [1.05111326e-04 5.63710595e-05 5.73095111e-05 7.08822939e-06
  1.59739815e-06 1.11204669e-07 2.61701892e-04 1.91786601e-05
  2.40300811e-06 5.62877998e-06 3.69959168e-07 3.91760024e-07]
 [5.71828914e-05 6.72759041e-05 9.54149912e-05 4.57191490e-06
  1.62572774e-06 1.60971022e-07 1.97359122e-04 1.26940342e-05
  1.15387936e-06 9.14498337e-06 6.23588606e-07 8.66430630e-07]
 [1.08384213e-04 7.86663591e-05 1.18434501e-04 5.35584022e-06
  5.96753161e-07 1.73814997e-07 2.97711331e-04 6.02362706e-06
  1.24919426e-06 3.31841245e-06 2.81624737e-07 3.18077406e-07]
 [7.66730628e-05 8.84160682e-05 4.89681560e-05 1.84914408e-06
  1.83396347e-06 1.63088730e-07 2.42447559e-04 2.20413802e-05
  2.09649389e-06 3.40007439e-06 7.73519450e-07 2.99226982e-07]
 [6.31291414e-05 8.63938126e-05 8.99916650e-05 4.01578523e-06
  1.68191849e-06 2.03377716e-07 1.03195713e-04 1.37997070e-05
  1.26447710e-06 3.57721927e-06 5.57223097e-07 4.45413454e-07]
 [1.35891848e-04 6.15749611e-05 1.17212855e-04 4.98624010e-06
  1.69673326e-06 2.06593003e-07 1.45903499e-04 9.83886324e-06
  1.17370898e-06 3.70694315e-06 8.34029788e-07 1.89859583e-07]]
Done!, time = 3.799243211746216s
