Begin!
Data shape = (250000, 5)
Begin sort function!
In centrality 0
In centrality 1
In centrality 2
In centrality 3
In centrality 4
In centrality 5
In centrality 6
end function sorter
Data shape = (250000, 5)
Begin sort function!
In centrality 0
In centrality 1
In centrality 2
In centrality 3
In centrality 4
In centrality 5
In centrality 6
end function sorter
Data shape = (250000, 5)
Begin sort function!
In centrality 0
In centrality 1
In centrality 2
In centrality 3
In centrality 4
In centrality 5
In centrality 6
end function sorter
Data shape = (250000, 5)
Begin sort function!
In centrality 0
In centrality 1
In centrality 2
In centrality 3
In centrality 4
In centrality 5
In centrality 6
end function sorter
Final results shape = (4, 7, 12)
mean value:
[[ 1.14863398e-02  1.08611045e-02  1.62371143e-02  1.53867212e-05
  -1.22225780e-06  1.20724785e-07  7.58701507e-01  5.45441397e-04
   9.47115454e-07 -4.94089235e-05  6.93715073e-06 -2.46724698e-06]
 [ 1.22779709e-02  1.13102477e-02  1.71304387e-02  1.17287044e-05
  -1.66309498e-06 -1.22493716e-07  7.56537810e-01  5.56953901e-04
   1.11992480e-06 -4.97310073e-05  7.39010512e-06 -2.52861020e-06]
 [ 1.28807476e-02  1.17705995e-02  1.75416071e-02  1.44167817e-05
   1.88522711e-07 -1.73305444e-07  7.55032615e-01  5.56957031e-04
   1.15975768e-06 -5.38581261e-05  7.76462001e-06 -2.86469828e-06]
 [ 1.35522935e-02  1.22593894e-02  1.81577147e-02  9.89618395e-06
  -2.12197161e-06 -2.02842070e-07  7.53880950e-01  5.67958902e-04
   1.45672185e-06 -5.35979353e-05  8.22587555e-06 -2.90855529e-06]
 [ 1.40318738e-02  1.26885919e-02  1.86632719e-02  1.11297047e-05
  -2.09664293e-06 -2.77942638e-07  7.53042035e-01  5.76748633e-04
   1.39886541e-06 -5.61958490e-05  8.71299470e-06 -3.14392762e-06]
 [ 1.45130923e-02  1.31321090e-02  1.91555610e-02  7.11443216e-06
  -3.48549063e-06 -1.47983958e-07  7.52326481e-01  5.76122445e-04
   1.65120435e-06 -5.23065621e-05  8.81290750e-06 -3.01589222e-06]
 [ 1.51504253e-02  1.36839299e-02  1.95144784e-02  8.29396185e-06
  -2.69967629e-06 -1.88060446e-07  7.51543687e-01  5.88101359e-04
   1.53382912e-06 -5.46349561e-05  9.45004666e-06 -3.26475691e-06]]
std error:
[[1.74845428e-04 1.88965290e-04 1.01923058e-04 3.24667573e-06
  1.62786178e-06 1.94192625e-07 1.40154834e-04 5.42532488e-06
  1.51079591e-07 7.45188528e-07 8.83864415e-08 5.56392450e-08]
 [1.19281666e-04 7.51349419e-05 5.45550327e-05 1.58505155e-06
  1.87350388e-06 7.50894620e-08 1.97435911e-04 7.78555769e-06
  9.17470359e-08 3.89137977e-06 2.70813443e-07 2.94716367e-07]
 [3.83904749e-05 9.69687673e-05 4.18888113e-05 1.20009794e-06
  1.05808910e-06 7.57231657e-08 6.63181911e-05 3.17036955e-06
  9.62580132e-08 2.32045947e-06 6.13393990e-08 1.93434005e-07]
 [9.46499646e-05 9.55252109e-05 7.40102652e-05 6.23001476e-07
  8.94285711e-07 7.69149261e-08 1.83853304e-04 2.49165260e-06
  9.58823590e-08 2.34784882e-06 7.17152632e-08 1.11353436e-07]
 [5.12293378e-05 3.16161086e-05 1.20730640e-04 3.14686664e-06
  1.18897857e-06 1.02845280e-07 8.70563326e-05 3.12991763e-06
  8.44812021e-08 2.87877876e-06 1.40925293e-07 1.45779905e-07]
 [6.50232015e-05 3.63548283e-05 1.85014633e-04 1.59636652e-06
  1.85116078e-06 1.04950477e-07 2.13836358e-04 3.84433836e-06
  9.19376989e-08 1.44844208e-06 5.89840156e-08 1.03542171e-07]
 [5.96872863e-05 9.60092390e-05 1.30203297e-04 2.15892434e-06
  3.17812183e-06 1.07131579e-07 9.09881927e-05 2.89519802e-06
  1.34683288e-07 2.91925759e-06 9.80978341e-08 2.05754138e-07]]
Done!, time = 1.7396607398986816s
