Begin!
Data shape = (250000, 5)
Begin sort function!
In centrality 0
In centrality 1
In centrality 2
In centrality 3
In centrality 4
In centrality 5
In centrality 6
end function sorter
Data shape = (250000, 5)
Begin sort function!
In centrality 0
In centrality 1
In centrality 2
In centrality 3
In centrality 4
In centrality 5
In centrality 6
end function sorter
Data shape = (250000, 5)
Begin sort function!
In centrality 0
In centrality 1
In centrality 2
In centrality 3
In centrality 4
In centrality 5
In centrality 6
end function sorter
Data shape = (250000, 5)
Begin sort function!
In centrality 0
In centrality 1
In centrality 2
In centrality 3
In centrality 4
In centrality 5
In centrality 6
end function sorter
Final results shape = (4, 7, 12)
mean value:
[[ 1.34853762e-02  1.05120014e-02  1.58373255e-02  2.83433837e-05
   9.90205101e-07 -3.15640064e-07  8.08702610e-01  8.83784007e-04
   1.25696451e-06 -1.04394288e-04  1.31623781e-05 -5.86540076e-06]
 [ 1.45230550e-02  1.11413671e-02  1.66371243e-02  2.57008851e-05
  -2.03153559e-06 -5.18888868e-07  8.04927324e-01  8.87817092e-04
   1.51017254e-06 -1.05712874e-04  1.39423511e-05 -6.05920888e-06]
 [ 1.53249133e-02  1.15623867e-02  1.73094781e-02  2.18190327e-05
  -5.39968002e-07 -5.61341694e-07  8.02608848e-01  9.06468533e-04
   1.74662494e-06 -1.09217108e-04  1.49580381e-05 -6.44278875e-06]
 [ 1.60838269e-02  1.21986691e-02  1.78581423e-02  1.90597279e-05
  -1.28331818e-06 -5.56331911e-07  8.00343322e-01  9.27267066e-04
   2.52890046e-06 -1.10603291e-04  1.59949101e-05 -6.95366813e-06]
 [ 1.67312755e-02  1.26441641e-02  1.84453759e-02  1.10397497e-05
  -2.11307128e-06 -5.91045750e-07  7.98865831e-01  9.35112728e-04
   3.26542747e-06 -1.09775306e-04  1.64974635e-05 -6.96482038e-06]
 [ 1.72808907e-02  1.31488047e-02  1.88638045e-02  1.41401012e-05
  -2.30172466e-06 -6.01163267e-07  7.97704563e-01  9.48610451e-04
   3.37718355e-06 -1.07781687e-04  1.71426760e-05 -7.05930910e-06]
 [ 1.80040740e-02  1.37484590e-02  1.94156239e-02  1.15626576e-05
  -4.81973478e-06 -3.63880707e-07  7.96663385e-01  9.71898918e-04
   3.63947401e-06 -1.07918495e-04  1.84450684e-05 -7.46612448e-06]]
std error:
[[1.33122091e-04 1.11801851e-04 9.92903220e-05 2.42717818e-06
  1.20813223e-06 6.49152468e-08 4.64541824e-04 6.89806564e-06
  2.56970287e-07 4.44647926e-06 6.95586204e-08 2.83037422e-07]
 [9.36055880e-05 4.08077538e-05 1.74984297e-04 2.65712478e-06
  2.15904844e-06 3.28510415e-08 2.08959806e-04 8.07684982e-06
  1.99521080e-07 4.26079244e-06 2.91591561e-07 2.59872139e-07]
 [5.13943468e-05 8.94210397e-05 6.50445108e-05 2.71986909e-06
  8.25166183e-07 1.31428456e-07 1.36999291e-04 8.18907945e-06
  2.96416893e-07 2.10539847e-06 2.02802824e-07 1.92537487e-07]
 [7.47505886e-05 2.84866640e-05 9.80158127e-05 2.46179232e-06
  9.95648153e-07 2.03503517e-07 3.44679608e-05 1.03900780e-05
  2.29619712e-07 3.39291417e-06 1.95996251e-07 2.95438117e-07]
 [4.73692273e-05 5.90089058e-05 3.84881489e-05 3.83641777e-06
  1.72243390e-06 1.47226635e-07 1.13757145e-04 1.02071559e-05
  1.02630983e-07 2.14730388e-06 2.71922809e-07 9.75223830e-08]
 [5.81732860e-05 1.08870440e-04 1.34107818e-04 1.92898692e-06
  1.24420633e-06 1.92043264e-07 1.24155674e-04 1.12361665e-05
  2.43156033e-07 5.30562771e-07 2.70669297e-07 1.67665320e-07]
 [4.71166430e-05 8.82552309e-05 1.06910385e-04 1.16627259e-06
  1.61846789e-06 1.82790247e-07 1.58533687e-04 4.84631495e-07
  5.12490215e-07 2.80383324e-06 8.86907159e-08 2.07116712e-07]]
Done!, time = 3.9284863471984863s
