Begin!
Data shape = (250000, 5)
Begin sort function!
In centrality 0
In centrality 1
In centrality 2
In centrality 3
In centrality 4
In centrality 5
In centrality 6
end function sorter
Data shape = (250000, 5)
Begin sort function!
In centrality 0
In centrality 1
In centrality 2
In centrality 3
In centrality 4
In centrality 5
In centrality 6
end function sorter
Data shape = (250000, 5)
Begin sort function!
In centrality 0
In centrality 1
In centrality 2
In centrality 3
In centrality 4
In centrality 5
In centrality 6
end function sorter
Data shape = (250000, 5)
Begin sort function!
In centrality 0
In centrality 1
In centrality 2
In centrality 3
In centrality 4
In centrality 5
In centrality 6
end function sorter
Final results shape = (4, 7, 12)
mean value:
[[ 1.18436783e-02  1.11691466e-02  1.58803067e-02  6.59975430e-06
  -2.06855296e-06 -1.90310515e-07  7.75156780e-01  1.42355613e-03
   9.38936251e-06 -4.67301136e-05  1.72830148e-05 -2.22632922e-06]
 [ 1.25478082e-02  1.16324267e-02  1.65252000e-02 -6.76045734e-08
  -6.78828781e-08 -2.68769197e-08  7.68569303e-01  1.39950727e-03
   1.04525683e-05 -4.47693330e-05  1.79373379e-05 -2.12038862e-06]
 [ 1.30258460e-02  1.21139237e-02  1.69952775e-02 -2.09577704e-07
  -1.74796326e-06 -8.37483937e-08  7.65101899e-01  1.41604147e-03
   1.16964773e-05 -4.52330079e-05  1.87642749e-05 -2.16661782e-06]
 [ 1.34584224e-02  1.24594921e-02  1.76770807e-02 -7.61631381e-07
  -2.35249957e-06 -1.13513101e-07  7.61417735e-01  1.42870727e-03
   1.14989403e-05 -4.47551228e-05  1.95646946e-05 -2.23235143e-06]
 [ 1.39249299e-02  1.29353914e-02  1.79696915e-02 -2.36517290e-06
  -2.27057702e-06 -7.16716551e-08  7.59271993e-01  1.44506464e-03
   1.15210276e-05 -4.31440986e-05  2.04019353e-05 -2.16605945e-06]
 [ 1.43631803e-02  1.31931319e-02  1.84225736e-02 -5.58818336e-06
  -2.78045821e-06 -9.71540659e-08  7.57325688e-01  1.45723995e-03
   1.12134227e-05 -4.79018579e-05  2.13234616e-05 -2.43668938e-06]
 [ 1.46737573e-02  1.36787700e-02  1.88715160e-02 -5.30873804e-06
  -3.89176722e-06 -1.03310484e-07  7.55781063e-01  1.48383098e-03
   1.23924436e-05 -4.54673099e-05  2.20781013e-05 -2.41545024e-06]]
std error:
[[5.97994249e-05 6.24803169e-05 9.10760827e-05 1.72201992e-06
  2.46334638e-06 9.70475112e-08 2.02345965e-04 7.48536141e-06
  1.20306034e-06 4.10468067e-06 3.18424930e-07 2.32657625e-07]
 [4.95016621e-05 8.67952261e-05 1.27827023e-04 3.67236141e-06
  2.64576309e-06 9.19481175e-08 2.09630420e-04 1.12323554e-05
  8.46027107e-07 6.05971862e-06 3.39176363e-07 3.49239644e-07]
 [7.67873728e-05 6.76006331e-05 9.24991581e-05 1.20495370e-06
  1.64462329e-06 3.98869343e-08 1.37730993e-04 1.12546906e-05
  8.36920916e-07 2.96280361e-06 2.05776893e-07 1.42066823e-07]
 [4.12450943e-05 9.92424641e-05 1.15585248e-04 2.36885358e-06
  2.16058131e-06 1.05048406e-07 1.38402371e-04 1.10653414e-05
  6.33553736e-07 8.54341142e-07 1.12540126e-07 1.16562787e-07]
 [7.76569583e-05 6.03086415e-05 1.33506889e-04 8.92526767e-07
  1.05472308e-06 8.34701028e-08 1.30145589e-04 1.15540688e-05
  1.31742899e-06 1.13178703e-06 1.92787005e-07 5.23860568e-08]
 [8.51144029e-05 5.70046728e-05 1.39417031e-04 3.56602893e-06
  7.04887587e-07 9.62530368e-08 1.16807864e-04 8.36421809e-06
  7.73893771e-07 1.90076945e-06 2.05578908e-07 1.65796873e-07]
 [1.10991957e-04 8.43180544e-05 6.55093965e-05 3.31644475e-06
  3.25945188e-06 4.56114933e-08 1.81244224e-04 1.17844789e-05
  8.76371950e-07 3.14645590e-06 1.28534357e-07 2.35570966e-07]]
Done!, time = 3.9363396167755127s
