Begin!
Data shape = (250000, 5)
Begin sort function!
In centrality 0
In centrality 1
In centrality 2
In centrality 3
In centrality 4
In centrality 5
In centrality 6
end function sorter
Data shape = (250000, 5)
Begin sort function!
In centrality 0
In centrality 1
In centrality 2
In centrality 3
In centrality 4
In centrality 5
In centrality 6
end function sorter
Data shape = (250000, 5)
Begin sort function!
In centrality 0
In centrality 1
In centrality 2
In centrality 3
In centrality 4
In centrality 5
In centrality 6
end function sorter
Data shape = (250000, 5)
Begin sort function!
In centrality 0
In centrality 1
In centrality 2
In centrality 3
In centrality 4
In centrality 5
In centrality 6
end function sorter
Final results shape = (4, 7, 12)
mean value:
[[ 1.76278217e-02  9.46259133e-03  1.45101547e-02  4.76728783e-06
   6.85929615e-07 -1.70137609e-06  9.67597695e-01  1.02209109e-02
   6.12444093e-04 -2.45315378e-04  1.77529336e-04 -1.54333311e-05]
 [ 1.90714295e-02  1.03327985e-02  1.58131220e-02 -9.03088840e-06
   1.45679157e-06 -1.40488042e-06  9.45220353e-01  9.64113855e-03
   5.50853990e-04 -2.53737383e-04  1.81042464e-04 -1.68982517e-05]
 [ 2.02015141e-02  1.12571382e-02  1.67713611e-02 -2.80674628e-05
   9.49302902e-07 -7.10985545e-07  9.32716015e-01  9.64530866e-03
   5.52483940e-04 -2.56492440e-04  1.90439096e-04 -1.75594947e-05]
 [ 2.10354550e-02  1.20836735e-02  1.76832100e-02 -2.93329749e-05
  -4.12625924e-07 -6.16147232e-07  9.24836952e-01  9.82843321e-03
   5.85961746e-04 -2.66582012e-04  2.02303641e-04 -1.87745999e-05]
 [ 2.17794100e-02  1.29618893e-02  1.83928909e-02 -3.27303799e-05
  -5.61511475e-08 -7.55914105e-07  9.21203425e-01  1.00181588e-02
   5.99869339e-04 -2.68297441e-04  2.13176172e-04 -1.94213086e-05]
 [ 2.26037359e-02  1.37253910e-02  1.88728792e-02 -3.62011777e-05
   1.21547704e-06 -6.11125115e-07  9.20101271e-01  1.03730011e-02
   6.08690728e-04 -2.74291592e-04  2.28972525e-04 -2.02398102e-05]
 [ 2.32213736e-02  1.43802702e-02  1.93347768e-02 -4.14188880e-05
  -8.44014855e-07 -3.97143569e-07  9.20374797e-01  1.06562706e-02
   6.30368656e-04 -2.61161542e-04  2.41220827e-04 -2.03034208e-05]]
std error:
[[1.37514968e-04 4.65940936e-05 1.26764091e-04 4.22112577e-06
  1.84770465e-06 2.42409290e-07 8.28340102e-04 2.12081502e-05
  1.69181302e-05 2.34359977e-05 1.23407493e-06 1.61872814e-06]
 [1.26309793e-04 3.94943566e-05 1.12830574e-04 5.89587646e-06
  1.44328737e-06 3.01721102e-07 6.36368661e-04 6.47281028e-05
  3.37603711e-05 7.67549864e-06 2.24863813e-06 7.33661673e-07]
 [1.47906806e-04 5.91533515e-05 8.15612908e-05 2.41653217e-06
  1.09730740e-06 1.73117223e-07 9.50176321e-05 1.10653740e-04
  2.63521829e-05 1.12148146e-05 1.40169962e-06 8.07620614e-07]
 [1.07067197e-04 1.51614465e-05 8.46277877e-05 2.85243431e-06
  2.51571160e-06 1.57112021e-07 3.90819289e-04 9.31553026e-05
  1.93027001e-05 8.05541421e-06 1.74661575e-06 8.83577695e-07]
 [1.71650692e-04 4.32274378e-05 1.49367537e-04 2.92007853e-06
  7.80299049e-07 1.97389042e-07 5.61500636e-04 4.28571309e-05
  9.47849648e-06 6.08529775e-07 2.36464237e-06 3.32623741e-07]
 [1.15986162e-04 3.90518097e-05 1.80489902e-04 5.27928662e-06
  1.06936643e-06 2.67702699e-07 2.29772633e-04 4.68531149e-05
  1.74841676e-05 9.19967779e-06 1.89679197e-06 6.93674594e-07]
 [1.09798297e-04 6.63662901e-05 5.98061586e-05 4.09880598e-06
  8.66100551e-07 1.18059757e-07 3.40311054e-04 7.21517208e-05
  2.60590191e-05 4.40436531e-06 2.87055523e-06 5.01075936e-07]]
Done!, time = 4.641841411590576s
