Begin!
Data shape = (250000, 5)
Begin sort function!
In centrality 0
In centrality 1
In centrality 2
In centrality 3
In centrality 4
In centrality 5
In centrality 6
end function sorter
Data shape = (250000, 5)
Begin sort function!
In centrality 0
In centrality 1
In centrality 2
In centrality 3
In centrality 4
In centrality 5
In centrality 6
end function sorter
Data shape = (250000, 5)
Begin sort function!
In centrality 0
In centrality 1
In centrality 2
In centrality 3
In centrality 4
In centrality 5
In centrality 6
end function sorter
Data shape = (250000, 5)
Begin sort function!
In centrality 0
In centrality 1
In centrality 2
In centrality 3
In centrality 4
In centrality 5
In centrality 6
end function sorter
Final results shape = (4, 7, 12)
mean value:
[[ 1.15529983e-02  1.08272890e-02  1.64854661e-02 -2.40137396e-06
   5.21610822e-08 -3.87973477e-08  7.99655610e-01  4.31850250e-03
   1.28485053e-04 -3.50334167e-05  4.98237733e-05 -1.53756720e-06]
 [ 1.22332408e-02  1.14847819e-02  1.74353707e-02 -2.83988704e-06
  -2.63514717e-06 -2.63321921e-08  7.82827801e-01  4.05320298e-03
   1.13125867e-04 -2.94964221e-05  4.93116244e-05 -1.20803772e-06]
 [ 1.27351325e-02  1.20069472e-02  1.80721255e-02 -4.64972447e-06
  -2.37804331e-06 -4.46249598e-08  7.73957274e-01  4.05443980e-03
   1.24791488e-04 -3.38162862e-05  5.14145768e-05 -1.61587688e-06]
 [ 1.32046600e-02  1.25653813e-02  1.87395994e-02 -6.94764890e-06
  -2.51345799e-06 -3.63933964e-08  7.66358257e-01  4.09397459e-03
   1.28883462e-04 -2.92116723e-05  5.37912240e-05 -1.39396917e-06]
 [ 1.36578673e-02  1.30082280e-02  1.91368432e-02 -7.10050163e-06
  -2.36114960e-06 -1.81676454e-08  7.61238099e-01  4.14172115e-03
   1.28775847e-04 -2.59396729e-05  5.65280706e-05 -1.19910338e-06]
 [ 1.40884642e-02  1.34333018e-02  1.96914152e-02 -8.58400624e-06
  -3.70242813e-06 -5.18736715e-08  7.57414075e-01  4.21051511e-03
   1.33764481e-04 -2.05809302e-05  5.92518479e-05 -1.00916447e-06]
 [ 1.45108035e-02  1.40020449e-02  1.99981398e-02 -9.61268047e-06
  -4.75523330e-06  1.91293396e-08  7.54304118e-01  4.31715129e-03
   1.42033010e-04 -2.34181824e-05  6.22059147e-05 -1.26846575e-06]]
std error:
[[4.19315140e-05 7.85698226e-05 9.67019853e-05 2.47378718e-06
  1.58695279e-06 4.97543092e-08 3.66872616e-04 4.83551214e-05
  8.74136893e-06 2.06964959e-06 5.32236682e-07 1.49724239e-07]
 [1.45003419e-04 1.52066582e-04 1.17607055e-04 2.11275344e-06
  1.71959180e-06 2.14951351e-08 2.55372123e-04 4.54617581e-05
  9.21894256e-06 1.66189754e-06 5.23942855e-07 1.63845383e-07]
 [8.63995437e-05 4.72154755e-05 2.04524029e-04 1.96991432e-06
  1.91034278e-06 5.35278283e-08 1.95781555e-04 2.40844202e-05
  5.34989817e-06 1.56925248e-06 4.74239273e-07 5.45888183e-08]
 [8.08987047e-05 8.78717803e-05 7.17543496e-05 1.39974318e-06
  1.80713524e-06 2.26863327e-08 3.43093072e-04 2.47878857e-05
  4.33198080e-06 4.07769634e-06 4.72213593e-07 1.85631938e-07]
 [6.47227163e-05 9.14736216e-05 7.77278844e-05 2.33960551e-06
  2.14759230e-06 6.12862744e-08 7.92357044e-04 1.61616574e-05
  2.87247733e-06 4.33897293e-06 9.79139823e-07 3.30640323e-07]
 [9.16340406e-05 6.05756985e-05 3.69812945e-05 8.97070375e-07
  1.99515835e-06 4.46937778e-08 2.97014668e-04 3.78108189e-05
  9.32897747e-06 6.51827441e-06 4.95903883e-07 3.62707933e-07]
 [6.84782961e-05 9.07261564e-05 8.79566443e-05 1.77716102e-06
  8.52509937e-07 8.37488277e-08 1.96653664e-04 1.80993950e-05
  6.12051127e-06 2.71459965e-06 5.32136954e-07 1.60286280e-07]]
Done!, time = 4.725005865097046s
