Begin!
Data shape = (250000, 5)
Begin sort function!
In centrality 0
In centrality 1
In centrality 2
In centrality 3
In centrality 4
In centrality 5
In centrality 6
end function sorter
Data shape = (250000, 5)
Begin sort function!
In centrality 0
In centrality 1
In centrality 2
In centrality 3
In centrality 4
In centrality 5
In centrality 6
end function sorter
Data shape = (250000, 5)
Begin sort function!
In centrality 0
In centrality 1
In centrality 2
In centrality 3
In centrality 4
In centrality 5
In centrality 6
end function sorter
Data shape = (250000, 5)
Begin sort function!
In centrality 0
In centrality 1
In centrality 2
In centrality 3
In centrality 4
In centrality 5
In centrality 6
end function sorter
Final results shape = (4, 7, 12)
mean value:
[[ 1.15583168e-02  1.08336885e-02  1.63873674e-02  1.29873697e-05
  -1.72923414e-06 -6.09453424e-08  7.70306957e-01  1.42337536e-03
   1.02177060e-05 -4.32616115e-05  1.67532230e-05 -2.25886809e-06]
 [ 1.24629901e-02  1.13885361e-02  1.72456839e-02  1.40565855e-05
  -1.86339515e-06 -8.05639942e-08  7.64243158e-01  1.40957971e-03
   1.14992079e-05 -4.81853652e-05  1.78904294e-05 -2.63742932e-06]
 [ 1.30629192e-02  1.18141291e-02  1.77665628e-02  1.34095470e-05
  -1.09857513e-06 -1.02951724e-07  7.60720671e-01  1.42979678e-03
   1.14659470e-05 -4.84066650e-05  1.91225631e-05 -2.62221796e-06]
 [ 1.36238046e-02  1.22974160e-02  1.83265125e-02  1.02549831e-05
  -6.73788745e-07 -1.41619147e-07  7.57514739e-01  1.44622359e-03
   1.26465123e-05 -5.21847653e-05  2.01174848e-05 -2.91122081e-06]
 [ 1.40960289e-02  1.28583666e-02  1.87016926e-02  9.60606088e-06
  -7.26388630e-07 -2.13935659e-07  7.55344134e-01  1.45876125e-03
   1.24988900e-05 -5.29605282e-05  2.10106071e-05 -3.06247939e-06]
 [ 1.45630136e-02  1.32117726e-02  1.91237418e-02  9.79506207e-06
  -1.09941166e-06 -2.33801902e-07  7.53469797e-01  1.46416790e-03
   1.14087431e-05 -4.87928754e-05  2.17952852e-05 -2.79399793e-06]
 [ 1.51736137e-02  1.37152841e-02  1.96758334e-02  7.58128432e-06
  -3.20212662e-06 -1.37548480e-07  7.52020730e-01  1.48951141e-03
   1.25511556e-05 -5.31595289e-05  2.31681182e-05 -3.29919188e-06]]
std error:
[[1.33863887e-04 5.05097923e-05 4.75329917e-05 1.55473298e-06
  9.72544889e-07 1.63118842e-07 1.71817933e-04 1.09680040e-05
  6.62250706e-07 4.19337721e-06 2.27650162e-07 2.75302565e-07]
 [9.36106728e-05 5.85487019e-05 6.60323373e-05 3.30390514e-06
  1.81558030e-06 1.14844341e-07 3.39109653e-04 1.23081274e-05
  1.36063101e-06 2.56633876e-06 2.20146509e-07 2.40379970e-07]
 [6.02480039e-05 6.17144258e-05 3.56155425e-05 1.37086582e-06
  1.16069552e-06 6.75461173e-08 2.52702576e-04 1.65158795e-05
  9.53639713e-07 1.96514297e-06 2.35326850e-07 1.72469560e-07]
 [2.02538840e-05 2.55392717e-05 5.96751801e-05 2.37609120e-06
  1.07810951e-06 1.35418614e-07 2.31748277e-04 5.79161463e-06
  9.74030439e-07 2.27421458e-06 2.46133259e-07 1.19855592e-07]
 [5.00844120e-05 1.10506758e-04 8.29311098e-05 1.49845962e-06
  1.51859157e-06 2.55504035e-08 5.57017298e-05 6.53450131e-06
  5.92443660e-07 9.13018922e-07 1.33350721e-07 6.99738767e-08]
 [7.88111240e-05 9.43168246e-05 2.34693224e-04 2.49989994e-06
  4.63966203e-07 5.62814101e-08 2.01394296e-04 6.33955173e-06
  1.12592358e-06 3.19208080e-06 3.62803869e-07 1.07077240e-07]
 [6.94664026e-05 6.50816886e-05 1.16204940e-04 2.25933496e-06
  2.07173844e-06 6.33949884e-08 2.22097826e-04 1.00296949e-05
  7.56814672e-07 3.20660929e-06 1.01498485e-07 3.51493717e-07]]
Done!, time = 4.397418260574341s
