Begin!
Data shape = (250000, 5)
Begin sort function!
In centrality 0
In centrality 1
In centrality 2
In centrality 3
In centrality 4
In centrality 5
In centrality 6
end function sorter
Data shape = (250000, 5)
Begin sort function!
In centrality 0
In centrality 1
In centrality 2
In centrality 3
In centrality 4
In centrality 5
In centrality 6
end function sorter
Data shape = (250000, 5)
Begin sort function!
In centrality 0
In centrality 1
In centrality 2
In centrality 3
In centrality 4
In centrality 5
In centrality 6
end function sorter
Data shape = (250000, 5)
Begin sort function!
In centrality 0
In centrality 1
In centrality 2
In centrality 3
In centrality 4
In centrality 5
In centrality 6
end function sorter
Final results shape = (4, 7, 12)
mean value:
[[ 1.14830988e-02  1.06870473e-02  1.59347444e-02  1.48423927e-05
  -1.55301427e-06  1.75203543e-09  8.02808572e-01  6.09548642e-04
   1.13237236e-06 -5.01272900e-05  7.64473923e-06 -2.49561492e-06]
 [ 1.22092655e-02  1.10297864e-02  1.65900163e-02  1.50191860e-05
  -1.49321120e-06 -1.42142522e-08  8.00900549e-01  6.19535751e-04
   1.48728725e-06 -5.29571235e-05  8.15148713e-06 -2.78997013e-06]
 [ 1.27902486e-02  1.15259850e-02  1.73038728e-02  1.29570446e-05
  -2.53281114e-06 -1.09132156e-07  7.99361196e-01  6.30745111e-04
   1.56707095e-06 -5.50604928e-05  8.68452668e-06 -2.90110180e-06]
 [ 1.33366282e-02  1.20237570e-02  1.77748679e-02  1.14011578e-05
  -3.05803995e-06 -2.08751521e-07  7.98413866e-01  6.38721508e-04
   1.66749233e-06 -5.62013683e-05  9.05654363e-06 -2.95996118e-06]
 [ 1.38029591e-02  1.25483690e-02  1.82212854e-02  1.05408679e-05
  -1.46785746e-06 -1.99872779e-07  7.97543546e-01  6.52150630e-04
   2.03039791e-06 -5.62239605e-05  9.53070836e-06 -3.08831129e-06]
 [ 1.44330917e-02  1.29840190e-02  1.87159315e-02  6.85649318e-06
  -2.20238885e-06 -2.67179069e-07  7.96941395e-01  6.61442972e-04
   2.01364748e-06 -5.54705652e-05  1.00540817e-05 -3.08784190e-06]
 [ 1.50034560e-02  1.35147159e-02  1.91487502e-02  5.15625051e-06
  -2.47010932e-06 -2.60666588e-07  7.96404302e-01  6.67174602e-04
   2.18785222e-06 -5.39286497e-05  1.05450010e-05 -3.14131121e-06]]
std error:
[[9.61896188e-05 1.27471811e-04 1.22166414e-04 3.23535754e-06
  1.59276047e-06 8.36522083e-08 2.45113860e-04 3.07068598e-06
  2.13681996e-07 1.56335738e-06 1.29343207e-07 8.16227133e-08]
 [9.10130017e-05 4.69512147e-05 1.40893956e-04 3.59431779e-06
  1.22016750e-06 8.56006964e-08 5.50794849e-05 7.68970940e-06
  1.21715603e-07 3.59877779e-06 2.12662422e-07 2.51992137e-07]
 [1.15514510e-04 4.92200334e-05 8.60850242e-06 1.89831741e-06
  1.11063811e-06 6.82301374e-08 4.08137811e-05 6.99664858e-06
  2.36533035e-07 2.18103268e-06 1.99066227e-07 1.54848754e-07]
 [9.56577620e-05 1.11229112e-04 1.02456042e-04 1.34926141e-06
  1.26845312e-06 6.32701270e-08 9.64133547e-05 3.52459324e-06
  2.18267356e-07 2.99950299e-06 1.40218304e-07 2.05545058e-07]
 [5.57456898e-05 5.41460030e-05 2.58673596e-05 1.96008676e-06
  2.22546210e-06 8.22041662e-08 1.21062213e-04 3.74919413e-06
  1.88883029e-07 4.65962316e-07 4.29405018e-08 8.31054856e-08]
 [1.10167909e-04 3.40753367e-05 8.09154439e-05 2.06710211e-06
  9.58229532e-07 8.61800286e-08 1.34352116e-04 6.03162298e-06
  2.92627563e-07 1.28561789e-06 8.13855452e-08 6.32969474e-08]
 [2.47564918e-05 9.34568746e-05 9.83168736e-05 4.28123656e-06
  9.74501588e-07 7.21900423e-08 1.05018329e-04 5.93798500e-06
  3.02828815e-08 3.11590910e-06 2.06861902e-07 2.21069096e-07]]
Done!, time = 4.3835883140563965s
