Begin!
Data shape = (250000, 5)
Begin sort function!
In centrality 0
In centrality 1
In centrality 2
In centrality 3
In centrality 4
In centrality 5
In centrality 6
end function sorter
Data shape = (250000, 5)
Begin sort function!
In centrality 0
In centrality 1
In centrality 2
In centrality 3
In centrality 4
In centrality 5
In centrality 6
end function sorter
Data shape = (250000, 5)
Begin sort function!
In centrality 0
In centrality 1
In centrality 2
In centrality 3
In centrality 4
In centrality 5
In centrality 6
end function sorter
Data shape = (250000, 5)
Begin sort function!
In centrality 0
In centrality 1
In centrality 2
In centrality 3
In centrality 4
In centrality 5
In centrality 6
end function sorter
Final results shape = (4, 7, 12)
mean value:
[[ 1.13452505e-02  9.98254590e-03  1.42987429e-02  1.25421648e-05
  -1.69769461e-06 -2.48044819e-07  8.57761181e-01  6.66110720e-04
  -9.60887330e-07 -7.39394414e-05  8.86753134e-06 -3.36770636e-06]
 [ 1.21668645e-02  1.04809349e-02  1.50116811e-02  6.04444021e-06
   2.10726571e-06 -1.92671677e-07  8.55535388e-01  6.88814752e-04
  -3.82180265e-07 -7.39933698e-05  9.44826416e-06 -3.44444850e-06]
 [ 1.28581202e-02  1.10210109e-02  1.56150088e-02  5.45051339e-06
   5.95140124e-07 -2.95170843e-07  8.54234157e-01  7.05793114e-04
  -3.02982073e-09 -7.50133250e-05  1.00846480e-05 -3.59913880e-06]
 [ 1.35476504e-02  1.16656284e-02  1.63211815e-02  1.45616314e-06
  -3.41273791e-07 -1.86295145e-07  8.53267598e-01  7.17797914e-04
   4.88778448e-07 -7.07252803e-05  1.06496502e-05 -3.54178351e-06]
 [ 1.42336843e-02  1.22395351e-02  1.68742642e-02 -2.01192798e-06
  -9.50794262e-07 -1.14025068e-07  8.52439414e-01  7.39737981e-04
   1.10570968e-06 -6.84980548e-05  1.13791951e-05 -3.60321826e-06]
 [ 1.48139095e-02  1.28565237e-02  1.74986445e-02  4.49050929e-07
  -1.85415549e-06 -1.90729159e-07  8.52140130e-01  7.54573158e-04
   1.35861318e-06 -6.90573368e-05  1.20833509e-05 -3.79466175e-06]
 [ 1.55079549e-02  1.35291058e-02  1.79745566e-02 -4.56442059e-06
  -4.12497790e-06 -1.31648242e-07  8.51891936e-01  7.63796182e-04
   1.58387855e-06 -6.34742582e-05  1.26246949e-05 -3.64492192e-06]]
std error:
[[8.74920211e-05 4.04432088e-05 1.53671427e-04 1.20130266e-06
  1.26432035e-06 5.08332982e-08 2.14672865e-04 4.13428423e-06
  2.60969594e-07 3.12018615e-06 1.26104840e-07 1.40571549e-07]
 [7.79274204e-05 1.10242486e-04 1.74644579e-04 3.08902420e-06
  2.03889426e-06 7.72102013e-08 2.42769657e-04 6.24500554e-06
  1.39751524e-07 1.32865575e-06 1.48133884e-07 1.49546951e-07]
 [7.31752785e-05 4.89030240e-06 1.11829781e-04 3.08966104e-06
  1.00024122e-06 4.95285356e-08 1.16749939e-04 5.04236190e-06
  1.96633860e-07 2.16356692e-06 1.23972057e-07 1.04603554e-07]
 [5.39967324e-05 7.54528594e-05 1.53835221e-04 1.84895184e-06
  1.41240108e-06 1.13562784e-07 8.13544493e-05 5.84181553e-06
  2.29651593e-07 2.20080525e-06 1.39219743e-07 1.39319414e-07]
 [3.07025796e-05 8.26285615e-05 1.38060603e-04 2.36651403e-06
  1.34622235e-06 9.37727015e-08 1.88081703e-04 5.23423740e-06
  2.99773215e-07 2.00874696e-06 1.20102596e-07 1.44932363e-07]
 [1.04760845e-04 4.55315034e-05 9.12336165e-05 2.42030487e-06
  1.51826326e-06 6.77338007e-08 1.08254589e-04 5.95445701e-06
  1.87379887e-07 1.79912588e-06 2.34669942e-07 1.92564360e-07]
 [4.39534748e-05 9.02593443e-05 8.86789601e-05 2.36992997e-06
  1.58162345e-06 7.42794920e-08 1.35371207e-04 5.86154459e-06
  3.09939225e-07 2.38780108e-06 1.60559656e-07 1.52438320e-07]]
Done!, time = 1.7396149635314941s
