Begin!
Data shape = (250000, 5)
Begin sort function!
In centrality 0
In centrality 1
In centrality 2
In centrality 3
In centrality 4
In centrality 5
In centrality 6
end function sorter
Data shape = (250000, 5)
Begin sort function!
In centrality 0
In centrality 1
In centrality 2
In centrality 3
In centrality 4
In centrality 5
In centrality 6
end function sorter
Data shape = (250000, 5)
Begin sort function!
In centrality 0
In centrality 1
In centrality 2
In centrality 3
In centrality 4
In centrality 5
In centrality 6
end function sorter
Data shape = (250000, 5)
Begin sort function!
In centrality 0
In centrality 1
In centrality 2
In centrality 3
In centrality 4
In centrality 5
In centrality 6
end function sorter
Final results shape = (4, 7, 12)
mean value:
[[ 1.37407022e-02  1.00185070e-02  1.55850645e-02  4.34482037e-05
   2.73870193e-07 -3.45778363e-07  8.17331768e-01  1.96039888e-03
   1.93679984e-05 -1.19298983e-04  2.84296090e-05 -7.27149747e-06]
 [ 1.51539309e-02  1.06558388e-02  1.67135953e-02  3.55306705e-05
  -1.06495130e-06 -5.80602610e-07  8.09896811e-01  1.94807031e-03
   1.87890973e-05 -1.29247192e-04  3.12966733e-05 -8.14807019e-06]
 [ 1.62099998e-02  1.13848558e-02  1.74702711e-02  2.99192841e-05
   2.06474416e-07 -7.68490571e-07  8.05762469e-01  2.00043400e-03
   2.16966040e-05 -1.34866704e-04  3.38881605e-05 -8.66278337e-06]
 [ 1.72097465e-02  1.21573674e-02  1.82957547e-02  3.07012417e-05
   6.47527734e-07 -9.97977940e-07  8.02146200e-01  2.01606994e-03
   2.01367027e-05 -1.39871069e-04  3.62271105e-05 -9.45945255e-06]
 [ 1.81221814e-02  1.28735393e-02  1.88381627e-02  2.47434482e-05
   9.97683590e-08 -8.84685456e-07  7.99846351e-01  2.04889451e-03
   2.29594457e-05 -1.39095328e-04  3.82754550e-05 -9.76749460e-06]
 [ 1.88167946e-02  1.35193049e-02  1.93769636e-02  1.76858744e-05
   5.13884903e-08 -9.65545926e-07  7.98484524e-01  2.07821971e-03
   2.32829620e-05 -1.32654565e-04  4.03216045e-05 -9.31911236e-06]
 [ 1.96028815e-02  1.41679548e-02  1.99203547e-02  1.28202586e-05
   1.47228993e-08 -1.07646023e-06  7.97000017e-01  2.12190925e-03
   2.45913838e-05 -1.42714131e-04  4.29860095e-05 -1.07587985e-05]]
std error:
[[7.57032525e-05 4.24269404e-05 1.93994896e-04 2.19943878e-06
  1.30810851e-06 1.09418830e-07 5.39901311e-04 3.85334472e-05
  2.46774058e-06 9.88976953e-06 9.68093691e-07 5.84945106e-07]
 [1.60183244e-04 2.61321891e-05 1.67368900e-04 2.33182896e-06
  1.43214169e-06 2.16987859e-07 3.30043589e-04 2.21763490e-05
  1.20959133e-06 5.88337840e-06 6.31602532e-07 3.31914636e-07]
 [1.52802742e-04 8.51069321e-05 5.91473771e-05 5.17038330e-06
  1.63622501e-06 1.17986100e-07 4.16670790e-04 6.43343839e-06
  9.42526569e-07 7.34009149e-07 3.68622503e-07 1.87586081e-07]
 [1.07958812e-04 5.43073320e-05 1.49783128e-04 3.49057789e-06
  6.60364107e-07 2.34467700e-07 3.15318434e-04 7.86048888e-06
  8.95764681e-07 6.33609116e-06 5.49557494e-07 6.43956223e-07]
 [9.03590238e-05 5.79578852e-05 1.62770889e-04 6.41424501e-06
  5.92722857e-07 2.13511051e-07 5.00705500e-05 1.32911107e-05
  1.06971918e-06 7.34889532e-06 4.97765742e-07 6.60104667e-07]
 [9.64946600e-05 1.02903440e-04 1.31354720e-04 1.80177417e-07
  5.70710166e-07 2.04524146e-07 4.07454337e-04 1.45360277e-05
  1.45199666e-06 4.25439829e-06 2.62046957e-07 3.52757766e-07]
 [7.49484694e-05 1.03089363e-05 1.02690149e-04 2.32036571e-06
  2.46018993e-06 1.61710767e-07 2.67188999e-04 2.01627368e-05
  1.83170123e-06 8.12291816e-06 6.97051745e-07 6.27157292e-07]]
Done!, time = 4.173867702484131s
