Begin!
Data shape = (250000, 5)
Begin sort function!
In centrality 0
In centrality 1
In centrality 2
In centrality 3
In centrality 4
In centrality 5
In centrality 6
end function sorter
Data shape = (250000, 5)
Begin sort function!
In centrality 0
In centrality 1
In centrality 2
In centrality 3
In centrality 4
In centrality 5
In centrality 6
end function sorter
Data shape = (250000, 5)
Begin sort function!
In centrality 0
In centrality 1
In centrality 2
In centrality 3
In centrality 4
In centrality 5
In centrality 6
end function sorter
Data shape = (250000, 5)
Begin sort function!
In centrality 0
In centrality 1
In centrality 2
In centrality 3
In centrality 4
In centrality 5
In centrality 6
end function sorter
Final results shape = (4, 7, 12)
mean value:
[[ 1.77145179e-02  9.83687732e-03  1.50868247e-02  5.91380856e-05
   9.58398506e-07 -1.97744185e-06  9.05732546e-01  7.81860152e-03
   3.80173734e-04 -2.07379857e-04  1.37474001e-04 -1.55570692e-05]
 [ 1.93578201e-02  1.07020080e-02  1.62682678e-02  4.19510092e-05
   1.44560503e-06 -2.50001201e-06  8.85057239e-01  7.51805021e-03
   3.63506605e-04 -2.22411604e-04  1.44252561e-04 -1.65164616e-05]
 [ 2.07930110e-02  1.14776894e-02  1.73512002e-02  2.82324850e-05
   3.40199558e-07 -2.17351278e-06  8.72885362e-01  7.56128485e-03
   3.72580552e-04 -2.45907667e-04  1.56744896e-04 -1.95229547e-05]
 [ 2.20337242e-02  1.23822867e-02  1.81934139e-02  1.74002883e-05
   2.13997902e-06 -2.37400360e-06  8.65520299e-01  7.69830546e-03
   3.96272257e-04 -2.55087695e-04  1.66946734e-04 -2.07585785e-05]
 [ 2.28608692e-02  1.30937520e-02  1.89036782e-02  1.22602874e-05
   1.48323499e-06 -2.42761394e-06  8.60393802e-01  7.84592572e-03
   4.00651104e-04 -2.61250256e-04  1.75474453e-04 -2.18852836e-05]
 [ 2.37354224e-02  1.37508427e-02  1.95629156e-02  4.46073313e-06
   1.82340398e-06 -2.26988798e-06  8.58056504e-01  8.07310324e-03
   4.25811336e-04 -2.61310349e-04  1.88132714e-04 -2.25049347e-05]
 [ 2.47150066e-02  1.44952540e-02  1.99759057e-02  9.92057088e-07
  -1.79212842e-07 -2.40297880e-06  8.57219640e-01  8.39317528e-03
   4.33913116e-04 -2.74281818e-04  2.03061979e-04 -2.41223578e-05]]
std error:
[[6.79850769e-05 1.19781952e-04 1.90546519e-04 8.07164435e-06
  8.74959777e-07 1.98470001e-07 9.47819872e-04 6.47467763e-05
  1.71685267e-05 9.42645751e-06 1.04917351e-06 7.10836025e-07]
 [1.30702804e-04 8.50527292e-05 1.90296818e-04 3.04529171e-06
  3.18990273e-06 2.75301116e-07 2.64509499e-04 2.80758293e-05
  1.34067174e-05 1.14426583e-05 1.57658236e-06 9.20093362e-07]
 [1.67260762e-04 3.77233058e-05 1.10072803e-04 5.43212049e-06
  4.69956418e-07 1.37139477e-07 4.07198948e-04 9.52658591e-05
  1.80121959e-05 9.87630842e-06 1.54216405e-06 9.09346506e-07]
 [9.41467517e-05 9.79621304e-05 6.85036578e-05 6.08526586e-06
  1.17504598e-06 2.34748449e-07 2.43660857e-04 1.41350169e-04
  1.79581807e-05 9.81610783e-06 4.76808807e-06 1.40668323e-06]
 [1.70612640e-04 5.23424316e-05 1.07647371e-04 8.36893457e-07
  9.53925882e-07 3.29388204e-07 4.75654769e-04 6.82713651e-05
  1.27823191e-05 1.02945522e-05 2.22289930e-06 7.15724829e-07]
 [8.43336670e-05 7.24334963e-05 1.21091458e-04 4.26554744e-06
  1.75575926e-06 2.42632197e-07 4.84210473e-04 5.30264395e-05
  7.27613714e-06 7.11540911e-06 1.38499373e-06 1.05128362e-06]
 [2.29157557e-04 4.05587498e-05 3.51259327e-05 2.10841810e-06
  3.64226305e-06 2.86503455e-07 5.07588901e-04 8.50157665e-05
  2.14860855e-05 1.04868762e-05 2.79342082e-06 1.11460042e-06]]
Done!, time = 4.361722230911255s
