Begin!
Data shape = (250000, 5)
Begin sort function!
In centrality 0
In centrality 1
In centrality 2
In centrality 3
In centrality 4
In centrality 5
In centrality 6
end function sorter
Data shape = (250000, 5)
Begin sort function!
In centrality 0
In centrality 1
In centrality 2
In centrality 3
In centrality 4
In centrality 5
In centrality 6
end function sorter
Data shape = (250000, 5)
Begin sort function!
In centrality 0
In centrality 1
In centrality 2
In centrality 3
In centrality 4
In centrality 5
In centrality 6
end function sorter
Data shape = (250000, 5)
Begin sort function!
In centrality 0
In centrality 1
In centrality 2
In centrality 3
In centrality 4
In centrality 5
In centrality 6
end function sorter
Final results shape = (4, 7, 12)
mean value:
[[ 1.12063166e-02  1.00098231e-02  1.59797945e-02  2.54375583e-06
   3.05199805e-07 -1.31948646e-07  8.13591110e-01  1.80675436e-03
   1.84412518e-05 -4.49743572e-05  2.07304312e-05 -1.91333048e-06]
 [ 1.20298736e-02  1.07253852e-02  1.70225631e-02  1.37504310e-07
   7.88607395e-07 -1.25478614e-07  8.07188401e-01  1.80841459e-03
   1.70959140e-05 -4.86494703e-05  2.21397943e-05 -2.17162004e-06]
 [ 1.26756000e-02  1.13850177e-02  1.76650658e-02  1.78190373e-07
   7.24683735e-07 -1.12594228e-07  8.03352097e-01  1.81747813e-03
   1.89461875e-05 -4.97082972e-05  2.34232334e-05 -2.31539409e-06]
 [ 1.32699896e-02  1.20760472e-02  1.82585951e-02 -2.04309136e-06
   1.08548272e-06 -1.29250902e-07  8.00544765e-01  1.84377640e-03
   1.95585280e-05 -4.80564709e-05  2.49485061e-05 -2.35362164e-06]
 [ 1.38841513e-02  1.26487549e-02  1.88181556e-02 -5.13222504e-06
  -5.38247482e-07 -5.42765440e-08  7.98755625e-01  1.88851148e-03
   2.06026801e-05 -4.80797147e-05  2.67995141e-05 -2.37265581e-06]
 [ 1.44707498e-02  1.32940010e-02  1.93740558e-02 -5.23322505e-06
   7.53147236e-08 -1.15223912e-07  7.97512024e-01  1.89976438e-03
   2.10881321e-05 -4.35731481e-05  2.78701373e-05 -2.17513328e-06]
 [ 1.50995846e-02  1.40230989e-02  1.96319065e-02 -9.15315777e-06
  -2.28525546e-07 -3.79375351e-08  7.96322804e-01  1.93184472e-03
   2.15917754e-05 -3.92652377e-05  2.97795327e-05 -2.05319756e-06]]
std error:
[[4.73153299e-05 4.68211620e-05 2.33668522e-04 1.58674659e-06
  1.81469416e-06 2.22326994e-08 4.14404182e-04 6.56234148e-06
  7.04136909e-07 1.41970465e-06 2.00886290e-07 8.94006621e-08]
 [1.50183185e-04 6.47566475e-05 7.34317785e-05 2.29531611e-06
  3.37944359e-06 3.69291055e-08 3.51392721e-04 1.36371897e-05
  1.13017084e-06 3.39715143e-06 5.71168752e-07 2.54255085e-07]
 [8.57382003e-05 3.69978154e-05 1.74306087e-04 1.53072971e-06
  9.93440364e-07 8.04003108e-08 3.48544325e-04 2.42058187e-05
  1.57807814e-06 3.77166644e-06 5.75602917e-07 2.32981698e-07]
 [7.30655240e-05 3.54300353e-05 1.40373629e-04 1.17282847e-06
  8.64323547e-07 8.55594562e-08 1.09718677e-04 1.17631608e-05
  1.66731930e-06 1.95158432e-06 2.22227986e-07 1.37175230e-07]
 [1.05574879e-04 6.41249439e-05 1.62082233e-05 9.82361703e-07
  9.31190204e-07 6.40843034e-08 1.99315237e-04 1.06141539e-05
  1.31408076e-06 2.70941694e-06 2.04200755e-07 1.66153143e-07]
 [8.80642511e-05 1.36567445e-04 1.41866146e-04 5.82941577e-07
  1.87787007e-06 5.43130644e-08 1.86032342e-04 6.05106424e-06
  1.03951143e-06 1.34649534e-06 8.25949790e-08 5.99435980e-08]
 [8.38282676e-05 1.03717145e-04 1.38667388e-04 2.40255734e-06
  2.07136355e-06 7.91782399e-08 2.15995776e-04 1.25846068e-05
  9.37145003e-07 3.42942869e-06 4.37068132e-07 1.90768651e-07]]
Done!, time = 3.972975730895996s
