Begin!
Data shape = (250000, 5)
Begin sort function!
In centrality 0
In centrality 1
In centrality 2
In centrality 3
In centrality 4
In centrality 5
In centrality 6
end function sorter
Data shape = (250000, 5)
Begin sort function!
In centrality 0
In centrality 1
In centrality 2
In centrality 3
In centrality 4
In centrality 5
In centrality 6
end function sorter
Data shape = (250000, 5)
Begin sort function!
In centrality 0
In centrality 1
In centrality 2
In centrality 3
In centrality 4
In centrality 5
In centrality 6
end function sorter
Data shape = (250000, 5)
Begin sort function!
In centrality 0
In centrality 1
In centrality 2
In centrality 3
In centrality 4
In centrality 5
In centrality 6
end function sorter
Final results shape = (4, 7, 12)
mean value:
[[ 1.21943879e-02  1.01821806e-02  1.47202529e-02  2.78836582e-05
   2.97495768e-07 -7.80861755e-08  8.18658561e-01  1.90474614e-03
   1.85514633e-05 -6.81760065e-05  2.41594865e-05 -3.64823019e-06]
 [ 1.33116373e-02  1.08960798e-02  1.56035049e-02  2.85875636e-05
  -9.07315376e-07 -8.69520032e-08  8.11369400e-01  1.88267945e-03
   1.95428280e-05 -7.85689503e-05  2.56702461e-05 -4.61351215e-06]
 [ 1.42468874e-02  1.14214711e-02  1.62714591e-02  2.41645324e-05
   9.67444994e-07 -4.17501823e-07  8.07277666e-01  1.92116677e-03
   2.01792941e-05 -8.10845391e-05  2.81210146e-05 -4.78302958e-06]
 [ 1.50413479e-02  1.19708446e-02  1.68061630e-02  2.39091233e-05
  -3.16121755e-08 -3.48535868e-07  8.03785518e-01  1.94876737e-03
   2.16440562e-05 -8.15031175e-05  3.01430363e-05 -5.10957356e-06]
 [ 1.56820743e-02  1.24543779e-02  1.74112635e-02  2.43137892e-05
   4.30486992e-07 -3.44415485e-07  8.01021538e-01  1.96752014e-03
   2.35471441e-05 -9.06550821e-05  3.17356610e-05 -5.93767415e-06]
 [ 1.62847429e-02  1.30374501e-02  1.79133103e-02  1.99858358e-05
  -2.42088059e-06 -3.33822253e-07  7.99648697e-01  1.99775489e-03
   2.37822207e-05 -8.88642328e-05  3.33865095e-05 -5.80605904e-06]
 [ 1.69698609e-02  1.35198645e-02  1.83932235e-02  1.90401414e-05
  -1.34230202e-06 -4.06899228e-07  7.98150821e-01  2.01443234e-03
   2.30149687e-05 -8.78531821e-05  3.50515530e-05 -6.23841995e-06]]
std error:
[[7.61427459e-05 8.57591842e-05 1.23445862e-04 7.36034867e-07
  2.77816947e-06 3.65761379e-08 4.03389033e-04 2.62475327e-05
  1.49073932e-06 4.02664863e-06 1.57712073e-07 2.04767341e-07]
 [1.49132606e-04 1.11962453e-04 1.66391788e-04 3.22527499e-06
  2.31017231e-06 1.11170598e-07 4.49610941e-04 1.96876982e-05
  2.98672191e-06 6.63960172e-06 2.90800458e-07 4.16406576e-07]
 [4.56983449e-05 4.16298681e-05 3.86868940e-05 2.71581901e-06
  1.43220232e-06 1.05044951e-07 1.63554387e-04 1.72446153e-05
  1.68990957e-06 3.14865475e-06 3.69679585e-07 2.33191392e-07]
 [1.10394412e-04 6.15552227e-05 1.07187987e-04 2.95236587e-06
  1.73417503e-06 9.26756881e-08 2.02003299e-04 3.17537979e-06
  1.69599322e-06 3.67386880e-06 3.22803537e-07 3.02893085e-07]
 [2.47284192e-05 1.29651322e-04 6.37578404e-05 2.71697535e-06
  1.74856687e-06 9.71519755e-08 4.04705591e-04 2.20369520e-05
  1.22731160e-06 6.67348457e-06 6.34075360e-07 5.09888912e-07]
 [6.54423058e-05 9.30572131e-05 5.19848290e-05 3.91926174e-06
  1.40539117e-06 1.93684266e-07 1.93729980e-04 1.86417385e-05
  6.57693458e-07 5.76627068e-06 1.64220937e-07 5.38793178e-07]
 [1.52216078e-04 8.67415704e-05 1.06224510e-04 1.91490592e-06
  1.96273876e-06 7.63146029e-08 2.78437938e-04 2.39452415e-05
  1.25688420e-06 6.41664101e-06 8.18576337e-07 4.50343237e-07]]
Done!, time = 4.018014669418335s
