Begin!
Data shape = (250000, 5)
Begin sort function!
In centrality 0
In centrality 1
In centrality 2
In centrality 3
In centrality 4
In centrality 5
In centrality 6
end function sorter
Data shape = (250000, 5)
Begin sort function!
In centrality 0
In centrality 1
In centrality 2
In centrality 3
In centrality 4
In centrality 5
In centrality 6
end function sorter
Data shape = (250000, 5)
Begin sort function!
In centrality 0
In centrality 1
In centrality 2
In centrality 3
In centrality 4
In centrality 5
In centrality 6
end function sorter
Data shape = (250000, 5)
Begin sort function!
In centrality 0
In centrality 1
In centrality 2
In centrality 3
In centrality 4
In centrality 5
In centrality 6
end function sorter
Final results shape = (4, 7, 12)
mean value:
[[ 1.64619967e-02  1.08697757e-02  1.58413874e-02  3.70851525e-05
  -2.05173490e-07 -1.17647639e-06  8.49091568e-01  5.24413718e-03
   1.70520471e-04 -1.49644165e-04  8.48213329e-05 -9.98464049e-06]
 [ 1.78723006e-02  1.14853781e-02  1.67779193e-02  2.47627122e-05
  -6.96856101e-07 -1.33079669e-06  8.31149056e-01  5.00774581e-03
   1.52680392e-04 -1.78395655e-04  8.87804948e-05 -1.27033165e-05]
 [ 1.87780201e-02  1.18969862e-02  1.74699284e-02  2.11690214e-05
  -6.32821119e-07 -1.33793192e-06  8.21218085e-01  5.01269323e-03
   1.60391940e-04 -1.82084318e-04  9.35911208e-05 -1.30470102e-05]
 [ 1.96203609e-02  1.25692703e-02  1.82977314e-02  1.75012524e-05
  -1.21566686e-06 -1.28872488e-06  8.13184834e-01  5.07531769e-03
   1.63168441e-04 -1.99711673e-04  9.87795305e-05 -1.51238003e-05]
 [ 2.05132450e-02  1.30258430e-02  1.90411369e-02  1.69525816e-05
  -3.72185057e-06 -1.45278616e-06  8.08165647e-01  5.19253235e-03
   1.81051938e-04 -2.03335859e-04  1.05375414e-04 -1.58189412e-05]
 [ 2.10532007e-02  1.34967671e-02  1.94814674e-02  9.10089344e-06
  -3.80830837e-06 -1.14561395e-06  8.04547156e-01  5.26076340e-03
   1.68502752e-04 -2.07589861e-04  1.10627285e-04 -1.61154921e-05]
 [ 2.16967216e-02  1.41380641e-02  2.00523112e-02  3.38824044e-06
  -2.75653359e-06 -1.13418824e-06  8.01473316e-01  5.37532482e-03
   1.74071976e-04 -2.18196601e-04  1.15742390e-04 -1.75520319e-05]]
std error:
[[9.50616589e-05 5.48113910e-05 7.02836022e-05 4.88241844e-06
  1.11462616e-06 1.12904814e-07 7.15290893e-04 8.26081928e-05
  1.38163566e-05 1.22300471e-05 8.99269701e-07 8.07435625e-07]
 [7.56540617e-05 6.31950063e-05 1.77331378e-04 6.56447364e-06
  2.41394374e-06 1.30578661e-07 3.90004383e-04 1.10327064e-05
  7.82608075e-06 6.41864820e-06 6.42893838e-07 5.16892870e-07]
 [4.08956374e-05 3.14566666e-05 6.58417293e-05 2.26648956e-06
  1.76827670e-06 9.51478518e-08 1.55452658e-04 4.43304690e-05
  7.56940948e-06 5.56523704e-06 1.22085498e-06 5.86452534e-07]
 [1.36859671e-04 8.60195166e-05 7.17665429e-05 1.00246855e-05
  1.19619328e-06 1.42022583e-07 1.70508209e-04 3.04447621e-05
  6.99894446e-06 6.93254948e-06 9.29382796e-07 5.91643357e-07]
 [1.09300362e-04 3.28344058e-05 3.49907952e-05 6.97463457e-06
  1.01999743e-06 1.44779477e-07 1.55857314e-04 6.36118910e-05
  5.21957663e-06 7.79875898e-06 1.98314709e-06 7.58879534e-07]
 [1.24677275e-04 6.71495880e-05 4.50134063e-05 6.51791987e-06
  1.56149998e-06 2.08382040e-07 9.93628494e-05 3.67372718e-05
  7.52208143e-06 3.13266269e-06 1.05832195e-06 3.79146563e-07]
 [9.19969169e-05 8.37073869e-05 1.00756406e-04 1.61591998e-06
  2.69371161e-06 2.54095947e-07 9.57551351e-05 6.47128325e-05
  6.07694666e-06 8.41377312e-06 2.33909940e-06 1.03119561e-06]]
Done!, time = 3.7172389030456543s
