Begin!
Data shape = (250000, 5)
Begin sort function!
In centrality 0
In centrality 1
In centrality 2
In centrality 3
In centrality 4
In centrality 5
In centrality 6
end function sorter
Data shape = (250000, 5)
Begin sort function!
In centrality 0
In centrality 1
In centrality 2
In centrality 3
In centrality 4
In centrality 5
In centrality 6
end function sorter
Data shape = (250000, 5)
Begin sort function!
In centrality 0
In centrality 1
In centrality 2
In centrality 3
In centrality 4
In centrality 5
In centrality 6
end function sorter
Data shape = (250000, 5)
Begin sort function!
In centrality 0
In centrality 1
In centrality 2
In centrality 3
In centrality 4
In centrality 5
In centrality 6
end function sorter
Final results shape = (4, 7, 12)
mean value:
[[ 1.58856142e-02  1.04504512e-02  1.54777924e-02  4.51136700e-05
   2.14796963e-08 -7.05459610e-07  8.70447423e-01  2.24435458e-03
   1.81282830e-05 -1.82329565e-04  3.85929034e-05 -1.19701148e-05]
 [ 1.72529366e-02  1.09657267e-02  1.62565922e-02  3.58757459e-05
  -2.38310002e-06 -1.15368311e-06  8.62677608e-01  2.24566336e-03
   2.04183938e-05 -1.91334419e-04  4.11161571e-05 -1.28621067e-05]
 [ 1.82006358e-02  1.14595784e-02  1.69525597e-02  2.71559040e-05
  -1.53124876e-06 -1.22856234e-06  8.57756814e-01  2.28639569e-03
   2.12200422e-05 -1.94743932e-04  4.37330118e-05 -1.34672964e-05]
 [ 1.89952645e-02  1.21007959e-02  1.77005992e-02  1.89720694e-05
  -1.55699106e-06 -1.26484003e-06  8.53958275e-01  2.31392398e-03
   2.38504682e-05 -1.94805374e-04  4.60934393e-05 -1.38139424e-05]
 [ 1.96532980e-02  1.27232558e-02  1.83137410e-02  1.26146895e-05
  -3.48711675e-06 -1.02356493e-06  8.51443431e-01  2.34034880e-03
   2.51235526e-05 -1.95226406e-04  4.75886125e-05 -1.41275310e-05]
 [ 2.03469808e-02  1.31951970e-02  1.89715688e-02  1.14796085e-05
  -4.21441197e-06 -1.21541587e-06  8.49401748e-01  2.34053366e-03
   2.31531384e-05 -1.95523215e-04  4.93937271e-05 -1.44736853e-05]
 [ 2.10083953e-02  1.37715731e-02  1.93894162e-02  5.28722726e-06
  -3.28183022e-06 -1.16312757e-06  8.48420284e-01  2.39418304e-03
   2.55391162e-05 -2.00389829e-04  5.22184514e-05 -1.54091650e-05]]
std error:
[[2.58569253e-05 2.71734953e-05 1.75728572e-04 4.13498065e-06
  1.45152798e-06 2.18796974e-07 2.49903807e-04 2.63587729e-05
  2.70390183e-06 7.40050140e-06 2.10492921e-07 5.96654473e-07]
 [1.76302675e-04 9.59712851e-05 1.06386577e-04 2.35207396e-06
  8.88865276e-07 3.81261934e-07 4.10121434e-04 2.95237432e-05
  7.06102219e-07 2.25191594e-06 8.58428075e-07 2.79241531e-07]
 [8.26312937e-05 1.50735281e-05 8.77424457e-05 2.03343188e-06
  1.49269687e-06 1.38099345e-07 1.63028941e-04 1.49511631e-05
  9.47022142e-07 5.96046692e-06 6.80115417e-07 5.43272243e-07]
 [2.59541605e-05 6.34868050e-05 1.19646464e-04 3.20584420e-06
  1.70210686e-06 1.70924838e-07 3.97962839e-04 1.15393302e-05
  1.54617314e-06 6.65507231e-06 6.34165328e-07 5.55742982e-07]
 [6.18681529e-05 4.76469140e-05 1.19265819e-04 4.16713717e-06
  1.57154725e-06 1.95292229e-07 1.74883401e-04 7.79552325e-06
  3.27100126e-07 2.61987893e-06 4.35059604e-07 1.96018845e-07]
 [1.82676563e-04 2.25054260e-05 9.04769746e-05 6.52973128e-06
  1.25075941e-06 4.27296584e-07 1.59636057e-04 1.16041983e-05
  1.50049065e-06 6.62632782e-06 1.40397145e-07 6.30006424e-07]
 [1.39014408e-04 8.65287380e-05 1.67480358e-04 4.89186020e-06
  4.19775556e-06 3.30273269e-07 2.94119774e-04 1.25431355e-05
  9.12624668e-07 7.76421972e-06 1.08675162e-06 7.36498564e-07]]
Done!, time = 2.4580600261688232s
