Begin!
Data shape = (250000, 5)
Begin sort function!
In centrality 0
In centrality 1
In centrality 2
In centrality 3
In centrality 4
In centrality 5
In centrality 6
end function sorter
Data shape = (250000, 5)
Begin sort function!
In centrality 0
In centrality 1
In centrality 2
In centrality 3
In centrality 4
In centrality 5
In centrality 6
end function sorter
Data shape = (250000, 5)
Begin sort function!
In centrality 0
In centrality 1
In centrality 2
In centrality 3
In centrality 4
In centrality 5
In centrality 6
end function sorter
Data shape = (250000, 5)
Begin sort function!
In centrality 0
In centrality 1
In centrality 2
In centrality 3
In centrality 4
In centrality 5
In centrality 6
end function sorter
Final results shape = (4, 7, 12)
mean value:
[[ 1.21098654e-02  9.75106754e-03  1.58085662e-02  1.92736608e-05
   5.90438791e-07 -2.32149876e-07  8.97929091e-01  7.64517589e-03
   3.78703498e-04 -7.05168235e-05  9.13119143e-05 -3.54484241e-06]
 [ 1.31722439e-02  1.06362159e-02  1.67939232e-02  1.58228099e-05
  -4.45203828e-07 -3.34137259e-07  8.78159156e-01  7.33005867e-03
   3.73021146e-04 -6.59784852e-05  9.58045772e-05 -3.84764288e-06]
 [ 1.39970145e-02  1.13807231e-02  1.75388253e-02  1.66008575e-05
   7.22566636e-07 -2.53689983e-07  8.67003068e-01  7.27827022e-03
   3.68106606e-04 -5.57450651e-05  1.01449878e-04 -3.22351671e-06]
 [ 1.47654646e-02  1.21490688e-02  1.82480656e-02  1.01495518e-05
  -9.77673497e-07 -2.89807539e-07  8.59475447e-01  7.40609769e-03
   3.79121914e-04 -6.47374745e-05  1.07796059e-04 -3.65305081e-06]
 [ 1.54379625e-02  1.27947973e-02  1.87435878e-02  1.34466917e-05
   2.54076848e-07 -2.81555953e-07  8.55875359e-01  7.58116811e-03
   3.97973965e-04 -6.03134080e-05  1.15609381e-04 -3.80246716e-06]
 [ 1.61943410e-02  1.33901482e-02  1.92601831e-02  7.29933208e-06
  -5.43854647e-07 -3.03768490e-07  8.53794337e-01  7.76296421e-03
   3.99110236e-04 -5.85403397e-05  1.24358517e-04 -3.76490619e-06]
 [ 1.69462854e-02  1.40458172e-02  1.96656268e-02  7.84359491e-06
   2.52061639e-07 -4.17457070e-07  8.53491230e-01  8.04108564e-03
   4.21541440e-04 -5.63834642e-05  1.34347274e-04 -3.80587921e-06]]
std error:
[[9.54983251e-05 4.77727030e-05 1.07990312e-04 1.88614660e-06
  2.05296923e-06 5.49243291e-08 4.47962606e-04 6.63865877e-05
  1.48813324e-05 1.07185921e-05 5.41875455e-07 6.16060700e-07]
 [3.33374761e-05 4.47712288e-05 1.64549073e-04 3.56783151e-06
  8.43770485e-07 6.37753228e-08 5.66911772e-04 5.89986771e-05
  1.00352817e-05 1.47170229e-05 1.93374568e-06 6.48082000e-07]
 [5.05388505e-05 9.80458985e-05 5.59778132e-05 1.39512839e-06
  1.31268601e-06 1.05632095e-07 3.69853937e-04 8.47072828e-05
  1.77181630e-05 6.60360355e-06 1.71314590e-06 5.29879494e-07]
 [7.17763895e-05 1.18180919e-04 8.28595063e-05 1.75857984e-06
  1.64256607e-06 1.29318937e-07 4.65867183e-04 8.30257276e-05
  4.92807862e-06 1.07653562e-05 1.72118620e-06 6.16539634e-07]
 [6.25266985e-05 1.01859207e-04 1.02665276e-04 4.43986803e-06
  2.47347890e-06 9.20827306e-08 4.13767653e-04 8.42124865e-05
  1.12643935e-05 4.69545606e-06 1.68946774e-06 3.84107097e-07]
 [1.17273966e-04 1.20066489e-04 4.76380421e-05 6.06948873e-06
  1.23145429e-06 4.78862150e-08 4.41610737e-04 8.79401529e-05
  1.60545763e-05 8.50219375e-06 1.97069723e-06 2.74574606e-07]
 [3.18323021e-05 1.43639077e-05 1.32251997e-04 5.13945798e-06
  2.36832835e-06 1.02194047e-07 2.50640985e-04 4.01103568e-05
  1.69210718e-05 6.71363807e-06 1.20848271e-06 5.81826950e-07]]
Done!, time = 3.9835257530212402s
