Begin!
Data shape = (250000, 5)
Begin sort function!
In centrality 0
In centrality 1
In centrality 2
In centrality 3
In centrality 4
In centrality 5
In centrality 6
end function sorter
Data shape = (250000, 5)
Begin sort function!
In centrality 0
In centrality 1
In centrality 2
In centrality 3
In centrality 4
In centrality 5
In centrality 6
end function sorter
Data shape = (250000, 5)
Begin sort function!
In centrality 0
In centrality 1
In centrality 2
In centrality 3
In centrality 4
In centrality 5
In centrality 6
end function sorter
Data shape = (250000, 5)
Begin sort function!
In centrality 0
In centrality 1
In centrality 2
In centrality 3
In centrality 4
In centrality 5
In centrality 6
end function sorter
Final results shape = (4, 7, 12)
mean value:
[[ 1.35252093e-02  1.08603637e-02  1.61411799e-02  8.83120059e-06
   4.72409655e-07 -3.97319513e-07  7.75574690e-01  1.62188990e-03
   1.37736939e-05 -8.33750236e-05  2.27288733e-05 -4.24538706e-06]
 [ 1.45142849e-02  1.13888995e-02  1.71541155e-02  4.37534527e-06
   6.44435994e-07 -4.75518759e-07  7.67897507e-01  1.61167836e-03
   1.51144921e-05 -9.06441556e-05  2.40762324e-05 -4.74425542e-06]
 [ 1.50972344e-02  1.19505574e-02  1.76939035e-02 -7.04488064e-07
  -6.52048615e-07 -2.98857131e-07  7.63371911e-01  1.60587546e-03
   1.49142350e-05 -8.09934275e-05  2.46497286e-05 -4.36979164e-06]
 [ 1.57896651e-02  1.24340146e-02  1.84192057e-02 -4.59130871e-06
  -1.95473519e-06 -3.40055798e-07  7.59392277e-01  1.61671642e-03
   1.48078902e-05 -8.14860059e-05  2.58391772e-05 -4.37859337e-06]
 [ 1.61827107e-02  1.28650153e-02  1.89569538e-02 -7.37084733e-06
  -2.37917721e-06 -2.69331745e-07  7.57141989e-01  1.64531979e-03
   1.54632191e-05 -8.42353654e-05  2.71796432e-05 -4.77561493e-06]
 [ 1.67457390e-02  1.32886054e-02  1.93596579e-02 -1.06716102e-05
  -5.42520216e-07 -1.67913682e-07  7.55111530e-01  1.64928053e-03
   1.52273699e-05 -8.37505397e-05  2.78234751e-05 -4.70072264e-06]
 [ 1.72912206e-02  1.38459884e-02  1.97878023e-02 -1.38376889e-05
  -4.90756829e-06 -1.89308788e-07  7.53283993e-01  1.68230450e-03
   1.71589646e-05 -7.76887727e-05  2.95174426e-05 -4.63827423e-06]]
std error:
[[6.51091880e-05 7.19228053e-05 6.67636518e-05 3.47992972e-06
  1.98572183e-06 1.55342571e-07 4.87380556e-04 1.29950396e-05
  1.09191635e-06 6.53102280e-06 3.32081439e-07 3.50216372e-07]
 [4.55042567e-05 1.45103318e-04 1.23631282e-04 2.80293500e-06
  2.08234596e-06 1.57287442e-07 6.78563475e-05 1.98251612e-05
  4.32636248e-07 5.56015377e-06 5.32312665e-07 2.87736744e-07]
 [8.07360659e-05 6.99652441e-05 1.02179889e-04 2.54924393e-06
  1.29056396e-06 7.48904957e-08 1.15161235e-04 7.14431910e-06
  1.27429792e-06 1.46421097e-06 4.10027047e-07 1.06833815e-07]
 [6.93121051e-05 1.03763706e-04 1.53555997e-04 2.51012906e-06
  1.15536776e-06 5.71717845e-08 9.26866966e-05 1.52461864e-05
  8.72653795e-07 1.80534739e-06 5.84463710e-07 9.66171349e-08]
 [3.48664488e-05 7.82616507e-05 8.92510727e-05 7.79000153e-07
  1.87311001e-06 1.21371982e-07 1.15663605e-04 1.60140098e-05
  5.32821788e-07 3.50890675e-06 2.93200329e-07 1.52648080e-07]
 [3.81809352e-05 9.31085753e-05 8.16892659e-05 1.00394170e-06
  2.14435814e-06 1.24495517e-07 2.39419271e-04 3.33582567e-06
  1.20820514e-06 3.16092872e-06 2.53999377e-07 2.24497829e-07]
 [4.67098241e-05 5.96525654e-05 1.41127264e-04 3.36560494e-06
  2.13035000e-06 1.56197727e-07 1.52036291e-04 8.83812880e-06
  3.90334147e-07 2.47863548e-06 7.04230931e-08 2.52003029e-07]]
Done!, time = 4.506726503372192s
