Begin!
Data shape = (250000, 5)
Begin sort function!
In centrality 0
In centrality 1
In centrality 2
In centrality 3
In centrality 4
In centrality 5
In centrality 6
end function sorter
Data shape = (250000, 5)
Begin sort function!
In centrality 0
In centrality 1
In centrality 2
In centrality 3
In centrality 4
In centrality 5
In centrality 6
end function sorter
Data shape = (250000, 5)
Begin sort function!
In centrality 0
In centrality 1
In centrality 2
In centrality 3
In centrality 4
In centrality 5
In centrality 6
end function sorter
Data shape = (250000, 5)
Begin sort function!
In centrality 0
In centrality 1
In centrality 2
In centrality 3
In centrality 4
In centrality 5
In centrality 6
end function sorter
Final results shape = (4, 7, 12)
mean value:
[[ 1.56893195e-02  9.97004222e-03  1.42440663e-02  5.46436671e-05
  -4.08049927e-07 -6.52724578e-07  9.09246987e-01  7.74493793e-03
   3.73265339e-04 -1.43900451e-04  1.20014856e-04 -1.00623532e-05]
 [ 1.73502383e-02  1.06952454e-02  1.53907202e-02  5.48507188e-05
  -5.09084060e-07 -1.49120837e-06  8.87194467e-01  7.35143266e-03
   3.62422255e-04 -1.60638350e-04  1.27497793e-04 -1.23537906e-05]
 [ 1.85089965e-02  1.13590607e-02  1.62753985e-02  3.76484449e-05
  -9.41178968e-07 -1.45849297e-06  8.76209967e-01  7.33525867e-03
   3.57817935e-04 -1.61742524e-04  1.33216808e-04 -1.21220925e-05]
 [ 1.93926765e-02  1.20734647e-02  1.69787529e-02  3.13741488e-05
   5.76236953e-07 -1.54352207e-06  8.67428221e-01  7.47569894e-03
   3.73903815e-04 -1.79308419e-04  1.41030409e-04 -1.34584628e-05]
 [ 2.02779394e-02  1.26968790e-02  1.76723872e-02  2.94055138e-05
  -7.34848576e-07 -1.81144804e-06  8.62998172e-01  7.64492406e-03
   3.76556211e-04 -1.78939800e-04  1.52593777e-04 -1.41337706e-05]
 [ 2.09750275e-02  1.31732685e-02  1.82423238e-02  2.54833468e-05
  -1.93390285e-06 -1.76376716e-06  8.60066712e-01  7.83274190e-03
   3.96142156e-04 -1.86904330e-04  1.61662650e-04 -1.51586876e-05]
 [ 2.18596264e-02  1.38052727e-02  1.87160235e-02  2.30843073e-05
  -2.27232578e-06 -1.47200437e-06  8.59191005e-01  8.18279618e-03
   4.35807357e-04 -2.04597856e-04  1.76056712e-04 -1.67481885e-05]]
std error:
[[1.84353883e-04 5.82502423e-05 2.32478787e-04 5.95578398e-06
  2.02941722e-07 2.33449922e-07 6.63669288e-04 4.46933400e-05
  1.32568745e-05 1.59174898e-05 2.88459724e-06 1.52640720e-06]
 [1.44746544e-04 5.11508713e-05 7.77745468e-05 3.38020693e-06
  1.28809166e-06 4.54842165e-07 9.01235932e-04 1.02104882e-04
  1.75738638e-05 1.63230404e-05 1.34065222e-06 1.18447311e-06]
 [8.51489906e-05 6.03458500e-05 6.77273786e-05 3.52320625e-06
  1.22437976e-06 2.02234259e-07 4.55577952e-04 2.56066767e-05
  1.12369778e-05 6.16533024e-06 1.20196250e-06 6.24143772e-07]
 [1.26759707e-04 5.38702354e-05 9.92770166e-05 5.39887363e-06
  2.60625809e-06 1.04318152e-07 3.90171299e-04 3.48364841e-05
  1.34008731e-05 9.18839381e-06 8.51522081e-07 6.69403296e-07]
 [3.59760450e-05 6.29602805e-05 2.39653859e-05 1.41614247e-06
  1.98922753e-06 2.32271820e-07 6.59767992e-04 4.25966229e-05
  1.30463302e-05 8.45276257e-06 2.37919325e-06 7.32125814e-07]
 [9.15542816e-05 8.15917406e-05 5.51094809e-05 3.63995702e-06
  5.34808887e-07 1.31584513e-07 2.73626335e-04 3.39600240e-05
  7.67532352e-06 1.61166908e-06 2.38224310e-06 3.80229002e-07]
 [8.63543647e-05 4.41126073e-05 1.11056920e-04 2.00212989e-06
  3.39046288e-06 2.41257757e-07 5.43233633e-04 7.96514872e-05
  1.77596352e-05 1.35440087e-05 1.89438459e-06 1.33836477e-06]]
Done!, time = 4.463639974594116s
