Begin!
Data shape = (250000, 5)
Begin sort function!
In centrality 0
In centrality 1
In centrality 2
In centrality 3
In centrality 4
In centrality 5
In centrality 6
end function sorter
Data shape = (250000, 5)
Begin sort function!
In centrality 0
In centrality 1
In centrality 2
In centrality 3
In centrality 4
In centrality 5
In centrality 6
end function sorter
Data shape = (250000, 5)
Begin sort function!
In centrality 0
In centrality 1
In centrality 2
In centrality 3
In centrality 4
In centrality 5
In centrality 6
end function sorter
Data shape = (250000, 5)
Begin sort function!
In centrality 0
In centrality 1
In centrality 2
In centrality 3
In centrality 4
In centrality 5
In centrality 6
end function sorter
Final results shape = (4, 7, 12)
mean value:
[[ 1.39364444e-02  9.95763120e-03  1.40412663e-02  6.55083200e-05
   1.27631905e-08  5.79526624e-08  8.63020983e-01  9.04129293e-04
  -8.44508903e-07 -1.71798344e-04  1.68621741e-05 -1.12169964e-05]
 [ 1.57991412e-02  1.04922361e-02  1.49854516e-02  5.63776072e-05
   5.40468418e-07 -8.50086296e-07  8.59157610e-01  9.09769988e-04
   4.23064993e-07 -1.83413816e-04  1.79979159e-05 -1.22966550e-05]
 [ 1.69056524e-02  1.11296794e-02  1.56665811e-02  4.83040745e-05
  -2.08868820e-07 -9.28933758e-07  8.57108945e-01  9.41932609e-04
   1.54980818e-06 -1.89771971e-04  1.92579646e-05 -1.31493235e-05]
 [ 1.80521792e-02  1.18017334e-02  1.65662816e-02  4.07853024e-05
  -4.87659911e-07 -1.02778589e-06  8.55166090e-01  9.59463591e-04
   2.73327338e-06 -1.93034679e-04  2.03321472e-05 -1.38577055e-05]
 [ 1.89896562e-02  1.24040800e-02  1.72297748e-02  3.85605743e-05
  -9.51672738e-07 -7.92551577e-07  8.53982228e-01  9.72034733e-04
   3.41977621e-06 -1.93388081e-04  2.13379460e-05 -1.46523118e-05]
 [ 1.96929120e-02  1.31023438e-02  1.78179962e-02  3.35789304e-05
  -2.79033506e-06 -1.18270958e-06  8.53395759e-01  9.98724292e-04
   3.62884485e-06 -1.93481434e-04  2.26709278e-05 -1.51038732e-05]
 [ 2.05907905e-02  1.37226777e-02  1.85474969e-02  2.81392794e-05
  -3.51225215e-06 -1.15218028e-06  8.52582496e-01  1.01464488e-03
   4.42053721e-06 -1.92071199e-04  2.35267717e-05 -1.55223900e-05]]
std error:
[[1.44589694e-04 6.23574904e-05 4.41435069e-05 8.36604156e-06
  1.17709479e-06 2.99128551e-07 2.11166086e-04 1.02998691e-05
  4.95640238e-07 5.63448403e-06 4.98831654e-07 6.85580070e-07]
 [2.71649107e-04 7.03381357e-05 1.29979757e-04 4.91318800e-06
  2.14776773e-06 3.45859027e-07 1.96542852e-04 7.37316973e-06
  2.84656789e-07 5.87961074e-06 3.22378013e-07 6.81303358e-07]
 [7.99037502e-05 4.78516553e-05 2.06247037e-04 4.96851886e-06
  8.73367709e-07 9.60426934e-08 1.75676095e-04 6.16731877e-06
  5.34782355e-07 3.27073082e-06 1.77905329e-07 1.47920228e-07]
 [8.03996470e-05 2.24589974e-05 3.73496568e-05 4.05618117e-06
  1.71549813e-06 2.27793794e-07 8.99809808e-05 2.95238933e-06
  4.54006362e-07 4.64140684e-06 1.74204166e-07 5.47999539e-07]
 [1.22149488e-04 5.31671324e-05 9.32130546e-05 2.45267154e-06
  1.17842086e-06 2.30049816e-07 2.40143023e-04 2.76688411e-06
  6.72613422e-07 1.81161685e-06 1.72541824e-07 1.38910726e-07]
 [1.18774029e-04 5.48950901e-05 1.19622429e-04 3.15659711e-06
  1.41228893e-06 2.74166605e-07 1.32792324e-04 4.49917418e-06
  1.46039555e-07 2.92964924e-06 1.08849254e-07 2.54091716e-07]
 [9.90972936e-05 8.87292085e-05 8.53717452e-05 3.96275337e-06
  3.84580355e-06 2.59965050e-07 1.46706990e-04 7.28693581e-06
  4.79944902e-07 2.36171381e-06 1.56378567e-07 3.03418975e-07]]
Done!, time = 4.097668886184692s
