Begin!
Data shape = (250000, 5)
Begin sort function!
In centrality 0
In centrality 1
In centrality 2
In centrality 3
In centrality 4
In centrality 5
In centrality 6
end function sorter
Data shape = (250000, 5)
Begin sort function!
In centrality 0
In centrality 1
In centrality 2
In centrality 3
In centrality 4
In centrality 5
In centrality 6
end function sorter
Data shape = (250000, 5)
Begin sort function!
In centrality 0
In centrality 1
In centrality 2
In centrality 3
In centrality 4
In centrality 5
In centrality 6
end function sorter
Data shape = (250000, 5)
Begin sort function!
In centrality 0
In centrality 1
In centrality 2
In centrality 3
In centrality 4
In centrality 5
In centrality 6
end function sorter
Final results shape = (4, 7, 12)
mean value:
[[ 1.48992598e-02  9.56309281e-03  1.38214541e-02  1.90085597e-05
  -1.65160637e-06 -9.17661271e-07  9.37782788e-01  3.10499344e-03
   3.85432156e-05 -1.75842108e-04  4.88174885e-05 -9.86827108e-06]
 [ 1.59319587e-02  1.03446493e-02  1.47024976e-02  4.51538920e-06
   1.15659990e-06 -8.36372606e-07  9.29457772e-01  3.07779572e-03
   4.10079663e-05 -1.73810408e-04  5.10773786e-05 -9.86813830e-06]
 [ 1.68812076e-02  1.08575046e-02  1.54953774e-02 -1.40044138e-06
  -7.01689958e-07 -7.20472296e-07  9.23883451e-01  3.13349311e-03
   4.81005664e-05 -1.77285259e-04  5.41516964e-05 -1.05623722e-05]
 [ 1.75119417e-02  1.15591047e-02  1.61710739e-02 -7.83081518e-06
  -4.17666074e-07 -6.23992612e-07  9.20694504e-01  3.18477694e-03
   5.02178985e-05 -1.75061374e-04  5.66423946e-05 -1.04989338e-05]
 [ 1.82129510e-02  1.22569330e-02  1.67790236e-02 -9.45622224e-06
  -1.43984709e-06 -5.61503456e-07  9.18089007e-01  3.20995839e-03
   4.65396121e-05 -1.67055516e-04  5.97293773e-05 -1.05087809e-05]
 [ 1.90410796e-02  1.29382875e-02  1.75403482e-02 -9.73812093e-06
  -8.68377457e-07 -6.20268894e-07  9.16769502e-01  3.28656532e-03
   5.14219578e-05 -1.69278561e-04  6.38370556e-05 -1.14898428e-05]
 [ 1.96062816e-02  1.36573030e-02  1.81164230e-02 -1.05547433e-05
  -2.29174275e-06 -4.59343540e-07  9.16653646e-01  3.36576057e-03
   5.57867649e-05 -1.57951046e-04  6.66099087e-05 -1.08683444e-05]]
std error:
[[5.49729771e-05 4.31654838e-05 1.02563523e-04 4.37139721e-06
  9.06883990e-07 1.58428659e-07 5.56306146e-04 2.97605750e-05
  5.04021931e-06 1.10051050e-05 8.70419324e-07 6.72334515e-07]
 [8.13296989e-05 8.49065663e-05 1.01333767e-04 4.83939755e-06
  5.47367346e-07 2.13068495e-08 3.61524007e-04 4.53976291e-05
  4.77075529e-06 2.47829892e-06 9.03991367e-07 3.74698925e-07]
 [7.21378470e-05 2.77749400e-05 1.23164223e-04 3.60642051e-06
  1.27170742e-06 5.83253851e-08 2.02362361e-04 4.04374850e-05
  6.01037173e-07 6.95292202e-06 4.94678443e-07 4.69408204e-07]
 [8.07130550e-05 5.50665194e-05 6.21235461e-05 2.69332162e-06
  2.04487905e-06 1.63670535e-07 1.76978460e-04 1.93693567e-05
  2.83395950e-06 4.54922236e-06 7.11554258e-07 4.06842239e-07]
 [1.27069063e-04 5.60061119e-05 7.33240381e-05 2.88451870e-06
  8.42423815e-07 1.15098436e-07 3.16899678e-04 9.33451719e-06
  3.50646135e-06 6.76172854e-06 7.94973342e-07 4.68327870e-07]
 [2.09046369e-04 1.21811513e-04 8.95671880e-05 2.36683760e-06
  2.16323181e-07 9.82835204e-08 2.60668239e-04 1.93399536e-05
  1.10249825e-06 7.04052727e-06 1.15702359e-06 7.21409890e-07]
 [1.12002123e-04 1.00651341e-04 6.74586937e-05 6.88612987e-06
  9.24018498e-07 1.92380314e-07 3.83304564e-04 3.24991834e-05
  2.01165731e-06 7.06978284e-06 8.31990848e-07 6.30341596e-07]]
Done!, time = 3.97269868850708s
