Begin!
Data shape = (250000, 5)
Begin sort function!
In centrality 0
In centrality 1
In centrality 2
In centrality 3
In centrality 4
In centrality 5
In centrality 6
end function sorter
Data shape = (250000, 5)
Begin sort function!
In centrality 0
In centrality 1
In centrality 2
In centrality 3
In centrality 4
In centrality 5
In centrality 6
end function sorter
Data shape = (250000, 5)
Begin sort function!
In centrality 0
In centrality 1
In centrality 2
In centrality 3
In centrality 4
In centrality 5
In centrality 6
end function sorter
Data shape = (250000, 5)
Begin sort function!
In centrality 0
In centrality 1
In centrality 2
In centrality 3
In centrality 4
In centrality 5
In centrality 6
end function sorter
Final results shape = (4, 7, 12)
mean value:
[[ 1.77969156e-02  1.00319898e-02  1.55669238e-02  6.18059395e-05
   6.78181975e-07 -2.11865691e-06  8.50028422e-01  6.24028111e-03
   2.57405906e-04 -1.78272824e-04  1.11629238e-04 -1.35300234e-05]
 [ 1.98250248e-02  1.09509703e-02  1.68180745e-02  4.73258443e-05
   8.48366914e-07 -2.42640752e-06  8.31241267e-01  5.94182540e-03
   2.47527266e-04 -1.80514605e-04  1.16736212e-04 -1.43584386e-05]
 [ 2.09149341e-02  1.17691066e-02  1.78275386e-02  3.12897596e-05
   8.61721280e-07 -2.55202506e-06  8.19220564e-01  5.94760620e-03
   2.60833388e-04 -2.11705425e-04  1.23912683e-04 -1.66669276e-05]
 [ 2.20541460e-02  1.25319544e-02  1.86689090e-02  2.34018195e-05
  -8.89046579e-07 -2.42244613e-06  8.11487087e-01  6.02907408e-03
   2.63281120e-04 -2.11459631e-04  1.31157472e-04 -1.76810027e-05]
 [ 2.31569065e-02  1.32268673e-02  1.93870018e-02  1.12212686e-05
   1.89104149e-06 -2.60023450e-06  8.06400689e-01  6.17333354e-03
   2.72471037e-04 -2.22931089e-04  1.42016796e-04 -1.82513472e-05]
 [ 2.39643550e-02  1.38273212e-02  2.00152876e-02  1.26405651e-05
   1.19186524e-06 -2.39212371e-06  8.03266434e-01  6.38685690e-03
   2.94497408e-04 -2.32909558e-04  1.51518082e-04 -1.98478873e-05]
 [ 2.48015635e-02  1.45464177e-02  2.05289847e-02  4.85938250e-07
  -2.77254743e-06 -2.80424431e-06  8.00499414e-01  6.50876933e-03
   2.99991047e-04 -2.26495307e-04  1.59012245e-04 -1.98656452e-05]]
std error:
[[1.51795036e-04 4.62712268e-05 1.64490604e-04 9.59733976e-06
  1.24102271e-06 2.49022249e-07 1.83259167e-04 1.10236645e-04
  1.59800749e-05 9.89711303e-06 3.31768332e-06 9.61219686e-07]
 [1.58013920e-04 8.48933548e-05 8.53987394e-05 8.21115909e-06
  1.64449519e-06 3.08447261e-07 5.42920480e-04 9.34710322e-05
  2.40728092e-05 1.67750457e-05 2.24812724e-06 1.60382278e-06]
 [1.16341515e-04 4.32931714e-05 1.30179084e-04 4.76046895e-06
  1.04416486e-06 1.37699171e-07 3.44069141e-04 4.90600238e-05
  9.26309858e-06 9.72302703e-06 3.37814377e-07 7.77108875e-07]
 [9.58663236e-05 6.05258439e-05 1.43161722e-04 8.79155656e-06
  1.62914505e-06 1.96730246e-07 5.12504823e-04 5.09947909e-05
  7.00086453e-06 1.14070518e-05 1.97979648e-06 1.39891417e-06]
 [2.01685252e-04 9.60738898e-05 5.54092506e-05 2.08724615e-06
  1.37665206e-06 4.26149913e-07 6.89808919e-04 4.20023322e-05
  1.15742383e-05 1.74790934e-05 1.32406005e-06 1.83413685e-06]
 [9.29678673e-05 1.20373180e-04 1.39969844e-04 5.89407722e-06
  9.69543217e-07 4.30324979e-07 3.79338263e-04 2.40941016e-05
  8.66968066e-06 7.91449378e-06 1.47741848e-06 6.48016933e-07]
 [1.54082767e-04 7.37338968e-05 5.20898032e-05 5.78415632e-06
  1.49613906e-06 4.02529501e-07 2.23132762e-04 8.03898978e-05
  2.13676683e-05 1.16540648e-05 2.85149075e-06 9.85979630e-07]]
Done!, time = 2.0996994972229004s
