Begin!
Data shape = (250000, 5)
Begin sort function!
In centrality 0
In centrality 1
In centrality 2
In centrality 3
In centrality 4
In centrality 5
In centrality 6
end function sorter
Data shape = (250000, 5)
Begin sort function!
In centrality 0
In centrality 1
In centrality 2
In centrality 3
In centrality 4
In centrality 5
In centrality 6
end function sorter
Data shape = (250000, 5)
Begin sort function!
In centrality 0
In centrality 1
In centrality 2
In centrality 3
In centrality 4
In centrality 5
In centrality 6
end function sorter
Data shape = (250000, 5)
Begin sort function!
In centrality 0
In centrality 1
In centrality 2
In centrality 3
In centrality 4
In centrality 5
In centrality 6
end function sorter
Final results shape = (4, 7, 12)
mean value:
[[ 1.34865228e-02  1.04609818e-02  1.55014350e-02  2.27865599e-05
  -1.87849628e-06 -3.05594948e-07  8.67101905e-01  2.14422341e-03
   2.00781996e-05 -1.00248989e-04  2.98660219e-05 -5.58142487e-06]
 [ 1.44242128e-02  1.09527787e-02  1.63257663e-02  1.92778825e-05
  -8.09546759e-07 -3.53247718e-07  8.59615616e-01  2.10577056e-03
   1.90185777e-05 -1.07434396e-04  3.13893480e-05 -6.26504966e-06]
 [ 1.51790628e-02  1.15277766e-02  1.69331175e-02  1.62373303e-05
  -1.09428481e-06 -5.31667367e-07  8.55700505e-01  2.13685131e-03
   2.04026447e-05 -1.10849283e-04  3.36472884e-05 -6.64203946e-06]
 [ 1.58550646e-02  1.20705697e-02  1.75215113e-02  1.35225810e-05
  -4.42258881e-07 -5.74018044e-07  8.52493284e-01  2.15793886e-03
   2.21236465e-05 -1.14756917e-04  3.51500414e-05 -6.94061706e-06]
 [ 1.63552535e-02  1.25004095e-02  1.81326792e-02  1.14123128e-05
  -8.84942301e-07 -5.01006713e-07  8.50518638e-01  2.16800590e-03
   2.37469896e-05 -1.10736288e-04  3.63909397e-05 -7.01075924e-06]
 [ 1.70035835e-02  1.30556787e-02  1.84871856e-02  1.09893362e-05
  -2.64658604e-06 -5.28564146e-07  8.48969752e-01  2.22026255e-03
   2.33102734e-05 -1.12912851e-04  3.86257836e-05 -7.43598658e-06]
 [ 1.74469165e-02  1.36222203e-02  1.91191687e-02  5.63905098e-06
  -2.44964861e-06 -2.90686081e-07  8.47712986e-01  2.24901108e-03
   2.37458150e-05 -1.11993157e-04  4.00751198e-05 -7.35913734e-06]]
std error:
[[1.47006283e-04 5.60529486e-05 1.16961918e-04 2.44753003e-06
  1.11385912e-06 1.31816588e-07 2.50949125e-04 2.19303827e-05
  4.61506669e-07 3.55009294e-06 5.06905167e-07 3.64655287e-07]
 [2.46427848e-05 5.26096681e-05 7.83177668e-05 4.09582958e-06
  1.22834123e-06 1.12776265e-07 4.63081186e-04 2.21685142e-05
  1.59347996e-06 1.95910517e-06 6.45507368e-07 2.58987399e-07]
 [9.05532809e-05 6.28582885e-05 5.29456803e-05 3.49469737e-06
  1.03768771e-06 1.27465639e-07 3.14022761e-04 1.95964415e-05
  9.37640501e-07 3.72097722e-06 3.54443871e-07 2.13644948e-07]
 [8.17167659e-05 5.44708813e-05 8.91179086e-05 2.48621426e-06
  1.69127678e-06 8.90128526e-08 6.00622933e-05 5.78887988e-06
  2.14434853e-06 2.59466993e-06 1.87433173e-07 2.24003505e-07]
 [1.42449554e-04 5.05482997e-05 8.39070168e-05 2.56983987e-06
  2.00624908e-06 9.80158282e-08 1.18485518e-04 2.90207971e-05
  3.70886159e-06 1.01880441e-06 9.64505329e-07 6.33761187e-08]
 [6.34862742e-05 3.17361446e-05 1.08897901e-04 1.99696583e-06
  1.68311497e-06 1.13406708e-07 3.57387426e-04 8.97500873e-06
  1.40839919e-06 2.01907530e-06 3.01867092e-07 1.40850373e-07]
 [1.77666473e-04 5.06870573e-05 1.26630599e-04 2.40902825e-06
  2.17929436e-06 1.56680002e-07 2.15480799e-04 1.58109493e-05
  1.30164439e-06 2.24031554e-06 7.65526581e-07 3.50685723e-07]]
Done!, time = 4.239868640899658s
