Begin!
Data shape = (250000, 5)
Begin sort function!
In centrality 0
In centrality 1
In centrality 2
In centrality 3
In centrality 4
In centrality 5
In centrality 6
end function sorter
Data shape = (250000, 5)
Begin sort function!
In centrality 0
In centrality 1
In centrality 2
In centrality 3
In centrality 4
In centrality 5
In centrality 6
end function sorter
Data shape = (250000, 5)
Begin sort function!
In centrality 0
In centrality 1
In centrality 2
In centrality 3
In centrality 4
In centrality 5
In centrality 6
end function sorter
Data shape = (250000, 5)
Begin sort function!
In centrality 0
In centrality 1
In centrality 2
In centrality 3
In centrality 4
In centrality 5
In centrality 6
end function sorter
Final results shape = (4, 7, 12)
mean value:
[[ 1.49521869e-02  1.11864458e-02  1.60790643e-02  3.68226419e-05
  -5.17196384e-07 -4.25974999e-07  8.07193039e-01  4.17993454e-03
   1.15881769e-04 -9.40030933e-05  6.11489022e-05 -6.15375012e-06]
 [ 1.60747539e-02  1.17995827e-02  1.68184935e-02  3.50359566e-05
  -2.00471536e-06 -7.37766192e-07  7.90815883e-01  4.03376695e-03
   1.17094890e-04 -1.03767898e-04  6.32643765e-05 -7.18115812e-06]
 [ 1.69283856e-02  1.22183561e-02  1.73839554e-02  3.02148644e-05
  -1.19871199e-06 -6.85504719e-07  7.81008898e-01  4.02124146e-03
   1.13212916e-04 -1.05962511e-04  6.76515692e-05 -7.46028861e-06]
 [ 1.77436028e-02  1.27754731e-02  1.80193943e-02  2.23625990e-05
  -4.74981666e-07 -9.88154098e-07  7.72921349e-01  4.05966119e-03
   1.17834735e-04 -1.13993280e-04  7.06532594e-05 -8.07411572e-06]
 [ 1.84060014e-02  1.31858271e-02  1.85517239e-02  2.20429991e-05
  -2.17693863e-06 -9.22050186e-07  7.67012626e-01  4.10046263e-03
   1.24367969e-04 -1.14793158e-04  7.48754111e-05 -8.42693232e-06]
 [ 1.90226093e-02  1.35405113e-02  1.90347716e-02  1.88110232e-05
  -4.44498134e-06 -1.00557547e-06  7.63211263e-01  4.17149384e-03
   1.25092462e-04 -1.25864480e-04  7.79941539e-05 -9.24343061e-06]
 [ 1.97186171e-02  1.39998316e-02  1.94550830e-02  1.70659106e-05
  -4.38682183e-06 -8.32984997e-07  7.59049991e-01  4.21170295e-03
   1.25100412e-04 -1.31820604e-04  8.25829516e-05 -1.01417051e-05]]
std error:
[[1.31416958e-04 4.35870513e-05 1.50284564e-04 3.66410621e-06
  8.03600059e-07 1.58859641e-07 4.14570892e-04 7.14192826e-05
  1.03416323e-05 4.01250065e-06 2.27522590e-06 3.46787799e-07]
 [7.48592834e-05 1.24419090e-04 4.12935141e-05 4.94992340e-06
  1.21939895e-06 1.30624185e-07 5.01596611e-04 1.82569020e-05
  2.85520002e-06 4.03579699e-06 1.15539838e-06 2.76809502e-07]
 [1.05413574e-04 4.85862521e-05 6.56969787e-05 2.53194347e-06
  1.45183069e-06 1.76174142e-07 1.76274983e-04 1.66733319e-05
  5.98566724e-06 3.73193370e-06 4.71174536e-07 3.37072747e-07]
 [2.28416577e-05 3.08924232e-05 1.33490461e-04 2.56261461e-06
  1.62595088e-06 2.00865873e-07 3.18176206e-04 3.72639145e-05
  3.44148827e-06 3.33563566e-06 7.84443839e-07 3.36932295e-07]
 [1.57180308e-04 4.90912146e-05 4.04565494e-05 3.90090287e-06
  7.15134862e-07 5.53590365e-08 2.92291488e-04 1.41723371e-05
  1.98133117e-06 3.44854660e-06 7.93319714e-07 2.77958131e-07]
 [7.31615585e-05 8.58041807e-05 1.07468707e-04 4.93648204e-06
  8.28497108e-07 2.07350709e-07 4.11424215e-04 4.27045889e-05
  4.72324931e-06 1.17383727e-05 1.23878010e-06 1.03355327e-06]
 [7.33861167e-05 8.91190236e-05 3.33739592e-05 4.02280340e-06
  3.19958203e-06 2.18110324e-07 2.35402050e-04 3.95928982e-05
  1.74927458e-06 8.40497299e-06 1.23280713e-06 7.81734375e-07]]
Done!, time = 3.9527480602264404s
