Begin!
Data shape = (250000, 5)
Begin sort function!
In centrality 0
In centrality 1
In centrality 2
In centrality 3
In centrality 4
In centrality 5
In centrality 6
end function sorter
Data shape = (250000, 5)
Begin sort function!
In centrality 0
In centrality 1
In centrality 2
In centrality 3
In centrality 4
In centrality 5
In centrality 6
end function sorter
Data shape = (250000, 5)
Begin sort function!
In centrality 0
In centrality 1
In centrality 2
In centrality 3
In centrality 4
In centrality 5
In centrality 6
end function sorter
Data shape = (250000, 5)
Begin sort function!
In centrality 0
In centrality 1
In centrality 2
In centrality 3
In centrality 4
In centrality 5
In centrality 6
end function sorter
Final results shape = (4, 7, 12)
mean value:
[[ 1.23372106e-02  1.00216405e-02  1.44479813e-02  7.78942391e-07
  -2.66277713e-07 -2.10586903e-07  9.04116960e-01  7.60305627e-03
   3.85734523e-04 -6.28459993e-05  9.11163028e-05 -2.89267828e-06]
 [ 1.32132336e-02  1.07928787e-02  1.55347827e-02 -2.39326745e-06
   4.71985974e-07 -1.68370567e-07  8.82103380e-01  7.10755409e-03
   3.36457035e-04 -5.94008782e-05  9.22011723e-05 -2.88238831e-06]
 [ 1.39427128e-02  1.13331959e-02  1.60640906e-02 -5.14327974e-06
   6.88556249e-07 -1.35851697e-07  8.71955447e-01  7.20349038e-03
   3.61103868e-04 -6.53257882e-05  9.91844914e-05 -3.18471494e-06]
 [ 1.46169657e-02  1.20059864e-02  1.68461795e-02 -8.37757524e-06
   4.91110180e-07 -1.22252109e-07  8.63390409e-01  7.25259739e-03
   3.71325975e-04 -5.47150911e-05  1.04120594e-04 -2.72130461e-06]
 [ 1.52337293e-02  1.25207419e-02  1.74906313e-02 -1.16028096e-05
  -1.45498739e-06 -7.63534335e-08  8.59609082e-01  7.51102365e-03
   3.94642954e-04 -5.41503297e-05  1.12544374e-04 -2.78950843e-06]
 [ 1.58629042e-02  1.30879525e-02  1.79636557e-02 -9.84687197e-06
  -5.67080920e-07 -1.89327785e-07  8.56683736e-01  7.62418292e-03
   3.97767638e-04 -5.96036023e-05  1.18877214e-04 -3.18859666e-06]
 [ 1.63619685e-02  1.35491149e-02  1.83643769e-02 -1.19470244e-05
  -2.66462297e-06 -5.74511269e-08  8.55979266e-01  7.97289804e-03
   4.33207106e-04 -4.69698400e-05  1.28775023e-04 -2.68984888e-06]]
std error:
[[1.38794354e-04 9.38574220e-05 4.68588539e-05 1.62258993e-06
  2.15361632e-06 3.51207217e-08 4.23546452e-04 1.43810141e-04
  2.68587902e-05 4.76961509e-06 1.54691818e-06 3.09696824e-07]
 [8.15102368e-05 3.97383951e-05 1.08286861e-04 5.30026463e-06
  1.03847613e-06 1.35326304e-07 4.37219390e-04 6.59732866e-05
  2.40102131e-05 6.37103706e-06 1.13395694e-06 5.22271201e-07]
 [4.56527976e-05 4.85679721e-05 6.55409732e-05 2.87782118e-06
  2.51838390e-06 7.38078548e-08 3.40890555e-04 2.88038519e-05
  1.54693693e-05 2.55727572e-06 1.55699941e-06 2.29121507e-07]
 [4.71800084e-05 2.59287175e-05 3.62642853e-05 2.33858619e-06
  2.47537881e-06 1.11941652e-07 5.45190128e-04 5.71470606e-05
  8.90840662e-06 8.88218533e-06 2.77676777e-06 4.41541028e-07]
 [3.64521198e-05 3.96713813e-05 7.86679961e-05 1.65065993e-06
  1.72077427e-06 4.34478345e-08 1.72325939e-04 9.62558521e-05
  8.99292043e-06 5.76089733e-06 2.07174515e-06 2.98087405e-07]
 [1.28333564e-04 4.11992289e-05 6.00710194e-05 2.26572341e-06
  2.70873663e-06 1.06420942e-07 3.14196367e-04 5.98368260e-05
  1.44951609e-05 1.52399393e-05 1.69784932e-06 9.47220940e-07]
 [8.87364791e-05 8.14762972e-05 1.58881054e-05 1.93227686e-06
  1.68624851e-06 5.07312020e-08 2.17318133e-04 4.68434441e-05
  1.31902651e-05 9.41760747e-06 1.80074060e-06 6.16420690e-07]]
Done!, time = 3.7803642749786377s
