Begin!
Data shape = (250000, 5)
Begin sort function!
In centrality 0
In centrality 1
In centrality 2
In centrality 3
In centrality 4
In centrality 5
In centrality 6
end function sorter
Data shape = (250000, 5)
Begin sort function!
In centrality 0
In centrality 1
In centrality 2
In centrality 3
In centrality 4
In centrality 5
In centrality 6
end function sorter
Data shape = (250000, 5)
Begin sort function!
In centrality 0
In centrality 1
In centrality 2
In centrality 3
In centrality 4
In centrality 5
In centrality 6
end function sorter
Data shape = (250000, 5)
Begin sort function!
In centrality 0
In centrality 1
In centrality 2
In centrality 3
In centrality 4
In centrality 5
In centrality 6
end function sorter
Final results shape = (4, 7, 12)
mean value:
[[ 1.45440485e-02  1.08568539e-02  1.55049965e-02  7.90641836e-06
  -4.53581013e-07 -2.87589628e-07  9.02048951e-01  6.58361985e-03
   2.59003692e-04 -1.19688899e-04  9.49734321e-05 -6.81788449e-06]
 [ 1.54665847e-02  1.13434642e-02  1.63134034e-02 -2.42763686e-06
  -1.44878177e-06 -3.43704993e-07  8.82471995e-01  6.27879123e-03
   2.48335999e-04 -1.21674520e-04  9.64483755e-05 -7.10396573e-06]
 [ 1.61172400e-02  1.19844225e-02  1.69422685e-02 -6.23358094e-06
  -1.89588040e-06 -3.72915675e-07  8.71350688e-01  6.16977663e-03
   2.41872419e-04 -1.30340131e-04  9.88923925e-05 -7.70146491e-06]
 [ 1.66829327e-02  1.24561742e-02  1.75605946e-02 -1.08124839e-05
  -2.25125322e-06 -2.14790312e-07  8.62433261e-01  6.28702087e-03
   2.60099073e-04 -1.22428813e-04  1.03235970e-04 -7.35827856e-06]
 [ 1.71042235e-02  1.29218944e-02  1.82611877e-02 -1.43884668e-05
  -3.69133290e-06 -1.49280823e-07  8.57441807e-01  6.35916521e-03
   2.51603852e-04 -1.26847468e-04  1.07070886e-04 -7.59751350e-06]
 [ 1.75459647e-02  1.34960700e-02  1.87717771e-02 -9.75992827e-06
  -3.78882248e-06 -2.89741599e-07  8.54637906e-01  6.49573823e-03
   2.57596659e-04 -1.23968145e-04  1.12734609e-04 -7.64534026e-06]
 [ 1.80731884e-02  1.39908037e-02  1.94035252e-02 -1.32009518e-05
  -7.03765662e-06 -1.76258632e-07  8.51676288e-01  6.60120366e-03
   2.68490913e-04 -1.26864955e-04  1.17752274e-04 -8.05130030e-06]]
std error:
[[1.45954614e-04 5.91751488e-05 1.74455797e-04 2.94535486e-06
  1.28903901e-06 6.19525838e-08 4.94491242e-04 4.66849278e-05
  8.92627311e-06 7.51779437e-06 7.72881150e-07 5.01258867e-07]
 [1.07416218e-04 3.26193342e-05 1.62312611e-04 4.64958150e-06
  8.39989849e-07 1.44864913e-07 1.03994611e-03 5.67077637e-05
  1.18194486e-05 9.55206428e-06 1.00317196e-06 5.84892269e-07]
 [9.69263898e-05 5.47566071e-05 1.77151803e-04 3.23597012e-06
  1.24986262e-06 8.56712483e-08 4.99762819e-04 2.66691040e-05
  1.54329585e-05 6.42482240e-06 7.80569248e-07 6.71143979e-07]
 [1.51509870e-04 5.52467622e-05 1.03869141e-04 1.17241977e-06
  1.55945553e-06 8.48641158e-08 2.04277837e-04 5.66340519e-05
  1.45659188e-05 7.70469563e-06 1.04047163e-06 5.22073404e-07]
 [8.84195103e-05 1.83641519e-05 1.13253163e-04 1.34232314e-06
  1.29046443e-06 6.45284533e-08 4.50014149e-04 5.16369495e-05
  6.44166484e-06 8.11938018e-06 2.11957810e-06 5.34357332e-07]
 [1.46536967e-04 2.54595067e-05 1.13680033e-04 4.06765282e-06
  2.20326404e-06 2.14810511e-07 3.72773913e-04 4.10325325e-05
  1.03261893e-05 3.83762707e-06 2.30594004e-06 4.22628603e-07]
 [9.51398474e-05 7.25072772e-05 6.05555272e-05 1.99383977e-06
  1.90849076e-06 1.55325200e-07 4.89908192e-04 5.82084916e-05
  9.81335245e-06 6.38692880e-06 2.06096992e-06 4.83040949e-07]]
Done!, time = 3.833411931991577s
