Begin!
Data shape = (250000, 5)
Begin sort function!
In centrality 0
In centrality 1
In centrality 2
In centrality 3
In centrality 4
In centrality 5
In centrality 6
end function sorter
Data shape = (250000, 5)
Begin sort function!
In centrality 0
In centrality 1
In centrality 2
In centrality 3
In centrality 4
In centrality 5
In centrality 6
end function sorter
Data shape = (250000, 5)
Begin sort function!
In centrality 0
In centrality 1
In centrality 2
In centrality 3
In centrality 4
In centrality 5
In centrality 6
end function sorter
Data shape = (250000, 5)
Begin sort function!
In centrality 0
In centrality 1
In centrality 2
In centrality 3
In centrality 4
In centrality 5
In centrality 6
end function sorter
Final results shape = (4, 7, 12)
mean value:
[[ 1.74770442e-02  1.06647353e-02  1.52446981e-02  6.31478935e-05
  -2.00800118e-07 -1.22547674e-06  8.78546657e-01  2.64492864e-03
   3.08041129e-05 -2.19881365e-04  4.88111639e-05 -1.58337004e-05]
 [ 1.88852400e-02  1.12256711e-02  1.61724462e-02  4.59672909e-05
  -1.90801133e-06 -1.82936651e-06  8.68551224e-01  2.63570450e-03
   3.29652139e-05 -2.21565102e-04  5.24499629e-05 -1.62986741e-05]
 [ 2.00590183e-02  1.17416309e-02  1.68117868e-02  4.19428036e-05
  -2.86600882e-06 -1.88392040e-06  8.62873902e-01  2.65183488e-03
   3.53225254e-05 -2.37531697e-04  5.56483051e-05 -1.81522786e-05]
 [ 2.09501305e-02  1.22355016e-02  1.75619431e-02  3.62389822e-05
   7.78940436e-08 -2.18917519e-06  8.57920012e-01  2.68529225e-03
   3.68214687e-05 -2.44202470e-04  5.83121677e-05 -1.91330613e-05]
 [ 2.17013459e-02  1.27534032e-02  1.82486124e-02  2.26040694e-05
  -1.97705521e-07 -1.65240998e-06  8.54898607e-01  2.73382350e-03
   3.80478327e-05 -2.42748843e-04  6.12994477e-05 -1.96945917e-05]
 [ 2.23951069e-02  1.31577554e-02  1.87728003e-02  2.06475373e-05
  -1.44523542e-06 -1.74078318e-06  8.52388622e-01  2.77349340e-03
   3.90173144e-05 -2.48668585e-04  6.37506988e-05 -2.06858448e-05]
 [ 2.28713996e-02  1.37142783e-02  1.94017433e-02  1.09405910e-05
  -3.57746771e-06 -1.80437379e-06  8.50805826e-01  2.82204851e-03
   4.30081926e-05 -2.42877029e-04  6.58455777e-05 -2.02531750e-05]]
std error:
[[1.12840016e-04 9.98638029e-05 1.05035402e-04 5.27470243e-06
  1.22873911e-06 4.27726007e-07 2.29007331e-04 2.31660240e-05
  1.85533635e-06 6.64765531e-06 1.11790218e-06 6.69614196e-07]
 [1.06277315e-04 1.16686470e-04 1.11997454e-04 3.29996631e-06
  1.42059420e-06 3.70007573e-07 3.07972103e-04 2.45833464e-05
  1.70611548e-06 6.93159590e-06 6.65651879e-07 7.91222285e-07]
 [8.74599064e-05 5.17851466e-05 1.49410745e-04 5.59237572e-06
  2.07920715e-06 1.38112032e-07 1.11529864e-04 7.17437431e-06
  1.06645106e-06 7.61320882e-06 2.06526439e-07 5.41402377e-07]
 [1.25870586e-04 5.19031375e-05 6.16028062e-05 5.73926526e-06
  1.22356722e-06 1.85942523e-07 1.26760480e-04 2.51540497e-05
  1.69967770e-06 4.50147527e-06 1.14479861e-06 5.06529886e-07]
 [6.87476001e-05 3.97168448e-05 1.54866079e-04 2.88682942e-06
  6.16574539e-07 3.48434952e-07 3.00639365e-04 4.03184341e-05
  8.09351509e-07 5.35447745e-06 1.00362397e-06 5.37444564e-07]
 [1.32599043e-04 8.21403845e-05 8.69028792e-05 3.67918274e-06
  2.58964496e-06 4.73343446e-07 1.88469810e-04 2.51985132e-05
  2.94107584e-06 9.45358585e-06 1.02478793e-06 6.76826912e-07]
 [1.09111929e-04 3.94943902e-05 5.34665288e-05 5.34355673e-06
  2.15790242e-06 5.51426048e-07 3.09958695e-04 2.19899961e-06
  1.51498936e-06 3.17413586e-06 4.41799562e-07 3.69293156e-07]]
Done!, time = 2.190082311630249s
