Begin!
Data shape = (250000, 5)
Begin sort function!
In centrality 0
In centrality 1
In centrality 2
In centrality 3
In centrality 4
In centrality 5
In centrality 6
end function sorter
Data shape = (250000, 5)
Begin sort function!
In centrality 0
In centrality 1
In centrality 2
In centrality 3
In centrality 4
In centrality 5
In centrality 6
end function sorter
Data shape = (250000, 5)
Begin sort function!
In centrality 0
In centrality 1
In centrality 2
In centrality 3
In centrality 4
In centrality 5
In centrality 6
end function sorter
Data shape = (250000, 5)
Begin sort function!
In centrality 0
In centrality 1
In centrality 2
In centrality 3
In centrality 4
In centrality 5
In centrality 6
end function sorter
Final results shape = (4, 7, 12)
mean value:
[[ 1.40050355e-02  1.08958113e-02  1.56865029e-02  1.63232210e-05
  -1.16921499e-06 -5.38113841e-07  8.14150696e-01  9.33182463e-04
  -4.06387952e-07 -1.16861027e-04  1.45480782e-05 -6.10239799e-06]
 [ 1.51635290e-02  1.14320750e-02  1.62787681e-02  7.67882887e-06
  -6.91020939e-07 -5.02545743e-07  8.09807348e-01  9.35125898e-04
   3.66590710e-07 -1.18637996e-04  1.54600315e-05 -6.60760064e-06]
 [ 1.59027544e-02  1.18073935e-02  1.69020803e-02  2.37738050e-06
  -1.71150758e-06 -4.26839273e-07  8.06785872e-01  9.58418963e-04
   1.13888837e-06 -1.17181830e-04  1.62746348e-05 -6.71211488e-06]
 [ 1.65912912e-02  1.22976654e-02  1.74975934e-02  2.43011506e-07
  -4.32453455e-06 -5.74635948e-07  8.04333524e-01  9.63607878e-04
   1.58504144e-06 -1.14687469e-04  1.69323250e-05 -6.69122156e-06]
 [ 1.70115141e-02  1.27137475e-02  1.79120434e-02 -4.86891164e-06
  -5.19466064e-07 -3.52597497e-07  8.02669221e-01  9.78594109e-04
   2.34882858e-06 -1.12674109e-04  1.73650472e-05 -6.78341863e-06]
 [ 1.74573023e-02  1.31277465e-02  1.84210418e-02 -8.63111898e-06
  -2.84726869e-06 -3.07896242e-07  8.01382279e-01  9.93872049e-04
   2.73672766e-06 -1.08983291e-04  1.80363539e-05 -6.65692592e-06]
 [ 1.80022760e-02  1.35978241e-02  1.89371688e-02 -1.05223549e-05
  -4.33382439e-06 -3.23133813e-07  8.00133415e-01  1.01167189e-03
   2.71382968e-06 -1.03858065e-04  1.88443879e-05 -6.52646974e-06]]
std error:
[[7.39701944e-05 6.09358269e-05 1.79437590e-04 3.01452208e-06
  1.61788433e-06 9.81689405e-08 1.44685221e-04 1.03763382e-05
  3.69028403e-07 5.24257913e-06 1.59434771e-07 3.46086461e-07]
 [5.65645426e-05 2.99780831e-05 8.14360055e-05 1.88147488e-06
  2.49409609e-06 1.10508259e-07 1.35981005e-04 1.69876532e-05
  3.29281927e-07 1.96091464e-06 1.38249745e-07 1.74618026e-07]
 [1.75344116e-05 1.28654754e-04 8.35250658e-05 1.05158172e-06
  1.63512510e-06 7.98911641e-08 1.01438426e-04 3.77080784e-06
  1.30989765e-07 3.65267720e-06 8.44171871e-08 3.26114448e-07]
 [7.56696966e-05 6.42009595e-05 9.50586714e-05 9.98473039e-07
  1.69357603e-06 7.95412683e-08 1.44602517e-04 8.81243964e-06
  3.58331621e-07 1.56379111e-06 2.49148305e-07 1.02443089e-07]
 [1.76071310e-04 8.34687788e-05 3.77584849e-05 1.06600664e-06
  5.70733534e-07 7.40127555e-08 9.30642828e-05 8.39871362e-06
  3.04875410e-07 1.25834965e-06 3.43158367e-07 1.06525937e-07]
 [6.33026697e-05 6.12767302e-05 8.43601674e-05 2.88687608e-06
  1.43285137e-06 2.31586687e-07 2.26137928e-04 1.08587456e-05
  3.88177443e-07 9.70620880e-07 2.25782053e-07 8.98927630e-08]
 [7.27246007e-05 7.94898164e-05 9.42995422e-05 2.95199371e-06
  2.91413768e-06 5.29318292e-08 2.50455532e-04 8.58713405e-06
  4.36343514e-07 2.54864766e-06 2.10817825e-07 2.26597013e-07]]
Done!, time = 4.547632694244385s
