Begin!
Data shape = (250000, 5)
Begin sort function!
In centrality 0
In centrality 1
In centrality 2
In centrality 3
In centrality 4
In centrality 5
In centrality 6
end function sorter
Data shape = (250000, 5)
Begin sort function!
In centrality 0
In centrality 1
In centrality 2
In centrality 3
In centrality 4
In centrality 5
In centrality 6
end function sorter
Data shape = (250000, 5)
Begin sort function!
In centrality 0
In centrality 1
In centrality 2
In centrality 3
In centrality 4
In centrality 5
In centrality 6
end function sorter
Data shape = (250000, 5)
Begin sort function!
In centrality 0
In centrality 1
In centrality 2
In centrality 3
In centrality 4
In centrality 5
In centrality 6
end function sorter
Final results shape = (4, 7, 12)
mean value:
[[ 1.14434280e-02  1.09740125e-02  1.66595200e-02 -8.73253210e-08
  -1.14686268e-06 -7.45162166e-08  7.98560917e-01  4.12698657e-03
   1.19291271e-04 -3.98701765e-05  4.68275974e-05 -1.80700046e-06]
 [ 1.22102759e-02  1.15349774e-02  1.73555291e-02 -1.56533599e-06
  -6.19328972e-07 -3.68195350e-08  7.82865868e-01  3.95122443e-03
   1.10985755e-04 -3.73400709e-05  4.73090045e-05 -1.59311491e-06]
 [ 1.26629522e-02  1.19516684e-02  1.80035591e-02 -4.46109147e-06
  -1.86545191e-06 -5.99797253e-08  7.74224560e-01  3.91733436e-03
   1.10714692e-04 -3.57284502e-05  4.92645095e-05 -1.69596400e-06]
 [ 1.31584591e-02  1.26208540e-02  1.85843385e-02 -5.40410827e-06
  -2.42999955e-06 -1.83881044e-08  7.66597586e-01  3.88538103e-03
   1.08115556e-04 -3.36677128e-05  5.08924968e-05 -1.62978235e-06]
 [ 1.35580259e-02  1.30598133e-02  1.91534192e-02 -6.53346563e-06
  -3.15268216e-06 -5.82603480e-08  7.62110842e-01  4.03167878e-03
   1.16262942e-04 -3.12670407e-05  5.44997204e-05 -1.58512329e-06]
 [ 1.39369978e-02  1.34216402e-02  1.95879004e-02 -8.10048616e-06
  -3.74330943e-06 -9.20447150e-09  7.58103045e-01  4.04183718e-03
   1.15431296e-04 -2.66173204e-05  5.56038194e-05 -1.16819722e-06]
 [ 1.44340958e-02  1.38851640e-02  1.97954028e-02 -9.69931361e-06
  -4.06868257e-06  5.81732546e-08  7.55255530e-01  4.13257724e-03
   1.20750196e-04 -2.84794723e-05  5.96035050e-05 -1.52938523e-06]]
std error:
[[1.00053625e-04 1.04601708e-04 1.58248719e-04 1.11301308e-06
  1.77920967e-06 1.63654121e-08 4.42228173e-04 4.14081144e-05
  3.28494643e-06 9.27933705e-06 3.66917780e-07 3.31939157e-07]
 [9.80604285e-05 3.18245074e-05 1.60605532e-04 3.53664708e-06
  2.98762469e-06 5.14950011e-08 2.09158342e-04 6.42655151e-05
  7.90445975e-06 4.26047322e-06 1.34995121e-06 1.47884654e-07]
 [1.06537443e-04 1.44708966e-04 9.62468791e-05 1.68147357e-06
  1.83234601e-06 2.13459761e-08 3.06396793e-04 3.40353248e-05
  4.23092711e-06 6.34280547e-06 4.83750097e-07 4.26477033e-07]
 [3.59535429e-05 3.13145978e-05 6.15221492e-05 2.22977030e-06
  8.10072749e-07 4.15438689e-08 3.23658706e-04 1.00574743e-05
  1.85898338e-06 5.41248186e-06 4.12300971e-07 2.09314504e-07]
 [3.70867071e-05 1.08115160e-04 9.41974996e-05 1.28965501e-07
  1.21991861e-06 7.98007442e-08 1.37311424e-04 4.59655310e-05
  6.87949846e-06 2.88561024e-06 8.14299789e-07 1.69813345e-07]
 [4.97743579e-05 5.03796468e-05 9.76495171e-05 2.20725584e-06
  7.68890890e-07 6.76390890e-08 5.59195592e-04 2.68203667e-05
  1.54064992e-06 3.51164070e-06 8.24596612e-07 2.01725834e-07]
 [1.04135966e-04 1.13850432e-04 1.03170118e-04 2.91712380e-06
  2.63889261e-06 7.04705314e-08 2.12885163e-04 4.39437949e-05
  3.80849737e-06 5.25767622e-06 5.45689075e-07 2.91883507e-07]]
Done!, time = 4.023156642913818s
