Begin!
Data shape = (250000, 5)
Begin sort function!
In centrality 0
In centrality 1
In centrality 2
In centrality 3
In centrality 4
In centrality 5
In centrality 6
end function sorter
Data shape = (250000, 5)
Begin sort function!
In centrality 0
In centrality 1
In centrality 2
In centrality 3
In centrality 4
In centrality 5
In centrality 6
end function sorter
Data shape = (250000, 5)
Begin sort function!
In centrality 0
In centrality 1
In centrality 2
In centrality 3
In centrality 4
In centrality 5
In centrality 6
end function sorter
Data shape = (250000, 5)
Begin sort function!
In centrality 0
In centrality 1
In centrality 2
In centrality 3
In centrality 4
In centrality 5
In centrality 6
end function sorter
Final results shape = (4, 7, 12)
mean value:
[[ 1.44764191e-02  1.07193071e-02  1.52079428e-02  4.06136041e-05
  -1.45046951e-07 -2.78878940e-07  8.63089121e-01  1.14620205e-03
   2.40955740e-06 -1.34815015e-04  1.83330692e-05 -8.18599671e-06]
 [ 1.55772797e-02  1.11701603e-02  1.59739093e-02  3.19733382e-05
  -9.29932822e-07 -5.83252726e-07  8.58504547e-01  1.16094380e-03
   2.62070340e-06 -1.42225969e-04  1.97183400e-05 -8.74687822e-06]
 [ 1.62788399e-02  1.16218908e-02  1.64489807e-02  2.92552823e-05
  -1.60230178e-06 -6.84910444e-07  8.55380274e-01  1.18513835e-03
   4.22442241e-06 -1.41468376e-04  2.04650353e-05 -8.87763325e-06]
 [ 1.70936306e-02  1.20690886e-02  1.71813258e-02  2.35224960e-05
  -2.05581087e-06 -6.09379205e-07  8.53106587e-01  1.19692255e-03
   5.69684232e-06 -1.38676777e-04  2.15471092e-05 -9.13147335e-06]
 [ 1.77009734e-02  1.25042331e-02  1.76694809e-02  2.13768849e-05
  -1.00332960e-06 -7.22213177e-07  8.51469663e-01  1.21476601e-03
   5.53144573e-06 -1.42548991e-04  2.26723697e-05 -9.69465371e-06]
 [ 1.82523351e-02  1.29936071e-02  1.82363107e-02  1.70010298e-05
  -3.61937470e-06 -7.59883940e-07  8.50129101e-01  1.23601259e-03
   6.34193828e-06 -1.35969506e-04  2.36724084e-05 -9.49436603e-06]
 [ 1.88027586e-02  1.36088126e-02  1.89225884e-02  1.91586137e-05
  -3.32038959e-06 -6.20331419e-07  8.48914485e-01  1.26404499e-03
   6.16069897e-06 -1.37443139e-04  2.48555168e-05 -9.87948669e-06]]
std error:
[[1.79804699e-04 2.05465987e-05 7.49049979e-05 2.74195122e-06
  1.44179412e-06 2.10685704e-07 3.53669180e-04 1.24758452e-05
  5.54258993e-07 5.36213956e-06 4.79719388e-07 3.84532780e-07]
 [8.87967828e-05 5.31968057e-05 1.36062538e-04 1.60522851e-06
  3.04768620e-06 1.89284236e-07 2.77191384e-04 1.62705318e-05
  9.02090776e-07 2.63075339e-06 6.45989771e-07 3.42411629e-07]
 [4.76150082e-05 1.07622734e-04 5.37916512e-05 2.40997946e-06
  1.68529201e-06 9.88497759e-08 1.73967699e-04 9.06348441e-06
  7.28249031e-07 2.09179100e-06 1.89104601e-07 1.56140573e-07]
 [6.50200901e-05 6.02552459e-05 9.28240113e-05 2.82748532e-06
  9.48796698e-07 2.55491891e-07 1.80283385e-04 5.21217893e-06
  7.00040365e-07 2.88321927e-06 1.77307006e-07 2.80637222e-07]
 [1.41602771e-04 1.08191278e-04 1.01236596e-04 2.85750540e-06
  1.67532670e-06 1.21916307e-07 1.25797855e-04 9.08115917e-06
  4.61564752e-07 4.37452723e-06 5.22109795e-07 4.35413485e-07]
 [1.11737219e-04 1.05513611e-04 1.93959416e-04 4.67135791e-06
  2.58986197e-06 1.36502539e-07 3.10634400e-04 5.19760475e-06
  7.39949524e-07 2.96225901e-06 2.54428332e-07 4.12887450e-07]
 [8.39379396e-05 7.92185920e-05 7.38306857e-05 2.61396425e-06
  2.18276508e-06 1.55872355e-07 2.52364862e-04 1.30319458e-05
  7.89265979e-07 4.81561766e-06 4.57355961e-07 4.48851811e-07]]
Done!, time = 1.6017382144927979s
