Begin!
Data shape = (250000, 5)
Begin sort function!
In centrality 0
In centrality 1
In centrality 2
In centrality 3
In centrality 4
In centrality 5
In centrality 6
end function sorter
Data shape = (250000, 5)
Begin sort function!
In centrality 0
In centrality 1
In centrality 2
In centrality 3
In centrality 4
In centrality 5
In centrality 6
end function sorter
Data shape = (250000, 5)
Begin sort function!
In centrality 0
In centrality 1
In centrality 2
In centrality 3
In centrality 4
In centrality 5
In centrality 6
end function sorter
Data shape = (250000, 5)
Begin sort function!
In centrality 0
In centrality 1
In centrality 2
In centrality 3
In centrality 4
In centrality 5
In centrality 6
end function sorter
Final results shape = (4, 7, 12)
mean value:
[[ 1.14913087e-02  1.07866079e-02  1.52412317e-02  5.02058658e-06
  -2.24750018e-06 -1.04274898e-07  8.55675171e-01  7.02887407e-04
   1.92376842e-07 -5.41371666e-05  8.77432223e-06 -2.39209781e-06]
 [ 1.20640618e-02  1.11375267e-02  1.58883166e-02  4.85802346e-07
  -3.45692687e-06 -4.06390497e-08  8.53663866e-01  7.12133964e-04
   8.00234317e-07 -5.35023696e-05  9.21224919e-06 -2.37168395e-06]
 [ 1.25715841e-02  1.16207875e-02  1.64311532e-02 -1.81303773e-06
  -8.27687978e-07 -8.12044161e-08  8.52267655e-01  7.24616120e-04
   8.42517395e-07 -5.04138165e-05  9.60996100e-06 -2.30018893e-06]
 [ 1.30629423e-02  1.20203378e-02  1.69347504e-02 -3.79233698e-06
  -2.75924153e-06 -1.02735979e-07  8.50995627e-01  7.40662465e-04
   1.10992562e-06 -5.05394806e-05  1.01110108e-05 -2.39386463e-06]
 [ 1.34665288e-02  1.23775176e-02  1.73107287e-02 -3.78437866e-06
  -1.30842368e-06 -3.23397679e-08  8.50075310e-01  7.55058615e-04
   1.67756376e-06 -4.99236047e-05  1.05533120e-05 -2.44575048e-06]
 [ 1.39904542e-02  1.28639396e-02  1.79727044e-02 -3.44610745e-06
  -2.31813908e-06 -6.35644716e-09  8.49515445e-01  7.67589398e-04
   1.74095489e-06 -5.14674143e-05  1.11053283e-05 -2.65691525e-06]
 [ 1.44360430e-02  1.33456358e-02  1.84703977e-02 -7.35251810e-06
  -4.37877650e-06 -7.60007732e-08  8.48935335e-01  7.76312399e-04
   1.78831249e-06 -4.36348314e-05  1.15173303e-05 -2.25155854e-06]]
std error:
[[1.10682469e-04 6.42508508e-05 1.33103561e-04 9.19606653e-07
  9.18633163e-07 8.19354724e-08 2.36681636e-04 5.42364310e-06
  3.79543188e-07 3.19453709e-06 1.65220535e-07 1.72355541e-07]
 [6.63343669e-05 5.98544893e-05 5.73866944e-05 1.15018596e-06
  1.57779017e-06 7.41467643e-08 2.74621161e-04 1.07363347e-05
  6.09219930e-07 8.91902708e-07 1.68550115e-07 5.02414811e-08]
 [2.98030252e-05 3.83586376e-05 9.91222176e-05 1.30085705e-06
  7.29167513e-07 5.83337457e-08 3.01497409e-05 5.80690696e-06
  1.59610408e-07 1.56225492e-06 7.15004196e-08 8.49156693e-08]
 [1.20687821e-04 6.01177307e-05 7.83876976e-05 2.10223820e-06
  1.46822195e-06 2.60397727e-08 1.42197238e-04 8.91800895e-06
  2.08525234e-07 2.16937279e-06 2.37549572e-07 1.14050138e-07]
 [7.50875205e-05 3.24580249e-05 9.79053836e-05 2.14703026e-06
  1.72835275e-06 2.82380378e-08 1.79648542e-04 4.68244289e-06
  2.53620715e-07 1.80614592e-06 1.23390136e-07 9.98880749e-08]
 [8.99065943e-05 3.88176362e-05 1.87574345e-04 1.63518991e-06
  9.17607181e-07 1.23512138e-07 6.90743244e-05 5.62258862e-06
  2.81436810e-07 2.69857716e-06 1.83064540e-07 1.66759151e-07]
 [6.56234165e-05 9.11604628e-05 1.62623647e-04 2.03295826e-06
  9.74719316e-07 1.10062807e-07 1.68706719e-04 1.32998362e-06
  2.98211202e-07 2.26031199e-06 5.09927654e-08 1.04167016e-07]]
Done!, time = 3.998399496078491s
