Begin!
Data shape = (250000, 5)
Begin sort function!
In centrality 0
In centrality 1
In centrality 2
In centrality 3
In centrality 4
In centrality 5
In centrality 6
end function sorter
Data shape = (250000, 5)
Begin sort function!
In centrality 0
In centrality 1
In centrality 2
In centrality 3
In centrality 4
In centrality 5
In centrality 6
end function sorter
Data shape = (250000, 5)
Begin sort function!
In centrality 0
In centrality 1
In centrality 2
In centrality 3
In centrality 4
In centrality 5
In centrality 6
end function sorter
Data shape = (250000, 5)
Begin sort function!
In centrality 0
In centrality 1
In centrality 2
In centrality 3
In centrality 4
In centrality 5
In centrality 6
end function sorter
Final results shape = (4, 7, 12)
mean value:
[[ 1.17039750e-02  1.02960587e-02  1.46237815e-02  3.18299515e-05
   7.86915580e-07  2.41768053e-07  8.04976110e-01  6.57251298e-04
   8.76065262e-07 -7.25151275e-05  9.20750944e-06 -4.03535787e-06]
 [ 1.27446404e-02  1.08096726e-02  1.56022075e-02  2.71567487e-05
  -2.22244745e-07  1.78091975e-07  8.02198434e-01  6.67744203e-04
   1.09211227e-06 -8.24842766e-05  9.88019047e-06 -4.73431366e-06]
 [ 1.37176905e-02  1.13291402e-02  1.61312294e-02  2.73779754e-05
  -7.01142302e-07 -2.17517103e-07  8.00665489e-01  6.72187797e-04
   1.49001309e-06 -8.78584645e-05  1.05431203e-05 -5.18426066e-06]
 [ 1.46063112e-02  1.18971166e-02  1.67025469e-02  2.68547603e-05
  -1.12576934e-06 -2.86687268e-07  7.99416537e-01  6.88165415e-04
   1.58744080e-06 -9.15807907e-05  1.14035668e-05 -5.62366097e-06]
 [ 1.53047232e-02  1.24544053e-02  1.72969507e-02  2.34125217e-05
  -1.23377293e-06 -3.21789834e-07  7.98405803e-01  6.97702113e-04
   1.91838264e-06 -9.27541999e-05  1.19283438e-05 -5.87052180e-06]
 [ 1.60558292e-02  1.30688091e-02  1.78289831e-02  1.90180045e-05
  -2.35351676e-06 -2.37633786e-07  7.97677257e-01  7.10618222e-04
   2.26424334e-06 -9.13167803e-05  1.26437237e-05 -5.95978765e-06]
 [ 1.67655294e-02  1.36340234e-02  1.83911345e-02  1.59092603e-05
  -6.55784419e-07 -2.60578838e-07  7.97198414e-01  7.29312421e-04
   2.45286672e-06 -9.18056566e-05  1.33759637e-05 -6.27039134e-06]]
std error:
[[8.76119100e-05 7.40210906e-05 1.26132441e-04 3.84560241e-06
  5.06442591e-07 1.43671078e-07 1.97029183e-04 2.04894117e-06
  4.57475852e-07 1.91087914e-06 1.26514160e-07 1.14642782e-07]
 [9.24869257e-05 2.40273124e-05 1.70067570e-04 3.93906673e-06
  1.16040586e-06 5.01147055e-08 1.66862532e-04 1.03072993e-05
  6.37845744e-08 2.30327622e-06 1.72443412e-07 2.09174665e-07]
 [4.15361884e-05 5.87110235e-05 6.52367547e-05 1.36826558e-06
  2.35723823e-06 2.80863170e-08 8.72593433e-05 6.62992190e-06
  2.29655924e-07 2.85064455e-06 1.58514901e-07 1.39039198e-07]
 [4.38770731e-05 3.92387354e-05 3.74761995e-05 3.79788041e-06
  1.01141498e-06 1.66820938e-07 5.18677059e-05 8.17578940e-06
  1.15774303e-07 3.67405579e-06 2.50403562e-07 3.69746441e-07]
 [1.08782411e-04 1.41950150e-05 7.55850185e-05 2.44136198e-06
  1.14511214e-06 1.33226832e-07 6.23134695e-05 3.83829717e-06
  1.70467305e-07 2.49335684e-06 1.85186411e-07 1.65092344e-07]
 [5.50186559e-05 6.29249327e-05 7.41727567e-05 5.51667903e-06
  1.38167131e-06 1.27385340e-07 1.03597230e-04 6.24126645e-06
  1.18111009e-07 2.79792654e-06 2.24726490e-07 2.47880087e-07]
 [5.95388734e-05 9.17614007e-05 4.57894625e-05 2.64546370e-06
  9.73715650e-07 1.09662661e-07 8.28704273e-05 5.89551668e-06
  2.32316871e-07 1.10361876e-06 1.22844957e-07 1.40699847e-07]]
Done!, time = 4.492662191390991s
