Begin!
Data shape = (250000, 5)
Begin sort function!
In centrality 0
In centrality 1
In centrality 2
In centrality 3
In centrality 4
In centrality 5
In centrality 6
end function sorter
Data shape = (250000, 5)
Begin sort function!
In centrality 0
In centrality 1
In centrality 2
In centrality 3
In centrality 4
In centrality 5
In centrality 6
end function sorter
Data shape = (250000, 5)
Begin sort function!
In centrality 0
In centrality 1
In centrality 2
In centrality 3
In centrality 4
In centrality 5
In centrality 6
end function sorter
Data shape = (250000, 5)
Begin sort function!
In centrality 0
In centrality 1
In centrality 2
In centrality 3
In centrality 4
In centrality 5
In centrality 6
end function sorter
Final results shape = (4, 7, 12)
mean value:
[[ 1.36765470e-02  1.07736914e-02  1.63252215e-02  2.75888677e-05
  -9.59502586e-07 -3.09407957e-07  7.75139109e-01  1.64573177e-03
   1.47125533e-05 -8.93515776e-05  2.35163077e-05 -5.12218383e-06]
 [ 1.48861334e-02  1.14268971e-02  1.70613979e-02  2.17712065e-05
  -2.84975748e-06 -5.49406705e-07  7.67821323e-01  1.61732339e-03
   1.48077098e-05 -9.03026037e-05  2.46891411e-05 -5.30861717e-06]
 [ 1.55598443e-02  1.18911898e-02  1.78467327e-02  2.24345331e-05
  -6.00726051e-07 -4.67175627e-07  7.63095032e-01  1.62545893e-03
   1.47158909e-05 -9.71713469e-05  2.62246684e-05 -6.05482605e-06]
 [ 1.64543052e-02  1.23855290e-02  1.83584043e-02  1.90296384e-05
  -4.45548258e-07 -4.58074827e-07  7.59310741e-01  1.65063132e-03
   1.56701988e-05 -1.03418816e-04  2.79815497e-05 -6.63027196e-06]
 [ 1.70362087e-02  1.28410949e-02  1.89916057e-02  1.57054345e-05
  -2.83450583e-06 -6.53838532e-07  7.56599006e-01  1.66536490e-03
   1.64425757e-05 -1.00491955e-04  2.90591920e-05 -6.52779534e-06]
 [ 1.75502421e-02  1.33842353e-02  1.94026609e-02  1.30031370e-05
  -1.93271276e-06 -7.85175075e-07  7.54541715e-01  1.69446790e-03
   1.81794436e-05 -1.01973759e-04  3.05237603e-05 -6.82444106e-06]
 [ 1.83598365e-02  1.37949259e-02  1.99365617e-02  1.21423953e-05
  -3.24420214e-06 -5.49251780e-07  7.52520555e-01  1.71375843e-03
   1.83497429e-05 -1.03763782e-04  3.18787873e-05 -7.12744085e-06]]
std error:
[[1.44947958e-04 6.17094298e-05 8.31745398e-05 2.34221899e-06
  9.11888114e-07 2.16185878e-07 4.15466997e-04 1.36397327e-05
  1.35621452e-06 4.63330227e-06 4.32024116e-07 2.15613941e-07]
 [9.82972500e-05 8.18594567e-05 9.72515283e-05 4.34038449e-06
  9.79518683e-07 1.16371284e-07 4.61878398e-04 4.90866661e-06
  9.79747156e-07 2.67113851e-06 4.41447183e-07 3.74814932e-07]
 [7.54341164e-05 7.08678997e-05 1.23472403e-04 2.35653224e-06
  9.89061168e-07 1.36162157e-08 1.29501175e-04 9.22460365e-06
  9.27535898e-07 3.61370776e-06 1.51916958e-07 2.74585513e-07]
 [1.88225591e-05 7.80950011e-05 8.52583591e-05 4.23863852e-06
  1.10734642e-06 1.33511207e-07 2.24832133e-04 1.14490224e-05
  2.62631568e-07 4.67675538e-06 2.46404061e-07 3.63642551e-07]
 [1.29413585e-04 5.91833771e-05 8.98978266e-05 2.40937384e-06
  1.54546645e-06 1.76849549e-07 2.77246586e-04 1.10620645e-05
  5.60869160e-07 2.06490893e-06 6.55424226e-07 2.05116313e-07]
 [5.12627674e-05 1.06626906e-04 3.58821239e-05 2.82128632e-06
  8.40083414e-07 1.18668266e-07 1.56024227e-04 3.22334858e-06
  1.38232116e-06 2.79311663e-06 2.98658805e-07 2.59705242e-07]
 [4.49278644e-05 6.34659794e-05 3.82789071e-05 2.63000005e-06
  1.23211558e-06 1.72650057e-07 7.72994961e-05 1.57384833e-05
  7.59693303e-07 3.50061407e-06 4.43959197e-07 1.32383513e-07]]
Done!, time = 3.532712459564209s
