Begin!
Data shape = (250000, 5)
Begin sort function!
In centrality 0
In centrality 1
In centrality 2
In centrality 3
In centrality 4
In centrality 5
In centrality 6
end function sorter
Data shape = (250000, 5)
Begin sort function!
In centrality 0
In centrality 1
In centrality 2
In centrality 3
In centrality 4
In centrality 5
In centrality 6
end function sorter
Data shape = (250000, 5)
Begin sort function!
In centrality 0
In centrality 1
In centrality 2
In centrality 3
In centrality 4
In centrality 5
In centrality 6
end function sorter
Data shape = (250000, 5)
Begin sort function!
In centrality 0
In centrality 1
In centrality 2
In centrality 3
In centrality 4
In centrality 5
In centrality 6
end function sorter
Final results shape = (4, 7, 12)
mean value:
[[ 1.14069025e-02  9.47706610e-03  1.51919040e-02 -3.09097512e-06
   6.50392115e-07 -5.35418207e-08  9.60495913e-01  9.71624884e-03
   5.82563486e-04 -6.63557434e-05  1.09120631e-04 -2.90232316e-06]
 [ 1.22289166e-02  1.03110362e-02  1.62315312e-02 -5.96120951e-06
   1.71264639e-06 -1.32251919e-07  9.40072675e-01  9.39937104e-03
   5.79495407e-04 -6.39466082e-05  1.13120537e-04 -2.85209261e-06]
 [ 1.28425341e-02  1.10541484e-02  1.68942081e-02 -7.28506351e-06
   5.20178386e-07  3.65779707e-09  9.28009242e-01  9.42059710e-03
   5.68458839e-04 -6.43181220e-05  1.18435672e-04 -3.00023447e-06]
 [ 1.37036431e-02  1.19103752e-02  1.75650800e-02 -7.77404292e-06
   1.22784914e-06 -5.52264668e-08  9.21430322e-01  9.47332375e-03
   5.52327393e-04 -6.63183438e-05  1.27300525e-04 -3.07751014e-06]
 [ 1.44175315e-02  1.27378951e-02  1.81499596e-02 -9.60310850e-06
   8.66277681e-07  1.66154026e-08  9.18474588e-01  9.68159367e-03
   5.71064871e-04 -5.17731481e-05  1.37827693e-04 -2.66529201e-06]
 [ 1.51083834e-02  1.33811516e-02  1.86788654e-02 -1.04060611e-05
   6.76268944e-07 -2.26616851e-09  9.17006809e-01  9.88722207e-03
   5.69215354e-04 -5.18354265e-05  1.46374913e-04 -2.50113969e-06]
 [ 1.58899092e-02  1.41222650e-02  1.91262871e-02 -1.15741651e-05
  -1.40637820e-06  2.81124878e-08  9.17890033e-01  1.01352944e-02
   5.85983607e-04 -6.04205145e-05  1.57944019e-04 -3.42973060e-06]]
std error:
[[1.05879106e-04 7.42853905e-05 1.76283687e-04 1.39097758e-06
  7.78805041e-07 7.50870817e-08 4.70515075e-04 1.28075137e-04
  5.59047194e-05 1.46164910e-05 1.16745500e-06 4.65477617e-07]
 [9.71592674e-05 5.14436397e-05 1.26744269e-04 1.42105655e-06
  6.00263712e-07 1.68175816e-08 9.22122205e-04 1.56023613e-04
  4.03034248e-05 4.30501480e-06 3.58061203e-06 2.34959884e-07]
 [5.17995316e-05 9.08107313e-05 9.23367027e-05 2.37355661e-06
  1.37066230e-06 6.92676696e-08 6.33813927e-04 6.78689290e-05
  1.80243822e-05 2.20583521e-06 2.91322577e-07 2.29017255e-07]
 [4.69733337e-05 5.75418735e-05 1.13370306e-04 1.52481737e-06
  1.79397243e-06 5.77959018e-08 7.69889509e-04 4.66387071e-05
  1.41127748e-05 6.82069189e-06 1.00953458e-06 3.23173709e-07]
 [7.56835603e-05 3.52471188e-05 5.26081506e-05 1.87873145e-06
  2.07581572e-06 3.70712771e-08 5.81529822e-04 1.03718439e-04
  2.81300588e-05 6.72598797e-06 1.16256284e-06 4.26253880e-07]
 [6.51312251e-05 4.57283148e-05 5.52364831e-05 1.35537557e-06
  6.25305198e-07 9.27934180e-08 3.64218554e-04 9.09942122e-05
  1.54704324e-05 6.01281886e-06 2.12755975e-06 2.51995329e-07]
 [9.94183734e-05 5.89055105e-05 1.80326794e-04 2.82415964e-06
  1.81107142e-06 2.59680831e-08 4.39728957e-04 9.57648193e-05
  2.22048666e-05 4.86134807e-06 2.25371346e-06 2.90213256e-07]]
Done!, time = 3.9662628173828125s
