Begin!
Data shape = (250000, 5)
Begin sort function!
In centrality 0
In centrality 1
In centrality 2
In centrality 3
In centrality 4
In centrality 5
In centrality 6
end function sorter
Data shape = (250000, 5)
Begin sort function!
In centrality 0
In centrality 1
In centrality 2
In centrality 3
In centrality 4
In centrality 5
In centrality 6
end function sorter
Data shape = (250000, 5)
Begin sort function!
In centrality 0
In centrality 1
In centrality 2
In centrality 3
In centrality 4
In centrality 5
In centrality 6
end function sorter
Data shape = (250000, 5)
Begin sort function!
In centrality 0
In centrality 1
In centrality 2
In centrality 3
In centrality 4
In centrality 5
In centrality 6
end function sorter
Final results shape = (4, 7, 12)
mean value:
[[ 1.17186956e-02  1.00517969e-02  1.59796863e-02  2.15214011e-05
   1.71468630e-06 -6.72150849e-08  8.13468311e-01  1.86171898e-03
   2.04785440e-05 -5.94919422e-05  2.24157234e-05 -3.09080233e-06]
 [ 1.25946948e-02  1.07272831e-02  1.69139577e-02  2.28963143e-05
   1.02693930e-06 -2.25489329e-07  8.07006875e-01  1.85559042e-03
   1.85725094e-05 -6.69325389e-05  2.41911270e-05 -3.59524228e-06]
 [ 1.33478141e-02  1.13302006e-02  1.75595865e-02  1.66524824e-05
   4.14868980e-07 -2.56460715e-07  8.03134782e-01  1.87308816e-03
   1.98421193e-05 -6.67539933e-05  2.54920348e-05 -3.61665923e-06]
 [ 1.42392409e-02  1.20958671e-02  1.82404405e-02  1.74209395e-05
   7.06675594e-07 -2.63174360e-07  8.00181627e-01  1.88322576e-03
   2.12784996e-05 -6.68757856e-05  2.75199263e-05 -3.91392537e-06]
 [ 1.47990090e-02  1.26765783e-02  1.87968904e-02  1.16552423e-05
  -1.72247815e-06 -1.68969195e-07  7.98181041e-01  1.92338121e-03
   2.09826724e-05 -6.45723594e-05  2.89899466e-05 -3.85878930e-06]
 [ 1.55583958e-02  1.34359762e-02  1.93130863e-02  1.48022784e-05
  -6.48207731e-07 -2.78506831e-07  7.96834848e-01  1.95462457e-03
   2.04381929e-05 -6.82648735e-05  3.12030381e-05 -4.40163180e-06]
 [ 1.61927152e-02  1.39805433e-02  1.96252234e-02  7.80012464e-06
  -1.44112682e-06 -2.10056512e-07  7.96131417e-01  1.99637926e-03
   2.22665373e-05 -6.05608038e-05  3.31654164e-05 -3.91786414e-06]]
std error:
[[9.99039739e-05 6.10568103e-05 1.87034224e-04 2.53266020e-06
  2.01861562e-06 1.63300329e-07 6.89519816e-04 1.94243843e-05
  1.34556007e-06 3.14369452e-06 4.37896336e-07 2.38525397e-07]
 [4.52317733e-05 5.71484924e-05 2.24068860e-04 2.61442329e-06
  2.27910855e-06 1.00568584e-07 2.16697362e-04 7.49005555e-06
  2.58966923e-06 7.25169885e-06 2.43175538e-07 3.94153055e-07]
 [3.63412366e-05 5.94775317e-05 1.22815972e-04 1.83380063e-06
  2.29430240e-06 9.30811795e-08 3.00936852e-04 1.28530716e-05
  8.61663593e-07 2.79259613e-06 1.62896325e-07 1.07200134e-07]
 [4.55322553e-05 4.75117227e-05 9.12836545e-05 1.75178683e-06
  9.95621798e-07 9.51036396e-08 2.34532635e-04 1.08156587e-05
  1.59255984e-06 2.33249060e-06 3.99824128e-07 1.76843359e-07]
 [6.38430673e-05 6.47587666e-05 1.04834976e-04 2.68115505e-06
  1.50321278e-06 1.07934099e-07 3.16206465e-04 1.17225405e-05
  9.10941841e-07 1.93535716e-06 2.48868293e-07 6.19631146e-08]
 [1.37729354e-04 5.62347937e-05 6.91903602e-05 2.55676494e-06
  2.17447154e-06 7.09828031e-08 2.81524802e-04 1.59456915e-05
  1.09084106e-06 3.13995748e-06 5.65430656e-07 5.09292327e-08]
 [9.37594399e-05 3.35918042e-05 1.07380728e-04 4.98741428e-06
  1.52247535e-06 6.02980932e-08 4.96761722e-05 4.07730716e-06
  1.03868954e-06 5.83477492e-06 3.05358504e-07 4.19811283e-07]]
Done!, time = 3.8816311359405518s
