Begin!
Data shape = (250000, 5)
Begin sort function!
In centrality 0
In centrality 1
In centrality 2
In centrality 3
In centrality 4
In centrality 5
In centrality 6
end function sorter
Data shape = (250000, 5)
Begin sort function!
In centrality 0
In centrality 1
In centrality 2
In centrality 3
In centrality 4
In centrality 5
In centrality 6
end function sorter
Data shape = (250000, 5)
Begin sort function!
In centrality 0
In centrality 1
In centrality 2
In centrality 3
In centrality 4
In centrality 5
In centrality 6
end function sorter
Data shape = (250000, 5)
Begin sort function!
In centrality 0
In centrality 1
In centrality 2
In centrality 3
In centrality 4
In centrality 5
In centrality 6
end function sorter
Final results shape = (4, 7, 12)
mean value:
[[ 1.55391509e-02  9.90802529e-03  1.49798811e-02  8.55638393e-05
   1.22754215e-06 -6.87529883e-07  8.08517781e-01  8.99446974e-04
  -3.24661616e-06 -2.22758376e-04  1.92568173e-05 -1.53636343e-05]
 [ 1.76987098e-02  1.06838041e-02  1.63869285e-02  7.50646907e-05
   1.11968339e-06 -1.95997626e-06  8.03609818e-01  9.22553158e-04
  -1.20286874e-06 -2.45150785e-04  2.11148424e-05 -1.76272107e-05]
 [ 1.92649310e-02  1.13859934e-02  1.73505907e-02  6.54481272e-05
   4.33529947e-07 -2.09175292e-06  8.00972068e-01  9.38546582e-04
   3.89323452e-07 -2.50088059e-04  2.23392020e-05 -1.90442777e-05]
 [ 2.06087395e-02  1.22135460e-02  1.82988508e-02  5.10141378e-05
   2.19275152e-06 -2.21047231e-06  7.98779146e-01  9.57936144e-04
   1.41330504e-06 -2.51749869e-04  2.34865693e-05 -1.97136486e-05]
 [ 2.17030355e-02  1.29719360e-02  1.89994024e-02  3.31704281e-05
   8.03183951e-07 -2.41605248e-06  7.97155149e-01  9.77286669e-04
   2.26102344e-06 -2.47674498e-04  2.45570218e-05 -1.99883035e-05]
 [ 2.26966453e-02  1.37424893e-02  1.98233855e-02  2.50690386e-05
  -3.08904170e-07 -2.36919187e-06  7.95993853e-01  9.91924288e-04
   3.22541536e-06 -2.46250046e-04  2.56623932e-05 -2.06800569e-05]
 [ 2.35096869e-02  1.45082980e-02  2.02069731e-02  1.30615234e-05
  -2.08848065e-06 -2.04926397e-06  7.95250548e-01  1.00312339e-03
   3.40430241e-06 -2.40484814e-04  2.64594793e-05 -2.07517918e-05]]
std error:
[[4.91858238e-05 2.56825500e-05 8.32371434e-05 5.77687522e-06
  2.65426061e-06 3.98224807e-07 1.67153706e-04 8.53968416e-06
  7.25464914e-07 3.73807296e-06 4.20604139e-07 6.05880362e-07]
 [1.13995864e-04 6.20156651e-05 2.38066712e-05 5.59475516e-06
  2.12179295e-06 4.70383924e-07 2.58235777e-04 1.09920740e-05
  2.70899533e-07 7.52267608e-06 3.96320619e-07 6.52262186e-07]
 [1.27375686e-04 4.18556422e-05 4.43856594e-05 2.23951864e-06
  1.51054063e-06 1.84710075e-07 2.08510891e-04 5.85541641e-06
  3.75043678e-07 3.22540228e-06 9.13057650e-08 2.26186937e-07]
 [7.25291339e-05 5.94795676e-05 1.71737455e-04 2.89603135e-06
  1.38232041e-06 8.61599718e-08 2.29012594e-04 9.04985589e-06
  1.40715462e-07 3.13481569e-06 2.04363840e-07 3.35355020e-07]
 [5.19546193e-05 2.88496360e-05 1.68590611e-04 2.28012049e-06
  1.85093225e-06 3.46017908e-07 1.75467868e-04 6.83179254e-06
  3.45329045e-07 2.34378805e-06 3.83463934e-07 2.13832090e-07]
 [1.01452107e-04 1.18372571e-04 6.09844129e-05 3.42272525e-06
  2.81356876e-06 7.67633693e-08 1.78832288e-04 7.24602320e-06
  4.63669388e-07 9.53929531e-07 1.98614891e-07 2.19661041e-07]
 [1.39807237e-04 3.43179301e-05 4.69838037e-05 6.03040686e-06
  8.68517525e-07 2.57110317e-07 1.93968425e-04 2.24852265e-06
  3.30367671e-07 4.69903391e-06 3.88471035e-07 5.10524139e-07]]
Done!, time = 3.9591948986053467s
