Begin!
Data shape = (250000, 5)
Begin sort function!
In centrality 0
In centrality 1
In centrality 2
In centrality 3
In centrality 4
In centrality 5
In centrality 6
end function sorter
Data shape = (250000, 5)
Begin sort function!
In centrality 0
In centrality 1
In centrality 2
In centrality 3
In centrality 4
In centrality 5
In centrality 6
end function sorter
Data shape = (250000, 5)
Begin sort function!
In centrality 0
In centrality 1
In centrality 2
In centrality 3
In centrality 4
In centrality 5
In centrality 6
end function sorter
Data shape = (250000, 5)
Begin sort function!
In centrality 0
In centrality 1
In centrality 2
In centrality 3
In centrality 4
In centrality 5
In centrality 6
end function sorter
Final results shape = (4, 7, 12)
mean value:
[[ 1.90052953e-02  1.03027922e-02  1.47491274e-02  3.82367240e-05
  -1.95658816e-06 -3.21056683e-06  8.57768371e-01  6.29942487e-03
   2.84456087e-04 -2.09098051e-04  1.19587616e-04 -1.54242856e-05]
 [ 2.10293358e-02  1.11626090e-02  1.58864676e-02  1.10477320e-05
   3.31994921e-07 -2.91717037e-06  8.36862128e-01  5.91517166e-03
   2.47234957e-04 -2.18604224e-04  1.22819919e-04 -1.62537842e-05]
 [ 2.24098125e-02  1.17053497e-02  1.67966878e-02  1.04974407e-06
   8.99424700e-07 -2.89500275e-06  8.25570022e-01  5.95425400e-03
   2.55906459e-04 -2.41830391e-04  1.33118602e-04 -1.90501578e-05]
 [ 2.33852387e-02  1.23519645e-02  1.76580837e-02 -1.93041905e-05
   1.31101175e-06 -2.46837634e-06  8.16946955e-01  6.05239720e-03
   2.65603536e-04 -2.45904510e-04  1.40534895e-04 -1.96429684e-05]
 [ 2.40644854e-02  1.30464857e-02  1.81915439e-02 -2.60957191e-05
  -1.48020052e-06 -1.98550429e-06  8.11541395e-01  6.17196426e-03
   2.86410323e-04 -2.38710967e-04  1.46260426e-04 -1.90841550e-05]
 [ 2.48426918e-02  1.35025382e-02  1.89526521e-02 -3.80069483e-05
  -1.30667092e-06 -1.79251201e-06  8.07043830e-01  6.30023944e-03
   2.80106388e-04 -2.54420332e-04  1.53527274e-04 -2.05416409e-05]
 [ 2.56117804e-02  1.40560547e-02  1.93945716e-02 -4.28696335e-05
  -3.25063923e-06 -1.50503093e-06  8.04145204e-01  6.50599932e-03
   3.07814001e-04 -2.60188965e-04  1.62563651e-04 -2.18762775e-05]]
std error:
[[3.67305491e-05 4.70122518e-05 6.42971102e-05 5.17889971e-06
  1.79748427e-06 1.45045574e-07 7.85472607e-04 1.08331191e-04
  6.38854952e-06 1.31086620e-05 3.96058105e-06 1.41632767e-06]
 [1.49924713e-04 1.00298050e-04 5.20561350e-05 4.68637617e-06
  8.13350678e-07 1.83465032e-07 2.91932347e-04 5.99141231e-05
  2.17050470e-05 8.06388249e-06 5.56349334e-07 4.96286311e-07]
 [6.07031402e-05 1.06042127e-04 8.05034041e-05 4.46345413e-06
  1.99892372e-06 8.80021841e-08 3.60138139e-04 5.24165124e-05
  9.11824123e-06 6.33138938e-06 1.27604155e-06 5.15196581e-07]
 [1.42466159e-04 1.13296382e-05 1.18159445e-04 7.49380615e-06
  1.99418713e-06 3.13533508e-07 1.64937283e-04 2.97975839e-05
  5.42358396e-06 6.98098476e-06 2.60733761e-06 1.38696563e-06]
 [8.41417763e-05 5.02272152e-05 5.63748680e-05 3.00071547e-06
  9.55091892e-07 1.34411404e-07 5.25827741e-04 8.33786883e-05
  1.13340891e-05 1.47917611e-05 1.23927678e-06 1.72247300e-06]
 [1.42282900e-04 9.12371512e-05 7.28555278e-05 5.94252262e-06
  2.19709100e-06 1.42108942e-07 2.59996547e-04 5.32383125e-05
  8.45142292e-06 6.54164669e-06 8.12653793e-07 4.66805792e-07]
 [9.51388711e-05 8.66398226e-05 9.32171998e-05 8.63964688e-06
  1.94331324e-06 3.85539464e-07 3.54885919e-04 2.82346647e-05
  3.75788008e-06 1.33854323e-05 1.52503339e-06 1.62311916e-06]]
Done!, time = 3.9913527965545654s
