Begin!
Data shape = (250000, 5)
Begin sort function!
In centrality 0
In centrality 1
In centrality 2
In centrality 3
In centrality 4
In centrality 5
In centrality 6
end function sorter
Data shape = (250000, 5)
Begin sort function!
In centrality 0
In centrality 1
In centrality 2
In centrality 3
In centrality 4
In centrality 5
In centrality 6
end function sorter
Data shape = (250000, 5)
Begin sort function!
In centrality 0
In centrality 1
In centrality 2
In centrality 3
In centrality 4
In centrality 5
In centrality 6
end function sorter
Data shape = (250000, 5)
Begin sort function!
In centrality 0
In centrality 1
In centrality 2
In centrality 3
In centrality 4
In centrality 5
In centrality 6
end function sorter
Final results shape = (4, 7, 12)
mean value:
[[ 1.70333657e-02  1.09079098e-02  1.55320079e-02  4.28674044e-05
  -1.92391020e-06 -1.71400440e-06  8.18974964e-01  1.10486329e-03
  -2.12410678e-06 -2.26014948e-04  2.29909581e-05 -1.48606658e-05]
 [ 1.85971802e-02  1.14372234e-02  1.62999235e-02  2.98145535e-05
  -8.09600484e-07 -2.02016392e-06  8.13093353e-01  1.11070097e-03
  -3.29992278e-07 -2.25983916e-04  2.36213079e-05 -1.51824620e-05]
 [ 1.97052337e-02  1.18243847e-02  1.69782563e-02  1.33714010e-05
  -1.17284119e-06 -1.61548477e-06  8.09354975e-01  1.13244759e-03
   1.27907377e-06 -2.27365584e-04  2.51346168e-05 -1.59826189e-05]
 [ 2.04395089e-02  1.23044485e-02  1.76885668e-02  2.63274627e-06
  -1.74100755e-06 -1.46476281e-06  8.06325264e-01  1.14272701e-03
   2.78859434e-06 -2.16098478e-04  2.54206670e-05 -1.54490112e-05]
 [ 2.11600852e-02  1.28171291e-02  1.83005232e-02 -5.55260267e-06
  -2.88281976e-06 -1.21800316e-06  8.04334430e-01  1.16320272e-03
   3.58070927e-06 -2.14425011e-04  2.63687891e-05 -1.56892405e-05]
 [ 2.17397392e-02  1.32878694e-02  1.88118879e-02 -1.42818257e-05
  -2.82955022e-06 -7.49073074e-07  8.02626100e-01  1.16494498e-03
   4.11867626e-06 -2.06282991e-04  2.65867034e-05 -1.54387524e-05]
 [ 2.22247732e-02  1.36298574e-02  1.94279298e-02 -1.74298089e-05
  -3.27664986e-06 -8.64886531e-07  8.01332788e-01  1.17851463e-03
   4.88054789e-06 -1.96996349e-04  2.72275685e-05 -1.50541046e-05]]
std error:
[[1.57290244e-04 7.29862459e-05 1.74755299e-04 5.47311728e-06
  1.08097333e-06 1.70700136e-07 3.41939984e-04 9.17946074e-06
  3.81992626e-07 3.56372897e-06 4.31706175e-07 2.76124867e-07]
 [1.18126117e-04 8.03795061e-05 2.06147053e-04 3.06807102e-06
  2.78540184e-06 1.38670030e-07 3.51757689e-04 2.18424251e-05
  1.23304951e-06 8.37641823e-06 4.97523096e-07 6.39929255e-07]
 [9.13654652e-05 5.19337554e-05 5.11257900e-05 4.24268341e-06
  1.64563323e-06 2.22884245e-07 9.69341544e-05 4.07903471e-06
  2.51466565e-07 7.09071393e-06 4.61018513e-07 6.23452826e-07]
 [8.32587059e-05 4.83279228e-05 8.11840160e-05 8.13090647e-06
  3.33610784e-06 2.00808025e-07 2.56430638e-04 8.26398807e-06
  5.48776777e-07 4.33085870e-06 3.18516123e-07 3.72100374e-07]
 [9.41880100e-05 5.69184332e-05 9.50268349e-05 2.30820413e-06
  1.89922111e-06 1.45052018e-07 2.07889793e-04 2.20013883e-06
  4.07146367e-07 3.88541580e-06 3.21999392e-07 5.93567601e-07]
 [8.00322022e-05 1.22528534e-04 6.07285889e-05 4.23929696e-06
  1.33765628e-06 2.74034496e-07 2.01288622e-04 1.30183990e-05
  6.13238689e-07 6.51050314e-06 4.07956833e-07 4.37658956e-07]
 [2.05957965e-04 1.23829345e-04 6.83049531e-05 6.12007786e-06
  2.80282556e-06 2.49338352e-07 1.85619625e-04 4.91220476e-06
  3.22640734e-07 4.26408781e-06 3.36812190e-07 4.07713455e-07]]
Done!, time = 2.9656975269317627s
