Begin!
Data shape = (250000, 5)
Begin sort function!
In centrality 0
In centrality 1
In centrality 2
In centrality 3
In centrality 4
In centrality 5
In centrality 6
end function sorter
Data shape = (250000, 5)
Begin sort function!
In centrality 0
In centrality 1
In centrality 2
In centrality 3
In centrality 4
In centrality 5
In centrality 6
end function sorter
Data shape = (250000, 5)
Begin sort function!
In centrality 0
In centrality 1
In centrality 2
In centrality 3
In centrality 4
In centrality 5
In centrality 6
end function sorter
Data shape = (250000, 5)
Begin sort function!
In centrality 0
In centrality 1
In centrality 2
In centrality 3
In centrality 4
In centrality 5
In centrality 6
end function sorter
Final results shape = (4, 7, 12)
mean value:
[[ 1.46891698e-02  9.75649934e-03  1.53477348e-02  3.11304132e-05
   6.86721224e-07 -9.09979319e-07  9.00960458e-01  7.79134827e-03
   3.96549450e-04 -1.22528563e-04  1.13066440e-04 -7.54407426e-06]
 [ 1.60224949e-02  1.06266497e-02  1.65679863e-02  2.35244002e-05
   3.59523325e-07 -8.56639588e-07  8.80686143e-01  7.43306488e-03
   3.97561592e-04 -1.15036872e-04  1.18446722e-04 -7.47612360e-06]
 [ 1.70724439e-02  1.13861447e-02  1.74170561e-02  2.15934435e-05
   1.21663027e-06 -9.88101836e-07  8.69318548e-01  7.40842268e-03
   3.83264750e-04 -1.29705932e-04  1.23205772e-04 -8.72158793e-06]
 [ 1.81174875e-02  1.22617011e-02  1.82211519e-02  1.35995290e-05
   5.17600999e-08 -1.18408453e-06  8.61065264e-01  7.53272954e-03
   3.97305770e-04 -1.33441386e-04  1.34148004e-04 -8.89390203e-06]
 [ 1.88552398e-02  1.29979763e-02  1.87351736e-02  1.12012746e-05
   1.79655952e-06 -1.14759121e-06  8.57760722e-01  7.72135006e-03
   4.06637660e-04 -1.39451196e-04  1.44433501e-04 -1.00102230e-05]
 [ 1.96582464e-02  1.36185615e-02  1.93167561e-02  5.88796912e-06
  -6.29002116e-08 -9.91374776e-07  8.55821827e-01  8.03006613e-03
   4.29408973e-04 -1.44997239e-04  1.54678579e-04 -1.02390594e-05]
 [ 2.03589673e-02  1.42718053e-02  1.97916476e-02  6.63150877e-06
  -3.69806927e-07 -1.07305455e-06  8.54853318e-01  8.22344173e-03
   4.16813678e-04 -1.43313624e-04  1.67404531e-04 -1.10341187e-05]]
std error:
[[6.09700404e-05 3.49274072e-05 9.59583506e-05 2.79878786e-06
  2.04983083e-06 1.19413843e-07 8.25487694e-04 9.63401040e-05
  3.62586744e-05 1.60536086e-05 2.30448660e-06 1.26715351e-06]
 [8.09394200e-05 1.10550479e-04 1.38285209e-04 5.16348980e-06
  1.08554569e-06 2.98139297e-07 1.06613845e-03 1.23065367e-04
  1.61368865e-05 1.01147988e-05 3.40621120e-06 1.08376962e-06]
 [1.07158124e-04 4.71330474e-05 1.07579508e-04 1.97927178e-06
  8.24615759e-07 1.76308583e-07 5.78694123e-04 8.34711758e-05
  4.65833105e-06 1.08360686e-05 7.27129995e-07 4.89059440e-07]
 [2.92894353e-05 7.65865778e-05 7.68620361e-05 2.76081086e-06
  2.20784052e-06 2.14118828e-07 3.03471885e-04 6.43459131e-05
  1.48178612e-05 7.18726158e-06 5.72418235e-07 6.43443399e-07]
 [6.63761687e-05 3.62123302e-05 1.10537053e-04 1.89231921e-06
  1.92395487e-06 1.22243932e-07 4.37240453e-04 6.22189562e-05
  1.46921971e-05 5.72848084e-06 1.95381845e-06 2.23051741e-07]
 [8.20455599e-05 9.18292876e-05 1.04649850e-04 2.84268567e-06
  2.24781316e-06 3.27452751e-07 1.29462453e-04 7.68087718e-05
  1.30016630e-05 1.03216369e-05 2.34756227e-06 1.02357290e-06]
 [1.02196876e-04 6.00898354e-05 1.46387509e-04 3.35562263e-06
  1.73118331e-06 2.06655773e-07 5.35414957e-04 6.02122622e-05
  1.59149256e-05 7.75495251e-06 2.04933964e-06 4.97883250e-07]]
Done!, time = 4.862971067428589s
