Begin!
Data shape = (250000, 5)
Begin sort function!
In centrality 0
In centrality 1
In centrality 2
In centrality 3
In centrality 4
In centrality 5
In centrality 6
end function sorter
Data shape = (250000, 5)
Begin sort function!
In centrality 0
In centrality 1
In centrality 2
In centrality 3
In centrality 4
In centrality 5
In centrality 6
end function sorter
Data shape = (250000, 5)
Begin sort function!
In centrality 0
In centrality 1
In centrality 2
In centrality 3
In centrality 4
In centrality 5
In centrality 6
end function sorter
Data shape = (250000, 5)
Begin sort function!
In centrality 0
In centrality 1
In centrality 2
In centrality 3
In centrality 4
In centrality 5
In centrality 6
end function sorter
Final results shape = (4, 7, 12)
mean value:
[[ 1.53706447e-02  1.02960899e-02  1.47104863e-02  1.74353929e-05
  -1.69772204e-06 -9.69508731e-07  8.55241449e-01  6.07635256e-03
   2.60326263e-04 -1.18569497e-04  9.27501104e-05 -7.33315477e-06]
 [ 1.69155405e-02  1.10157486e-02  1.57955554e-02 -1.75150946e-07
   5.03939564e-07 -9.07736509e-07  8.35473827e-01  5.72948585e-03
   2.35249061e-04 -1.16302255e-04  9.55520957e-05 -7.10926639e-06]
 [ 1.76016946e-02  1.16405645e-02  1.65818293e-02 -5.44003364e-06
  -1.06937148e-06 -8.02287468e-07  8.24193422e-01  5.73087796e-03
   2.45427995e-04 -1.27100728e-04  9.96246339e-05 -7.90528684e-06]
 [ 1.85402361e-02  1.22947727e-02  1.72749505e-02 -1.31434183e-05
  -1.17975705e-06 -7.38911365e-07  8.16101691e-01  5.75123761e-03
   2.45963808e-04 -1.19817327e-04  1.04735892e-04 -7.69076477e-06]
 [ 1.91267320e-02  1.28613118e-02  1.81276267e-02 -1.30265752e-05
  -2.70020269e-06 -5.57250377e-07  8.11001147e-01  5.92491866e-03
   2.58583440e-04 -1.29704412e-04  1.11937424e-04 -8.67843607e-06]
 [ 1.99212092e-02  1.33687435e-02  1.85131093e-02 -1.95687965e-05
  -2.57173357e-06 -4.22761766e-07  8.07013974e-01  6.02371502e-03
   2.56403143e-04 -1.30699377e-04  1.17930412e-04 -8.65319379e-06]
 [ 2.04426108e-02  1.38176269e-02  1.89638395e-02 -2.57451819e-05
  -1.45233049e-06 -3.01272986e-07  8.04849417e-01  6.31479045e-03
   2.88099896e-04 -1.30631094e-04  1.28615436e-04 -9.04714930e-06]]
std error:
[[9.60596971e-05 1.11178775e-04 1.85780477e-04 1.99693222e-06
  1.52524579e-06 1.55986812e-07 3.87680160e-04 6.08048205e-05
  1.56768489e-05 1.16798694e-05 1.42392618e-06 7.34133905e-07]
 [1.67280308e-04 4.28417351e-05 8.82843901e-05 6.09370335e-06
  1.66983627e-06 1.49071203e-07 1.10943832e-03 7.74754618e-05
  1.33594420e-05 1.08526503e-05 1.67303630e-06 5.19864661e-07]
 [1.02914121e-04 4.11029632e-05 4.62405629e-05 2.44237436e-06
  1.35871912e-06 1.38552146e-07 2.20020926e-04 2.51690620e-05
  4.88120270e-06 9.23863359e-06 8.89974045e-07 6.05023254e-07]
 [6.40820390e-05 2.92446508e-05 1.01934359e-04 4.37299823e-06
  8.62117481e-07 1.66580069e-07 5.95553292e-04 3.66885116e-05
  9.90748820e-06 5.66278979e-06 1.28578812e-06 6.56269442e-07]
 [8.67425066e-05 7.16960594e-05 6.51780172e-05 3.34527606e-06
  1.29948585e-06 1.35390724e-07 2.00502402e-04 6.96927338e-05
  1.09250363e-05 4.59455058e-06 1.32597038e-06 8.20147337e-07]
 [1.36034412e-04 7.73707795e-05 1.67329994e-04 4.38390333e-06
  1.50039463e-06 1.77240118e-07 3.25777992e-04 6.02461554e-05
  3.97225523e-06 7.53165643e-06 2.62717551e-06 5.46382748e-07]
 [7.49152866e-05 1.32933799e-04 6.09810322e-05 2.33710182e-06
  1.49595654e-06 1.76416603e-07 5.67429888e-04 5.75969723e-05
  1.45894651e-05 7.02162204e-06 1.54618036e-06 3.84677371e-07]]
Done!, time = 4.751680850982666s
