Begin!
Data shape = (250000, 5)
Begin sort function!
In centrality 0
In centrality 1
In centrality 2
In centrality 3
In centrality 4
In centrality 5
In centrality 6
end function sorter
Data shape = (250000, 5)
Begin sort function!
In centrality 0
In centrality 1
In centrality 2
In centrality 3
In centrality 4
In centrality 5
In centrality 6
end function sorter
Data shape = (250000, 5)
Begin sort function!
In centrality 0
In centrality 1
In centrality 2
In centrality 3
In centrality 4
In centrality 5
In centrality 6
end function sorter
Data shape = (250000, 5)
Begin sort function!
In centrality 0
In centrality 1
In centrality 2
In centrality 3
In centrality 4
In centrality 5
In centrality 6
end function sorter
Final results shape = (4, 7, 12)
mean value:
[[ 1.68086126e-02  1.06391769e-02  1.52480186e-02  3.50517650e-05
  -2.67469328e-06 -1.53091785e-06  8.64834196e-01  1.04703396e-03
  -2.89251535e-06 -2.30670065e-04  2.18555840e-05 -1.46153547e-05]
 [ 1.84428525e-02  1.12346975e-02  1.61100976e-02  2.27813878e-05
  -3.38509012e-06 -1.86703406e-06  8.60348395e-01  1.06318516e-03
  -3.05972447e-07 -2.30648841e-04  2.29798847e-05 -1.54480812e-05]
 [ 1.92441044e-02  1.16474922e-02  1.66498484e-02  8.58753927e-06
  -1.05399717e-06 -1.47904209e-06  8.57510671e-01  1.06821133e-03
   9.17304490e-07 -2.27273922e-04  2.33704195e-05 -1.55105913e-05]
 [ 1.99296359e-02  1.21117921e-02  1.73316175e-02 -3.42639501e-06
  -6.33100559e-07 -1.16205011e-06  8.55282337e-01  1.08723307e-03
   1.82658466e-06 -2.18046421e-04  2.40438109e-05 -1.51946140e-05]
 [ 2.05073547e-02  1.25820533e-02  1.79547026e-02 -9.86857002e-06
  -2.50605290e-06 -9.05231065e-07  8.53472176e-01  1.09997683e-03
   3.33471492e-06 -2.10514512e-04  2.44540890e-05 -1.50126692e-05]
 [ 2.10649746e-02  1.31065609e-02  1.86141281e-02 -1.42324440e-05
  -3.97565969e-06 -7.36258388e-07  8.52279895e-01  1.11403693e-03
   3.57872593e-06 -2.06535990e-04  2.50419253e-05 -1.50825271e-05]
 [ 2.17224208e-02  1.36006164e-02  1.92162089e-02 -2.04902902e-05
  -4.17981434e-06 -6.84018693e-07  8.51217497e-01  1.12412553e-03
   3.58341776e-06 -2.00722268e-04  2.58235680e-05 -1.50635610e-05]]
std error:
[[1.53494809e-04 8.97264045e-05 1.19235603e-04 4.08487979e-06
  1.08853458e-06 3.04704753e-07 1.53283063e-04 1.07068089e-05
  5.77330786e-07 5.62875061e-06 1.94804467e-07 3.00317163e-07]
 [1.41673666e-04 6.81131302e-05 7.13047118e-05 4.00905114e-06
  3.04336354e-06 1.23855336e-07 1.73911712e-04 1.65417479e-05
  5.18401256e-07 3.58559884e-06 2.72989424e-07 3.85325836e-07]
 [1.50763456e-04 5.02892276e-05 6.45885333e-05 5.25595834e-06
  1.82783775e-06 2.52002636e-07 2.04979787e-04 5.47845033e-06
  3.27164173e-07 6.41736894e-06 3.15738126e-07 5.82287197e-07]
 [8.43957952e-05 5.83640020e-05 9.29047163e-05 2.37055380e-06
  1.43750640e-06 1.14698029e-07 1.52887519e-04 6.10603319e-06
  2.59746820e-07 6.82948862e-07 2.44478998e-07 1.85569304e-07]
 [1.72843508e-04 5.72608366e-05 1.05031591e-04 2.45878734e-06
  1.31881398e-06 1.66175289e-07 1.94830083e-04 7.73613294e-06
  3.76695305e-07 4.85779187e-06 3.73728441e-07 5.32417388e-07]
 [8.62676810e-05 4.63290260e-05 9.67390259e-05 5.69572008e-06
  1.74990931e-06 3.24388454e-07 1.49747079e-04 5.23616022e-06
  6.47117723e-07 3.40506255e-06 2.14282606e-07 4.14236209e-07]
 [3.29474424e-05 3.88444097e-05 5.53795198e-05 2.24383625e-06
  1.02225737e-06 2.48604719e-07 1.64114330e-04 5.41142272e-06
  4.98221106e-07 5.40736627e-06 2.89427632e-07 3.60678268e-07]]
Done!, time = 4.412161827087402s
