Begin!
Data shape = (250000, 5)
Begin sort function!
In centrality 0
In centrality 1
In centrality 2
In centrality 3
In centrality 4
In centrality 5
In centrality 6
end function sorter
Data shape = (250000, 5)
Begin sort function!
In centrality 0
In centrality 1
In centrality 2
In centrality 3
In centrality 4
In centrality 5
In centrality 6
end function sorter
Data shape = (250000, 5)
Begin sort function!
In centrality 0
In centrality 1
In centrality 2
In centrality 3
In centrality 4
In centrality 5
In centrality 6
end function sorter
Data shape = (250000, 5)
Begin sort function!
In centrality 0
In centrality 1
In centrality 2
In centrality 3
In centrality 4
In centrality 5
In centrality 6
end function sorter
Final results shape = (4, 7, 12)
mean value:
[[ 1.66323181e-02  1.07094195e-02  1.58732069e-02  3.82322037e-05
  -1.90312467e-06 -1.11003492e-06  8.49694613e-01  5.47501682e-03
   1.77768007e-04 -1.66683803e-04  9.13001585e-05 -1.14104440e-05]
 [ 1.79757198e-02  1.13881956e-02  1.69041446e-02  2.75665968e-05
  -2.64606364e-06 -1.22750990e-06  8.31004827e-01  5.22267478e-03
   1.83894674e-04 -1.74103487e-04  9.25704852e-05 -1.23526454e-05]
 [ 1.89310391e-02  1.19063803e-02  1.75793894e-02  2.48492066e-05
  -1.01996235e-06 -1.47152809e-06  8.21000472e-01  5.21122192e-03
   1.80488135e-04 -1.77752438e-04  9.86987315e-05 -1.30811631e-05]
 [ 1.98275012e-02  1.25347124e-02  1.83942904e-02  1.84074131e-05
  -1.92270926e-06 -1.17759180e-06  8.12741457e-01  5.27638551e-03
   1.84285278e-04 -1.89178490e-04  1.04624606e-04 -1.43040174e-05]
 [ 2.07250349e-02  1.31268822e-02  1.89344574e-02  1.38523467e-05
  -3.77502185e-06 -1.50804702e-06  8.07089906e-01  5.35401698e-03
   1.92479368e-04 -2.03341169e-04  1.10862614e-04 -1.59972983e-05]
 [ 2.12265409e-02  1.35512135e-02  1.94648030e-02  3.46800432e-06
  -2.43507931e-06 -1.16760386e-06  8.03474287e-01  5.44120631e-03
   1.94267804e-04 -1.95977126e-04  1.14821548e-04 -1.48012379e-05]
 [ 2.17864382e-02  1.40630730e-02  2.00493047e-02  3.40989255e-06
  -3.99470354e-06 -1.07211700e-06  8.00885166e-01  5.61412803e-03
   2.05963811e-04 -2.06854303e-04  1.21587415e-04 -1.65342050e-05]]
std error:
[[1.86395214e-04 6.00745737e-05 1.22629099e-04 3.99930121e-06
  2.42891696e-06 2.91132477e-07 3.88010437e-04 1.10957871e-04
  1.18346230e-05 8.88168157e-06 3.23259486e-06 6.17672494e-07]
 [1.15806575e-04 1.51225259e-04 1.38077288e-04 2.70860602e-06
  1.68009113e-06 1.07453347e-07 3.06120938e-04 2.90400377e-05
  1.14987763e-05 4.65277607e-06 9.57605549e-07 4.77622872e-07]
 [6.73420577e-05 6.18312280e-05 6.62387876e-05 5.01350195e-06
  1.91790773e-06 1.62998570e-07 3.59501276e-04 1.85745566e-05
  6.61875416e-06 1.02706468e-05 4.80567286e-07 9.01132406e-07]
 [1.31752753e-04 6.12086514e-05 1.51752245e-04 5.51853200e-06
  2.92701173e-06 2.46391333e-07 9.50722983e-05 4.37134161e-05
  8.26676404e-06 6.13305200e-06 1.28156224e-06 5.09368739e-07]
 [1.50242653e-04 8.49833767e-05 6.03843880e-05 3.53931995e-06
  1.12154434e-06 2.01048186e-07 2.80984291e-04 1.54283834e-05
  3.66298879e-06 1.04133717e-05 1.10287800e-06 1.20585321e-06]
 [7.62529078e-05 4.41874894e-05 1.59544162e-04 7.45646496e-06
  1.55452641e-06 3.73300682e-07 5.05222012e-04 3.87798651e-05
  5.88648776e-06 9.98130545e-06 7.27125521e-07 9.51185427e-07]
 [1.49916106e-04 7.80269236e-05 6.09272867e-05 6.85732998e-06
  2.82591503e-06 3.14140455e-07 2.51118724e-04 3.59363448e-05
  1.07199087e-05 5.92583167e-06 1.43178596e-06 3.64390739e-07]]
Done!, time = 3.870374917984009s
