Begin!
Data shape = (250000, 5)
Begin sort function!
In centrality 0
In centrality 1
In centrality 2
In centrality 3
In centrality 4
In centrality 5
In centrality 6
end function sorter
Data shape = (250000, 5)
Begin sort function!
In centrality 0
In centrality 1
In centrality 2
In centrality 3
In centrality 4
In centrality 5
In centrality 6
end function sorter
Data shape = (250000, 5)
Begin sort function!
In centrality 0
In centrality 1
In centrality 2
In centrality 3
In centrality 4
In centrality 5
In centrality 6
end function sorter
Data shape = (250000, 5)
Begin sort function!
In centrality 0
In centrality 1
In centrality 2
In centrality 3
In centrality 4
In centrality 5
In centrality 6
end function sorter
Final results shape = (4, 7, 12)
mean value:
[[ 1.65612853e-02  1.01240134e-02  1.44255051e-02  1.29689253e-04
   9.98938488e-08 -3.69411034e-07  8.15103881e-01  1.03437474e-03
  -3.93461813e-06 -2.80899521e-04  2.51763513e-05 -2.21241369e-05]
 [ 1.91204604e-02  1.08082953e-02  1.54548898e-02  1.14875266e-04
   9.71443022e-07 -2.24754784e-06  8.09260295e-01  1.05232094e-03
  -1.15307969e-06 -3.06192741e-04  2.70725323e-05 -2.50146770e-05]
 [ 2.07297584e-02  1.14334084e-02  1.64829813e-02  9.41477618e-05
  -1.00853172e-06 -2.81961629e-06  8.05833579e-01  1.06089106e-03
   5.30641437e-07 -3.09306268e-04  2.81538029e-05 -2.59152938e-05]
 [ 2.22178913e-02  1.20767234e-02  1.74556443e-02  7.99790736e-05
  -5.54319302e-07 -2.91419187e-06  8.03117702e-01  1.07463503e-03
   2.48612338e-06 -3.14573464e-04  2.91114949e-05 -2.73652906e-05]
 [ 2.35432435e-02  1.27220057e-02  1.81396642e-02  6.56121136e-05
  -1.78471397e-06 -3.29842454e-06  8.01262383e-01  1.10036879e-03
   3.05671683e-06 -3.21690079e-04  3.11486852e-05 -2.89521611e-05]
 [ 2.44003510e-02  1.33113361e-02  1.88241796e-02  5.00926332e-05
  -1.83617815e-06 -3.12839396e-06  7.99734777e-01  1.11153400e-03
   4.27088011e-06 -3.12120905e-04  3.17017218e-05 -2.89137877e-05]
 [ 2.53527074e-02  1.39907610e-02  1.96486157e-02  3.46537598e-05
  -4.87688547e-06 -2.60654982e-06  7.98298524e-01  1.12505108e-03
   5.32438733e-06 -3.10475062e-04  3.23657246e-05 -2.92870853e-05]]
std error:
[[1.40280862e-04 4.93008931e-05 9.42722898e-05 1.18783013e-05
  2.16502609e-06 9.41992406e-07 1.71857269e-04 1.10782900e-05
  5.96014621e-07 5.57023586e-06 5.53202592e-07 1.19911383e-06]
 [1.60512198e-04 4.43908311e-05 8.76805155e-05 4.56842675e-06
  1.28667069e-06 3.96289104e-07 7.98794326e-05 6.21794980e-06
  9.05241525e-07 3.88455789e-06 4.53182675e-07 6.78187114e-07]
 [1.15594085e-04 3.07897426e-05 7.71876484e-05 1.22722283e-05
  1.62658947e-06 5.51067010e-07 3.38046521e-05 2.87701502e-06
  5.24336243e-07 4.26077129e-06 1.68162209e-07 7.00859447e-07]
 [1.25747944e-04 6.16022319e-05 5.28954725e-05 5.43822072e-06
  1.73441438e-06 2.58104001e-07 1.99964995e-04 6.89545677e-06
  3.31581679e-07 5.92336564e-06 3.28367284e-07 7.07795271e-07]
 [1.36740755e-04 9.93759516e-05 1.24980854e-04 8.34605674e-06
  8.62727605e-07 7.65129450e-07 1.91685480e-04 6.15130199e-06
  2.40359094e-07 7.27985986e-06 5.17060014e-07 1.06981371e-06]
 [5.20728249e-05 5.91169015e-05 1.16390358e-04 2.29148429e-06
  2.49177401e-06 3.90391890e-07 1.87802054e-04 8.52454988e-06
  1.72729628e-07 2.47442877e-06 2.84112221e-07 1.57397204e-07]
 [1.25010914e-04 5.98685860e-05 9.10372157e-05 6.77532400e-06
  3.19910482e-06 5.20635942e-07 3.34323383e-04 1.02120977e-05
  1.64140644e-07 7.92831369e-06 4.88059405e-07 1.01159141e-06]]
Done!, time = 4.590368986129761s
