Begin!
Data shape = (250000, 5)
Begin sort function!
In centrality 0
In centrality 1
In centrality 2
In centrality 3
In centrality 4
In centrality 5
In centrality 6
end function sorter
Data shape = (250000, 5)
Begin sort function!
In centrality 0
In centrality 1
In centrality 2
In centrality 3
In centrality 4
In centrality 5
In centrality 6
end function sorter
Data shape = (250000, 5)
Begin sort function!
In centrality 0
In centrality 1
In centrality 2
In centrality 3
In centrality 4
In centrality 5
In centrality 6
end function sorter
Data shape = (250000, 5)
Begin sort function!
In centrality 0
In centrality 1
In centrality 2
In centrality 3
In centrality 4
In centrality 5
In centrality 6
end function sorter
Final results shape = (4, 7, 12)
mean value:
[[ 1.62959083e-02  1.05176768e-02  1.54928919e-02  2.70367250e-05
  -1.09985584e-06 -1.09317934e-06  8.99335241e-01  6.75618796e-03
   2.83051841e-04 -1.77638080e-04  1.08640493e-04 -1.13053606e-05]
 [ 1.77086438e-02  1.11794021e-02  1.64809629e-02  2.11805530e-05
  -7.38516754e-07 -1.27362557e-06  8.79380418e-01  6.33470986e-03
   2.34878040e-04 -1.75408823e-04  1.11506738e-04 -1.22341496e-05]
 [ 1.85235316e-02  1.17858629e-02  1.71805783e-02  2.01572754e-05
  -1.37567021e-06 -1.27092247e-06  8.68088527e-01  6.36558051e-03
   2.54492580e-04 -1.92827167e-04  1.16088707e-04 -1.34486004e-05]
 [ 1.94389494e-02  1.24474422e-02  1.80789050e-02  1.23411545e-05
  -1.28124928e-06 -1.18523285e-06  8.60792026e-01  6.42659609e-03
   2.52740704e-04 -2.02530310e-04  1.24987032e-04 -1.49428800e-05]
 [ 2.01575307e-02  1.30016127e-02  1.87045246e-02  7.62466713e-06
  -2.13232429e-06 -1.22375904e-06  8.55102422e-01  6.56238707e-03
   2.54848481e-04 -2.09968240e-04  1.31135027e-04 -1.54733638e-05]
 [ 2.07067567e-02  1.35180612e-02  1.93613012e-02  6.67119444e-06
  -2.89729382e-06 -1.24208332e-06  8.52050256e-01  6.68723068e-03
   2.60728495e-04 -2.19935075e-04  1.36831806e-04 -1.67832618e-05]
 [ 2.13513394e-02  1.40812988e-02  1.98062185e-02 -1.87269887e-06
  -5.58177094e-06 -1.08801353e-06  8.49398545e-01  6.90439863e-03
   2.80733230e-04 -2.20243287e-04  1.46759047e-04 -1.70797517e-05]]
std error:
[[1.57450646e-04 7.36475197e-05 1.40956906e-04 3.69033400e-06
  1.76260314e-06 2.28801048e-07 9.58826865e-04 7.44209335e-05
  9.96030231e-06 5.78875225e-06 2.59976564e-06 6.27180098e-07]
 [9.14101329e-05 9.91357858e-05 1.22898591e-04 3.48611046e-06
  2.80994786e-06 1.28668413e-07 1.75493901e-04 3.43637826e-05
  7.76109283e-06 5.67582704e-06 1.91288415e-06 4.70339781e-07]
 [1.02834583e-05 1.06469058e-04 3.73307380e-05 2.81080432e-06
  1.26104283e-06 1.19623633e-07 4.98551475e-04 3.90159145e-05
  5.13762666e-06 3.95037218e-06 1.09563195e-06 1.54283197e-07]
 [6.43679924e-05 9.30574602e-05 6.57592407e-05 7.24723840e-06
  1.68975649e-06 2.49048740e-07 4.53400218e-04 6.59157875e-05
  8.44651335e-06 1.28226402e-05 2.55091717e-06 1.01581337e-06]
 [7.13886172e-05 7.30050455e-05 1.30097071e-04 6.79393322e-06
  1.09331358e-06 1.27614379e-07 7.72426889e-04 4.34796155e-05
  6.15461129e-06 7.73697094e-06 1.92823354e-06 8.73472666e-07]
 [1.84621098e-04 6.32016400e-05 1.25457532e-04 3.28776744e-06
  6.76859890e-07 3.41099050e-07 5.05663267e-04 7.46687036e-05
  9.46299036e-06 7.96996697e-06 2.41011528e-06 6.14006626e-07]
 [1.26561418e-04 7.19272087e-05 9.52652145e-05 3.56858118e-06
  8.28795048e-07 1.80887832e-07 1.26090900e-04 4.10365562e-05
  7.91131150e-06 3.42785610e-06 1.75259835e-06 1.73692114e-07]]
Done!, time = 4.405783176422119s
