Begin!
Data shape = (250000, 5)
Begin sort function!
In centrality 0
In centrality 1
In centrality 2
In centrality 3
In centrality 4
In centrality 5
In centrality 6
end function sorter
Data shape = (250000, 5)
Begin sort function!
In centrality 0
In centrality 1
In centrality 2
In centrality 3
In centrality 4
In centrality 5
In centrality 6
end function sorter
Data shape = (250000, 5)
Begin sort function!
In centrality 0
In centrality 1
In centrality 2
In centrality 3
In centrality 4
In centrality 5
In centrality 6
end function sorter
Data shape = (250000, 5)
Begin sort function!
In centrality 0
In centrality 1
In centrality 2
In centrality 3
In centrality 4
In centrality 5
In centrality 6
end function sorter
Final results shape = (4, 7, 12)
mean value:
[[ 1.90092547e-02  1.02834730e-02  1.46668438e-02  8.82437260e-05
  -7.20475526e-07 -3.13883856e-06  8.58210204e-01  6.32966891e-03
   2.74536388e-04 -1.95040879e-04  1.18280166e-04 -1.52401827e-05]
 [ 2.12241470e-02  1.11839887e-02  1.59055441e-02  6.84693492e-05
   1.10117744e-06 -3.43836118e-06  8.36222331e-01  5.91289009e-03
   2.53887379e-04 -2.20269886e-04  1.22707963e-04 -1.91219873e-05]
 [ 2.26703138e-02  1.17252364e-02  1.68958182e-02  5.52816384e-05
   1.62087059e-06 -4.14972182e-06  8.25410583e-01  5.94993885e-03
   2.55744354e-04 -2.31327710e-04  1.32484189e-04 -1.98571804e-05]
 [ 2.39829655e-02  1.23754040e-02  1.76344124e-02  4.64665031e-05
  -6.05264467e-07 -3.90999239e-06  8.16555690e-01  6.05190514e-03
   2.76112503e-04 -2.50790114e-04  1.44512729e-04 -2.30165544e-05]
 [ 2.49890693e-02  1.30530794e-02  1.83703047e-02  3.36065906e-05
  -1.89471698e-06 -3.98536338e-06  8.10910483e-01  6.18280841e-03
   2.82837509e-04 -2.78824652e-04  1.51150152e-04 -2.54675401e-05]
 [ 2.58889320e-02  1.34463811e-02  1.89800874e-02  2.24535785e-05
  -1.94560491e-06 -3.80452949e-06  8.07799955e-01  6.39148869e-03
   2.98911817e-04 -2.89152818e-04  1.62348176e-04 -2.71703640e-05]
 [ 2.67259842e-02  1.40762149e-02  1.95488910e-02  1.78541774e-05
  -2.60437407e-06 -4.34944571e-06  8.03879653e-01  6.50979537e-03
   3.08847764e-04 -2.98432334e-04  1.71208249e-04 -2.83963781e-05]]
std error:
[[7.03207686e-05 8.66625763e-05 2.14482703e-04 8.17013631e-06
  9.01503819e-07 8.09321936e-08 5.79910409e-04 3.41613718e-05
  1.27532179e-05 1.88337259e-05 7.46871196e-07 1.61240845e-06]
 [2.26411557e-04 3.19240883e-05 1.40179949e-04 5.89375018e-06
  9.38835531e-07 7.46215156e-07 4.38182987e-04 1.10016241e-04
  2.49258096e-05 1.02985357e-05 2.95890872e-06 1.13854516e-06]
 [1.45878892e-04 4.68108762e-05 8.75815638e-05 3.59760015e-06
  1.67697366e-06 2.24008816e-07 8.89354905e-05 3.08060980e-05
  8.91198093e-06 1.31906575e-05 1.04518523e-06 1.27227648e-06]
 [1.96138907e-04 8.05546455e-05 7.69847723e-05 2.00929297e-06
  1.79073714e-06 3.86595444e-07 4.40754595e-04 4.08210727e-05
  9.39722724e-06 6.97850640e-06 1.56291948e-06 5.58848186e-07]
 [1.40895348e-04 1.04600583e-05 5.18178611e-05 4.33085128e-06
  2.82448035e-06 1.53934454e-07 5.58584605e-04 5.75740192e-05
  8.76395475e-06 8.45420885e-06 6.49423767e-07 5.68397122e-07]
 [7.71263064e-05 7.25660762e-05 1.55303794e-04 7.06571977e-06
  2.38158027e-06 5.46259192e-07 7.18572097e-04 4.14815891e-05
  1.59712703e-05 1.05844445e-05 1.64892108e-06 1.22862054e-06]
 [8.69093024e-05 8.07074580e-05 6.34530080e-05 8.16305752e-06
  2.06306583e-06 2.55231325e-07 4.88312920e-04 1.06175639e-04
  1.54626317e-05 9.64722315e-06 3.29332374e-06 1.41533714e-06]]
Done!, time = 4.148150205612183s
