Begin!
Data shape = (250000, 5)
Begin sort function!
In centrality 0
In centrality 1
In centrality 2
In centrality 3
In centrality 4
In centrality 5
In centrality 6
end function sorter
Data shape = (250000, 5)
Begin sort function!
In centrality 0
In centrality 1
In centrality 2
In centrality 3
In centrality 4
In centrality 5
In centrality 6
end function sorter
Data shape = (250000, 5)
Begin sort function!
In centrality 0
In centrality 1
In centrality 2
In centrality 3
In centrality 4
In centrality 5
In centrality 6
end function sorter
Data shape = (250000, 5)
Begin sort function!
In centrality 0
In centrality 1
In centrality 2
In centrality 3
In centrality 4
In centrality 5
In centrality 6
end function sorter
Final results shape = (4, 7, 12)
mean value:
[[ 1.47211764e-02  1.12463628e-02  1.58657866e-02  5.45514230e-06
  -3.78920619e-06 -5.00145033e-07  8.09070931e-01  4.39033365e-03
   1.39051814e-04 -8.86517303e-05  6.42761877e-05 -4.80337976e-06]
 [ 1.56573054e-02  1.17564251e-02  1.65813041e-02 -1.80680303e-07
  -2.17134763e-06 -5.76137788e-07  7.91462049e-01  4.12791961e-03
   1.21140954e-04 -9.29963563e-05  6.31736591e-05 -5.23140933e-06]
 [ 1.64557300e-02  1.23487526e-02  1.74239984e-02 -2.96089658e-06
   6.24122972e-07 -4.34092458e-07  7.81417095e-01  4.11499073e-03
   1.24629790e-04 -8.78362937e-05  6.69012767e-05 -5.27015087e-06]
 [ 1.69889475e-02  1.27804454e-02  1.80855440e-02 -8.62885544e-06
  -1.73228044e-06 -2.71083076e-07  7.72988562e-01  4.12977761e-03
   1.28638310e-04 -8.98318954e-05  6.85472691e-05 -5.47667566e-06]
 [ 1.76901138e-02  1.31879424e-02  1.84897112e-02 -1.14357470e-05
  -3.79554096e-06 -3.14054388e-07  7.67063774e-01  4.14810119e-03
   1.32680709e-04 -9.36984181e-05  7.25036902e-05 -5.69768609e-06]
 [ 1.81433006e-02  1.35874176e-02  1.90110302e-02 -1.27718899e-05
  -2.55680501e-06 -2.43337526e-07  7.62602991e-01  4.31243257e-03
   1.41093025e-04 -1.00946558e-04  7.66814918e-05 -6.17348669e-06]
 [ 1.85988044e-02  1.39552883e-02  1.95890381e-02 -1.53863727e-05
  -2.93300760e-06 -2.30498240e-07  7.59549480e-01  4.42005120e-03
   1.53891670e-04 -9.04789013e-05  8.07740937e-05 -5.40600425e-06]]
std error:
[[8.47321253e-05 5.76352444e-05 1.51832201e-04 3.33984066e-06
  3.02403089e-06 1.75023215e-07 2.08814884e-04 1.25163796e-05
  2.12819033e-06 6.40753889e-06 5.41145374e-07 4.64811360e-07]
 [1.75967431e-04 8.22822121e-05 4.48655932e-05 3.61206057e-06
  1.02561035e-06 1.18464902e-07 2.93337635e-04 1.89512546e-05
  4.50272072e-06 3.09513845e-06 3.15046209e-07 2.84879024e-07]
 [1.05942931e-04 3.81381109e-05 4.33365605e-05 9.03321071e-07
  2.50206075e-06 6.52724823e-08 1.40381897e-04 3.02098592e-05
  7.67038399e-06 6.05975725e-06 9.10486652e-07 3.27010807e-07]
 [1.01255610e-04 5.17374892e-05 1.15091545e-04 3.07125940e-06
  2.09613399e-06 1.26187031e-07 4.26664367e-04 6.32734507e-05
  7.00533098e-06 7.41429836e-06 9.59563234e-07 4.12722794e-07]
 [9.89759167e-05 9.75252850e-05 5.74654340e-05 2.63063912e-06
  1.66173032e-06 2.10031672e-07 2.74697543e-04 4.12682196e-05
  5.86999622e-06 6.77698695e-06 9.32724661e-07 5.19848905e-07]
 [4.37864935e-05 2.60464808e-05 4.16683324e-05 1.61561792e-06
  1.53665366e-06 1.39390240e-07 3.46674758e-04 3.77396655e-05
  5.09813321e-06 3.30370439e-06 1.81487488e-06 4.53775149e-07]
 [2.78427079e-05 5.38196210e-05 7.82012195e-05 2.60843614e-06
  2.75526303e-06 5.71423461e-08 4.05808323e-04 2.63530465e-05
  2.99420253e-06 2.81142822e-06 1.39206155e-06 2.45565058e-07]]
Done!, time = 2.2427332401275635s
