Begin!
Data shape = (250000, 5)
Begin sort function!
In centrality 0
In centrality 1
In centrality 2
In centrality 3
In centrality 4
In centrality 5
In centrality 6
end function sorter
Data shape = (250000, 5)
Begin sort function!
In centrality 0
In centrality 1
In centrality 2
In centrality 3
In centrality 4
In centrality 5
In centrality 6
end function sorter
Data shape = (250000, 5)
Begin sort function!
In centrality 0
In centrality 1
In centrality 2
In centrality 3
In centrality 4
In centrality 5
In centrality 6
end function sorter
Data shape = (250000, 5)
Begin sort function!
In centrality 0
In centrality 1
In centrality 2
In centrality 3
In centrality 4
In centrality 5
In centrality 6
end function sorter
Final results shape = (4, 7, 12)
mean value:
[[ 1.47277681e-02  1.09215400e-02  1.55401642e-02  3.81224173e-05
  -8.99577044e-07 -2.08571731e-07  8.25576759e-01  2.05725783e-03
   2.15283929e-05 -1.15430954e-04  3.17160894e-05 -7.31086197e-06]
 [ 1.59314306e-02  1.14810207e-02  1.63384269e-02  3.35708536e-05
  -7.74263296e-07 -6.99289478e-07  8.16893768e-01  2.04628467e-03
   2.29223675e-05 -1.22746004e-04  3.34598799e-05 -7.75711458e-06]
 [ 1.65896805e-02  1.18736186e-02  1.69570725e-02  3.27531806e-05
  -1.18572462e-06 -7.97731440e-07  8.11649155e-01  2.04899089e-03
   2.37312445e-05 -1.28079697e-04  3.51001129e-05 -8.57265232e-06]
 [ 1.74235245e-02  1.23939443e-02  1.75536388e-02  2.51666273e-05
  -2.21131011e-06 -7.43119154e-07  8.07565937e-01  2.06842041e-03
   2.53278928e-05 -1.25453014e-04  3.68521987e-05 -8.60293105e-06]
 [ 1.80729531e-02  1.27838029e-02  1.80514851e-02  2.26895956e-05
  -3.87606484e-06 -7.38083090e-07  8.04776960e-01  2.08080447e-03
   2.54538544e-05 -1.32410757e-04  3.82362488e-05 -9.15730756e-06]
 [ 1.86540052e-02  1.32232865e-02  1.85412261e-02  2.00975571e-05
  -4.20856053e-06 -5.60741257e-07  8.02582932e-01  2.11285775e-03
   2.49288225e-05 -1.33108598e-04  4.02533696e-05 -9.61914932e-06]
 [ 1.92216619e-02  1.37156603e-02  1.90589563e-02  1.43907439e-05
  -3.60908926e-06 -8.19084551e-07  8.00609030e-01  2.14590332e-03
   2.78752157e-05 -1.34707636e-04  4.21497123e-05 -9.87729758e-06]]
std error:
[[1.17626910e-04 4.02179150e-05 2.03344514e-04 3.17475951e-06
  2.22400354e-06 2.91015886e-07 3.90636209e-04 2.70761575e-05
  2.86037087e-06 5.23837203e-06 5.63600044e-07 5.06199354e-07]
 [8.57244183e-05 9.77265367e-05 5.50991504e-05 6.65803616e-06
  1.66219622e-06 2.72867118e-07 5.51820237e-04 1.61188748e-05
  1.03537936e-06 8.54745903e-06 6.28222877e-07 6.35963208e-07]
 [5.96519591e-05 3.79532296e-05 5.47193802e-05 1.89481950e-06
  6.92980742e-07 6.79001953e-08 1.32658870e-04 1.65803176e-05
  1.21913921e-06 2.27967275e-06 5.28051542e-07 9.14802666e-08]
 [7.26141350e-05 6.68600789e-05 7.88961246e-05 3.27036351e-06
  8.26937819e-07 1.73529885e-07 2.16861392e-04 2.66219279e-05
  1.91118733e-06 5.26195067e-06 2.38028053e-07 4.60163938e-07]
 [3.29115774e-05 3.68354933e-05 5.32661475e-05 4.12634911e-06
  1.14797306e-06 1.29433584e-07 2.77848944e-04 1.30437995e-05
  1.49099371e-06 2.65503943e-06 5.18948032e-07 2.37352456e-07]
 [7.57108962e-05 6.26522065e-05 7.71837966e-05 6.53795221e-06
  2.19860850e-06 2.58725116e-07 1.54204698e-04 1.98339252e-05
  1.07567288e-06 6.84521991e-06 3.60872728e-07 4.05398434e-07]
 [7.95749417e-05 5.91730782e-05 1.08053871e-04 3.69540119e-06
  9.55045057e-07 3.30536999e-07 1.22516175e-04 2.19848423e-05
  7.69889546e-07 6.36609254e-06 9.05979485e-07 4.67033414e-07]]
Done!, time = 3.88204026222229s
