Begin!
Data shape = (250000, 5)
Begin sort function!
In centrality 0
In centrality 1
In centrality 2
In centrality 3
In centrality 4
In centrality 5
In centrality 6
end function sorter
Data shape = (250000, 5)
Begin sort function!
In centrality 0
In centrality 1
In centrality 2
In centrality 3
In centrality 4
In centrality 5
In centrality 6
end function sorter
Data shape = (250000, 5)
Begin sort function!
In centrality 0
In centrality 1
In centrality 2
In centrality 3
In centrality 4
In centrality 5
In centrality 6
end function sorter
Data shape = (250000, 5)
Begin sort function!
In centrality 0
In centrality 1
In centrality 2
In centrality 3
In centrality 4
In centrality 5
In centrality 6
end function sorter
Final results shape = (4, 7, 12)
mean value:
[[ 1.94832209e-02  9.68522395e-03  1.38908078e-02  7.77955873e-05
  -1.52042394e-06 -2.83801825e-06  9.72251292e-01  1.02921125e-02
   6.15493470e-04 -2.86276775e-04  1.99516230e-04 -2.33606926e-05]
 [ 2.17205504e-02  1.05528069e-02  1.50548396e-02  6.10311671e-05
   4.75532178e-07 -3.95484544e-06  9.49081350e-01  9.83225125e-03
   5.87987867e-04 -3.11395317e-04  2.10795037e-04 -2.68327312e-05]
 [ 2.28358032e-02  1.11540793e-02  1.59573298e-02  4.50171117e-05
   4.49333839e-07 -3.95885021e-06  9.35580384e-01  9.72855132e-03
   6.03745708e-04 -3.38347816e-04  2.17557043e-04 -2.90266436e-05]
 [ 2.39695728e-02  1.19651937e-02  1.69659754e-02  3.35136969e-05
   6.06115432e-07 -3.58380059e-06  9.26415080e-01  9.90953542e-03
   6.05071310e-04 -3.52812918e-04  2.33844934e-04 -3.17702586e-05]
 [ 2.48655044e-02  1.26784754e-02  1.76972622e-02  2.23117596e-05
   1.31147306e-07 -3.62735359e-06  9.22268554e-01  1.01903250e-02
   6.29060104e-04 -3.46200120e-04  2.50018446e-04 -3.10135100e-05]
 [ 2.57249156e-02  1.33600701e-02  1.83217515e-02  1.41812088e-05
  -1.66686424e-06 -3.56824734e-06  9.20202282e-01  1.04902498e-02
   6.47252214e-04 -3.77651402e-04  2.62935347e-04 -3.50806209e-05]
 [ 2.64951664e-02  1.40278734e-02  1.88943720e-02  2.04130187e-05
   8.62930847e-08 -4.03760443e-06  9.20167712e-01  1.08569259e-02
   6.60116560e-04 -3.97670213e-04  2.84140023e-04 -3.80826709e-05]]
std error:
[[2.77005018e-04 6.83895342e-05 9.59473270e-05 7.05210240e-06
  6.13414972e-07 4.02215839e-07 3.34001825e-04 2.22287807e-06
  1.23953136e-05 6.97185163e-06 4.64092489e-06 2.56256041e-07]
 [1.56875520e-04 2.95093674e-05 7.61086114e-05 4.54491233e-06
  2.28115507e-06 3.02755615e-07 2.99630985e-04 4.53413936e-05
  1.87101041e-05 2.66022703e-05 4.55049381e-06 2.07098841e-06]
 [1.29177799e-04 6.80544329e-05 1.17182599e-04 8.39814338e-06
  1.74576244e-06 2.50132762e-07 9.80132089e-05 9.55871617e-05
  1.97733827e-05 1.42735033e-05 2.48108408e-06 1.59515943e-06]
 [1.20239677e-04 9.43352420e-05 1.29761142e-04 7.53541779e-06
  1.31252947e-06 2.79464141e-07 3.30065358e-04 1.06518919e-04
  3.91820370e-05 1.68304431e-05 3.23760326e-06 1.87549468e-06]
 [1.38019260e-04 8.24165251e-05 4.44061637e-05 6.54478755e-06
  1.90191382e-06 3.98668853e-07 7.85672835e-04 1.08803172e-04
  2.44639266e-05 1.77046938e-05 4.10285809e-06 2.06581315e-06]
 [2.02654564e-04 1.47013100e-04 8.17002307e-05 6.17395752e-06
  2.66530452e-06 1.33272422e-07 4.59012223e-04 4.39773790e-05
  1.97666920e-05 1.15839911e-05 4.80100634e-06 1.38477380e-06]
 [6.01586508e-05 7.14427191e-05 6.33121518e-05 1.05764299e-05
  2.26577776e-06 5.63908601e-07 4.64125488e-04 1.85853840e-04
  4.00831319e-05 1.85942894e-05 5.69310229e-06 2.49646222e-06]]
Done!, time = 3.9166386127471924s
