Begin!
Data shape = (250000, 5)
Begin sort function!
In centrality 0
In centrality 1
In centrality 2
In centrality 3
In centrality 4
In centrality 5
In centrality 6
end function sorter
Data shape = (250000, 5)
Begin sort function!
In centrality 0
In centrality 1
In centrality 2
In centrality 3
In centrality 4
In centrality 5
In centrality 6
end function sorter
Data shape = (250000, 5)
Begin sort function!
In centrality 0
In centrality 1
In centrality 2
In centrality 3
In centrality 4
In centrality 5
In centrality 6
end function sorter
Data shape = (250000, 5)
Begin sort function!
In centrality 0
In centrality 1
In centrality 2
In centrality 3
In centrality 4
In centrality 5
In centrality 6
end function sorter
Final results shape = (4, 7, 12)
mean value:
[[ 1.74483454e-02  1.01915170e-02  1.44780562e-02  1.10234978e-04
  -1.75488805e-06 -1.72395543e-06  8.28000905e-01  2.19278787e-03
   1.95303739e-05 -2.45135270e-04  4.34466395e-05 -1.91090857e-05]
 [ 1.96866109e-02  1.09311783e-02  1.57169039e-02  9.05890707e-05
  -1.06055852e-06 -2.83080442e-06  8.18786020e-01  2.18623785e-03
   2.30924749e-05 -2.71148812e-04  4.72073725e-05 -2.19514068e-05]
 [ 2.15214240e-02  1.15567783e-02  1.66337376e-02  8.33723001e-05
  -9.28883198e-07 -3.80808991e-06  8.12830401e-01  2.21238149e-03
   2.37987593e-05 -2.94289457e-04  5.17564312e-05 -2.49790852e-05]
 [ 2.28654692e-02  1.21269891e-02  1.74691053e-02  6.93324503e-05
  -1.67835502e-06 -3.80827013e-06  8.08430018e-01  2.25391643e-03
   2.47903638e-05 -3.10228376e-04  5.57176631e-05 -2.72734799e-05]
 [ 2.38545090e-02  1.27222042e-02  1.80851273e-02  5.84131526e-05
  -1.30953292e-06 -3.74863356e-06  8.05098909e-01  2.28540298e-03
   2.67216890e-05 -3.11316503e-04  5.85729388e-05 -2.81459974e-05]
 [ 2.47463919e-02  1.32435303e-02  1.88269222e-02  4.67825183e-05
  -2.82108949e-06 -3.58543032e-06  8.02984155e-01  2.30418001e-03
   2.88055596e-05 -3.06323336e-04  6.03007169e-05 -2.82279866e-05]
 [ 2.54776012e-02  1.39166235e-02  1.95267417e-02  3.14330460e-05
  -2.36160108e-06 -3.39289668e-06  8.01152728e-01  2.36539903e-03
   3.08536798e-05 -3.08987960e-04  6.32479046e-05 -2.88924784e-05]]
std error:
[[1.28177224e-04 7.06248743e-05 1.45912673e-04 8.57873140e-06
  2.23710221e-06 6.42398260e-07 2.65180181e-04 1.37124872e-05
  1.76424051e-06 1.13671604e-05 9.11506233e-07 1.34933447e-06]
 [1.78586606e-04 2.88826171e-05 4.80197300e-05 5.44956471e-06
  4.26713881e-07 5.20170272e-07 3.84538804e-04 1.60405413e-05
  1.27775462e-06 7.22272735e-06 8.62864374e-07 8.63033410e-07]
 [2.19994129e-04 4.66813981e-05 9.85124917e-05 5.27966611e-06
  1.78046857e-06 1.34573626e-07 2.68650803e-04 8.89023837e-06
  1.79176398e-06 2.49686966e-06 6.93145703e-07 4.80063280e-07]
 [1.08907811e-04 1.13898409e-04 6.03352118e-05 4.32094981e-06
  1.21159785e-06 2.90302189e-07 2.03847623e-04 2.08065424e-05
  2.29498938e-06 3.98763106e-06 3.24985960e-07 3.58678902e-07]
 [8.01249301e-05 6.92660632e-05 2.88053432e-05 6.22147793e-06
  1.28666750e-06 1.79375772e-07 2.24379425e-04 1.50611318e-05
  2.40447212e-06 8.96014579e-06 8.82392275e-07 9.50143846e-07]
 [8.35528537e-05 8.80224028e-05 1.60754594e-04 1.14127766e-05
  1.27209790e-06 3.71312559e-07 2.65759457e-04 1.20699172e-05
  2.02678094e-06 7.27638481e-06 2.13965579e-07 1.10052999e-06]
 [2.24430940e-04 5.70951370e-05 1.67284414e-04 8.86712857e-06
  2.35066639e-06 5.32154456e-07 2.17049568e-04 1.47756374e-05
  2.50326532e-06 1.18087791e-05 9.12194685e-07 1.58736262e-06]]
Done!, time = 4.213500499725342s
