Begin!
Data shape = (250000, 5)
Begin sort function!
In centrality 0
In centrality 1
In centrality 2
In centrality 3
In centrality 4
In centrality 5
In centrality 6
end function sorter
Data shape = (250000, 5)
Begin sort function!
In centrality 0
In centrality 1
In centrality 2
In centrality 3
In centrality 4
In centrality 5
In centrality 6
end function sorter
Data shape = (250000, 5)
Begin sort function!
In centrality 0
In centrality 1
In centrality 2
In centrality 3
In centrality 4
In centrality 5
In centrality 6
end function sorter
Data shape = (250000, 5)
Begin sort function!
In centrality 0
In centrality 1
In centrality 2
In centrality 3
In centrality 4
In centrality 5
In centrality 6
end function sorter
Final results shape = (4, 7, 12)
mean value:
[[ 1.59444901e-02  1.05167734e-02  1.53910011e-02  1.21772564e-05
  -1.71559864e-06 -9.58290653e-07  8.70479820e-01  2.24773751e-03
   1.73727174e-05 -1.77884465e-04  3.89234680e-05 -1.06170038e-05]
 [ 1.69843738e-02  1.09473991e-02  1.61837615e-02  6.49276441e-06
  -2.83672265e-07 -8.10592678e-07  8.62785217e-01  2.22162525e-03
   2.20676489e-05 -1.77773766e-04  3.94546948e-05 -1.07344923e-05]
 [ 1.77423982e-02  1.14805075e-02  1.68838297e-02 -3.87070127e-06
  -5.12238560e-07 -6.33413399e-07  8.58551118e-01  2.26347509e-03
   2.25148952e-05 -1.78623297e-04  4.17267145e-05 -1.11806592e-05]
 [ 1.84003174e-02  1.20287361e-02  1.76403342e-02 -1.14173144e-05
  -2.58827410e-06 -5.87341975e-07  8.54523224e-01  2.27462015e-03
   2.24795135e-05 -1.72158110e-04  4.29020459e-05 -1.09995954e-05]
 [ 1.90564678e-02  1.26475979e-02  1.82451927e-02 -1.46772612e-05
  -5.22525241e-07 -4.01792431e-07  8.51851761e-01  2.30231553e-03
   2.19585313e-05 -1.65294712e-04  4.53067034e-05 -1.08471299e-05]
 [ 1.94743531e-02  1.32688051e-02  1.88490923e-02 -1.66456184e-05
  -2.40132651e-06 -3.28126560e-07  8.49994686e-01  2.34024383e-03
   2.44185987e-05 -1.62869051e-04  4.67191752e-05 -1.10859699e-05]
 [ 2.00119927e-02  1.37258329e-02  1.93407164e-02 -1.80650877e-05
  -2.13466501e-06 -5.14630247e-07  8.48934282e-01  2.37409820e-03
   2.19897833e-05 -1.68913620e-04  4.84199180e-05 -1.16359506e-05]]
std error:
[[3.62078254e-05 9.15393062e-05 4.16094621e-05 2.47458673e-06
  1.12961607e-06 1.00638593e-07 7.38721517e-05 1.99073135e-05
  2.48292399e-06 7.23534213e-06 5.76936797e-07 3.58934787e-07]
 [1.70022087e-04 7.98455568e-05 3.60992864e-05 5.55108347e-06
  2.38011974e-06 1.48840091e-07 2.48362743e-04 2.12111373e-05
  2.95562732e-06 1.97921023e-06 5.82660292e-07 1.87517070e-07]
 [1.33761625e-04 7.80741737e-05 8.25251690e-05 2.70850287e-06
  1.07957036e-06 2.06661564e-07 3.43578313e-04 1.65779359e-05
  9.95063698e-07 3.86480400e-06 6.03765228e-07 2.80818416e-07]
 [9.97441911e-05 8.37189473e-05 6.93613877e-05 3.90791255e-06
  1.00395926e-06 1.02319074e-07 3.71942214e-04 8.90909982e-06
  2.25226832e-06 5.38856587e-06 3.73545945e-07 3.65818361e-07]
 [7.35227910e-05 8.27829589e-05 6.21509130e-05 1.13179013e-06
  2.06254550e-06 1.47939925e-07 2.27995569e-04 1.38761899e-05
  1.73009344e-06 3.46685973e-06 2.25301930e-07 2.00345303e-07]
 [1.45355423e-04 2.01957474e-05 1.43477557e-04 4.88646264e-06
  2.58464684e-06 3.73848027e-07 3.95584627e-04 1.19628201e-05
  2.01698301e-06 5.82790522e-06 2.64109193e-07 3.76940292e-07]
 [9.47210307e-05 7.25576473e-05 8.84103858e-05 3.59938556e-06
  1.25902018e-06 3.25835845e-07 2.31545132e-04 1.28969672e-05
  6.91264490e-07 8.25748341e-06 4.78764764e-07 8.68123852e-07]]
Done!, time = 1.7317607402801514s
