Begin!
Data shape = (250000, 5)
Begin sort function!
In centrality 0
In centrality 1
In centrality 2
In centrality 3
In centrality 4
In centrality 5
In centrality 6
end function sorter
Data shape = (250000, 5)
Begin sort function!
In centrality 0
In centrality 1
In centrality 2
In centrality 3
In centrality 4
In centrality 5
In centrality 6
end function sorter
Data shape = (250000, 5)
Begin sort function!
In centrality 0
In centrality 1
In centrality 2
In centrality 3
In centrality 4
In centrality 5
In centrality 6
end function sorter
Data shape = (250000, 5)
Begin sort function!
In centrality 0
In centrality 1
In centrality 2
In centrality 3
In centrality 4
In centrality 5
In centrality 6
end function sorter
Final results shape = (4, 7, 12)
mean value:
[[ 1.21760787e-02  1.06562329e-02  1.50961943e-02  1.96840266e-05
  -2.69718592e-06 -1.96301846e-07  8.58972828e-01  1.01042890e-03
   2.73639646e-06 -6.97623808e-05  1.30757638e-05 -3.58818935e-06]
 [ 1.28346666e-02  1.11930325e-02  1.58126510e-02  1.67697659e-05
  -2.08516221e-06 -8.75533611e-08  8.55214735e-01  1.02264364e-03
   2.91840537e-06 -6.96846945e-05  1.37393988e-05 -3.73807845e-06]
 [ 1.34227649e-02  1.14900253e-02  1.64583728e-02  1.76120577e-05
  -9.72540631e-07 -1.81283261e-07  8.52827809e-01  1.03423591e-03
   3.22033854e-06 -7.22276521e-05  1.45680563e-05 -3.92445985e-06]
 [ 1.40986780e-02  1.19164760e-02  1.69110604e-02  1.60397629e-05
  -2.12216615e-06 -2.42767051e-07  8.50853934e-01  1.05122235e-03
   3.95209329e-06 -7.26699573e-05  1.54092157e-05 -4.08586191e-06]
 [ 1.46451750e-02  1.24611911e-02  1.75145149e-02  1.37134599e-05
  -3.33352644e-06 -1.60452688e-07  8.49429557e-01  1.06819063e-03
   4.21691826e-06 -7.05752813e-05  1.62458653e-05 -4.10047805e-06]
 [ 1.50427680e-02  1.29309931e-02  1.80621921e-02  1.41459085e-05
  -2.41834097e-06 -1.12229330e-07  8.48464790e-01  1.07653329e-03
   4.28501124e-06 -6.81567257e-05  1.68596791e-05 -4.13901899e-06]
 [ 1.56869049e-02  1.34059782e-02  1.85605361e-02  9.90345616e-06
  -5.36767837e-06 -1.81769833e-07  8.47548396e-01  1.10576337e-03
   4.81400253e-06 -7.00716390e-05  1.79589162e-05 -4.32946516e-06]]
std error:
[[6.04895632e-05 9.49756755e-05 1.39006357e-04 5.55340554e-07
  7.04349704e-07 1.03933497e-07 3.73288782e-04 1.29482285e-05
  7.18572710e-07 2.41838777e-06 1.61952796e-07 1.57560876e-07]
 [9.70204445e-05 1.27388659e-04 1.18279772e-04 9.41706280e-07
  1.97374678e-06 1.50290432e-07 2.55648250e-04 1.55843001e-05
  3.59058221e-07 4.43638709e-06 3.74460080e-07 3.83179048e-07]
 [9.84820982e-05 9.52947200e-05 6.14067931e-05 2.10655632e-06
  4.02927155e-07 4.81729379e-08 1.32472215e-04 6.87225716e-06
  3.69004739e-07 2.47357359e-06 1.32608073e-07 1.40550474e-07]
 [7.30027813e-05 1.01527461e-04 1.26758922e-04 4.27725960e-06
  7.48305010e-07 1.40130231e-07 9.81525861e-05 1.19787874e-05
  6.10593950e-07 4.90756959e-06 3.00284641e-07 2.89330818e-07]
 [1.04309224e-04 4.70996448e-05 1.27938355e-04 2.44962435e-06
  1.91718422e-06 1.10322819e-07 2.13045427e-04 1.02079038e-05
  4.97101693e-07 3.79207956e-06 2.52825653e-07 2.73391745e-07]
 [1.10026849e-04 4.06104654e-05 1.32935417e-04 1.87819571e-06
  2.61812729e-06 2.17883334e-07 9.44338019e-05 7.75485645e-06
  2.13031621e-07 2.50812960e-06 2.84656539e-07 8.48938486e-08]
 [9.46168287e-05 1.20773558e-04 5.73561047e-05 3.57311466e-06
  1.50016939e-06 1.29173501e-07 1.68366109e-04 5.73590580e-06
  1.80938836e-07 4.76472377e-06 2.33988776e-07 3.78670828e-07]]
Done!, time = 4.039675712585449s
