Begin!
Data shape = (250000, 5)
Begin sort function!
In centrality 0
In centrality 1
In centrality 2
In centrality 3
In centrality 4
In centrality 5
In centrality 6
end function sorter
Data shape = (250000, 5)
Begin sort function!
In centrality 0
In centrality 1
In centrality 2
In centrality 3
In centrality 4
In centrality 5
In centrality 6
end function sorter
Data shape = (250000, 5)
Begin sort function!
In centrality 0
In centrality 1
In centrality 2
In centrality 3
In centrality 4
In centrality 5
In centrality 6
end function sorter
Data shape = (250000, 5)
Begin sort function!
In centrality 0
In centrality 1
In centrality 2
In centrality 3
In centrality 4
In centrality 5
In centrality 6
end function sorter
Final results shape = (4, 7, 12)
mean value:
[[ 1.41881019e-02  1.10227417e-02  1.56638316e-02  9.80693045e-06
  -2.63303599e-06 -4.79310443e-07  8.23465867e-01  1.84414101e-03
   1.43772680e-05 -1.14254965e-04  2.75895905e-05 -6.16119553e-06]
 [ 1.51589362e-02  1.14315099e-02  1.62866048e-02  6.03745441e-06
  -2.23691909e-06 -4.99226544e-07  8.16194678e-01  1.82560641e-03
   1.53151839e-05 -1.15426761e-04  2.87201688e-05 -6.56530008e-06]
 [ 1.59493105e-02  1.18923793e-02  1.68036206e-02  6.08219640e-07
  -1.93881809e-06 -4.63581624e-07  8.11576655e-01  1.82189350e-03
   1.45103726e-05 -1.13729030e-04  3.00810655e-05 -6.54098281e-06]
 [ 1.65182322e-02  1.23768237e-02  1.74293726e-02 -9.88557576e-07
  -2.47338138e-06 -3.64510646e-07  8.07872690e-01  1.83759843e-03
   1.44899740e-05 -1.17343977e-04  3.12431768e-05 -7.01086389e-06]
 [ 1.70624365e-02  1.27704745e-02  1.79832434e-02 -8.27568494e-06
  -2.98662144e-06 -1.73895958e-07  8.05229723e-01  1.86975946e-03
   1.70836772e-05 -1.15718875e-04  3.26718515e-05 -7.01240580e-06]
 [ 1.74399937e-02  1.31956300e-02  1.84785126e-02 -7.36600054e-06
  -1.44963528e-06 -1.72024403e-07  8.03334823e-01  1.89114041e-03
   1.78678221e-05 -1.12440930e-04  3.38105985e-05 -7.12694392e-06]
 [ 1.80326172e-02  1.36477371e-02  1.89803397e-02 -1.04623353e-05
  -5.56220955e-06 -3.04584283e-07  8.01564643e-01  1.91510875e-03
   1.90177076e-05 -1.11520085e-04  3.51128369e-05 -7.25299861e-06]]
std error:
[[5.41476151e-05 7.15500419e-05 6.72860481e-05 4.38312401e-06
  2.21690877e-06 1.61486168e-07 3.00394433e-04 4.47148355e-05
  2.62792270e-06 6.86644245e-06 5.32271292e-07 4.99184326e-07]
 [2.04015559e-04 5.73114448e-05 2.13079862e-04 2.23378227e-06
  5.80813156e-07 1.53887282e-07 1.63529601e-04 2.18289073e-05
  6.10057458e-07 6.43467521e-06 7.00757934e-07 4.10372224e-07]
 [6.64365097e-05 1.11702047e-04 6.02288015e-05 2.45804421e-06
  8.01518276e-07 4.18927797e-08 1.89607159e-04 4.35260257e-06
  5.91141983e-07 1.92005965e-06 1.63024792e-07 1.59621997e-07]
 [5.73711440e-05 6.34004317e-05 1.36343359e-04 3.72018526e-06
  3.83629818e-06 1.41639153e-07 1.96826576e-04 1.79932000e-05
  1.32699326e-06 5.22318064e-06 2.30661336e-07 4.61955759e-07]
 [9.71343496e-05 1.21381068e-04 5.90673101e-05 4.10745307e-06
  1.12595477e-06 6.04817206e-08 2.79578068e-04 1.21070835e-05
  6.73021524e-07 5.84926151e-06 6.09898160e-07 2.83420240e-07]
 [7.69128711e-05 1.35394496e-05 5.44782707e-05 1.57388971e-06
  1.88477383e-06 1.75199875e-07 8.69748890e-05 1.58672280e-05
  1.32208825e-06 1.98051590e-06 3.33315488e-07 1.48451921e-07]
 [5.85382030e-05 5.73422775e-05 1.07530956e-04 2.28356700e-06
  1.49502053e-06 1.76690186e-07 3.19375222e-04 9.16330990e-06
  5.66644060e-07 3.94478538e-06 4.18187879e-07 4.54722052e-07]]
Done!, time = 3.8298566341400146s
