Begin!
Data shape = (250000, 5)
Begin sort function!
In centrality 0
In centrality 1
In centrality 2
In centrality 3
In centrality 4
In centrality 5
In centrality 6
end function sorter
Data shape = (250000, 5)
Begin sort function!
In centrality 0
In centrality 1
In centrality 2
In centrality 3
In centrality 4
In centrality 5
In centrality 6
end function sorter
Data shape = (250000, 5)
Begin sort function!
In centrality 0
In centrality 1
In centrality 2
In centrality 3
In centrality 4
In centrality 5
In centrality 6
end function sorter
Data shape = (250000, 5)
Begin sort function!
In centrality 0
In centrality 1
In centrality 2
In centrality 3
In centrality 4
In centrality 5
In centrality 6
end function sorter
Final results shape = (4, 7, 12)
mean value:
[[ 1.19231706e-02  1.09951008e-02  1.55077691e-02  1.89573681e-05
  -2.97265852e-06 -4.34353553e-08  8.07483448e-01  6.84557567e-04
   1.52383035e-06 -6.21735642e-05  9.02527140e-06 -3.30317389e-06]
 [ 1.28249754e-02  1.13370692e-02  1.61775071e-02  1.78283300e-05
  -2.76548152e-06 -2.90525839e-08  8.04605595e-01  6.82788964e-04
   1.81333813e-06 -6.58446095e-05  9.60578684e-06 -3.64365704e-06]
 [ 1.35154386e-02  1.17553106e-02  1.67398942e-02  1.69644047e-05
  -3.33530034e-06 -1.42993246e-07  8.03114461e-01  6.94648178e-04
   1.81895604e-06 -6.91456323e-05  1.01969708e-05 -3.93080089e-06]
 [ 1.40679788e-02  1.22313686e-02  1.72370879e-02  1.74891193e-05
  -4.35152825e-06 -2.58565333e-07  8.01748180e-01  7.02983578e-04
   2.08223015e-06 -7.02361740e-05  1.06528061e-05 -4.05275496e-06]
 [ 1.46062604e-02  1.26008688e-02  1.78143137e-02  1.32598959e-05
  -2.97132331e-06 -2.29786142e-07  8.00748823e-01  7.11310518e-04
   2.47771139e-06 -7.03392143e-05  1.10927561e-05 -4.10882268e-06]
 [ 1.51922352e-02  1.31437035e-02  1.82291682e-02  1.17246352e-05
  -2.08533422e-06 -2.70481569e-07  7.99815105e-01  7.20775589e-04
   2.71843944e-06 -7.08090554e-05  1.16357437e-05 -4.25512209e-06]
 [ 1.57137022e-02  1.34635393e-02  1.86397012e-02  1.19404617e-05
  -3.80770638e-06 -1.56862311e-07  7.99040515e-01  7.35265180e-04
   2.70091118e-06 -7.30318108e-05  1.22102094e-05 -4.66306671e-06]]
std error:
[[7.47005769e-05 5.20032767e-05 5.24395067e-05 3.91763751e-06
  3.15093812e-06 1.10972325e-07 2.06847023e-04 1.71075525e-06
  5.56500332e-07 9.79064525e-07 9.95056877e-08 7.09446622e-08]
 [1.08031629e-04 5.30174766e-05 7.68661593e-05 1.49871460e-06
  2.29123895e-06 8.92297264e-08 1.59856010e-04 9.05997184e-06
  2.61940513e-07 1.13572647e-06 1.59725763e-07 1.09162830e-07]
 [5.75715095e-05 4.65514276e-05 1.21975007e-04 2.01431299e-06
  1.17639870e-06 7.75212614e-08 9.25769872e-05 5.88740931e-06
  4.93620713e-08 1.98819602e-06 1.04510767e-07 1.05425380e-07]
 [1.15446705e-04 2.55586894e-05 1.45120834e-04 2.31689246e-06
  1.75728743e-06 6.47200389e-08 1.37866364e-04 6.06726411e-06
  2.44386026e-07 9.60019312e-07 1.75214018e-07 1.36082726e-07]
 [3.56825304e-05 1.90264274e-05 1.15074739e-04 2.65563106e-06
  1.52262833e-06 1.29861531e-07 1.26428818e-04 5.56903441e-06
  1.62451043e-07 1.58492779e-06 1.46413110e-07 1.47929395e-07]
 [4.91390408e-05 4.51648277e-05 7.99554634e-05 3.13235355e-06
  1.86938588e-06 1.51634912e-07 9.02038192e-05 6.84813366e-06
  5.36865524e-08 1.20476076e-06 1.03763509e-07 1.34911213e-07]
 [4.97018412e-05 8.45132777e-05 7.43552036e-05 2.99753259e-06
  1.22280890e-06 8.58953501e-08 9.77050003e-05 8.93563202e-06
  4.95214226e-07 3.47266776e-06 2.32744983e-07 2.60986037e-07]]
Done!, time = 4.379148006439209s
