Begin!
Data shape = (250000, 5)
Begin sort function!
In centrality 0
In centrality 1
In centrality 2
In centrality 3
In centrality 4
In centrality 5
In centrality 6
end function sorter
Data shape = (250000, 5)
Begin sort function!
In centrality 0
In centrality 1
In centrality 2
In centrality 3
In centrality 4
In centrality 5
In centrality 6
end function sorter
Data shape = (250000, 5)
Begin sort function!
In centrality 0
In centrality 1
In centrality 2
In centrality 3
In centrality 4
In centrality 5
In centrality 6
end function sorter
Data shape = (250000, 5)
Begin sort function!
In centrality 0
In centrality 1
In centrality 2
In centrality 3
In centrality 4
In centrality 5
In centrality 6
end function sorter
Final results shape = (4, 7, 12)
mean value:
[[ 1.31902363e-02  1.07883613e-02  1.59572078e-02  1.24974434e-05
  -1.51103850e-06 -3.78816369e-07  7.64557212e-01  7.15413703e-04
  -4.30061153e-07 -9.11104699e-05  1.04607190e-05 -4.58291814e-06]
 [ 1.43452336e-02  1.13780606e-02  1.70015558e-02  3.21740757e-06
  -7.99155353e-07 -3.69459049e-07  7.60713411e-01  7.27345943e-04
  -2.16871583e-07 -9.22733451e-05  1.13743399e-05 -4.72555411e-06]
 [ 1.50037478e-02  1.18709569e-02  1.77143580e-02  2.63663607e-06
  -2.02097320e-07 -4.54863243e-07  7.58124619e-01  7.39605416e-04
   3.97334707e-07 -9.03474328e-05  1.18757308e-05 -4.87092795e-06]
 [ 1.56340918e-02  1.22876057e-02  1.83536045e-02 -2.69958311e-06
  -1.10883899e-06 -3.04785233e-07  7.56102302e-01  7.53707920e-04
   1.03531307e-06 -8.83600560e-05  1.23142187e-05 -4.85115763e-06]
 [ 1.62037078e-02  1.28383988e-02  1.87929924e-02 -7.82799157e-06
  -6.31024132e-07 -2.78680300e-07  7.54705213e-01  7.61060197e-04
   1.07255316e-06 -8.32584804e-05  1.28407975e-05 -4.75953941e-06]
 [ 1.65851032e-02  1.32885265e-02  1.91971828e-02 -7.58514115e-06
  -2.26594995e-06 -2.72092780e-07  7.53464751e-01  7.72237320e-04
   1.74954660e-06 -8.10632674e-05  1.32522411e-05 -4.73683071e-06]
 [ 1.71471797e-02  1.38129988e-02  1.97087265e-02 -1.24972032e-05
  -1.93669013e-06 -1.36508004e-07  7.52483185e-01  7.92257532e-04
   1.58852361e-06 -8.00187388e-05  1.40546983e-05 -4.78296749e-06]]
std error:
[[1.04042647e-04 7.40600070e-05 1.35222574e-04 4.49622604e-06
  1.93773641e-06 7.18979793e-08 6.74148253e-05 5.45254150e-06
  2.48301160e-07 3.07172305e-06 1.04247758e-07 1.72661328e-07]
 [1.88163083e-04 8.04835199e-05 1.21793447e-04 2.36282663e-06
  7.59537659e-07 7.10413397e-08 1.42769861e-04 3.84742716e-06
  1.80667593e-07 3.78881801e-06 7.87843783e-08 2.31295850e-07]
 [5.52592125e-05 5.88433393e-05 7.57416965e-05 3.47818908e-06
  1.38893161e-06 6.70941605e-08 1.65910443e-04 5.70336715e-06
  1.17798315e-07 1.59029977e-06 1.86187064e-07 1.42927954e-07]
 [1.57488408e-04 3.78061297e-05 8.35751179e-05 3.63226719e-06
  2.29701181e-06 6.78873310e-08 5.95345061e-05 6.05280212e-06
  1.09089308e-07 1.50779519e-06 1.48812883e-07 1.42657861e-07]
 [7.25279250e-05 5.29197489e-05 8.73813021e-05 1.66005533e-06
  1.41400348e-06 1.21945377e-07 9.38899616e-05 5.37678865e-06
  2.98932603e-07 1.03915980e-06 1.23390660e-07 6.80074739e-08]
 [1.32928273e-04 7.15884641e-05 4.81828471e-05 1.75603991e-06
  1.53086039e-06 1.60991356e-07 6.62098724e-05 3.19567948e-06
  4.26660093e-07 2.38131512e-06 1.01130425e-07 2.30059343e-07]
 [8.89755025e-05 3.94564846e-05 1.61203632e-04 3.39486030e-06
  2.59850335e-06 6.39835180e-08 6.28237525e-05 3.66810007e-06
  4.13382213e-07 1.71826712e-06 1.86387724e-07 1.17351124e-07]]
Done!, time = 4.1457743644714355s
