Begin!
Data shape = (250000, 5)
Begin sort function!
In centrality 0
In centrality 1
In centrality 2
In centrality 3
In centrality 4
In centrality 5
In centrality 6
end function sorter
Data shape = (250000, 5)
Begin sort function!
In centrality 0
In centrality 1
In centrality 2
In centrality 3
In centrality 4
In centrality 5
In centrality 6
end function sorter
Data shape = (250000, 5)
Begin sort function!
In centrality 0
In centrality 1
In centrality 2
In centrality 3
In centrality 4
In centrality 5
In centrality 6
end function sorter
Data shape = (250000, 5)
Begin sort function!
In centrality 0
In centrality 1
In centrality 2
In centrality 3
In centrality 4
In centrality 5
In centrality 6
end function sorter
Final results shape = (4, 7, 12)
mean value:
[[ 1.33060512e-02  1.05650371e-02  1.59826011e-02  1.06425517e-05
  -6.22303143e-07 -3.86685867e-07  8.08813623e-01  8.51746273e-04
  -1.28057826e-07 -9.65404893e-05  1.23196093e-05 -4.79031439e-06]
 [ 1.42688038e-02  1.10770941e-02  1.66849402e-02  1.91177847e-06
  -2.27269205e-07 -2.85518084e-07  8.05056545e-01  8.66852589e-04
   1.17624322e-06 -9.54229075e-05  1.31521047e-05 -4.89875962e-06]
 [ 1.48316748e-02  1.15251018e-02  1.72253296e-02 -1.53945881e-06
  -3.24987703e-07 -2.85266782e-07  8.02649702e-01  8.78161928e-04
   8.32518216e-07 -9.20179987e-05  1.35055139e-05 -4.68993252e-06]
 [ 1.53835466e-02  1.21867134e-02  1.79268834e-02 -6.73789711e-06
   8.83274833e-07 -9.14314285e-08  8.00695582e-01  8.96607117e-04
   1.49050746e-06 -8.67117722e-05  1.42882087e-05 -4.67096805e-06]
 [ 1.58162189e-02  1.26279444e-02  1.84989958e-02 -4.22479584e-06
  -2.13641375e-06 -2.20663414e-07  7.99441270e-01  9.02582670e-04
   1.79886361e-06 -8.58407432e-05  1.47276006e-05 -4.70466245e-06]
 [ 1.63280142e-02  1.30887156e-02  1.90152876e-02 -1.11149339e-05
  -1.42614254e-06 -1.99827920e-07  7.98204928e-01  9.19522402e-04
   2.15638803e-06 -8.45416589e-05  1.53630483e-05 -4.79333661e-06]
 [ 1.70438504e-02  1.36770762e-02  1.93842682e-02 -1.19996801e-05
  -4.45345567e-06 -1.78857109e-07  7.97295390e-01  9.33165141e-04
   2.58234632e-06 -8.29116316e-05  1.62929308e-05 -4.83733882e-06]]
std error:
[[7.04671016e-05 9.31867205e-05 1.86906590e-04 1.28084750e-06
  2.02932043e-06 7.58150460e-08 3.63976360e-04 1.68222792e-05
  4.92402119e-07 2.11154603e-06 2.35693326e-07 1.36303829e-07]
 [7.50981514e-05 1.04463178e-04 2.83790741e-04 2.08266306e-06
  1.32377755e-06 2.49153172e-07 1.05869976e-04 5.97139864e-06
  3.47482394e-07 2.82502190e-06 2.94038348e-07 2.21599060e-07]
 [5.50568790e-05 7.20189110e-05 2.72386663e-05 3.12819122e-06
  3.42586734e-07 1.83846150e-07 7.10477236e-05 2.75301291e-06
  4.94206471e-07 3.43060161e-06 1.10490901e-07 2.10247650e-07]
 [9.10196691e-05 3.86563843e-05 8.84793149e-05 2.32968396e-06
  1.50605945e-06 6.71857078e-08 1.03307385e-04 6.20506413e-06
  1.75860023e-07 2.44126060e-06 9.88365932e-08 1.14159477e-07]
 [7.84248735e-05 5.62433237e-05 1.03243911e-04 3.39328375e-06
  1.18485607e-06 7.62327400e-08 2.13398282e-04 7.49538984e-06
  4.72144817e-07 1.42515130e-06 1.15023785e-07 1.36555904e-07]
 [5.84627879e-05 1.03455169e-04 1.25446949e-04 1.06307788e-06
  3.38481504e-06 1.42101784e-07 2.79376235e-04 1.53339515e-05
  6.74284849e-07 2.68925405e-06 2.82495030e-07 2.05955405e-07]
 [7.46964917e-05 3.17855261e-05 5.74673158e-05 2.14253092e-06
  1.97620117e-06 1.58910053e-07 1.20969899e-04 9.00701570e-06
  2.88885142e-07 1.65823686e-06 2.19450955e-07 1.47286887e-07]]
Done!, time = 3.8821377754211426s
