Begin!
Data shape = (250000, 5)
Begin sort function!
In centrality 0
In centrality 1
In centrality 2
In centrality 3
In centrality 4
In centrality 5
In centrality 6
end function sorter
Data shape = (250000, 5)
Begin sort function!
In centrality 0
In centrality 1
In centrality 2
In centrality 3
In centrality 4
In centrality 5
In centrality 6
end function sorter
Data shape = (250000, 5)
Begin sort function!
In centrality 0
In centrality 1
In centrality 2
In centrality 3
In centrality 4
In centrality 5
In centrality 6
end function sorter
Data shape = (250000, 5)
Begin sort function!
In centrality 0
In centrality 1
In centrality 2
In centrality 3
In centrality 4
In centrality 5
In centrality 6
end function sorter
Final results shape = (4, 7, 12)
mean value:
[[ 1.23863470e-02  1.03758492e-02  1.48649794e-02  2.47513649e-06
  -6.72685264e-07 -2.41162207e-07  8.51397592e-01  5.96441803e-03
   2.52772017e-04 -5.51924457e-05  7.34818419e-05 -2.64742624e-06]
 [ 1.33576115e-02  1.10746037e-02  1.58352055e-02 -3.80213052e-07
  -8.19240367e-07 -2.19075842e-07  8.31610944e-01  5.53850803e-03
   2.24518931e-04 -4.57004598e-05  7.31741771e-05 -2.21351081e-06]
 [ 1.40099877e-02  1.16670608e-02  1.65794904e-02 -3.09864082e-06
  -3.83581635e-07 -2.49783461e-07  8.21243312e-01  5.55708134e-03
   2.21897979e-04 -4.88469990e-05  7.74014549e-05 -2.42540500e-06]
 [ 1.46670950e-02  1.22472946e-02  1.72109547e-02 -6.41014859e-06
   1.35922080e-06 -1.60289811e-07  8.13231730e-01  5.66273454e-03
   2.37783274e-04 -4.79958100e-05  8.23131000e-05 -2.33129947e-06]
 [ 1.52271896e-02  1.27033475e-02  1.77474366e-02 -9.04684372e-06
   5.04408244e-07 -1.70668395e-07  8.08273423e-01  5.77532259e-03
   2.46566805e-04 -3.97953857e-05  8.73646703e-05 -2.10509499e-06]
 [ 1.57856103e-02  1.32555670e-02  1.82032415e-02 -1.04609623e-05
  -1.01830256e-06 -1.19558299e-07  8.05099331e-01  5.91384536e-03
   2.59014263e-04 -4.60846916e-05  9.24950152e-05 -2.42865348e-06]
 [ 1.62688700e-02  1.36869686e-02  1.86661881e-02 -1.04896583e-05
  -1.83050226e-06 -8.89670183e-08  8.03165870e-01  6.15105709e-03
   2.77503015e-04 -4.09252648e-05  9.96693096e-05 -2.27417890e-06]]
std error:
[[7.61035054e-05 7.29634812e-05 1.37483893e-04 2.19030129e-06
  1.74014919e-06 3.59876416e-08 6.42208013e-04 1.95427105e-05
  9.30871078e-06 3.60245137e-06 1.22823333e-06 2.21221740e-07]
 [9.45706192e-05 5.01567494e-05 1.91265946e-04 2.93640357e-06
  1.24830126e-06 4.11058253e-08 3.67499086e-04 3.20761656e-05
  2.55470217e-06 5.92733843e-06 1.35517318e-06 4.81406072e-07]
 [1.13750325e-04 3.68746155e-05 7.99884642e-05 5.37026929e-07
  1.31497425e-06 2.73502304e-08 5.38048323e-04 1.85108930e-05
  8.80510279e-06 3.76780678e-06 1.03358784e-06 3.44672754e-07]
 [6.97595132e-05 3.00505919e-05 8.89350254e-05 2.78326886e-06
  1.36083247e-06 1.04109915e-07 3.73035352e-04 2.34841056e-05
  4.14292702e-06 4.49905558e-06 8.66931411e-07 4.23543781e-07]
 [7.19378590e-05 1.07813667e-04 4.14423543e-05 1.29456929e-06
  1.20274999e-06 1.15486285e-07 5.39482535e-04 7.53847154e-05
  8.70224921e-06 3.95310141e-06 1.50125578e-06 3.18317280e-07]
 [3.63988021e-05 7.61292690e-05 6.25320621e-05 2.07114028e-06
  1.66471209e-06 5.79922646e-08 3.96566968e-04 5.12434540e-05
  7.63942789e-06 9.06465506e-06 1.68189879e-06 6.28050224e-07]
 [1.98239489e-04 9.49947510e-05 9.83732427e-05 2.20454788e-06
  8.62460738e-07 7.84574501e-08 2.48675698e-04 4.39868974e-05
  5.18976792e-06 3.55166656e-06 1.59741132e-06 1.25878701e-07]]
Done!, time = 5.210248947143555s
