Begin!
Data shape = (250000, 5)
Begin sort function!
In centrality 0
In centrality 1
In centrality 2
In centrality 3
In centrality 4
In centrality 5
In centrality 6
end function sorter
Data shape = (250000, 5)
Begin sort function!
In centrality 0
In centrality 1
In centrality 2
In centrality 3
In centrality 4
In centrality 5
In centrality 6
end function sorter
Data shape = (250000, 5)
Begin sort function!
In centrality 0
In centrality 1
In centrality 2
In centrality 3
In centrality 4
In centrality 5
In centrality 6
end function sorter
Data shape = (250000, 5)
Begin sort function!
In centrality 0
In centrality 1
In centrality 2
In centrality 3
In centrality 4
In centrality 5
In centrality 6
end function sorter
Final results shape = (4, 7, 12)
mean value:
[[ 1.66707088e-02  1.08543060e-02  1.61881779e-02  4.31864455e-05
  -3.02512695e-06 -1.13647614e-06  8.04742541e-01  4.44333656e-03
   1.26760460e-04 -1.34801938e-04  7.41997990e-05 -9.02389078e-06]
 [ 1.81031871e-02  1.15387435e-02  1.70730570e-02  3.33879615e-05
  -2.24992655e-06 -1.30464418e-06  7.87177477e-01  4.28288260e-03
   1.31868438e-04 -1.40960774e-04  7.69718275e-05 -9.82915050e-06]
 [ 1.90174350e-02  1.20984433e-02  1.78628636e-02  2.96531037e-05
  -2.59898911e-06 -1.36328117e-06  7.77736679e-01  4.22761696e-03
   1.28451740e-04 -1.51505822e-04  7.99868122e-05 -1.10428115e-05]
 [ 2.01170814e-02  1.26924198e-02  1.87111204e-02  1.77326957e-05
  -2.63850127e-06 -1.32730929e-06  7.69479328e-01  4.29125548e-03
   1.33362090e-04 -1.55741020e-04  8.48078298e-05 -1.17414824e-05]
 [ 2.08739730e-02  1.32029638e-02  1.92313948e-02  1.55273397e-05
  -1.95036090e-06 -1.35656538e-06  7.63847585e-01  4.33487578e-03
   1.43587544e-04 -1.73084643e-04  8.89896780e-05 -1.35628491e-05]
 [ 2.16156005e-02  1.36817638e-02  1.97864735e-02  9.33478740e-06
  -4.43342402e-06 -1.75736132e-06  7.59386552e-01  4.44974419e-03
   1.53176542e-04 -1.82086638e-04  9.51776663e-05 -1.43767206e-05]
 [ 2.23062963e-02  1.41551030e-02  2.02249162e-02  8.48786075e-06
  -2.57272816e-06 -1.31967628e-06  7.55721207e-01  4.51796435e-03
   1.50575984e-04 -1.78911070e-04  9.97014600e-05 -1.45454335e-05]]
std error:
[[1.38469807e-04 1.09250836e-04 8.86516362e-05 3.38450821e-06
  1.14855471e-06 1.37105764e-07 8.19290754e-04 3.72027702e-05
  8.08238547e-06 4.94821179e-06 8.64766812e-07 4.01600815e-07]
 [1.09520869e-04 7.71703315e-05 1.30780317e-04 7.19612627e-06
  7.00467349e-07 2.98435239e-07 6.43528979e-04 7.94400546e-05
  1.01541290e-05 6.22097015e-06 1.22745976e-06 3.00107451e-07]
 [1.14878321e-04 1.53350054e-05 5.17521472e-05 5.43211159e-06
  1.00026703e-06 2.81540677e-07 1.73982515e-04 5.03244726e-05
  5.18383016e-06 8.02173844e-06 9.73602247e-07 6.54499102e-07]
 [1.01074579e-04 7.83464513e-05 2.96105240e-05 4.69333576e-06
  7.97591036e-07 1.81993456e-07 2.69234167e-04 2.25702407e-05
  4.42001964e-06 5.25961991e-06 1.19135152e-06 6.51659842e-07]
 [3.51760262e-05 8.65026629e-05 1.03161622e-04 3.16149474e-06
  1.68851690e-06 1.75475381e-07 3.01194914e-04 5.07474760e-05
  8.26356657e-06 1.26305019e-05 1.04906278e-06 1.13126082e-06]
 [1.12275818e-04 1.03802394e-04 3.38778438e-05 5.66111392e-06
  2.07487325e-06 1.25940332e-07 3.31150786e-04 5.93081101e-05
  6.78005969e-06 8.78620616e-06 1.31518143e-06 7.33359084e-07]
 [7.96413618e-05 5.78886407e-05 2.30879499e-04 7.28639152e-06
  3.43694132e-07 1.15491208e-07 5.12636742e-04 4.59854383e-05
  1.01749384e-05 4.47236928e-06 8.46351685e-07 5.69434403e-07]]
Done!, time = 3.9319164752960205s
