Begin!
Data shape = (250000, 5)
Begin sort function!
In centrality 0
In centrality 1
In centrality 2
In centrality 3
In centrality 4
In centrality 5
In centrality 6
end function sorter
Data shape = (250000, 5)
Begin sort function!
In centrality 0
In centrality 1
In centrality 2
In centrality 3
In centrality 4
In centrality 5
In centrality 6
end function sorter
Data shape = (250000, 5)
Begin sort function!
In centrality 0
In centrality 1
In centrality 2
In centrality 3
In centrality 4
In centrality 5
In centrality 6
end function sorter
Data shape = (250000, 5)
Begin sort function!
In centrality 0
In centrality 1
In centrality 2
In centrality 3
In centrality 4
In centrality 5
In centrality 6
end function sorter
Final results shape = (4, 7, 12)
mean value:
[[ 1.13392845e-02  1.03115446e-02  1.46080682e-02  1.16753987e-05
  -9.48355898e-07 -9.64725695e-08  8.04806044e-01  5.87421888e-04
  -1.05082420e-06 -6.44666462e-05  7.82228544e-06 -2.94104480e-06]
 [ 1.23652898e-02  1.07441547e-02  1.54441330e-02  8.76287908e-06
  -1.19391366e-06 -2.10765783e-07  8.02473794e-01  6.05627984e-04
  -3.74585345e-07 -6.90628823e-05  8.55668766e-06 -3.29714033e-06]
 [ 1.29057604e-02  1.12708362e-02  1.60726681e-02  3.80578861e-06
  -1.26094830e-06 -2.13639547e-07  8.00864405e-01  6.11441991e-04
   1.39105188e-07 -6.71429863e-05  8.84047086e-06 -3.30165361e-06]
 [ 1.36575381e-02  1.18797692e-02  1.67572655e-02  1.25368578e-06
  -9.52162227e-07 -2.07646130e-07  7.99777917e-01  6.31026040e-04
   2.00174141e-07 -6.61781876e-05  9.48123537e-06 -3.33698881e-06]
 [ 1.42335714e-02  1.24431371e-02  1.73292396e-02 -1.01496470e-06
  -9.07024257e-07 -1.25954458e-07  7.98849594e-01  6.47713277e-04
   4.74439619e-07 -6.48168106e-05  1.00243044e-05 -3.45486338e-06]
 [ 1.47976283e-02  1.29778596e-02  1.77836369e-02 -2.69513652e-06
  -7.18924818e-07 -9.08750598e-08  7.98282205e-01  6.53628386e-04
   8.22315785e-07 -6.37460228e-05  1.03522278e-05 -3.51760578e-06]
 [ 1.53922214e-02  1.35682067e-02  1.82568454e-02 -3.02958764e-06
  -3.00930447e-06 -1.01745267e-07  7.97789333e-01  6.66566702e-04
   1.17595493e-06 -6.19566869e-05  1.10076109e-05 -3.59427207e-06]]
std error:
[[7.87226467e-05 6.98903514e-05 1.42370051e-04 2.24883476e-06
  8.48569535e-07 1.18765902e-07 1.10515642e-04 4.90798408e-06
  7.44706106e-08 4.36802511e-06 1.25437431e-07 2.63276665e-07]
 [5.73473659e-05 3.76690430e-05 1.27547733e-04 1.95075457e-06
  2.60618682e-06 1.40115773e-07 2.58078565e-04 4.39257027e-06
  2.33198727e-07 2.99531126e-06 1.99663658e-07 1.63233003e-07]
 [5.05667614e-05 3.27407870e-05 1.00946537e-04 8.45207842e-07
  2.63517586e-06 3.15889858e-08 1.88680701e-04 5.35162993e-06
  1.34606076e-07 1.15387672e-06 7.15314476e-08 9.33045126e-08]
 [6.40341454e-05 9.24974690e-05 4.42014589e-05 1.91208888e-06
  3.43722667e-07 9.70922388e-08 1.27997190e-04 2.23142619e-06
  2.69194026e-07 1.41990998e-06 5.52628779e-08 1.47190338e-07]
 [6.64884243e-05 7.47914000e-05 5.87814231e-05 1.82669725e-06
  2.85531732e-06 7.81545497e-08 1.52284397e-04 3.57683965e-06
  1.42735510e-07 3.11222993e-06 7.01362462e-08 1.81698414e-07]
 [6.20185225e-05 8.07052972e-05 1.76718245e-04 1.01592964e-06
  3.67313353e-06 5.06452782e-08 1.15117231e-04 3.57129924e-06
  1.57000088e-07 1.61292810e-06 1.25230580e-07 1.12546322e-07]
 [7.48740583e-05 1.05942837e-04 6.41433001e-05 1.93751227e-06
  1.41306150e-06 7.06542319e-08 8.11623309e-05 2.69809556e-06
  1.74255595e-07 1.25212133e-06 2.69929345e-08 8.82086263e-08]]
Done!, time = 2.53322172164917s
