Begin!
Data shape = (250000, 5)
Begin sort function!
In centrality 0
In centrality 1
In centrality 2
In centrality 3
In centrality 4
In centrality 5
In centrality 6
end function sorter
Data shape = (250000, 5)
Begin sort function!
In centrality 0
In centrality 1
In centrality 2
In centrality 3
In centrality 4
In centrality 5
In centrality 6
end function sorter
Data shape = (250000, 5)
Begin sort function!
In centrality 0
In centrality 1
In centrality 2
In centrality 3
In centrality 4
In centrality 5
In centrality 6
end function sorter
Data shape = (250000, 5)
Begin sort function!
In centrality 0
In centrality 1
In centrality 2
In centrality 3
In centrality 4
In centrality 5
In centrality 6
end function sorter
Final results shape = (4, 7, 12)
mean value:
[[ 1.44407147e-02  9.85115427e-03  1.55038627e-02  3.99503467e-07
  -1.15850008e-07 -5.87660038e-07  9.01350672e-01  7.69635171e-03
   4.12051984e-04 -1.08991493e-04  1.08770028e-04 -5.77496802e-06]
 [ 1.56332277e-02  1.07116097e-02  1.67198803e-02 -1.00625272e-05
   3.27362869e-07 -2.24474881e-07  8.80406549e-01  7.41485491e-03
   3.71755726e-04 -1.21765890e-04  1.13973301e-04 -6.73009972e-06]
 [ 1.62854698e-02  1.14652398e-02  1.73767942e-02 -1.48272120e-05
   1.42980121e-06 -2.45694817e-07  8.69998465e-01  7.37298917e-03
   3.69492076e-04 -1.11888420e-04  1.18633859e-04 -6.42491146e-06]
 [ 1.71189225e-02  1.21845138e-02  1.80776175e-02 -1.71795018e-05
   2.01275553e-06 -1.80893882e-07  8.62694151e-01  7.59501200e-03
   3.96151833e-04 -1.17876667e-04  1.28799827e-04 -6.74662620e-06]
 [ 1.79576872e-02  1.29271779e-02  1.86932645e-02 -1.83569843e-05
   3.11272577e-06 -1.63546348e-07  8.58196233e-01  7.69583376e-03
   3.96327501e-04 -1.21185507e-04  1.37044660e-04 -7.28595653e-06]
 [ 1.86160944e-02  1.35718891e-02  1.93084394e-02 -2.13896266e-05
  -4.27055382e-07 -7.99872568e-09  8.55742214e-01  7.94770029e-03
   4.11917794e-04 -1.09086122e-04  1.46130876e-04 -6.69916437e-06]
 [ 1.93120537e-02  1.42377360e-02  1.96831453e-02 -2.66917681e-05
  -1.67812146e-06 -3.17438774e-08  8.55162056e-01  8.15724792e-03
   4.33651986e-04 -1.07296648e-04  1.55176479e-04 -6.56553148e-06]]
std error:
[[1.13345619e-04 2.87086023e-05 1.22252260e-04 3.70442574e-06
  7.67018912e-07 1.33185427e-07 1.02550284e-03 1.76450603e-04
  3.69363214e-05 9.96045040e-06 2.87971518e-06 3.78884394e-07]
 [7.33421191e-05 2.19586918e-05 1.33805659e-04 1.67001658e-06
  5.47245576e-07 8.98766192e-08 3.17649616e-04 7.90477545e-05
  1.18500229e-05 8.15799548e-06 2.43714334e-06 5.91163388e-07]
 [6.76855759e-05 5.20498805e-05 6.04623542e-05 1.36817160e-06
  1.45280748e-06 1.30495186e-07 1.26998190e-04 3.46605474e-05
  1.61714325e-05 5.73759913e-06 9.71667048e-07 4.35855041e-07]
 [1.10997658e-04 5.47166093e-05 1.68045208e-04 1.36619850e-06
  2.45053407e-06 1.31042520e-07 5.50573772e-04 1.05470225e-04
  1.92892192e-05 2.62476937e-06 1.91485766e-06 3.15424694e-07]
 [1.20924142e-04 5.52538482e-05 1.75333358e-04 3.30911836e-06
  3.36773167e-06 6.15309866e-08 5.03936534e-04 5.59350133e-05
  5.14833600e-06 1.15930970e-05 1.20570614e-06 8.09413205e-07]
 [9.70937441e-05 2.92012766e-05 1.52348950e-04 3.04392929e-06
  8.30685184e-07 1.06639099e-07 4.04973998e-04 1.92556958e-05
  9.38456681e-06 5.92610660e-06 1.23780891e-06 6.40711349e-07]
 [1.26929238e-04 5.86390531e-05 9.85453296e-05 2.35090084e-06
  2.28468899e-06 1.15963966e-07 4.95036672e-04 6.15938262e-05
  1.21934709e-05 7.50460092e-06 1.52895217e-06 3.65879232e-07]]
Done!, time = 4.613729238510132s
