Begin!
Data shape = (250000, 5)
Begin sort function!
In centrality 0
In centrality 1
In centrality 2
In centrality 3
In centrality 4
In centrality 5
In centrality 6
end function sorter
Data shape = (250000, 5)
Begin sort function!
In centrality 0
In centrality 1
In centrality 2
In centrality 3
In centrality 4
In centrality 5
In centrality 6
end function sorter
Data shape = (250000, 5)
Begin sort function!
In centrality 0
In centrality 1
In centrality 2
In centrality 3
In centrality 4
In centrality 5
In centrality 6
end function sorter
Data shape = (250000, 5)
Begin sort function!
In centrality 0
In centrality 1
In centrality 2
In centrality 3
In centrality 4
In centrality 5
In centrality 6
end function sorter
Final results shape = (4, 7, 12)
mean value:
[[ 1.87969679e-02  1.02476213e-02  1.46328110e-02  9.79935120e-05
  -2.03162847e-07 -2.66001037e-06  8.58787342e-01  6.26917027e-03
   2.65383204e-04 -2.10108883e-04  1.17528325e-04 -1.73172022e-05]
 [ 2.11580547e-02  1.11253618e-02  1.57656147e-02  6.99229803e-05
   6.86313701e-07 -3.42840212e-06  8.38019093e-01  5.85818433e-03
   2.50136720e-04 -2.08237170e-04  1.23148886e-04 -1.76548486e-05]
 [ 2.26760571e-02  1.17295835e-02  1.67716911e-02  5.67716077e-05
   6.77298356e-07 -4.02408534e-06  8.26365858e-01  5.91250391e-03
   2.48436366e-04 -2.49932097e-04  1.31756524e-04 -2.18458279e-05]
 [ 2.41095279e-02  1.23626217e-02  1.76191258e-02  3.95724880e-05
  -2.09980501e-06 -4.22117692e-06  8.17824450e-01  6.03771275e-03
   2.69483099e-04 -2.69255952e-04  1.43541669e-04 -2.41386136e-05]
 [ 2.49280762e-02  1.30021240e-02  1.83487917e-02  3.59323915e-05
  -2.62497458e-06 -4.51630563e-06  8.12057815e-01  6.13329804e-03
   2.71199880e-04 -2.73267369e-04  1.49360121e-04 -2.48756543e-05]
 [ 2.58168506e-02  1.35670255e-02  1.90002791e-02  3.26179387e-05
  -1.64248632e-06 -4.25878622e-06  8.08501506e-01  6.34246528e-03
   2.90970603e-04 -2.92194912e-04  1.59716117e-04 -2.76186167e-05]
 [ 2.67512377e-02  1.40627584e-02  1.95380448e-02  1.33531640e-05
  -1.83491713e-06 -4.16476204e-06  8.05526295e-01  6.49096345e-03
   2.94333510e-04 -3.00324301e-04  1.70874771e-04 -2.84792285e-05]]
std error:
[[1.95002258e-04 1.28034776e-04 1.72031715e-04 4.70813668e-06
  8.16983746e-07 9.72045317e-07 6.30135874e-04 6.34558027e-05
  1.15609449e-05 1.98736473e-05 3.05962343e-06 1.95642057e-06]
 [1.70099219e-04 1.31396278e-04 6.30809762e-05 4.18486253e-06
  1.62595335e-06 2.51556800e-07 7.03530073e-04 8.78418381e-05
  7.26796470e-06 7.65642477e-06 2.76271802e-06 8.87900294e-07]
 [8.60948855e-05 1.38178161e-05 8.52333585e-05 3.73848302e-06
  1.59454548e-06 1.93965229e-07 2.21892241e-04 4.12753515e-05
  1.04827691e-05 9.48773164e-06 2.28265276e-06 1.03431512e-06]
 [2.19037295e-04 4.25307450e-05 1.07742741e-04 4.44938614e-06
  1.49828699e-06 3.60004096e-07 4.08342848e-04 4.22123913e-05
  1.15092316e-05 3.45671654e-06 1.88129861e-06 1.02940807e-07]
 [9.84576356e-05 3.77974657e-05 1.17677580e-04 5.81990940e-06
  1.18838968e-06 3.64319817e-07 3.82602870e-04 5.62640067e-05
  5.94385367e-06 1.71844290e-05 1.72445657e-06 1.83486139e-06]
 [1.13400406e-04 6.67152806e-05 3.41121691e-05 8.78134980e-06
  2.13543649e-06 2.14659200e-07 5.29204810e-04 2.27801762e-05
  6.73947601e-06 7.45404360e-06 1.86206876e-06 8.09360649e-07]
 [1.65560553e-04 6.44491357e-05 5.82587861e-05 7.27825543e-06
  8.58300334e-07 3.80200290e-07 4.47178469e-04 3.21903259e-05
  1.48260860e-05 6.56570423e-06 1.83434652e-06 1.45617233e-06]]
Done!, time = 4.445791959762573s
