Begin!
Data shape = (250000, 5)
Begin sort function!
In centrality 0
In centrality 1
In centrality 2
In centrality 3
In centrality 4
In centrality 5
In centrality 6
end function sorter
Data shape = (250000, 5)
Begin sort function!
In centrality 0
In centrality 1
In centrality 2
In centrality 3
In centrality 4
In centrality 5
In centrality 6
end function sorter
Data shape = (250000, 5)
Begin sort function!
In centrality 0
In centrality 1
In centrality 2
In centrality 3
In centrality 4
In centrality 5
In centrality 6
end function sorter
Data shape = (250000, 5)
Begin sort function!
In centrality 0
In centrality 1
In centrality 2
In centrality 3
In centrality 4
In centrality 5
In centrality 6
end function sorter
Final results shape = (4, 7, 12)
mean value:
[[ 1.16849530e-02  1.02483191e-02  1.45153493e-02  3.19491949e-05
   1.35224629e-07  4.73952131e-08  8.04770110e-01  7.13082571e-04
   1.20435506e-06 -7.96215417e-05  9.59682578e-06 -4.31161725e-06]
 [ 1.30162863e-02  1.08455410e-02  1.55479119e-02  3.03442229e-05
  -1.79675532e-06 -1.16782961e-07  8.01736281e-01  7.18211274e-04
   1.19694689e-06 -8.49487823e-05  1.06583067e-05 -4.87101325e-06]
 [ 1.37608259e-02  1.14060569e-02  1.61286759e-02  2.73907929e-05
  -4.50903648e-07 -1.75999124e-07  7.99777990e-01  7.30943628e-04
   1.67226611e-06 -8.91699320e-05  1.12385203e-05 -5.24518120e-06]
 [ 1.46608899e-02  1.18830867e-02  1.68012179e-02  2.45453315e-05
   6.12112868e-07 -2.85401755e-07  7.98512434e-01  7.49528148e-04
   1.81119247e-06 -8.97302145e-05  1.22580938e-05 -5.50314973e-06]
 [ 1.54008410e-02  1.25063429e-02  1.73104122e-02  2.29890959e-05
  -4.21897241e-09 -2.01644569e-07  7.97518729e-01  7.67887665e-04
   2.22424391e-06 -9.27703094e-05  1.30385593e-05 -5.86785409e-06]
 [ 1.61048868e-02  1.30010862e-02  1.79237607e-02  1.92159934e-05
  -2.59993318e-06 -1.82209073e-07  7.96518533e-01  7.77632889e-04
   2.64872237e-06 -9.24765460e-05  1.37339673e-05 -6.09151722e-06]
 [ 1.67385245e-02  1.36169138e-02  1.83486655e-02  2.08069026e-05
  -3.92579922e-06 -2.86461149e-07  7.95880931e-01  7.89087000e-04
   2.44038224e-06 -9.37530772e-05  1.44262782e-05 -6.35845656e-06]]
std error:
[[8.35376602e-05 5.96160981e-05 1.26704451e-04 2.37572311e-06
  2.77880115e-06 1.27165971e-07 1.35144903e-04 5.93303015e-06
  5.05254473e-07 2.91457764e-06 6.10693882e-08 2.17480635e-07]
 [1.85537105e-04 9.36765282e-05 9.23742829e-05 5.39962351e-06
  1.54665001e-06 1.82180447e-07 3.79905192e-04 6.90121755e-06
  3.60930564e-07 6.21877759e-06 2.09569909e-07 5.18061836e-07]
 [6.07455598e-05 5.79206131e-05 7.75557287e-05 2.01792481e-06
  1.21385046e-06 2.84173859e-08 3.97275822e-05 5.27657132e-06
  2.54057209e-07 1.55750387e-06 1.26001954e-07 4.50799559e-08]
 [1.25800475e-04 5.24318806e-05 1.86276256e-05 3.49598084e-06
  6.01755792e-07 1.18132521e-07 1.08181305e-04 4.92130077e-06
  1.14220376e-07 3.46200887e-06 2.54324242e-07 3.00501983e-07]
 [8.33400323e-05 1.17363237e-04 1.32413793e-04 1.21956810e-06
  1.56929500e-06 2.75727690e-08 1.16780707e-04 2.78742988e-06
  4.33971001e-08 1.81971400e-07 5.48480113e-08 1.47165030e-07]
 [7.29508649e-05 5.52815805e-05 9.19807786e-05 2.19705684e-06
  5.09433044e-07 8.72158943e-08 2.01675891e-04 7.26916381e-06
  2.49059198e-07 2.48460832e-06 1.86783461e-07 2.17776967e-07]
 [9.19794821e-05 1.34883823e-05 1.27237566e-04 1.42263138e-06
  1.84666947e-06 1.46461059e-07 1.47714150e-04 1.16996681e-05
  2.41370061e-07 2.73626806e-06 2.64054346e-07 2.20648733e-07]]
Done!, time = 3.7604899406433105s
