Begin!
Data shape = (250000, 5)
Begin sort function!
In centrality 0
In centrality 1
In centrality 2
In centrality 3
In centrality 4
In centrality 5
In centrality 6
end function sorter
Data shape = (250000, 5)
Begin sort function!
In centrality 0
In centrality 1
In centrality 2
In centrality 3
In centrality 4
In centrality 5
In centrality 6
end function sorter
Data shape = (250000, 5)
Begin sort function!
In centrality 0
In centrality 1
In centrality 2
In centrality 3
In centrality 4
In centrality 5
In centrality 6
end function sorter
Data shape = (250000, 5)
Begin sort function!
In centrality 0
In centrality 1
In centrality 2
In centrality 3
In centrality 4
In centrality 5
In centrality 6
end function sorter
Final results shape = (4, 7, 12)
mean value:
[[ 1.46416639e-02  1.09924095e-02  1.55827021e-02  3.87851639e-06
  -2.96369545e-06 -3.61809682e-07  8.52233158e-01  5.05720456e-03
   1.58423746e-04 -1.03621656e-04  7.34672908e-05 -5.79766319e-06]
 [ 1.55484017e-02  1.15745690e-02  1.64396012e-02 -3.80106103e-07
  -3.29216643e-06 -4.48091480e-07  8.33949219e-01  4.85579350e-03
   1.47718298e-04 -1.06271630e-04  7.47123102e-05 -6.19073863e-06]
 [ 1.62346937e-02  1.20069185e-02  1.71226491e-02 -5.21166581e-06
   2.90814394e-07 -3.95518784e-07  8.24386995e-01  4.85670743e-03
   1.51493941e-04 -1.08964278e-04  7.81588585e-05 -6.41249124e-06]
 [ 1.68151371e-02  1.26593727e-02  1.78588305e-02 -7.95553071e-06
  -2.73713196e-06 -3.06980829e-07  8.16089716e-01  4.90446240e-03
   1.56725523e-04 -1.12508839e-04  8.20598451e-05 -6.96677767e-06]
 [ 1.72215210e-02  1.30273134e-02  1.83914472e-02 -1.32065649e-05
  -4.14257326e-06 -2.67281393e-07  8.10890550e-01  4.96901142e-03
   1.55734999e-04 -1.15748402e-04  8.42963867e-05 -6.91301134e-06]
 [ 1.78281203e-02  1.35042564e-02  1.89416631e-02 -1.21420697e-05
  -3.33648492e-06 -2.26989781e-07  8.07319578e-01  5.07072171e-03
   1.65288182e-04 -1.22234934e-04  8.92889223e-05 -7.61617556e-06]
 [ 1.83117141e-02  1.39426494e-02  1.92622522e-02 -1.46630285e-05
  -2.97013761e-06 -1.47289926e-07  8.04284207e-01  5.21290600e-03
   1.73890856e-04 -1.16308181e-04  9.41182038e-05 -7.56168744e-06]]
std error:
[[9.38565092e-05 4.26002667e-05 5.87926943e-05 3.18567808e-06
  1.51089751e-06 1.96338677e-07 5.18815172e-04 7.85066758e-05
  6.05801191e-06 1.86511321e-06 7.92664684e-07 2.79877486e-07]
 [1.10867660e-04 3.72937757e-05 1.01332342e-04 2.80318360e-06
  2.23654521e-06 1.75674244e-07 3.64283272e-04 5.40559182e-05
  1.27562513e-05 1.28467595e-05 8.43701955e-07 4.77919005e-07]
 [1.73221192e-04 4.16999170e-05 1.22007903e-04 4.22479455e-06
  8.10370460e-07 1.12404922e-07 3.50762082e-04 5.11715788e-05
  1.18014367e-05 1.07739191e-05 2.39722149e-06 8.12926862e-07]
 [9.47626605e-05 1.07940395e-04 7.80025667e-05 2.80031002e-06
  1.61572621e-06 4.47470185e-08 4.73844214e-04 6.93538630e-05
  5.46295385e-06 1.12470731e-05 1.63588460e-06 1.02055243e-06]
 [7.28393550e-05 4.63807852e-05 6.76733565e-05 2.58850658e-06
  2.13708385e-06 6.93697927e-08 2.65779194e-04 2.35538860e-05
  4.12096534e-06 7.94260268e-06 5.93804854e-07 4.24619979e-07]
 [1.14470427e-04 3.01574007e-05 8.13940427e-05 3.08147855e-06
  2.10568939e-06 1.14319321e-07 4.03134840e-04 5.42805579e-05
  8.06013620e-06 7.93090648e-06 1.36073175e-07 3.81640528e-07]
 [2.14485237e-05 7.76633354e-05 1.07537719e-04 2.72087558e-06
  2.34351173e-06 9.61058490e-08 6.90368871e-04 1.16449917e-05
  4.88602256e-06 4.97825586e-06 4.35792244e-07 3.16202709e-07]]
Done!, time = 4.385651111602783s
