Begin!
Data shape = (250000, 5)
Begin sort function!
In centrality 0
In centrality 1
In centrality 2
In centrality 3
In centrality 4
In centrality 5
In centrality 6
end function sorter
Data shape = (250000, 5)
Begin sort function!
In centrality 0
In centrality 1
In centrality 2
In centrality 3
In centrality 4
In centrality 5
In centrality 6
end function sorter
Data shape = (250000, 5)
Begin sort function!
In centrality 0
In centrality 1
In centrality 2
In centrality 3
In centrality 4
In centrality 5
In centrality 6
end function sorter
Data shape = (250000, 5)
Begin sort function!
In centrality 0
In centrality 1
In centrality 2
In centrality 3
In centrality 4
In centrality 5
In centrality 6
end function sorter
Final results shape = (4, 7, 12)
mean value:
[[ 1.44562590e-02  1.03152512e-02  1.46105751e-02  2.89209936e-05
  -1.10308608e-07 -8.09497725e-07  8.23137458e-01  1.98296661e-03
   1.73726587e-05 -1.38016369e-04  3.07100664e-05 -7.94089500e-06]
 [ 1.58960343e-02  1.09203486e-02  1.55000544e-02  1.58372766e-05
  -4.89756592e-07 -8.54132051e-07  8.15398062e-01  1.98021654e-03
   2.05719092e-05 -1.42909984e-04  3.31563594e-05 -8.49464774e-06]
 [ 1.68073843e-02  1.14093912e-02  1.62388300e-02  7.06604365e-06
  -1.67164645e-07 -8.75664995e-07  8.10599192e-01  2.00110992e-03
   2.11797508e-05 -1.41028907e-04  3.51497415e-05 -8.55093200e-06]
 [ 1.76948751e-02  1.20625446e-02  1.70741820e-02  1.42332960e-06
  -4.97045576e-07 -8.16190686e-07  8.06515339e-01  2.03072823e-03
   2.12521693e-05 -1.46971260e-04  3.73326804e-05 -9.30947565e-06]
 [ 1.83702652e-02  1.25585987e-02  1.75501442e-02 -6.16259426e-07
  -6.00619583e-07 -7.16721429e-07  8.04042092e-01  2.06217886e-03
   2.19015202e-05 -1.48096515e-04  3.91757595e-05 -9.67665242e-06]
 [ 1.89605285e-02  1.31817159e-02  1.82207863e-02 -6.27406946e-06
  -2.46624186e-06 -4.57263406e-07  8.02316028e-01  2.09217853e-03
   2.33756180e-05 -1.42981331e-04  4.08689520e-05 -9.63096360e-06]
 [ 1.96119837e-02  1.37268961e-02  1.87836025e-02 -6.88223265e-06
  -3.22798252e-06 -8.21126694e-07  8.00424428e-01  2.11895290e-03
   2.38306400e-05 -1.38589169e-04  4.27452770e-05 -9.44447677e-06]]
std error:
[[1.64168506e-04 5.73484850e-05 5.65747397e-05 4.87468152e-06
  1.97428830e-06 1.50234390e-07 2.34345305e-04 3.65387094e-05
  1.42453675e-06 5.12656990e-06 6.98292498e-07 2.90065062e-07]
 [4.35275576e-05 5.64401452e-05 8.38221326e-05 1.96307973e-06
  6.61317501e-07 2.80248061e-07 1.67155532e-04 2.12534873e-05
  4.25717825e-07 1.04788703e-06 5.54968551e-07 5.20361816e-08]
 [7.62496710e-05 4.90009513e-05 9.34487813e-05 2.65813829e-06
  7.63190274e-07 1.05711070e-07 4.33729875e-04 1.35358059e-05
  7.25413900e-07 5.26726992e-06 4.69186886e-07 3.74466195e-07]
 [6.30575361e-05 6.49476609e-05 3.12000926e-05 4.75117732e-06
  4.25407944e-07 1.77743630e-07 4.30331377e-04 2.83468590e-05
  7.54973989e-07 3.08190137e-06 3.81262075e-07 1.63253810e-07]
 [8.50372435e-05 7.01281785e-05 6.62271577e-05 2.38195145e-06
  1.47367349e-06 2.74846010e-07 3.19521355e-04 1.76932545e-05
  1.30798668e-06 5.35743372e-06 3.42962593e-07 3.50139821e-07]
 [9.71881352e-05 3.13182850e-05 1.81891376e-04 2.28898636e-06
  3.32929853e-06 1.23369098e-07 2.43925845e-04 2.46900023e-06
  1.46365106e-06 1.61276150e-06 3.78250897e-07 2.28219426e-07]
 [4.59870156e-05 5.34679340e-05 1.01514209e-04 2.92210943e-06
  1.05368535e-06 9.29912705e-08 3.46664578e-04 1.44494713e-05
  1.01615223e-06 4.19983031e-06 4.40614907e-07 2.75160959e-07]]
Done!, time = 4.4368956089019775s
