Begin!
Data shape = (250000, 5)
Begin sort function!
In centrality 0
In centrality 1
In centrality 2
In centrality 3
In centrality 4
In centrality 5
In centrality 6
end function sorter
Data shape = (250000, 5)
Begin sort function!
In centrality 0
In centrality 1
In centrality 2
In centrality 3
In centrality 4
In centrality 5
In centrality 6
end function sorter
Data shape = (250000, 5)
Begin sort function!
In centrality 0
In centrality 1
In centrality 2
In centrality 3
In centrality 4
In centrality 5
In centrality 6
end function sorter
Data shape = (250000, 5)
Begin sort function!
In centrality 0
In centrality 1
In centrality 2
In centrality 3
In centrality 4
In centrality 5
In centrality 6
end function sorter
Final results shape = (4, 7, 12)
mean value:
[[ 1.24665820e-02  1.03351835e-02  1.48485192e-02  2.63912655e-05
  -4.86699608e-07 -2.63525969e-07  8.17986762e-01  1.94372365e-03
   1.89938977e-05 -7.34339554e-05  2.49512304e-05 -3.92062827e-06]
 [ 1.34140830e-02  1.08965008e-02  1.56906367e-02  3.19090772e-05
   6.62535259e-07 -1.86983870e-07  8.10337802e-01  1.93711520e-03
   2.06879205e-05 -7.91826110e-05  2.66303656e-05 -4.57175953e-06]
 [ 1.42323810e-02  1.14270390e-02  1.63227187e-02  2.63947427e-05
  -7.45087044e-07 -4.34303003e-07  8.06533713e-01  1.96139795e-03
   2.34376755e-05 -8.14385286e-05  2.84828812e-05 -4.85253012e-06]
 [ 1.51199073e-02  1.19994233e-02  1.70038338e-02  2.92950555e-05
   2.04149987e-07 -5.00043562e-07  8.02687585e-01  1.99064462e-03
   2.33362232e-05 -8.47095317e-05  3.06501360e-05 -5.39723064e-06]
 [ 1.57019447e-02  1.25309354e-02  1.74175788e-02  2.59413305e-05
   1.21687382e-06 -4.77700222e-07  8.00260299e-01  2.03066593e-03
   2.63076698e-05 -8.35157417e-05  3.24774717e-05 -5.31930258e-06]
 [ 1.63127821e-02  1.30050158e-02  1.79505684e-02  2.14918415e-05
  -1.22976967e-06 -5.04668130e-07  7.98710789e-01  2.05433039e-03
   2.60877042e-05 -8.28104971e-05  3.43740449e-05 -5.35994052e-06]
 [ 1.70095454e-02  1.35104197e-02  1.85239870e-02  2.16251535e-05
  -3.60000712e-06 -5.47239170e-07  7.97399260e-01  2.08905035e-03
   2.73555112e-05 -8.72994846e-05  3.64297410e-05 -6.08713377e-06]]
std error:
[[1.05716765e-04 5.51866214e-05 6.54294920e-05 3.55274196e-06
  1.71038780e-06 9.72397517e-08 6.36171019e-04 9.81326860e-06
  1.35775158e-06 4.85057060e-06 1.39269353e-07 3.52630100e-07]
 [1.07061816e-04 1.14582740e-04 9.93251471e-05 4.76768865e-06
  2.30470939e-06 1.30812251e-07 3.07165283e-04 8.62468030e-06
  1.65230359e-06 4.02951773e-06 2.41145815e-07 4.34374593e-07]
 [6.53834905e-05 6.92388019e-05 7.99545055e-05 3.60820002e-06
  9.18684195e-07 1.00178738e-07 1.67308351e-04 8.89821739e-06
  8.56633376e-07 2.85763363e-06 3.55492125e-07 2.81630118e-07]
 [3.70669696e-05 9.70030230e-05 7.50219209e-05 1.36185496e-06
  2.35068143e-06 7.24179074e-08 1.62789220e-04 1.02562361e-05
  6.25651299e-07 5.21209140e-06 1.12227526e-07 3.99500110e-07]
 [1.26499573e-04 4.04269306e-05 6.07203648e-05 2.15437971e-06
  2.57094302e-06 1.61580137e-07 2.82760311e-04 1.51304917e-05
  1.87285023e-06 4.48385028e-06 2.68448433e-07 3.50129203e-07]
 [5.72306910e-05 9.24801121e-05 1.33217754e-04 3.15569674e-06
  9.70334879e-07 2.33355552e-07 1.89607525e-04 2.81361913e-05
  1.13177472e-06 1.93269920e-06 6.87189937e-07 2.69421129e-07]
 [6.68960160e-05 8.39053222e-05 9.56591306e-05 1.49431925e-06
  2.58885417e-06 7.14101253e-08 2.15857653e-04 2.06278977e-05
  1.11377707e-06 5.06444317e-07 4.98425641e-07 2.43727894e-07]]
Done!, time = 4.573437929153442s
