Begin!
Data shape = (250000, 5)
Begin sort function!
In centrality 0
In centrality 1
In centrality 2
In centrality 3
In centrality 4
In centrality 5
In centrality 6
end function sorter
Data shape = (250000, 5)
Begin sort function!
In centrality 0
In centrality 1
In centrality 2
In centrality 3
In centrality 4
In centrality 5
In centrality 6
end function sorter
Data shape = (250000, 5)
Begin sort function!
In centrality 0
In centrality 1
In centrality 2
In centrality 3
In centrality 4
In centrality 5
In centrality 6
end function sorter
Data shape = (250000, 5)
Begin sort function!
In centrality 0
In centrality 1
In centrality 2
In centrality 3
In centrality 4
In centrality 5
In centrality 6
end function sorter
Final results shape = (4, 7, 12)
mean value:
[[ 1.11726198e-02  9.99744516e-03  1.56455469e-02  2.33945659e-05
  -3.96534199e-07  1.15182351e-07  8.00221429e-01  5.75017478e-04
   6.40639926e-07 -6.21701935e-05  7.42014873e-06 -3.21694903e-06]
 [ 1.21828974e-02  1.06094354e-02  1.66546897e-02  2.26051064e-05
   1.32563877e-06 -2.31622880e-07  7.98197107e-01  5.95424324e-04
   7.29602862e-07 -6.97805625e-05  8.37343121e-06 -3.71852866e-06]
 [ 1.30164693e-02  1.12646539e-02  1.72858082e-02  2.04065541e-05
   2.27116452e-07 -7.72661972e-08  7.96997309e-01  6.02007914e-04
   1.28686569e-06 -6.99775220e-05  8.78423307e-06 -3.87371851e-06]
 [ 1.38775476e-02  1.20144577e-02  1.79561112e-02  1.70507233e-05
  -1.38497438e-07 -1.44332336e-07  7.96045965e-01  6.10777067e-04
   1.26485291e-06 -7.04952755e-05  9.39333320e-06 -3.94869571e-06]
 [ 1.45473534e-02  1.26624418e-02  1.84809940e-02  1.45387179e-05
  -8.00981628e-07 -2.86466076e-07  7.95368075e-01  6.26819747e-04
   1.34885364e-06 -7.14795128e-05  1.00714828e-05 -4.22739255e-06]
 [ 1.53349092e-02  1.33898552e-02  1.91477545e-02  1.41451443e-05
  -1.70074298e-06 -1.15764367e-07  7.95080540e-01  6.40422597e-04
   1.73602293e-06 -7.28973631e-05  1.08043250e-05 -4.57704092e-06]
 [ 1.60907153e-02  1.40937696e-02  1.95028757e-02  1.12051302e-05
  -1.26328850e-06 -1.77788039e-07  7.94632174e-01  6.42718472e-04
   1.96943472e-06 -7.07371297e-05  1.12564856e-05 -4.60519432e-06]]
std error:
[[1.25291791e-04 7.61505641e-05 3.76423152e-05 5.68045571e-06
  2.71071651e-06 1.15826236e-07 1.61574613e-04 4.96329636e-06
  2.99703759e-07 1.87367273e-06 2.02552493e-07 1.94764785e-07]
 [6.08079783e-05 9.08478137e-05 1.09378261e-04 2.35306233e-06
  1.72159013e-06 1.20184279e-07 2.50504196e-04 3.24281887e-06
  1.44599173e-07 1.35469860e-06 1.48626598e-07 1.72047589e-07]
 [6.56904375e-05 4.85620158e-05 1.57685349e-04 1.56407546e-06
  9.26625604e-07 2.73317992e-07 2.52993308e-05 1.98463627e-06
  2.48965590e-07 2.14220570e-06 1.47971518e-07 1.72634757e-07]
 [9.53734898e-05 4.18667226e-05 3.52005076e-05 2.35464447e-06
  1.99171997e-06 1.38375871e-07 1.43112601e-04 4.90592590e-06
  2.25673382e-07 3.04681625e-06 1.40105181e-07 2.82758900e-07]
 [8.67145619e-05 6.17025576e-05 1.56995526e-04 4.49018558e-06
  1.07081996e-06 1.18561472e-07 4.75964762e-05 2.53364845e-06
  1.09491774e-07 7.81123676e-07 5.05939929e-08 1.06163256e-07]
 [6.33308766e-05 9.31878879e-05 1.55293393e-04 3.43384635e-06
  3.51766992e-06 9.09765947e-08 1.16051345e-04 3.44631700e-06
  1.64461122e-07 1.70681673e-06 8.15672026e-08 1.32197890e-07]
 [4.99825016e-05 7.43854770e-05 3.96646439e-05 3.09631522e-06
  3.17181662e-06 9.19375869e-08 1.59502626e-04 6.32213971e-06
  1.80125081e-07 2.11737962e-06 1.93287203e-07 9.77947753e-08]]
Done!, time = 3.963541030883789s
