Begin!
Data shape = (250000, 5)
Begin sort function!
In centrality 0
In centrality 1
In centrality 2
In centrality 3
In centrality 4
In centrality 5
In centrality 6
end function sorter
Data shape = (250000, 5)
Begin sort function!
In centrality 0
In centrality 1
In centrality 2
In centrality 3
In centrality 4
In centrality 5
In centrality 6
end function sorter
Data shape = (250000, 5)
Begin sort function!
In centrality 0
In centrality 1
In centrality 2
In centrality 3
In centrality 4
In centrality 5
In centrality 6
end function sorter
Data shape = (250000, 5)
Begin sort function!
In centrality 0
In centrality 1
In centrality 2
In centrality 3
In centrality 4
In centrality 5
In centrality 6
end function sorter
Final results shape = (4, 7, 12)
mean value:
[[ 1.75169873e-02  9.81222523e-03  1.49975422e-02  9.19002368e-06
   1.50939508e-06 -1.39053091e-06  9.05924386e-01  7.84717088e-03
   3.85995182e-04 -2.13916075e-04  1.36504956e-04 -1.39361934e-05]
 [ 1.92146727e-02  1.06502722e-02  1.62102886e-02 -7.92849409e-06
   6.12309441e-07 -1.33877171e-06  8.84934736e-01  7.46052827e-03
   3.67519710e-04 -2.11134758e-04  1.41795782e-04 -1.46642244e-05]
 [ 2.02820841e-02  1.14854659e-02  1.72596525e-02 -2.11747557e-05
  -6.15114010e-07 -1.15147106e-06  8.73777343e-01  7.53399951e-03
   3.77219950e-04 -2.25344305e-04  1.50491627e-04 -1.57501888e-05]
 [ 2.12474574e-02  1.23031738e-02  1.81224682e-02 -2.94864156e-05
  -9.31888999e-07 -7.44754061e-07  8.65155313e-01  7.59087781e-03
   3.73242524e-04 -2.28310906e-04  1.59243075e-04 -1.60255288e-05]
 [ 2.20297015e-02  1.31106585e-02  1.88434729e-02 -3.61044132e-05
   4.88182981e-07 -8.25391255e-07  8.61381856e-01  7.82762791e-03
   3.98919263e-04 -2.25794171e-04  1.70250603e-04 -1.66335490e-05]
 [ 2.28276835e-02  1.38272422e-02  1.93394632e-02 -3.83839630e-05
   1.36232690e-07 -5.19709777e-07  8.59029596e-01  8.01267039e-03
   3.90170665e-04 -2.43368260e-04  1.80341974e-04 -1.80467171e-05]
 [ 2.34716219e-02  1.44526368e-02  1.98877890e-02 -4.52343718e-05
  -1.16415003e-06 -4.14424862e-07  8.57531741e-01  8.25891563e-03
   4.16836988e-04 -2.33396695e-04  1.89562330e-04 -1.80603838e-05]]
std error:
[[1.04820656e-04 6.06911107e-05 9.75401531e-05 3.25610345e-06
  2.73683974e-06 1.47547416e-07 4.38270349e-04 6.39597209e-05
  2.55820874e-05 9.10868545e-06 2.55559073e-06 6.84555988e-07]
 [2.37164746e-04 7.06569782e-05 1.67456401e-04 3.05367273e-06
  1.24011633e-06 3.15595014e-07 1.12429788e-03 4.76871321e-05
  2.12416996e-05 8.75420345e-06 2.00586205e-06 7.62885463e-07]
 [4.58290225e-05 7.61960261e-05 8.28431812e-05 5.20242253e-06
  8.26638533e-07 3.44475975e-07 3.34783852e-04 5.24432594e-05
  1.94959281e-05 4.40269268e-06 1.70808681e-06 5.71334584e-07]
 [5.93218487e-05 4.84396674e-05 1.04957664e-04 6.52638140e-06
  2.19829464e-06 1.84062083e-07 5.56470264e-04 6.87099634e-05
  1.16824348e-05 1.48481651e-05 1.18835833e-06 1.34586318e-06]
 [1.61569201e-04 4.76446744e-05 8.69168802e-05 6.98382293e-06
  1.68661149e-06 4.07173341e-07 4.07934589e-04 4.47137319e-05
  9.65075750e-06 1.04525204e-05 3.61090204e-06 6.32164583e-07]
 [8.93376345e-05 5.15112941e-05 6.60359023e-05 2.87081321e-06
  3.13033815e-06 4.26654212e-07 1.31936761e-04 6.41445041e-05
  8.07092182e-06 2.86106369e-06 2.71346999e-06 7.07994883e-07]
 [1.51791575e-04 6.68965270e-05 5.55522260e-05 5.35044661e-06
  1.18459274e-06 1.94160808e-07 7.30031901e-04 3.93363016e-05
  8.63355879e-06 1.26683125e-05 1.74585547e-06 1.02408806e-06]]
Done!, time = 4.1931726932525635s
