Begin!
Data shape = (250000, 5)
Begin sort function!
In centrality 0
In centrality 1
In centrality 2
In centrality 3
In centrality 4
In centrality 5
In centrality 6
end function sorter
Data shape = (250000, 5)
Begin sort function!
In centrality 0
In centrality 1
In centrality 2
In centrality 3
In centrality 4
In centrality 5
In centrality 6
end function sorter
Data shape = (250000, 5)
Begin sort function!
In centrality 0
In centrality 1
In centrality 2
In centrality 3
In centrality 4
In centrality 5
In centrality 6
end function sorter
Data shape = (250000, 5)
Begin sort function!
In centrality 0
In centrality 1
In centrality 2
In centrality 3
In centrality 4
In centrality 5
In centrality 6
end function sorter
Final results shape = (4, 7, 12)
mean value:
[[ 1.69791742e-02  9.44224133e-03  1.43607703e-02  6.71289668e-05
   1.54662372e-06 -1.75067136e-06  9.35933934e-01  3.26224472e-03
   4.53622708e-05 -2.57694817e-04  5.92989953e-05 -1.78096249e-05]
 [ 1.85880129e-02  1.02245494e-02  1.56120107e-02  4.46642348e-05
   1.12129712e-06 -2.16550232e-06  9.27078765e-01  3.23747619e-03
   4.49810516e-05 -2.59534365e-04  6.37114955e-05 -1.85060185e-05]
 [ 1.97536847e-02  1.08913438e-02  1.65028100e-02  4.12299290e-05
   2.14568247e-06 -2.22892514e-06  9.21626873e-01  3.25227319e-03
   4.95161719e-05 -2.69403521e-04  6.70141105e-05 -1.99822177e-05]
 [ 2.09926401e-02  1.18606302e-02  1.73817783e-02  2.97389343e-05
   2.19714069e-06 -2.07538248e-06  9.18022716e-01  3.31363644e-03
   5.26342634e-05 -2.78926495e-04  7.20399349e-05 -2.16419125e-05]
 [ 2.17663386e-02  1.26186754e-02  1.81112563e-02  2.38630987e-05
   6.60008951e-07 -2.55735503e-06  9.16136282e-01  3.40629197e-03
   5.44021567e-05 -2.83687468e-04  7.67215661e-05 -2.26835223e-05]
 [ 2.25490606e-02  1.34892278e-02  1.86234278e-02  1.51039958e-05
  -6.68704918e-07 -1.87255641e-06  9.15549580e-01  3.45190656e-03
   5.39393436e-05 -2.72812579e-04  8.07452910e-05 -2.26059719e-05]
 [ 2.35049981e-02  1.44070908e-02  1.93547865e-02  6.55534997e-06
  -4.40783834e-06 -1.50292332e-06  9.14867561e-01  3.52569279e-03
   5.62651838e-05 -2.72001193e-04  8.49836665e-05 -2.32954314e-05]]
std error:
[[5.52174313e-05 6.00871476e-05 9.74484646e-05 6.59779450e-06
  1.17199229e-06 1.99942164e-07 4.89120284e-04 3.77446015e-05
  4.93746523e-06 7.72378147e-06 9.28280653e-07 1.08136598e-06]
 [7.62435936e-05 4.56542420e-05 1.40021933e-04 1.04882259e-06
  3.32494883e-06 2.79646249e-07 3.71290533e-04 3.84976033e-05
  2.01464693e-06 6.23151869e-06 1.12062419e-06 3.08364233e-07]
 [1.39106106e-04 3.31139171e-05 2.09697118e-05 3.01568035e-06
  5.82347018e-07 1.47102972e-07 3.67543572e-04 2.39412419e-05
  2.93687670e-06 1.03959391e-05 9.08606946e-07 1.10088606e-06]
 [1.29160825e-04 9.26190882e-05 5.74213931e-05 4.93250541e-06
  1.68327538e-06 1.76372200e-07 1.23572125e-04 1.69989862e-05
  3.69585023e-06 7.21104490e-06 4.12057547e-07 9.01940895e-07]
 [2.02650709e-04 1.36125164e-05 8.19140482e-05 3.96570146e-06
  1.39233397e-06 1.30442869e-07 3.85263722e-04 1.50400652e-05
  2.55148561e-06 4.17177353e-06 6.12545438e-07 6.20501643e-07]
 [1.47286895e-04 1.00028131e-04 8.29832942e-05 3.73191248e-06
  2.26061577e-06 1.09339160e-07 2.96259637e-04 3.16907080e-05
  1.98773473e-06 9.90458929e-06 1.37416184e-06 1.08168117e-06]
 [1.53912748e-04 9.48682585e-05 1.62281412e-04 4.73893807e-06
  1.12603272e-06 2.82017466e-07 4.28832051e-04 9.61412858e-06
  3.56675504e-06 1.28881558e-05 9.65172968e-07 1.19917674e-06]]
Done!, time = 4.049142599105835s
