Begin!
Data shape = (250000, 5)
Begin sort function!
In centrality 0
In centrality 1
In centrality 2
In centrality 3
In centrality 4
In centrality 5
In centrality 6
end function sorter
Data shape = (250000, 5)
Begin sort function!
In centrality 0
In centrality 1
In centrality 2
In centrality 3
In centrality 4
In centrality 5
In centrality 6
end function sorter
Data shape = (250000, 5)
Begin sort function!
In centrality 0
In centrality 1
In centrality 2
In centrality 3
In centrality 4
In centrality 5
In centrality 6
end function sorter
Data shape = (250000, 5)
Begin sort function!
In centrality 0
In centrality 1
In centrality 2
In centrality 3
In centrality 4
In centrality 5
In centrality 6
end function sorter
Final results shape = (4, 7, 12)
mean value:
[[ 1.10038791e-02  1.03722381e-02  1.56509246e-02  1.33594409e-07
  -1.36079316e-06 -6.89878793e-08  8.55023249e-01  8.99328176e-04
   9.44642644e-07 -4.35618825e-05  1.01955617e-05 -1.76664530e-06]
 [ 1.15273480e-02  1.08102077e-02  1.63613235e-02 -2.50595754e-06
  -4.15745469e-06 -9.25458691e-08  8.51438871e-01  8.96462040e-04
   9.66619446e-07 -4.06195056e-05  1.06032095e-05 -1.66275630e-06]
 [ 1.19714836e-02  1.13181933e-02  1.69355502e-02 -2.90997103e-06
  -9.00421577e-07 -3.69326320e-08  8.49663574e-01  9.23322756e-04
   1.61369128e-06 -4.06205758e-05  1.13484526e-05 -1.73242424e-06]
 [ 1.24831916e-02  1.18680681e-02  1.75462328e-02 -4.47179645e-06
  -1.91822963e-06 -2.72700708e-08  8.48297816e-01  9.40045075e-04
   1.68503669e-06 -3.91481037e-05  1.19704907e-05 -1.68568962e-06]
 [ 1.28317622e-02  1.23330649e-02  1.80455381e-02 -4.20346421e-06
   3.56714087e-07 -5.83977829e-08  8.47126047e-01  9.52814813e-04
   1.95972377e-06 -3.42835071e-05  1.23571663e-05 -1.51203160e-06]
 [ 1.33520157e-02  1.29084635e-02  1.83768419e-02 -5.39254548e-06
  -1.14234981e-06 -4.41756993e-08  8.46453765e-01  9.75018573e-04
   2.30139023e-06 -3.07022314e-05  1.31262532e-05 -1.44584168e-06]
 [ 1.38599098e-02  1.34166816e-02  1.88757090e-02 -5.73877164e-06
  -5.03140952e-06 -5.25386438e-09  8.45730322e-01  9.92520354e-04
   2.45290912e-06 -3.01656885e-05  1.39711119e-05 -1.49639137e-06]]
std error:
[[6.35953827e-05 8.34589186e-05 1.38585534e-04 1.12600380e-06
  1.43194641e-06 4.64161318e-08 2.41365461e-04 4.89680493e-06
  3.97896050e-07 2.80030595e-06 3.17787027e-08 1.48216922e-07]
 [8.76346596e-05 1.07261373e-04 9.36503588e-05 6.76212261e-07
  1.99241133e-06 6.67769241e-08 1.77610179e-04 1.36764685e-05
  5.41643903e-07 1.13570158e-06 2.18009944e-07 1.26516482e-07]
 [4.31052240e-05 8.66523725e-05 1.87107490e-04 1.02554670e-06
  1.48399735e-06 5.45838486e-08 1.75962807e-04 5.82247495e-06
  3.01267346e-07 2.15241709e-06 1.20975390e-07 1.32598324e-07]
 [7.70768165e-05 7.68696303e-05 8.89031858e-05 1.29413907e-06
  8.82047751e-07 5.91445013e-08 2.00687896e-04 5.43020333e-06
  2.39495788e-07 1.09689227e-06 1.47015348e-07 8.15140200e-08]
 [5.93670989e-05 5.36719342e-05 9.30123103e-05 1.39530949e-06
  1.11902660e-06 3.74995768e-08 1.90900931e-04 2.68245915e-06
  3.45727337e-07 2.66907473e-06 1.25788944e-07 1.00510479e-07]
 [2.28308632e-05 9.64895511e-05 6.95535917e-05 3.10350885e-06
  1.65154860e-06 7.02389433e-08 1.84353509e-04 9.85352332e-06
  2.82934740e-07 2.67027264e-06 1.28044684e-07 1.83516941e-07]
 [5.41142942e-05 6.05896654e-05 1.03297384e-04 9.95037978e-07
  6.09488954e-07 5.61427478e-08 2.21991756e-04 5.01684223e-06
  2.83862468e-07 3.12799032e-06 2.77982815e-08 1.51024918e-07]]
Done!, time = 3.8365776538848877s
