Begin!
Data shape = (250000, 5)
Begin sort function!
In centrality 0
In centrality 1
In centrality 2
In centrality 3
In centrality 4
In centrality 5
In centrality 6
end function sorter
Data shape = (250000, 5)
Begin sort function!
In centrality 0
In centrality 1
In centrality 2
In centrality 3
In centrality 4
In centrality 5
In centrality 6
end function sorter
Data shape = (250000, 5)
Begin sort function!
In centrality 0
In centrality 1
In centrality 2
In centrality 3
In centrality 4
In centrality 5
In centrality 6
end function sorter
Data shape = (250000, 5)
Begin sort function!
In centrality 0
In centrality 1
In centrality 2
In centrality 3
In centrality 4
In centrality 5
In centrality 6
end function sorter
Final results shape = (4, 7, 12)
mean value:
[[ 1.33356281e-02  1.06445744e-02  1.59665960e-02  7.80348680e-06
  -1.15322763e-06 -3.57074574e-07  8.17866237e-01  1.74853214e-03
   1.37863767e-05 -8.58489634e-05  2.40947839e-05 -4.25207744e-06]
 [ 1.42516661e-02  1.11023963e-02  1.68745308e-02  7.12901026e-07
  -1.45049737e-06 -4.10537333e-07  8.11483181e-01  1.74189666e-03
   1.33176875e-05 -8.76319190e-05  2.56248477e-05 -4.55491985e-06]
 [ 1.48245162e-02  1.16544288e-02  1.74026488e-02 -3.08682358e-06
  -2.89387210e-06 -3.21910485e-07  8.07211270e-01  1.76143648e-03
   1.52974881e-05 -8.90085749e-05  2.65963481e-05 -4.63133723e-06]
 [ 1.54150415e-02  1.20762192e-02  1.79953013e-02 -7.08555716e-06
  -1.03445382e-06 -2.52259052e-07  8.03705636e-01  1.77896065e-03
   1.36888803e-05 -8.96445945e-05  2.82362199e-05 -4.80939930e-06]
 [ 1.59906865e-02  1.26690837e-02  1.84842634e-02 -1.08817822e-05
  -3.24462505e-06 -1.26705564e-07  8.01496798e-01  1.80858306e-03
   1.63450200e-05 -8.59243287e-05  2.97086582e-05 -4.80139236e-06]
 [ 1.64546724e-02  1.32577358e-02  1.90987345e-02 -1.01123574e-05
  -2.90110337e-06 -1.33166280e-07  7.99973705e-01  1.84018452e-03
   1.73721634e-05 -8.51376207e-05  3.07938665e-05 -4.81292814e-06]
 [ 1.68833894e-02  1.37627108e-02  1.94824887e-02 -1.12812141e-05
  -2.84937552e-06 -2.14267747e-07  7.98517272e-01  1.84782922e-03
   1.76679612e-05 -8.44965731e-05  3.18143249e-05 -4.88532749e-06]]
std error:
[[9.90636326e-05 3.73902839e-05 1.51698556e-04 3.40725855e-06
  1.21818505e-06 6.20069387e-08 2.05620855e-04 1.53449704e-05
  1.26244580e-06 4.44600678e-06 3.56503268e-07 2.98931185e-07]
 [4.58499251e-05 4.73412956e-05 1.27769020e-04 3.90765649e-06
  1.76443856e-06 7.82893476e-08 1.98843573e-04 7.61349505e-06
  1.50368080e-06 3.92908666e-06 4.23595141e-07 1.93363775e-07]
 [1.72752663e-05 1.05811135e-04 1.54584057e-04 1.80064644e-06
  1.45418016e-06 6.90271330e-08 3.85681598e-04 1.89438800e-05
  9.93720121e-07 1.80755396e-06 4.60385200e-07 1.10460915e-07]
 [4.34669560e-05 1.15646337e-04 1.23894118e-04 9.91317173e-07
  1.59265328e-06 1.05513067e-07 2.10151101e-04 1.21891973e-05
  1.13017582e-06 2.97797786e-06 3.15344378e-07 2.57878422e-07]
 [3.02232052e-05 4.97677259e-05 9.26977983e-05 1.57042706e-06
  1.16023284e-06 1.28522082e-07 4.13373653e-04 1.92838225e-05
  6.93207009e-07 4.45187453e-06 2.73627344e-07 3.16978543e-07]
 [5.65575525e-05 8.67368929e-05 1.48720732e-04 3.58998731e-06
  2.81112895e-06 1.27206411e-07 1.65218514e-04 1.37695167e-05
  1.07168023e-06 3.97277115e-06 2.77894299e-07 2.22168725e-07]
 [9.40726441e-05 7.27457331e-05 1.43207090e-04 1.69817216e-06
  1.06739169e-06 1.03264040e-07 2.80043916e-04 1.24291330e-05
  6.15562619e-07 2.98248080e-06 4.09610209e-07 2.43622326e-07]]
Done!, time = 4.042295455932617s
