Begin!
Data shape = (250000, 5)
Begin sort function!
In centrality 0
In centrality 1
In centrality 2
In centrality 3
In centrality 4
In centrality 5
In centrality 6
end function sorter
Data shape = (250000, 5)
Begin sort function!
In centrality 0
In centrality 1
In centrality 2
In centrality 3
In centrality 4
In centrality 5
In centrality 6
end function sorter
Data shape = (250000, 5)
Begin sort function!
In centrality 0
In centrality 1
In centrality 2
In centrality 3
In centrality 4
In centrality 5
In centrality 6
end function sorter
Data shape = (250000, 5)
Begin sort function!
In centrality 0
In centrality 1
In centrality 2
In centrality 3
In centrality 4
In centrality 5
In centrality 6
end function sorter
Final results shape = (4, 7, 12)
mean value:
[[ 1.47280962e-02  9.98232764e-03  1.42202389e-02  1.84645645e-05
  -7.59131975e-07 -8.79331076e-07  8.76701986e-01  2.42971183e-03
   2.34291873e-05 -1.54839805e-04  3.84373779e-05 -8.67229274e-06]
 [ 1.58771551e-02  1.05935119e-02  1.51262905e-02  1.11482120e-05
  -2.51485673e-06 -8.66965251e-07  8.68548930e-01  2.43716511e-03
   2.92924647e-05 -1.54136945e-04  4.00263073e-05 -9.07087539e-06]
 [ 1.68297145e-02  1.11630995e-02  1.59592165e-02  5.94615700e-06
  -5.58254706e-07 -8.45263426e-07  8.63445164e-01  2.46386818e-03
   2.91048488e-05 -1.59000825e-04  4.31644053e-05 -9.55088826e-06]
 [ 1.76208900e-02  1.18057791e-02  1.66707852e-02 -2.90790791e-06
  -5.10338553e-08 -7.66325986e-07  8.59600229e-01  2.51358268e-03
   3.00327336e-05 -1.56974549e-04  4.59378891e-05 -9.81181252e-06]
 [ 1.82460925e-02  1.24911835e-02  1.73846559e-02 -1.34714992e-06
  -1.04226469e-06 -7.27810617e-07  8.57515297e-01  2.57060646e-03
   3.31730314e-05 -1.58779275e-04  4.84867183e-05 -1.03264524e-05]
 [ 1.89999306e-02  1.30501371e-02  1.78612871e-02 -1.00676482e-05
  -1.28799538e-06 -6.08976043e-07  8.55931736e-01  2.62513520e-03
   3.37242328e-05 -1.54833016e-04  5.12005260e-05 -1.02140097e-05]
 [ 1.96776054e-02  1.36750777e-02  1.83815643e-02 -1.11400971e-05
  -2.65742488e-06 -4.96935689e-07  8.54720749e-01  2.65128741e-03
   3.45660607e-05 -1.51948404e-04  5.36804102e-05 -1.06543095e-05]]
std error:
[[1.17225789e-04 7.33272736e-05 1.07828397e-04 1.95360112e-06
  1.65896992e-06 1.57128367e-07 1.37561966e-04 1.62844955e-05
  2.56134163e-06 6.55019338e-06 2.01663397e-07 3.49681770e-07]
 [1.39872356e-04 1.33146827e-05 7.32939416e-05 3.17643093e-06
  1.28129075e-06 6.24587450e-08 4.11584467e-04 2.91391393e-05
  3.57297686e-06 4.58361155e-06 4.83294866e-07 3.66824347e-07]
 [4.56003884e-05 5.07143376e-05 4.10611709e-05 2.03489715e-06
  2.12388353e-06 1.69083399e-07 1.02973178e-04 3.51080550e-05
  3.57666131e-06 2.04641590e-06 8.93114892e-07 2.35686652e-07]
 [6.36173405e-05 1.05447243e-04 4.36769668e-05 3.08038436e-06
  5.76644943e-07 1.26308406e-07 1.69003109e-04 1.08676588e-05
  2.26921761e-06 2.22096976e-06 2.69860420e-07 2.19623084e-07]
 [6.68057442e-05 7.60453705e-05 1.44079477e-04 2.28953025e-06
  2.71187100e-06 9.23807469e-08 2.08034701e-04 2.62074711e-05
  6.85001341e-07 4.54591585e-06 8.39719515e-07 3.28503698e-07]
 [6.92378800e-05 2.68658829e-05 5.27303777e-05 1.63756829e-06
  9.29939970e-07 1.10673782e-07 2.88196201e-04 1.49320032e-05
  1.06889896e-06 7.18446692e-06 3.82257605e-07 5.33246270e-07]
 [4.76205429e-05 2.08720893e-05 1.09636329e-04 4.22420391e-06
  8.14086041e-07 1.34033871e-07 2.58450932e-04 2.15234595e-05
  1.06255717e-06 7.03204824e-06 5.81056735e-07 5.22228747e-07]]
Done!, time = 4.506988525390625s
