Begin!
Data shape = (250000, 5)
Begin sort function!
In centrality 0
In centrality 1
In centrality 2
In centrality 3
In centrality 4
In centrality 5
In centrality 6
end function sorter
Data shape = (250000, 5)
Begin sort function!
In centrality 0
In centrality 1
In centrality 2
In centrality 3
In centrality 4
In centrality 5
In centrality 6
end function sorter
Data shape = (250000, 5)
Begin sort function!
In centrality 0
In centrality 1
In centrality 2
In centrality 3
In centrality 4
In centrality 5
In centrality 6
end function sorter
Data shape = (250000, 5)
Begin sort function!
In centrality 0
In centrality 1
In centrality 2
In centrality 3
In centrality 4
In centrality 5
In centrality 6
end function sorter
Final results shape = (4, 7, 12)
mean value:
[[ 1.59464396e-02  1.06973765e-02  1.57529496e-02  4.88870691e-05
  -1.43732600e-06 -8.24902329e-07  8.21792404e-01  1.91374547e-03
   1.56366224e-05 -1.65544656e-04  3.28401588e-05 -1.08500405e-05]
 [ 1.73895592e-02  1.12536127e-02  1.65750326e-02  4.09892483e-05
  -2.64408297e-06 -1.34009320e-06  8.13846892e-01  1.90976259e-03
   1.61223045e-05 -1.83306024e-04  3.57451581e-05 -1.26998886e-05]
 [ 1.84920915e-02  1.17365934e-02  1.72908931e-02  3.01997245e-05
  -6.95318180e-07 -1.31416869e-06  8.09223145e-01  1.92697088e-03
   1.65564238e-05 -1.91610259e-04  3.77832522e-05 -1.33531837e-05]
 [ 1.93973353e-02  1.22518838e-02  1.80253491e-02  2.43002449e-05
  -3.69535917e-07 -1.31003645e-06  8.04998128e-01  1.95609547e-03
   1.59991745e-05 -1.95479909e-04  4.00582214e-05 -1.44979736e-05]
 [ 2.01949878e-02  1.27491862e-02  1.84911090e-02  1.42754183e-05
  -1.93717961e-07 -1.38299471e-06  8.02515316e-01  1.96400667e-03
   1.90895650e-05 -1.93930710e-04  4.14333697e-05 -1.45098520e-05]
 [ 2.07655524e-02  1.33327597e-02  1.92666565e-02  1.80643322e-05
  -1.05547282e-06 -1.15066899e-06  8.00458315e-01  1.98228358e-03
   1.91223693e-05 -1.96035861e-04  4.26943972e-05 -1.50857625e-05]
 [ 2.13962398e-02  1.38502202e-02  1.97861672e-02  1.07388543e-05
  -6.45716325e-06 -1.41143569e-06  7.98708918e-01  2.03617372e-03
   2.16932836e-05 -1.95975896e-04  4.55784579e-05 -1.52760401e-05]]
std error:
[[1.35891089e-04 7.50219734e-05 9.41976997e-05 4.02138765e-06
  5.66859050e-07 2.03772281e-07 4.00624201e-04 1.61602126e-05
  8.48373105e-07 7.99457775e-06 2.89941250e-07 6.27226186e-07]
 [1.17246763e-04 5.88306764e-05 6.63230909e-05 4.41076297e-06
  1.53672319e-06 2.08430725e-07 2.59853402e-04 1.26763282e-05
  2.13607996e-06 8.11333674e-06 2.71573601e-07 6.48332989e-07]
 [1.33683024e-04 3.25092833e-05 8.49969026e-05 4.13538243e-06
  2.06272904e-06 2.18548702e-07 3.72701540e-04 7.00791905e-06
  6.79540724e-07 6.86363110e-06 5.50097080e-07 5.38575331e-07]
 [7.67477216e-05 4.04100642e-05 4.39662511e-05 3.67012784e-06
  9.15197178e-07 2.51306951e-07 1.53590639e-04 2.18007408e-05
  9.38463130e-07 3.03265511e-06 6.12793811e-07 4.75786860e-07]
 [1.30735031e-04 5.18447639e-05 1.18574964e-04 1.17314657e-06
  1.88153522e-06 2.17301437e-07 1.91270623e-04 1.22066404e-05
  1.71184846e-06 5.37147214e-06 3.76899780e-07 4.57462993e-07]
 [3.74817293e-05 8.73188782e-05 5.14236978e-05 5.11287735e-06
  1.97226066e-06 9.76255090e-08 2.93666032e-04 8.18253070e-06
  4.96729124e-07 4.98909830e-06 1.87424508e-07 5.09193382e-07]
 [7.28919856e-05 8.83836224e-05 9.81797032e-05 4.34495132e-06
  1.89027795e-06 2.02558582e-07 2.56590837e-04 2.25324295e-05
  9.15506089e-07 5.53696071e-06 5.98827411e-07 5.12057518e-07]]
Done!, time = 4.243812322616577s
