Begin!
Data shape = (250000, 5)
Begin sort function!
In centrality 0
In centrality 1
In centrality 2
In centrality 3
In centrality 4
In centrality 5
In centrality 6
end function sorter
Data shape = (250000, 5)
Begin sort function!
In centrality 0
In centrality 1
In centrality 2
In centrality 3
In centrality 4
In centrality 5
In centrality 6
end function sorter
Data shape = (250000, 5)
Begin sort function!
In centrality 0
In centrality 1
In centrality 2
In centrality 3
In centrality 4
In centrality 5
In centrality 6
end function sorter
Data shape = (250000, 5)
Begin sort function!
In centrality 0
In centrality 1
In centrality 2
In centrality 3
In centrality 4
In centrality 5
In centrality 6
end function sorter
Final results shape = (4, 7, 12)
mean value:
[[ 1.56386420e-02  1.04148261e-02  1.52977228e-02  2.13500857e-05
  -1.19958737e-06 -1.17980396e-06  8.59132360e-01  9.31106587e-04
  -1.71553006e-06 -1.86090099e-04  1.74478772e-05 -1.07055795e-05]
 [ 1.68558422e-02  1.08814497e-02  1.60259478e-02  5.86036640e-06
  -2.76007428e-06 -9.82155583e-07  8.55468053e-01  9.37966255e-04
  -2.99236174e-07 -1.78328984e-04  1.78888243e-05 -1.06115430e-05]
 [ 1.76168719e-02  1.13333114e-02  1.68013238e-02 -1.69056136e-07
  -1.67800724e-06 -8.79950358e-07  8.53224008e-01  9.54445509e-04
   6.18582869e-07 -1.73710635e-04  1.84997156e-05 -1.05969523e-05]
 [ 1.82976821e-02  1.19514029e-02  1.76121789e-02 -7.82398115e-06
   8.93697122e-07 -6.58650559e-07  8.51260336e-01  9.70779636e-04
   2.03126913e-06 -1.72292645e-04  1.91735666e-05 -1.08547978e-05]
 [ 1.88743774e-02  1.25261168e-02  1.81919441e-02 -1.28957319e-05
  -1.43604335e-06 -4.66200578e-07  8.49938929e-01  9.75289632e-04
   2.40253774e-06 -1.64521167e-04  1.95914664e-05 -1.06870831e-05]
 [ 1.94437599e-02  1.31187813e-02  1.87659897e-02 -1.35958476e-05
  -1.23333040e-06 -4.69340443e-07  8.49197935e-01  9.87304209e-04
   2.55512906e-06 -1.59874953e-04  2.02677190e-05 -1.07045388e-05]
 [ 1.99443584e-02  1.37134684e-02  1.93065430e-02 -1.93298012e-05
  -5.64950501e-06 -5.83065501e-07  8.48412586e-01  1.00448426e-03
   3.40465971e-06 -1.53626631e-04  2.09789470e-05 -1.05420898e-05]]
std error:
[[1.05800787e-04 9.47083128e-05 9.00971894e-05 4.70066581e-06
  1.10081766e-06 1.43459910e-07 1.52437196e-04 1.23795752e-05
  4.59122813e-07 8.44670947e-06 4.99036036e-07 7.26421624e-07]
 [1.07414092e-04 1.08490223e-04 9.10367021e-05 3.46231781e-06
  7.75941188e-07 2.04672649e-07 2.37698818e-04 1.01537516e-05
  4.78940579e-07 5.06387130e-06 3.45032622e-07 3.48398785e-07]
 [1.49082198e-04 9.24061332e-05 9.93443329e-05 6.55020457e-06
  6.56539690e-07 1.08992646e-07 1.22326423e-04 4.30538947e-06
  3.54224021e-07 5.12849128e-06 2.78805660e-07 4.27620945e-07]
 [5.47473917e-05 2.42051954e-05 1.83090367e-04 1.59309376e-06
  1.50342642e-06 2.23304667e-07 1.07738221e-04 1.11393056e-05
  3.73255628e-07 1.39648966e-06 2.82690103e-07 1.14232360e-07]
 [8.15646741e-05 1.68221784e-05 5.31755210e-05 3.22410303e-06
  8.24606047e-07 1.58745447e-07 7.47791552e-05 7.46807669e-06
  4.76769092e-07 1.82934363e-06 1.71531644e-07 2.36075214e-07]
 [8.12528588e-05 2.53959467e-05 1.27354131e-04 3.18657224e-06
  1.11196141e-06 2.83139963e-08 9.29225493e-05 7.38804231e-06
  4.68660797e-07 4.92961973e-06 2.43252589e-07 3.95659040e-07]
 [7.97345507e-05 8.69912989e-05 7.69864725e-05 4.45931005e-06
  1.77701568e-06 1.32199250e-07 2.79477146e-04 4.09822209e-06
  3.01953432e-07 1.75149974e-06 2.07968208e-07 2.43322698e-07]]
Done!, time = 4.1264519691467285s
