Begin!
Data shape = (250000, 5)
Begin sort function!
In centrality 0
In centrality 1
In centrality 2
In centrality 3
In centrality 4
In centrality 5
In centrality 6
end function sorter
Data shape = (250000, 5)
Begin sort function!
In centrality 0
In centrality 1
In centrality 2
In centrality 3
In centrality 4
In centrality 5
In centrality 6
end function sorter
Data shape = (250000, 5)
Begin sort function!
In centrality 0
In centrality 1
In centrality 2
In centrality 3
In centrality 4
In centrality 5
In centrality 6
end function sorter
Data shape = (250000, 5)
Begin sort function!
In centrality 0
In centrality 1
In centrality 2
In centrality 3
In centrality 4
In centrality 5
In centrality 6
end function sorter
Final results shape = (4, 7, 12)
mean value:
[[ 1.16911564e-02  1.04849641e-02  1.56909308e-02  7.11928660e-06
   5.08828323e-07 -1.28142421e-07  8.92236112e-01  6.08533313e-03
   2.02742033e-04 -6.44911930e-05  6.94287689e-05 -2.91423454e-06]
 [ 1.23535733e-02  1.11528983e-02  1.65753717e-02  9.65736381e-06
  -1.24150256e-06 -1.87373716e-07  8.74595037e-01  5.83293185e-03
   1.89057979e-04 -5.40104501e-05  7.17426593e-05 -2.69273858e-06]
 [ 1.28900616e-02  1.16320833e-02  1.71327758e-02  9.88886627e-06
  -1.66624453e-06 -1.92836120e-07  8.65149638e-01  5.79373707e-03
   1.96459279e-04 -6.46605473e-05  7.31610790e-05 -3.57029993e-06]
 [ 1.35527265e-02  1.22553825e-02  1.78535555e-02  7.55349239e-06
  -1.76467146e-06 -1.55293578e-07  8.57073298e-01  5.88384710e-03
   1.93561772e-04 -6.23507320e-05  7.88576974e-05 -3.45544909e-06]
 [ 1.40578608e-02  1.27423237e-02  1.85266512e-02  8.94545170e-06
  -2.03557167e-06 -2.77035995e-08  8.52855611e-01  6.02181193e-03
   2.09571329e-04 -7.25705850e-05  8.44656439e-05 -4.20921509e-06]
 [ 1.45436676e-02  1.32993499e-02  1.89218401e-02  3.53431640e-06
  -1.48869584e-06 -2.50152889e-07  8.49879978e-01  6.07156236e-03
   2.01947389e-04 -5.86094329e-05  8.72294947e-05 -3.32975656e-06]
 [ 1.50505199e-02  1.37608873e-02  1.94779172e-02  6.18887693e-06
  -1.90680428e-06 -7.17642984e-08  8.48137402e-01  6.21209067e-03
   2.09619295e-04 -6.53088531e-05  9.34144981e-05 -3.77393934e-06]]
std error:
[[1.17825537e-04 7.22946498e-05 9.30849048e-05 1.41689502e-06
  5.62854456e-07 1.71745586e-08 8.98226531e-04 1.00185562e-04
  1.10756000e-05 2.88320660e-06 1.68585457e-06 2.16997248e-07]
 [1.40939023e-04 1.29095870e-04 8.59813466e-05 2.80534324e-06
  2.19623572e-06 5.58339282e-08 9.34042711e-04 2.99039148e-05
  1.24083301e-05 1.26324666e-05 1.56477737e-06 6.99683345e-07]
 [9.66478804e-05 5.98884180e-05 7.43270150e-05 7.39444162e-07
  1.74874525e-06 8.53018887e-08 5.98167597e-04 9.08849585e-05
  1.44022687e-05 1.31926129e-05 1.26780146e-06 5.95729185e-07]
 [5.49988243e-05 1.51648044e-05 1.00730969e-04 2.63411199e-06
  7.53326541e-07 5.45942511e-08 3.60576582e-04 9.06241989e-05
  1.01627608e-05 3.43208442e-06 1.46914450e-06 4.07792156e-07]
 [2.62213838e-05 6.52863142e-05 5.14699990e-05 1.23246611e-06
  2.02117674e-06 9.09381692e-08 4.52267819e-04 4.73743185e-05
  2.78104538e-06 2.72005323e-06 5.19459746e-07 5.77222922e-07]
 [1.24805763e-04 4.12545308e-05 8.05745614e-05 2.97155087e-06
  1.25624145e-06 5.24285026e-08 5.87457035e-04 4.18175344e-05
  7.64633228e-06 8.00402933e-06 7.80879569e-07 5.04529977e-07]
 [8.17630676e-05 3.49286997e-05 4.49451782e-05 1.41481730e-06
  2.09039380e-06 1.29937382e-07 2.87760549e-04 5.46302096e-05
  4.82737257e-06 4.12630801e-06 1.10088793e-06 2.24852232e-07]]
Done!, time = 3.9996304512023926s
