Begin!
Data shape = (250000, 5)
Begin sort function!
In centrality 0
In centrality 1
In centrality 2
In centrality 3
In centrality 4
In centrality 5
In centrality 6
end function sorter
Data shape = (250000, 5)
Begin sort function!
In centrality 0
In centrality 1
In centrality 2
In centrality 3
In centrality 4
In centrality 5
In centrality 6
end function sorter
Data shape = (250000, 5)
Begin sort function!
In centrality 0
In centrality 1
In centrality 2
In centrality 3
In centrality 4
In centrality 5
In centrality 6
end function sorter
Data shape = (250000, 5)
Begin sort function!
In centrality 0
In centrality 1
In centrality 2
In centrality 3
In centrality 4
In centrality 5
In centrality 6
end function sorter
Final results shape = (4, 7, 12)
mean value:
[[ 1.20566249e-02  1.11779628e-02  1.56925192e-02  2.05462650e-05
  -1.63180200e-06 -9.85998190e-08  7.65382290e-01  7.19687639e-04
   1.48031802e-06 -5.85279281e-05  9.42311582e-06 -3.13967408e-06]
 [ 1.30560389e-02  1.16781993e-02  1.64570340e-02  2.23734095e-05
  -5.45166199e-07  2.66644247e-09  7.62023668e-01  7.29370333e-04
   1.92197996e-06 -6.17324765e-05  1.01671237e-05 -3.58543037e-06]
 [ 1.37627663e-02  1.20258433e-02  1.70043974e-02  1.81029928e-05
  -2.02604732e-06 -2.14700043e-07  7.59518755e-01  7.34981783e-04
   2.12258069e-06 -6.47100017e-05  1.08438672e-05 -3.67123045e-06]
 [ 1.44224686e-02  1.23840573e-02  1.75842156e-02  2.07107677e-05
  -1.91755361e-06 -1.97563674e-07  7.57629107e-01  7.41295722e-04
   2.25651121e-06 -6.57851605e-05  1.13693215e-05 -3.93730699e-06]
 [ 1.48741187e-02  1.28108106e-02  1.80170360e-02  1.34336576e-05
  -2.76630470e-06 -7.33996096e-08  7.56405137e-01  7.51139115e-04
   2.42731935e-06 -6.69150339e-05  1.17752463e-05 -3.99550433e-06]
 [ 1.54042546e-02  1.31519348e-02  1.84191218e-02  1.63955860e-05
  -2.88163643e-06 -4.36652657e-07  7.55179987e-01  7.70143937e-04
   2.72819634e-06 -6.83991348e-05  1.25120678e-05 -4.23064070e-06]
 [ 1.59884435e-02  1.35111423e-02  1.88129357e-02  1.07029080e-05
  -2.37752400e-06 -3.31573487e-07  7.53794843e-01  7.76851000e-04
   2.72127883e-06 -6.79545512e-05  1.30293498e-05 -4.23556824e-06]]
std error:
[[1.90410075e-04 8.70388156e-05 1.12051060e-04 3.85916559e-06
  1.70824942e-06 9.63617639e-08 1.69025936e-04 8.55747840e-06
  2.79160598e-07 2.11974185e-06 2.06924966e-07 1.20977842e-07]
 [6.18854091e-05 7.55861993e-05 1.31292692e-04 1.13668040e-06
  2.97376432e-06 2.25396743e-07 1.84316047e-04 9.19381324e-06
  4.39062289e-07 2.85858938e-06 1.38515947e-07 1.35603774e-07]
 [1.51508301e-04 2.60419983e-05 7.10265367e-05 2.63401008e-06
  2.04811632e-06 3.79134830e-08 1.39323481e-04 3.71852280e-06
  7.05803542e-08 1.13709231e-06 1.56436472e-07 1.00632024e-07]
 [9.34213053e-05 7.65382323e-05 9.10805817e-05 2.36523824e-06
  2.95261897e-06 1.16716455e-07 1.67508934e-04 6.04720044e-06
  3.37163665e-07 2.68346912e-06 9.78338967e-08 2.11702358e-07]
 [1.47009635e-04 5.28530565e-05 4.89662029e-05 3.42545120e-06
  1.21053779e-06 1.64052567e-07 8.93509619e-05 4.38390668e-06
  3.75442398e-07 3.20741993e-06 2.51215217e-07 2.60712023e-07]
 [5.28288559e-05 6.15585990e-05 2.90844199e-05 4.01830563e-06
  5.75914718e-07 8.27972256e-08 1.64202455e-04 8.56587768e-06
  1.79801818e-07 1.23750239e-06 2.42303371e-07 1.25009401e-07]
 [1.45357709e-05 4.69888366e-05 2.90029866e-05 1.44651248e-06
  7.10950629e-07 6.31769281e-08 1.68009247e-04 5.20793643e-06
  2.38673571e-07 2.35295303e-06 8.68440581e-08 1.19415250e-07]]
Done!, time = 3.799504280090332s
