Begin!
Data shape = (250000, 5)
Begin sort function!
In centrality 0
In centrality 1
In centrality 2
In centrality 3
In centrality 4
In centrality 5
In centrality 6
end function sorter
Data shape = (250000, 5)
Begin sort function!
In centrality 0
In centrality 1
In centrality 2
In centrality 3
In centrality 4
In centrality 5
In centrality 6
end function sorter
Data shape = (250000, 5)
Begin sort function!
In centrality 0
In centrality 1
In centrality 2
In centrality 3
In centrality 4
In centrality 5
In centrality 6
end function sorter
Data shape = (250000, 5)
Begin sort function!
In centrality 0
In centrality 1
In centrality 2
In centrality 3
In centrality 4
In centrality 5
In centrality 6
end function sorter
Final results shape = (4, 7, 12)
mean value:
[[ 1.59493970e-02  1.00086217e-02  1.45624044e-02  4.74159929e-05
   7.94158375e-07 -1.03045192e-06  9.07667244e-01  7.70414527e-03
   3.82307241e-04 -1.27363532e-04  1.21529489e-04 -8.87338428e-06]
 [ 1.74668518e-02  1.07829614e-02  1.54913949e-02  4.36264668e-05
  -6.61782633e-07 -1.65052601e-06  8.86058405e-01  7.41721678e-03
   3.82080807e-04 -1.36705623e-04  1.29356479e-04 -9.93672292e-06]
 [ 1.85085998e-02  1.13755326e-02  1.63423262e-02  3.73119457e-05
   9.01120705e-08 -1.75770682e-06  8.74235531e-01  7.40912880e-03
   3.81072028e-04 -1.59077719e-04  1.34549648e-04 -1.17768128e-05]
 [ 1.95472591e-02  1.21163404e-02  1.71137086e-02  3.08502726e-05
  -1.05418560e-06 -1.72616658e-06  8.65260589e-01  7.54068774e-03
   3.86914331e-04 -1.73351756e-04  1.44989455e-04 -1.27805374e-05]
 [ 2.03279223e-02  1.26698784e-02  1.77635816e-02  3.01348844e-05
  -4.16888126e-07 -1.95460112e-06  8.60787077e-01  7.67717383e-03
   3.91296186e-04 -1.79637794e-04  1.55065456e-04 -1.43461364e-05]
 [ 2.09640305e-02  1.32656058e-02  1.83170449e-02  2.72681756e-05
   1.24254525e-06 -1.73246482e-06  8.58677827e-01  7.96885669e-03
   4.26634316e-04 -1.91256023e-04  1.63825191e-04 -1.51830583e-05]
 [ 2.17557187e-02  1.37841191e-02  1.87271354e-02  1.84217256e-05
  -1.31697881e-06 -1.64330748e-06  8.57004721e-01  8.13102668e-03
   4.24868243e-04 -1.95225122e-04  1.74186494e-04 -1.59283559e-05]]
std error:
[[8.74251283e-05 1.63743160e-04 1.19109545e-04 8.52142337e-06
  1.08402887e-06 3.70345214e-07 6.21800901e-04 8.17315928e-05
  1.87300178e-05 1.37391353e-05 1.40778059e-06 9.62412875e-07]
 [1.53859871e-04 1.69698350e-04 7.53642013e-05 3.84427084e-06
  8.69947855e-07 7.52316448e-08 1.10936618e-03 7.14022914e-05
  1.47912145e-05 1.39837462e-05 3.18584031e-07 1.22082739e-06]
 [1.05635530e-04 3.71250601e-05 6.00805713e-05 2.88452193e-06
  1.86179198e-06 2.09169471e-07 2.27501598e-04 5.17916512e-05
  1.47301093e-05 7.01057324e-06 1.85844679e-06 9.71943018e-07]
 [1.59961334e-04 1.07135082e-04 6.91295941e-05 2.75693510e-06
  8.19209954e-07 4.07560688e-07 3.45258476e-04 3.95444794e-05
  3.88606435e-06 1.28380399e-05 1.61777207e-06 1.04129336e-06]
 [4.76566921e-05 8.84483897e-05 7.14199644e-05 1.26398713e-06
  1.94975170e-06 1.13658345e-07 4.76443613e-04 9.74057591e-05
  2.66812024e-05 6.79711990e-06 2.31521318e-06 5.04848130e-07]
 [1.03475483e-04 5.79823536e-05 1.26744526e-04 7.79310515e-06
  2.26310337e-06 2.66467012e-07 5.70584971e-04 9.92776249e-05
  1.10540595e-05 1.73875247e-05 2.06226792e-06 1.48375639e-06]
 [1.29861720e-04 9.23951103e-05 9.33546215e-05 9.97835764e-06
  1.90595892e-06 2.62879202e-07 6.60136545e-04 4.45270386e-05
  9.30761997e-06 1.81823154e-05 1.08828200e-06 2.05441809e-06]]
Done!, time = 4.243041038513184s
