Begin!
Data shape = (250000, 5)
Begin sort function!
In centrality 0
In centrality 1
In centrality 2
In centrality 3
In centrality 4
In centrality 5
In centrality 6
end function sorter
Data shape = (250000, 5)
Begin sort function!
In centrality 0
In centrality 1
In centrality 2
In centrality 3
In centrality 4
In centrality 5
In centrality 6
end function sorter
Data shape = (250000, 5)
Begin sort function!
In centrality 0
In centrality 1
In centrality 2
In centrality 3
In centrality 4
In centrality 5
In centrality 6
end function sorter
Data shape = (250000, 5)
Begin sort function!
In centrality 0
In centrality 1
In centrality 2
In centrality 3
In centrality 4
In centrality 5
In centrality 6
end function sorter
Final results shape = (4, 7, 12)
mean value:
[[ 1.11446633e-02  1.04133282e-02  1.57619570e-02 -1.31675358e-06
  -1.74548545e-06 -2.90400940e-08  8.63340332e-01  1.97498694e-03
   1.97289849e-05 -4.72154108e-05  2.21740762e-05 -1.95596770e-06]
 [ 1.15562767e-02  1.08913861e-02  1.63271528e-02  1.10280057e-06
  -2.46994268e-06 -6.33912514e-08  8.57435431e-01  1.96817635e-03
   1.80483019e-05 -4.18709893e-05  2.28535832e-05 -1.87850401e-06]
 [ 1.19942797e-02  1.14038430e-02  1.69371745e-02 -3.80686114e-06
  -2.47642134e-06 -3.04261127e-08  8.53948844e-01  1.98536865e-03
   1.77499022e-05 -4.41934224e-05  2.42244105e-05 -1.94391735e-06]
 [ 1.24483166e-02  1.19616818e-02  1.74113670e-02 -4.17683940e-06
  -6.08259423e-07 -3.71640718e-08  8.51080576e-01  2.00510832e-03
   1.86006772e-05 -3.86048789e-05  2.53389950e-05 -1.70122662e-06]
 [ 1.28970832e-02  1.24980926e-02  1.80033406e-02 -6.62940784e-06
  -3.31095617e-07 -2.39559693e-08  8.49169889e-01  2.02494716e-03
   1.95364742e-05 -3.90335099e-05  2.65321404e-05 -1.74667094e-06]
 [ 1.33292129e-02  1.30495117e-02  1.85027683e-02 -5.16280527e-06
  -3.23719643e-06 -4.76032917e-08  8.48030020e-01  2.04448371e-03
   2.06220543e-05 -3.65225732e-05  2.75415599e-05 -1.66227137e-06]
 [ 1.38977980e-02  1.34768054e-02  1.89348233e-02 -5.31557164e-06
  -2.38016127e-06 -1.81609155e-08  8.46965391e-01  2.09172765e-03
   2.09192656e-05 -3.57812762e-05  2.92688482e-05 -1.79265208e-06]]
std error:
[[9.24417320e-05 7.98395232e-05 1.09568646e-04 1.11391886e-06
  1.20578966e-06 2.29175091e-08 2.62469067e-04 2.27092765e-05
  1.44372367e-06 1.82707008e-06 2.62440268e-07 9.28775575e-08]
 [7.17472441e-05 5.22571819e-05 9.42270326e-05 8.87359764e-07
  2.08242522e-06 6.22734964e-08 1.48866778e-04 1.10045783e-05
  2.46809916e-06 4.05349729e-06 3.31899427e-07 2.48298171e-07]
 [3.17404274e-05 4.88200506e-05 7.14678484e-05 2.51732388e-07
  1.30094565e-06 2.99623014e-08 2.31329876e-04 1.61398863e-05
  1.30912335e-06 1.50358064e-06 2.08899188e-07 3.99717704e-08]
 [6.20778926e-05 3.11904056e-05 6.32489099e-05 1.91335890e-06
  8.28077972e-07 6.10413515e-08 3.14544615e-04 1.57278561e-05
  1.40713574e-06 1.13421841e-06 2.64731446e-07 1.10202631e-07]
 [5.36601498e-05 3.11592013e-05 1.88412384e-05 8.36021694e-07
  7.02245774e-07 6.02476565e-08 2.74430155e-04 1.52471427e-05
  7.83587081e-07 3.82626594e-06 2.75145817e-07 2.45811521e-07]
 [8.10740579e-05 5.30619901e-05 1.53087627e-04 2.64622784e-06
  8.39345529e-07 4.85085672e-08 1.75704441e-04 1.39628254e-05
  9.08767728e-07 2.78898299e-06 4.28585984e-07 1.93816103e-07]
 [3.60274516e-05 3.99178930e-05 1.06115926e-04 1.76540823e-06
  7.50578859e-07 1.16138179e-07 9.33846782e-05 1.65240004e-05
  1.04035188e-06 2.07776774e-06 3.03339378e-07 2.31644805e-07]]
Done!, time = 4.101304054260254s
