Begin!
Data shape = (250000, 5)
Begin sort function!
In centrality 0
In centrality 1
In centrality 2
In centrality 3
In centrality 4
In centrality 5
In centrality 6
end function sorter
Data shape = (250000, 5)
Begin sort function!
In centrality 0
In centrality 1
In centrality 2
In centrality 3
In centrality 4
In centrality 5
In centrality 6
end function sorter
Data shape = (250000, 5)
Begin sort function!
In centrality 0
In centrality 1
In centrality 2
In centrality 3
In centrality 4
In centrality 5
In centrality 6
end function sorter
Data shape = (250000, 5)
Begin sort function!
In centrality 0
In centrality 1
In centrality 2
In centrality 3
In centrality 4
In centrality 5
In centrality 6
end function sorter
Final results shape = (4, 7, 12)
mean value:
[[ 1.17630412e-02  1.10189392e-02  1.54296193e-02  5.81944267e-06
  -2.55869205e-06 -1.49142078e-07  8.09675724e-01  7.93225567e-04
  -3.26936570e-07 -5.47902834e-05  9.98329969e-06 -2.47551911e-06]
 [ 1.23950523e-02  1.14447708e-02  1.61747706e-02  7.40593774e-07
  -1.43715408e-06 -1.72627759e-07  8.05971515e-01  8.05313464e-04
   6.48434533e-07 -5.67116200e-05  1.05267503e-05 -2.63583775e-06]
 [ 1.27979413e-02  1.17563467e-02  1.67743521e-02  7.42684333e-07
  -2.41249906e-06 -1.08251111e-07  8.04080716e-01  8.11640979e-04
   1.49374327e-06 -5.06213968e-05  1.06497321e-05 -2.37528659e-06]
 [ 1.33942439e-02  1.22174399e-02  1.72618800e-02 -3.18670994e-06
  -1.07483642e-06 -8.24366286e-08  8.02102724e-01  8.33482711e-04
   1.28675510e-06 -5.00733911e-05  1.15877491e-05 -2.35320746e-06]
 [ 1.37403935e-02  1.26250132e-02  1.77162514e-02 -2.89907136e-06
  -1.26614470e-06 -1.14877879e-07  8.00813212e-01  8.45107516e-04
   1.86912645e-06 -4.82295102e-05  1.18864768e-05 -2.36660722e-06]
 [ 1.42983800e-02  1.30362156e-02  1.82624185e-02 -5.21020820e-06
  -2.57965410e-06  2.44684933e-08  7.99727311e-01  8.56264061e-04
   2.26917217e-06 -4.64941649e-05  1.24952052e-05 -2.38541348e-06]
 [ 1.46273127e-02  1.34250373e-02  1.87084644e-02 -6.66718865e-06
  -3.24362460e-06  8.15610293e-10  7.98920378e-01  8.68449932e-04
   1.96677401e-06 -4.27914969e-05  1.29917039e-05 -2.30180134e-06]]
std error:
[[6.08492019e-05 1.21820536e-04 1.10571236e-04 2.48039269e-06
  2.43647230e-06 3.36214526e-08 2.43999167e-04 1.73414008e-05
  3.62574596e-07 4.58257766e-06 3.53421108e-07 2.34099328e-07]
 [1.08543711e-04 7.12092081e-05 9.52909032e-05 1.13979583e-06
  2.06363175e-06 1.03569031e-07 2.32281926e-04 8.06870958e-06
  4.61838196e-07 2.39202875e-06 3.47779607e-07 1.77148590e-07]
 [2.82086102e-05 1.76009946e-05 1.44915242e-04 8.46711959e-07
  1.13255003e-06 5.61922237e-08 1.48362945e-04 6.85331264e-06
  3.40746357e-07 1.62573981e-06 1.27184145e-07 6.56710006e-08]
 [4.40383544e-05 7.70435235e-05 3.99507499e-05 1.18272762e-06
  3.77594488e-07 5.23479749e-08 1.54947303e-04 9.09669444e-06
  1.11298017e-07 1.13020115e-06 9.74302139e-08 4.98961267e-08]
 [9.71028888e-05 8.15862776e-06 1.13725457e-04 1.52475578e-06
  3.93339619e-06 4.07798630e-08 2.25972501e-04 4.08922638e-06
  4.05816868e-07 1.39234390e-06 1.05204175e-07 1.29402689e-07]
 [4.89486623e-05 6.51846745e-05 3.87426611e-05 9.99331516e-07
  9.24544597e-07 4.97816430e-08 2.39857168e-04 5.22477044e-06
  2.87948768e-07 1.19162256e-06 9.29706708e-08 4.59779812e-08]
 [1.02211933e-04 9.43943726e-05 1.36944876e-04 1.23996540e-06
  6.78832265e-07 6.88780094e-08 1.52846861e-04 1.09235717e-05
  2.67641890e-07 1.98762578e-06 2.35784333e-07 1.16067625e-07]]
Done!, time = 4.404145002365112s
