Begin!
Data shape = (250000, 5)
Begin sort function!
In centrality 0
In centrality 1
In centrality 2
In centrality 3
In centrality 4
In centrality 5
In centrality 6
end function sorter
Data shape = (250000, 5)
Begin sort function!
In centrality 0
In centrality 1
In centrality 2
In centrality 3
In centrality 4
In centrality 5
In centrality 6
end function sorter
Data shape = (250000, 5)
Begin sort function!
In centrality 0
In centrality 1
In centrality 2
In centrality 3
In centrality 4
In centrality 5
In centrality 6
end function sorter
Data shape = (250000, 5)
Begin sort function!
In centrality 0
In centrality 1
In centrality 2
In centrality 3
In centrality 4
In centrality 5
In centrality 6
end function sorter
Final results shape = (4, 7, 12)
mean value:
[[ 1.21855198e-02  9.74691138e-03  1.39738231e-02  1.22527214e-06
  -1.77280186e-06 -1.68123144e-07  9.67024464e-01  9.71883034e-03
   5.70850992e-04 -9.32057447e-05  1.15425077e-04 -4.50218876e-06]
 [ 1.30384392e-02  1.04072747e-02  1.50258754e-02 -4.28766746e-06
  -4.25860628e-07 -1.85738374e-07  9.43695800e-01  9.21002475e-03
   5.30084925e-04 -7.68620000e-05  1.16851311e-04 -3.61220163e-06]
 [ 1.37445616e-02  1.11014063e-02  1.57016854e-02 -7.49913970e-06
  -3.93013974e-07 -1.38661718e-07  9.31965350e-01  9.29340687e-03
   5.57162031e-04 -7.84684062e-05  1.24601469e-04 -3.77930821e-06]
 [ 1.45123179e-02  1.17334198e-02  1.65210704e-02 -9.83836508e-06
  -3.46403959e-07 -9.71512774e-08  9.24292716e-01  9.37375336e-03
   5.46099458e-04 -7.00701011e-05  1.33479462e-04 -3.48455659e-06]
 [ 1.51437884e-02  1.23770789e-02  1.70872484e-02 -1.13337639e-05
  -9.10248145e-07 -3.39802656e-08  9.20541239e-01  9.63057765e-03
   5.52988627e-04 -8.70064454e-05  1.42446341e-04 -4.55562310e-06]
 [ 1.57607226e-02  1.29853028e-02  1.74900340e-02 -8.58014280e-06
  -2.30235378e-06 -1.24228154e-07  9.18586526e-01  9.82505156e-03
   5.74243888e-04 -8.78340375e-05  1.51920420e-04 -4.96650135e-06]
 [ 1.65531532e-02  1.35557981e-02  1.80839551e-02 -1.55320190e-05
  -1.34148733e-06  5.09365802e-08  9.19431291e-01  1.00930192e-02
   5.78273827e-04 -7.09945914e-05  1.63484263e-04 -3.97397198e-06]]
std error:
[[2.00484065e-04 2.54343442e-05 8.88709360e-05 9.63107421e-07
  9.17022157e-07 7.49293346e-08 4.33887244e-04 1.19966282e-04
  2.03024466e-05 1.38530026e-05 4.94624872e-06 7.43072375e-07]
 [1.70458831e-04 5.56348521e-05 1.21628232e-04 2.38611315e-06
  1.17038077e-06 4.18443282e-08 2.72004277e-04 1.08709823e-04
  2.46719030e-05 1.20961169e-05 1.90707596e-06 6.57014295e-07]
 [1.01276149e-04 6.69209716e-05 1.23399463e-04 1.32966265e-06
  1.21832123e-06 8.57148725e-08 3.97612001e-04 5.47654344e-05
  2.10153219e-05 7.29578153e-06 1.17349172e-06 3.87812883e-07]
 [4.59038182e-05 3.17233116e-05 2.15666881e-05 2.56321344e-06
  1.64984307e-06 1.06272494e-07 5.36976358e-04 9.28170519e-05
  1.04342183e-05 9.65065299e-06 1.07205749e-06 3.66526357e-07]
 [8.08978006e-05 1.54423365e-05 1.17582061e-04 2.65248642e-06
  9.76301486e-07 1.41471611e-07 3.36628867e-04 1.21193541e-04
  2.20091200e-05 8.07807833e-06 2.92305905e-06 4.57930905e-07]
 [7.20339293e-05 3.79737632e-05 1.20886319e-04 2.81980560e-06
  2.08956883e-06 1.56919059e-07 4.40102721e-04 8.43935892e-05
  2.75250348e-05 5.82306563e-06 2.01911792e-06 4.63146016e-07]
 [1.11930784e-04 5.80352760e-05 1.02050236e-04 4.76117550e-06
  1.80436400e-06 1.91348142e-07 6.15564174e-04 4.31940012e-05
  6.65966022e-06 4.89569462e-06 1.82156010e-06 1.51662711e-07]]
Done!, time = 4.191293954849243s
