Begin!
Data shape = (250000, 5)
Begin sort function!
In centrality 0
In centrality 1
In centrality 2
In centrality 3
In centrality 4
In centrality 5
In centrality 6
end function sorter
Data shape = (250000, 5)
Begin sort function!
In centrality 0
In centrality 1
In centrality 2
In centrality 3
In centrality 4
In centrality 5
In centrality 6
end function sorter
Data shape = (250000, 5)
Begin sort function!
In centrality 0
In centrality 1
In centrality 2
In centrality 3
In centrality 4
In centrality 5
In centrality 6
end function sorter
Data shape = (250000, 5)
Begin sort function!
In centrality 0
In centrality 1
In centrality 2
In centrality 3
In centrality 4
In centrality 5
In centrality 6
end function sorter
Final results shape = (4, 7, 12)
mean value:
[[ 1.38241380e-02  9.43095090e-03  1.48117305e-02  3.45982280e-05
   1.94413433e-06 -7.23088591e-07  9.31903761e-01  3.18274719e-03
   5.31743815e-05 -1.39275378e-04  4.55719684e-05 -8.00579778e-06]
 [ 1.51377784e-02  1.02262962e-02  1.57752549e-02  2.69492050e-05
   8.13269860e-07 -8.55130173e-07  9.22837675e-01  3.19567222e-03
   5.54873564e-05 -1.46383002e-04  4.98762892e-05 -8.75505472e-06]
 [ 1.64266519e-02  1.07920477e-02  1.65961803e-02  2.80820715e-05
   1.89914794e-06 -9.06869990e-07  9.18237947e-01  3.21522215e-03
   5.29106905e-05 -1.55994905e-04  5.42007020e-05 -9.96498799e-06]
 [ 1.72070016e-02  1.17434899e-02  1.73449252e-02  1.98190021e-05
   1.10997235e-07 -8.50457789e-07  9.14844094e-01  3.28375822e-03
   5.63737098e-05 -1.54355421e-04  5.78377932e-05 -1.01199274e-05]
 [ 1.78449032e-02  1.25947203e-02  1.78688216e-02  1.74930313e-05
   5.09173116e-07 -8.90339364e-07  9.13350482e-01  3.34881984e-03
   6.12208685e-05 -1.55706071e-04  6.06656397e-05 -1.04766539e-05]
 [ 1.86834051e-02  1.32754436e-02  1.84295453e-02  1.61297578e-05
  -1.30051169e-07 -7.83336589e-07  9.12549347e-01  3.40248396e-03
   5.83834327e-05 -1.55214132e-04  6.50372105e-05 -1.11468115e-05]
 [ 1.95566889e-02  1.41720863e-02  1.88765512e-02  6.15296486e-06
  -1.34842150e-06 -7.90896294e-07  9.12330696e-01  3.44263926e-03
   5.94197006e-05 -1.50205465e-04  6.87639635e-05 -1.10516893e-05]]
std error:
[[1.59850267e-04 9.84454840e-05 7.29577605e-05 1.62702267e-06
  3.35301058e-07 8.68099453e-08 4.67398662e-04 2.17152945e-05
  4.50765059e-06 6.38058848e-06 3.89011945e-07 5.27236718e-07]
 [1.33102946e-04 4.72193499e-05 7.40938480e-05 3.04306604e-06
  2.35954815e-06 4.07010630e-08 3.82643849e-04 4.91309794e-05
  2.88922395e-06 8.09986186e-06 7.31224217e-07 5.36752635e-07]
 [6.76593124e-05 6.18686635e-05 8.19010013e-05 3.29235639e-06
  2.44532455e-06 2.01109331e-07 2.64855895e-04 2.56593145e-05
  2.47591547e-06 3.48207114e-06 8.27902776e-07 1.77430975e-07]
 [7.65933645e-05 2.79456278e-05 7.70781994e-05 2.27197369e-06
  9.19853910e-07 9.10768112e-08 1.34153463e-04 2.84445500e-05
  2.55824801e-06 1.66449315e-06 1.00391801e-06 2.96057054e-07]
 [6.33755708e-05 6.29913212e-05 4.82996128e-05 5.32038705e-06
  1.46183450e-06 1.90828307e-07 2.26605994e-04 2.19223802e-05
  3.12156500e-06 1.18632163e-06 3.11410513e-07 1.44854924e-07]
 [1.14579008e-04 1.09056319e-04 4.43805837e-05 2.46016709e-06
  2.85578363e-06 1.66353388e-07 2.13427727e-04 2.46545415e-05
  5.13247878e-06 8.79791496e-06 5.42437063e-07 6.66786946e-07]
 [1.39532400e-04 4.68569344e-05 1.21726872e-04 4.77502288e-06
  1.41592677e-06 3.96481417e-08 1.72202510e-04 3.15892149e-05
  5.46749244e-06 6.87363066e-06 8.70557012e-07 5.99818424e-07]]
Done!, time = 3.6439261436462402s
