Begin!
Data shape = (250000, 5)
Begin sort function!
In centrality 0
In centrality 1
In centrality 2
In centrality 3
In centrality 4
In centrality 5
In centrality 6
end function sorter
Data shape = (250000, 5)
Begin sort function!
In centrality 0
In centrality 1
In centrality 2
In centrality 3
In centrality 4
In centrality 5
In centrality 6
end function sorter
Data shape = (250000, 5)
Begin sort function!
In centrality 0
In centrality 1
In centrality 2
In centrality 3
In centrality 4
In centrality 5
In centrality 6
end function sorter
Data shape = (250000, 5)
Begin sort function!
In centrality 0
In centrality 1
In centrality 2
In centrality 3
In centrality 4
In centrality 5
In centrality 6
end function sorter
Final results shape = (4, 7, 12)
mean value:
[[ 1.75016067e-02  1.02432761e-02  1.45196440e-02  1.09543098e-04
  -8.80842026e-08 -1.48256619e-06  8.27470900e-01  2.25315210e-03
   2.35535858e-05 -2.52487263e-04  4.42113977e-05 -1.98840328e-05]
 [ 1.97488887e-02  1.09495117e-02  1.56735877e-02  8.69172156e-05
  -4.25827164e-07 -2.65744784e-06  8.17639957e-01  2.24394456e-03
   2.24299543e-05 -2.70064105e-04  4.86165876e-05 -2.16005988e-05]
 [ 2.13766690e-02  1.15201148e-02  1.65952219e-02  7.80028363e-05
   2.07960802e-06 -3.54186051e-06  8.12155486e-01  2.27593111e-03
   2.66327847e-05 -2.90904429e-04  5.25038271e-05 -2.43304212e-05]
 [ 2.30129748e-02  1.22181188e-02  1.74138236e-02  6.41661213e-05
  -1.04200583e-06 -3.89694867e-06  8.07191310e-01  2.30776512e-03
   2.89316708e-05 -3.02847608e-04  5.66475759e-05 -2.61146276e-05]
 [ 2.38957067e-02  1.27725135e-02  1.82755954e-02  4.51132598e-05
  -1.39760353e-06 -3.59735516e-06  8.03998978e-01  2.33267244e-03
   2.92097457e-05 -3.00212436e-04  5.86934854e-05 -2.65610221e-05]
 [ 2.46955329e-02  1.33373147e-02  1.87789634e-02  4.52778959e-05
  -2.14471880e-06 -3.84095226e-06  8.01743154e-01  2.39190105e-03
   3.30203080e-05 -3.04356786e-04  6.19989382e-05 -2.79949178e-05]
 [ 2.57727708e-02  1.39851608e-02  1.94725016e-02  4.09999693e-05
  -2.63797526e-06 -3.66388286e-06  8.00038389e-01  2.45159915e-03
   3.53947360e-05 -3.11756965e-04  6.57675034e-05 -2.98196871e-05]]
std error:
[[1.57001360e-04 2.34906879e-05 1.03917597e-04 3.94453123e-06
  1.04040819e-06 3.70323418e-07 3.35098862e-04 3.35510224e-05
  1.42118244e-06 1.66365813e-05 1.47415095e-06 1.48053398e-06]
 [1.64222489e-04 9.70401731e-05 1.52020860e-04 1.14321489e-05
  1.32910080e-06 4.33189765e-07 2.22680623e-04 1.91127606e-05
  6.99734262e-07 6.83015110e-06 6.48806432e-07 1.26567923e-06]
 [8.83112285e-05 5.20154189e-05 1.98717369e-05 6.82657120e-06
  7.76594809e-07 3.24194952e-07 4.80529488e-04 2.56486326e-05
  1.20809622e-06 2.27079371e-06 6.81364044e-07 4.42115524e-07]
 [1.10540946e-04 2.23169116e-05 7.78815130e-05 5.70287764e-06
  1.83155107e-06 3.43021665e-07 3.68406575e-04 5.29879630e-06
  9.33572074e-07 1.22971830e-05 7.01831982e-07 1.49831573e-06]
 [1.71233087e-04 8.99701591e-05 1.17590227e-04 3.02463582e-06
  1.79085594e-06 5.27165357e-07 3.89723348e-04 9.76652384e-06
  1.98844768e-06 4.23149186e-06 2.77821972e-07 3.24990517e-07]
 [1.06598239e-04 8.23727280e-05 4.67676805e-05 4.43839717e-06
  1.92880437e-06 5.89324016e-07 2.45246332e-04 1.66238689e-05
  1.47626507e-06 8.77836039e-06 1.14830815e-06 9.16163433e-07]
 [1.28038157e-04 6.25589683e-05 1.54702619e-04 1.28509989e-05
  2.39587780e-06 5.44391553e-07 3.61664257e-04 2.34347074e-05
  1.58534109e-06 5.29836388e-06 1.40452732e-06 4.87108108e-07]]
Done!, time = 4.465137720108032s
