Begin!
Data shape = (250000, 5)
Begin sort function!
In centrality 0
In centrality 1
In centrality 2
In centrality 3
In centrality 4
In centrality 5
In centrality 6
end function sorter
Data shape = (250000, 5)
Begin sort function!
In centrality 0
In centrality 1
In centrality 2
In centrality 3
In centrality 4
In centrality 5
In centrality 6
end function sorter
Data shape = (250000, 5)
Begin sort function!
In centrality 0
In centrality 1
In centrality 2
In centrality 3
In centrality 4
In centrality 5
In centrality 6
end function sorter
Data shape = (250000, 5)
Begin sort function!
In centrality 0
In centrality 1
In centrality 2
In centrality 3
In centrality 4
In centrality 5
In centrality 6
end function sorter
Final results shape = (4, 7, 12)
mean value:
[[ 1.55573015e-02  9.98759378e-03  1.43608870e-02  1.00670042e-05
   9.91653377e-07 -7.88867001e-07  9.08636734e-01  7.68185574e-03
   3.68343244e-04 -1.37201411e-04  1.18426302e-04 -8.56097995e-06]
 [ 1.68341192e-02  1.07900160e-02  1.54363699e-02 -1.30406807e-06
   2.41397558e-07 -7.89812535e-07  8.87683646e-01  7.29456401e-03
   3.58108140e-04 -1.44540718e-04  1.19998173e-04 -8.78233863e-06]
 [ 1.75985125e-02  1.14134839e-02  1.62509153e-02 -8.81459658e-06
   4.08352639e-07 -6.28586125e-07  8.75830371e-01  7.31178129e-03
   3.58499953e-04 -1.44542192e-04  1.26997425e-04 -8.94632363e-06]
 [ 1.85840195e-02  1.20406733e-02  1.70883505e-02 -1.26205439e-05
  -7.41409931e-07 -6.54979608e-07  8.67902440e-01  7.39887879e-03
   3.72305582e-04 -1.47080483e-04  1.35013458e-04 -9.21488034e-06]
 [ 1.91590454e-02  1.27152661e-02  1.76179338e-02 -1.70070015e-05
  -1.31634579e-06 -5.31221038e-07  8.63376911e-01  7.67021714e-03
   3.93305993e-04 -1.48765198e-04  1.44548167e-04 -9.64186499e-06]
 [ 1.97178065e-02  1.32788564e-02  1.81052379e-02 -1.91385832e-05
  -9.66604255e-07 -3.71545446e-07  8.60324524e-01  7.77891918e-03
   3.89195827e-04 -1.58962963e-04  1.50443049e-04 -1.06412306e-05]
 [ 2.04660824e-02  1.38161188e-02  1.86971992e-02 -2.24510144e-05
  -2.09921368e-06 -3.53010396e-07  8.58772956e-01  7.99049731e-03
   3.92100919e-04 -1.63534193e-04  1.60303637e-04 -1.13089028e-05]]
std error:
[[1.30344627e-04 5.72255567e-05 1.44542184e-04 3.71907000e-06
  7.35546997e-07 1.29853235e-07 7.03829432e-04 9.86838241e-05
  7.49279094e-06 1.18416428e-05 1.04106934e-06 8.50464079e-07]
 [6.84959117e-05 3.24591979e-05 1.15353446e-04 2.81977761e-06
  1.55096593e-06 1.21460593e-07 6.83760364e-04 6.24496514e-05
  1.75850843e-05 1.11375172e-05 1.00841819e-06 8.99763293e-07]
 [1.32031944e-04 3.50871488e-05 5.63429341e-05 1.18977567e-06
  2.31335659e-06 9.31320346e-08 2.23543381e-04 6.13599930e-05
  6.51677170e-06 6.53050498e-06 1.86355751e-06 3.76111240e-07]
 [1.08338181e-04 1.81675838e-05 1.38657284e-04 4.64278208e-06
  1.09425478e-06 2.66794390e-07 6.35337796e-04 8.62034484e-05
  9.53176192e-06 3.79644063e-06 2.01136330e-06 3.67615179e-07]
 [3.16804862e-05 7.48328350e-05 1.05155778e-04 4.72030687e-06
  1.84005194e-06 2.37206009e-07 4.34585308e-04 5.44152118e-05
  1.24018059e-05 6.20746129e-06 1.43326863e-06 5.33333858e-07]
 [5.35845674e-05 1.38120489e-04 4.52015240e-05 3.09708696e-06
  2.49597496e-06 1.90503410e-07 4.06839124e-04 3.36899608e-05
  9.86028699e-06 7.41204520e-06 1.13556661e-06 6.75563816e-07]
 [7.85145379e-05 6.40069079e-05 6.64886469e-05 2.47046269e-06
  2.20704808e-06 2.46838119e-07 1.87433654e-04 1.23320442e-04
  2.35350744e-05 5.12776296e-06 1.68466895e-06 5.60191619e-07]]
Done!, time = 4.127911567687988s
