Begin!
Data shape = (250000, 5)
Begin sort function!
In centrality 0
In centrality 1
In centrality 2
In centrality 3
In centrality 4
In centrality 5
In centrality 6
end function sorter
Data shape = (250000, 5)
Begin sort function!
In centrality 0
In centrality 1
In centrality 2
In centrality 3
In centrality 4
In centrality 5
In centrality 6
end function sorter
Data shape = (250000, 5)
Begin sort function!
In centrality 0
In centrality 1
In centrality 2
In centrality 3
In centrality 4
In centrality 5
In centrality 6
end function sorter
Data shape = (250000, 5)
Begin sort function!
In centrality 0
In centrality 1
In centrality 2
In centrality 3
In centrality 4
In centrality 5
In centrality 6
end function sorter
Final results shape = (4, 7, 12)
mean value:
[[ 1.16440639e-02  1.12717705e-02  1.56758557e-02  5.32902523e-06
  -1.26365080e-06 -1.28503170e-07  7.63209611e-01  5.60517159e-04
  -7.32682699e-09 -4.70456709e-05  7.21032668e-06 -2.11240655e-06]
 [ 1.23027851e-02  1.16538971e-02  1.65057101e-02  3.71799236e-06
  -3.88181021e-06 -9.36155188e-08  7.60679422e-01  5.67340861e-04
   3.91775877e-07 -5.02565076e-05  7.56223231e-06 -2.41261458e-06]
 [ 1.28551785e-02  1.19676249e-02  1.69327188e-02 -6.08875352e-07
  -2.42882428e-06 -1.31777776e-07  7.59282196e-01  5.74692014e-04
   4.72584590e-07 -4.83828087e-05  7.88692963e-06 -2.30866592e-06]
 [ 1.33566655e-02  1.23606618e-02  1.74538226e-02 -7.21840877e-07
  -2.03206260e-06 -7.63997541e-08  7.57797193e-01  5.82530755e-04
   7.36383687e-07 -4.72878251e-05  8.21550956e-06 -2.29781941e-06]
 [ 1.38204462e-02  1.27747514e-02  1.79251728e-02 -3.88008833e-07
  -4.49816216e-06 -3.71474933e-08  7.56858321e-01  5.91803481e-04
   8.75449458e-07 -4.84019343e-05  8.58046919e-06 -2.46239328e-06]
 [ 1.41966657e-02  1.31214615e-02  1.82369611e-02 -5.75408435e-06
  -5.97797144e-06 -5.26908582e-08  7.55965623e-01  5.95345924e-04
   8.32394630e-07 -4.35300078e-05  8.83087735e-06 -2.28538769e-06]
 [ 1.46567773e-02  1.35942969e-02  1.88456094e-02 -4.85400597e-06
  -1.44023011e-06  2.45843942e-08  7.55056932e-01  6.10134132e-04
   1.14189289e-06 -4.80564457e-05  9.21950449e-06 -2.55874326e-06]]
std error:
[[6.41220238e-05 9.17773060e-05 5.97443941e-05 1.99178427e-06
  2.53895402e-06 5.42509118e-08 1.02670033e-04 6.89888625e-06
  1.51397347e-07 1.13303299e-06 1.72003246e-07 6.53648828e-08]
 [1.15955625e-04 4.84782009e-05 1.16070400e-04 1.37306628e-06
  3.03539034e-06 9.16147537e-08 1.25632131e-04 5.36608146e-06
  2.95321010e-07 1.80450972e-06 1.20356354e-07 1.42506525e-07]
 [5.77968300e-05 2.96056151e-05 6.02592020e-05 1.09824755e-06
  5.58567834e-07 6.14640540e-08 1.86715036e-04 4.36260492e-06
  2.35424106e-07 9.65503365e-07 8.63564041e-08 5.34912402e-08]
 [5.52170256e-05 1.06827329e-04 1.00307614e-04 1.67374977e-06
  1.25318575e-06 6.18992864e-08 1.95493300e-04 2.78739703e-06
  1.04709862e-07 1.20727577e-06 6.64749395e-08 8.08875161e-08]
 [8.47544451e-05 5.86628697e-05 1.39457668e-04 7.30249192e-07
  8.31000939e-07 1.88019972e-07 9.39744943e-05 6.28023053e-06
  1.19085492e-07 2.20180704e-06 1.36846621e-07 1.11462313e-07]
 [7.10304248e-05 1.12989440e-04 1.16612648e-04 2.41269877e-06
  1.65749629e-06 1.70817776e-07 1.34760925e-04 5.53714034e-06
  2.19414480e-07 1.73544862e-06 3.60297246e-08 9.90413610e-08]
 [5.25304887e-05 4.91623770e-05 4.47256090e-05 1.96206310e-06
  2.35628175e-06 1.65162682e-07 1.55777285e-04 2.91994264e-06
  1.32000072e-07 1.96210329e-06 6.12851577e-08 1.42501647e-07]]
Done!, time = 5.14938759803772s
