Begin!
Data shape = (250000, 5)
Begin sort function!
In centrality 0
In centrality 1
In centrality 2
In centrality 3
In centrality 4
In centrality 5
In centrality 6
end function sorter
Data shape = (250000, 5)
Begin sort function!
In centrality 0
In centrality 1
In centrality 2
In centrality 3
In centrality 4
In centrality 5
In centrality 6
end function sorter
Data shape = (250000, 5)
Begin sort function!
In centrality 0
In centrality 1
In centrality 2
In centrality 3
In centrality 4
In centrality 5
In centrality 6
end function sorter
Data shape = (250000, 5)
Begin sort function!
In centrality 0
In centrality 1
In centrality 2
In centrality 3
In centrality 4
In centrality 5
In centrality 6
end function sorter
Final results shape = (4, 7, 12)
mean value:
[[ 1.67025453e-02  9.66483754e-03  1.49031979e-02  7.05651707e-05
  -1.79610500e-06 -1.76704976e-06  8.74478503e-01  2.70334314e-03
   3.34388362e-05 -2.28756388e-04  4.89934686e-05 -1.59118908e-05]
 [ 1.85651525e-02  1.04732828e-02  1.60185434e-02  6.31668429e-05
   2.19805877e-06 -2.13215451e-06  8.65306011e-01  2.65898075e-03
   3.45965809e-05 -2.49881553e-04  5.29449456e-05 -1.82008759e-05]
 [ 1.98295900e-02  1.11973802e-02  1.69361870e-02  3.90039558e-05
   9.20901503e-07 -2.20420733e-06  8.60092232e-01  2.70604229e-03
   3.74753808e-05 -2.41637274e-04  5.58116681e-05 -1.78960772e-05]
 [ 2.11272301e-02  1.20624669e-02  1.79056583e-02  3.21089669e-05
  -3.86333346e-07 -2.53940242e-06  8.56267739e-01  2.74167041e-03
   3.92403677e-05 -2.51767720e-04  6.03244526e-05 -1.95709344e-05]
 [ 2.20977512e-02  1.28611063e-02  1.86266812e-02  2.70092039e-05
   2.95699288e-06 -2.47612254e-06  8.53913281e-01  2.81797135e-03
   4.23278187e-05 -2.59371052e-04  6.48937511e-05 -2.10931349e-05]
 [ 2.27166017e-02  1.36297913e-02  1.93031175e-02  1.86968064e-05
   1.79839565e-06 -1.95183693e-06  8.52167946e-01  2.85547694e-03
   4.12250025e-05 -2.56820998e-04  6.76248597e-05 -2.14345221e-05]
 [ 2.36690309e-02  1.44167073e-02  1.99012756e-02  1.28558073e-05
  -6.42956027e-07 -2.03221034e-06  8.51028840e-01  2.93933235e-03
   4.60984724e-05 -2.58663452e-04  7.20046056e-05 -2.20851471e-05]]
std error:
[[8.53704038e-05 4.36285722e-05 2.53300318e-05 4.05727538e-06
  1.22312321e-06 4.78960827e-07 1.57298141e-04 1.09411781e-05
  3.76031426e-06 4.44536762e-06 2.73451146e-07 2.49665158e-07]
 [1.51173492e-04 2.59767662e-05 1.03424522e-04 7.19906760e-06
  9.86491137e-07 1.89664347e-07 4.48391767e-04 2.29350939e-05
  4.32411259e-06 2.31965929e-06 2.92250481e-07 2.83359871e-07]
 [1.25845956e-04 4.66105220e-05 6.73553696e-05 7.72996087e-06
  2.23031988e-06 2.59802923e-07 2.63870635e-04 2.29483155e-05
  1.90756021e-06 4.79000515e-06 9.10330125e-07 6.15456599e-07]
 [1.02779503e-04 4.40509875e-05 4.16607143e-05 3.39045772e-06
  2.45541613e-06 1.46637011e-07 4.38372975e-04 2.15509993e-05
  1.00132049e-06 3.91859564e-06 7.96497181e-07 4.12691214e-07]
 [5.67325890e-05 5.82148804e-05 5.06398610e-05 6.34106899e-06
  2.42196689e-06 3.95324726e-07 1.34891981e-04 1.99265866e-05
  1.63328643e-06 4.76050849e-06 7.64964201e-07 4.47994676e-07]
 [2.46076787e-04 4.50479091e-05 6.66421235e-05 7.89878704e-06
  1.77700679e-06 5.35625666e-07 6.21365428e-04 1.21079102e-05
  1.11387726e-06 1.01871971e-05 4.31379044e-07 1.43540167e-06]
 [3.27470393e-05 1.01980892e-04 1.45167016e-04 6.55874584e-06
  2.95465885e-06 1.81150158e-07 2.18510290e-04 2.84281877e-05
  3.32065207e-06 9.84575965e-06 1.16300513e-06 1.15982608e-06]]
Done!, time = 4.316313028335571s
