Begin!
Data shape = (250000, 5)
Begin sort function!
In centrality 0
In centrality 1
In centrality 2
In centrality 3
In centrality 4
In centrality 5
In centrality 6
end function sorter
Data shape = (250000, 5)
Begin sort function!
In centrality 0
In centrality 1
In centrality 2
In centrality 3
In centrality 4
In centrality 5
In centrality 6
end function sorter
Data shape = (250000, 5)
Begin sort function!
In centrality 0
In centrality 1
In centrality 2
In centrality 3
In centrality 4
In centrality 5
In centrality 6
end function sorter
Data shape = (250000, 5)
Begin sort function!
In centrality 0
In centrality 1
In centrality 2
In centrality 3
In centrality 4
In centrality 5
In centrality 6
end function sorter
Final results shape = (4, 7, 12)
mean value:
[[ 1.16675702e-02  1.07227127e-02  1.52820611e-02  5.19018637e-06
   6.20063027e-09 -1.41908027e-07  8.59343405e-01  9.73474045e-04
   6.47928132e-07 -6.05222578e-05  1.19178639e-05 -2.66939090e-06]
 [ 1.21792870e-02  1.10713276e-02  1.57995670e-02  1.14594520e-06
  -3.38882338e-06 -8.21089944e-08  8.55382609e-01  9.68562597e-04
   2.09404379e-06 -5.19694758e-05  1.20641255e-05 -2.33969976e-06]
 [ 1.27107830e-02  1.15680341e-02  1.64221681e-02 -2.08722891e-06
   6.89094546e-07 -6.37949700e-08  8.53016468e-01  9.81400125e-04
   1.72180163e-06 -5.24196429e-05  1.27637588e-05 -2.36249807e-06]
 [ 1.31453423e-02  1.19870172e-02  1.68775415e-02 -4.71021665e-06
  -1.44639020e-06 -7.95473038e-08  8.51120947e-01  1.00565249e-03
   2.26896713e-06 -5.07655786e-05  1.35308809e-05 -2.38312374e-06]
 [ 1.36506383e-02  1.24181133e-02  1.74993906e-02 -4.01946937e-06
  -2.60038077e-06 -4.79393836e-08  8.49874371e-01  1.01712178e-03
   2.48533719e-06 -5.19212588e-05  1.41538726e-05 -2.53283731e-06]
 [ 1.40431319e-02  1.29569417e-02  1.79047662e-02 -4.36876064e-06
  -2.23459862e-06  2.46873845e-08  8.48955331e-01  1.02834836e-03
   3.13951722e-06 -4.65829394e-05  1.46765436e-05 -2.35358902e-06]
 [ 1.45404377e-02  1.33062604e-02  1.85794687e-02 -7.60819168e-06
  -1.74406875e-06 -2.57205764e-08  8.48092890e-01  1.05669986e-03
   2.97620463e-06 -4.36746144e-05  1.57205901e-05 -2.24833082e-06]]
std error:
[[8.16493214e-05 1.86004989e-05 7.73606410e-05 2.77007779e-06
  2.31187840e-06 6.40489120e-08 3.19033383e-04 9.68207094e-06
  9.85868004e-07 1.00391881e-06 1.37566587e-07 8.77822795e-08]
 [9.52320039e-05 1.07352909e-04 1.70849769e-04 1.41915158e-06
  2.11058951e-06 9.12856827e-08 2.88424485e-04 9.79277690e-06
  1.17316976e-07 2.54785131e-06 2.14524489e-07 1.37173155e-07]
 [6.60852188e-05 6.24383161e-05 1.39567195e-04 1.68531633e-06
  1.70794468e-06 3.97668119e-08 2.11920959e-04 2.39691829e-06
  4.15434781e-07 1.45406601e-06 9.95216496e-08 1.02545080e-07]
 [1.25494659e-04 1.95923768e-05 1.07399518e-04 1.87915550e-06
  4.94005381e-07 1.04430304e-07 2.02550633e-04 5.95316250e-06
  5.68535712e-07 8.18254061e-07 1.66465211e-07 7.43855605e-08]
 [4.81428146e-05 1.42524662e-05 5.96757225e-05 2.93701070e-06
  2.15825113e-06 4.52671682e-08 6.31642802e-05 3.79671853e-06
  2.33713534e-07 3.02510729e-06 1.27124276e-07 1.71431564e-07]
 [3.07447151e-05 1.27493301e-05 1.05007272e-04 2.50964066e-06
  2.23373180e-06 2.06453762e-08 1.31394638e-04 6.94719754e-06
  1.87855717e-07 3.32156422e-06 2.32787989e-07 2.50863024e-07]
 [6.12448073e-05 5.24994061e-05 1.56301985e-04 1.36511505e-06
  2.16480955e-06 4.49606384e-08 1.66368293e-04 1.34506876e-05
  3.32013689e-07 2.24875392e-06 2.37884492e-07 1.57718935e-07]]
Done!, time = 3.8376543521881104s
