Begin!
Data shape = (250000, 5)
Begin sort function!
In centrality 0
In centrality 1
In centrality 2
In centrality 3
In centrality 4
In centrality 5
In centrality 6
end function sorter
Data shape = (250000, 5)
Begin sort function!
In centrality 0
In centrality 1
In centrality 2
In centrality 3
In centrality 4
In centrality 5
In centrality 6
end function sorter
Data shape = (250000, 5)
Begin sort function!
In centrality 0
In centrality 1
In centrality 2
In centrality 3
In centrality 4
In centrality 5
In centrality 6
end function sorter
Data shape = (250000, 5)
Begin sort function!
In centrality 0
In centrality 1
In centrality 2
In centrality 3
In centrality 4
In centrality 5
In centrality 6
end function sorter
Final results shape = (4, 7, 12)
mean value:
[[ 1.32537677e-02  1.06280371e-02  1.58066653e-02  2.88435459e-05
  -7.10567766e-07 -2.99975000e-07  8.06463897e-01  7.23241941e-04
   9.83052005e-07 -1.01332960e-04  1.09749650e-05 -5.62311116e-06]
 [ 1.44066000e-02  1.10964588e-02  1.65579655e-02  2.63757691e-05
   1.76722219e-08 -4.16168135e-07  8.03591230e-01  7.25812728e-04
   1.39918086e-06 -1.08799153e-04  1.17450436e-05 -6.28915572e-06]
 [ 1.52134024e-02  1.14972241e-02  1.73822683e-02  2.45493842e-05
   4.07334722e-08 -3.33929859e-07  8.01623850e-01  7.37276049e-04
   1.43155341e-06 -1.09934490e-04  1.24385086e-05 -6.69400020e-06]
 [ 1.59712638e-02  1.21252144e-02  1.77749328e-02  1.83927654e-05
  -1.42324913e-06 -4.41819104e-07  8.00236110e-01  7.47015574e-04
   1.96955601e-06 -1.12686091e-04  1.30860788e-05 -7.01265452e-06]
 [ 1.66053287e-02  1.25900388e-02  1.83517593e-02  1.74563213e-05
  -2.46857187e-06 -3.80880920e-07  7.99250581e-01  7.59200910e-04
   2.13495563e-06 -1.12064051e-04  1.37549443e-05 -7.25647560e-06]
 [ 1.72086053e-02  1.30613561e-02  1.88451380e-02  1.03049703e-05
  -1.84246851e-06 -4.34541501e-07  7.98164357e-01  7.70536631e-04
   2.36233779e-06 -1.11504177e-04  1.43911162e-05 -7.27458119e-06]
 [ 1.79067936e-02  1.37160268e-02  1.93308399e-02  4.58180179e-06
  -2.49268948e-06 -5.77449857e-07  7.97449286e-01  7.82014911e-04
   2.66154594e-06 -1.13934610e-04  1.50726762e-05 -7.66516396e-06]]
std error:
[[4.10382065e-05 3.54227301e-05 1.10031425e-04 3.84219409e-06
  1.93786801e-06 1.35433585e-07 1.89618318e-04 6.24724193e-06
  1.67570299e-07 2.08874070e-06 2.17447763e-07 2.07066576e-07]
 [1.87049928e-04 5.00669000e-05 8.49795910e-05 3.37358628e-06
  8.69502891e-07 2.35737933e-07 2.09156129e-04 8.18515252e-06
  1.67002376e-07 2.87512174e-06 2.65847306e-07 2.25503600e-07]
 [3.07336392e-05 1.00099185e-04 1.11952027e-04 2.88142963e-06
  1.75102947e-06 1.45820765e-07 1.58196627e-04 4.59251296e-06
  3.88120896e-07 2.43673107e-06 1.06482818e-07 1.69173907e-07]
 [5.11889246e-05 4.91570124e-05 1.16643243e-04 1.10651765e-06
  1.21250052e-06 1.73107991e-07 3.26236266e-04 2.87596161e-06
  2.24079257e-07 3.27220987e-06 1.27728608e-07 2.71901017e-07]
 [7.82463083e-05 7.55161026e-05 1.37861088e-04 3.58116332e-06
  5.19631656e-07 2.14110476e-07 1.21489395e-04 6.10204954e-06
  2.69100651e-07 3.01621491e-06 1.02542612e-07 2.88635028e-07]
 [9.75443651e-05 5.07390060e-05 1.72891350e-05 1.25835335e-06
  1.98546306e-06 2.37296512e-07 9.33744055e-05 5.52426085e-06
  1.53529019e-07 4.33722073e-06 1.88531260e-07 3.39512109e-07]
 [1.14378999e-04 5.35746068e-05 2.21016824e-05 2.47207553e-06
  1.85947240e-06 1.25530877e-07 8.83958955e-05 3.19603489e-06
  1.67838905e-07 3.50999764e-06 1.92243098e-07 2.48782515e-07]]
Done!, time = 2.5075576305389404s
