Begin!
Data shape = (250000, 5)
Begin sort function!
In centrality 0
In centrality 1
In centrality 2
In centrality 3
In centrality 4
In centrality 5
In centrality 6
end function sorter
Data shape = (250000, 5)
Begin sort function!
In centrality 0
In centrality 1
In centrality 2
In centrality 3
In centrality 4
In centrality 5
In centrality 6
end function sorter
Data shape = (250000, 5)
Begin sort function!
In centrality 0
In centrality 1
In centrality 2
In centrality 3
In centrality 4
In centrality 5
In centrality 6
end function sorter
Data shape = (250000, 5)
Begin sort function!
In centrality 0
In centrality 1
In centrality 2
In centrality 3
In centrality 4
In centrality 5
In centrality 6
end function sorter
Final results shape = (4, 7, 12)
mean value:
[[ 1.82841070e-02  9.67299618e-03  1.37420984e-02  5.17242811e-05
   2.38184467e-07 -3.12744420e-06  9.41852406e-01  3.47586691e-03
   4.66773149e-05 -3.08132224e-04  6.88999856e-05 -2.07451262e-05]
 [ 2.05878583e-02  1.03619488e-02  1.47763962e-02  2.27190562e-05
  -2.10778429e-07 -3.16067894e-06  9.30928016e-01  3.48299369e-03
   5.28221007e-05 -3.28714010e-04  7.62920139e-05 -2.35135902e-05]
 [ 2.13321301e-02  1.10022929e-02  1.57547325e-02  6.90147123e-06
   1.85599193e-07 -2.69492635e-06  9.25332373e-01  3.50185665e-03
   5.71229182e-05 -3.19301245e-04  7.79209769e-05 -2.34897717e-05]
 [ 2.24272546e-02  1.17378437e-02  1.67177317e-02 -8.37444314e-06
   6.83579277e-07 -1.99165017e-06  9.20670277e-01  3.52593699e-03
   5.89996753e-05 -3.15779294e-04  8.19964849e-05 -2.40884393e-05]
 [ 2.29493583e-02  1.24023550e-02  1.74326463e-02 -1.34078141e-05
  -7.23192797e-07 -2.07584044e-06  9.18521839e-01  3.62982961e-03
   6.38598300e-05 -3.10580507e-04  8.55706212e-05 -2.40063765e-05]
 [ 2.37768965e-02  1.31344049e-02  1.80716564e-02 -1.68268192e-05
  -9.34252047e-07 -2.02072910e-06  9.16989534e-01  3.69340175e-03
   6.59968752e-05 -3.08109185e-04  8.97860960e-05 -2.48599838e-05]
 [ 2.42989947e-02  1.37430363e-02  1.87191095e-02 -2.00722360e-05
  -1.78708816e-06 -1.51955984e-06  9.16203215e-01  3.77881069e-03
   7.27431626e-05 -2.89890046e-04  9.33740497e-05 -2.39791583e-05]]
std error:
[[1.06042400e-04 6.70527651e-05 2.67917505e-05 2.00930033e-06
  3.33703943e-07 3.09597730e-07 2.04285787e-04 3.04015760e-05
  4.86690894e-06 8.67259484e-06 1.39088709e-06 8.75550287e-07]
 [1.80383908e-04 4.90308408e-05 1.66797060e-04 3.55558277e-06
  1.29855825e-06 2.18123295e-07 5.17635027e-04 2.12923413e-05
  4.07089253e-06 4.88211543e-06 1.31722575e-06 5.65344086e-07]
 [1.11185845e-04 8.78207405e-05 8.08187710e-05 3.30088910e-06
  6.38397453e-07 2.05402116e-07 1.30975551e-04 1.91928747e-05
  2.60762521e-06 8.21179921e-06 7.54587500e-07 6.42726452e-07]
 [1.55835016e-04 6.91334054e-05 1.17756087e-04 6.15594842e-06
  1.32393913e-06 2.81132060e-07 1.71904552e-04 1.80942775e-05
  3.56229686e-06 4.06410050e-06 1.02062912e-06 6.02839045e-07]
 [1.33373164e-04 6.19466862e-05 5.12302327e-05 2.07806036e-06
  8.23312576e-07 1.11819067e-07 1.59205420e-04 2.12069944e-05
  2.40683671e-06 1.10891998e-05 1.69331792e-06 9.52147725e-07]
 [1.96511491e-04 8.81456136e-05 1.02392224e-04 8.43079463e-06
  1.03064350e-06 4.76486591e-07 3.31597019e-04 1.84927692e-05
  2.36256502e-06 6.58155428e-06 1.22181951e-06 8.89769553e-07]
 [5.50008982e-05 1.26788630e-04 9.64417819e-05 3.09188495e-06
  9.75936703e-07 8.33052157e-08 2.37976054e-04 2.81884473e-05
  2.39973048e-06 8.91209642e-06 1.33762151e-06 8.77359424e-07]]
Done!, time = 4.693070888519287s
