Begin!
Data shape = (250000, 5)
Begin sort function!
In centrality 0
In centrality 1
In centrality 2
In centrality 3
In centrality 4
In centrality 5
In centrality 6
end function sorter
Data shape = (250000, 5)
Begin sort function!
In centrality 0
In centrality 1
In centrality 2
In centrality 3
In centrality 4
In centrality 5
In centrality 6
end function sorter
Data shape = (250000, 5)
Begin sort function!
In centrality 0
In centrality 1
In centrality 2
In centrality 3
In centrality 4
In centrality 5
In centrality 6
end function sorter
Data shape = (250000, 5)
Begin sort function!
In centrality 0
In centrality 1
In centrality 2
In centrality 3
In centrality 4
In centrality 5
In centrality 6
end function sorter
Final results shape = (4, 7, 12)
mean value:
[[ 1.75478449e-02  1.09038432e-02  1.54563937e-02  5.19122358e-05
  -2.59027509e-06 -1.54809295e-06  9.04309465e-01  6.39419179e-03
   2.20735045e-04 -2.28029055e-04  1.11997986e-04 -1.61583157e-05]
 [ 1.90606921e-02  1.15318583e-02  1.63994049e-02  3.62200936e-05
  -2.58546083e-06 -1.33634354e-06  8.85311310e-01  6.13891037e-03
   2.06740065e-04 -2.31550254e-04  1.15535558e-04 -1.77461911e-05]
 [ 2.00372006e-02  1.20087149e-02  1.70948542e-02  3.15781179e-05
  -3.28807547e-06 -1.80655606e-06  8.73655648e-01  6.06771899e-03
   2.06097773e-04 -2.51294152e-04  1.20693528e-04 -1.95091279e-05]
 [ 2.09664829e-02  1.24756402e-02  1.79714533e-02  2.33459355e-05
  -1.43095236e-06 -1.77502616e-06  8.65229363e-01  6.12520297e-03
   2.07382298e-04 -2.64948059e-04  1.27983884e-04 -2.09515990e-05]
 [ 2.16507744e-02  1.29971671e-02  1.86174867e-02  2.11186383e-05
  -1.52356939e-06 -1.68862631e-06  8.60061942e-01  6.29703386e-03
   2.30331909e-04 -2.64497095e-04  1.34724074e-04 -2.17896949e-05]
 [ 2.23817762e-02  1.35096568e-02  1.89740733e-02  1.91128957e-05
  -4.52059506e-06 -1.73469293e-06  8.56420261e-01  6.32037032e-03
   2.11547330e-04 -2.89794597e-04  1.41041738e-04 -2.43625459e-05]
 [ 2.29118318e-02  1.39760377e-02  1.97008921e-02  1.02631390e-05
  -2.70900754e-06 -1.93166918e-06  8.53962066e-01  6.59581021e-03
   2.34280049e-04 -2.87440096e-04  1.50061206e-04 -2.45799977e-05]]
std error:
[[9.02369371e-05 3.22763700e-05 1.66597381e-04 2.98212653e-06
  1.62284389e-06 1.08532886e-07 8.22162298e-04 1.32500572e-04
  1.60527576e-05 6.19584963e-06 1.95123218e-06 5.08881393e-07]
 [1.64815789e-04 9.01094194e-05 1.02251614e-04 5.63426065e-06
  1.25604120e-06 2.38444465e-07 8.34227269e-04 4.97400279e-05
  8.35298380e-06 9.58700751e-06 2.77446512e-06 1.08949402e-06]
 [8.88059045e-05 4.24407480e-05 1.00007319e-04 2.21611227e-06
  1.41456053e-06 3.72262135e-07 4.45515217e-04 2.73530538e-05
  4.40063144e-06 1.11797667e-05 5.89604019e-07 6.61301770e-07]
 [9.00790786e-05 8.27145872e-05 1.23138427e-04 4.59903582e-06
  1.86007477e-07 4.14366475e-07 8.93424529e-04 4.54898166e-05
  4.58673980e-06 4.65085590e-06 1.46204549e-06 4.72309547e-07]
 [6.82728916e-05 4.63679934e-05 6.61051809e-05 2.61772951e-06
  2.04468924e-06 3.57418317e-07 4.70782798e-04 3.29358055e-05
  1.09442657e-05 9.17401230e-06 1.65306011e-06 9.49777326e-07]
 [5.79505646e-05 6.33769103e-05 3.16046847e-05 3.80691246e-06
  1.67743949e-06 6.85575765e-07 4.95648245e-04 1.28303304e-05
  4.16320186e-06 8.34580658e-06 7.83449240e-07 7.13371651e-07]
 [1.36559338e-04 8.64826028e-05 1.04823243e-04 7.86229321e-06
  1.95531250e-06 2.55255715e-07 5.21067834e-04 9.99600322e-05
  4.18029552e-06 2.20903890e-05 2.18867145e-06 2.40408421e-06]]
Done!, time = 4.171521186828613s
