Begin!
Data shape = (250000, 5)
Begin sort function!
In centrality 0
In centrality 1
In centrality 2
In centrality 3
In centrality 4
In centrality 5
In centrality 6
end function sorter
Data shape = (250000, 5)
Begin sort function!
In centrality 0
In centrality 1
In centrality 2
In centrality 3
In centrality 4
In centrality 5
In centrality 6
end function sorter
Data shape = (250000, 5)
Begin sort function!
In centrality 0
In centrality 1
In centrality 2
In centrality 3
In centrality 4
In centrality 5
In centrality 6
end function sorter
Data shape = (250000, 5)
Begin sort function!
In centrality 0
In centrality 1
In centrality 2
In centrality 3
In centrality 4
In centrality 5
In centrality 6
end function sorter
Final results shape = (4, 7, 12)
mean value:
[[ 1.31415056e-02  1.05952962e-02  1.56953481e-02  7.24953860e-06
  -1.22659485e-06 -3.15642194e-07  8.06487586e-01  6.75148502e-04
  -6.86821859e-07 -9.13806646e-05  1.00892208e-05 -4.44469407e-06]
 [ 1.39677105e-02  1.10830319e-02  1.66551108e-02  2.52898951e-06
  -6.62632448e-07 -2.73633094e-07  8.03819202e-01  6.90499629e-04
  -1.39251625e-07 -9.26632894e-05  1.06714230e-05 -4.73405079e-06]
 [ 1.46673655e-02  1.15142255e-02  1.71723919e-02  1.53084250e-08
  -1.86153899e-06 -2.81466343e-07  8.02093703e-01  7.01601508e-04
   5.18887176e-07 -9.19751983e-05  1.11870663e-05 -4.86105439e-06]
 [ 1.52993146e-02  1.21673345e-02  1.78521935e-02 -4.39413985e-06
  -8.94224580e-07 -2.32436192e-07  8.00668851e-01  7.09369084e-04
   1.05182221e-06 -8.94383436e-05  1.15814192e-05 -4.79684469e-06]
 [ 1.57875476e-02  1.25994964e-02  1.83344864e-02 -8.53212507e-06
  -2.63474260e-06 -2.23911323e-07  7.99649773e-01  7.22978782e-04
   1.30554434e-06 -8.61446552e-05  1.20313252e-05 -4.80108147e-06]
 [ 1.63456132e-02  1.31217178e-02  1.88431233e-02 -1.16876748e-05
  -2.20673228e-06 -1.12823321e-07  7.98685759e-01  7.34170011e-04
   1.35136567e-06 -8.79052124e-05  1.26113286e-05 -5.04768953e-06]
 [ 1.68137693e-02  1.36363774e-02  1.93817937e-02 -9.16758559e-06
  -2.20642850e-06 -2.66933784e-07  7.98186400e-01  7.40335868e-04
   1.44868944e-06 -8.51116945e-05  1.29465301e-05 -5.02888699e-06]]
std error:
[[1.15339798e-04 2.70909259e-05 5.59759350e-05 2.03355400e-06
  1.96239571e-06 2.96608383e-08 1.99256676e-04 9.31227162e-06
  3.18971174e-07 3.61820677e-06 2.27972656e-07 2.03138696e-07]
 [1.51756545e-04 8.65387030e-05 1.32056215e-04 5.46242791e-07
  7.57927138e-07 1.01091087e-07 3.08593387e-04 9.78724697e-06
  2.70381697e-07 3.62012222e-06 3.47997429e-07 2.45587574e-07]
 [3.39865484e-05 3.32921019e-05 9.13469370e-05 1.76424224e-06
  1.07204399e-06 5.64287659e-08 1.20951740e-04 4.45260929e-06
  3.72126367e-07 1.10569690e-06 4.54501779e-08 1.12328306e-07]
 [9.85035170e-05 2.23874440e-05 4.80575539e-05 5.28279382e-07
  7.10286984e-07 5.45117672e-08 1.01552915e-04 6.29581456e-06
  1.27249881e-07 9.30130619e-07 1.37986299e-07 1.23115710e-07]
 [1.15831655e-04 4.59252386e-05 4.61893267e-05 2.90995061e-06
  1.40988905e-06 6.61881808e-08 4.63175420e-05 4.74706509e-06
  1.93722352e-07 3.84381867e-06 6.50030039e-08 2.43880049e-07]
 [1.16853583e-04 6.11351227e-05 8.38235526e-05 3.33266769e-07
  9.39866748e-07 7.28504957e-08 2.47600614e-04 4.97348330e-06
  1.67508409e-07 2.01546121e-06 1.61456614e-07 1.29407194e-07]
 [8.84461310e-05 6.64907458e-05 1.01025270e-04 2.48657068e-06
  1.67933844e-06 2.03672198e-07 2.58966906e-04 6.66469328e-06
  2.16242969e-07 1.84904738e-06 1.13059146e-07 1.44660186e-07]]
Done!, time = 2.0620031356811523s
