Begin!
Data shape = (250000, 5)
Begin sort function!
In centrality 0
In centrality 1
In centrality 2
In centrality 3
In centrality 4
In centrality 5
In centrality 6
end function sorter
Data shape = (250000, 5)
Begin sort function!
In centrality 0
In centrality 1
In centrality 2
In centrality 3
In centrality 4
In centrality 5
In centrality 6
end function sorter
Data shape = (250000, 5)
Begin sort function!
In centrality 0
In centrality 1
In centrality 2
In centrality 3
In centrality 4
In centrality 5
In centrality 6
end function sorter
Data shape = (250000, 5)
Begin sort function!
In centrality 0
In centrality 1
In centrality 2
In centrality 3
In centrality 4
In centrality 5
In centrality 6
end function sorter
Final results shape = (4, 7, 12)
mean value:
[[ 1.11108481e-02  9.34872714e-03  1.48500688e-02  2.02196127e-05
   8.49032661e-07 -1.26076807e-07  9.13941041e-01  7.38346535e-04
   1.01090481e-06 -7.39761925e-05  9.43231042e-06 -3.54476423e-06]
 [ 1.20911497e-02  1.00497076e-02  1.56159279e-02  1.89578550e-05
   1.22905370e-06 -1.04481766e-07  9.12349835e-01  7.50824830e-04
   1.72333849e-06 -7.70379758e-05  1.01894295e-05 -3.89833118e-06]
 [ 1.27643376e-02  1.06771000e-02  1.62411949e-02  1.75941831e-05
   2.44050375e-06 -1.68399363e-07  9.11451403e-01  7.81453427e-04
   2.29346864e-06 -8.09235523e-05  1.10949071e-05 -4.23467178e-06]
 [ 1.37069432e-02  1.15127654e-02  1.70106530e-02  1.59108865e-05
   5.70214666e-07 -2.14526522e-07  9.11077726e-01  7.98609726e-04
   2.42246947e-06 -8.04516022e-05  1.20284483e-05 -4.43483034e-06]
 [ 1.45113665e-02  1.23599310e-02  1.75628640e-02  1.18898313e-05
   2.46346883e-06 -2.24669000e-07  9.11056354e-01  8.20229826e-04
   2.79738634e-06 -7.92424254e-05  1.30206502e-05 -4.62867099e-06]
 [ 1.52997349e-02  1.32214552e-02  1.80373501e-02  9.56979001e-06
  -1.41166742e-06 -1.06016247e-07  9.11216311e-01  8.45864453e-04
   3.02665674e-06 -7.62941477e-05  1.39515338e-05 -4.79928664e-06]
 [ 1.62971616e-02  1.41063902e-02  1.85000372e-02  6.45085806e-06
  -3.77861049e-06 -1.71864739e-07  9.11627372e-01  8.71092915e-04
   3.09321378e-06 -7.37251802e-05  1.53940659e-05 -4.94427517e-06]]
std error:
[[8.99193430e-05 1.37451575e-04 1.29746618e-04 1.88774025e-06
  1.11669196e-06 8.23216353e-08 3.58915972e-05 4.28924748e-06
  5.12009910e-07 3.14470951e-06 2.68774004e-07 2.91787235e-07]
 [6.65428992e-05 4.39944850e-05 1.05087147e-04 3.52671447e-06
  2.26718186e-06 4.18748644e-08 1.76163159e-04 5.95636757e-06
  6.46686198e-07 2.48832998e-06 1.27440418e-07 2.18801329e-07]
 [6.60511067e-05 4.04942325e-05 5.72920545e-05 2.32874484e-06
  1.03743894e-06 7.27963311e-08 1.54934848e-04 7.36113669e-06
  1.63040282e-07 2.66959666e-06 1.40046043e-07 2.33187236e-07]
 [1.17275653e-04 8.48504897e-05 1.65078664e-04 5.04464798e-07
  1.61508820e-06 1.29931504e-07 1.66967068e-04 6.62909016e-06
  3.95536124e-07 6.07508618e-07 1.60947895e-07 5.56346250e-08]
 [1.30617149e-04 2.48081170e-05 2.33432496e-05 1.81200639e-06
  4.45495974e-07 4.45844567e-08 5.20266466e-05 3.26148888e-06
  1.38481378e-07 2.25234074e-06 1.94902669e-07 1.89355092e-07]
 [1.22760741e-04 6.62165094e-05 1.10967262e-04 1.42874322e-06
  1.37789108e-06 8.06569069e-08 1.05205071e-04 8.20550632e-06
  3.45227238e-07 2.91652572e-06 2.39020727e-07 1.16009437e-07]
 [1.09646596e-04 8.22236687e-05 3.70805017e-05 2.69494519e-06
  1.05002067e-06 2.11046753e-07 7.27685007e-05 3.90363633e-06
  2.08879505e-07 1.59156334e-06 1.65842171e-07 1.86196882e-07]]
Done!, time = 4.5134406089782715s
