Begin!
Data shape = (250000, 5)
Begin sort function!
In centrality 0
In centrality 1
In centrality 2
In centrality 3
In centrality 4
In centrality 5
In centrality 6
end function sorter
Data shape = (250000, 5)
Begin sort function!
In centrality 0
In centrality 1
In centrality 2
In centrality 3
In centrality 4
In centrality 5
In centrality 6
end function sorter
Data shape = (250000, 5)
Begin sort function!
In centrality 0
In centrality 1
In centrality 2
In centrality 3
In centrality 4
In centrality 5
In centrality 6
end function sorter
Data shape = (250000, 5)
Begin sort function!
In centrality 0
In centrality 1
In centrality 2
In centrality 3
In centrality 4
In centrality 5
In centrality 6
end function sorter
Final results shape = (4, 7, 12)
mean value:
[[ 1.26959020e-02  1.10386565e-02  1.56016689e-02  1.62565413e-05
  -2.13257695e-06 -1.94670184e-07  8.49237999e-01  5.25203117e-03
   1.76828331e-04 -6.10975872e-05  6.59766318e-05 -3.42422146e-06]
 [ 1.34711117e-02  1.14987672e-02  1.65528547e-02  1.54924143e-05
  -1.34749115e-06 -3.00044502e-07  8.31423118e-01  5.05284561e-03
   1.77044744e-04 -5.76485808e-05  6.71349725e-05 -3.28111973e-06]
 [ 1.41281321e-02  1.20875314e-02  1.71114015e-02  1.56159164e-05
  -2.38351964e-06 -1.79648267e-07  8.21134153e-01  4.95590974e-03
   1.68699568e-04 -6.78896264e-05  6.92971394e-05 -3.95687310e-06]
 [ 1.46968187e-02  1.25728677e-02  1.77133585e-02  1.67800175e-05
  -1.77627256e-06 -2.44476672e-07  8.12630496e-01  4.97930195e-03
   1.75632540e-04 -6.48512916e-05  7.26172849e-05 -4.02148100e-06]
 [ 1.52487904e-02  1.30234508e-02  1.82513270e-02  1.37732953e-05
  -2.22210327e-06 -3.34561950e-07  8.07969940e-01  5.11379088e-03
   1.84492130e-04 -6.72606876e-05  7.71387906e-05 -4.09094237e-06]
 [ 1.56133245e-02  1.33960677e-02  1.87201724e-02  1.20239953e-05
  -4.63364393e-06 -5.70348765e-08  8.04531648e-01  5.23619856e-03
   1.93287638e-04 -5.93195764e-05  8.05427745e-05 -3.61180217e-06]
 [ 1.61702650e-02  1.37446924e-02  1.92223602e-02  1.26496457e-05
  -3.68167851e-06 -3.03804347e-07  8.01384812e-01  5.31639999e-03
   2.00563202e-04 -6.25406314e-05  8.57351443e-05 -4.16282515e-06]]
std error:
[[1.52408773e-04 6.19596431e-05 1.46853855e-04 7.95813298e-06
  1.84736281e-06 1.29775511e-07 2.83244470e-04 6.04461992e-05
  1.49883131e-05 1.56584034e-05 1.25921173e-06 1.02496777e-06]
 [1.30287304e-04 9.83762719e-05 4.59212289e-05 5.26197180e-06
  3.64133819e-06 5.64965903e-08 5.72296394e-04 7.22400589e-05
  1.14053938e-05 1.39060611e-06 1.31879753e-06 2.82956928e-07]
 [1.20230190e-04 5.23233579e-05 7.61322917e-05 3.25868420e-06
  1.33757244e-06 9.65427457e-08 3.56364811e-04 7.17007495e-05
  7.53824651e-06 4.99231586e-06 9.71156768e-07 5.05806674e-07]
 [1.09131756e-04 7.71715056e-05 5.00628077e-05 2.62939000e-06
  1.44060853e-06 1.09789823e-07 2.49771988e-04 2.55214293e-05
  8.97287238e-06 3.79045761e-06 9.00671346e-07 2.26817428e-07]
 [1.45426687e-04 9.37813429e-05 9.43793694e-05 1.35704450e-06
  9.58706614e-07 1.44758500e-07 3.71498461e-04 4.96083529e-05
  9.64814126e-06 3.86151087e-06 1.11530736e-06 2.93365987e-07]
 [7.40541943e-05 4.46720203e-05 1.18306215e-04 3.04965472e-06
  1.04163227e-06 5.30221972e-08 4.60039495e-04 3.87229531e-05
  8.04253695e-06 6.29589617e-06 4.32324571e-07 5.57728135e-07]
 [1.00213607e-04 3.85011488e-05 1.12848061e-04 3.27169915e-06
  1.50434190e-06 2.65795170e-07 2.81324298e-04 3.63984480e-05
  5.01220912e-06 9.88652890e-06 1.76663369e-06 7.67391484e-07]]
Done!, time = 4.138211965560913s
