Begin!
Data shape = (250000, 5)
Begin sort function!
In centrality 0
In centrality 1
In centrality 2
In centrality 3
In centrality 4
In centrality 5
In centrality 6
end function sorter
Data shape = (250000, 5)
Begin sort function!
In centrality 0
In centrality 1
In centrality 2
In centrality 3
In centrality 4
In centrality 5
In centrality 6
end function sorter
Data shape = (250000, 5)
Begin sort function!
In centrality 0
In centrality 1
In centrality 2
In centrality 3
In centrality 4
In centrality 5
In centrality 6
end function sorter
Data shape = (250000, 5)
Begin sort function!
In centrality 0
In centrality 1
In centrality 2
In centrality 3
In centrality 4
In centrality 5
In centrality 6
end function sorter
Final results shape = (4, 7, 12)
mean value:
[[ 1.13124014e-02  1.06787926e-02  1.61198943e-02 -8.14903766e-07
  -1.87327917e-07 -6.50156502e-08  8.16419552e-01  1.85267033e-03
   1.89632120e-05 -3.81170937e-05  2.12589034e-05 -1.61194305e-06]
 [ 1.18539480e-02  1.11131368e-02  1.69098321e-02 -1.84134276e-06
  -2.23933569e-06 -1.06509179e-07  8.09726080e-01  1.84335877e-03
   2.01413233e-05 -4.00600447e-05  2.18845309e-05 -1.76224231e-06]
 [ 1.23759971e-02  1.16372900e-02  1.74793171e-02 -4.64935630e-06
  -1.95673163e-06 -1.44617492e-08  8.05487364e-01  1.84385703e-03
   1.90753944e-05 -3.88122635e-05  2.28721462e-05 -1.69263866e-06]
 [ 1.27837733e-02  1.21182048e-02  1.80679043e-02 -4.67129705e-06
  -6.03164079e-07 -2.39360687e-08  8.01663310e-01  1.85143806e-03
   2.00754178e-05 -3.74928358e-05  2.39150471e-05 -1.71856799e-06]
 [ 1.32565757e-02  1.26728726e-02  1.84213232e-02 -3.78386447e-06
  -1.37173096e-06 -8.02796541e-08  7.99981824e-01  1.88705030e-03
   2.08966680e-05 -3.51488136e-05  2.51207960e-05 -1.55525827e-06]
 [ 1.35920069e-02  1.31083175e-02  1.89474671e-02 -6.99424331e-06
  -2.99073094e-06  9.65011685e-09  7.98157392e-01  1.89374581e-03
   2.12701963e-05 -3.07239377e-05  2.59602459e-05 -1.41104842e-06]
 [ 1.40743252e-02  1.36237463e-02  1.93629099e-02 -5.33450460e-06
  -4.69943036e-06 -4.56079011e-09  7.96965806e-01  1.93549833e-03
   2.36056609e-05 -2.85445494e-05  2.71510524e-05 -1.36490015e-06]]
std error:
[[1.25280155e-04 7.93887705e-05 8.81696218e-05 2.16067142e-06
  2.31226646e-06 9.25601698e-08 7.48398290e-05 2.23393617e-05
  1.97378252e-06 1.91536755e-06 4.01872515e-07 8.18948262e-08]
 [4.61671533e-05 1.07796260e-04 1.04210066e-04 1.94313454e-06
  1.63382538e-06 4.16740258e-08 5.21801491e-04 2.15807347e-05
  1.55570164e-06 2.59761480e-06 4.50428773e-07 1.52481790e-07]
 [4.45623646e-05 3.75974690e-05 1.03171650e-04 5.25856309e-07
  1.44517959e-06 1.73342976e-08 1.08212605e-04 9.99541463e-06
  8.13094986e-07 2.88739247e-06 1.68722420e-07 1.74694023e-07]
 [5.94793548e-05 7.38995138e-05 3.98057412e-05 1.74216292e-06
  1.22076036e-06 5.62054560e-08 1.39819313e-04 2.24367425e-05
  1.70485050e-06 3.56386080e-06 2.12756377e-07 1.88586899e-07]
 [1.17709354e-04 9.45812821e-05 9.81056303e-05 1.76770910e-06
  1.15193247e-06 4.27498439e-08 5.97527892e-05 1.64888421e-05
  1.15799087e-06 1.70179229e-06 1.99328705e-07 1.44756478e-07]
 [8.71218113e-05 1.02873358e-04 1.08658247e-04 1.55109270e-06
  1.73591697e-06 5.46728032e-08 2.32080219e-04 8.85267516e-06
  8.62846720e-07 3.38470386e-06 2.10418669e-07 2.59550570e-07]
 [5.12734588e-05 9.92957011e-05 6.65701439e-05 1.62648147e-06
  1.79648717e-06 6.15255474e-08 1.73696367e-04 2.46589075e-05
  1.25863986e-06 2.33967943e-06 4.43700310e-07 1.46210428e-07]]
Done!, time = 4.408453702926636s
