Begin!
Data shape = (250000, 5)
Begin sort function!
In centrality 0
In centrality 1
In centrality 2
In centrality 3
In centrality 4
In centrality 5
In centrality 6
end function sorter
Data shape = (250000, 5)
Begin sort function!
In centrality 0
In centrality 1
In centrality 2
In centrality 3
In centrality 4
In centrality 5
In centrality 6
end function sorter
Data shape = (250000, 5)
Begin sort function!
In centrality 0
In centrality 1
In centrality 2
In centrality 3
In centrality 4
In centrality 5
In centrality 6
end function sorter
Data shape = (250000, 5)
Begin sort function!
In centrality 0
In centrality 1
In centrality 2
In centrality 3
In centrality 4
In centrality 5
In centrality 6
end function sorter
Final results shape = (4, 7, 12)
mean value:
[[ 1.16349059e-02  9.82667319e-03  1.58546245e-02 -3.02188688e-06
   1.33854492e-06 -6.18189275e-08  8.98563997e-01  7.66171861e-03
   3.90632061e-04 -5.22017719e-05  8.80021416e-05 -2.28016452e-06]
 [ 1.23639006e-02  1.06056693e-02  1.68793785e-02 -4.87686854e-06
   7.54073592e-07 -7.23557476e-08  8.77996404e-01  7.30074043e-03
   3.74825266e-04 -5.05893991e-05  8.96801253e-05 -2.29938664e-06]
 [ 1.31475049e-02  1.14419351e-02  1.76674632e-02 -6.31116125e-06
   2.06651453e-06 -8.65342310e-08  8.67328997e-01  7.30433944e-03
   3.79982143e-04 -4.35500513e-05  9.53105448e-05 -2.02860223e-06]
 [ 1.38142164e-02  1.20992489e-02  1.82027792e-02 -8.25505342e-06
   1.91320677e-06  2.72602318e-08  8.60121047e-01  7.37006424e-03
   3.76023231e-04 -4.69591312e-05  1.00578364e-04 -2.28527759e-06]
 [ 1.44812096e-02  1.28696769e-02  1.88361142e-02 -1.06565815e-05
   1.90721023e-06 -2.03456832e-08  8.55967222e-01  7.51900204e-03
   3.86239469e-04 -3.62498694e-05  1.07442813e-04 -1.85791352e-06]
 [ 1.50553767e-02  1.33650396e-02  1.91958030e-02 -1.11703131e-05
  -1.43709437e-06 -3.09878066e-08  8.54412286e-01  7.73241487e-03
   4.00256448e-04 -3.39366548e-05  1.15751275e-04 -1.80015313e-06]
 [ 1.58575328e-02  1.40638528e-02  1.95441069e-02 -1.36474278e-05
  -9.37574120e-07 -2.01795530e-08  8.53893322e-01  7.99237400e-03
   4.11482840e-04 -2.73680795e-05  1.25732902e-04 -1.31470438e-06]]
std error:
[[7.12087123e-05 5.98738057e-05 8.71421708e-05 1.56457565e-06
  1.86577016e-06 5.50681984e-08 1.26625546e-03 1.36971811e-04
  3.14667515e-05 2.32806025e-06 2.49994259e-06 4.25546288e-08]
 [5.10370128e-05 8.32021501e-05 6.33684374e-05 2.12365873e-06
  1.30408221e-06 3.72928519e-08 8.22060333e-04 8.26490832e-05
  1.78496417e-05 9.48062786e-06 1.07902341e-06 4.84504911e-07]
 [3.45469185e-05 4.10194084e-05 9.18051602e-05 4.51114729e-07
  1.78718467e-06 3.31223916e-08 4.64743554e-04 1.66098953e-05
  7.41419474e-06 8.11013103e-06 4.74367884e-07 5.18000382e-07]
 [4.51743726e-05 8.17640832e-05 1.72132898e-04 1.98410789e-06
  2.24867384e-06 9.68792541e-08 5.95746546e-04 3.73347740e-05
  1.45650627e-05 3.96425125e-06 1.56569431e-06 3.81166328e-07]
 [5.01528850e-05 6.25951106e-05 5.45450835e-05 1.84450125e-06
  8.60566460e-07 8.00028358e-08 6.69524525e-04 6.01576961e-05
  6.00986429e-06 7.65917990e-06 8.98835078e-07 4.43128028e-07]
 [2.59269530e-05 9.08732515e-05 1.52059809e-04 8.81959968e-07
  1.65385332e-06 4.00121346e-08 6.29318105e-04 5.78545997e-05
  1.03274867e-05 7.10547430e-06 8.11692103e-07 4.26096525e-07]
 [5.57747559e-05 8.35286884e-05 1.05256045e-04 1.51481741e-06
  3.15024228e-06 5.09821142e-08 5.73049189e-04 8.89837915e-05
  1.87942187e-05 6.14056703e-06 2.17040404e-06 3.02331025e-07]]
Done!, time = 3.981354236602783s
