Begin!
Data shape = (250000, 5)
Begin sort function!
In centrality 0
In centrality 1
In centrality 2
In centrality 3
In centrality 4
In centrality 5
In centrality 6
end function sorter
Data shape = (250000, 5)
Begin sort function!
In centrality 0
In centrality 1
In centrality 2
In centrality 3
In centrality 4
In centrality 5
In centrality 6
end function sorter
Data shape = (250000, 5)
Begin sort function!
In centrality 0
In centrality 1
In centrality 2
In centrality 3
In centrality 4
In centrality 5
In centrality 6
end function sorter
Data shape = (250000, 5)
Begin sort function!
In centrality 0
In centrality 1
In centrality 2
In centrality 3
In centrality 4
In centrality 5
In centrality 6
end function sorter
Final results shape = (4, 7, 12)
mean value:
[[ 1.64966689e-02  1.00299246e-02  1.51640223e-02  4.10582960e-05
   9.94121786e-07 -2.00033948e-06  8.21481687e-01  2.13437515e-03
   1.98501090e-05 -2.02837443e-04  3.83086302e-05 -1.27188180e-05]
 [ 1.84857054e-02  1.08482359e-02  1.64581290e-02  2.27572334e-05
   3.03439926e-06 -2.12532998e-06  8.12053996e-01  2.11871412e-03
   1.95813816e-05 -2.19641917e-04  4.22370494e-05 -1.47737409e-05]
 [ 1.96918947e-02  1.14569325e-02  1.74146858e-02  6.24319523e-06
   1.13234975e-06 -1.92614863e-06  8.07201545e-01  2.14389819e-03
   2.43613933e-05 -2.14910730e-04  4.42331841e-05 -1.47270561e-05]
 [ 2.04855049e-02  1.22751485e-02  1.84531752e-02 -4.11008417e-06
   1.57734986e-06 -1.79972084e-06  8.03261560e-01  2.20793807e-03
   2.59969239e-05 -2.12638727e-04  4.69660027e-05 -1.47861702e-05]
 [ 2.12374900e-02  1.29796213e-02  1.91088663e-02 -1.33343584e-05
   7.00637158e-07 -1.27781934e-06  8.00574252e-01  2.21961514e-03
   2.59998653e-05 -2.07652208e-04  4.88169876e-05 -1.47259338e-05]
 [ 2.21065913e-02  1.36608109e-02  1.96193563e-02 -1.93710347e-05
  -1.27626951e-06 -1.38737565e-06  7.98905186e-01  2.26413904e-03
   2.67775418e-05 -2.12394020e-04  5.18890877e-05 -1.57371777e-05]
 [ 2.27100861e-02  1.43526156e-02  2.01733818e-02 -2.64105804e-05
  -3.27961214e-06 -1.35518717e-06  7.97312342e-01  2.28494144e-03
   2.87645285e-05 -2.07422442e-04  5.33041958e-05 -1.59771476e-05]]
std error:
[[2.00775370e-04 6.18098961e-05 6.22723209e-05 2.62925466e-06
  9.31620934e-07 1.64286294e-07 6.64373201e-04 2.63175969e-05
  9.21368452e-07 6.98270165e-06 4.71686130e-07 7.14846041e-07]
 [8.20167609e-05 9.04595473e-05 1.63466927e-04 3.65987650e-06
  4.12857447e-07 1.57327060e-07 2.57695475e-04 3.21059030e-05
  2.65072105e-06 7.08764763e-06 8.96179922e-07 6.03423786e-07]
 [1.40370837e-04 5.37079767e-05 1.94833958e-04 1.43326201e-06
  1.74842976e-06 1.40050989e-07 2.08365544e-04 1.31347270e-05
  1.81950702e-06 6.41619603e-06 2.22126665e-07 4.00823723e-07]
 [7.10697271e-05 6.61585983e-05 1.09654654e-04 4.14375010e-06
  1.99849861e-06 4.12472977e-07 3.33714347e-04 1.08452311e-05
  2.02070370e-06 3.84444699e-06 4.47689450e-07 2.45617750e-07]
 [1.10369157e-04 1.28432055e-04 4.33607237e-05 3.52772055e-06
  1.25256885e-06 1.37584780e-07 4.94881599e-04 1.44716200e-05
  1.54201164e-06 3.12788856e-06 4.89418571e-07 4.91891926e-07]
 [1.08624016e-04 1.89620241e-05 1.16301468e-04 3.92620103e-06
  2.31601639e-06 1.77866619e-07 5.81792741e-05 2.22843679e-05
  9.08997626e-07 6.99356856e-06 5.39342076e-07 7.06734631e-07]
 [1.20581000e-04 4.49616141e-05 9.87062051e-05 1.89601623e-06
  2.47252553e-06 2.43084831e-07 3.75069182e-04 1.24348895e-05
  2.20537488e-06 6.77805470e-06 7.26933974e-07 5.30389263e-07]]
Done!, time = 4.647587299346924s
