Begin!
Data shape = (250000, 5)
Begin sort function!
In centrality 0
In centrality 1
In centrality 2
In centrality 3
In centrality 4
In centrality 5
In centrality 6
end function sorter
Data shape = (250000, 5)
Begin sort function!
In centrality 0
In centrality 1
In centrality 2
In centrality 3
In centrality 4
In centrality 5
In centrality 6
end function sorter
Data shape = (250000, 5)
Begin sort function!
In centrality 0
In centrality 1
In centrality 2
In centrality 3
In centrality 4
In centrality 5
In centrality 6
end function sorter
Data shape = (250000, 5)
Begin sort function!
In centrality 0
In centrality 1
In centrality 2
In centrality 3
In centrality 4
In centrality 5
In centrality 6
end function sorter
Final results shape = (4, 7, 12)
mean value:
[[ 1.95371105e-02  9.67232479e-03  1.39143299e-02  2.35411941e-05
   4.38153139e-07 -2.99932880e-06  9.72890632e-01  1.02464998e-02
   6.10852957e-04 -2.87673254e-04  1.97206034e-04 -2.08559835e-05]
 [ 2.12559001e-02  1.05308662e-02  1.50568191e-02 -5.20706106e-06
   1.35270745e-06 -2.23894921e-06  9.48925945e-01  9.69676180e-03
   5.58379345e-04 -2.82133520e-04  2.04612154e-04 -2.09324291e-05]
 [ 2.22586848e-02  1.12651915e-02  1.60239493e-02 -1.93860856e-05
   2.79306883e-07 -1.97088455e-06  9.36081239e-01  9.70488792e-03
   5.70921852e-04 -3.14040054e-04  2.12117418e-04 -2.34008354e-05]
 [ 2.32153557e-02  1.19640632e-02  1.69323426e-02 -2.97034087e-05
   6.43506259e-07 -1.68092718e-06  9.27140994e-01  1.00381727e-02
   6.31141665e-04 -3.32196097e-04  2.27199553e-04 -2.60798312e-05]
 [ 2.39918030e-02  1.26993502e-02  1.76107251e-02 -3.50637682e-05
  -2.19808944e-06 -1.52536629e-06  9.22495020e-01  1.01513783e-02
   6.42802059e-04 -3.28993682e-04  2.38906243e-04 -2.59619261e-05]
 [ 2.45861995e-02  1.33363531e-02  1.82874903e-02 -4.00830431e-05
   1.01874579e-06 -1.44876311e-06  9.20836775e-01  1.05033589e-02
   6.71147404e-04 -3.37063423e-04  2.51951347e-04 -2.75922887e-05]
 [ 2.52793995e-02  1.38788759e-02  1.87781587e-02 -3.83530621e-05
  -5.77216583e-07 -1.44806479e-06  9.20378597e-01  1.07956249e-02
   6.99257440e-04 -3.31530991e-04  2.66186587e-04 -2.76854891e-05]]
std error:
[[4.33185865e-05 6.14998649e-05 1.26903085e-04 3.76175260e-06
  9.81418764e-07 2.70316870e-07 4.72230616e-04 9.47305634e-05
  2.00209428e-05 1.97673791e-05 3.06837731e-06 1.63574723e-06]
 [1.04480647e-04 2.19123548e-05 1.88594633e-04 9.40589272e-06
  2.51165932e-06 3.25496822e-07 7.63208744e-04 1.20982270e-04
  3.44589994e-05 2.18999424e-05 4.28927774e-06 2.33280035e-06]
 [6.18379360e-05 7.60426266e-05 1.75128249e-04 4.24971962e-06
  1.36145119e-06 2.33565325e-07 6.99193425e-04 7.76935546e-05
  2.09785724e-05 1.02480847e-05 2.65661541e-06 7.95115852e-07]
 [8.43969903e-05 2.42825787e-05 3.76681746e-05 6.12689841e-06
  1.36150454e-06 3.73142504e-07 7.83135374e-04 4.31576997e-05
  2.19935407e-05 9.86547137e-06 8.31120523e-07 1.22822638e-06]
 [8.22321103e-05 2.18768031e-05 4.18352873e-05 5.18392901e-06
  1.33579002e-06 2.42742319e-07 1.04577970e-03 1.15118037e-04
  2.49099361e-05 2.45568663e-05 2.00296105e-06 2.83736325e-06]
 [8.50474248e-05 1.10659668e-04 1.78247608e-04 5.62179043e-06
  9.58553532e-07 1.09017884e-07 6.26321164e-04 4.78397504e-05
  3.00614535e-05 3.27999127e-06 1.55340267e-06 5.65010182e-07]
 [3.82188968e-05 3.81767453e-05 7.08669871e-05 4.32295464e-06
  7.14027651e-07 1.43606553e-07 3.23920039e-04 1.38375792e-04
  3.66472480e-05 1.59174624e-05 2.99454643e-06 1.89028079e-06]]
Done!, time = 4.644060134887695s
