Begin!
Data shape = (250000, 5)
Begin sort function!
In centrality 0
In centrality 1
In centrality 2
In centrality 3
In centrality 4
In centrality 5
In centrality 6
end function sorter
Data shape = (250000, 5)
Begin sort function!
In centrality 0
In centrality 1
In centrality 2
In centrality 3
In centrality 4
In centrality 5
In centrality 6
end function sorter
Data shape = (250000, 5)
Begin sort function!
In centrality 0
In centrality 1
In centrality 2
In centrality 3
In centrality 4
In centrality 5
In centrality 6
end function sorter
Data shape = (250000, 5)
Begin sort function!
In centrality 0
In centrality 1
In centrality 2
In centrality 3
In centrality 4
In centrality 5
In centrality 6
end function sorter
Final results shape = (4, 7, 12)
mean value:
[[ 1.43135249e-02  9.68574056e-03  1.37020589e-02  6.67443192e-05
  -3.54496924e-07 -3.09874190e-07  9.23009464e-01  1.03551683e-03
  -4.11383098e-07 -1.92664492e-04  1.91231923e-05 -1.23564363e-05]
 [ 1.58129461e-02  1.02054847e-02  1.45497657e-02  5.66378010e-05
  -8.02801100e-08 -5.38428992e-07  9.19625874e-01  1.06587907e-03
   8.33974054e-07 -2.02413660e-04  2.09164754e-05 -1.35540730e-05]
 [ 1.68698622e-02  1.07910150e-02  1.54170335e-02  4.44158058e-05
  -3.37601936e-07 -8.03452177e-07  9.17611837e-01  1.07666796e-03
   2.55376482e-06 -2.01951876e-04  2.15681335e-05 -1.37081030e-05]
 [ 1.80672202e-02  1.14357861e-02  1.61312101e-02  4.29688289e-05
  -5.81311534e-07 -1.22436067e-06  9.16034983e-01  1.09324016e-03
   3.76500921e-06 -2.07731824e-04  2.30444579e-05 -1.48357547e-05]
 [ 1.89314479e-02  1.21707620e-02  1.68374496e-02  3.43585294e-05
  -7.72610700e-07 -1.11377065e-06  9.15263304e-01  1.11621799e-03
   4.21441382e-06 -2.02825395e-04  2.43503805e-05 -1.50940960e-05]
 [ 1.98679656e-02  1.29433384e-02  1.75627097e-02  2.85990465e-05
  -3.27422739e-06 -8.97991898e-07  9.14633273e-01  1.14575644e-03
   4.97964049e-06 -2.02835518e-04  2.56848233e-05 -1.56311132e-05]
 [ 2.06771316e-02  1.36743605e-02  1.81609697e-02  1.74487202e-05
  -4.50315151e-06 -9.11092004e-07  9.14265978e-01  1.17485800e-03
   5.91801672e-06 -1.98350774e-04  2.70441805e-05 -1.57868528e-05]]
std error:
[[7.61632090e-05 7.16113932e-05 1.32449701e-04 2.79917647e-06
  2.19081226e-06 2.64496051e-07 4.12182335e-04 5.08434455e-06
  6.10178926e-07 3.76498759e-06 3.86429397e-07 4.22115423e-07]
 [2.13217724e-04 6.55484239e-05 1.81129507e-04 3.98319023e-06
  1.47902532e-06 5.76954474e-08 2.20994013e-04 1.30590023e-05
  4.12129451e-07 9.49733020e-06 4.33612382e-07 7.29363085e-07]
 [5.04501047e-05 2.70214166e-05 7.27776683e-05 4.23010922e-06
  9.37277406e-07 8.12047815e-08 1.30895697e-04 3.73924990e-06
  9.75855282e-08 2.08545269e-06 1.15697626e-07 1.96742461e-07]
 [8.17916655e-05 6.82610525e-05 3.93267717e-05 5.23964037e-06
  1.66276069e-06 1.61384285e-07 1.85962661e-04 5.12388778e-06
  5.32908045e-07 3.53387215e-06 4.00407061e-07 4.62251357e-07]
 [1.61630513e-04 8.72618517e-05 1.03911725e-04 5.42266865e-06
  1.98038493e-06 1.78529921e-07 1.78464319e-04 8.86641323e-06
  2.89300349e-07 4.43314871e-06 3.18107042e-07 3.36973065e-07]
 [1.20036589e-04 7.08516345e-05 9.91054365e-05 5.18933338e-06
  2.27343413e-06 2.24743784e-07 2.65074286e-04 1.45597874e-05
  3.29120224e-07 1.11847249e-06 2.67209390e-07 2.24157673e-07]
 [1.24811358e-04 6.47983759e-05 1.67067430e-04 1.47736125e-06
  1.51963396e-06 3.07083297e-07 2.50419013e-04 9.18304699e-06
  4.71697189e-07 4.03714576e-06 4.77649674e-07 3.89288322e-07]]
Done!, time = 4.242845296859741s
