Begin!
Data shape = (250000, 5)
Begin sort function!
In centrality 0
In centrality 1
In centrality 2
In centrality 3
In centrality 4
In centrality 5
In centrality 6
end function sorter
Data shape = (250000, 5)
Begin sort function!
In centrality 0
In centrality 1
In centrality 2
In centrality 3
In centrality 4
In centrality 5
In centrality 6
end function sorter
Data shape = (250000, 5)
Begin sort function!
In centrality 0
In centrality 1
In centrality 2
In centrality 3
In centrality 4
In centrality 5
In centrality 6
end function sorter
Data shape = (250000, 5)
Begin sort function!
In centrality 0
In centrality 1
In centrality 2
In centrality 3
In centrality 4
In centrality 5
In centrality 6
end function sorter
Final results shape = (4, 7, 12)
mean value:
[[ 1.13935050e-02  1.07016229e-02  1.62025923e-02 -1.87147627e-06
   5.47686162e-07 -4.87093361e-08  8.43138887e-01  4.97972602e-03
   1.53250392e-04 -4.85509890e-05  5.65944916e-05 -2.12876923e-06]
 [ 1.20095863e-02  1.12345978e-02  1.70789657e-02 -3.99162236e-06
  -2.10975449e-06 -2.46027277e-08  8.26924707e-01  4.81122512e-03
   1.48970247e-04 -3.69530243e-05  5.73592270e-05 -1.55093248e-06]
 [ 1.24313640e-02  1.18794931e-02  1.76365273e-02 -5.08063024e-06
  -1.18523372e-06  1.93098210e-09  8.16995702e-01  4.77831847e-03
   1.45950804e-04 -4.16774302e-05  5.88762376e-05 -1.96143200e-06]
 [ 1.29461929e-02  1.23943141e-02  1.82714581e-02 -5.03131473e-06
  -1.67313895e-06 -7.24848448e-09  8.09779683e-01  4.81827804e-03
   1.48872877e-04 -3.98782412e-05  6.25618432e-05 -1.79221321e-06]
 [ 1.33555945e-02  1.28895564e-02  1.88647310e-02 -7.05940564e-06
  -2.38964256e-06 -1.39179472e-08  8.05440984e-01  4.88244970e-03
   1.50686373e-04 -4.17293427e-05  6.47773139e-05 -1.95382220e-06]
 [ 1.38102061e-02  1.33044964e-02  1.92797518e-02 -6.88797161e-06
  -3.60190930e-06 -2.32549495e-08  8.01966177e-01  4.95310653e-03
   1.53772817e-04 -3.15842222e-05  6.80740208e-05 -1.61867415e-06]
 [ 1.42789854e-02  1.38661243e-02  1.96017362e-02 -7.85175340e-06
  -2.60763755e-06 -5.78145727e-08  7.99804243e-01  5.07596082e-03
   1.64992796e-04 -2.88648123e-05  7.20024464e-05 -1.33470294e-06]]
std error:
[[6.18197597e-05 8.54994178e-05 1.19635437e-04 7.98728730e-07
  2.17253415e-06 7.11656581e-08 7.66035037e-04 7.86352907e-05
  1.30844469e-05 3.51788316e-06 7.92385245e-07 1.46137094e-07]
 [1.00607766e-04 4.21294023e-05 1.44998132e-04 3.11176046e-06
  2.37563368e-06 6.52267752e-08 1.96448792e-04 6.71722278e-05
  1.01355579e-05 8.07878546e-06 9.62876736e-07 3.81110579e-07]
 [2.35564885e-05 4.72873438e-05 1.30082767e-04 1.25097487e-06
  4.22040822e-07 4.56603737e-08 2.11117782e-04 5.79630369e-05
  9.32411674e-06 1.34484098e-06 4.45289113e-07 1.04605510e-07]
 [1.01762088e-04 7.01794540e-05 9.30010889e-05 2.34479676e-06
  1.35775835e-06 4.62922127e-08 1.93771846e-04 4.54461136e-05
  6.52586229e-06 2.93986788e-06 1.17552206e-06 2.06676558e-07]
 [1.04632774e-04 3.16166734e-05 1.48382946e-04 5.18361399e-07
  2.55682685e-06 8.82663823e-08 4.03637732e-04 1.31778646e-05
  2.49893596e-06 7.23843847e-06 2.85357325e-07 4.09974123e-07]
 [1.01532401e-04 1.16854436e-04 9.07974335e-05 1.68717777e-06
  1.50918904e-06 4.17733466e-08 1.58648994e-04 4.53256776e-05
  6.64863452e-06 6.56650136e-06 9.34264968e-07 2.60236699e-07]
 [7.58611321e-05 7.92213443e-05 3.93099202e-05 1.88833881e-06
  9.19298744e-07 9.97458025e-08 1.87220013e-04 8.19945547e-05
  8.22665747e-06 3.74852398e-06 1.26802743e-06 4.16519225e-07]]
Done!, time = 3.6164519786834717s
