Begin!
Data shape = (250000, 5)
Begin sort function!
In centrality 0
In centrality 1
In centrality 2
In centrality 3
In centrality 4
In centrality 5
In centrality 6
end function sorter
Data shape = (250000, 5)
Begin sort function!
In centrality 0
In centrality 1
In centrality 2
In centrality 3
In centrality 4
In centrality 5
In centrality 6
end function sorter
Data shape = (250000, 5)
Begin sort function!
In centrality 0
In centrality 1
In centrality 2
In centrality 3
In centrality 4
In centrality 5
In centrality 6
end function sorter
Data shape = (250000, 5)
Begin sort function!
In centrality 0
In centrality 1
In centrality 2
In centrality 3
In centrality 4
In centrality 5
In centrality 6
end function sorter
Final results shape = (4, 7, 12)
mean value:
[[ 1.12614104e-02  1.00780915e-02  1.61287459e-02  3.57443916e-06
  -6.62321239e-07 -9.36597669e-08  8.13204941e-01  1.86620615e-03
   1.89120883e-05 -4.61219534e-05  2.12603413e-05 -1.93040193e-06]
 [ 1.20385456e-02  1.06541206e-02  1.68942137e-02 -1.95456114e-07
   4.78957752e-07 -1.58776128e-07  8.06440170e-01  1.87180119e-03
   1.97534503e-05 -4.33814331e-05  2.27089294e-05 -1.85794149e-06]
 [ 1.26914578e-02  1.13903860e-02  1.76094801e-02 -9.67857301e-07
   1.54828116e-06 -5.66442033e-08  8.02553912e-01  1.88763025e-03
   2.09753154e-05 -4.80683195e-05  2.43649177e-05 -2.23046819e-06]
 [ 1.33043662e-02  1.20890025e-02  1.83598490e-02 -4.20372315e-06
   1.10009872e-06 -7.85172160e-08  7.99464868e-01  1.90924503e-03
   2.12497125e-05 -4.46060613e-05  2.58567969e-05 -2.07689791e-06]
 [ 1.39329132e-02  1.27821174e-02  1.89291657e-02 -4.67960369e-06
   2.49412630e-06 -1.10167298e-07  7.97661714e-01  1.95657396e-03
   2.31185191e-05 -4.36767927e-05  2.74262504e-05 -2.11195854e-06]
 [ 1.44047726e-02  1.33533364e-02  1.92506439e-02 -6.02117459e-06
  -8.48189772e-07 -2.48592663e-08  7.96583192e-01  1.95596857e-03
   2.23722490e-05 -4.11995467e-05  2.83585027e-05 -1.95467113e-06]
 [ 1.51155358e-02  1.39481428e-02  1.96680902e-02 -5.57895587e-06
  -1.38070196e-07 -4.72991594e-08  7.95581063e-01  2.00284219e-03
   2.39210913e-05 -3.66625671e-05  3.05568631e-05 -2.00156883e-06]]
std error:
[[1.39305625e-04 1.05590071e-04 1.32431057e-04 1.52660199e-06
  1.54350020e-06 8.23200226e-08 3.39091043e-04 2.81527768e-05
  2.00133428e-06 4.76113167e-06 5.51122508e-07 1.92573436e-07]
 [3.52767575e-05 7.95563639e-05 4.73106876e-05 1.84020049e-06
  1.20064919e-06 7.08181517e-08 3.37327578e-04 1.75014088e-05
  1.55479233e-06 2.77547094e-06 2.79041138e-07 1.07239263e-07]
 [4.54820544e-05 8.44895549e-05 1.21508864e-05 1.12046088e-06
  1.67490786e-06 7.08413819e-08 1.35623532e-04 1.77924387e-05
  3.93666839e-07 3.54499478e-06 3.51327987e-07 1.22323821e-07]
 [4.91083023e-05 1.04704115e-04 9.74113617e-05 2.53596762e-06
  1.57877557e-06 9.14044581e-08 2.52562327e-04 8.96332496e-06
  6.26251451e-07 3.19900626e-06 2.34730892e-07 1.73545788e-07]
 [4.78010863e-05 7.47042779e-05 1.63451955e-04 1.16617383e-06
  9.57184727e-07 4.83998248e-08 2.49744696e-04 1.07722723e-05
  1.06085689e-06 8.40932128e-07 3.74659074e-07 4.52868041e-08]
 [6.33865606e-05 7.06879280e-05 1.12935073e-04 8.70731889e-07
  1.44153583e-06 5.42692746e-08 1.44221470e-04 9.13809773e-06
  1.11438345e-06 3.56211827e-06 2.92620057e-07 1.81944480e-07]
 [8.30391450e-05 6.27347689e-05 1.74006821e-04 2.82878785e-06
  2.10288625e-06 7.78305747e-08 1.89368585e-04 6.44643893e-06
  1.05289774e-06 1.10032093e-06 1.54056133e-07 2.74580618e-08]]
Done!, time = 3.8603737354278564s
