Begin!
Data shape = (250000, 5)
Begin sort function!
In centrality 0
In centrality 1
In centrality 2
In centrality 3
In centrality 4
In centrality 5
In centrality 6
end function sorter
Data shape = (250000, 5)
Begin sort function!
In centrality 0
In centrality 1
In centrality 2
In centrality 3
In centrality 4
In centrality 5
In centrality 6
end function sorter
Data shape = (250000, 5)
Begin sort function!
In centrality 0
In centrality 1
In centrality 2
In centrality 3
In centrality 4
In centrality 5
In centrality 6
end function sorter
Data shape = (250000, 5)
Begin sort function!
In centrality 0
In centrality 1
In centrality 2
In centrality 3
In centrality 4
In centrality 5
In centrality 6
end function sorter
Final results shape = (4, 7, 12)
mean value:
[[ 1.36495226e-02  1.00676664e-02  1.55343773e-02  1.75468522e-05
   9.97184260e-07 -6.32872521e-07  8.17061581e-01  2.00783289e-03
   1.96813547e-05 -1.10642337e-04  2.88005410e-05 -5.79923624e-06]
 [ 1.49331752e-02  1.08556624e-02  1.67018967e-02  8.95663643e-06
   1.72265394e-06 -6.25258189e-07  8.09538864e-01  1.98764063e-03
   2.31597965e-05 -1.16708559e-04  3.06062084e-05 -6.37291427e-06]
 [ 1.57515742e-02  1.13623882e-02  1.74903436e-02 -1.53159914e-07
   1.05030903e-06 -5.85937892e-07  8.05071558e-01  2.01436216e-03
   2.25011603e-05 -1.14338968e-04  3.24449491e-05 -6.30425162e-06]
 [ 1.65284583e-02  1.21340206e-02  1.83133596e-02 -8.42013757e-06
   4.80261378e-07 -5.69557136e-07  8.01543065e-01  2.04167115e-03
   2.23325329e-05 -1.06852523e-04  3.45063902e-05 -6.04140980e-06]
 [ 1.71197001e-02  1.28014985e-02  1.88899900e-02 -9.72325531e-06
  -7.56435604e-07 -3.62177804e-07  7.99194633e-01  2.05710468e-03
   2.40026920e-05 -1.09108797e-04  3.58477026e-05 -6.43536924e-06]
 [ 1.78655190e-02  1.35657073e-02  1.94132899e-02 -9.39549403e-06
   1.58053775e-07 -4.39463395e-07  7.97645853e-01  2.11371550e-03
   2.67457050e-05 -1.05890314e-04  3.82839612e-05 -6.54990491e-06]
 [ 1.85360355e-02  1.41838409e-02  1.98946984e-02 -1.17347074e-05
  -2.37340992e-06 -4.95098365e-07  7.96701229e-01  2.13496959e-03
   2.53974197e-05 -1.02201549e-04  4.02888712e-05 -6.38625534e-06]]
std error:
[[9.64697409e-05 9.02736671e-05 1.56565307e-04 4.88377148e-07
  1.96563592e-06 1.18299276e-07 2.63500882e-04 9.82178789e-06
  8.72265146e-07 5.64240936e-06 3.30592173e-07 3.13340582e-07]
 [9.92275369e-05 9.66253654e-05 1.87719012e-04 4.66151768e-06
  1.09263602e-06 1.22786382e-08 2.20791903e-04 3.13532165e-05
  4.07931563e-06 9.32612028e-06 9.84187676e-07 6.01092070e-07]
 [5.45151379e-05 8.84262248e-05 9.06915215e-05 1.74790903e-06
  9.24501926e-07 3.84010875e-08 7.33699618e-05 1.28411431e-05
  1.29499036e-06 4.81193796e-06 2.30767018e-07 3.24203261e-07]
 [1.24173822e-04 5.40654119e-05 7.86439924e-05 2.25856729e-06
  2.07449573e-06 1.08595390e-07 2.01508360e-04 6.87953098e-06
  7.50231402e-07 3.98315594e-06 3.79602080e-07 2.10936635e-07]
 [7.67145604e-05 8.87787173e-05 5.50537338e-05 4.84667815e-06
  1.43896836e-06 7.10418953e-08 4.87764943e-04 8.31810705e-06
  1.03687603e-06 4.76396010e-06 4.07565879e-07 2.72783218e-07]
 [7.43533020e-05 1.14617907e-04 1.23760525e-04 4.19744691e-06
  8.35157410e-07 1.11990784e-07 1.38960385e-04 1.95488357e-05
  1.84583769e-06 2.33201583e-06 2.77104746e-07 1.71971992e-07]
 [9.38199438e-05 3.92133806e-05 1.47406521e-04 2.55286101e-06
  3.14934756e-06 2.26050833e-07 2.15651414e-04 2.52533058e-05
  2.11250295e-06 2.44243226e-06 2.08572042e-07 1.22198708e-07]]
Done!, time = 4.138803482055664s
