Begin!
Data shape = (250000, 5)
Begin sort function!
In centrality 0
In centrality 1
In centrality 2
In centrality 3
In centrality 4
In centrality 5
In centrality 6
end function sorter
Data shape = (250000, 5)
Begin sort function!
In centrality 0
In centrality 1
In centrality 2
In centrality 3
In centrality 4
In centrality 5
In centrality 6
end function sorter
Data shape = (250000, 5)
Begin sort function!
In centrality 0
In centrality 1
In centrality 2
In centrality 3
In centrality 4
In centrality 5
In centrality 6
end function sorter
Data shape = (250000, 5)
Begin sort function!
In centrality 0
In centrality 1
In centrality 2
In centrality 3
In centrality 4
In centrality 5
In centrality 6
end function sorter
Final results shape = (4, 7, 12)
mean value:
[[ 1.66878279e-02  9.89113517e-03  1.40881560e-02  1.17328614e-04
  -2.74891194e-07 -1.12612413e-06  8.68691953e-01  1.11073834e-03
  -5.22840987e-06 -3.04560958e-04  2.72443383e-05 -2.30313827e-05]
 [ 1.93614248e-02  1.05082333e-02  1.51950015e-02  1.15157372e-04
  -7.07579654e-07 -2.36341449e-06  8.62947336e-01  1.13367833e-03
  -1.73030552e-06 -3.39139204e-04  3.02317161e-05 -2.77471764e-05]
 [ 2.09670332e-02  1.11241699e-02  1.60242805e-02  9.02213298e-05
  -1.13557973e-07 -3.45576355e-06  8.59935842e-01  1.15281142e-03
   7.41748335e-07 -3.40717886e-04  3.11491821e-05 -2.84167941e-05]
 [ 2.23371134e-02  1.18178560e-02  1.70786319e-02  6.65513598e-05
  -1.35509503e-07 -3.38189904e-06  8.57574313e-01  1.17069880e-03
   2.68881368e-06 -3.40833395e-04  3.23652188e-05 -2.92333988e-05]
 [ 2.34829629e-02  1.24904599e-02  1.77190334e-02  5.26318263e-05
  -1.69830323e-06 -3.09836222e-06  8.55759072e-01  1.19262433e-03
   4.68800911e-06 -3.33234348e-04  3.30134634e-05 -2.95397279e-05]
 [ 2.43977455e-02  1.32315466e-02  1.86363154e-02  5.12558617e-05
  -1.98837877e-06 -3.37684117e-06  8.54750204e-01  1.20942927e-03
   5.16868706e-06 -3.30906596e-04  3.45424951e-05 -3.06013224e-05]
 [ 2.53377912e-02  1.38712230e-02  1.92000879e-02  3.06034386e-05
  -2.99286816e-06 -2.98391439e-06  8.53673012e-01  1.23717163e-03
   6.40625351e-06 -3.28500518e-04  3.60317182e-05 -3.09895643e-05]]
std error:
[[9.31915185e-05 7.99922123e-05 3.92905620e-05 3.13881819e-06
  1.37282067e-06 1.52928605e-07 2.75994474e-04 5.97673876e-06
  7.58746685e-07 3.80512002e-06 2.09921840e-07 3.45003620e-07]
 [2.64053577e-04 1.23268316e-04 1.24957134e-04 8.08144544e-06
  3.96908325e-06 3.63815082e-07 2.77684148e-04 1.37461644e-05
  9.89621727e-07 1.46120528e-05 1.36058577e-06 1.72440697e-06]
 [8.75095045e-05 2.83494644e-05 2.63303821e-05 2.42225083e-06
  7.15641280e-07 4.54207363e-07 1.80560832e-04 1.04902842e-05
  3.88300522e-07 4.84685738e-06 6.61576868e-07 8.12019157e-07]
 [1.55623778e-04 4.85806940e-05 1.23356693e-04 4.88359951e-06
  5.59201872e-07 1.78601964e-07 1.71995203e-04 6.90941811e-06
  8.22858274e-08 3.87103692e-06 1.72183575e-07 3.36109626e-07]
 [1.47793073e-04 5.52688321e-05 8.69784185e-05 5.04854902e-06
  1.86059810e-06 2.68807291e-07 9.76083377e-05 4.63514190e-06
  8.18556780e-07 2.35186194e-06 2.84836217e-07 4.32806436e-07]
 [1.14286754e-04 7.03232185e-05 4.81697342e-05 1.98140798e-06
  2.20160190e-06 5.49073660e-07 1.52199992e-04 2.39975043e-06
  3.47766458e-07 3.07576958e-06 2.50095900e-07 2.79858368e-07]
 [8.66505520e-05 5.97793034e-05 7.76260253e-05 3.54942544e-06
  1.64173382e-06 3.66840300e-07 1.43112888e-04 1.10000262e-05
  3.61476157e-07 5.39381307e-06 4.08083613e-07 5.85227727e-07]]
Done!, time = 4.480172872543335s
