Begin!
Data shape = (250000, 5)
Begin sort function!
In centrality 0
In centrality 1
In centrality 2
In centrality 3
In centrality 4
In centrality 5
In centrality 6
end function sorter
Data shape = (250000, 5)
Begin sort function!
In centrality 0
In centrality 1
In centrality 2
In centrality 3
In centrality 4
In centrality 5
In centrality 6
end function sorter
Data shape = (250000, 5)
Begin sort function!
In centrality 0
In centrality 1
In centrality 2
In centrality 3
In centrality 4
In centrality 5
In centrality 6
end function sorter
Data shape = (250000, 5)
Begin sort function!
In centrality 0
In centrality 1
In centrality 2
In centrality 3
In centrality 4
In centrality 5
In centrality 6
end function sorter
Final results shape = (4, 7, 12)
mean value:
[[ 1.47372816e-02  1.00885558e-02  1.58326083e-02  3.86296980e-05
   1.32144641e-06 -6.79363475e-07  8.47704956e-01  6.09847735e-03
   2.60324242e-04 -9.70252247e-05  8.95152182e-05 -6.23846812e-06]
 [ 1.59794506e-02  1.09585490e-02  1.69965752e-02  3.08819481e-05
   8.21107186e-09 -1.08168675e-06  8.27995460e-01  5.89583378e-03
   2.59170078e-04 -9.31390318e-05  9.40744733e-05 -5.97643092e-06]
 [ 1.71751190e-02  1.15959135e-02  1.78754983e-02  2.11695833e-05
   1.80337216e-06 -9.54349102e-07  8.17492944e-01  5.81590345e-03
   2.50295438e-04 -1.05189568e-04  9.86240576e-05 -7.11407058e-06]
 [ 1.80580968e-02  1.24427969e-02  1.86005829e-02  2.13602549e-05
   5.92548995e-07 -9.83607488e-07  8.09440940e-01  5.94181279e-03
   2.65710149e-04 -1.18476432e-04  1.06185942e-04 -8.38798352e-06]
 [ 1.89492541e-02  1.31087517e-02  1.92482848e-02  1.42837961e-05
  -2.86391226e-07 -1.05833454e-06  8.05014218e-01  6.03803632e-03
   2.66450512e-04 -1.20439622e-04  1.13520171e-04 -8.53270910e-06]
 [ 1.96181707e-02  1.37233749e-02  1.97465723e-02  1.69239453e-05
  -1.02234143e-06 -1.07764287e-06  8.02394654e-01  6.29183876e-03
   2.91212121e-04 -1.23610439e-04  1.22471826e-04 -9.38252461e-06]
 [ 2.04025048e-02  1.42422143e-02  2.01985292e-02  1.14874108e-05
  -1.46684081e-07 -1.38527424e-06  7.99950448e-01  6.44482542e-03
   2.94712544e-04 -1.19931993e-04  1.31014044e-04 -9.02945493e-06]]
std error:
[[1.26929679e-04 1.17137480e-04 1.20954245e-04 4.39699176e-06
  3.74902464e-07 1.20697286e-07 4.92085797e-04 1.03320179e-04
  1.72032073e-05 5.77471510e-06 1.82341018e-06 3.39936340e-07]
 [1.84933875e-04 7.85950228e-05 9.96798887e-05 2.06977816e-06
  1.29743783e-06 2.45274124e-07 7.42077494e-04 1.19641087e-04
  1.60109808e-05 4.45158071e-06 2.58630579e-06 2.80090211e-07]
 [7.40041350e-05 3.63361934e-05 1.19211377e-04 1.86093335e-06
  1.83279955e-06 8.54537829e-08 5.42937328e-04 3.64054914e-05
  1.23936102e-05 5.83405353e-06 6.56945263e-07 3.46639776e-07]
 [6.94747843e-05 6.54332942e-05 5.21383584e-05 2.22946348e-06
  1.54146594e-06 1.50488654e-07 3.41080527e-04 1.39071010e-05
  1.24375642e-05 4.85084282e-06 4.90830853e-07 2.25376675e-07]
 [1.06123713e-04 4.56046932e-05 1.80913692e-05 4.48895294e-06
  2.04302916e-06 1.58531740e-07 6.66737332e-04 5.45832154e-05
  6.22729232e-06 6.40388641e-06 1.95182548e-06 6.41557356e-07]
 [1.65321918e-04 1.08683867e-04 9.34975491e-05 3.34538664e-06
  2.33181519e-06 2.54235486e-07 3.70839744e-04 4.38571428e-05
  6.75182214e-06 2.56376980e-06 2.08715162e-06 1.77125241e-07]
 [1.56072762e-04 1.39551869e-04 1.06974865e-04 3.17594036e-06
  3.93126209e-06 2.66146314e-07 4.65628020e-04 4.19082594e-05
  1.07841474e-05 2.59438476e-06 5.24566059e-07 9.74718981e-07]]
Done!, time = 4.157809019088745s
