Begin!
Data shape = (250000, 5)
Begin sort function!
In centrality 0
In centrality 1
In centrality 2
In centrality 3
In centrality 4
In centrality 5
In centrality 6
end function sorter
Data shape = (250000, 5)
Begin sort function!
In centrality 0
In centrality 1
In centrality 2
In centrality 3
In centrality 4
In centrality 5
In centrality 6
end function sorter
Data shape = (250000, 5)
Begin sort function!
In centrality 0
In centrality 1
In centrality 2
In centrality 3
In centrality 4
In centrality 5
In centrality 6
end function sorter
Data shape = (250000, 5)
Begin sort function!
In centrality 0
In centrality 1
In centrality 2
In centrality 3
In centrality 4
In centrality 5
In centrality 6
end function sorter
Final results shape = (4, 7, 12)
mean value:
[[ 1.89677091e-02  1.02921548e-02  1.44220736e-02  4.46490145e-05
   8.17072642e-08 -2.70448566e-06  8.58800200e-01  6.15940343e-03
   2.59918850e-04 -2.14190013e-04  1.17345344e-04 -1.58971215e-05]
 [ 2.09488322e-02  1.10108997e-02  1.58203384e-02  1.21206816e-05
   8.40083263e-07 -2.87813711e-06  8.38469814e-01  5.92226860e-03
   2.49276164e-04 -2.28660005e-04  1.22031712e-04 -1.72303829e-05]
 [ 2.22444621e-02  1.16430598e-02  1.68413289e-02 -3.99054159e-06
  -2.81716395e-06 -2.41705310e-06  8.26680989e-01  5.92102185e-03
   2.42650368e-04 -2.48517020e-04  1.31379420e-04 -1.94835046e-05]
 [ 2.33694627e-02  1.23917081e-02  1.75797193e-02 -1.61729455e-05
  -7.45067561e-07 -2.34742647e-06  8.18161415e-01  5.96778809e-03
   2.60720547e-04 -2.47229934e-04  1.37511502e-04 -1.94428192e-05]
 [ 2.41559140e-02  1.29998097e-02  1.83038022e-02 -2.60722241e-05
  -5.92758412e-07 -1.95359159e-06  8.12488340e-01  6.14317761e-03
   2.78275282e-04 -2.61157975e-04  1.44504188e-04 -2.11085615e-05]
 [ 2.47251975e-02  1.35076731e-02  1.88483181e-02 -3.94281092e-05
  -1.48185893e-06 -1.78002579e-06  8.08939770e-01  6.27504090e-03
   2.77487682e-04 -2.57135314e-04  1.53338748e-04 -2.13294363e-05]
 [ 2.56268363e-02  1.41748778e-02  1.94940288e-02 -4.25069854e-05
  -2.33834361e-06 -1.68085729e-06  8.05729325e-01  6.50918576e-03
   2.93568216e-04 -2.62456844e-04  1.63778877e-04 -2.20189973e-05]]
std error:
[[1.15633869e-04 4.55258135e-05 1.18652196e-04 3.21429003e-06
  7.28880696e-07 3.63005953e-07 2.76669492e-04 1.21824705e-04
  1.99596824e-05 8.30569805e-06 3.07006449e-06 1.93516139e-07]
 [1.71763458e-04 5.22852092e-05 1.38733898e-04 1.07685280e-05
  2.18751206e-06 4.25688556e-07 6.44671210e-04 8.48790941e-05
  2.20856498e-05 1.55633408e-05 2.74755876e-06 1.25407865e-06]
 [1.36499605e-04 7.81016026e-05 9.29110539e-05 3.27113319e-06
  1.28694149e-06 3.40304899e-07 3.53719380e-04 4.87679839e-05
  4.52730163e-06 2.05049577e-05 2.05733504e-06 1.76186265e-06]
 [5.14555545e-05 8.58289233e-05 1.44555167e-04 4.48587693e-06
  9.47702167e-07 2.81494082e-07 5.77477430e-04 5.12653484e-05
  5.67947018e-06 9.12616223e-06 9.49398197e-07 8.65218540e-07]
 [1.32953226e-04 6.97123293e-05 6.06519395e-05 1.71263646e-06
  1.35381868e-06 2.22541688e-07 7.91216569e-04 5.95926503e-05
  1.49737829e-05 1.02910743e-05 2.05682122e-06 8.27477043e-07]
 [1.37213079e-04 6.43403681e-05 1.57716223e-04 4.09151215e-06
  2.05384531e-06 4.15303135e-07 2.08038863e-04 5.91996594e-05
  1.19139158e-05 1.60166055e-05 2.12241031e-06 1.72754639e-06]
 [1.78106213e-04 1.04384388e-04 7.33435785e-05 8.71713437e-06
  2.47906045e-06 5.59573231e-07 7.99727450e-04 4.36432578e-05
  1.37513295e-05 4.46317334e-06 1.24041367e-06 8.44656778e-07]]
Done!, time = 3.8454673290252686s
