Begin!
Data shape = (250000, 5)
Begin sort function!
In centrality 0
In centrality 1
In centrality 2
In centrality 3
In centrality 4
In centrality 5
In centrality 6
end function sorter
Data shape = (250000, 5)
Begin sort function!
In centrality 0
In centrality 1
In centrality 2
In centrality 3
In centrality 4
In centrality 5
In centrality 6
end function sorter
Data shape = (250000, 5)
Begin sort function!
In centrality 0
In centrality 1
In centrality 2
In centrality 3
In centrality 4
In centrality 5
In centrality 6
end function sorter
Data shape = (250000, 5)
Begin sort function!
In centrality 0
In centrality 1
In centrality 2
In centrality 3
In centrality 4
In centrality 5
In centrality 6
end function sorter
Final results shape = (4, 7, 12)
mean value:
[[ 1.62246082e-02  1.06299591e-02  1.57239007e-02  1.92950827e-05
  -1.13818258e-06 -1.26820502e-06  8.23379610e-01  2.08210618e-03
   1.88648075e-05 -1.70431319e-04  3.58285963e-05 -1.02110833e-05]
 [ 1.74564117e-02  1.11779511e-02  1.65773270e-02  2.77121547e-06
  -9.54977348e-07 -9.91877328e-07  8.14756013e-01  2.06026870e-03
   2.24341913e-05 -1.67807276e-04  3.73516009e-05 -1.00629668e-05]
 [ 1.83795864e-02  1.17327784e-02  1.73385669e-02 -2.02899394e-06
  -1.92801556e-06 -9.08744974e-07  8.09718116e-01  2.07147872e-03
   2.15314291e-05 -1.67628981e-04  3.93875306e-05 -1.06816144e-05]
 [ 1.89439609e-02  1.22594019e-02  1.81529393e-02 -9.30096418e-06
   1.26033593e-07 -7.67619317e-07  8.05389851e-01  2.10141472e-03
   2.31834971e-05 -1.66237794e-04  4.08200190e-05 -1.08478968e-05]
 [ 1.95838879e-02  1.27800760e-02  1.86015909e-02 -1.97231069e-05
  -3.33226376e-06 -5.66942154e-07  8.02732292e-01  2.11031111e-03
   2.40841754e-05 -1.62864895e-04  4.23716539e-05 -1.07563029e-05]
 [ 2.00551694e-02  1.33511193e-02  1.92260648e-02 -2.19534079e-05
  -3.81117899e-06 -3.81589413e-07  8.00678113e-01  2.15843043e-03
   2.54202020e-05 -1.57487523e-04  4.38975933e-05 -1.05228009e-05]
 [ 2.06193163e-02  1.38241905e-02  1.97508914e-02 -2.30797818e-05
  -5.04196193e-06 -3.94263985e-07  7.98758832e-01  2.18903385e-03
   2.58636667e-05 -1.56674852e-04  4.59567960e-05 -1.10950960e-05]]
std error:
[[1.61071148e-04 3.66231152e-05 1.05281640e-04 3.09827967e-06
  1.24529163e-06 2.65201776e-07 1.34534699e-04 2.96232488e-05
  2.41516278e-06 3.24354080e-06 8.80033237e-07 3.15894436e-07]
 [4.91851409e-05 7.13793495e-05 3.50635455e-05 5.81148594e-06
  3.81593140e-06 2.29134022e-07 2.74425977e-04 1.08549043e-05
  1.41052684e-06 4.20151254e-06 2.54634455e-07 3.33445204e-07]
 [7.68060365e-05 6.34855061e-05 8.52010331e-05 1.32125191e-06
  1.55750126e-06 1.04004622e-07 1.06951413e-04 1.83902208e-05
  5.36845649e-07 5.76598679e-06 6.43052190e-07 3.94202428e-07]
 [7.90403049e-05 1.62401369e-05 9.56921666e-05 1.68492879e-06
  6.56357528e-07 1.40342128e-07 9.81651250e-05 1.14043688e-05
  1.24085890e-06 5.52200806e-06 1.90031032e-07 3.87816058e-07]
 [9.00851393e-05 6.49835480e-05 5.12610463e-05 2.27662935e-06
  2.02402699e-06 1.86545583e-07 1.24822169e-04 1.61650895e-05
  1.56890881e-06 4.06909051e-06 4.78405214e-07 4.06035906e-07]
 [7.22020909e-05 2.16804704e-05 4.06610484e-05 2.45622178e-06
  2.21420909e-06 2.94731781e-07 2.96020448e-04 5.56792480e-06
  1.75367460e-06 2.97514982e-06 2.99423397e-07 3.58084350e-07]
 [1.19111151e-04 5.25400291e-05 8.24318990e-05 3.52396360e-06
  2.04825151e-06 2.06829055e-07 6.97272748e-05 2.12309286e-05
  1.87166389e-06 3.85313355e-06 1.30891659e-07 4.12936055e-07]]
Done!, time = 3.9278945922851562s
