Begin!
Data shape = (250000, 5)
Begin sort function!
In centrality 0
In centrality 1
In centrality 2
In centrality 3
In centrality 4
In centrality 5
In centrality 6
end function sorter
Data shape = (250000, 5)
Begin sort function!
In centrality 0
In centrality 1
In centrality 2
In centrality 3
In centrality 4
In centrality 5
In centrality 6
end function sorter
Data shape = (250000, 5)
Begin sort function!
In centrality 0
In centrality 1
In centrality 2
In centrality 3
In centrality 4
In centrality 5
In centrality 6
end function sorter
Data shape = (250000, 5)
Begin sort function!
In centrality 0
In centrality 1
In centrality 2
In centrality 3
In centrality 4
In centrality 5
In centrality 6
end function sorter
Final results shape = (4, 7, 12)
mean value:
[[ 1.37663983e-02  1.10917357e-02  1.58375174e-02  2.48115040e-05
  -2.25247239e-06 -3.90618707e-07  7.68092106e-01  6.68711107e-04
  -1.55729781e-06 -1.09593225e-04  1.10549866e-05 -6.06060922e-06]
 [ 1.50245999e-02  1.16316473e-02  1.66205524e-02  1.27974831e-05
  -2.96465460e-06 -6.30100220e-07  7.64306978e-01  6.88507662e-04
  -6.01856134e-07 -1.12964406e-04  1.18111351e-05 -6.36989513e-06]
 [ 1.57464510e-02  1.19870206e-02  1.69877920e-02  9.79394813e-06
  -2.48730622e-06 -6.76778672e-07  7.62037253e-01  7.00065732e-04
   1.09865571e-08 -1.17076214e-04  1.23922727e-05 -6.73461673e-06]
 [ 1.65060500e-02  1.24730104e-02  1.76739706e-02  9.33950420e-07
  -1.75596136e-06 -4.91932711e-07  7.60050141e-01  7.03729479e-04
   5.92794174e-07 -1.12732909e-04  1.28009947e-05 -6.75025856e-06]
 [ 1.70655726e-02  1.28404237e-02  1.80460189e-02 -3.21669112e-06
  -1.06785762e-06 -3.85840364e-07  7.58797968e-01  7.12128331e-04
   7.44246155e-07 -1.10643523e-04  1.32153687e-05 -6.73942774e-06]
 [ 1.76418358e-02  1.31720859e-02  1.86283741e-02 -6.17874068e-06
  -5.03177074e-06 -3.39683345e-07  7.57565209e-01  7.27325228e-04
   1.12690472e-06 -1.08884414e-04  1.37065538e-05 -6.83104326e-06]
 [ 1.81231128e-02  1.36139346e-02  1.91537054e-02 -8.98707111e-06
  -5.44071934e-06 -1.46821877e-07  7.56368144e-01  7.31107952e-04
   1.58677836e-06 -1.06804405e-04  1.39783047e-05 -6.89856360e-06]]
std error:
[[1.56920994e-04 6.70604268e-05 1.38970216e-04 2.99737718e-06
  2.08588552e-06 9.27325428e-08 1.36996554e-04 6.36797592e-06
  2.82667914e-07 3.83333887e-06 4.12630737e-07 3.17115249e-07]
 [3.93642839e-05 1.66120055e-04 1.13966187e-04 5.61420373e-06
  1.50648190e-06 1.09125206e-07 1.82981040e-04 4.51294488e-06
  2.06405278e-07 1.20762615e-06 1.46197400e-07 1.59569930e-07]
 [3.83287575e-05 6.68029517e-05 1.15870300e-04 3.48752850e-06
  9.10616906e-07 9.65371795e-08 1.59106737e-05 5.08729797e-06
  1.66662328e-07 4.72224217e-06 1.57154772e-07 3.84693208e-07]
 [1.14146878e-04 8.78403524e-05 5.69544331e-05 3.42771853e-06
  2.13440051e-06 1.61007338e-07 1.14991483e-04 1.22361065e-06
  1.82343033e-07 1.76283680e-06 1.07341581e-07 1.27237988e-07]
 [1.22758249e-04 4.77246442e-05 1.12173481e-04 1.82844358e-06
  9.04660482e-07 8.78433780e-08 7.83979485e-05 1.26008609e-06
  3.02590089e-07 2.56476230e-06 1.34113006e-07 1.97006531e-07]
 [7.98316657e-05 6.14711442e-05 4.99083215e-05 3.84308792e-06
  2.11215889e-06 1.03141912e-07 1.31203057e-04 3.44715428e-06
  2.69674542e-07 2.26412395e-06 1.03030176e-07 1.51402880e-07]
 [5.29490372e-05 9.85618348e-05 6.63239979e-05 3.79880713e-06
  2.85298405e-06 1.83603628e-08 7.82673271e-05 4.78442171e-06
  2.46343756e-07 1.49652503e-06 1.25222189e-07 1.27278408e-07]]
Done!, time = 4.494921684265137s
