Begin!
Data shape = (250000, 5)
Begin sort function!
In centrality 0
In centrality 1
In centrality 2
In centrality 3
In centrality 4
In centrality 5
In centrality 6
end function sorter
Data shape = (250000, 5)
Begin sort function!
In centrality 0
In centrality 1
In centrality 2
In centrality 3
In centrality 4
In centrality 5
In centrality 6
end function sorter
Data shape = (250000, 5)
Begin sort function!
In centrality 0
In centrality 1
In centrality 2
In centrality 3
In centrality 4
In centrality 5
In centrality 6
end function sorter
Data shape = (250000, 5)
Begin sort function!
In centrality 0
In centrality 1
In centrality 2
In centrality 3
In centrality 4
In centrality 5
In centrality 6
end function sorter
Final results shape = (4, 7, 12)
mean value:
[[ 1.42277697e-02  9.88624312e-03  1.40107787e-02  6.41075406e-05
  -8.62998358e-07 -5.77535787e-08  8.63251967e-01  1.00101505e-03
  -8.32671692e-07 -1.75673267e-04  1.80232816e-05 -1.13655989e-05]
 [ 1.58009297e-02  1.04928997e-02  1.52144728e-02  5.52665768e-05
   7.53205771e-07 -5.32604183e-07  8.58749064e-01  1.00396565e-03
   5.68476494e-07 -1.84763564e-04  1.93209135e-05 -1.24039461e-05]
 [ 1.70578332e-02  1.11384396e-02  1.58529395e-02  5.20408938e-05
  -5.33541025e-07 -9.79290364e-07  8.56308519e-01  1.02925192e-03
   2.02077967e-06 -1.90740123e-04  2.07346112e-05 -1.32913856e-05]
 [ 1.80632273e-02  1.17157687e-02  1.67150086e-02  4.20922653e-05
  -5.75952126e-07 -1.29542429e-06  8.54220723e-01  1.04694204e-03
   2.78636786e-06 -1.94424720e-04  2.17869501e-05 -1.38836510e-05]
 [ 1.90388261e-02  1.23299092e-02  1.73776389e-02  3.87079783e-05
  -7.33003288e-07 -1.03446192e-06  8.52815002e-01  1.06294613e-03
   3.73765092e-06 -1.94256419e-04  2.29281235e-05 -1.45245009e-05]
 [ 1.98805855e-02  1.30214289e-02  1.78817898e-02  2.86807415e-05
   2.80134985e-07 -1.18408694e-06  8.52076515e-01  1.09045747e-03
   4.54080629e-06 -1.93086208e-04  2.42535915e-05 -1.48940768e-05]
 [ 2.06238427e-02  1.36700994e-02  1.85376092e-02  2.48733630e-05
  -4.14298945e-06 -1.07306817e-06  8.51281038e-01  1.10955625e-03
   4.92137704e-06 -1.84370276e-04  2.50014268e-05 -1.46681817e-05]]
std error:
[[8.78369576e-05 1.33898425e-04 1.26681620e-04 5.39158686e-06
  1.85749350e-06 1.88399416e-07 2.90085465e-04 7.88690272e-06
  4.85141665e-07 4.78080528e-06 2.44075934e-07 5.11815963e-07]
 [1.09132824e-04 8.39172829e-05 9.91222060e-05 4.06105196e-06
  2.37952521e-07 4.44267518e-07 2.19457467e-04 1.07956686e-05
  9.67301940e-07 1.47651667e-06 2.40431011e-07 2.49395314e-07]
 [7.70779919e-05 4.87466955e-05 1.24085381e-04 5.53309271e-06
  2.50248359e-06 2.53845114e-07 1.55814837e-04 5.91252726e-06
  1.69687821e-07 3.72593890e-06 2.99477369e-07 5.16519046e-07]
 [1.55366383e-04 8.45514227e-05 1.19165222e-04 3.90914485e-06
  2.54809539e-06 1.27423799e-07 1.57720564e-04 9.34512518e-06
  5.94345777e-07 4.29523266e-06 3.29486675e-07 4.69141735e-07]
 [7.75386939e-05 9.17038530e-05 1.16846272e-04 2.26755756e-06
  2.13950267e-06 1.79991255e-07 1.45625702e-04 1.41857298e-05
  5.10941826e-07 2.30011348e-06 3.14113975e-07 1.68716680e-07]
 [2.00450490e-04 5.25968262e-05 9.64196827e-05 4.32211035e-06
  2.85320956e-06 2.71196223e-07 2.03522597e-04 4.93924198e-06
  3.90002115e-07 6.78730589e-06 4.35155076e-07 6.25285512e-07]
 [1.13919083e-04 1.16886140e-04 8.18235056e-05 4.01368397e-06
  2.88034319e-06 8.35526761e-08 8.72640173e-05 8.41157303e-06
  5.36114180e-07 5.31916128e-06 2.59683993e-07 4.65168192e-07]]
Done!, time = 3.8290627002716064s
