Begin!
Data shape = (250000, 5)
Begin sort function!
In centrality 0
In centrality 1
In centrality 2
In centrality 3
In centrality 4
In centrality 5
In centrality 6
end function sorter
Data shape = (250000, 5)
Begin sort function!
In centrality 0
In centrality 1
In centrality 2
In centrality 3
In centrality 4
In centrality 5
In centrality 6
end function sorter
Data shape = (250000, 5)
Begin sort function!
In centrality 0
In centrality 1
In centrality 2
In centrality 3
In centrality 4
In centrality 5
In centrality 6
end function sorter
Data shape = (250000, 5)
Begin sort function!
In centrality 0
In centrality 1
In centrality 2
In centrality 3
In centrality 4
In centrality 5
In centrality 6
end function sorter
Final results shape = (4, 7, 12)
mean value:
[[ 1.11995780e-02  9.74041967e-03  1.51590200e-02  2.11126557e-05
   5.66868369e-07 -1.49191066e-07  8.53263896e-01  6.55245896e-04
   1.21615638e-06 -7.00451226e-05  8.38137655e-06 -3.39805346e-06]
 [ 1.20781039e-02  1.03342378e-02  1.63014932e-02  1.99361392e-05
   9.88814969e-07 -9.16715145e-08  8.51502400e-01  6.67773133e-04
   1.14680769e-06 -7.20509830e-05  8.98138583e-06 -3.66556758e-06]
 [ 1.29009057e-02  1.09984010e-02  1.68538964e-02  1.76251766e-05
   1.14234570e-06 -1.93884559e-07  8.50375568e-01  6.76017496e-04
   1.40115614e-06 -7.41668227e-05  9.72181946e-06 -3.93742676e-06]
 [ 1.37520898e-02  1.17197943e-02  1.75228986e-02  1.66887776e-05
   2.29007670e-06 -2.78927541e-07  8.49904286e-01  6.91410424e-04
   1.67962208e-06 -7.73463038e-05  1.05637955e-05 -4.33258296e-06]
 [ 1.44578868e-02  1.25575284e-02  1.81039437e-02  1.49294701e-05
   1.76337937e-06 -2.27679755e-07  8.49457542e-01  7.12549110e-04
   2.46895592e-06 -7.50691282e-05  1.12035335e-05 -4.34473747e-06]
 [ 1.53243189e-02  1.32948610e-02  1.86342635e-02  1.15094640e-05
  -6.22543302e-07 -2.97717511e-07  8.49296801e-01  7.31164345e-04
   2.24121398e-06 -7.27666613e-05  1.22669005e-05 -4.44564465e-06]
 [ 1.61242673e-02  1.40489536e-02  1.90491091e-02  7.36956959e-06
  -2.22552501e-06 -2.35639255e-07  8.49396351e-01  7.55522283e-04
   2.42969198e-06 -7.26087916e-05  1.32428122e-05 -4.72764468e-06]]
std error:
[[1.66917203e-04 8.52405368e-05 1.17429872e-04 3.05113129e-06
  1.76952819e-06 1.21742622e-07 1.88251281e-04 1.28247311e-05
  2.94324591e-07 1.78326121e-06 3.51601943e-07 2.05253984e-07]
 [1.20838983e-04 6.26585907e-05 1.99093155e-04 3.21080617e-06
  2.02116626e-06 1.48257962e-07 2.38957593e-04 6.24477422e-06
  1.25059426e-07 3.64015442e-06 3.02469022e-07 3.48627376e-07]
 [9.98113777e-05 4.25736094e-05 2.81960735e-05 1.76211952e-06
  2.67325131e-06 1.16633068e-07 3.28547157e-05 5.41395203e-06
  2.71146879e-07 4.64831647e-06 2.30558064e-07 3.41420725e-07]
 [5.52903247e-05 5.55524382e-05 8.79267154e-05 2.75128734e-06
  8.29175203e-07 1.92200583e-07 2.17822123e-04 3.42392652e-06
  1.24757034e-07 1.98174341e-06 1.76407905e-07 1.20314043e-07]
 [5.78169562e-05 5.91069993e-05 9.94676860e-05 3.39625617e-06
  1.58359569e-06 5.62249601e-08 7.45353233e-05 3.96201171e-06
  1.54319545e-07 2.50077958e-06 1.70302081e-07 2.27280218e-07]
 [7.40551013e-05 6.10730421e-05 9.05349162e-05 1.03459613e-06
  2.32628733e-06 4.46390420e-08 9.07856057e-05 7.71120999e-06
  1.45905169e-07 3.26572402e-06 2.82685656e-07 2.13316296e-07]
 [1.81682475e-04 8.91508238e-05 4.89630078e-05 1.19850897e-06
  8.37265824e-07 1.50463726e-07 1.00441920e-04 5.28347593e-06
  2.64600385e-07 1.84062520e-06 1.32006135e-07 1.06129205e-07]]
Done!, time = 3.1368966102600098s
