Begin!
Data shape = (250000, 5)
Begin sort function!
In centrality 0
In centrality 1
In centrality 2
In centrality 3
In centrality 4
In centrality 5
In centrality 6
end function sorter
Data shape = (250000, 5)
Begin sort function!
In centrality 0
In centrality 1
In centrality 2
In centrality 3
In centrality 4
In centrality 5
In centrality 6
end function sorter
Data shape = (250000, 5)
Begin sort function!
In centrality 0
In centrality 1
In centrality 2
In centrality 3
In centrality 4
In centrality 5
In centrality 6
end function sorter
Data shape = (250000, 5)
Begin sort function!
In centrality 0
In centrality 1
In centrality 2
In centrality 3
In centrality 4
In centrality 5
In centrality 6
end function sorter
Final results shape = (4, 7, 12)
mean value:
[[ 1.84564602e-02  9.73169054e-03  1.38299075e-02  9.61529635e-05
   3.69105191e-07 -2.79443478e-06  9.41381424e-01  3.51744953e-03
   5.41921023e-05 -3.20353990e-04  7.09988572e-05 -2.47735588e-05]
 [ 2.06287400e-02  1.02997982e-02  1.48937131e-02  8.11999649e-05
   7.27553710e-07 -3.92167352e-06  9.30964181e-01  3.51535592e-03
   5.77267662e-05 -3.39732716e-04  7.74185230e-05 -2.72103090e-05]
 [ 2.19645388e-02  1.09965993e-02  1.58606577e-02  6.03802645e-05
   7.64413458e-08 -3.76444210e-06  9.24786511e-01  3.49401512e-03
   5.93482554e-05 -3.39332113e-04  8.08205432e-05 -2.80013407e-05]
 [ 2.29514218e-02  1.16989306e-02  1.66858120e-02  4.38871503e-05
   1.15581232e-06 -3.09831890e-06  9.20597063e-01  3.62212452e-03
   6.44846767e-05 -3.47018009e-04  8.65631108e-05 -2.93357666e-05]
 [ 2.40140710e-02  1.23791945e-02  1.74230910e-02  4.04837866e-05
   2.37656877e-07 -3.54575956e-06  9.17845404e-01  3.66990518e-03
   6.52760367e-05 -3.52074303e-04  9.20230850e-05 -3.10109594e-05]
 [ 2.45997437e-02  1.32092078e-02  1.81928717e-02  3.12304486e-05
  -1.39560713e-06 -3.10078105e-06  9.16438157e-01  3.72435573e-03
   6.87568881e-05 -3.42514481e-04  9.49111827e-05 -3.12531025e-05]
 [ 2.55284752e-02  1.37471600e-02  1.87684022e-02  2.50828490e-05
  -3.97546266e-06 -2.78621939e-06  9.15478246e-01  3.83560565e-03
   7.22928685e-05 -3.38688935e-04  1.00648726e-04 -3.15948955e-05]]
std error:
[[1.24209917e-04 1.15246977e-04 7.53125810e-05 6.59240315e-06
  9.01421924e-07 1.92477379e-07 4.61084264e-04 3.30101523e-05
  7.84717629e-06 2.88879400e-06 1.33113746e-06 3.27701085e-07]
 [1.57732768e-04 1.24571267e-04 1.14647278e-04 4.65039966e-06
  1.54066897e-06 8.20393924e-07 4.22782816e-04 6.06579611e-05
  4.07067000e-06 1.24355663e-05 1.86316646e-06 1.22238743e-06]
 [1.45354707e-04 4.36340126e-05 4.87961806e-05 8.71422564e-06
  6.50983673e-07 3.74613861e-07 2.78830464e-04 8.95011510e-06
  2.28166705e-06 4.60796614e-06 1.23748533e-06 6.07407070e-07]
 [1.87835507e-04 5.59908718e-05 1.31644501e-04 2.98491191e-06
  7.53845856e-07 1.20074899e-07 6.14123163e-04 3.09697649e-05
  4.32389042e-06 4.90545013e-06 7.78757552e-07 5.71825760e-07]
 [2.03844302e-04 6.08473818e-05 1.24579715e-04 6.44440758e-06
  1.61928284e-06 1.60536133e-07 3.57944505e-04 3.04406298e-05
  2.54093932e-06 6.32531635e-06 1.20304916e-06 9.02491915e-07]
 [6.55715557e-05 7.97969105e-05 1.07733298e-04 8.70696988e-06
  2.38048334e-06 4.63288087e-07 1.65295153e-04 2.47064297e-05
  3.38248943e-06 2.69539448e-06 1.57989640e-06 5.18995909e-07]
 [1.39738834e-04 1.03722808e-04 6.92889273e-05 7.01086499e-06
  2.81764980e-06 6.06074246e-07 1.18278414e-04 2.39923357e-05
  2.12351538e-06 9.47490679e-06 1.25186552e-06 1.54106544e-06]]
Done!, time = 3.964237928390503s
