Begin!
Data shape = (250000, 5)
Begin sort function!
In centrality 0
In centrality 1
In centrality 2
In centrality 3
In centrality 4
In centrality 5
In centrality 6
end function sorter
Data shape = (250000, 5)
Begin sort function!
In centrality 0
In centrality 1
In centrality 2
In centrality 3
In centrality 4
In centrality 5
In centrality 6
end function sorter
Data shape = (250000, 5)
Begin sort function!
In centrality 0
In centrality 1
In centrality 2
In centrality 3
In centrality 4
In centrality 5
In centrality 6
end function sorter
Data shape = (250000, 5)
Begin sort function!
In centrality 0
In centrality 1
In centrality 2
In centrality 3
In centrality 4
In centrality 5
In centrality 6
end function sorter
Final results shape = (4, 7, 12)
mean value:
[[ 1.30031329e-02  1.03092057e-02  1.55513350e-02  8.01506432e-06
  -2.74601885e-06 -3.40958428e-07  8.55332553e-01  7.66789439e-04
  -3.26281798e-07 -9.55652448e-05  1.10621203e-05 -4.57449101e-06]
 [ 1.38051894e-02  1.08464213e-02  1.63893960e-02  7.44730950e-07
   1.38977327e-07 -2.48220525e-07  8.52741256e-01  7.75616934e-04
   6.96876710e-07 -9.23184289e-05  1.15087899e-05 -4.57339929e-06]
 [ 1.44838426e-02  1.13231641e-02  1.69260872e-02 -7.98494510e-07
  -7.78595500e-07 -2.25222928e-07  8.51186873e-01  7.84889791e-04
   9.28716956e-07 -9.34660373e-05  1.20315604e-05 -4.80664502e-06]
 [ 1.50774842e-02  1.18606763e-02  1.74065225e-02 -5.81763608e-06
  -4.45241861e-07 -1.74967210e-07  8.49828892e-01  8.00224526e-04
   1.04998512e-06 -8.89580181e-05  1.27308939e-05 -4.68354011e-06]
 [ 1.55396471e-02  1.23882951e-02  1.80285578e-02 -5.94638872e-06
  -7.56272708e-07 -1.64562419e-07  8.48962058e-01  8.20805371e-04
   1.37906835e-06 -8.92379844e-05  1.33899671e-05 -4.89282256e-06]
 [ 1.60780789e-02  1.30506626e-02  1.84671601e-02 -1.01191032e-05
  -2.21212363e-06 -6.25092798e-08  8.48196119e-01  8.24768733e-04
   1.88094855e-06 -8.53988885e-05  1.37340903e-05 -4.78248521e-06]
 [ 1.65845302e-02  1.36256687e-02  1.89958499e-02 -1.00898514e-05
  -3.20189696e-06 -2.02822424e-07  8.47598845e-01  8.40520163e-04
   2.09920923e-06 -8.20048951e-05  1.44574343e-05 -4.77188612e-06]]
std error:
[[5.99010736e-05 7.79686335e-05 1.49012261e-04 6.28096544e-07
  5.03861697e-07 4.74755919e-08 1.90916614e-04 6.78699305e-06
  3.82222675e-07 9.33202405e-07 8.44822321e-08 4.74173787e-08]
 [1.17766521e-04 8.79441925e-05 9.73714336e-05 1.76396714e-06
  2.26587865e-06 1.07857321e-07 1.32638917e-04 4.02014195e-06
  3.10825152e-07 3.89324710e-06 1.33039187e-07 2.86276867e-07]
 [5.59956048e-05 8.61093459e-05 9.62799484e-05 5.73620728e-07
  1.89564000e-06 1.15931938e-07 1.69312742e-04 1.08224066e-06
  2.69583750e-07 1.19073901e-06 1.19664418e-07 1.02131254e-07]
 [2.60986762e-05 7.26618642e-05 1.12866378e-04 2.08001697e-06
  1.92417761e-06 4.66284619e-08 5.51939703e-05 3.18747217e-06
  3.47082164e-07 1.06610871e-06 2.62352322e-08 7.53239209e-08]
 [4.57947510e-05 6.03921701e-05 1.47935899e-04 3.01054116e-06
  9.74094352e-07 4.96309775e-08 6.81234238e-05 6.37982844e-06
  8.85563037e-08 3.24451376e-06 1.43682313e-07 2.18324119e-07]
 [8.86506449e-05 6.30442122e-05 9.94467595e-05 2.50504125e-06
  1.58317278e-06 9.55507756e-08 1.11937177e-04 5.08606901e-06
  1.41621450e-07 2.81753519e-06 1.65190680e-07 2.17295623e-07]
 [1.25804455e-04 8.83409192e-05 1.54127556e-04 2.36020311e-06
  1.85839434e-06 1.81540462e-07 6.60558989e-05 9.92962637e-06
  2.36994792e-07 4.65811864e-06 8.47012948e-08 2.48849202e-07]]
Done!, time = 3.6893842220306396s
