Begin!
Data shape = (250000, 5)
Begin sort function!
In centrality 0
In centrality 1
In centrality 2
In centrality 3
In centrality 4
In centrality 5
In centrality 6
end function sorter
Data shape = (250000, 5)
Begin sort function!
In centrality 0
In centrality 1
In centrality 2
In centrality 3
In centrality 4
In centrality 5
In centrality 6
end function sorter
Data shape = (250000, 5)
Begin sort function!
In centrality 0
In centrality 1
In centrality 2
In centrality 3
In centrality 4
In centrality 5
In centrality 6
end function sorter
Data shape = (250000, 5)
Begin sort function!
In centrality 0
In centrality 1
In centrality 2
In centrality 3
In centrality 4
In centrality 5
In centrality 6
end function sorter
Final results shape = (4, 7, 12)
mean value:
[[ 1.23437207e-02  1.00000945e-02  1.44338651e-02  3.02324050e-05
  -9.93058715e-07 -1.40414367e-07  8.71903990e-01  2.45924108e-03
   3.15704551e-05 -8.21735921e-05  3.08826407e-05 -4.50677326e-06]
 [ 1.33698007e-02  1.06114288e-02  1.51784582e-02  3.26987235e-05
  -1.31600166e-06 -2.68089233e-07  8.63612871e-01  2.42192869e-03
   3.03649348e-05 -8.07946305e-05  3.28939035e-05 -4.68469341e-06]
 [ 1.42185961e-02  1.11072077e-02  1.58924260e-02  2.93013154e-05
   1.44893983e-06 -4.24698549e-07  8.59162953e-01  2.45268676e-03
   3.18691256e-05 -8.84410239e-05  3.57356943e-05 -5.18167086e-06]
 [ 1.50870914e-02  1.17488392e-02  1.65541349e-02  2.34855623e-05
   1.37626166e-07 -5.38690177e-07  8.55556324e-01  2.49479272e-03
   3.64607804e-05 -9.14043692e-05  3.83325587e-05 -5.57834820e-06]
 [ 1.56543727e-02  1.23384168e-02  1.72041880e-02  2.18002513e-05
  -7.49849972e-07 -4.39121077e-07  8.53631314e-01  2.53799349e-03
   3.87656267e-05 -8.86049260e-05  4.05036201e-05 -5.67385585e-06]
 [ 1.63341620e-02  1.28862196e-02  1.76270739e-02  1.95405761e-05
  -3.93871915e-06 -4.27209285e-07  8.51837276e-01  2.57312238e-03
   3.76068880e-05 -9.03224936e-05  4.28242690e-05 -5.86834525e-06]
 [ 1.69120736e-02  1.35376366e-02  1.82103076e-02  1.75490159e-05
  -1.26256630e-06 -2.65615457e-07  8.51146795e-01  2.63547532e-03
   3.93699074e-05 -9.44670042e-05  4.57105194e-05 -6.43262719e-06]]
std error:
[[2.03242023e-05 6.14662433e-05 5.59545101e-05 2.67596900e-06
  1.91513902e-06 6.14807128e-08 4.04365367e-04 2.33898741e-05
  2.10143111e-06 2.96583381e-06 5.38765000e-07 4.16791097e-07]
 [8.65451276e-05 5.79364039e-05 1.25674938e-04 2.14874255e-06
  2.12936971e-06 1.53813364e-07 5.09117058e-04 1.14258446e-05
  8.71724961e-07 6.00610696e-06 1.44398493e-07 4.47475753e-07]
 [1.47719959e-04 4.60181919e-05 6.31478333e-05 3.19236928e-06
  1.99241815e-06 9.64363707e-08 2.84339463e-04 1.29794014e-05
  4.09638204e-07 3.57614788e-06 4.03508517e-07 2.57658582e-07]
 [6.69845779e-05 5.31040306e-05 9.88256510e-05 2.86614351e-06
  1.39483940e-06 1.95464768e-07 4.63501665e-04 9.36547483e-06
  2.57688622e-06 2.21861662e-06 3.44440150e-07 1.40494328e-07]
 [6.47491286e-05 4.47674120e-05 9.81916821e-05 5.39584000e-06
  1.73487688e-06 9.36349501e-08 6.68848030e-05 1.12565490e-05
  1.85246551e-06 2.79211585e-06 6.02406852e-07 3.28685729e-07]
 [4.48636903e-05 3.51676411e-05 8.18486336e-05 4.77321058e-06
  1.39106850e-06 1.55157678e-07 3.12253997e-04 8.55924148e-06
  1.67148183e-06 1.75438584e-06 5.28030774e-07 1.92898313e-07]
 [8.45775728e-05 3.20852775e-05 1.13794584e-04 6.37584690e-06
  1.80158113e-06 1.61944475e-07 3.29734144e-04 3.26881842e-05
  2.11401822e-06 4.69500124e-06 7.57923716e-07 4.32057358e-07]]
Done!, time = 3.6258766651153564s
