Begin!
Data shape = (250000, 5)
Begin sort function!
In centrality 0
In centrality 1
In centrality 2
In centrality 3
In centrality 4
In centrality 5
In centrality 6
end function sorter
Data shape = (250000, 5)
Begin sort function!
In centrality 0
In centrality 1
In centrality 2
In centrality 3
In centrality 4
In centrality 5
In centrality 6
end function sorter
Data shape = (250000, 5)
Begin sort function!
In centrality 0
In centrality 1
In centrality 2
In centrality 3
In centrality 4
In centrality 5
In centrality 6
end function sorter
Data shape = (250000, 5)
Begin sort function!
In centrality 0
In centrality 1
In centrality 2
In centrality 3
In centrality 4
In centrality 5
In centrality 6
end function sorter
Final results shape = (4, 7, 12)
mean value:
[[ 1.56357032e-02  1.06068097e-02  1.55732349e-02  5.63854726e-05
  -2.30003155e-06 -9.62324706e-07  8.10518029e-01  8.61078519e-04
  -1.18841830e-06 -1.85465265e-04  1.69476627e-05 -1.21925696e-05]
 [ 1.71835717e-02  1.10624733e-02  1.65378509e-02  4.75533358e-05
  -2.51723106e-06 -1.41447334e-06  8.06522834e-01  8.63208009e-04
   6.26927121e-07 -1.94626864e-04  1.76996495e-05 -1.31299256e-05]
 [ 1.82886898e-02  1.16833466e-02  1.72602380e-02  3.88325883e-05
  -5.88962675e-07 -9.61957974e-07  8.03897791e-01  8.83003983e-04
   1.16039404e-06 -1.99775856e-04  1.89829719e-05 -1.42418969e-05]
 [ 1.93195743e-02  1.21703083e-02  1.79254875e-02  2.00872085e-05
  -1.37652955e-06 -1.33895741e-06  8.01760896e-01  8.85682383e-04
   1.90625859e-06 -1.95891355e-04  1.96377382e-05 -1.41369835e-05]
 [ 1.98623953e-02  1.26711467e-02  1.86648454e-02  2.40377452e-05
  -4.09931548e-06 -1.19113645e-06  8.00386215e-01  8.94048607e-04
   2.73924113e-06 -1.92572899e-04  1.98825166e-05 -1.43486195e-05]
 [ 2.07171237e-02  1.32210772e-02  1.92239196e-02  1.53870753e-05
  -2.94797719e-06 -1.34780077e-06  7.99160850e-01  9.06628755e-04
   3.13516768e-06 -1.91831455e-04  2.05454977e-05 -1.46001232e-05]
 [ 2.15397029e-02  1.38291976e-02  1.98047736e-02  9.84761639e-06
  -4.32907564e-06 -8.81687852e-07  7.98056570e-01  9.25241993e-04
   3.74809024e-06 -1.93669076e-04  2.17093439e-05 -1.53576940e-05]]
std error:
[[1.14969928e-04 1.26015665e-04 1.49126221e-04 4.31156454e-06
  9.83990753e-07 4.30583060e-07 2.87770617e-04 2.10105492e-06
  5.87649127e-07 4.70664943e-06 3.70486899e-07 5.88996874e-07]
 [8.46578814e-05 4.77492716e-05 8.23353986e-05 4.77462449e-06
  1.52171491e-06 2.22433667e-07 3.24499980e-04 1.19961231e-05
  5.10768685e-07 4.64187555e-06 3.40313912e-07 5.80260357e-07]
 [6.45128259e-05 9.16114513e-05 1.43069842e-04 2.56336966e-06
  1.63326808e-06 1.96381150e-07 1.15627778e-04 8.23015182e-06
  1.70008246e-07 2.91852068e-06 1.68776564e-07 1.55781876e-07]
 [1.15284346e-04 5.23390728e-05 1.16670202e-04 4.95223767e-06
  1.36673264e-06 2.52105704e-07 1.46037764e-04 6.13393386e-06
  4.31859803e-07 1.79573397e-06 3.13593173e-07 2.65340509e-07]
 [8.21497601e-05 5.15035136e-05 1.50205510e-04 3.44793447e-06
  2.04576453e-06 3.36287649e-07 2.07433500e-04 4.29956994e-06
  1.83004580e-07 2.45053368e-06 1.24798236e-07 5.83712479e-08]
 [1.42790136e-04 5.01472762e-05 9.35522875e-05 2.22790567e-06
  1.60062839e-06 2.81196986e-07 1.29401269e-04 4.75675649e-06
  1.98705177e-07 1.34674581e-06 9.99839995e-08 1.53900255e-07]
 [1.36008106e-04 4.81770433e-05 9.13101035e-05 4.30711143e-06
  2.20770618e-06 3.72041666e-07 7.99338686e-05 4.21275352e-06
  3.77041771e-07 2.05551253e-06 6.74116251e-08 2.30165560e-07]]
Done!, time = 4.33732533454895s
