Begin!
Data shape = (250000, 5)
Begin sort function!
In centrality 0
In centrality 1
In centrality 2
In centrality 3
In centrality 4
In centrality 5
In centrality 6
end function sorter
Data shape = (250000, 5)
Begin sort function!
In centrality 0
In centrality 1
In centrality 2
In centrality 3
In centrality 4
In centrality 5
In centrality 6
end function sorter
Data shape = (250000, 5)
Begin sort function!
In centrality 0
In centrality 1
In centrality 2
In centrality 3
In centrality 4
In centrality 5
In centrality 6
end function sorter
Data shape = (250000, 5)
Begin sort function!
In centrality 0
In centrality 1
In centrality 2
In centrality 3
In centrality 4
In centrality 5
In centrality 6
end function sorter
Final results shape = (4, 7, 12)
mean value:
[[ 1.60712492e-02  1.06189662e-02  1.55968865e-02  2.25462456e-05
  -1.99956354e-06 -1.05428878e-06  8.21399016e-01  1.86613522e-03
   1.30485662e-05 -1.69029609e-04  3.21112345e-05 -1.01166296e-05]
 [ 1.71874331e-02  1.10860434e-02  1.66038632e-02  7.06651086e-06
  -1.62867739e-06 -9.97028458e-07  8.14397259e-01  1.86161767e-03
   1.40816991e-05 -1.60021473e-04  3.35682546e-05 -9.87964296e-06]
 [ 1.81188846e-02  1.16468260e-02  1.72705482e-02 -4.28079699e-07
  -2.66851519e-06 -1.06374736e-06  8.09171580e-01  1.89090848e-03
   1.47478884e-05 -1.74931967e-04  3.59329592e-05 -1.10754399e-05]
 [ 1.88092553e-02  1.22664000e-02  1.79684425e-02 -8.73733171e-06
  -1.04122971e-06 -8.30467294e-07  8.05713613e-01  1.89624018e-03
   1.66743117e-05 -1.74540240e-04  3.72299654e-05 -1.14116288e-05]
 [ 1.94680311e-02  1.27811888e-02  1.86981661e-02 -1.48951152e-05
  -2.70684036e-06 -4.75538364e-07  8.02985590e-01  1.93261874e-03
   1.71632875e-05 -1.68863921e-04  3.89575898e-05 -1.14154118e-05]
 [ 2.00903662e-02  1.33294447e-02  1.92196272e-02 -1.58086158e-05
  -2.96145035e-06 -5.70329723e-07  8.00912531e-01  1.95833165e-03
   1.82282761e-05 -1.68324528e-04  4.03301520e-05 -1.16656341e-05]
 [ 2.05004162e-02  1.38042990e-02  1.96617460e-02 -1.98436196e-05
  -3.63360952e-06 -5.70799276e-07  7.99359446e-01  1.98886230e-03
   1.87443467e-05 -1.65838198e-04  4.18068806e-05 -1.16597894e-05]]
std error:
[[1.65073387e-04 7.51172682e-05 3.46094716e-05 4.11518867e-06
  2.31132477e-06 2.59034796e-07 4.65534849e-04 2.65645440e-05
  1.99916372e-06 9.08237405e-06 5.72233467e-07 6.31174972e-07]
 [5.60601966e-05 9.73836657e-05 1.20563258e-04 5.66589726e-06
  1.96895915e-06 1.95486829e-07 1.94483230e-04 1.21563338e-05
  1.63079972e-06 2.49651321e-06 4.28390809e-07 2.76459212e-07]
 [1.43209244e-04 5.17278896e-05 1.33686564e-04 5.61392175e-06
  1.34882389e-06 1.92595550e-07 9.02360261e-05 1.70900006e-05
  4.86339004e-07 6.64622035e-06 3.64867319e-07 5.78215489e-07]
 [8.25809480e-05 6.77193906e-05 1.20106860e-04 5.27009002e-07
  1.36513359e-06 8.76410772e-08 2.35258319e-04 1.45069648e-05
  1.40997443e-06 6.70400675e-06 1.41017778e-07 4.78312381e-07]
 [9.68968108e-05 4.57067196e-05 1.29639492e-04 3.43169487e-06
  2.71120111e-06 1.20418950e-07 9.97793240e-05 1.71808882e-05
  9.68540777e-07 3.87208216e-06 5.75635874e-07 4.42802206e-07]
 [1.10963942e-04 7.19412522e-05 9.42299433e-05 1.88205002e-06
  1.47939262e-06 1.66658958e-07 3.37470505e-04 1.09153047e-05
  1.39218440e-06 3.04395431e-06 2.60896324e-07 1.03037093e-07]
 [3.04581102e-05 1.01156181e-04 7.34426412e-05 3.13183677e-06
  1.56362902e-06 5.88695378e-08 2.17538700e-04 1.51099407e-05
  8.45447050e-07 6.94357989e-06 2.77143231e-07 5.69146154e-07]]
Done!, time = 4.102509498596191s
