Begin!
Data shape = (250000, 5)
Begin sort function!
In centrality 0
In centrality 1
In centrality 2
In centrality 3
In centrality 4
In centrality 5
In centrality 6
end function sorter
Data shape = (250000, 5)
Begin sort function!
In centrality 0
In centrality 1
In centrality 2
In centrality 3
In centrality 4
In centrality 5
In centrality 6
end function sorter
Data shape = (250000, 5)
Begin sort function!
In centrality 0
In centrality 1
In centrality 2
In centrality 3
In centrality 4
In centrality 5
In centrality 6
end function sorter
Data shape = (250000, 5)
Begin sort function!
In centrality 0
In centrality 1
In centrality 2
In centrality 3
In centrality 4
In centrality 5
In centrality 6
end function sorter
Final results shape = (4, 7, 12)
mean value:
[[ 1.19754401e-02  1.12050456e-02  1.58234901e-02  1.82429911e-05
  -2.20020785e-06 -8.90576065e-09  7.63358120e-01  6.06167069e-04
   1.11495477e-06 -5.53686497e-05  8.01426813e-06 -2.93837811e-06]
 [ 1.29433931e-02  1.17040706e-02  1.64533000e-02  2.08038317e-05
  -2.74732842e-06 -2.19900298e-07  7.60734311e-01  6.13959448e-04
   1.63546641e-06 -6.26307310e-05  8.64816427e-06 -3.47348964e-06]
 [ 1.37008319e-02  1.20386795e-02  1.69633211e-02  1.77898714e-05
  -3.57869534e-06 -1.84623649e-07  7.59036713e-01  6.22465110e-04
   1.44162522e-06 -6.44772206e-05  9.38160894e-06 -3.69119261e-06]
 [ 1.42825728e-02  1.23437507e-02  1.75390039e-02  1.77013682e-05
  -2.65928146e-06 -2.74387362e-07  7.57528350e-01  6.23436094e-04
   1.73663495e-06 -6.56965900e-05  9.48769745e-06 -3.80675389e-06]
 [ 1.47322318e-02  1.27903139e-02  1.79183382e-02  1.57332546e-05
  -2.47018005e-06 -2.04364246e-07  7.56412150e-01  6.31482350e-04
   1.64043140e-06 -6.73587187e-05  1.00026277e-05 -4.00731351e-06]
 [ 1.53630765e-02  1.31420470e-02  1.85074784e-02  1.28051867e-05
  -3.61289557e-06 -2.69665148e-07  7.55346784e-01  6.41516255e-04
   2.02521878e-06 -7.27996721e-05  1.06318076e-05 -4.42305001e-06]
 [ 1.58700939e-02  1.35974537e-02  1.88001034e-02  1.18936288e-05
  -3.43698631e-06 -2.11851458e-07  7.54586001e-01  6.48530511e-04
   1.90787530e-06 -6.78760872e-05  1.08727561e-05 -4.31184357e-06]]
std error:
[[7.99372568e-05 9.62143955e-05 2.87151625e-04 3.35558908e-06
  1.68896394e-06 1.09478061e-07 9.21326987e-05 7.92594801e-06
  2.43638881e-07 4.05347428e-06 2.13708026e-07 3.47020044e-07]
 [1.51077090e-04 1.98456699e-05 1.32489889e-04 3.07433829e-06
  1.27096629e-06 5.52238266e-08 1.67237396e-04 5.83814770e-06
  1.37154685e-07 5.55443865e-07 1.74031733e-07 1.47092813e-07]
 [8.02669635e-05 5.70487654e-05 1.01308603e-04 3.38911172e-06
  5.00175675e-07 6.12389628e-08 1.40773200e-04 1.01853905e-05
  1.65777195e-07 3.08766078e-06 1.79862912e-07 2.24729527e-07]
 [8.55857669e-05 7.97835909e-05 4.68614689e-05 4.12963800e-06
  1.16957736e-06 9.68057765e-08 9.93606482e-05 2.71516634e-06
  1.26500390e-07 6.38432045e-07 1.61150014e-07 1.64758071e-07]
 [4.97907482e-05 5.14000456e-05 1.03787743e-04 1.95954530e-06
  1.84218638e-06 6.79361094e-08 2.43877543e-04 2.12599926e-06
  2.10683081e-07 2.38652119e-06 1.27582906e-07 1.27155252e-07]
 [7.58311961e-05 3.47403705e-05 7.82859662e-05 2.49523780e-06
  8.40836785e-07 1.59979777e-07 1.70303922e-04 3.17673417e-06
  2.12691904e-07 1.03746162e-06 1.62513141e-08 3.60938326e-08]
 [1.41770600e-04 2.27976887e-05 1.20277399e-04 1.50754632e-06
  8.13016281e-07 2.44619616e-07 3.41929396e-05 5.17030550e-06
  1.40739587e-07 3.11176778e-06 1.86985176e-07 2.69405414e-07]]
Done!, time = 3.8159923553466797s
