Begin!
Data shape = (250000, 5)
Begin sort function!
In centrality 0
In centrality 1
In centrality 2
In centrality 3
In centrality 4
In centrality 5
In centrality 6
end function sorter
Data shape = (250000, 5)
Begin sort function!
In centrality 0
In centrality 1
In centrality 2
In centrality 3
In centrality 4
In centrality 5
In centrality 6
end function sorter
Data shape = (250000, 5)
Begin sort function!
In centrality 0
In centrality 1
In centrality 2
In centrality 3
In centrality 4
In centrality 5
In centrality 6
end function sorter
Data shape = (250000, 5)
Begin sort function!
In centrality 0
In centrality 1
In centrality 2
In centrality 3
In centrality 4
In centrality 5
In centrality 6
end function sorter
Final results shape = (4, 7, 12)
mean value:
[[ 1.25048430e-02  1.10616306e-02  1.56951823e-02  1.57701463e-05
  -2.22680081e-06 -1.31924032e-07  8.48410509e-01  4.99715691e-03
   1.52640339e-04 -6.00907873e-05  6.15259467e-05 -3.08667892e-06]
 [ 1.33631561e-02  1.15923705e-02  1.64283785e-02  1.77036480e-05
  -8.31780584e-07 -1.37252422e-07  8.31313371e-01  4.85327584e-03
   1.51138240e-04 -5.81006917e-05  6.45916365e-05 -3.26695624e-06]
 [ 1.39411605e-02  1.20800200e-02  1.71347267e-02  1.59920318e-05
  -2.67255712e-06 -2.76085980e-07  8.21169292e-01  4.75465068e-03
   1.49721141e-04 -6.12946754e-05  6.59948130e-05 -3.76211729e-06]
 [ 1.45496128e-02  1.26524559e-02  1.76840782e-02  1.40357126e-05
  -2.53165080e-06 -1.73350421e-07  8.13683209e-01  4.83524312e-03
   1.50202835e-04 -7.31417015e-05  6.93237541e-05 -4.47333419e-06]
 [ 1.51464445e-02  1.29625922e-02  1.82262294e-02  1.07766336e-05
  -4.64680693e-06 -2.17382067e-07  8.08940111e-01  4.90405883e-03
   1.60081505e-04 -6.92501370e-05  7.32924227e-05 -4.30860149e-06]
 [ 1.55742695e-02  1.33995465e-02  1.87499506e-02  1.06074177e-05
  -4.11405655e-06 -2.67602467e-07  8.05022116e-01  5.00705675e-03
   1.55973803e-04 -7.02386083e-05  7.77219168e-05 -4.59053078e-06]
 [ 1.60756926e-02  1.38201551e-02  1.90622989e-02  1.08985475e-05
  -5.88055797e-06 -1.30870050e-07  8.01949136e-01  5.11071143e-03
   1.68415286e-04 -7.66639825e-05  8.24264358e-05 -4.99542881e-06]]
std error:
[[1.36153947e-04 7.66623417e-05 8.26613866e-05 1.67925162e-06
  5.70499753e-07 1.60048405e-07 2.62041254e-04 5.09187216e-05
  1.81688459e-06 4.28213025e-06 9.29899651e-07 4.59228449e-07]
 [4.30299948e-05 3.78924789e-05 9.81758918e-05 2.90223445e-06
  2.50720126e-06 2.67546149e-07 2.87880362e-04 5.70787562e-05
  8.57971959e-06 3.32989693e-06 9.35516559e-07 1.50189543e-07]
 [1.33511729e-04 7.21465198e-05 1.23546945e-04 3.96248556e-07
  1.55429167e-06 6.51372504e-08 1.49609499e-04 4.94125947e-05
  4.06245491e-06 8.55686046e-06 5.97479750e-07 4.91573068e-07]
 [1.45361378e-04 5.72231009e-05 1.00546283e-04 4.02999768e-06
  1.82055715e-06 1.11891843e-07 4.48139633e-04 4.58359256e-05
  4.37567096e-06 4.84819921e-06 1.54062772e-06 5.19658389e-07]
 [1.03487559e-04 1.15361406e-04 1.14080107e-04 3.01739805e-06
  1.58759767e-06 1.61010242e-07 5.01412723e-04 2.28196559e-05
  6.28075860e-06 3.33483303e-06 1.05648124e-06 1.27536981e-07]
 [1.42136373e-04 6.50777094e-05 1.08306692e-04 2.08576599e-06
  9.45232310e-07 1.93829216e-07 3.84899817e-04 1.30802296e-05
  7.54181167e-06 7.98490659e-06 8.75716897e-07 5.01880797e-07]
 [3.20108916e-05 9.65047469e-05 1.06375893e-04 1.55740834e-06
  1.85160875e-06 1.01072912e-07 1.99872949e-04 4.94612571e-05
  5.94933677e-06 4.74739060e-06 1.20230069e-06 6.35620200e-07]]
Done!, time = 4.101110219955444s
