Begin!
Data shape = (250000, 5)
Begin sort function!
In centrality 0
In centrality 1
In centrality 2
In centrality 3
In centrality 4
In centrality 5
In centrality 6
end function sorter
Data shape = (250000, 5)
Begin sort function!
In centrality 0
In centrality 1
In centrality 2
In centrality 3
In centrality 4
In centrality 5
In centrality 6
end function sorter
Data shape = (250000, 5)
Begin sort function!
In centrality 0
In centrality 1
In centrality 2
In centrality 3
In centrality 4
In centrality 5
In centrality 6
end function sorter
Data shape = (250000, 5)
Begin sort function!
In centrality 0
In centrality 1
In centrality 2
In centrality 3
In centrality 4
In centrality 5
In centrality 6
end function sorter
Final results shape = (4, 7, 12)
mean value:
[[ 1.67568238e-02  9.39893628e-03  1.41943974e-02  2.56267962e-05
   4.84733503e-07 -1.97315947e-06  9.36807256e-01  3.22753289e-03
   4.64402902e-05 -2.53888787e-04  5.75797714e-05 -1.52662125e-05]
 [ 1.83205915e-02  1.02345511e-02  1.54679505e-02  6.30514592e-06
   1.35033974e-06 -1.55925689e-06  9.27342239e-01  3.19574839e-03
   4.64337713e-05 -2.48213083e-04  6.19671290e-05 -1.59072810e-05]
 [ 1.92864963e-02  1.09247517e-02  1.64268539e-02 -4.09173551e-06
   3.12109480e-07 -1.59289082e-06  9.22384746e-01  3.21627443e-03
   4.43994949e-05 -2.51427056e-04  6.48022797e-05 -1.64647945e-05]
 [ 2.02813536e-02  1.18170569e-02  1.73979412e-02 -1.26594049e-05
   1.88916556e-06 -1.25557805e-06  9.18666446e-01  3.29832073e-03
   4.83818211e-05 -2.51052598e-04  6.89806216e-05 -1.72637578e-05]
 [ 2.08846985e-02  1.27055347e-02  1.80535133e-02 -1.53100730e-05
   8.23207203e-07 -9.86869321e-07  9.16811193e-01  3.35001443e-03
   5.51919703e-05 -2.44919200e-04  7.18033262e-05 -1.75926752e-05]
 [ 2.15532537e-02  1.35033215e-02  1.86850577e-02 -1.93163108e-05
  -1.65792230e-06 -7.76419674e-07  9.15800621e-01  3.44873649e-03
   5.68505515e-05 -2.37945854e-04  7.63156896e-05 -1.75489146e-05]
 [ 2.26086180e-02  1.43128579e-02  1.91409098e-02 -1.99149441e-05
  -5.03272891e-07 -1.06418319e-06  9.14998496e-01  3.45633258e-03
   5.41966983e-05 -2.26776789e-04  7.92174250e-05 -1.76906771e-05]]
std error:
[[1.29519375e-04 8.06283093e-05 1.31903652e-04 5.04186607e-06
  2.25416588e-06 1.01648908e-07 3.09489140e-04 4.69446711e-05
  1.31859896e-06 4.32835415e-06 1.41606690e-06 2.45999899e-07]
 [2.22102689e-04 1.04516149e-04 1.43278551e-04 4.10341548e-06
  9.72101726e-07 9.79320518e-08 5.52534047e-04 7.25809298e-05
  1.88089346e-06 8.60506491e-06 2.18688248e-06 5.57670957e-07]
 [1.35387727e-04 7.34439314e-05 4.78338060e-05 3.10224062e-06
  1.71607936e-06 1.40090108e-07 3.42461273e-04 3.27260380e-05
  4.11184972e-06 7.71229530e-06 6.89546007e-07 5.88576981e-07]
 [1.15447096e-04 9.10545087e-05 1.07511010e-04 6.22761170e-06
  1.61537646e-06 1.42049909e-07 1.13643441e-04 1.49413368e-05
  1.14632797e-06 6.96293593e-06 3.84113097e-07 6.84606071e-07]
 [8.01223333e-05 5.01791852e-05 6.29729402e-05 2.12062131e-06
  9.37066935e-07 1.94366022e-07 2.60180981e-04 2.36337085e-05
  3.72618915e-06 1.30730026e-05 7.11189952e-07 9.63241355e-07]
 [1.29327956e-04 1.03129533e-04 6.84084918e-05 5.05550384e-06
  1.61147905e-06 1.84078728e-07 2.66774837e-04 1.50736472e-05
  3.90696432e-06 6.72414380e-06 5.48805440e-07 6.18835058e-07]
 [1.54139252e-04 1.79291294e-04 6.62521544e-05 2.36747433e-06
  1.11427717e-06 5.11894279e-07 1.55243523e-04 2.43618721e-05
  3.58429818e-06 3.20123173e-06 9.76064702e-07 4.20998874e-07]]
Done!, time = 4.25774073600769s
