Begin!
Data shape = (250000, 5)
Begin sort function!
In centrality 0
In centrality 1
In centrality 2
In centrality 3
In centrality 4
In centrality 5
In centrality 6
end function sorter
Data shape = (250000, 5)
Begin sort function!
In centrality 0
In centrality 1
In centrality 2
In centrality 3
In centrality 4
In centrality 5
In centrality 6
end function sorter
Data shape = (250000, 5)
Begin sort function!
In centrality 0
In centrality 1
In centrality 2
In centrality 3
In centrality 4
In centrality 5
In centrality 6
end function sorter
Data shape = (250000, 5)
Begin sort function!
In centrality 0
In centrality 1
In centrality 2
In centrality 3
In centrality 4
In centrality 5
In centrality 6
end function sorter
Final results shape = (4, 7, 12)
mean value:
[[ 1.46297712e-02  1.08263850e-02  1.53355521e-02  3.59151384e-05
  -3.74294056e-07 -1.93928632e-07  8.74434921e-01  2.50210545e-03
   3.20660383e-05 -1.27658079e-04  3.74113720e-05 -7.77217034e-06]
 [ 1.55961359e-02  1.12725533e-02  1.60736625e-02  2.61573964e-05
  -2.11104270e-06 -5.04693499e-07  8.65427375e-01  2.47322587e-03
   3.07081013e-05 -1.27913177e-04  3.97767651e-05 -8.02274885e-06]
 [ 1.65331073e-02  1.17832945e-02  1.67417050e-02  2.47293488e-05
  -2.42454218e-06 -7.96927740e-07  8.60369251e-01  2.48140688e-03
   3.42410677e-05 -1.33615747e-04  4.23983242e-05 -8.70590821e-06]
 [ 1.72076618e-02  1.21620462e-02  1.73061077e-02  2.45231012e-05
  -3.42084132e-06 -6.49175912e-07  8.55959070e-01  2.50920403e-03
   3.47978858e-05 -1.34062308e-04  4.39535208e-05 -9.00285302e-06]
 [ 1.77533769e-02  1.26242829e-02  1.79630305e-02  1.75276793e-05
  -3.99031250e-06 -6.41636267e-07  8.52970245e-01  2.54035344e-03
   3.77173968e-05 -1.42058882e-04  4.60038921e-05 -9.79987538e-06]
 [ 1.84434817e-02  1.31675551e-02  1.84032893e-02  1.64132291e-05
  -2.22513209e-06 -7.59493797e-07  8.51116584e-01  2.58108094e-03
   3.75399792e-05 -1.42912284e-04  4.86871677e-05 -9.95766933e-06]
 [ 1.88601918e-02  1.36553807e-02  1.88495602e-02  1.82050601e-05
  -4.05043980e-06 -5.71443615e-07  8.49733858e-01  2.61789681e-03
   3.62528072e-05 -1.38683158e-04  4.99228828e-05 -9.85468822e-06]]
std error:
[[2.00779610e-04 9.32295422e-05 2.50561319e-06 4.46615805e-06
  1.57564022e-06 9.21825979e-08 3.80584668e-04 1.27576497e-05
  1.78529946e-06 5.31181474e-06 8.13716142e-07 5.04363919e-07]
 [3.46319939e-05 3.60698838e-05 7.82248138e-05 5.14611207e-06
  1.95296982e-06 2.18546500e-07 7.38025082e-04 3.75687758e-05
  1.56663432e-06 3.23945471e-06 8.49243541e-07 3.89182395e-07]
 [1.61399743e-04 6.40722659e-05 3.50850600e-05 2.08447600e-06
  1.27765714e-06 9.82115294e-08 2.11308880e-04 2.87502288e-05
  2.85027268e-06 2.28174211e-06 3.84383877e-07 1.86143959e-07]
 [9.94016556e-05 3.63449346e-05 1.33192294e-04 5.03249449e-06
  1.49251588e-06 8.61461364e-08 1.37945095e-04 8.40023786e-06
  1.70749614e-06 3.24634671e-06 3.98657435e-07 2.00076024e-07]
 [1.66761781e-04 1.05422211e-04 1.17840242e-04 4.26612233e-06
  2.14881799e-06 1.21713212e-07 3.99221080e-04 2.85681988e-05
  2.09492560e-06 2.88436799e-06 8.80017758e-07 3.11320103e-07]
 [6.38965615e-05 5.64461500e-05 7.58495671e-05 5.63812831e-06
  1.78510620e-06 1.78348413e-07 2.63576491e-04 1.45274331e-05
  2.56538279e-06 6.31113115e-06 5.54919823e-07 6.73325823e-07]
 [1.57011556e-04 1.13317087e-04 1.39988057e-04 5.54245491e-06
  4.44337923e-06 2.92604407e-07 2.71291898e-04 1.31841192e-05
  9.22533401e-07 3.98924969e-06 4.26910584e-07 4.69157456e-07]]
Done!, time = 3.9938299655914307s
