Begin!
Data shape = (250000, 5)
Begin sort function!
In centrality 0
In centrality 1
In centrality 2
In centrality 3
In centrality 4
In centrality 5
In centrality 6
end function sorter
Data shape = (250000, 5)
Begin sort function!
In centrality 0
In centrality 1
In centrality 2
In centrality 3
In centrality 4
In centrality 5
In centrality 6
end function sorter
Data shape = (250000, 5)
Begin sort function!
In centrality 0
In centrality 1
In centrality 2
In centrality 3
In centrality 4
In centrality 5
In centrality 6
end function sorter
Data shape = (250000, 5)
Begin sort function!
In centrality 0
In centrality 1
In centrality 2
In centrality 3
In centrality 4
In centrality 5
In centrality 6
end function sorter
Final results shape = (4, 7, 12)
mean value:
[[ 1.37772722e-02  9.46079602e-03  1.48405138e-02  4.17506954e-06
  -7.20249426e-07 -5.34865975e-07  9.31771994e-01  3.18930266e-03
   4.96391839e-05 -1.34307047e-04  4.50329728e-05 -6.51458131e-06]
 [ 1.49148271e-02  1.01608482e-02  1.59807654e-02 -3.55036006e-06
   3.35186004e-06 -4.28862778e-07  9.23548172e-01  3.11628251e-03
   5.02076239e-05 -1.25119825e-04  4.73589428e-05 -6.34833269e-06]
 [ 1.57120855e-02  1.08715806e-02  1.65900645e-02 -7.78760722e-06
   8.70220627e-07 -3.72729501e-07  9.18635037e-01  3.16801530e-03
   5.12527993e-05 -1.30110148e-04  5.05496444e-05 -7.06637087e-06]
 [ 1.61909397e-02  1.16770076e-02  1.73596360e-02 -9.38563014e-06
   1.99885922e-06 -3.45825701e-07  9.15688309e-01  3.22931728e-03
   5.37129995e-05 -1.24060184e-04  5.29394895e-05 -6.92061561e-06]
 [ 1.69728537e-02  1.25268746e-02  1.79872895e-02 -1.03609537e-05
   2.46921606e-07 -3.02664647e-07  9.13996563e-01  3.29855590e-03
   5.39517383e-05 -1.19719497e-04  5.66020503e-05 -7.02246723e-06]
 [ 1.78261175e-02  1.33668693e-02  1.84169447e-02 -1.38460751e-05
  -4.55787394e-07 -1.70103400e-07  9.13391020e-01  3.36238681e-03
   5.95133942e-05 -1.13473633e-04  6.04638158e-05 -6.94143815e-06]
 [ 1.86065865e-02  1.41376338e-02  1.88892980e-02 -1.55563035e-05
  -2.82896579e-06 -2.84853077e-07  9.12936013e-01  3.42099908e-03
   5.91735024e-05 -1.07987395e-04  6.39173039e-05 -6.93513955e-06]]
std error:
[[1.87876205e-04 5.99664971e-05 1.31563347e-04 3.39631097e-06
  8.50642066e-07 6.90221862e-08 2.46058628e-04 2.88936294e-05
  5.48899440e-06 4.92158696e-06 9.60336920e-07 3.94141629e-07]
 [3.57054814e-05 5.91810136e-05 6.71798180e-05 5.56552832e-06
  3.20307042e-06 9.54159854e-08 2.82360533e-04 5.05690541e-05
  6.10980914e-06 5.19116499e-06 8.53450894e-07 2.28808067e-07]
 [9.04763286e-05 2.58565081e-05 8.00072246e-05 3.83200079e-06
  2.98309831e-07 5.78844439e-08 2.18479156e-04 3.20658128e-05
  1.67139131e-06 4.78780122e-06 8.09519119e-07 4.21479953e-07]
 [6.16036877e-05 1.00451461e-04 6.36703396e-05 1.55562303e-06
  2.72251478e-06 9.24991343e-08 1.37534434e-04 2.02800924e-05
  3.59683849e-06 5.17884627e-06 2.31928897e-07 4.44238336e-07]
 [1.20314567e-04 2.06687121e-05 1.18138102e-04 1.23266519e-06
  3.06761110e-06 3.55079324e-08 3.04346543e-04 3.46239204e-05
  3.83027895e-06 6.84754459e-06 1.08590671e-06 4.56040398e-07]
 [1.07121756e-04 9.13930435e-05 1.31604063e-04 2.46843662e-06
  2.99554089e-06 1.66196247e-07 3.28801640e-04 1.88969485e-05
  1.36532310e-06 5.10961909e-06 6.89368727e-07 3.44295355e-07]
 [6.60516902e-05 6.59279959e-05 8.16518129e-05 5.16159885e-06
  1.51762907e-06 1.74044879e-07 4.65302345e-04 2.68822664e-05
  2.87014556e-06 1.57974381e-06 6.45074239e-07 2.14965467e-07]]
Done!, time = 3.989840269088745s
