Begin!
Data shape = (250000, 5)
Begin sort function!
In centrality 0
In centrality 1
In centrality 2
In centrality 3
In centrality 4
In centrality 5
In centrality 6
end function sorter
Data shape = (250000, 5)
Begin sort function!
In centrality 0
In centrality 1
In centrality 2
In centrality 3
In centrality 4
In centrality 5
In centrality 6
end function sorter
Data shape = (250000, 5)
Begin sort function!
In centrality 0
In centrality 1
In centrality 2
In centrality 3
In centrality 4
In centrality 5
In centrality 6
end function sorter
Data shape = (250000, 5)
Begin sort function!
In centrality 0
In centrality 1
In centrality 2
In centrality 3
In centrality 4
In centrality 5
In centrality 6
end function sorter
Final results shape = (4, 7, 12)
mean value:
[[ 1.64757390e-02  1.00363961e-02  1.50918078e-02  3.93502496e-05
   1.35818348e-06 -1.91336488e-06  8.21183389e-01  2.05118609e-03
   1.74578040e-05 -2.05231649e-04  3.71855309e-05 -1.29869424e-05]
 [ 1.81636190e-02  1.07793751e-02  1.64253432e-02  1.79691910e-05
   2.32104195e-07 -1.81831412e-06  8.13324828e-01  2.06892309e-03
   1.91390294e-05 -2.03637075e-04  4.02110931e-05 -1.32204331e-05]
 [ 1.95106976e-02  1.15146062e-02  1.72852611e-02  9.13533387e-06
  -2.18638364e-07 -2.02083288e-06  8.08177523e-01  2.09633904e-03
   1.99838613e-05 -2.19650753e-04  4.34666836e-05 -1.49980722e-05]
 [ 2.04999009e-02  1.22944311e-02  1.82672128e-02 -5.18979276e-06
  -1.68671902e-06 -1.43070029e-06  8.04411184e-01  2.13850683e-03
   2.14224957e-05 -2.19788578e-04  4.63468076e-05 -1.54453076e-05]
 [ 2.14825301e-02  1.30820177e-02  1.91917458e-02 -1.30110067e-05
  -2.51747501e-06 -1.34014872e-06  8.01628215e-01  2.17170373e-03
   2.39860961e-05 -2.13118954e-04  4.87141144e-05 -1.55489182e-05]
 [ 2.18880152e-02  1.37381782e-02  1.96316015e-02 -1.52934052e-05
  -1.14518690e-06 -1.05143110e-06  7.99811104e-01  2.19780464e-03
   2.36069958e-05 -2.07048853e-04  5.00471167e-05 -1.55444997e-05]
 [ 2.28682616e-02  1.44024853e-02  2.03597511e-02 -2.41490106e-05
  -4.84656492e-06 -9.46499409e-07  7.98449591e-01  2.25616434e-03
   2.76665226e-05 -2.10672909e-04  5.32950366e-05 -1.65131930e-05]]
std error:
[[1.09101328e-04 1.31018466e-04 1.65289972e-04 6.05125868e-06
  1.01693433e-06 1.36908881e-07 3.16686824e-04 2.99474149e-05
  2.07156628e-06 1.17736547e-05 3.48416739e-07 1.08399504e-06]
 [4.90999284e-05 8.33959822e-05 9.67596194e-05 2.31699840e-06
  1.25234752e-06 6.62967731e-08 3.77142286e-04 2.58993766e-05
  2.56987581e-06 7.25457564e-06 7.44189061e-07 4.92516319e-07]
 [3.76947529e-05 9.18363123e-05 6.95088150e-05 4.58555681e-06
  1.41485953e-06 2.23517109e-07 2.52710011e-04 2.02660757e-05
  6.69644624e-07 5.64364097e-06 8.76378548e-07 4.02033441e-07]
 [1.26702377e-04 3.59103527e-05 9.34175228e-05 3.11064157e-06
  1.43406826e-06 1.40499632e-07 1.37520041e-04 6.06580130e-06
  1.44754603e-06 5.10681863e-06 7.00487950e-07 6.06566487e-07]
 [1.25974957e-04 1.76254743e-04 1.11148128e-04 2.29051434e-06
  1.27028439e-06 3.07023989e-07 2.79455977e-04 9.69590389e-06
  1.00240058e-06 4.24909609e-06 5.23201056e-07 4.09856637e-07]
 [1.12082206e-04 1.15991633e-04 9.93812661e-05 4.78586892e-06
  1.65977076e-06 9.49456193e-08 1.31632866e-04 1.79257510e-05
  1.54183636e-06 4.05470937e-06 6.43435248e-07 4.65171296e-07]
 [1.11407004e-04 9.18908844e-05 1.63085443e-04 3.32054868e-06
  2.76160846e-06 1.37389798e-07 2.10934195e-04 2.95565424e-05
  1.13372323e-06 8.39918597e-06 1.02460304e-06 7.34017444e-07]]
Done!, time = 3.9653680324554443s
