Begin!
Data shape = (250000, 5)
Begin sort function!
In centrality 0
In centrality 1
In centrality 2
In centrality 3
In centrality 4
In centrality 5
In centrality 6
end function sorter
Data shape = (250000, 5)
Begin sort function!
In centrality 0
In centrality 1
In centrality 2
In centrality 3
In centrality 4
In centrality 5
In centrality 6
end function sorter
Data shape = (250000, 5)
Begin sort function!
In centrality 0
In centrality 1
In centrality 2
In centrality 3
In centrality 4
In centrality 5
In centrality 6
end function sorter
Data shape = (250000, 5)
Begin sort function!
In centrality 0
In centrality 1
In centrality 2
In centrality 3
In centrality 4
In centrality 5
In centrality 6
end function sorter
Final results shape = (4, 7, 12)
mean value:
[[ 1.19037516e-02  1.03848176e-02  1.49188755e-02  7.59710990e-06
  -1.29516514e-06 -2.04427253e-07  8.18289298e-01  1.92424964e-03
   1.84239081e-05 -6.01407904e-05  2.37351561e-05 -2.78472587e-06]
 [ 1.26796702e-02  1.09075469e-02  1.56520129e-02  2.49774129e-06
   1.29303664e-07 -2.04124650e-07  8.10982921e-01  1.90375226e-03
   2.10177336e-05 -6.02455121e-05  2.46267105e-05 -2.92830161e-06]
 [ 1.33134675e-02  1.14204361e-02  1.63212492e-02  1.72320119e-06
  -8.04378420e-07 -2.42351635e-07  8.06332737e-01  1.89993252e-03
   1.98587383e-05 -6.31057553e-05  2.59282044e-05 -3.14811694e-06]
 [ 1.39878041e-02  1.19247828e-02  1.69727844e-02 -2.41497166e-06
  -1.35420820e-06 -2.45568929e-07  8.03249020e-01  1.94120057e-03
   2.16833046e-05 -5.67401068e-05  2.74475553e-05 -2.75930406e-06]
 [ 1.45330084e-02  1.25317950e-02  1.75287790e-02 -4.56152717e-06
  -1.81695969e-06 -1.10093372e-07  8.00537139e-01  1.96538974e-03
   2.27726610e-05 -6.27970426e-05  2.89814615e-05 -3.29986072e-06]
 [ 1.51259092e-02  1.30094626e-02  1.79810562e-02 -4.46114298e-06
  -2.81377225e-07 -2.04452569e-07  7.99408830e-01  2.02082556e-03
   2.53846253e-05 -5.58989729e-05  3.09631998e-05 -3.06555822e-06]
 [ 1.56199698e-02  1.35488950e-02  1.83982068e-02 -5.64501841e-06
  -1.96823538e-06 -8.75253771e-08  7.97872141e-01  2.02157899e-03
   2.60256231e-05 -5.75549916e-05  3.17421446e-05 -3.29268422e-06]]
std error:
[[5.67685419e-05 8.86618999e-05 6.59655410e-05 2.07067026e-06
  7.90009623e-07 6.04648718e-08 1.71958520e-04 2.02575520e-05
  1.96227283e-06 4.06957813e-06 1.91333112e-07 2.27640535e-07]
 [8.73114174e-05 7.66716642e-05 1.07102871e-04 1.89315003e-06
  1.37157508e-06 1.32479690e-07 3.63762376e-04 1.54549351e-05
  1.00909746e-06 2.23164264e-06 4.51932166e-07 2.01161718e-07]
 [6.41162099e-05 5.41944028e-05 6.91348983e-05 2.45260387e-06
  1.39893352e-06 1.24880728e-07 9.26641534e-05 2.63819464e-05
  1.97873742e-06 4.59331911e-06 4.53490171e-07 2.99829264e-07]
 [2.69237902e-05 4.03765066e-05 8.27617367e-05 1.88858065e-06
  2.02520945e-06 3.83440470e-08 1.60810885e-04 1.45498889e-05
  5.59009757e-07 1.97614547e-06 1.94029945e-07 1.55574799e-07]
 [2.87215342e-05 1.00049080e-05 1.16279333e-04 1.85340401e-06
  1.26244219e-06 8.21124313e-08 8.44983659e-05 1.45311599e-05
  1.29104501e-06 2.92860987e-06 1.81583805e-07 2.77932508e-07]
 [5.52509153e-05 2.89562199e-05 1.32481956e-04 3.46241735e-06
  1.28365239e-06 9.58391222e-08 2.50149698e-04 1.78392534e-05
  1.59886524e-06 2.62404831e-06 5.35897608e-07 2.06539309e-07]
 [4.43765056e-05 8.62551728e-05 1.95433398e-04 1.96800881e-06
  2.14103920e-06 4.01623669e-08 3.41020823e-04 1.17500052e-05
  5.81022538e-07 1.84775036e-06 2.72967645e-07 8.01124058e-08]]
Done!, time = 4.182600259780884s
