Begin!
Data shape = (250000, 5)
Begin sort function!
In centrality 0
In centrality 1
In centrality 2
In centrality 3
In centrality 4
In centrality 5
In centrality 6
end function sorter
Data shape = (250000, 5)
Begin sort function!
In centrality 0
In centrality 1
In centrality 2
In centrality 3
In centrality 4
In centrality 5
In centrality 6
end function sorter
Data shape = (250000, 5)
Begin sort function!
In centrality 0
In centrality 1
In centrality 2
In centrality 3
In centrality 4
In centrality 5
In centrality 6
end function sorter
Data shape = (250000, 5)
Begin sort function!
In centrality 0
In centrality 1
In centrality 2
In centrality 3
In centrality 4
In centrality 5
In centrality 6
end function sorter
Final results shape = (4, 7, 12)
mean value:
[[ 1.41203387e-02  1.12415364e-02  1.58236956e-02  1.60719442e-05
  -2.74121718e-06 -5.15274819e-07  7.78924033e-01  1.51910008e-03
   8.79684774e-06 -9.66992465e-05  2.27113550e-05 -5.24408622e-06]
 [ 1.52248268e-02  1.15967593e-02  1.65546742e-02  6.41022550e-06
  -2.77186234e-06 -4.27162431e-07  7.72312305e-01  1.52313622e-03
   1.06891962e-05 -1.00207050e-04  2.41163365e-05 -5.75466858e-06]
 [ 1.60053035e-02  1.20587791e-02  1.70846236e-02  2.59851612e-06
  -2.27636910e-06 -4.84542325e-07  7.67641022e-01  1.53063083e-03
   1.12225967e-05 -1.05192747e-04  2.54044935e-05 -6.09420266e-06]
 [ 1.66537126e-02  1.25267436e-02  1.77206888e-02 -4.65028892e-06
  -4.03651141e-06 -2.81774079e-07  7.64194790e-01  1.54024320e-03
   1.17716602e-05 -1.04035820e-04  2.63673078e-05 -6.22371196e-06]
 [ 1.71857113e-02  1.28946327e-02  1.82381660e-02 -4.49066067e-06
  -2.53251868e-06 -4.12966237e-07  7.61178500e-01  1.57554412e-03
   1.28341940e-05 -1.08167575e-04  2.78839062e-05 -6.69587360e-06]
 [ 1.76500351e-02  1.32748455e-02  1.86346209e-02 -9.97845828e-06
  -2.74459806e-06 -3.08025263e-07  7.59013052e-01  1.58063141e-03
   1.30642905e-05 -9.97301579e-05  2.83609972e-05 -6.21417466e-06]
 [ 1.81550530e-02  1.36985326e-02  1.91380162e-02 -9.14082032e-06
  -4.85890105e-06 -2.87249421e-07  7.57075554e-01  1.60149071e-03
   1.36234940e-05 -1.06446943e-04  2.95996258e-05 -6.83620665e-06]]
std error:
[[1.90751570e-04 8.35609786e-05 1.22158508e-04 1.73436358e-06
  9.55086751e-07 1.36013208e-07 1.40355838e-04 1.53597842e-05
  1.50838849e-06 4.75720349e-06 7.37596872e-07 4.02652536e-07]
 [1.51458696e-04 3.28500316e-05 1.46779282e-04 2.51535243e-06
  1.61286545e-06 2.44680593e-07 2.28525212e-04 1.77143109e-05
  1.95895953e-06 2.77560402e-06 7.46624332e-07 3.09155762e-07]
 [8.58412623e-05 2.47653316e-05 1.03121258e-04 2.81292431e-06
  1.55184449e-06 1.24214445e-07 1.41141788e-04 8.46154984e-06
  5.05232192e-07 1.48300611e-06 3.55103560e-07 1.23768997e-07]
 [4.74605901e-05 8.63003289e-05 4.94022987e-05 1.81574546e-06
  1.91019962e-06 9.83243682e-08 1.57870769e-04 1.59491705e-05
  1.00735299e-06 2.19108876e-06 2.52893018e-07 2.18948239e-07]
 [6.32067268e-05 4.24168092e-05 1.31229831e-04 3.73553779e-06
  2.45248948e-06 1.56989987e-07 2.80969619e-04 9.84292722e-06
  4.05738114e-07 2.21274839e-06 3.26045073e-07 1.43251487e-07]
 [9.67972768e-05 6.75466078e-05 5.20392293e-05 3.82719472e-06
  1.32890158e-06 1.17498533e-07 1.28344376e-04 1.88535552e-05
  1.15650692e-06 5.69008093e-06 4.29564006e-07 2.95215704e-07]
 [1.05049945e-04 8.20949432e-05 1.04939519e-04 4.63564898e-06
  2.10471474e-06 2.70165769e-07 5.82856854e-05 8.73050526e-06
  8.34067665e-07 3.78322313e-06 3.24661572e-07 3.67818554e-07]]
Done!, time = 4.447824954986572s
