Begin!
Data shape = (250000, 5)
Begin sort function!
In centrality 0
In centrality 1
In centrality 2
In centrality 3
In centrality 4
In centrality 5
In centrality 6
end function sorter
Data shape = (250000, 5)
Begin sort function!
In centrality 0
In centrality 1
In centrality 2
In centrality 3
In centrality 4
In centrality 5
In centrality 6
end function sorter
Data shape = (250000, 5)
Begin sort function!
In centrality 0
In centrality 1
In centrality 2
In centrality 3
In centrality 4
In centrality 5
In centrality 6
end function sorter
Data shape = (250000, 5)
Begin sort function!
In centrality 0
In centrality 1
In centrality 2
In centrality 3
In centrality 4
In centrality 5
In centrality 6
end function sorter
Final results shape = (4, 7, 12)
mean value:
[[ 1.21204176e-02  1.09155184e-02  1.55303262e-02  1.95675453e-05
  -2.14518507e-06 -1.86978172e-08  8.09750603e-01  8.49227021e-04
   2.27248533e-06 -6.49818770e-05  1.10331264e-05 -3.42401512e-06]
 [ 1.29885527e-02  1.13268432e-02  1.60195772e-02  2.09378302e-05
  -1.54326980e-06 -1.10714824e-07  8.06118869e-01  8.51103583e-04
   2.51500987e-06 -6.73929130e-05  1.17169611e-05 -3.69148652e-06]
 [ 1.36698463e-02  1.18458489e-02  1.67805435e-02  1.54658368e-05
  -1.21447813e-06 -2.05458003e-07  8.03778456e-01  8.67663870e-04
   2.58278034e-06 -6.74959913e-05  1.26056985e-05 -3.74780676e-06]
 [ 1.42944203e-02  1.21705379e-02  1.73087694e-02  1.52298284e-05
  -2.03453474e-06 -2.93558790e-07  8.01921489e-01  8.79245754e-04
   2.95118203e-06 -7.09848132e-05  1.32307551e-05 -4.06789040e-06]
 [ 1.47716412e-02  1.26295932e-02  1.77503352e-02  1.39922986e-05
  -2.13426504e-06 -1.97962081e-07  8.00468892e-01  8.95480151e-04
   3.66634130e-06 -7.02069986e-05  1.38489148e-05 -4.19902166e-06]
 [ 1.53804568e-02  1.30657131e-02  1.83335231e-02  1.28177948e-05
  -4.09276539e-06 -1.62205700e-07  7.99062315e-01  9.08727772e-04
   3.78072536e-06 -6.85199961e-05  1.45753166e-05 -4.22825949e-06]
 [ 1.57792472e-02  1.34058892e-02  1.86335072e-02  1.49646911e-05
  -2.54271210e-06 -4.45105333e-07  7.98506108e-01  9.20169583e-04
   3.36976436e-06 -6.96434298e-05  1.52080034e-05 -4.41197822e-06]]
std error:
[[4.63627080e-05 5.44714563e-05 1.51624088e-04 9.48149906e-07
  2.52628350e-06 1.10254136e-07 2.21873069e-04 6.60645598e-06
  5.66354348e-07 3.65881034e-06 1.47490245e-07 2.13889629e-07]
 [5.49793069e-05 6.52964172e-05 2.26673235e-04 2.87507211e-06
  1.93614038e-06 1.87349786e-07 2.07962137e-04 1.23659833e-05
  3.03772701e-07 2.56042900e-06 3.50173159e-07 2.33011563e-07]
 [4.25756663e-05 4.79775153e-05 9.69164274e-05 1.45458409e-06
  6.23652699e-07 1.07043118e-07 2.10784749e-04 4.34709018e-06
  2.48102040e-07 2.12546618e-06 1.03188190e-07 1.11522820e-07]
 [5.44130415e-05 3.05546125e-05 1.16921878e-04 1.59174740e-06
  1.26610863e-06 1.40305739e-07 2.06514178e-04 1.02713300e-05
  4.41628364e-07 1.80463251e-06 1.83268036e-07 1.25102371e-07]
 [5.05639845e-05 3.18202950e-05 1.01500156e-04 2.32736841e-06
  2.44967265e-06 1.30980233e-07 1.61138185e-04 9.28835202e-06
  3.35523278e-07 3.18482913e-06 1.44911473e-07 3.03440185e-07]
 [4.88528217e-05 2.79937690e-05 1.42010431e-04 3.96891635e-06
  4.27836698e-07 1.68764410e-07 1.20116329e-04 1.12712542e-06
  3.87704358e-07 2.59489114e-06 1.54548517e-07 1.66097279e-07]
 [1.82752227e-05 1.00508941e-04 6.13345212e-05 1.63384689e-06
  3.36918816e-06 1.22124510e-07 8.59582494e-05 4.15527844e-06
  6.05967719e-07 3.48211620e-06 1.39706654e-07 2.90839346e-07]]
Done!, time = 4.161813020706177s
