Begin!
Data shape = (250000, 5)
Begin sort function!
In centrality 0
In centrality 1
In centrality 2
In centrality 3
In centrality 4
In centrality 5
In centrality 6
end function sorter
Data shape = (250000, 5)
Begin sort function!
In centrality 0
In centrality 1
In centrality 2
In centrality 3
In centrality 4
In centrality 5
In centrality 6
end function sorter
Data shape = (250000, 5)
Begin sort function!
In centrality 0
In centrality 1
In centrality 2
In centrality 3
In centrality 4
In centrality 5
In centrality 6
end function sorter
Data shape = (250000, 5)
Begin sort function!
In centrality 0
In centrality 1
In centrality 2
In centrality 3
In centrality 4
In centrality 5
In centrality 6
end function sorter
Final results shape = (4, 7, 12)
mean value:
[[ 1.78048557e-02  9.82131465e-03  1.51643033e-02  1.22457947e-05
   3.26478795e-07 -1.75060590e-06  9.04743465e-01  7.85513044e-03
   3.80642942e-04 -1.97118648e-04  1.38970612e-04 -1.27572248e-05]
 [ 1.91262744e-02  1.06975050e-02  1.64456971e-02 -8.37293561e-06
   8.60000798e-07 -1.27102738e-06  8.83879479e-01  7.55090972e-03
   3.84347800e-04 -1.97608785e-04  1.40729995e-04 -1.28980263e-05]
 [ 2.04590954e-02  1.14547264e-02  1.72836132e-02 -2.07231996e-05
   1.58520935e-06 -1.38698713e-06  8.71336327e-01  7.48982829e-03
   3.69778378e-04 -2.29193395e-04  1.51215198e-04 -1.56419190e-05]
 [ 2.13954713e-02  1.22696184e-02  1.83043714e-02 -2.73895878e-05
   3.07761729e-06 -9.27951759e-07  8.63800722e-01  7.65535249e-03
   3.87818879e-04 -2.10281332e-04  1.61797902e-04 -1.49102184e-05]
 [ 2.20917375e-02  1.31179998e-02  1.90015932e-02 -3.22522926e-05
   7.99997404e-07 -9.04187904e-07  8.59464146e-01  7.86654218e-03
   4.15593630e-04 -2.29544235e-04  1.71110452e-04 -1.65628264e-05]
 [ 2.29244443e-02  1.37457244e-02  1.94350755e-02 -4.36393568e-05
   1.60329092e-06 -4.14220690e-07  8.57736732e-01  8.16964143e-03
   4.26015438e-04 -2.32571137e-04  1.84624590e-04 -1.74181138e-05]
 [ 2.34609708e-02  1.44392352e-02  1.99119495e-02 -3.95344446e-05
   9.60041919e-07 -7.81651784e-07  8.55931495e-01  8.35042927e-03
   4.43172264e-04 -2.28689195e-04  1.92705074e-04 -1.75242752e-05]]
std error:
[[1.56045216e-04 5.31062997e-05 9.58620643e-05 5.51113731e-06
  9.83490847e-07 9.77325418e-08 4.51473913e-04 1.13012410e-04
  2.03882764e-05 1.24719422e-05 8.80292012e-07 5.66049404e-07]
 [1.22367056e-04 4.43843722e-05 5.35962677e-05 1.72436435e-06
  6.90790167e-07 3.38922988e-07 5.76257886e-04 1.05350120e-04
  1.82554313e-05 1.25475835e-05 1.43764292e-06 9.23220393e-07]
 [1.34778427e-04 4.29423893e-05 9.20791540e-05 1.66670702e-06
  1.91524373e-06 1.88126713e-07 4.98234617e-04 8.83542931e-06
  1.81998895e-05 1.52458783e-05 1.81507187e-06 1.12138513e-06]
 [1.05912869e-04 6.88657178e-05 5.38840004e-05 2.23135437e-06
  1.46610361e-06 1.37564769e-07 2.47513319e-04 7.21857219e-05
  2.46295019e-05 1.12707776e-05 2.74783065e-06 9.49873280e-07]
 [1.25940847e-04 8.02739163e-05 6.21465542e-05 2.38597132e-06
  2.25390696e-06 7.08274358e-08 1.14815616e-04 2.75997112e-05
  4.82120166e-06 3.21893861e-06 9.31099171e-07 7.50002286e-07]
 [8.89503118e-05 1.07952488e-04 8.73599702e-05 2.68484671e-06
  1.85508851e-06 3.32120732e-07 4.58389105e-04 4.44468469e-05
  7.41491049e-06 8.43173809e-06 2.17076431e-06 8.99001701e-07]
 [9.88623253e-05 2.76777098e-05 1.34460745e-04 2.41270711e-06
  2.23545599e-06 4.76043231e-07 6.88594478e-04 1.08036606e-04
  1.89070070e-05 3.91338111e-06 1.32524107e-06 4.71155014e-07]]
Done!, time = 5.129909515380859s
