Begin!
Data shape = (250000, 5)
Begin sort function!
In centrality 0
In centrality 1
In centrality 2
In centrality 3
In centrality 4
In centrality 5
In centrality 6
end function sorter
Data shape = (250000, 5)
Begin sort function!
In centrality 0
In centrality 1
In centrality 2
In centrality 3
In centrality 4
In centrality 5
In centrality 6
end function sorter
Data shape = (250000, 5)
Begin sort function!
In centrality 0
In centrality 1
In centrality 2
In centrality 3
In centrality 4
In centrality 5
In centrality 6
end function sorter
Data shape = (250000, 5)
Begin sort function!
In centrality 0
In centrality 1
In centrality 2
In centrality 3
In centrality 4
In centrality 5
In centrality 6
end function sorter
Final results shape = (4, 7, 12)
mean value:
[[ 1.69933652e-02  1.06930728e-02  1.51304291e-02  4.11044001e-05
  -2.09940280e-06 -1.76554771e-06  8.67754234e-01  1.31402989e-03
  -1.44970568e-06 -2.35066550e-04  2.61664465e-05 -1.50870400e-05]
 [ 1.85222257e-02  1.12001342e-02  1.60303642e-02  1.02017219e-05
   4.41837054e-07 -1.12237668e-06  8.61596755e-01  1.31442954e-03
   4.24292365e-07 -2.28553188e-04  2.72048075e-05 -1.49958806e-05]
 [ 1.94444288e-02  1.16080977e-02  1.67867403e-02  6.37658396e-06
  -3.05125309e-06 -1.39440995e-06  8.58085373e-01  1.32398130e-03
   2.64868209e-06 -2.24465083e-04  2.79506202e-05 -1.52086229e-05]
 [ 2.03378291e-02  1.22130050e-02  1.73858650e-02 -4.29859263e-06
  -3.06088028e-06 -1.25712223e-06  8.55163910e-01  1.33725408e-03
   3.78844661e-06 -2.22740261e-04  2.89229017e-05 -1.55840723e-05]
 [ 2.07636546e-02  1.26256886e-02  1.79505867e-02 -9.76986526e-06
  -2.34185411e-06 -8.36006201e-07  8.53354645e-01  1.36517013e-03
   5.36187450e-06 -2.10616028e-04  2.96889348e-05 -1.51057907e-05]
 [ 2.12202866e-02  1.31409243e-02  1.86243675e-02 -2.00201300e-05
  -5.19942728e-06 -5.47357422e-07  8.51834048e-01  1.37584468e-03
   6.41096922e-06 -2.00476857e-04  3.03587900e-05 -1.44796509e-05]
 [ 2.18033793e-02  1.35889244e-02  1.91419434e-02 -1.93009509e-05
  -4.38999859e-06 -1.09482978e-06  8.50590576e-01  1.40844741e-03
   6.09606401e-06 -1.98243237e-04  3.13822235e-05 -1.47084137e-05]]
std error:
[[1.35357170e-04 8.20376833e-05 6.06935035e-05 3.48185910e-06
  1.70455214e-06 1.73854110e-07 3.09960469e-04 1.23107622e-05
  5.55218245e-07 5.82597600e-06 4.20990376e-07 3.79448174e-07]
 [2.36134693e-04 9.35241777e-05 1.82038673e-04 6.25203021e-06
  8.70040462e-07 2.23939696e-07 1.99494706e-05 7.71178630e-06
  7.45217364e-07 6.47166046e-06 5.58158894e-07 6.68144971e-07]
 [1.85559377e-04 6.80893859e-05 7.45412154e-05 4.13964057e-06
  1.11985596e-06 1.45192840e-07 2.60168372e-04 7.19025097e-06
  3.67046772e-07 4.63959882e-06 3.50936897e-07 4.48970826e-07]
 [1.10079442e-04 5.01790762e-05 6.70040222e-05 1.91790237e-06
  8.09869962e-07 1.46744689e-07 1.16679204e-04 7.90171714e-06
  1.07078312e-07 2.11966737e-06 2.54367491e-07 1.39473358e-07]
 [6.73081857e-05 5.41633746e-05 1.46917582e-05 3.23933213e-06
  9.46700281e-07 1.78881703e-07 2.86886012e-04 1.13434489e-05
  3.60803760e-07 1.26253605e-06 5.23855739e-07 9.13389228e-08]
 [8.69524660e-05 5.64507796e-05 5.27654053e-05 3.27915378e-06
  1.21648390e-06 1.52705095e-07 2.30202212e-04 8.95516983e-06
  1.05010267e-06 2.58482242e-06 3.04986393e-07 2.31160342e-07]
 [4.41122646e-05 5.21901021e-05 1.36875774e-04 3.47454100e-06
  9.70745761e-07 2.00170172e-07 1.91465424e-04 2.67014675e-06
  6.24703396e-07 1.67937908e-06 1.54276860e-07 1.18483202e-07]]
Done!, time = 4.187995910644531s
