Begin!
Data shape = (250000, 5)
Begin sort function!
In centrality 0
In centrality 1
In centrality 2
In centrality 3
In centrality 4
In centrality 5
In centrality 6
end function sorter
Data shape = (250000, 5)
Begin sort function!
In centrality 0
In centrality 1
In centrality 2
In centrality 3
In centrality 4
In centrality 5
In centrality 6
end function sorter
Data shape = (250000, 5)
Begin sort function!
In centrality 0
In centrality 1
In centrality 2
In centrality 3
In centrality 4
In centrality 5
In centrality 6
end function sorter
Data shape = (250000, 5)
Begin sort function!
In centrality 0
In centrality 1
In centrality 2
In centrality 3
In centrality 4
In centrality 5
In centrality 6
end function sorter
Final results shape = (4, 7, 12)
mean value:
[[ 1.95213832e-02  1.00475036e-02  1.43642699e-02  2.69066453e-05
   5.30377392e-07 -2.88039997e-06  9.10961074e-01  7.97790248e-03
   4.09954291e-04 -2.33147204e-04  1.53721813e-04 -1.66794667e-05]
 [ 2.12566296e-02  1.07689838e-02  1.56731304e-02 -3.96192933e-06
  -1.37358992e-06 -2.38704726e-06  8.88881054e-01  7.59650268e-03
   3.95266473e-04 -2.58717289e-04  1.60155381e-04 -1.92180184e-05]
 [ 2.23870330e-02  1.14886983e-02  1.64101974e-02 -1.48370019e-05
  -4.62637725e-07 -2.26210164e-06  8.77972642e-01  7.53721350e-03
   3.76775157e-04 -2.73292850e-04  1.66850524e-04 -2.10352498e-05]
 [ 2.33478222e-02  1.21955188e-02  1.72092203e-02 -2.68616116e-05
   4.77031362e-09 -1.85519105e-06  8.68649115e-01  7.66093938e-03
   4.03022812e-04 -2.73309445e-04  1.76579773e-04 -2.14322284e-05]
 [ 2.40985060e-02  1.28180330e-02  1.80107742e-02 -3.55669042e-05
  -1.49335421e-06 -1.49636750e-06  8.63378878e-01  7.74606894e-03
   3.90119900e-04 -2.76400359e-04  1.86065999e-04 -2.22306952e-05]
 [ 2.46167334e-02  1.33909551e-02  1.86448533e-02 -3.54612472e-05
  -1.24065424e-06 -1.76491978e-06  8.60660751e-01  8.08875436e-03
   4.26973819e-04 -2.80064470e-04  1.94841754e-04 -2.28203647e-05]
 [ 2.56458594e-02  1.39924449e-02  1.92100139e-02 -3.75397868e-05
  -2.51182329e-06 -1.53294936e-06  8.59119580e-01  8.38325818e-03
   4.47810056e-04 -2.89370838e-04  2.10037151e-04 -2.43101205e-05]]
std error:
[[1.66774040e-04 6.42505900e-05 1.29630536e-04 7.77253009e-06
  9.54496945e-07 2.75323487e-07 7.59766066e-04 6.83833806e-05
  2.64563819e-05 1.01990286e-05 2.01220573e-06 7.64294916e-07]
 [1.04488861e-04 6.77960509e-05 6.21310460e-05 6.94829559e-06
  1.24238699e-06 4.66950407e-07 5.37727207e-04 1.44457242e-04
  2.60423962e-05 6.14678714e-06 3.95388255e-06 1.02421638e-06]
 [1.58851676e-04 3.21596960e-05 8.48722524e-05 3.52031080e-06
  1.56823680e-06 1.70536712e-07 3.18648668e-04 6.62301836e-05
  1.58889815e-05 1.51940102e-05 3.13349243e-06 1.43021839e-06]
 [1.04607981e-04 8.97412727e-05 1.33751721e-04 7.26471299e-06
  1.81583614e-06 3.54605992e-07 4.48181166e-04 1.00609762e-04
  2.15527830e-05 8.21796365e-06 1.93375232e-06 5.62515578e-07]
 [7.55556430e-05 8.90237772e-05 4.31824926e-05 1.17863223e-06
  2.83296886e-06 2.99760540e-07 5.33737027e-04 7.05207223e-05
  9.51161668e-06 2.07969667e-05 2.68431016e-06 1.85594836e-06]
 [1.00417929e-04 1.03295030e-04 1.00615651e-04 8.20178778e-06
  2.96530105e-06 2.44417927e-07 3.56141306e-04 4.33820969e-05
  1.20876756e-06 1.99380541e-05 1.24423535e-06 2.06165052e-06]
 [1.28595932e-04 6.25489681e-05 5.99170323e-05 5.01744323e-06
  2.41930606e-06 2.92839912e-07 6.37157725e-04 1.04769856e-04
  1.92806954e-05 6.23201247e-06 2.15567852e-06 1.41162789e-07]]
Done!, time = 4.497558832168579s
