Begin!
Data shape = (250000, 5)
Begin sort function!
In centrality 0
In centrality 1
In centrality 2
In centrality 3
In centrality 4
In centrality 5
In centrality 6
end function sorter
Data shape = (250000, 5)
Begin sort function!
In centrality 0
In centrality 1
In centrality 2
In centrality 3
In centrality 4
In centrality 5
In centrality 6
end function sorter
Data shape = (250000, 5)
Begin sort function!
In centrality 0
In centrality 1
In centrality 2
In centrality 3
In centrality 4
In centrality 5
In centrality 6
end function sorter
Data shape = (250000, 5)
Begin sort function!
In centrality 0
In centrality 1
In centrality 2
In centrality 3
In centrality 4
In centrality 5
In centrality 6
end function sorter
Final results shape = (4, 7, 12)
mean value:
[[ 1.59833945e-02  9.71505828e-03  1.44492662e-02  5.95195020e-05
   8.95645588e-07 -2.05754502e-06  8.62336981e-01  9.27380989e-04
  -5.92335677e-06 -2.48426562e-04  2.05760159e-05 -1.55436283e-05]
 [ 1.76979310e-02  1.03578546e-02  1.57561830e-02  3.57331632e-05
   1.42796148e-06 -2.13290046e-06  8.57984674e-01  9.51343982e-04
  -3.24669278e-06 -2.51310560e-04  2.15236223e-05 -1.63162427e-05]
 [ 1.89000047e-02  1.10948139e-02  1.69084358e-02  1.64203876e-05
  -7.60730014e-07 -2.05426630e-06  8.55472651e-01  9.59906847e-04
  -6.51750306e-07 -2.44237621e-04  2.18470440e-05 -1.63345254e-05]
 [ 1.98832184e-02  1.19723887e-02  1.78281543e-02  3.63261566e-06
  -7.92053483e-08 -1.51140719e-06  8.53755365e-01  9.82372630e-04
   3.30408724e-07 -2.33740396e-04  2.25618281e-05 -1.61868543e-05]
 [ 2.06446669e-02  1.27710813e-02  1.85978971e-02 -3.40845298e-06
  -1.99545843e-07 -1.39241352e-06  8.52760839e-01  1.00128318e-03
   1.76488164e-06 -2.22856330e-04  2.31838647e-05 -1.59522371e-05]
 [ 2.16914496e-02  1.36565420e-02  1.92977151e-02 -1.47496764e-05
  -2.22607658e-06 -1.12796032e-06  8.51868080e-01  1.01972918e-03
   2.70506122e-06 -2.18733366e-04  2.43841715e-05 -1.63793553e-05]
 [ 2.22639695e-02  1.45159310e-02  1.97278274e-02 -1.67282929e-05
  -4.41228021e-06 -1.05865728e-06  8.51613951e-01  1.04773114e-03
   2.82377929e-06 -2.07086065e-04  2.54329347e-05 -1.61520938e-05]]
std error:
[[2.15740867e-04 8.53596893e-05 7.02800852e-05 7.35570437e-06
  4.96850922e-07 4.46085779e-07 2.00803155e-04 1.13639383e-05
  1.36778587e-07 1.08929904e-05 5.84953545e-07 7.63685998e-07]
 [6.86859713e-05 1.34156549e-04 1.20950236e-04 3.87464090e-06
  1.32236793e-06 3.42817975e-07 3.40276191e-04 7.11728059e-06
  3.80597960e-07 6.00064652e-06 1.43536771e-07 4.34776790e-07]
 [9.17941018e-05 5.98143618e-05 8.73658574e-05 2.43401431e-06
  6.85264139e-07 1.79160707e-07 1.68488843e-04 7.06834854e-06
  3.85708962e-07 3.90592974e-06 2.32914580e-07 3.95544960e-07]
 [1.05517539e-04 5.69447631e-05 7.88538439e-05 2.36721157e-06
  1.22714687e-06 2.10443436e-07 1.51266834e-04 4.42763916e-06
  7.03358827e-08 3.75665438e-06 3.21518129e-07 3.98537422e-07]
 [1.01548718e-04 7.94994677e-05 9.92206695e-05 3.65592631e-06
  1.31109201e-06 2.24579978e-07 2.83986059e-04 7.49765723e-06
  2.99610926e-07 3.42007433e-06 2.29986287e-07 2.45742713e-07]
 [5.63982801e-05 4.84588733e-05 1.12110256e-04 2.08660699e-06
  1.71099158e-06 1.88119625e-07 1.50983132e-04 7.35832388e-06
  3.03357931e-07 3.25665796e-06 2.69178837e-07 2.16290293e-07]
 [1.82769243e-04 5.49399685e-06 9.50862555e-05 5.17457892e-06
  1.71910341e-06 1.76583057e-07 2.64870958e-04 1.11543034e-05
  4.50799209e-07 4.25721834e-06 3.25427736e-07 3.97084769e-07]]
Done!, time = 4.042473554611206s
