Begin!
Data shape = (250000, 5)
Begin sort function!
In centrality 0
In centrality 1
In centrality 2
In centrality 3
In centrality 4
In centrality 5
In centrality 6
end function sorter
Data shape = (250000, 5)
Begin sort function!
In centrality 0
In centrality 1
In centrality 2
In centrality 3
In centrality 4
In centrality 5
In centrality 6
end function sorter
Data shape = (250000, 5)
Begin sort function!
In centrality 0
In centrality 1
In centrality 2
In centrality 3
In centrality 4
In centrality 5
In centrality 6
end function sorter
Data shape = (250000, 5)
Begin sort function!
In centrality 0
In centrality 1
In centrality 2
In centrality 3
In centrality 4
In centrality 5
In centrality 6
end function sorter
Final results shape = (4, 7, 12)
mean value:
[[ 1.21158932e-02  1.08316159e-02  1.53236509e-02  1.77867312e-05
  -2.00790402e-06 -1.49077931e-07  8.67901560e-01  2.08411981e-03
   1.87675944e-05 -6.22061969e-05  2.57251600e-05 -3.34299369e-06]
 [ 1.29041005e-02  1.11878428e-02  1.60504746e-02  1.64118624e-05
  -1.62211090e-06 -2.02220270e-07  8.61177463e-01  2.05874985e-03
   2.07729133e-05 -6.40662264e-05  2.72615485e-05 -3.38995831e-06]
 [ 1.34904808e-02  1.16899566e-02  1.65108932e-02  1.38311567e-05
  -1.92324291e-06 -9.08939498e-08  8.56865824e-01  2.07549328e-03
   2.02668622e-05 -6.95455101e-05  2.85866670e-05 -3.92101227e-06]
 [ 1.40699473e-02  1.20831272e-02  1.71914147e-02  1.51041771e-05
  -9.13863271e-07 -7.63712697e-08  8.53670408e-01  2.09804599e-03
   2.23638851e-05 -7.16121218e-05  3.02444667e-05 -4.26436839e-06]
 [ 1.45206256e-02  1.25598446e-02  1.75433526e-02  1.39972032e-05
  -1.59421264e-06 -6.57294664e-08  8.51665579e-01  2.10055709e-03
   2.15599467e-05 -7.17364094e-05  3.11348799e-05 -4.18831758e-06]
 [ 1.50825941e-02  1.29866519e-02  1.81010141e-02  1.29137478e-05
  -1.39286463e-06 -9.98108088e-08  8.49863885e-01  2.15287768e-03
   2.23041120e-05 -7.00777675e-05  3.31543563e-05 -4.35268521e-06]
 [ 1.56154007e-02  1.34794170e-02  1.86430973e-02  1.00027760e-05
  -4.77479705e-06 -1.99045825e-07  8.48653872e-01  2.16195256e-03
   2.34388103e-05 -7.61310530e-05  3.44840688e-05 -4.72643782e-06]]
std error:
[[5.87357023e-05 8.14686422e-05 3.16803108e-05 1.80871619e-06
  1.46532470e-06 7.78901256e-08 2.98408918e-04 2.82572716e-05
  1.75903970e-06 4.41145856e-06 4.91987773e-07 1.91519505e-07]
 [1.87925721e-04 7.18339415e-05 1.60241162e-04 1.41981468e-06
  2.06775842e-06 1.74819373e-07 2.00466478e-04 2.30435175e-05
  2.13493737e-06 5.22646748e-06 8.15170343e-07 2.62941257e-07]
 [6.46229427e-05 6.06049684e-05 6.09066421e-05 2.57647387e-06
  9.72119526e-07 7.33793018e-08 2.34843774e-04 1.98923809e-05
  1.26214794e-06 2.96422881e-06 3.69553175e-07 1.43748104e-07]
 [1.20770641e-04 5.10938245e-05 7.19120784e-05 1.82945262e-06
  1.86828013e-06 1.49668971e-07 2.92335468e-04 1.89360848e-05
  2.27402299e-06 3.58120614e-06 2.43241061e-07 1.90491924e-07]
 [9.71748893e-05 5.98596491e-05 8.03844603e-05 1.97299926e-06
  1.48234853e-06 1.16164763e-07 8.26787995e-05 7.32039139e-06
  8.44220427e-07 1.97542224e-06 9.28435632e-08 7.99258202e-08]
 [1.03187044e-04 9.83038741e-05 1.48229222e-04 1.67281227e-06
  1.38259239e-06 1.27813688e-07 2.89916276e-04 2.10421755e-05
  2.25736954e-06 2.75971773e-06 6.82368545e-07 1.99192267e-07]
 [5.59703250e-05 5.29037672e-05 8.96425629e-05 1.81619370e-06
  1.44998740e-06 1.75622208e-08 2.21364208e-04 1.51092955e-05
  7.00731575e-07 2.39884202e-06 3.35862686e-07 1.50429693e-07]]
Done!, time = 4.790122985839844s
