Begin!
Data shape = (250000, 5)
Begin sort function!
In centrality 0
In centrality 1
In centrality 2
In centrality 3
In centrality 4
In centrality 5
In centrality 6
end function sorter
Data shape = (250000, 5)
Begin sort function!
In centrality 0
In centrality 1
In centrality 2
In centrality 3
In centrality 4
In centrality 5
In centrality 6
end function sorter
Data shape = (250000, 5)
Begin sort function!
In centrality 0
In centrality 1
In centrality 2
In centrality 3
In centrality 4
In centrality 5
In centrality 6
end function sorter
Data shape = (250000, 5)
Begin sort function!
In centrality 0
In centrality 1
In centrality 2
In centrality 3
In centrality 4
In centrality 5
In centrality 6
end function sorter
Final results shape = (4, 7, 12)
mean value:
[[ 1.08265137e-02  9.86662102e-03  1.54476290e-02  6.13410118e-06
   3.20648743e-07 -1.54368048e-07  8.00102989e-01  5.22949048e-04
  -6.34316428e-07 -5.03691307e-05  6.45326228e-06 -2.12690690e-06]
 [ 1.16728362e-02  1.06434960e-02  1.66625806e-02  5.51157552e-06
  -1.05275064e-06 -1.11217435e-07  7.98271765e-01  5.37122767e-04
  -7.65892172e-08 -5.26220526e-05  6.86151561e-06 -2.32026096e-06]
 [ 1.22715068e-02  1.12507299e-02  1.73219438e-02  2.68971321e-06
  -5.87809012e-07 -1.36065040e-07  7.97239105e-01  5.52727717e-04
   1.48650510e-07 -5.17196627e-05  7.42968910e-06 -2.37493283e-06]
 [ 1.29624646e-02  1.20194005e-02  1.81085345e-02 -1.11028075e-06
   1.58878995e-06 -6.89762696e-08  7.96481844e-01  5.72098864e-04
   4.35683896e-07 -5.11173203e-05  7.99678996e-06 -2.42492630e-06]
 [ 1.35766814e-02  1.27158713e-02  1.85198627e-02 -3.19960609e-06
   3.81410786e-06 -8.77259241e-09  7.95873473e-01  5.78884285e-04
   6.21663565e-07 -4.63243888e-05  8.42244023e-06 -2.26795138e-06]
 [ 1.42949151e-02  1.34949462e-02  1.91254903e-02 -4.14022655e-06
  -1.04152162e-06 -1.12245146e-07  7.95576865e-01  5.93243454e-04
   8.12254046e-07 -4.56038568e-05  9.00102099e-06 -2.33959399e-06]
 [ 1.48700270e-02  1.40922338e-02  1.95277084e-02 -6.63684873e-06
  -7.19658216e-07 -9.53303481e-08  7.95399021e-01  6.04456168e-04
   9.42468829e-07 -4.61564563e-05  9.56292962e-06 -2.56889720e-06]]
std error:
[[6.21853159e-05 1.27031608e-04 1.42713015e-04 1.95052264e-06
  8.83650495e-07 5.32502717e-08 2.66781090e-04 9.36781583e-06
  1.62056426e-07 1.74964520e-06 1.65183646e-07 9.81748188e-08]
 [4.92266096e-05 7.45371743e-05 1.00354152e-04 1.83193621e-06
  2.07498363e-06 4.14538185e-08 1.47985411e-04 6.90069234e-06
  8.04582316e-08 5.41295841e-07 1.43609916e-07 5.67565975e-08]
 [7.41224724e-05 4.92408910e-05 1.07666858e-04 8.49455842e-07
  1.09465724e-06 5.15290520e-08 9.69520607e-05 2.35642898e-06
  1.78049857e-07 9.46937884e-07 6.72042531e-08 6.15965028e-08]
 [3.47848620e-05 5.26101940e-05 6.45924975e-05 1.77976454e-06
  1.91862022e-06 4.12368207e-08 1.45835002e-04 2.65042083e-06
  2.19535465e-07 2.09335060e-06 4.98524868e-08 1.11130576e-07]
 [1.14295644e-04 3.07242275e-05 4.98283901e-05 2.41670468e-06
  2.18972064e-06 4.71180968e-08 1.95080323e-04 2.76031958e-06
  8.74133959e-08 1.06480681e-06 7.63140974e-08 7.60571013e-08]
 [5.17338658e-05 8.30958819e-05 6.76160264e-05 2.87201697e-06
  1.72811246e-06 3.22934887e-08 9.26313095e-05 3.21895599e-06
  6.31395577e-08 1.98212021e-06 5.82736710e-08 8.88938057e-08]
 [7.95958093e-05 4.10483704e-05 1.45773188e-04 2.37680235e-06
  1.83400692e-06 1.54811765e-07 1.11659093e-04 3.36744877e-06
  2.28790103e-07 9.29866019e-07 1.32353513e-07 1.25225472e-07]]
Done!, time = 4.1386871337890625s
