Begin!
Data shape = (250000, 5)
Begin sort function!
In centrality 0
In centrality 1
In centrality 2
In centrality 3
In centrality 4
In centrality 5
In centrality 6
end function sorter
Data shape = (250000, 5)
Begin sort function!
In centrality 0
In centrality 1
In centrality 2
In centrality 3
In centrality 4
In centrality 5
In centrality 6
end function sorter
Data shape = (250000, 5)
Begin sort function!
In centrality 0
In centrality 1
In centrality 2
In centrality 3
In centrality 4
In centrality 5
In centrality 6
end function sorter
Data shape = (250000, 5)
Begin sort function!
In centrality 0
In centrality 1
In centrality 2
In centrality 3
In centrality 4
In centrality 5
In centrality 6
end function sorter
Final results shape = (4, 7, 12)
mean value:
[[ 1.57787734e-02  9.71036889e-03  1.38949769e-02  4.62649087e-05
   1.04395643e-07 -8.20661212e-07  9.71243938e-01  1.00737301e-02
   5.85106119e-04 -1.65503484e-04  1.55131814e-04 -1.15591297e-05]
 [ 1.74645837e-02  1.03882747e-02  1.50194245e-02  3.87676186e-05
  -1.01657018e-07 -1.46122667e-06  9.47137163e-01  9.50312606e-03
   5.59387919e-04 -1.79480597e-04  1.62606245e-04 -1.30927577e-05]
 [ 1.83909613e-02  1.11843486e-02  1.57479971e-02  3.26837418e-05
  -8.35609682e-07 -1.48293907e-06  9.34523522e-01  9.48434696e-03
   5.48980751e-04 -1.95004615e-04  1.71260959e-04 -1.43625850e-05]
 [ 1.93249367e-02  1.18336828e-02  1.65999893e-02  3.02464147e-05
  -6.26823465e-08 -1.42863925e-06  9.26087235e-01  9.61931705e-03
   5.63456008e-04 -1.97824112e-04  1.81484661e-04 -1.46432409e-05]
 [ 2.00528100e-02  1.25261469e-02  1.73352838e-02  2.20187172e-05
   4.68387146e-07 -1.58447069e-06  9.22218097e-01  9.90884195e-03
   5.75912798e-04 -2.23841738e-04  1.94392460e-04 -1.73299255e-05]
 [ 2.08970996e-02  1.31890418e-02  1.78090448e-02  1.93756765e-05
  -8.17409826e-07 -1.45566800e-06  9.20938701e-01  1.01190912e-02
   5.96160388e-04 -2.30979608e-04  2.06381584e-04 -1.79078385e-05]
 [ 2.16227513e-02  1.38296003e-02  1.83333370e-02  1.74929325e-05
  -6.35216778e-07 -1.26876300e-06  9.20370735e-01  1.03914747e-02
   6.07520944e-04 -2.38650768e-04  2.19161169e-04 -1.88032636e-05]]
std error:
[[1.84495619e-04 8.06101260e-05 1.33345489e-04 2.85688234e-06
  1.42549676e-06 8.51155583e-08 7.92295972e-04 2.53135074e-04
  3.98486246e-05 8.74556897e-06 3.95685066e-06 7.32398641e-07]
 [1.15545167e-04 6.24923076e-05 6.04382218e-05 4.82224607e-06
  1.07505261e-06 2.81446573e-07 9.81173503e-04 5.29411554e-05
  2.32132435e-05 1.85252338e-05 2.49886381e-06 1.11185654e-06]
 [5.02483176e-05 2.39160230e-05 7.20996714e-05 3.82454189e-06
  8.94908177e-07 1.37421298e-07 4.57783379e-04 2.21442222e-05
  1.24454989e-05 1.16951314e-05 2.60117156e-06 9.37671906e-07]
 [7.33540546e-05 4.58212428e-05 1.49849452e-04 3.55970956e-06
  9.55171788e-07 2.42455420e-07 7.75035991e-04 4.36579342e-05
  8.25638354e-06 2.62074397e-06 1.04233990e-06 4.07193832e-07]
 [1.02852140e-04 8.52818019e-05 1.19019196e-04 1.67588078e-06
  1.60098582e-06 2.88110810e-07 3.62833348e-04 4.25656487e-05
  1.99211475e-05 1.18986716e-05 3.24920226e-06 1.15873509e-06]
 [3.85542469e-05 3.77223772e-05 1.21116117e-04 6.18664901e-06
  1.22114060e-06 2.53343797e-07 9.51726183e-04 1.65636530e-04
  3.41480573e-05 9.10270713e-06 4.26033670e-06 1.19547303e-06]
 [1.51078687e-04 4.48824552e-05 1.34727063e-04 5.17507050e-06
  1.59345717e-06 2.53548142e-07 4.87182215e-04 1.11167973e-04
  1.85162076e-05 1.34019228e-05 2.23144886e-06 1.52135781e-06]]
Done!, time = 3.8294646739959717s
