Begin!
Data shape = (250000, 5)
Begin sort function!
In centrality 0
In centrality 1
In centrality 2
In centrality 3
In centrality 4
In centrality 5
In centrality 6
end function sorter
Data shape = (250000, 5)
Begin sort function!
In centrality 0
In centrality 1
In centrality 2
In centrality 3
In centrality 4
In centrality 5
In centrality 6
end function sorter
Data shape = (250000, 5)
Begin sort function!
In centrality 0
In centrality 1
In centrality 2
In centrality 3
In centrality 4
In centrality 5
In centrality 6
end function sorter
Data shape = (250000, 5)
Begin sort function!
In centrality 0
In centrality 1
In centrality 2
In centrality 3
In centrality 4
In centrality 5
In centrality 6
end function sorter
Final results shape = (4, 7, 12)
mean value:
[[ 1.75074443e-02  1.12812556e-02  1.58352441e-02  5.59385098e-05
  -1.21892360e-06 -1.87589927e-06  8.11580942e-01  4.34880000e-03
   1.18141375e-04 -1.60772542e-04  7.52862361e-05 -1.16839911e-05]
 [ 1.93101896e-02  1.16782827e-02  1.69131632e-02  4.88862103e-05
  -2.92200628e-06 -1.79376465e-06  7.93619152e-01  4.11043145e-03
   1.12469067e-04 -1.70083066e-04  7.96269157e-05 -1.33317168e-05]
 [ 2.04207634e-02  1.23076655e-02  1.74509000e-02  4.39505463e-05
  -3.39015847e-06 -2.12710823e-06  7.83725172e-01  4.13063842e-03
   1.20151343e-04 -1.85506214e-04  8.32305708e-05 -1.49207351e-05]
 [ 2.15652209e-02  1.28418987e-02  1.82488151e-02  3.38079862e-05
  -4.19141655e-07 -1.97761065e-06  7.75212142e-01  4.14830499e-03
   1.24209559e-04 -2.08182967e-04  8.84291773e-05 -1.72061585e-05]
 [ 2.25154262e-02  1.32562955e-02  1.88473922e-02  2.94938455e-05
  -3.13233348e-06 -2.22990110e-06  7.69285726e-01  4.24539835e-03
   1.30968407e-04 -2.14307844e-04  9.38667566e-05 -1.83180408e-05]
 [ 2.29748469e-02  1.37192944e-02  1.93454078e-02  1.72669574e-05
  -4.75709130e-06 -1.68891074e-06  7.64715389e-01  4.29029524e-03
   1.32752216e-04 -2.05511082e-04  9.70262397e-05 -1.71515068e-05]
 [ 2.39961334e-02  1.41190105e-02  1.99740483e-02  1.82174003e-05
  -4.82244756e-06 -2.33765109e-06  7.60669995e-01  4.40405850e-03
   1.40562694e-04 -2.28917363e-04  1.04451287e-04 -2.00314986e-05]]
std error:
[[8.35752769e-05 5.37163934e-05 3.07591955e-05 3.31888564e-06
  2.23208759e-06 2.19672508e-07 9.06230209e-04 3.17240984e-05
  9.98016927e-06 9.63987124e-06 8.42440807e-07 4.28580504e-07]
 [2.02279919e-04 7.31655884e-05 7.54347052e-05 1.06524668e-05
  1.66874651e-06 2.08128081e-07 5.07824218e-04 9.00968687e-05
  1.20741296e-05 6.95940564e-06 2.29825471e-06 5.85740797e-07]
 [8.78248626e-05 3.04808690e-05 5.98663309e-05 1.68219854e-06
  4.21063147e-07 4.70171663e-07 4.61224255e-04 9.37955457e-06
  4.11900019e-06 4.83175833e-06 1.09386733e-06 3.90807618e-07]
 [2.00470363e-04 8.23552501e-05 9.42581326e-05 8.55444482e-06
  1.80705987e-06 6.47821724e-07 5.85651585e-04 1.87622731e-05
  9.17540443e-06 9.18859343e-06 1.12258350e-06 1.07943602e-06]
 [1.67052254e-04 6.16974828e-05 5.61047735e-05 4.05758208e-06
  4.46288074e-07 4.67090121e-07 2.53530343e-04 2.54728404e-05
  4.40868937e-06 1.05516188e-05 1.22972576e-06 1.07738077e-06]
 [7.52970457e-05 1.16128419e-04 1.06763836e-04 6.44786517e-06
  2.36651757e-06 2.96822354e-07 4.00715243e-04 4.78509578e-05
  4.63878022e-06 8.58634477e-06 1.40927736e-06 9.71955249e-07]
 [9.36879392e-05 3.23338379e-05 1.35530836e-04 1.86694820e-06
  5.92364610e-07 1.04743875e-07 3.40961207e-04 2.93483560e-05
  9.99963537e-06 8.10800342e-06 5.33530357e-07 1.06879070e-06]]
Done!, time = 4.715955495834351s
