Begin!
Data shape = (250000, 5)
Begin sort function!
In centrality 0
In centrality 1
In centrality 2
In centrality 3
In centrality 4
In centrality 5
In centrality 6
end function sorter
Data shape = (250000, 5)
Begin sort function!
In centrality 0
In centrality 1
In centrality 2
In centrality 3
In centrality 4
In centrality 5
In centrality 6
end function sorter
Data shape = (250000, 5)
Begin sort function!
In centrality 0
In centrality 1
In centrality 2
In centrality 3
In centrality 4
In centrality 5
In centrality 6
end function sorter
Data shape = (250000, 5)
Begin sort function!
In centrality 0
In centrality 1
In centrality 2
In centrality 3
In centrality 4
In centrality 5
In centrality 6
end function sorter
Final results shape = (4, 7, 12)
mean value:
[[ 1.19833646e-02  1.08620830e-02  1.54896674e-02 -1.64176423e-06
  -7.14362960e-07 -8.71855385e-08  8.97605395e-01  6.42082712e-03
   2.52477259e-04 -5.96884253e-05  7.57139362e-05 -2.78210776e-06]
 [ 1.25597245e-02  1.14346965e-02  1.62994920e-02 -3.49501314e-06
  -2.67383731e-06 -7.53682189e-09  8.79061505e-01  6.16386498e-03
   2.36306630e-04 -5.38896120e-05  7.62549565e-05 -2.67706414e-06]
 [ 1.31253920e-02  1.19416426e-02  1.67860258e-02 -4.62496134e-06
  -1.94553683e-06 -8.41301243e-08  8.68684537e-01  6.07661416e-03
   2.41775828e-04 -5.92544004e-05  7.89359453e-05 -2.90215618e-06]
 [ 1.35579559e-02  1.23721692e-02  1.73848011e-02 -6.99848957e-06
  -4.01439870e-06 -6.26728270e-08  8.60532538e-01  6.10908185e-03
   2.40754507e-04 -5.49682761e-05  8.18379613e-05 -2.73424139e-06]
 [ 1.39356785e-02  1.28836367e-02  1.80196894e-02 -4.14924770e-06
  -2.94352262e-06 -4.23735691e-08  8.55733593e-01  6.23216203e-03
   2.44554486e-04 -6.42975134e-05  8.57438672e-05 -3.18790289e-06]
 [ 1.43446195e-02  1.33107088e-02  1.85627045e-02 -5.59203231e-06
  -5.69369804e-06  1.56842886e-08  8.52626063e-01  6.33904422e-03
   2.47936397e-04 -5.47562984e-05  9.00146704e-05 -2.75457204e-06]
 [ 1.47696878e-02  1.37975855e-02  1.90016645e-02 -6.12740251e-06
  -6.12380802e-06 -7.60591198e-08  8.50483450e-01  6.54507717e-03
   2.63298469e-04 -4.93025321e-05  9.57809907e-05 -2.33948311e-06]]
std error:
[[1.32253951e-04 1.17998731e-04 9.18273170e-05 5.01452818e-07
  1.31657176e-06 4.81867753e-08 6.56498510e-04 2.86575043e-05
  6.89901740e-06 6.16867637e-06 4.38372609e-07 2.98078321e-07]
 [1.21358589e-04 1.43077526e-04 1.05990008e-04 3.94288537e-06
  1.41652404e-06 4.71957122e-08 4.40303630e-04 1.00263440e-04
  6.28149628e-06 2.98399047e-06 1.68856567e-06 3.19557388e-07]
 [1.16583775e-04 6.07107574e-05 4.54096278e-05 1.12588308e-06
  6.67526655e-07 9.43608896e-08 1.92068703e-04 4.81584832e-05
  4.84288769e-06 3.10161422e-06 1.25383413e-06 2.77154761e-07]
 [5.36297663e-05 8.00390799e-05 7.55309143e-05 2.60958585e-06
  6.06746993e-07 1.45923527e-07 4.45791095e-04 4.55533201e-05
  8.36982741e-06 6.66715096e-06 6.94913558e-07 3.13708617e-07]
 [1.00817537e-04 6.27505739e-05 5.83875499e-05 1.38461260e-06
  4.51784270e-07 3.36986882e-08 3.72443270e-04 3.50197221e-05
  8.66944469e-06 3.21668286e-06 5.78314870e-07 2.75842723e-07]
 [9.70635538e-05 8.21071317e-05 5.75690138e-05 2.12849195e-06
  3.10370017e-06 1.73115814e-07 3.38917515e-04 4.87696219e-05
  1.13900909e-05 6.14125219e-06 1.12846684e-06 2.91047605e-07]
 [1.08299483e-04 3.93537941e-05 1.10263451e-04 1.23074103e-06
  1.75147541e-06 6.91271038e-08 2.53354851e-04 4.09644820e-05
  7.53333236e-06 6.48250288e-06 1.46653812e-06 2.83879693e-07]]
Done!, time = 4.420011520385742s
