Begin!
Data shape = (250000, 5)
Begin sort function!
In centrality 0
In centrality 1
In centrality 2
In centrality 3
In centrality 4
In centrality 5
In centrality 6
end function sorter
Data shape = (250000, 5)
Begin sort function!
In centrality 0
In centrality 1
In centrality 2
In centrality 3
In centrality 4
In centrality 5
In centrality 6
end function sorter
Data shape = (250000, 5)
Begin sort function!
In centrality 0
In centrality 1
In centrality 2
In centrality 3
In centrality 4
In centrality 5
In centrality 6
end function sorter
Data shape = (250000, 5)
Begin sort function!
In centrality 0
In centrality 1
In centrality 2
In centrality 3
In centrality 4
In centrality 5
In centrality 6
end function sorter
Final results shape = (4, 7, 12)
mean value:
[[ 1.45571949e-02  1.13260068e-02  1.59080777e-02  7.02349050e-06
  -3.20299547e-06 -5.28121858e-07  8.07759701e-01  4.17716111e-03
   1.16732353e-04 -8.79115439e-05  6.06018832e-05 -4.95996548e-06]
 [ 1.57011458e-02  1.18132955e-02  1.67531062e-02  2.85403567e-06
  -3.34346899e-06 -3.85242966e-07  7.90542688e-01  3.98532556e-03
   1.16936030e-04 -9.35446407e-05  6.21533768e-05 -5.66071560e-06]
 [ 1.63397010e-02  1.22687780e-02  1.73805244e-02 -2.56624564e-06
  -3.51215536e-06 -3.60351825e-07  7.81329042e-01  4.01526932e-03
   1.16141508e-04 -9.51700319e-05  6.46521852e-05 -5.74484736e-06]
 [ 1.70465194e-02  1.28113249e-02  1.79690006e-02 -6.21578809e-06
  -3.09329854e-06 -4.34436765e-07  7.73353370e-01  4.01814285e-03
   1.17519772e-04 -9.95624436e-05  6.75271695e-05 -6.06918569e-06]
 [ 1.75129320e-02  1.31564547e-02  1.84543557e-02 -1.43250648e-05
  -2.56479974e-06 -2.46802128e-07  7.67987371e-01  4.08421479e-03
   1.22664153e-04 -9.30972629e-05  7.08996489e-05 -5.79412791e-06]
 [ 1.79893948e-02  1.36101291e-02  1.90538733e-02 -1.39362142e-05
  -3.17818829e-06 -1.74788539e-07  7.63019740e-01  4.12096855e-03
   1.19369873e-04 -9.99551113e-05  7.34020583e-05 -6.15076738e-06]
 [ 1.85304686e-02  1.39141225e-02  1.94516852e-02 -1.75476034e-05
  -2.86247599e-06 -8.12061310e-08  7.60071185e-01  4.20474622e-03
   1.25503150e-04 -1.04929985e-04  7.66240040e-05 -6.76453067e-06]]
std error:
[[9.26254848e-05 6.89637944e-05 2.13145154e-04 4.82642600e-06
  1.42070984e-06 2.44506876e-08 8.28860805e-04 5.20987213e-05
  8.14499308e-06 3.11726627e-06 3.31129824e-07 1.83018020e-07]
 [5.41864234e-05 1.09336116e-04 1.11221832e-04 2.45310853e-06
  1.26595082e-06 1.71130926e-07 3.53705750e-04 7.29256760e-05
  9.89132547e-06 5.30345157e-06 9.81655978e-07 4.24048921e-07]
 [6.76720056e-05 3.23718780e-05 7.26441342e-05 2.89865045e-06
  1.14904277e-06 1.26913291e-07 4.79881520e-04 2.58003236e-05
  3.67254380e-06 2.58775772e-06 6.97050293e-07 9.13677719e-08]
 [6.29782971e-05 6.23137599e-05 5.76534023e-05 3.34361533e-06
  1.28619267e-06 7.33012122e-08 3.80792073e-04 1.61199163e-05
  1.71476487e-06 4.33755028e-06 8.24405884e-07 4.12236656e-07]
 [1.54641680e-04 6.53705167e-05 6.33874817e-05 2.51611603e-06
  3.27923743e-06 1.54695912e-07 2.02982753e-04 1.92572778e-05
  1.90475265e-06 3.20394551e-06 1.01718945e-06 3.72053735e-07]
 [8.31591375e-05 5.64226381e-05 9.16298536e-05 1.34120403e-06
  9.06385933e-07 4.44205768e-08 3.22589634e-04 2.71594612e-05
  4.08547742e-06 2.23947669e-06 7.57947985e-07 2.48952180e-07]
 [9.51737247e-05 9.00366165e-05 1.01529637e-04 3.31565301e-06
  2.42174433e-06 2.71650826e-07 3.10224426e-04 2.57192865e-05
  2.11520199e-06 4.82749806e-06 1.85787894e-07 3.80243097e-07]]
Done!, time = 3.96439266204834s
