Begin!
Data shape = (250000, 5)
Begin sort function!
In centrality 0
In centrality 1
In centrality 2
In centrality 3
In centrality 4
In centrality 5
In centrality 6
end function sorter
Data shape = (250000, 5)
Begin sort function!
In centrality 0
In centrality 1
In centrality 2
In centrality 3
In centrality 4
In centrality 5
In centrality 6
end function sorter
Data shape = (250000, 5)
Begin sort function!
In centrality 0
In centrality 1
In centrality 2
In centrality 3
In centrality 4
In centrality 5
In centrality 6
end function sorter
Data shape = (250000, 5)
Begin sort function!
In centrality 0
In centrality 1
In centrality 2
In centrality 3
In centrality 4
In centrality 5
In centrality 6
end function sorter
Final results shape = (4, 7, 12)
mean value:
[[ 1.60715461e-02  1.04707598e-02  1.53943849e-02  4.35265980e-05
  -1.81416812e-06 -1.16765905e-06  8.72901255e-01  2.58750832e-03
   3.50714752e-05 -1.86009279e-04  4.37217858e-05 -1.21369617e-05]
 [ 1.75758202e-02  1.09266289e-02  1.63502462e-02  3.56607861e-05
   4.34258664e-07 -1.39869986e-06  8.63900289e-01  2.55873557e-03
   3.22893427e-05 -1.86207088e-04  4.66309907e-05 -1.26496130e-05]
 [ 1.84111849e-02  1.14691738e-02  1.69460892e-02  2.70663213e-05
  -2.74179527e-06 -1.22461183e-06  8.58089423e-01  2.54142487e-03
   3.33582541e-05 -1.91738373e-04  4.87698586e-05 -1.34383197e-05]
 [ 1.92201857e-02  1.21155275e-02  1.77575326e-02  1.81023801e-05
  -4.31117734e-07 -1.18989782e-06  8.53769567e-01  2.58586668e-03
   3.57381767e-05 -1.90114198e-04  5.08365106e-05 -1.33012704e-05]
 [ 1.98322281e-02  1.27461026e-02  1.83227299e-02  1.19586722e-05
  -1.86491909e-06 -1.18345628e-06  8.51174300e-01  2.60396538e-03
   3.63219317e-05 -1.86716634e-04  5.26996656e-05 -1.35295015e-05]
 [ 2.05556877e-02  1.32518257e-02  1.88941081e-02  7.53268135e-06
  -3.75817479e-06 -1.17272848e-06  8.49143276e-01  2.66909051e-03
   3.72744634e-05 -1.92152803e-04  5.60318448e-05 -1.42228323e-05]
 [ 2.12076106e-02  1.39011662e-02  1.94642660e-02  1.34585084e-05
  -1.83632751e-06 -9.00254424e-07  8.47594381e-01  2.67782516e-03
   3.54239516e-05 -1.91574825e-04  5.78063526e-05 -1.47755346e-05]]
std error:
[[1.07795333e-04 5.62988683e-05 1.13012801e-04 4.20890194e-06
  1.28006713e-06 1.67737474e-07 4.36657343e-04 3.99025979e-05
  2.57496975e-06 5.22168615e-06 6.05807163e-07 3.45377118e-07]
 [8.79986347e-05 7.27258198e-05 2.51253904e-05 6.58643340e-06
  6.48725482e-07 3.97163372e-07 9.10857454e-05 1.37682899e-05
  8.82115390e-07 4.78061857e-06 6.66985832e-07 4.42253415e-07]
 [1.50917989e-04 2.97535820e-05 7.32073687e-05 4.04757250e-06
  5.57751294e-07 8.48203562e-08 4.09741013e-04 1.31300464e-05
  1.24101105e-06 4.78294348e-06 2.87640584e-07 3.83892094e-07]
 [7.63078612e-05 1.06036764e-04 1.01524790e-04 2.25066564e-06
  5.62503095e-07 1.17291862e-07 2.90164618e-04 1.47820131e-05
  1.99099919e-06 3.13405557e-06 3.96384446e-07 2.68425806e-07]
 [4.32793689e-05 5.60186947e-05 4.97644923e-05 3.49887244e-06
  1.68158145e-06 1.13208819e-07 2.06528103e-04 1.74791760e-05
  1.47819402e-06 4.50748505e-06 4.60561853e-07 2.29906988e-07]
 [1.37684714e-04 4.41751894e-05 3.53325823e-05 4.60316375e-06
  6.06933616e-07 2.22786023e-07 4.26686940e-04 2.30382359e-05
  2.29897369e-06 8.60479938e-06 5.15126680e-07 8.86672252e-07]
 [1.75577136e-04 5.94788163e-05 8.79241423e-05 5.25921886e-06
  2.51205199e-06 1.82513616e-07 2.79279569e-04 9.92053765e-06
  2.81492549e-06 4.84295158e-06 3.88711541e-07 3.96209859e-07]]
Done!, time = 4.709447383880615s
