Begin!
Data shape = (250000, 5)
Begin sort function!
In centrality 0
In centrality 1
In centrality 2
In centrality 3
In centrality 4
In centrality 5
In centrality 6
end function sorter
Data shape = (250000, 5)
Begin sort function!
In centrality 0
In centrality 1
In centrality 2
In centrality 3
In centrality 4
In centrality 5
In centrality 6
end function sorter
Data shape = (250000, 5)
Begin sort function!
In centrality 0
In centrality 1
In centrality 2
In centrality 3
In centrality 4
In centrality 5
In centrality 6
end function sorter
Data shape = (250000, 5)
Begin sort function!
In centrality 0
In centrality 1
In centrality 2
In centrality 3
In centrality 4
In centrality 5
In centrality 6
end function sorter
Final results shape = (4, 7, 12)
mean value:
[[ 1.77793467e-02  1.10569437e-02  1.56914410e-02  5.45011532e-05
  -2.50014725e-06 -1.34882430e-06  8.56748836e-01  5.53839711e-03
   1.92956119e-04 -1.80389406e-04  9.82578542e-05 -1.36289372e-05]
 [ 1.93897704e-02  1.16729603e-02  1.64672545e-02  4.48481868e-05
  -1.17675103e-06 -1.82540485e-06  8.37099702e-01  5.17386372e-03
   1.75225519e-04 -1.89666560e-04  9.94278362e-05 -1.49086817e-05]
 [ 2.05228295e-02  1.20566983e-02  1.72992053e-02  3.67853289e-05
  -3.20409913e-06 -2.05062104e-06  8.26378721e-01  5.23579721e-03
   1.90526075e-04 -2.15272513e-04  1.06638277e-04 -1.72849715e-05]
 [ 2.15833512e-02  1.26680790e-02  1.81803797e-02  3.12241554e-05
  -3.61728456e-06 -2.35838278e-06  8.17417171e-01  5.28785132e-03
   1.91013083e-04 -2.24908942e-04  1.13597676e-04 -1.82740440e-05]
 [ 2.22445133e-02  1.30843740e-02  1.87907109e-02  2.20022575e-05
  -2.85681755e-06 -2.12849591e-06  8.11905756e-01  5.33429956e-03
   1.92042509e-04 -2.31912639e-04  1.17099678e-04 -1.90304881e-05]
 [ 2.29922574e-02  1.35608613e-02  1.92435584e-02  1.50308291e-05
  -4.75665311e-06 -2.00917097e-06  8.07836806e-01  5.49353128e-03
   2.04028490e-04 -2.36434191e-04  1.24887164e-04 -2.01186065e-05]
 [ 2.36031164e-02  1.40414292e-02  1.97949774e-02  1.38464864e-05
  -4.11707703e-06 -2.17162825e-06  8.04049661e-01  5.62006885e-03
   2.12188956e-04 -2.52070448e-04  1.30567965e-04 -2.15289196e-05]]
std error:
[[1.22052992e-04 7.49001202e-06 9.03242171e-05 4.27837942e-06
  2.24275314e-06 4.85596412e-07 5.52894013e-04 1.01004919e-04
  1.21338357e-05 6.51747052e-06 1.81720991e-06 5.15981891e-07]
 [1.42776907e-04 1.19608590e-04 1.25727960e-04 4.44343950e-06
  2.14831828e-06 3.01047405e-07 2.56698454e-04 2.00641019e-05
  7.47740487e-06 6.12589624e-06 1.53927105e-06 3.25939553e-07]
 [3.82427121e-05 3.46190856e-05 2.94021894e-05 8.93986455e-06
  2.29698281e-06 2.68245213e-07 4.51321606e-04 4.65981757e-05
  6.76858245e-06 5.78854575e-06 1.48715038e-06 5.10883641e-07]
 [6.94959435e-05 8.43461378e-05 8.72297984e-05 6.89928706e-06
  1.44444482e-06 4.84162524e-07 2.20337389e-04 5.44671114e-05
  7.52369387e-06 5.23396434e-06 1.34889494e-06 2.78419663e-07]
 [1.52306817e-04 4.65844515e-05 3.53130898e-05 4.78627866e-06
  1.25270321e-06 1.30444983e-07 4.22523890e-04 4.55486890e-05
  5.72721835e-06 1.68975175e-05 9.97970378e-07 1.65006364e-06]
 [1.00542443e-04 1.00326225e-04 1.10596082e-04 3.07047643e-06
  1.46639499e-06 1.04641358e-07 2.36985787e-04 4.79264972e-05
  7.68452840e-06 2.72875351e-06 1.51883133e-06 1.83500346e-07]
 [1.26768386e-04 7.30147873e-05 3.91737300e-05 6.33468811e-06
  9.64407603e-07 2.25844300e-07 4.82888011e-04 4.77278167e-05
  1.13741653e-05 2.34186652e-06 2.23664400e-06 9.81279241e-07]]
Done!, time = 3.9252429008483887s
