Begin!
Data shape = (250000, 5)
Begin sort function!
In centrality 0
In centrality 1
In centrality 2
In centrality 3
In centrality 4
In centrality 5
In centrality 6
end function sorter
Data shape = (250000, 5)
Begin sort function!
In centrality 0
In centrality 1
In centrality 2
In centrality 3
In centrality 4
In centrality 5
In centrality 6
end function sorter
Data shape = (250000, 5)
Begin sort function!
In centrality 0
In centrality 1
In centrality 2
In centrality 3
In centrality 4
In centrality 5
In centrality 6
end function sorter
Data shape = (250000, 5)
Begin sort function!
In centrality 0
In centrality 1
In centrality 2
In centrality 3
In centrality 4
In centrality 5
In centrality 6
end function sorter
Final results shape = (4, 7, 12)
mean value:
[[ 1.64101332e-02  1.04935503e-02  1.55488106e-02  5.60218232e-06
  -1.38214402e-06 -6.89161318e-07  8.99119473e-01  6.68533053e-03
   2.71837167e-04 -1.79596131e-04  1.08281428e-04 -1.09848939e-05]
 [ 1.72325448e-02  1.12306195e-02  1.65160854e-02 -5.13999885e-06
  -8.36762544e-07 -7.08606211e-07  8.80574168e-01  6.38417068e-03
   2.56919033e-04 -1.74542059e-04  1.08491931e-04 -1.08138470e-05]
 [ 1.80631540e-02  1.17490053e-02  1.72366625e-02 -1.19175867e-05
  -9.04566975e-07 -4.33552169e-07  8.68289782e-01  6.32033603e-03
   2.45575814e-04 -1.79899928e-04  1.13554689e-04 -1.18113975e-05]
 [ 1.87575315e-02  1.24644320e-02  1.80502181e-02 -1.86231240e-05
  -2.41643208e-06 -3.31450612e-07  8.60626469e-01  6.44152933e-03
   2.61272123e-04 -1.82754235e-04  1.20165204e-04 -1.17999941e-05]
 [ 1.93608535e-02  1.28901924e-02  1.85791434e-02 -2.10884365e-05
  -3.89473358e-06 -2.74372428e-07  8.55683139e-01  6.57262892e-03
   2.68971769e-04 -1.92471243e-04  1.25276666e-04 -1.27656183e-05]
 [ 1.98144692e-02  1.34991002e-02  1.93080229e-02 -2.15047819e-05
  -1.51864709e-06 -1.47882482e-07  8.52415998e-01  6.66155769e-03
   2.63093263e-04 -1.82604369e-04  1.30206015e-04 -1.22307729e-05]
 [ 2.03981821e-02  1.40874162e-02  1.98561331e-02 -2.49930220e-05
  -3.02246610e-06 -2.13606068e-07  8.50407975e-01  6.82850692e-03
   2.78961669e-04 -1.87502336e-04  1.38791922e-04 -1.31964510e-05]]
std error:
[[1.05387202e-04 7.81686661e-05 1.25795674e-04 6.83105624e-06
  1.30296961e-06 1.12210425e-07 4.16452332e-04 6.38347653e-05
  1.24504969e-05 8.88318910e-06 1.05728397e-06 5.92270051e-07]
 [1.48952822e-04 2.54788206e-05 1.33485612e-04 3.89398153e-06
  1.62113952e-06 3.19313354e-08 8.61242934e-04 2.41075899e-05
  6.52019198e-06 1.25012119e-05 1.30018263e-06 1.07841551e-06]
 [1.53253363e-04 9.40389982e-05 1.58469636e-04 3.87843460e-06
  4.43386425e-07 1.66572225e-07 4.26655021e-04 4.18266077e-05
  1.00974552e-05 2.68857752e-06 5.04443598e-07 9.13861124e-08]
 [5.12818363e-05 1.04733419e-04 1.13281278e-04 1.90831761e-06
  1.48907241e-06 1.12814604e-07 2.97731968e-04 4.66674366e-05
  7.86791682e-06 5.06194508e-06 1.19360498e-06 3.41055476e-07]
 [1.06419645e-04 2.64251443e-05 6.94170270e-05 5.93419070e-06
  9.95095934e-07 1.65662997e-07 3.29252755e-04 5.57411596e-05
  2.76925874e-06 4.87503702e-06 2.17179393e-06 2.16609232e-07]
 [1.73721030e-04 6.45166856e-05 5.66786349e-05 2.60839629e-06
  9.82556099e-07 1.46641614e-07 5.14112940e-04 7.37829901e-05
  2.15335933e-05 1.06537118e-05 1.81555194e-06 5.69143949e-07]
 [1.38784102e-04 9.17851324e-05 6.55947202e-05 2.85493156e-06
  1.28515325e-06 4.03066055e-08 4.40034168e-04 3.84274963e-05
  9.38914625e-06 4.63804282e-06 1.52578787e-06 5.55206733e-07]]
Done!, time = 4.047539710998535s
