Begin!
Data shape = (250000, 5)
Begin sort function!
In centrality 0
In centrality 1
In centrality 2
In centrality 3
In centrality 4
In centrality 5
In centrality 6
end function sorter
Data shape = (250000, 5)
Begin sort function!
In centrality 0
In centrality 1
In centrality 2
In centrality 3
In centrality 4
In centrality 5
In centrality 6
end function sorter
Data shape = (250000, 5)
Begin sort function!
In centrality 0
In centrality 1
In centrality 2
In centrality 3
In centrality 4
In centrality 5
In centrality 6
end function sorter
Data shape = (250000, 5)
Begin sort function!
In centrality 0
In centrality 1
In centrality 2
In centrality 3
In centrality 4
In centrality 5
In centrality 6
end function sorter
Final results shape = (4, 7, 12)
mean value:
[[ 1.72048566e-02  9.92447648e-03  1.40185385e-02  7.99097479e-05
   8.50302316e-07 -2.65105216e-06  8.68468656e-01  1.15650862e-03
  -8.42143472e-06 -3.15611965e-04  2.84496711e-05 -2.19249638e-05]
 [ 1.95233159e-02  1.04944850e-02  1.52778051e-02  5.45616836e-05
  -3.93617487e-07 -3.56413248e-06  8.62410394e-01  1.18600191e-03
  -3.28420786e-06 -3.23506365e-04  2.96522509e-05 -2.33150202e-05]
 [ 2.07378731e-02  1.11083848e-02  1.60664005e-02  3.16702927e-05
   4.70747005e-07 -3.06430792e-06  8.59500065e-01  1.20854052e-03
  -9.77499027e-07 -3.18491832e-04  3.04742814e-05 -2.36724075e-05]
 [ 2.18134817e-02  1.17991871e-02  1.69968596e-02  1.48414027e-05
   2.10504116e-06 -2.84171325e-06  8.56715918e-01  1.21168562e-03
   1.07848233e-06 -3.05810094e-04  3.09099653e-05 -2.33037169e-05]
 [ 2.26250053e-02  1.24034330e-02  1.78092722e-02  9.19234132e-08
  -2.22642505e-06 -2.21951120e-06  8.55091369e-01  1.24443836e-03
   2.89288846e-06 -2.92984377e-04  3.18938107e-05 -2.31304802e-05]
 [ 2.34164830e-02  1.31762506e-02  1.84760291e-02 -6.73807915e-06
  -2.45626016e-06 -1.91987539e-06  8.53775547e-01  1.25727311e-03
   3.84979903e-06 -2.82621736e-04  3.27289058e-05 -2.31037950e-05]
 [ 2.40609739e-02  1.39434020e-02  1.91905687e-02 -1.22437360e-05
  -3.26183003e-06 -1.26619637e-06  8.52810505e-01  1.27773043e-03
   4.62334887e-06 -2.68995092e-04  3.37286081e-05 -2.27626594e-05]]
std error:
[[1.29463701e-04 7.73641161e-05 3.75916448e-05 3.43840536e-06
  1.15612011e-06 2.14934656e-07 2.24546395e-04 1.65984194e-05
  4.42184428e-07 4.89017354e-06 3.16074670e-07 4.23769628e-07]
 [1.99301165e-04 7.78162571e-05 1.10401600e-04 5.69445484e-06
  2.73893329e-06 1.33241924e-07 2.16122444e-04 1.43503268e-05
  4.93445964e-07 8.98030516e-06 7.15004709e-07 8.63323380e-07]
 [4.12688800e-05 8.24132076e-05 8.15364245e-05 2.89929359e-06
  6.08475173e-07 2.46325859e-07 1.39330758e-04 8.37602333e-06
  4.60926999e-07 1.16539409e-06 3.13176569e-07 1.68084880e-07]
 [1.15934810e-04 5.21348095e-05 1.54854247e-04 3.05259751e-06
  1.19065512e-06 2.38048462e-07 2.42896404e-04 8.21794178e-06
  2.85769439e-07 4.82862706e-06 3.26691064e-07 3.57787261e-07]
 [8.90653569e-05 3.90190942e-05 1.08662011e-04 2.89717525e-06
  1.44208994e-06 2.02397979e-07 2.60560977e-04 3.55379593e-06
  2.11057026e-07 3.14257666e-06 8.66522980e-08 2.03821101e-07]
 [1.58859095e-04 3.48725687e-05 9.97327241e-05 2.83100412e-06
  1.90180345e-06 2.97099175e-07 8.19485076e-05 1.03546890e-05
  3.91641622e-07 5.73987734e-06 6.38976855e-07 7.52805224e-07]
 [1.47035432e-04 5.78865277e-05 1.62297295e-04 2.21367630e-06
  2.04419885e-06 4.05062737e-07 4.26533186e-04 9.08627657e-06
  4.84634970e-07 4.41321753e-06 2.61200029e-07 5.34751540e-07]]
Done!, time = 4.2679266929626465s
