Begin!
Data shape = (250000, 5)
Begin sort function!
In centrality 0
In centrality 1
In centrality 2
In centrality 3
In centrality 4
In centrality 5
In centrality 6
end function sorter
Data shape = (250000, 5)
Begin sort function!
In centrality 0
In centrality 1
In centrality 2
In centrality 3
In centrality 4
In centrality 5
In centrality 6
end function sorter
Data shape = (250000, 5)
Begin sort function!
In centrality 0
In centrality 1
In centrality 2
In centrality 3
In centrality 4
In centrality 5
In centrality 6
end function sorter
Data shape = (250000, 5)
Begin sort function!
In centrality 0
In centrality 1
In centrality 2
In centrality 3
In centrality 4
In centrality 5
In centrality 6
end function sorter
Final results shape = (4, 7, 12)
mean value:
[[ 1.19312982e-02  9.67648623e-03  1.37660018e-02  3.11677243e-05
   9.81141695e-07 -9.58093888e-08  9.17923791e-01  8.43701151e-04
   1.12060836e-06 -9.67245516e-05  1.19829423e-05 -5.19932581e-06]
 [ 1.28558382e-02  1.01385152e-02  1.45784918e-02  2.69915471e-05
   4.00136738e-07 -1.61752485e-07  9.15830735e-01  8.61309004e-04
   2.83720588e-06 -1.00547740e-04  1.26676938e-05 -5.51725969e-06]
 [ 1.37297175e-02  1.07453388e-02  1.52434295e-02  2.50800674e-05
  -1.61630238e-08 -2.10661467e-07  9.14348889e-01  8.81204141e-04
   2.82365266e-06 -1.04827959e-04  1.37542656e-05 -6.09860714e-06]
 [ 1.45496198e-02  1.13474415e-02  1.59428031e-02  2.33971318e-05
   1.18632640e-07 -2.36896968e-07  9.13701455e-01  8.97540475e-04
   3.68796663e-06 -1.03848565e-04  1.45978425e-05 -6.21494514e-06]
 [ 1.52345293e-02  1.20675086e-02  1.65056847e-02  2.03502419e-05
   4.10305369e-07 -2.46373610e-07  9.13101617e-01  9.24620903e-04
   3.40531705e-06 -1.01894597e-04  1.56079679e-05 -6.32188240e-06]
 [ 1.60366203e-02  1.27587014e-02  1.71162360e-02  1.52646436e-05
  -1.34111423e-07 -4.02751055e-07  9.12755987e-01  9.40774787e-04
   4.26377225e-06 -1.00089366e-04  1.64988548e-05 -6.47147420e-06]
 [ 1.69153747e-02  1.35023386e-02  1.77418167e-02  1.43866459e-05
  -5.68931298e-07 -2.90291989e-07  9.12682198e-01  9.65548769e-04
   4.35299901e-06 -1.01872532e-04  1.78929037e-05 -6.97904164e-06]]
std error:
[[9.96898526e-05 2.48911936e-05 8.23915076e-05 2.47647181e-06
  1.89076617e-06 1.81763324e-07 1.60376924e-04 5.77949151e-06
  5.58720876e-07 4.95153920e-06 4.08220926e-07 4.13863742e-07]
 [1.13431199e-04 6.06875226e-05 8.39414089e-05 1.55277123e-06
  1.49063092e-06 8.91357053e-08 1.28642523e-04 5.81302291e-06
  4.40434731e-07 1.03463125e-06 3.35292016e-07 1.63291606e-07]
 [6.40346083e-05 1.98951983e-05 4.53647215e-05 3.31596707e-06
  1.00002719e-06 1.28280018e-07 1.62449114e-04 1.12031541e-05
  7.99942675e-08 3.62713773e-06 2.25487350e-07 3.77322783e-07]
 [1.09201366e-04 6.65932220e-05 4.08223061e-05 3.01164307e-06
  1.70278065e-06 1.12994308e-07 1.26639107e-04 6.51019136e-06
  2.74407520e-07 1.03755239e-06 6.54976971e-08 1.13369940e-07]
 [1.02275622e-04 1.01345632e-04 5.68487617e-05 4.67662352e-06
  1.93674938e-06 5.18318127e-08 6.09502410e-05 5.15570857e-06
  1.47205020e-07 2.37671357e-06 3.42427455e-07 2.75927606e-07]
 [7.40802215e-05 1.12082063e-04 1.37970360e-04 2.22099842e-06
  1.53165844e-06 1.03475124e-07 3.57875777e-04 1.40921640e-05
  6.43946683e-07 5.59282711e-06 2.15703011e-07 3.67684937e-07]
 [8.17258345e-05 3.73993078e-05 6.61959099e-05 4.11392897e-06
  1.88300523e-06 4.53110621e-08 1.31147467e-04 9.08981865e-06
  1.24391868e-07 3.91728895e-06 3.71689792e-07 3.58762591e-07]]
Done!, time = 1.97743558883667s
