Begin!
Data shape = (250000, 5)
Begin sort function!
In centrality 0
In centrality 1
In centrality 2
In centrality 3
In centrality 4
In centrality 5
In centrality 6
end function sorter
Data shape = (250000, 5)
Begin sort function!
In centrality 0
In centrality 1
In centrality 2
In centrality 3
In centrality 4
In centrality 5
In centrality 6
end function sorter
Data shape = (250000, 5)
Begin sort function!
In centrality 0
In centrality 1
In centrality 2
In centrality 3
In centrality 4
In centrality 5
In centrality 6
end function sorter
Data shape = (250000, 5)
Begin sort function!
In centrality 0
In centrality 1
In centrality 2
In centrality 3
In centrality 4
In centrality 5
In centrality 6
end function sorter
Final results shape = (4, 7, 12)
mean value:
[[ 1.29079312e-02  9.78348601e-03  1.39376799e-02  2.76677652e-05
   7.89913562e-07 -3.09556710e-07  9.65227834e-01  9.78104385e-03
   5.55676486e-04 -9.55914230e-05  1.24486507e-04 -5.32360550e-06]
 [ 1.39481063e-02  1.04811421e-02  1.49254928e-02  2.73804682e-05
   8.80433237e-07 -3.53992085e-07  9.43470022e-01  9.33858747e-03
   5.37534378e-04 -9.20331301e-05  1.28977824e-04 -5.69846524e-06]
 [ 1.48468747e-02  1.11252791e-02  1.56269090e-02  2.03430879e-05
  -7.18621716e-07 -5.17991961e-07  9.31954174e-01  9.34922786e-03
   5.32156368e-04 -9.34577728e-05  1.36353753e-04 -5.82749339e-06]
 [ 1.55834994e-02  1.18033978e-02  1.65411985e-02  2.21653227e-05
   2.44756194e-07 -3.90858787e-07  9.23663036e-01  9.46065383e-03
   5.59851131e-04 -1.03025020e-04  1.44835162e-04 -6.58765510e-06]
 [ 1.63052958e-02  1.23912200e-02  1.69640476e-02  1.77238377e-05
  -7.11850600e-08 -5.33164160e-07  9.19469632e-01  9.59997976e-03
   5.70274205e-04 -1.09015196e-04  1.54859264e-04 -7.54058443e-06]
 [ 1.70259898e-02  1.29874514e-02  1.76573182e-02  1.71101957e-05
  -1.34956766e-06 -6.08107500e-07  9.18957348e-01  9.89780944e-03
   5.76517683e-04 -1.15574595e-04  1.65946443e-04 -7.86735481e-06]
 [ 1.77601216e-02  1.36019312e-02  1.81564053e-02  1.22876100e-05
  -2.42156505e-07 -5.57846807e-07  9.18752459e-01  1.01810319e-02
   5.98934277e-04 -1.29472608e-04  1.77298105e-04 -8.63985156e-06]]
std error:
[[1.02967343e-04 8.12343818e-05 1.25247085e-04 4.84884398e-07
  1.89863547e-06 1.60002086e-07 4.47601838e-04 9.86335128e-05
  3.09077408e-05 3.60018970e-06 2.61359552e-06 3.82623157e-07]
 [1.56310122e-04 3.51823084e-05 7.24833292e-05 3.45902752e-06
  2.71192578e-06 3.36101969e-07 7.01131426e-04 8.52983736e-05
  2.66838192e-05 5.53193257e-06 2.31176022e-06 5.34474931e-07]
 [7.84024960e-05 4.13726062e-05 1.19290122e-04 1.39047144e-06
  1.76942979e-06 5.81503640e-08 7.54771393e-04 8.30418469e-05
  2.06059896e-05 7.39320643e-06 2.42237858e-07 4.00274134e-07]
 [7.62627167e-05 5.21154375e-05 1.02129076e-04 3.79086659e-06
  9.99224969e-07 8.59564371e-08 6.73228003e-04 9.61349485e-05
  2.47112983e-05 1.16958816e-05 1.68359801e-06 9.09438100e-07]
 [5.09865116e-05 5.62563484e-05 9.31115247e-05 4.94959575e-06
  1.73324276e-06 1.69486050e-07 5.84233413e-04 7.82542623e-05
  2.59453824e-05 4.27306275e-06 1.76532547e-06 4.70636840e-07]
 [1.39625295e-04 6.02759676e-05 1.51242600e-04 1.05186805e-06
  1.68388090e-06 2.94285394e-07 3.78170966e-04 2.66195589e-05
  1.44267635e-05 2.55594726e-06 3.06257942e-06 3.20804864e-07]
 [5.72525477e-05 8.47425999e-05 8.94008752e-05 1.92094683e-06
  2.64791069e-06 1.34674594e-07 7.61040206e-04 1.47737315e-04
  4.36312282e-05 4.75101045e-06 2.00846094e-06 5.24127071e-07]]
Done!, time = 4.535388708114624s
