Begin!
Data shape = (250000, 5)
Begin sort function!
In centrality 0
In centrality 1
In centrality 2
In centrality 3
In centrality 4
In centrality 5
In centrality 6
end function sorter
Data shape = (250000, 5)
Begin sort function!
In centrality 0
In centrality 1
In centrality 2
In centrality 3
In centrality 4
In centrality 5
In centrality 6
end function sorter
Data shape = (250000, 5)
Begin sort function!
In centrality 0
In centrality 1
In centrality 2
In centrality 3
In centrality 4
In centrality 5
In centrality 6
end function sorter
Data shape = (250000, 5)
Begin sort function!
In centrality 0
In centrality 1
In centrality 2
In centrality 3
In centrality 4
In centrality 5
In centrality 6
end function sorter
Final results shape = (4, 7, 12)
mean value:
[[ 1.36521303e-02  1.04725543e-02  1.55571204e-02  1.55015185e-05
  -1.80772555e-06 -2.96688804e-07  8.94890253e-01  6.18188940e-03
   2.00522799e-04 -1.07591910e-04  8.32268500e-05 -5.97163755e-06]
 [ 1.47999307e-02  1.11125594e-02  1.65392846e-02  1.27642119e-05
  -5.49523665e-07 -4.26618740e-07  8.76898101e-01  5.90736228e-03
   1.95063305e-04 -1.21620502e-04  8.74520116e-05 -7.29492792e-06]
 [ 1.53592243e-02  1.17045411e-02  1.71285477e-02  1.43895582e-05
  -1.83313130e-06 -3.61021049e-07  8.67408673e-01  5.96164324e-03
   2.00341973e-04 -1.13757956e-04  9.17912524e-05 -7.27072446e-06]
 [ 1.61285534e-02  1.24095094e-02  1.78894910e-02  1.18523152e-05
  -1.53964588e-06 -3.90794883e-07  8.59360734e-01  5.99199954e-03
   2.09802957e-04 -1.22869004e-04  9.56122922e-05 -8.01674549e-06]
 [ 1.66634508e-02  1.28875265e-02  1.84932591e-02  1.00777050e-05
  -2.14649817e-06 -4.24558500e-07  8.54867216e-01  6.06672287e-03
   2.07581661e-04 -1.23618570e-04  1.00783481e-04 -8.06068770e-06]
 [ 1.72583765e-02  1.33888269e-02  1.89821658e-02  7.86851886e-06
  -3.08468813e-06 -5.35626240e-07  8.51710573e-01  6.16939623e-03
   2.03668027e-04 -1.25487093e-04  1.06073507e-04 -8.37276480e-06]
 [ 1.78086043e-02  1.39537320e-02  1.95874337e-02  7.69493612e-06
  -5.08132971e-06 -4.94777401e-07  8.49781194e-01  6.35838578e-03
   2.14757714e-04 -1.43163038e-04  1.13399171e-04 -9.85595946e-06]]
std error:
[[4.29903562e-05 9.83207229e-05 1.35712215e-04 9.19882488e-07
  1.93593241e-06 1.73662648e-07 4.87743989e-04 7.91467285e-05
  9.41827285e-06 9.65584085e-06 1.84513310e-06 5.71113240e-07]
 [4.47135206e-05 5.22664547e-05 8.67044992e-05 2.07033325e-06
  2.84418211e-06 1.26307425e-07 7.48599062e-04 2.78424108e-05
  5.09014258e-06 1.25713433e-05 9.71822530e-07 1.02986183e-06]
 [7.14782319e-05 3.78628922e-05 4.74854820e-05 2.35971730e-06
  1.07152140e-06 7.38800008e-08 2.98972822e-04 4.78084832e-05
  2.12630507e-06 7.22346431e-06 1.22485914e-06 7.51729023e-07]
 [4.81410897e-05 6.97344890e-05 6.83860300e-05 3.20259211e-06
  1.18990972e-06 1.36077883e-07 5.24202746e-04 3.65059129e-05
  1.22701052e-05 4.60397599e-06 1.23473044e-06 4.87007926e-07]
 [1.19822773e-04 8.87796440e-05 1.05340569e-04 4.26984971e-06
  1.10663350e-06 1.64247918e-07 4.90822160e-04 4.22856016e-05
  9.13788449e-06 4.15150076e-06 1.75684788e-06 3.54875056e-07]
 [1.22475467e-04 5.89478063e-05 1.28363676e-04 3.28441521e-06
  1.55563001e-06 1.08535892e-07 3.44519565e-04 5.29225376e-05
  6.13797660e-06 1.00764993e-05 1.24942138e-06 8.04477289e-07]
 [5.45544126e-05 6.50228581e-05 1.31124872e-04 1.78783090e-06
  1.75051794e-06 2.89945053e-07 5.42662804e-04 3.89215624e-05
  9.82248810e-06 5.95901258e-06 5.97665304e-07 7.26804322e-07]]
Done!, time = 3.8171544075012207s
