Begin!
Data shape = (250000, 5)
Begin sort function!
In centrality 0
In centrality 1
In centrality 2
In centrality 3
In centrality 4
In centrality 5
In centrality 6
end function sorter
Data shape = (250000, 5)
Begin sort function!
In centrality 0
In centrality 1
In centrality 2
In centrality 3
In centrality 4
In centrality 5
In centrality 6
end function sorter
Data shape = (250000, 5)
Begin sort function!
In centrality 0
In centrality 1
In centrality 2
In centrality 3
In centrality 4
In centrality 5
In centrality 6
end function sorter
Data shape = (250000, 5)
Begin sort function!
In centrality 0
In centrality 1
In centrality 2
In centrality 3
In centrality 4
In centrality 5
In centrality 6
end function sorter
Final results shape = (4, 7, 12)
mean value:
[[ 1.70893041e-02  1.11315743e-02  1.57005193e-02  4.23793334e-05
  -4.98161758e-06 -1.75255539e-06  7.85524493e-01  1.79248336e-03
   1.43856631e-05 -1.90770479e-04  3.30160934e-05 -1.25258024e-05]
 [ 1.86967878e-02  1.16365113e-02  1.66730471e-02  2.32973028e-05
  -1.94770136e-06 -1.62968775e-06  7.76415107e-01  1.78446406e-03
   1.44312417e-05 -1.95469456e-04  3.57267434e-05 -1.32771318e-05]
 [ 1.98336158e-02  1.21862269e-02  1.73040131e-02  1.03786582e-05
  -2.07583119e-06 -1.67839477e-06  7.70767948e-01  1.79340436e-03
   1.55397523e-05 -2.00054375e-04  3.73357134e-05 -1.41625764e-05]
 [ 2.07769913e-02  1.25954861e-02  1.80805741e-02  3.06163513e-06
  -2.13999607e-06 -1.79297221e-06  7.66028691e-01  1.80938988e-03
   1.75339301e-05 -2.03514545e-04  3.91661515e-05 -1.48315523e-05]
 [ 2.15662773e-02  1.30052774e-02  1.85219551e-02 -5.47298967e-06
  -3.75623873e-06 -1.45760486e-06  7.62636639e-01  1.82315782e-03
   1.80976141e-05 -1.98832075e-04  4.04017096e-05 -1.47910053e-05]
 [ 2.21046676e-02  1.34099730e-02  1.91095026e-02 -1.42140786e-05
  -4.11862556e-06 -1.18860200e-06  7.60121630e-01  1.84296213e-03
   1.86144635e-05 -1.93906960e-04  4.18984994e-05 -1.47887470e-05]
 [ 2.25881721e-02  1.37997779e-02  1.95804341e-02 -1.75086968e-05
  -3.20052557e-06 -1.07575168e-06  7.57687786e-01  1.89012974e-03
   2.09984065e-05 -1.95641287e-04  4.32529265e-05 -1.50348890e-05]]
std error:
[[6.00723442e-05 6.35293208e-05 1.64436652e-04 6.88403905e-06
  3.28889135e-06 1.93244687e-07 2.69168766e-04 1.66910428e-05
  7.24877167e-07 1.00793204e-05 4.08931215e-07 7.68722679e-07]
 [1.14049300e-04 7.97674391e-05 1.88058541e-04 1.09831904e-05
  1.98632832e-06 2.80888861e-07 1.90998934e-04 2.52030897e-05
  1.20440853e-06 1.17904615e-05 6.55942911e-07 1.09919642e-06]
 [2.44309464e-05 7.71611225e-05 1.39909125e-04 6.24901383e-06
  1.61708373e-06 1.19752282e-07 2.54931369e-04 1.31799751e-06
  1.09170410e-06 2.10622314e-06 2.94971355e-07 3.83735486e-07]
 [1.47115839e-04 6.91942761e-05 8.86757091e-05 2.76736394e-06
  2.20745499e-06 1.58322186e-07 1.63938820e-04 1.63990522e-05
  2.05495665e-06 2.91349319e-06 4.09165202e-07 3.01588337e-07]
 [1.85661012e-04 8.02604423e-05 1.01666140e-04 4.07628131e-06
  1.51742008e-06 2.81969703e-07 1.55390253e-04 1.20912626e-05
  1.58757184e-06 4.89414555e-06 5.27449975e-07 2.79497285e-07]
 [2.09169009e-04 1.05101970e-04 1.11679844e-04 6.34124316e-06
  2.15613879e-06 3.13887083e-07 2.88910164e-04 1.91555597e-05
  1.74381142e-06 8.29092304e-06 3.62827472e-07 9.44183754e-07]
 [1.08047331e-04 1.39907244e-04 1.31331415e-04 2.61562934e-06
  3.15048344e-06 1.63251376e-07 3.37853013e-04 9.97198524e-06
  1.76183852e-07 7.19441427e-06 3.87072675e-07 5.46338242e-07]]
Done!, time = 2.259406805038452s
