Begin!
Data shape = (250000, 5)
Begin sort function!
In centrality 0
In centrality 1
In centrality 2
In centrality 3
In centrality 4
In centrality 5
In centrality 6
end function sorter
Data shape = (250000, 5)
Begin sort function!
In centrality 0
In centrality 1
In centrality 2
In centrality 3
In centrality 4
In centrality 5
In centrality 6
end function sorter
Data shape = (250000, 5)
Begin sort function!
In centrality 0
In centrality 1
In centrality 2
In centrality 3
In centrality 4
In centrality 5
In centrality 6
end function sorter
Data shape = (250000, 5)
Begin sort function!
In centrality 0
In centrality 1
In centrality 2
In centrality 3
In centrality 4
In centrality 5
In centrality 6
end function sorter
Final results shape = (4, 7, 12)
mean value:
[[ 1.64754018e-02  1.09072838e-02  1.59835459e-02  4.11238596e-05
  -4.29630226e-06 -9.89751123e-07  8.03959231e-01  4.29373420e-03
   1.21088383e-04 -1.39966069e-04  7.14355998e-05 -9.79996684e-06]
 [ 1.79520270e-02  1.15714134e-02  1.70507926e-02  2.66359523e-05
  -1.21275944e-06 -1.43551510e-06  7.88211600e-01  4.13053458e-03
   1.17394828e-04 -1.49753691e-04  7.30612350e-05 -1.07650319e-05]
 [ 1.90250589e-02  1.20666944e-02  1.78837064e-02  2.64426410e-05
  -9.30556795e-07 -1.32858590e-06  7.77903921e-01  4.09788274e-03
   1.16923503e-04 -1.59655920e-04  7.75698062e-05 -1.16796890e-05]
 [ 2.00678517e-02  1.27345377e-02  1.85027468e-02  1.73979326e-05
  -2.26805004e-06 -1.47828201e-06  7.70134822e-01  4.17254312e-03
   1.24133446e-04 -1.71183421e-04  8.28669243e-05 -1.28841838e-05]
 [ 2.08058881e-02  1.32041744e-02  1.92382198e-02  1.04338887e-05
  -1.51698426e-06 -1.20367896e-06  7.64701993e-01  4.21212354e-03
   1.25109490e-04 -1.75402939e-04  8.63651162e-05 -1.34217350e-05]
 [ 2.15282383e-02  1.37108656e-02  1.97921350e-02  1.15528569e-05
  -3.52147108e-06 -1.46333828e-06  7.60204567e-01  4.26508672e-03
   1.25697753e-04 -1.93669319e-04  9.03856183e-05 -1.53818546e-05]
 [ 2.20754526e-02  1.41451253e-02  2.02003583e-02  4.36963977e-06
  -4.23177896e-06 -1.49574171e-06  7.56796751e-01  4.42210713e-03
   1.34007786e-04 -1.92788874e-04  9.73738656e-05 -1.56979858e-05]]
std error:
[[8.74317931e-05 1.19059595e-04 1.66795963e-04 2.54827672e-06
  4.28250625e-07 3.34677380e-07 5.95385387e-04 4.09675970e-05
  3.59348345e-06 1.01059328e-05 9.09791201e-07 8.02291501e-07]
 [1.37300626e-04 4.92169840e-05 2.22533722e-04 2.72775393e-06
  3.09436425e-06 1.49306728e-07 7.15447528e-04 3.42562944e-05
  4.48604885e-06 6.19436848e-06 1.20123966e-06 1.70164218e-07]
 [5.46909947e-05 5.20208125e-05 8.83530801e-05 2.50452819e-06
  7.27688706e-07 3.75902224e-07 4.63327727e-04 2.52305794e-05
  7.02827216e-06 2.64354132e-06 9.18183146e-07 2.89607287e-07]
 [1.12274782e-04 4.22591842e-05 1.27566107e-04 2.11229084e-06
  9.88733942e-07 1.52334744e-07 3.46835887e-04 3.75599951e-05
  2.19995880e-06 5.60425084e-06 1.73771380e-06 5.48540042e-07]
 [1.00969546e-04 3.13289849e-05 8.54496936e-05 2.77071098e-06
  4.51531275e-07 2.30974456e-07 5.61159774e-04 6.86273624e-05
  6.66054320e-06 7.52381449e-06 1.44725349e-06 8.67902081e-07]
 [1.69225776e-04 4.29936337e-05 1.14823930e-04 5.47753331e-06
  1.93051536e-06 2.51654739e-07 3.18467445e-04 1.83125060e-05
  6.53634172e-06 7.66589651e-06 1.68113890e-06 5.59103197e-07]
 [1.38228081e-04 6.50771290e-05 6.34826269e-05 4.67349418e-06
  1.44144684e-06 4.04406832e-07 2.98149289e-04 5.24814926e-05
  4.20889578e-06 6.84275360e-06 2.22454440e-06 5.67594650e-07]]
Done!, time = 4.219118356704712s
