Begin!
Data shape = (250000, 5)
Begin sort function!
In centrality 0
In centrality 1
In centrality 2
In centrality 3
In centrality 4
In centrality 5
In centrality 6
end function sorter
Data shape = (250000, 5)
Begin sort function!
In centrality 0
In centrality 1
In centrality 2
In centrality 3
In centrality 4
In centrality 5
In centrality 6
end function sorter
Data shape = (250000, 5)
Begin sort function!
In centrality 0
In centrality 1
In centrality 2
In centrality 3
In centrality 4
In centrality 5
In centrality 6
end function sorter
Data shape = (250000, 5)
Begin sort function!
In centrality 0
In centrality 1
In centrality 2
In centrality 3
In centrality 4
In centrality 5
In centrality 6
end function sorter
Final results shape = (4, 7, 12)
mean value:
[[ 1.36246338e-02  1.09222348e-02  1.60198712e-02  3.02656185e-05
  -1.26126053e-06 -1.40185590e-07  7.73447810e-01  1.50879466e-03
   1.19864322e-05 -9.18861529e-05  2.14328544e-05 -5.26729925e-06]
 [ 1.47164977e-02  1.14331380e-02  1.70990510e-02  2.52549141e-05
  -1.66496216e-06 -4.92108930e-07  7.67031829e-01  1.51013746e-03
   1.24389072e-05 -9.77673058e-05  2.30064191e-05 -5.89233027e-06]
 [ 1.55823958e-02  1.19177996e-02  1.76567236e-02  2.05006658e-05
  -1.26555496e-06 -4.38150068e-07  7.62946744e-01  1.50529549e-03
   1.14855658e-05 -9.72673619e-05  2.44056891e-05 -6.09556632e-06]
 [ 1.63284120e-02  1.23330351e-02  1.82391577e-02  2.01594476e-05
  -1.56585394e-06 -6.45415750e-07  7.59628034e-01  1.52796404e-03
   1.35200915e-05 -1.07430594e-04  2.58659382e-05 -6.81846197e-06]
 [ 1.69511414e-02  1.27999656e-02  1.87633085e-02  1.59872974e-05
  -9.72533773e-07 -6.46704146e-07  7.56879197e-01  1.55361560e-03
   1.32434085e-05 -1.00477981e-04  2.70039860e-05 -6.52306306e-06]
 [ 1.75610639e-02  1.33220327e-02  1.92710697e-02  1.19691996e-05
  -1.37171986e-06 -6.51597324e-07  7.55051135e-01  1.56384114e-03
   1.33435735e-05 -1.02852209e-04  2.81881575e-05 -6.89600429e-06]
 [ 1.82039310e-02  1.37102805e-02  1.97961321e-02  9.54688721e-06
  -2.05658695e-06 -6.34402856e-07  7.53487542e-01  1.59153066e-03
   1.40194085e-05 -1.11529927e-04  3.00568891e-05 -7.73977398e-06]]
std error:
[[8.62179675e-05 1.01663024e-04 3.62637348e-05 7.45717379e-06
  7.33144755e-07 1.58311737e-07 1.24554411e-04 1.20091296e-05
  1.17320094e-06 5.17642589e-06 4.70151429e-07 5.36529378e-07]
 [9.19546729e-05 7.32720863e-05 1.78093150e-04 6.37914971e-06
  1.65087406e-06 1.19583322e-07 4.86500443e-04 3.47986274e-05
  1.53563813e-06 4.03972197e-06 4.70250247e-07 3.39679768e-07]
 [1.34469065e-04 3.10000780e-05 9.50109470e-05 2.02948497e-06
  1.24441034e-06 1.85810997e-07 1.08241126e-04 2.26877798e-06
  1.21112410e-06 1.18524421e-06 1.69822468e-07 1.39222165e-07]
 [1.04290131e-04 1.01978532e-04 6.54015773e-05 3.29324085e-06
  1.27209210e-06 8.61131737e-08 1.71264969e-04 7.12128006e-06
  7.11565210e-07 1.28887858e-06 1.89388480e-07 6.07462573e-08]
 [3.25031334e-05 1.85134582e-05 3.05925312e-05 1.01348989e-06
  1.06292162e-06 1.56557017e-07 1.55315322e-04 1.34943414e-05
  4.43763917e-07 4.91540670e-06 3.07176126e-07 3.36840966e-07]
 [6.29644356e-05 9.70581530e-05 8.05155853e-05 2.03611302e-06
  1.37378231e-06 1.21311095e-07 1.14520737e-04 6.53414880e-06
  1.72022258e-07 1.40695307e-06 9.41066767e-08 1.39379819e-07]
 [1.19564759e-04 8.48849657e-05 9.60862715e-05 4.04055133e-06
  1.89877450e-06 5.02557573e-07 1.80753588e-04 1.08098339e-05
  1.20758176e-06 3.26999347e-06 1.34193556e-07 3.33750692e-07]]
Done!, time = 3.8680784702301025s
