Begin!
Data shape = (250000, 5)
Begin sort function!
In centrality 0
In centrality 1
In centrality 2
In centrality 3
In centrality 4
In centrality 5
In centrality 6
end function sorter
Data shape = (250000, 5)
Begin sort function!
In centrality 0
In centrality 1
In centrality 2
In centrality 3
In centrality 4
In centrality 5
In centrality 6
end function sorter
Data shape = (250000, 5)
Begin sort function!
In centrality 0
In centrality 1
In centrality 2
In centrality 3
In centrality 4
In centrality 5
In centrality 6
end function sorter
Data shape = (250000, 5)
Begin sort function!
In centrality 0
In centrality 1
In centrality 2
In centrality 3
In centrality 4
In centrality 5
In centrality 6
end function sorter
Final results shape = (4, 7, 12)
mean value:
[[ 1.18505952e-02  1.02746946e-02  1.47388507e-02  7.01559134e-06
   8.64991275e-07 -2.21260809e-07  8.18541739e-01  1.83960902e-03
   1.76284518e-05 -6.07886139e-05  2.23866858e-05 -2.78499168e-06]
 [ 1.25765875e-02  1.09083232e-02  1.56959677e-02  1.37672202e-06
  -1.34507614e-06 -1.56616014e-07  8.11521816e-01  1.82776093e-03
   1.76076943e-05 -5.90737128e-05  2.34289256e-05 -2.82199236e-06]
 [ 1.33074929e-02  1.13708086e-02  1.62502682e-02  2.39336784e-06
  -3.57085726e-07 -2.42902373e-07  8.07646863e-01  1.87502212e-03
   1.92162073e-05 -6.39251564e-05  2.52931931e-05 -3.19093932e-06]
 [ 1.39562267e-02  1.19259333e-02  1.68147868e-02  4.04117913e-07
   1.88379838e-07 -1.58057697e-07  8.04038017e-01  1.88123499e-03
   2.05350664e-05 -6.31548198e-05  2.67889251e-05 -3.31240512e-06]
 [ 1.44871216e-02  1.24999287e-02  1.74057951e-02 -8.20969939e-07
  -2.84481100e-07 -1.84421240e-07  8.01969787e-01  1.91779014e-03
   2.15209341e-05 -6.19943246e-05  2.82623663e-05 -3.29795627e-06]
 [ 1.49546341e-02  1.30353257e-02  1.79057035e-02 -5.34936105e-06
   2.54030845e-08 -1.42010803e-07  8.00266557e-01  1.94927992e-03
   2.07797647e-05 -5.54608387e-05  2.95941034e-05 -3.01045301e-06]
 [ 1.55913856e-02  1.35373493e-02  1.84143423e-02 -8.13636181e-06
  -2.48988609e-06 -1.26081627e-07  7.99157746e-01  1.96844737e-03
   2.16189115e-05 -5.89763707e-05  3.11070864e-05 -3.30413174e-06]]
std error:
[[8.67697695e-05 2.88956941e-05 3.86951898e-05 1.74172320e-06
  2.27942166e-06 5.58783474e-08 1.21053749e-04 1.07313627e-05
  5.54026695e-07 3.78921909e-06 2.71850701e-07 3.14057512e-07]
 [1.64223758e-04 3.10780019e-05 1.38649174e-04 1.90803438e-06
  8.39334661e-07 1.14267369e-07 3.57452617e-04 1.12328068e-05
  1.32709410e-06 3.93914900e-06 4.95895907e-07 1.12043624e-07]
 [9.59627271e-05 1.20580586e-04 9.85553951e-05 2.81096265e-06
  2.00512443e-06 7.38098815e-08 2.91600749e-04 2.25159283e-05
  1.59546730e-06 2.10257046e-06 3.67343371e-07 1.71935609e-07]
 [3.01543532e-05 3.68261251e-05 1.15533573e-04 2.36425189e-06
  1.25696435e-06 3.84606577e-08 1.06372507e-04 1.97549078e-05
  1.10530592e-06 3.49982367e-06 2.46124721e-07 2.81666606e-07]
 [6.50318128e-05 7.99381297e-05 1.41302441e-04 7.40502964e-07
  1.43155115e-06 8.45796168e-08 1.03117574e-04 2.14966889e-05
  1.84255082e-06 5.94556691e-06 6.51982578e-07 2.61736044e-07]
 [5.44259325e-05 5.78798693e-05 9.46307502e-05 3.24662532e-06
  1.35990710e-06 8.00921061e-08 1.82309724e-04 1.39109863e-05
  1.30850591e-06 5.17253772e-06 2.69325729e-07 2.80563060e-07]
 [1.76298888e-05 1.07126757e-04 1.10862517e-04 1.98562666e-06
  2.09297668e-06 5.64714572e-08 1.88433583e-04 8.06977051e-06
  6.89276807e-07 3.92349119e-06 3.05266747e-07 2.29284117e-07]]
Done!, time = 4.269178152084351s
