Begin!
Data shape = (250000, 5)
Begin sort function!
In centrality 0
In centrality 1
In centrality 2
In centrality 3
In centrality 4
In centrality 5
In centrality 6
end function sorter
Data shape = (250000, 5)
Begin sort function!
In centrality 0
In centrality 1
In centrality 2
In centrality 3
In centrality 4
In centrality 5
In centrality 6
end function sorter
Data shape = (250000, 5)
Begin sort function!
In centrality 0
In centrality 1
In centrality 2
In centrality 3
In centrality 4
In centrality 5
In centrality 6
end function sorter
Data shape = (250000, 5)
Begin sort function!
In centrality 0
In centrality 1
In centrality 2
In centrality 3
In centrality 4
In centrality 5
In centrality 6
end function sorter
Final results shape = (4, 7, 12)
mean value:
[[ 1.12082802e-02  9.75493886e-03  1.55367359e-02 -2.73610706e-08
   2.09890428e-07 -1.36030018e-07  8.67425358e-01  2.25659485e-03
   2.71324808e-05 -5.45895409e-05  2.59826916e-05 -2.26599046e-06]
 [ 1.19079770e-02  1.03907363e-02  1.63134379e-02 -1.58795288e-07
   2.14206249e-06 -1.34806662e-07  8.60857065e-01  2.23082624e-03
   2.61515440e-05 -5.23579798e-05  2.69507317e-05 -2.21928765e-06]
 [ 1.25500904e-02  1.10840491e-02  1.71598478e-02 -3.05000211e-06
   5.14110878e-07 -1.15277530e-07  8.56972097e-01  2.29185862e-03
   3.08269547e-05 -5.52215541e-05  2.90737814e-05 -2.46586635e-06]
 [ 1.30958214e-02  1.17623606e-02  1.78573623e-02 -4.14614853e-06
   1.65493151e-06 -5.41127102e-08  8.54121702e-01  2.31239757e-03
   2.93404307e-05 -4.83527690e-05  3.07522807e-05 -2.28574667e-06]
 [ 1.37098015e-02  1.25041386e-02  1.82747392e-02 -4.17483719e-06
   1.03979885e-07 -2.47703392e-08  8.52469905e-01  2.32831301e-03
   2.99194161e-05 -4.80656419e-05  3.25060557e-05 -2.29595016e-06]
 [ 1.45301096e-02  1.32777064e-02  1.87720474e-02 -5.61281579e-06
  -1.31258221e-06 -4.99198601e-08  8.51776741e-01  2.36321712e-03
   3.16969830e-05 -4.33922380e-05  3.46601251e-05 -2.26103461e-06]
 [ 1.50976787e-02  1.39958008e-02  1.91772226e-02 -8.48170327e-06
  -1.75938753e-06 -1.53826654e-07  8.51512937e-01  2.41803396e-03
   3.08342553e-05 -3.76952367e-05  3.69080729e-05 -2.00197168e-06]]
std error:
[[8.90963109e-05 4.66139080e-05 5.52051281e-05 1.63090107e-06
  1.42195922e-06 5.78162191e-08 2.16267735e-04 3.86470127e-05
  2.69175400e-06 4.64312994e-06 4.93358924e-07 2.50403316e-07]
 [6.97838868e-05 9.66930879e-05 6.26285908e-05 1.23723961e-06
  9.86890244e-07 3.44771682e-08 4.92582281e-04 2.24461081e-05
  3.94822961e-06 5.17137715e-06 6.19580376e-07 2.17413522e-07]
 [5.74436462e-05 8.78832004e-05 1.70496679e-04 1.31109201e-06
  1.82891748e-06 5.01842411e-08 3.22606320e-04 1.01703394e-05
  1.29087536e-06 2.93858431e-06 5.70343250e-07 1.05330553e-07]
 [5.72124498e-05 8.00773023e-05 1.04367541e-04 2.45572659e-06
  3.96459609e-06 5.91799688e-08 3.61293099e-04 1.69289695e-05
  1.19429242e-06 3.88222919e-06 5.59561008e-07 2.38937374e-07]
 [5.83191063e-05 8.14860581e-05 1.04642940e-04 2.41365653e-06
  1.30478686e-06 7.60141235e-08 1.46021213e-04 3.73066204e-05
  1.36493432e-06 2.47139280e-06 4.05271697e-07 2.02042013e-07]
 [7.94850653e-05 3.88173312e-05 1.92112747e-04 1.59149183e-06
  9.96903046e-07 1.23949855e-07 2.41766877e-04 2.59131560e-05
  1.61673209e-06 1.91649138e-06 6.08794226e-07 4.91366339e-08]
 [5.77182637e-05 3.42814730e-05 9.56511203e-05 1.30039945e-06
  1.62942046e-06 7.09271786e-08 5.96241208e-04 1.61230336e-05
  1.55773057e-06 3.42644412e-06 4.51598683e-07 1.16236269e-07]]
Done!, time = 4.43343710899353s
