Begin!
Data shape = (250000, 5)
Begin sort function!
In centrality 0
In centrality 1
In centrality 2
In centrality 3
In centrality 4
In centrality 5
In centrality 6
end function sorter
Data shape = (250000, 5)
Begin sort function!
In centrality 0
In centrality 1
In centrality 2
In centrality 3
In centrality 4
In centrality 5
In centrality 6
end function sorter
Data shape = (250000, 5)
Begin sort function!
In centrality 0
In centrality 1
In centrality 2
In centrality 3
In centrality 4
In centrality 5
In centrality 6
end function sorter
Data shape = (250000, 5)
Begin sort function!
In centrality 0
In centrality 1
In centrality 2
In centrality 3
In centrality 4
In centrality 5
In centrality 6
end function sorter
Final results shape = (4, 7, 12)
mean value:
[[ 1.34812952e-02  1.05686216e-02  1.58430876e-02  1.02139697e-06
  -1.41680899e-06 -2.53786498e-07  8.95466566e-01  6.52070197e-03
   2.61383103e-04 -9.34843674e-05  8.62219499e-05 -4.59752466e-06]
 [ 1.42236307e-02  1.11435144e-02  1.65641564e-02 -5.49133080e-06
  -5.31333653e-07 -1.83722492e-07  8.77368257e-01  6.21670646e-03
   2.40905053e-04 -9.27038670e-05  8.72788215e-05 -4.69182535e-06]
 [ 1.48241289e-02  1.17307513e-02  1.72809225e-02 -7.05540949e-06
  -6.13311280e-07 -1.74241073e-07  8.67108313e-01  6.22309018e-03
   2.40000642e-04 -9.94471273e-05  9.13289960e-05 -5.15228276e-06]
 [ 1.55189132e-02  1.23268437e-02  1.80469423e-02 -1.38595950e-05
  -1.44797627e-06 -1.71033536e-07  8.59048298e-01  6.29736636e-03
   2.50637413e-04 -1.00310298e-04  9.67646445e-05 -5.35909348e-06]
 [ 1.58890150e-02  1.28966174e-02  1.87074467e-02 -1.01872215e-05
  -3.51249574e-06 -1.33352936e-07  8.54159189e-01  6.34940930e-03
   2.53930649e-04 -9.89404404e-05  1.00483536e-04 -5.85984396e-06]
 [ 1.63932156e-02  1.34165949e-02  1.90792542e-02 -1.43978007e-05
  -3.01913477e-06 -1.21665290e-07  8.50823576e-01  6.45098330e-03
   2.52920499e-04 -1.00484054e-04  1.04820260e-04 -5.55643429e-06]
 [ 1.70990477e-02  1.38832867e-02  1.96999482e-02 -1.73408754e-05
  -4.15927341e-06  2.09078630e-08  8.49357626e-01  6.67636935e-03
   2.57938196e-04 -9.24373241e-05  1.12854370e-04 -5.41879209e-06]]
std error:
[[1.09427169e-04 1.04915592e-04 1.16778203e-04 3.69371156e-06
  1.24491381e-06 1.33399225e-07 6.43166539e-04 7.10842459e-05
  1.83795205e-05 1.15118001e-05 1.05726236e-06 6.00618567e-07]
 [1.10509384e-04 2.85226990e-05 2.14662196e-04 1.54428582e-06
  1.07148098e-06 2.12154122e-07 4.02398705e-04 8.50895918e-05
  1.75650384e-05 8.11920330e-06 1.46289029e-06 6.74593293e-07]
 [9.96058336e-05 7.79288838e-05 9.44999977e-05 1.30167758e-06
  2.29278744e-06 7.79905535e-08 7.71206527e-04 8.41912430e-05
  1.30343292e-05 3.77985902e-06 1.54161692e-06 3.44286273e-07]
 [7.98272317e-06 7.00101416e-05 1.38860388e-04 2.34472627e-06
  1.65240283e-06 9.18129494e-08 3.49308041e-04 9.25354895e-05
  1.35500961e-05 4.42760813e-06 1.49493797e-06 3.81388945e-07]
 [1.03025933e-04 6.28013258e-05 4.32108285e-05 2.40805932e-06
  8.12207307e-07 6.25141054e-08 2.83141281e-04 5.12540453e-05
  7.68089431e-06 5.55700714e-06 9.93084163e-07 4.93587760e-07]
 [1.04490281e-04 6.73904944e-05 1.15902881e-04 1.20630107e-06
  3.88569788e-06 1.02058628e-07 5.15743992e-04 9.32037595e-05
  1.27146158e-05 5.89103407e-06 9.66202041e-07 3.69358314e-07]
 [8.03570946e-05 6.54352911e-05 1.26115986e-04 2.04913275e-06
  3.17005638e-06 6.50705587e-08 3.26392204e-04 1.75001948e-05
  6.28745400e-06 8.64344717e-06 8.76013270e-07 5.58048193e-07]]
Done!, time = 4.449274063110352s
