Begin!
Data shape = (250000, 5)
Begin sort function!
In centrality 0
In centrality 1
In centrality 2
In centrality 3
In centrality 4
In centrality 5
In centrality 6
end function sorter
Data shape = (250000, 5)
Begin sort function!
In centrality 0
In centrality 1
In centrality 2
In centrality 3
In centrality 4
In centrality 5
In centrality 6
end function sorter
Data shape = (250000, 5)
Begin sort function!
In centrality 0
In centrality 1
In centrality 2
In centrality 3
In centrality 4
In centrality 5
In centrality 6
end function sorter
Data shape = (250000, 5)
Begin sort function!
In centrality 0
In centrality 1
In centrality 2
In centrality 3
In centrality 4
In centrality 5
In centrality 6
end function sorter
Final results shape = (4, 7, 12)
mean value:
[[ 1.45094788e-02  9.53975902e-03  1.36790228e-02  6.21144398e-05
   3.00192605e-07 -7.09949570e-07  9.23086621e-01  1.17796763e-03
  -4.50569879e-07 -1.92192444e-04  2.10615050e-05 -1.21622542e-05]
 [ 1.60948004e-02  1.02452118e-02  1.46862073e-02  5.36720233e-05
   1.49236958e-06 -9.93286048e-07  9.18956062e-01  1.19545036e-03
   2.41171754e-06 -2.03102870e-04  2.30086308e-05 -1.36015617e-05]
 [ 1.71167048e-02  1.07545365e-02  1.54300689e-02  4.59922900e-05
  -1.51871454e-07 -1.11490788e-06  9.16553270e-01  1.20443338e-03
   3.78164782e-06 -2.04699434e-04  2.39803784e-05 -1.39318437e-05]
 [ 1.80790300e-02  1.15609906e-02  1.62073797e-02  3.78887636e-05
   9.17780374e-07 -9.54965374e-07  9.14550126e-01  1.24387494e-03
   4.78194415e-06 -2.03401015e-04  2.52333218e-05 -1.44325173e-05]
 [ 1.89384660e-02  1.21960361e-02  1.69426725e-02  3.01429083e-05
   8.13608028e-07 -7.88443151e-07  9.13585351e-01  1.27223407e-03
   4.88241109e-06 -1.97573540e-04  2.69242687e-05 -1.45252249e-05]
 [ 1.97276214e-02  1.28958125e-02  1.75793502e-02  2.72338674e-05
   1.66499538e-07 -1.02889090e-06  9.12904444e-01  1.30143449e-03
   6.33051106e-06 -1.99515672e-04  2.82303413e-05 -1.50982823e-05]
 [ 2.05709337e-02  1.37112817e-02  1.81512102e-02  2.36646595e-05
  -2.37741776e-06 -9.38984584e-07  9.12455647e-01  1.34777208e-03
   7.00284407e-06 -1.92975857e-04  2.99346375e-05 -1.53567110e-05]]
std error:
[[1.79148159e-04 7.51251071e-05 8.68264565e-05 2.16633602e-06
  1.41901836e-06 2.31913081e-07 3.86771063e-04 2.09807183e-05
  4.86494868e-07 6.55688979e-06 7.65731569e-07 5.86837142e-07]
 [2.85528909e-04 2.68234303e-05 1.04583703e-04 5.96642560e-06
  1.21027280e-06 2.92541209e-07 2.26102199e-04 1.08982285e-05
  7.76130759e-07 1.16211335e-05 7.31447607e-07 1.12275986e-06]
 [7.80631887e-05 3.94089134e-05 6.14206225e-05 3.52580492e-06
  1.71984798e-06 2.31657237e-07 1.38707021e-04 1.38687586e-05
  4.25039127e-07 6.03562384e-06 3.95008035e-07 5.90924975e-07]
 [1.10051878e-04 6.96929852e-05 5.98973324e-05 3.53892145e-06
  1.70508528e-06 2.08681031e-07 3.59742079e-04 1.64381290e-05
  3.74830933e-07 5.07295952e-06 3.06293072e-07 4.49946487e-07]
 [1.36150347e-04 7.58579637e-05 7.26719542e-05 4.48430550e-06
  1.38579349e-06 3.13182879e-07 2.46541167e-04 6.78934398e-06
  9.36005400e-07 3.97743128e-06 5.68436680e-07 4.31734397e-07]
 [1.42200166e-04 5.82970993e-05 1.02792738e-04 3.42940266e-06
  1.19366315e-06 1.90128112e-07 1.40538957e-04 1.25681393e-05
  2.57321940e-07 5.90669709e-06 4.32020259e-07 5.36993608e-07]
 [5.92053402e-05 5.55455170e-05 1.08053813e-04 6.06638470e-06
  1.69882679e-06 3.97365554e-07 1.57322484e-04 8.23352661e-06
  5.16046974e-07 6.85467911e-06 5.22643165e-07 5.40300904e-07]]
Done!, time = 3.583576202392578s
