Begin!
Data shape = (250000, 5)
Begin sort function!
In centrality 0
In centrality 1
In centrality 2
In centrality 3
In centrality 4
In centrality 5
In centrality 6
end function sorter
Data shape = (250000, 5)
Begin sort function!
In centrality 0
In centrality 1
In centrality 2
In centrality 3
In centrality 4
In centrality 5
In centrality 6
end function sorter
Data shape = (250000, 5)
Begin sort function!
In centrality 0
In centrality 1
In centrality 2
In centrality 3
In centrality 4
In centrality 5
In centrality 6
end function sorter
Data shape = (250000, 5)
Begin sort function!
In centrality 0
In centrality 1
In centrality 2
In centrality 3
In centrality 4
In centrality 5
In centrality 6
end function sorter
Final results shape = (4, 7, 12)
mean value:
[[ 1.32928846e-02  9.64495279e-03  1.49005130e-02  4.24441417e-05
  -4.48392075e-07 -3.90536038e-07  8.57647353e-01  8.78249888e-04
  -1.37245751e-07 -1.42712561e-04  1.42317568e-05 -8.18679313e-06]
 [ 1.48810551e-02  1.03103200e-02  1.61781237e-02  4.17504712e-05
   1.09831993e-06 -6.19104315e-07  8.54128810e-01  8.92583546e-04
   9.97773827e-07 -1.50359046e-04  1.56453493e-05 -9.20735699e-06]
 [ 1.58201464e-02  1.10690749e-02  1.68783981e-02  3.12877196e-05
   1.46774661e-06 -7.12279956e-07  8.52293722e-01  9.18607426e-04
   1.65314759e-06 -1.49246389e-04  1.66375654e-05 -9.35499601e-06]
 [ 1.68686955e-02  1.18428240e-02  1.76955860e-02  2.67323227e-05
   1.23602774e-06 -7.79990394e-07  8.50606962e-01  9.38031309e-04
   2.38380820e-06 -1.50496537e-04  1.77027109e-05 -9.89782898e-06]
 [ 1.76505300e-02  1.27077600e-02  1.82425905e-02  2.28699847e-05
   1.64653493e-06 -6.97677938e-07  8.49749574e-01  9.65222062e-04
   2.61409699e-06 -1.45816502e-04  1.88987334e-05 -9.98786394e-06]
 [ 1.85075109e-02  1.34827825e-02  1.88983121e-02  2.14021436e-05
  -3.84985858e-07 -7.97737966e-07  8.49345978e-01  9.82918331e-04
   3.68318671e-06 -1.47453747e-04  2.01000829e-05 -1.06382694e-05]
 [ 1.94336303e-02  1.43482692e-02  1.93907577e-02  1.07846017e-05
  -2.16221810e-06 -4.22974289e-07  8.48864160e-01  1.01249355e-03
   3.46359032e-06 -1.42816989e-04  2.14844034e-05 -1.06652101e-05]]
std error:
[[1.25992106e-04 4.29502463e-05 4.23162517e-05 1.71434991e-06
  1.18255592e-06 5.51441073e-08 1.97663312e-04 4.98860310e-06
  4.89536053e-07 4.18882026e-06 2.77456823e-07 2.84214330e-07]
 [4.23088464e-05 1.11232318e-04 1.63460482e-04 2.43006567e-06
  2.15955911e-06 3.08170980e-07 1.58839891e-04 8.71453727e-06
  2.66467534e-07 2.59771554e-06 2.20113397e-07 3.80863670e-07]
 [1.41981702e-04 8.34964532e-05 1.02000855e-04 3.85524403e-06
  9.62935047e-07 2.76763577e-08 2.90341114e-04 1.18495551e-05
  2.43146361e-07 5.51839661e-06 3.43144750e-07 4.65676792e-07]
 [6.08476355e-05 7.85942853e-05 1.72712178e-04 1.94645087e-06
  1.51453510e-06 1.44039930e-07 1.15531030e-04 8.22372343e-06
  2.30038356e-07 2.53416469e-06 2.63044551e-07 2.58196032e-07]
 [1.27535249e-04 4.81788185e-05 1.24183499e-04 7.35110852e-06
  1.78820520e-06 1.28898026e-07 1.15811585e-04 1.31716580e-05
  2.99732289e-07 5.66853787e-06 3.79901730e-07 5.23875283e-07]
 [9.65689443e-05 4.38334608e-05 1.35103220e-04 2.24972414e-06
  2.09115657e-06 9.09832496e-08 2.38141634e-04 5.24783335e-06
  1.61955880e-07 2.64001546e-06 2.24339785e-07 1.86406246e-07]
 [1.53907304e-04 7.47956565e-05 9.15879642e-05 6.46092682e-06
  8.65836728e-07 1.34559093e-07 2.60597181e-04 5.06308612e-06
  6.80088271e-07 4.26128478e-06 2.83397123e-07 5.76177473e-07]]
Done!, time = 3.9722208976745605s
