Begin!
Data shape = (250000, 5)
Begin sort function!
In centrality 0
In centrality 1
In centrality 2
In centrality 3
In centrality 4
In centrality 5
In centrality 6
end function sorter
Data shape = (250000, 5)
Begin sort function!
In centrality 0
In centrality 1
In centrality 2
In centrality 3
In centrality 4
In centrality 5
In centrality 6
end function sorter
Data shape = (250000, 5)
Begin sort function!
In centrality 0
In centrality 1
In centrality 2
In centrality 3
In centrality 4
In centrality 5
In centrality 6
end function sorter
Data shape = (250000, 5)
Begin sort function!
In centrality 0
In centrality 1
In centrality 2
In centrality 3
In centrality 4
In centrality 5
In centrality 6
end function sorter
Final results shape = (4, 7, 12)
mean value:
[[ 1.11129470e-02  1.05096149e-02  1.56957612e-02 -1.79526748e-06
  -1.23381171e-06 -5.52865796e-08  8.92815884e-01  6.05306648e-03
   2.07300281e-04 -5.18168702e-05  6.68641494e-05 -2.09906125e-06]
 [ 1.16840704e-02  1.11294178e-02  1.66374528e-02 -2.75768806e-06
   4.50919652e-08  1.81994601e-08  8.74481714e-01  5.77215194e-03
   1.91163103e-04 -5.44240533e-05  6.63732757e-05 -2.37380392e-06]
 [ 1.22068978e-02  1.16684127e-02  1.72679196e-02 -3.82266247e-06
  -1.25460096e-06 -5.65783251e-08  8.65254232e-01  5.80190172e-03
   1.88276791e-04 -4.52265410e-05  6.98085362e-05 -2.03868368e-06]
 [ 1.27675486e-02  1.22383040e-02  1.79471310e-02 -5.81467117e-06
  -3.68332988e-07  2.37584491e-08  8.57784168e-01  5.87642061e-03
   2.05735497e-04 -4.39888127e-05  7.47585198e-05 -2.09151100e-06]
 [ 1.32608318e-02  1.28216068e-02  1.84205564e-02 -7.33975317e-06
  -1.05039997e-06  6.51821337e-08  8.53509543e-01  5.95572199e-03
   2.04570275e-04 -4.59012488e-05  7.82313529e-05 -2.06365308e-06]
 [ 1.36744785e-02  1.33683837e-02  1.89705907e-02 -6.93833026e-06
  -1.43709424e-06  3.35814712e-08  8.51302959e-01  6.03427429e-03
   1.99627064e-04 -4.46593997e-05  8.19285755e-05 -2.16261463e-06]
 [ 1.41183902e-02  1.38283631e-02  1.94925968e-02 -5.70040449e-06
  -3.27218614e-06 -6.26339013e-08  8.48978267e-01  6.20265957e-03
   2.13160354e-04 -5.08738720e-05  8.63606704e-05 -2.58599653e-06]]
std error:
[[6.33192096e-05 7.83235624e-05 8.20461407e-05 1.61655660e-06
  1.58506895e-06 5.65521267e-08 8.08934899e-04 3.82466080e-05
  1.04692114e-05 8.40476432e-06 1.47361915e-07 4.79075670e-07]
 [1.20718733e-04 6.84408199e-05 6.80777765e-05 2.91758217e-06
  1.32383916e-06 5.99905333e-08 7.66145263e-04 7.44382814e-05
  1.62148997e-05 7.99196479e-06 1.84323578e-06 3.76511078e-07]
 [5.99610525e-05 2.46864008e-05 4.16980761e-05 7.13334640e-07
  2.28216301e-06 4.59013282e-08 4.71503912e-04 3.13185471e-05
  7.83930098e-06 9.85472191e-06 6.62901824e-07 5.46959056e-07]
 [1.18820869e-04 9.32047226e-05 1.13497303e-04 7.04822256e-07
  1.70978081e-06 9.26793623e-08 1.85153076e-04 1.89553684e-05
  7.60936873e-06 5.71514475e-06 6.69864858e-07 2.76339832e-07]
 [2.85521774e-05 8.48390190e-05 7.25534683e-05 1.73954215e-06
  5.82577463e-07 8.66154228e-08 2.26879064e-04 5.19600722e-05
  9.01746254e-06 3.39955678e-06 3.54499649e-07 2.50270080e-07]
 [8.05524158e-05 9.96009879e-05 1.13892423e-05 1.23233605e-06
  1.85229764e-06 5.40545815e-08 2.71297956e-04 5.38173579e-05
  1.03931468e-05 6.35988387e-06 1.02088167e-06 5.04050862e-07]
 [8.23144342e-05 5.45489387e-05 1.64904419e-04 3.08929694e-06
  2.54657109e-06 2.62419180e-08 6.41462961e-04 5.62340999e-05
  7.11067052e-06 4.48608109e-06 1.82203361e-06 4.19502002e-07]]
Done!, time = 2.4540650844573975s
