Begin!
Data shape = (250000, 5)
Begin sort function!
In centrality 0
In centrality 1
In centrality 2
In centrality 3
In centrality 4
In centrality 5
In centrality 6
end function sorter
Data shape = (250000, 5)
Begin sort function!
In centrality 0
In centrality 1
In centrality 2
In centrality 3
In centrality 4
In centrality 5
In centrality 6
end function sorter
Data shape = (250000, 5)
Begin sort function!
In centrality 0
In centrality 1
In centrality 2
In centrality 3
In centrality 4
In centrality 5
In centrality 6
end function sorter
Data shape = (250000, 5)
Begin sort function!
In centrality 0
In centrality 1
In centrality 2
In centrality 3
In centrality 4
In centrality 5
In centrality 6
end function sorter
Final results shape = (4, 7, 12)
mean value:
[[ 1.20080711e-02  9.45481428e-03  1.51713930e-02  1.81771023e-05
   9.14241634e-07 -1.80903703e-07  9.59152586e-01  9.93586092e-03
   6.00211507e-04 -7.87921927e-05  1.16857310e-04 -4.03846244e-06]
 [ 1.31479236e-02  1.04215109e-02  1.62402198e-02  1.37355835e-05
   1.30341746e-07 -1.94583777e-07  9.36543104e-01  9.29337116e-03
   5.50152002e-04 -6.99749618e-05  1.19513476e-04 -3.96079966e-06]
 [ 1.37783817e-02  1.10972434e-02  1.70601961e-02  9.70192585e-06
   1.73983690e-06 -2.70286445e-07  9.25966087e-01  9.46888557e-03
   5.72356040e-04 -8.09912529e-05  1.28052416e-04 -4.32326365e-06]
 [ 1.46137386e-02  1.18991973e-02  1.77029849e-02  1.28382008e-05
   1.74571812e-06 -2.89351575e-07  9.18822783e-01  9.63885911e-03
   6.06776904e-04 -7.96050083e-05  1.39514906e-04 -4.73771490e-06]
 [ 1.53972213e-02  1.26956054e-02  1.81813163e-02  1.20043454e-05
   2.24480111e-06 -3.66706337e-07  9.15341048e-01  9.80439125e-03
   6.09636449e-04 -7.86208651e-05  1.47986112e-04 -4.85401122e-06]
 [ 1.62787841e-02  1.33790238e-02  1.88344545e-02  7.20391885e-06
   1.11024579e-06 -2.51627704e-07  9.14744216e-01  1.00683730e-02
   6.16249254e-04 -7.86468315e-05  1.60594712e-04 -5.12044469e-06]
 [ 1.68587314e-02  1.40008035e-02  1.90160186e-02  5.01835570e-06
   5.13841913e-07 -3.91823018e-07  9.16018384e-01  1.03979309e-02
   6.39168020e-04 -7.55485344e-05  1.72109914e-04 -4.87275387e-06]]
std error:
[[9.48499261e-05 3.04941743e-05 8.22054062e-05 5.01302204e-06
  1.21696397e-06 1.00218215e-07 9.77693309e-04 4.09340389e-05
  1.73627642e-05 8.21923950e-06 3.37109917e-06 4.68114349e-07]
 [8.61118194e-05 9.77806410e-05 8.41919022e-05 4.82311137e-06
  1.82398812e-06 5.63017044e-08 1.35446845e-03 1.61194369e-04
  1.74852597e-05 6.17440304e-06 1.30296439e-06 3.30830314e-07]
 [9.20375582e-05 4.28302989e-05 7.11498010e-05 1.42001576e-06
  2.19042527e-06 7.55874856e-08 8.21445928e-04 5.30814751e-05
  1.56992899e-05 8.08556518e-06 5.98110703e-07 4.93108595e-07]
 [7.38205308e-05 7.24466066e-05 9.72307158e-05 3.73408205e-06
  1.05797866e-06 8.61021805e-08 5.73350808e-04 8.97504094e-05
  2.29165885e-05 3.45197044e-06 1.67872314e-06 1.59824340e-07]
 [4.56652914e-05 2.74204968e-05 7.24872831e-05 3.51839694e-06
  2.91801108e-06 6.06533810e-08 5.61100218e-04 6.07202166e-05
  2.07006267e-05 3.89652797e-06 1.05873838e-06 2.45330124e-07]
 [4.29914305e-05 3.30563070e-05 7.98637164e-05 4.07833065e-06
  7.88943927e-07 9.65549431e-08 2.22210761e-04 8.18200293e-05
  1.63119127e-05 1.24890006e-05 4.13774406e-07 1.00525661e-06]
 [2.32626074e-05 6.69416292e-05 1.40234302e-04 5.08443296e-06
  1.12819613e-06 1.37008660e-07 1.50948196e-04 5.65736938e-05
  2.08246592e-05 8.29619916e-06 1.17036844e-06 7.26283691e-07]]
Done!, time = 4.137153387069702s
