Begin!
Data shape = (250000, 5)
Begin sort function!
In centrality 0
In centrality 1
In centrality 2
In centrality 3
In centrality 4
In centrality 5
In centrality 6
end function sorter
Data shape = (250000, 5)
Begin sort function!
In centrality 0
In centrality 1
In centrality 2
In centrality 3
In centrality 4
In centrality 5
In centrality 6
end function sorter
Data shape = (250000, 5)
Begin sort function!
In centrality 0
In centrality 1
In centrality 2
In centrality 3
In centrality 4
In centrality 5
In centrality 6
end function sorter
Data shape = (250000, 5)
Begin sort function!
In centrality 0
In centrality 1
In centrality 2
In centrality 3
In centrality 4
In centrality 5
In centrality 6
end function sorter
Final results shape = (4, 7, 12)
mean value:
[[ 1.38904905e-02  1.05313103e-02  1.57429952e-02  2.14756616e-05
  -1.23478097e-06 -3.75847483e-07  8.95517909e-01  6.61036411e-03
   2.71468720e-04 -1.11684827e-04  9.17920946e-05 -6.86303465e-06]
 [ 1.49152972e-02  1.12075509e-02  1.64640092e-02  1.78909768e-05
  -1.64849637e-06 -5.20226270e-07  8.76940381e-01  6.28533326e-03
   2.44659126e-04 -1.15384321e-04  9.36415109e-05 -7.09166215e-06]
 [ 1.55016013e-02  1.17375357e-02  1.72994916e-02  1.32740168e-05
  -1.99927790e-06 -3.65585592e-07  8.66327631e-01  6.21414038e-03
   2.43132144e-04 -1.16864745e-04  9.60044066e-05 -7.05460878e-06]
 [ 1.63216349e-02  1.22953949e-02  1.79238233e-02  1.12398678e-05
  -2.86816781e-06 -5.45527989e-07  8.58626558e-01  6.31758322e-03
   2.54909253e-04 -1.22741605e-04  1.01930933e-04 -7.72380869e-06]
 [ 1.68456269e-02  1.28596869e-02  1.85036475e-02  1.18572761e-05
  -1.95956022e-06 -4.73124953e-07  8.53943193e-01  6.41506713e-03
   2.57859747e-04 -1.21891208e-04  1.06976348e-04 -7.87394058e-06]
 [ 1.72568148e-02  1.34468594e-02  1.91249139e-02  6.56759819e-06
  -1.84093222e-06 -6.55039247e-07  8.50579357e-01  6.51255889e-03
   2.59226995e-04 -1.32312828e-04  1.11321927e-04 -8.66300368e-06]
 [ 1.78838064e-02  1.39285713e-02  1.97842495e-02  5.02379379e-06
  -4.34352851e-06 -3.39758972e-07  8.49145853e-01  6.69655453e-03
   2.68876268e-04 -1.33900980e-04  1.18279754e-04 -9.13579020e-06]]
std error:
[[5.35481939e-05 2.00992412e-05 5.21668554e-05 2.95922883e-06
  9.98829315e-07 1.83514487e-07 3.41800964e-04 5.30964466e-05
  2.21531647e-05 1.54531538e-05 1.83557935e-06 1.18160056e-06]
 [6.08720356e-05 8.28402952e-05 6.92960619e-05 5.18089747e-06
  1.09058600e-06 8.28092296e-08 2.68106623e-04 7.54384659e-05
  1.25000779e-05 6.98647382e-06 2.18830609e-06 4.97497493e-07]
 [3.19326600e-05 2.99588500e-05 1.12233909e-04 2.52734644e-06
  1.66221010e-06 1.60588780e-07 1.74749431e-04 3.07845948e-05
  7.29725137e-06 5.25777259e-06 7.80687248e-07 2.34939507e-07]
 [6.37720874e-05 9.95916963e-05 1.29262875e-04 1.86961518e-06
  7.83180344e-07 4.17908538e-08 1.82862876e-04 2.83613767e-05
  4.60695923e-06 5.95810473e-06 1.12899968e-06 5.06214853e-07]
 [8.22744490e-05 5.08111683e-05 1.16652955e-04 3.01916910e-06
  1.59758027e-06 2.73658500e-07 1.47776208e-04 4.54703214e-05
  9.78057006e-06 1.08991980e-05 2.09972117e-06 8.06275104e-07]
 [1.11669090e-04 6.44384064e-05 1.45633966e-04 8.44069682e-07
  2.27728520e-06 1.87095074e-07 1.99952399e-04 4.29366654e-05
  1.13120136e-05 3.59278390e-06 1.37015337e-06 3.17517256e-07]
 [1.58227304e-04 9.31052647e-05 1.20366432e-04 3.34770982e-06
  1.31691619e-06 1.74155747e-07 3.41935697e-04 4.33662123e-05
  5.59292048e-06 1.03026857e-05 2.47223981e-06 6.92804348e-07]]
Done!, time = 4.35410737991333s
