Begin!
Data shape = (250000, 5)
Begin sort function!
In centrality 0
In centrality 1
In centrality 2
In centrality 3
In centrality 4
In centrality 5
In centrality 6
end function sorter
Data shape = (250000, 5)
Begin sort function!
In centrality 0
In centrality 1
In centrality 2
In centrality 3
In centrality 4
In centrality 5
In centrality 6
end function sorter
Data shape = (250000, 5)
Begin sort function!
In centrality 0
In centrality 1
In centrality 2
In centrality 3
In centrality 4
In centrality 5
In centrality 6
end function sorter
Data shape = (250000, 5)
Begin sort function!
In centrality 0
In centrality 1
In centrality 2
In centrality 3
In centrality 4
In centrality 5
In centrality 6
end function sorter
Final results shape = (4, 7, 12)
mean value:
[[ 1.18998792e-02  1.09517441e-02  1.56982434e-02  1.45330994e-06
   4.65360142e-07 -1.41027381e-07  8.20976489e-01  1.90226059e-03
   2.07765476e-05 -5.37893747e-05  2.26455651e-05 -2.32771441e-06]
 [ 1.25117701e-02  1.14546386e-02  1.65030158e-02  2.62027024e-06
  -6.32599651e-07 -1.35812270e-07  8.13676636e-01  1.85780010e-03
   1.96038853e-05 -5.08193208e-05  2.35914654e-05 -2.38544837e-06]
 [ 1.30022739e-02  1.18439510e-02  1.68636992e-02 -9.07818904e-11
  -6.57420505e-07 -1.16960924e-07  8.09263753e-01  1.87059910e-03
   1.91646978e-05 -4.58871980e-05  2.45579357e-05 -2.20239607e-06]
 [ 1.34731998e-02  1.22977327e-02  1.73915549e-02 -3.46848204e-06
  -2.58163762e-06 -4.86229077e-08  8.05311957e-01  1.88639805e-03
   2.06357237e-05 -4.85645345e-05  2.55911748e-05 -2.39299452e-06]
 [ 1.39814328e-02  1.27754938e-02  1.78551397e-02 -2.90124848e-06
  -4.21593310e-06 -1.47042319e-07  8.02884940e-01  1.92758748e-03
   2.20685887e-05 -4.31627222e-05  2.72332698e-05 -2.20212335e-06]
 [ 1.43471568e-02  1.30723891e-02  1.83203870e-02 -4.56769142e-06
  -4.32139443e-06 -1.10454842e-07  8.01140495e-01  1.94102406e-03
   2.06404471e-05 -4.57213487e-05  2.83372079e-05 -2.34295007e-06]
 [ 1.47781644e-02  1.35173239e-02  1.89115459e-02 -6.80359322e-06
  -4.44649941e-06 -1.64025218e-08  7.99362021e-01  1.96553341e-03
   2.26294627e-05 -4.24910864e-05  2.92190915e-05 -2.21920149e-06]]
std error:
[[8.88685453e-05 5.75721565e-05 1.05856826e-04 3.44201266e-06
  1.45684586e-06 6.53095496e-08 1.31075567e-04 3.39429249e-05
  8.20093680e-07 3.62355285e-06 6.43439454e-07 1.72758773e-07]
 [2.69404108e-05 2.81150263e-05 1.24698750e-04 3.53446509e-06
  9.04058442e-07 1.27054114e-07 1.30174399e-04 3.78478437e-05
  2.09226920e-06 1.33707411e-06 5.58800721e-07 9.75842294e-08]
 [8.92658150e-05 3.50036544e-05 9.52758603e-05 9.75646005e-07
  1.12908197e-06 8.25942495e-08 9.49286322e-05 8.23494864e-06
  1.05940071e-06 3.42592439e-06 1.72915962e-07 2.04042690e-07]
 [8.63516399e-05 7.04561445e-05 1.71660102e-04 2.93138026e-06
  6.50874473e-07 6.82734576e-08 4.15652496e-04 1.06935755e-05
  1.16261536e-06 6.35836837e-07 3.38308196e-07 1.14918980e-07]
 [7.88564202e-05 4.90177638e-05 6.24290147e-05 2.02444775e-06
  1.22985359e-06 5.61744402e-08 9.06552353e-05 9.43467127e-06
  1.45570391e-06 3.86529548e-06 1.08427402e-07 1.98672398e-07]
 [5.97925366e-05 5.42970901e-05 1.61627196e-04 4.04603879e-06
  2.16640741e-06 3.45600785e-08 1.74305346e-04 8.24831054e-06
  7.55390981e-07 1.80908171e-06 1.07905151e-07 1.51011141e-07]
 [8.72467633e-05 4.81035083e-05 4.74439386e-05 1.62280136e-06
  2.47582702e-06 6.56743887e-08 3.79706261e-04 1.02713015e-05
  9.41702101e-07 4.44004083e-06 3.82031106e-07 2.81793326e-07]]
Done!, time = 4.123806953430176s
