Begin!
Data shape = (250000, 5)
Begin sort function!
In centrality 0
In centrality 1
In centrality 2
In centrality 3
In centrality 4
In centrality 5
In centrality 6
end function sorter
Data shape = (250000, 5)
Begin sort function!
In centrality 0
In centrality 1
In centrality 2
In centrality 3
In centrality 4
In centrality 5
In centrality 6
end function sorter
Data shape = (250000, 5)
Begin sort function!
In centrality 0
In centrality 1
In centrality 2
In centrality 3
In centrality 4
In centrality 5
In centrality 6
end function sorter
Data shape = (250000, 5)
Begin sort function!
In centrality 0
In centrality 1
In centrality 2
In centrality 3
In centrality 4
In centrality 5
In centrality 6
end function sorter
Final results shape = (4, 7, 12)
mean value:
[[ 1.75113548e-02  1.09327689e-02  1.54475815e-02  1.41983646e-05
  -1.88609957e-06 -1.19875255e-06  9.05261520e-01  6.34440006e-03
   2.22556789e-04 -2.24783058e-04  1.10715338e-04 -1.47259806e-05]
 [ 1.88088510e-02  1.13712114e-02  1.62765105e-02 -6.32747958e-07
  -2.05390563e-06 -1.16130263e-06  8.85763144e-01  6.12293457e-03
   2.08648554e-04 -2.35948745e-04  1.14160599e-04 -1.57386143e-05]
 [ 1.96114327e-02  1.19350505e-02  1.70984311e-02 -6.76909386e-06
  -1.05235573e-06 -9.45045851e-07  8.74233302e-01  6.09876114e-03
   2.09433484e-04 -2.36328767e-04  1.19497024e-04 -1.66796111e-05]
 [ 2.02865225e-02  1.24461931e-02  1.78010130e-02 -1.33462058e-05
  -2.78397623e-06 -8.78076586e-07  8.65758926e-01  6.13434412e-03
   2.04510322e-04 -2.49488698e-04  1.24969969e-04 -1.79394628e-05]
 [ 2.09893863e-02  1.30288990e-02  1.85327899e-02 -1.74808776e-05
  -2.21737684e-06 -9.45472981e-07  8.60145187e-01  6.24965816e-03
   2.13001386e-04 -2.53135343e-04  1.29817438e-04 -1.85285411e-05]
 [ 2.14689101e-02  1.34253850e-02  1.91241121e-02 -2.21174141e-05
  -4.41621424e-06 -6.97257423e-07  8.56469930e-01  6.30522473e-03
   2.16680935e-04 -2.48191432e-04  1.34475696e-04 -1.87576113e-05]
 [ 2.20198883e-02  1.39396554e-02  1.96344885e-02 -2.67889509e-05
  -5.54926933e-06 -5.38694580e-07  8.53979839e-01  6.44283767e-03
   2.25622705e-04 -2.44470801e-04  1.40971819e-04 -1.86315652e-05]]
std error:
[[1.00963780e-04 2.45564210e-05 7.05338720e-05 9.10707465e-07
  3.73138415e-07 6.69394544e-08 1.93810977e-04 1.12759411e-04
  1.92657725e-05 1.11430827e-05 1.94323268e-06 1.07136318e-06]
 [1.72872495e-04 3.62298228e-05 9.70810331e-05 4.82814140e-06
  1.74468102e-06 3.49339101e-07 1.79496571e-04 6.50444119e-05
  1.29386366e-05 1.48935059e-05 2.11531555e-06 1.00903472e-06]
 [7.29601683e-05 8.27980659e-05 1.37004355e-04 2.95629261e-06
  3.32855458e-07 1.32632785e-07 4.28601091e-04 2.99301806e-05
  4.75644493e-06 8.19316602e-06 1.52740621e-06 7.70351411e-07]
 [8.79710793e-05 8.04487251e-05 4.88282166e-05 1.38755822e-06
  1.61859488e-06 2.90390820e-07 3.28686297e-04 5.72810358e-05
  8.73234848e-06 1.64613806e-05 1.45902468e-06 1.37835639e-06]
 [1.18959979e-04 6.41186565e-05 1.65333012e-04 2.04373596e-06
  1.46006535e-06 1.63090304e-07 1.76907829e-04 7.30103388e-05
  7.39644269e-06 1.56426706e-05 1.82505199e-06 1.02381639e-06]
 [9.30716620e-05 1.16747390e-04 3.74244728e-05 5.35371981e-06
  1.81653035e-06 1.31970242e-07 1.49311856e-04 5.56033982e-05
  1.10041030e-05 6.98898884e-06 1.84656185e-06 1.04744876e-06]
 [1.57218736e-04 9.11225062e-05 8.81875358e-05 5.77749577e-06
  1.20508182e-06 1.78193316e-07 4.00565790e-04 8.13091813e-05
  1.36445220e-05 9.13589023e-06 2.50340926e-06 1.03117011e-06]]
Done!, time = 3.802907943725586s
