Begin!
Data shape = (250000, 5)
Begin sort function!
In centrality 0
In centrality 1
In centrality 2
In centrality 3
In centrality 4
In centrality 5
In centrality 6
end function sorter
Data shape = (250000, 5)
Begin sort function!
In centrality 0
In centrality 1
In centrality 2
In centrality 3
In centrality 4
In centrality 5
In centrality 6
end function sorter
Data shape = (250000, 5)
Begin sort function!
In centrality 0
In centrality 1
In centrality 2
In centrality 3
In centrality 4
In centrality 5
In centrality 6
end function sorter
Data shape = (250000, 5)
Begin sort function!
In centrality 0
In centrality 1
In centrality 2
In centrality 3
In centrality 4
In centrality 5
In centrality 6
end function sorter
Final results shape = (4, 7, 12)
mean value:
[[ 1.69908272e-02  9.38628289e-03  1.44356399e-02  6.37550898e-05
   1.02539979e-06 -1.49753832e-06  9.35366322e-01  3.38239768e-03
   4.99633052e-05 -2.50733398e-04  6.13222806e-05 -1.74660494e-05]
 [ 1.87658114e-02  1.01860073e-02  1.56499968e-02  4.82938092e-05
   1.92517734e-06 -2.15721554e-06  9.25829271e-01  3.36317048e-03
   5.31329481e-05 -2.57926217e-04  6.64206394e-05 -1.86325629e-05]
 [ 1.99951166e-02  1.09713412e-02  1.65523106e-02  4.11347593e-05
   4.93566555e-07 -2.34968279e-06  9.20377705e-01  3.44825651e-03
   5.99966429e-05 -2.72698363e-04  7.15788625e-05 -2.05212454e-05]
 [ 2.10583506e-02  1.18204168e-02  1.74025912e-02  2.58013820e-05
   1.43622218e-06 -2.24723490e-06  9.16531965e-01  3.46994392e-03
   6.17503056e-05 -2.72967940e-04  7.60658499e-05 -2.09748394e-05]
 [ 2.19470619e-02  1.27142511e-02  1.82401417e-02  1.75232478e-05
   1.30318444e-06 -1.77721174e-06  9.14336308e-01  3.51692074e-03
   5.98138454e-05 -2.68782311e-04  7.95328605e-05 -2.15959214e-05]
 [ 2.26922187e-02  1.35067144e-02  1.87664768e-02  1.33755209e-05
  -1.11787817e-06 -2.46307636e-06  9.13560443e-01  3.60836305e-03
   6.53441844e-05 -2.66154796e-04  8.39194828e-05 -2.18221838e-05]
 [ 2.35104214e-02  1.43611448e-02  1.92422266e-02  1.44058924e-05
  -2.95956406e-06 -2.17522539e-06  9.13250382e-01  3.68708562e-03
   6.72793309e-05 -2.68583708e-04  8.89655504e-05 -2.30843391e-05]]
std error:
[[1.79306115e-04 6.01335665e-05 1.12392755e-04 6.60893798e-06
  5.59284094e-07 2.65501521e-07 3.90251096e-04 6.82850572e-06
  3.70090110e-06 7.94583769e-06 7.97246952e-07 9.97043288e-07]
 [1.72672492e-04 7.93955322e-05 1.58822604e-04 3.26764584e-06
  2.97683773e-06 4.13437214e-07 9.06542868e-05 4.22420462e-05
  2.25381605e-06 3.59044883e-06 5.40927295e-07 5.67420802e-07]
 [1.37097831e-04 9.57160637e-05 6.51373248e-05 2.94321550e-06
  5.53950396e-07 2.71121652e-07 2.99596916e-04 4.03364258e-05
  3.55941776e-06 7.30705116e-06 1.30938240e-06 5.57137729e-07]
 [8.31762865e-05 9.78140866e-05 3.92642934e-05 5.49604072e-06
  1.14254822e-06 3.23447471e-07 1.53773661e-04 2.75870843e-05
  2.44406051e-06 2.71002242e-06 3.68064770e-07 6.86404679e-08]
 [1.22315534e-04 4.71527980e-05 3.46807605e-05 1.94088593e-06
  1.71955050e-06 2.74077943e-07 1.90512698e-04 2.10903905e-05
  9.73747579e-07 6.58563479e-06 9.91788072e-07 6.21895400e-07]
 [1.14702753e-04 2.43013590e-05 7.42410711e-05 4.26789855e-06
  1.45687974e-06 9.77830643e-08 2.61713811e-04 3.50296066e-05
  3.68730280e-06 5.32254926e-06 1.09061795e-06 2.40998279e-07]
 [1.12074235e-04 4.92694188e-05 8.86272145e-05 4.86562587e-06
  6.64707531e-07 4.47979815e-07 2.79108151e-04 2.55750565e-05
  6.46103294e-07 4.44006053e-06 2.48270255e-07 3.63165395e-07]]
Done!, time = 4.419506788253784s
