Begin!
Data shape = (250000, 5)
Begin sort function!
In centrality 0
In centrality 1
In centrality 2
In centrality 3
In centrality 4
In centrality 5
In centrality 6
end function sorter
Data shape = (250000, 5)
Begin sort function!
In centrality 0
In centrality 1
In centrality 2
In centrality 3
In centrality 4
In centrality 5
In centrality 6
end function sorter
Data shape = (250000, 5)
Begin sort function!
In centrality 0
In centrality 1
In centrality 2
In centrality 3
In centrality 4
In centrality 5
In centrality 6
end function sorter
Data shape = (250000, 5)
Begin sort function!
In centrality 0
In centrality 1
In centrality 2
In centrality 3
In centrality 4
In centrality 5
In centrality 6
end function sorter
Final results shape = (4, 7, 12)
mean value:
[[ 1.74866864e-02  1.00922289e-02  1.54029380e-02  6.06893889e-05
  -2.53950384e-07 -1.96988727e-06  8.51560220e-01  6.21362034e-03
   2.59183624e-04 -1.72207368e-04  1.08417452e-04 -1.25779794e-05]
 [ 1.97180589e-02  1.08660682e-02  1.66333662e-02  4.35327624e-05
  -6.54224123e-07 -2.53057029e-06  8.31170347e-01  5.88024146e-03
   2.59041055e-04 -1.95128088e-04  1.13558849e-04 -1.49523334e-05]
 [ 2.09239925e-02  1.16971879e-02  1.76945622e-02  3.76018373e-05
   6.80013923e-08 -2.69319169e-06  8.20865035e-01  5.87680026e-03
   2.46140353e-04 -1.98377112e-04  1.21727998e-04 -1.58001764e-05]
 [ 2.21889330e-02  1.25078592e-02  1.87062100e-02  2.71851832e-05
   9.39209949e-07 -2.46844711e-06  8.12216070e-01  5.99227508e-03
   2.62167573e-04 -2.25017644e-04  1.30748903e-04 -1.89367822e-05]
 [ 2.31164967e-02  1.31839971e-02  1.93230431e-02  1.75097215e-05
  -3.50934000e-07 -2.64062412e-06  8.07739404e-01  6.10315520e-03
   2.64023166e-04 -2.29639074e-04  1.38934483e-04 -1.93050551e-05]
 [ 2.36965718e-02  1.38870388e-02  1.98659837e-02  1.39223386e-05
  -1.88394073e-06 -2.54798722e-06  8.04603298e-01  6.37393676e-03
   2.87697492e-04 -2.32566031e-04  1.48757953e-04 -1.96074679e-05]
 [ 2.47497448e-02  1.45064262e-02  2.03353943e-02 -5.03720271e-07
  -2.71015262e-07 -2.21893053e-06  8.02164446e-01  6.53170366e-03
   2.93944747e-04 -2.38421996e-04  1.60264426e-04 -2.07428945e-05]]
std error:
[[1.79920988e-04 4.86580757e-05 1.24022518e-04 3.27132070e-06
  1.97781891e-06 1.69210886e-07 2.85912407e-04 5.75078038e-05
  1.47670185e-05 1.00972855e-05 7.11534747e-07 7.49562690e-07]
 [2.07643120e-04 4.82585141e-05 1.70833739e-04 3.62157636e-06
  8.51305595e-07 2.60426051e-07 6.75952863e-04 1.13659209e-04
  1.74798584e-05 1.62363915e-05 3.06409558e-06 1.12257046e-06]
 [1.34058410e-04 4.73167214e-05 1.09134653e-04 3.23621102e-06
  8.85447163e-07 1.54807715e-07 5.84624987e-04 6.31013266e-05
  1.54572422e-05 5.01240318e-06 1.56577269e-06 5.76369072e-07]
 [1.03040457e-04 4.84733799e-05 4.86685791e-05 8.59406559e-06
  1.44237654e-06 5.03024583e-07 4.31256633e-04 2.26326704e-05
  8.28529790e-06 1.13037645e-05 1.29149994e-06 1.39490108e-06]
 [2.15763931e-04 9.67239204e-05 1.62993850e-04 8.73925968e-06
  1.97788968e-06 2.94602251e-07 2.78576801e-04 2.39682063e-05
  4.64348427e-06 5.50021977e-06 1.71503655e-06 3.95551566e-07]
 [7.28066473e-05 1.19972669e-04 1.06249363e-04 3.83047757e-06
  1.58619909e-06 2.48899842e-07 3.41709361e-04 5.42595542e-05
  1.31025676e-05 1.58049026e-05 6.21364645e-07 1.60000978e-06]
 [2.09830883e-04 4.49220471e-05 1.38567381e-04 1.06438232e-05
  2.25078697e-06 3.19920218e-07 5.67961208e-04 4.94074477e-05
  9.08195720e-06 1.83086050e-05 2.44202251e-06 1.83090130e-06]]
Done!, time = 4.051969766616821s
