Begin!
Data shape = (250000, 5)
Begin sort function!
In centrality 0
In centrality 1
In centrality 2
In centrality 3
In centrality 4
In centrality 5
In centrality 6
end function sorter
Data shape = (250000, 5)
Begin sort function!
In centrality 0
In centrality 1
In centrality 2
In centrality 3
In centrality 4
In centrality 5
In centrality 6
end function sorter
Data shape = (250000, 5)
Begin sort function!
In centrality 0
In centrality 1
In centrality 2
In centrality 3
In centrality 4
In centrality 5
In centrality 6
end function sorter
Data shape = (250000, 5)
Begin sort function!
In centrality 0
In centrality 1
In centrality 2
In centrality 3
In centrality 4
In centrality 5
In centrality 6
end function sorter
Final results shape = (4, 7, 12)
mean value:
[[ 1.12516379e-02  9.73616377e-03  1.56535460e-02  2.39028264e-06
   6.98517224e-07 -1.52760584e-07  8.66926948e-01  2.34741277e-03
   2.79912490e-05 -5.69035288e-05  2.67650811e-05 -2.40534458e-06]
 [ 1.18867702e-02  1.04047143e-02  1.64922343e-02 -1.19475849e-06
   1.36981572e-06 -1.48653600e-07  8.59947463e-01  2.35484653e-03
   3.05914781e-05 -5.72381852e-05  2.81739690e-05 -2.39380373e-06]
 [ 1.26033040e-02  1.10159967e-02  1.73815292e-02 -1.71811755e-07
   1.19933017e-06 -1.38642999e-07  8.55709953e-01  2.35631634e-03
   3.11715407e-05 -5.54412514e-05  2.98647174e-05 -2.54420585e-06]
 [ 1.31957305e-02  1.18741788e-02  1.78813720e-02 -6.30355981e-06
   1.93074926e-06 -4.31941098e-08  8.52778745e-01  2.41811179e-03
   3.40228366e-05 -4.74935942e-05  3.20328111e-05 -2.11866113e-06]
 [ 1.37426684e-02  1.25396209e-02  1.82840792e-02 -3.35632501e-06
   1.50769178e-07 -2.69275152e-08  8.51665552e-01  2.43627686e-03
   3.45413562e-05 -4.29058163e-05  3.37652259e-05 -2.00496894e-06]
 [ 1.45160087e-02  1.32237593e-02  1.87248619e-02 -6.61519876e-06
  -2.93277630e-07 -5.02206022e-08  8.50497097e-01  2.48519355e-03
   3.51997491e-05 -4.59471536e-05  3.66371618e-05 -2.34589516e-06]
 [ 1.52042155e-02  1.40271119e-02  1.93077641e-02 -8.24295854e-06
  -9.58113947e-07 -1.06636324e-08  8.49772189e-01  2.51222243e-03
   3.59828106e-05 -4.31945088e-05  3.85855167e-05 -2.32283242e-06]]
std error:
[[6.24583435e-05 9.93014353e-05 1.31062948e-04 1.18763781e-06
  4.70341046e-07 5.04737715e-08 4.07694344e-04 3.18713558e-05
  2.03933434e-06 5.89217439e-06 4.42411244e-07 2.40379017e-07]
 [1.31919058e-04 5.70864539e-05 1.72653230e-04 3.76366033e-06
  3.36481667e-07 6.53787138e-08 3.26477446e-04 2.43093543e-05
  1.96956533e-06 5.29045629e-06 3.47753222e-07 3.25053460e-07]
 [7.22921753e-05 3.85385438e-05 6.36523406e-05 1.37999731e-06
  2.36095427e-06 1.54537751e-08 2.81584303e-04 1.29336985e-05
  1.11490182e-06 4.19159290e-06 1.52589512e-07 1.72090209e-07]
 [3.13806181e-05 3.78850205e-05 3.58836700e-05 1.11729675e-06
  2.32639958e-06 3.75988991e-08 3.01695318e-04 7.07070139e-06
  1.80701500e-06 5.01942047e-07 3.90598814e-07 1.35424214e-07]
 [4.35769602e-05 5.45009039e-05 8.32371700e-05 2.06124085e-06
  3.10073440e-06 4.37382731e-08 3.92274880e-04 2.46243264e-05
  6.04859469e-07 2.15222883e-06 4.70194095e-07 1.22072244e-07]
 [2.35362964e-05 6.10346664e-05 1.40643378e-04 1.27794292e-06
  1.45309544e-06 6.07529984e-08 2.52741179e-04 1.96873327e-05
  2.24063719e-06 3.81207148e-06 8.62850137e-07 2.00858481e-07]
 [8.03884495e-05 7.50189691e-05 1.13577231e-04 2.06591582e-06
  1.89577111e-06 5.84053211e-08 2.24295998e-04 1.89688470e-05
  2.02524901e-06 6.68488559e-06 3.80930240e-07 3.19056033e-07]]
Done!, time = 4.068300485610962s
