Begin!
Data shape = (250000, 5)
Begin sort function!
In centrality 0
In centrality 1
In centrality 2
In centrality 3
In centrality 4
In centrality 5
In centrality 6
end function sorter
Data shape = (250000, 5)
Begin sort function!
In centrality 0
In centrality 1
In centrality 2
In centrality 3
In centrality 4
In centrality 5
In centrality 6
end function sorter
Data shape = (250000, 5)
Begin sort function!
In centrality 0
In centrality 1
In centrality 2
In centrality 3
In centrality 4
In centrality 5
In centrality 6
end function sorter
Data shape = (250000, 5)
Begin sort function!
In centrality 0
In centrality 1
In centrality 2
In centrality 3
In centrality 4
In centrality 5
In centrality 6
end function sorter
Final results shape = (4, 7, 12)
mean value:
[[ 1.37082496e-02  1.02795612e-02  1.43779119e-02  3.53789894e-05
   1.98647987e-06 -8.51810693e-07  8.10231218e-01  7.27266811e-04
  -3.15193601e-06 -1.46514040e-04  1.32221605e-05 -8.20258469e-06]
 [ 1.52214525e-02  1.08401069e-02  1.54033460e-02  2.78697373e-05
  -3.46368102e-07 -7.66267849e-07  8.06345708e-01  7.54087548e-04
  -1.66413805e-06 -1.52578946e-04  1.42186152e-05 -9.01706794e-06]
 [ 1.62335249e-02  1.13698280e-02  1.62255918e-02  1.55910175e-05
   8.10368708e-07 -7.62143378e-07  8.04005659e-01  7.74873530e-04
  -1.03982283e-06 -1.56020861e-04  1.50541570e-05 -9.40540611e-06]
 [ 1.71560412e-02  1.20695129e-02  1.71303105e-02  8.54483897e-06
  -1.39695118e-06 -8.17831765e-07  8.02172363e-01  7.90922501e-04
   1.56005208e-07 -1.52091613e-04  1.56607598e-05 -9.57226002e-06]
 [ 1.79017224e-02  1.25782149e-02  1.77109399e-02  5.28921000e-06
  -2.57598418e-07 -7.78562938e-07  8.00876538e-01  8.04113703e-04
   7.71689095e-07 -1.49188274e-04  1.61961942e-05 -9.76116441e-06]
 [ 1.85601470e-02  1.31418396e-02  1.82010787e-02 -1.79966319e-06
  -2.35535670e-06 -5.06396619e-07  8.00027973e-01  8.20532555e-04
   1.33594389e-06 -1.44149617e-04  1.69147387e-05 -9.77765465e-06]
 [ 1.93428344e-02  1.38376506e-02  1.87882557e-02 -5.03337270e-06
  -3.73598449e-06 -6.14866152e-07  7.99245946e-01  8.39666711e-04
   1.57973100e-06 -1.47997231e-04  1.78403615e-05 -1.03666736e-05]]
std error:
[[4.70304060e-05 1.21823165e-04 1.21183538e-04 3.48513024e-06
  1.64394349e-06 6.52076498e-08 3.74726133e-04 5.28377041e-06
  2.39652032e-07 1.37256652e-06 1.16594540e-07 1.51563904e-07]
 [1.43598126e-04 8.15801095e-05 7.62606479e-05 3.51482870e-06
  1.65270119e-06 2.32872216e-07 2.34271849e-04 1.03130012e-05
  4.38871293e-07 7.36786150e-06 4.39622900e-07 4.82659948e-07]
 [1.73891992e-04 6.64081705e-05 7.90445842e-05 1.31121005e-06
  1.47899747e-06 6.99523907e-08 2.89918679e-04 5.07757228e-06
  2.04524044e-07 3.22944241e-06 2.97448819e-07 2.79279079e-07]
 [8.71533457e-05 5.61422958e-05 7.66417064e-05 2.90900805e-06
  1.02481814e-06 8.64410541e-08 1.35614293e-04 8.17178486e-06
  1.68710590e-07 2.11657759e-06 1.89035925e-07 1.03181185e-07]
 [1.69144244e-04 5.00610399e-05 1.29393357e-04 4.26772427e-06
  6.83064785e-07 1.01370468e-07 1.46939641e-04 3.20606395e-06
  9.31909116e-08 4.27257920e-06 2.04195870e-07 3.96374130e-07]
 [3.18284100e-05 5.88910569e-05 1.00237972e-04 3.05248283e-06
  1.66627502e-06 1.38010400e-07 1.74028390e-04 1.06381877e-05
  2.35583051e-07 4.96821066e-06 2.00145578e-07 2.48545576e-07]
 [1.00404481e-04 5.48300240e-05 1.31059729e-04 4.65098746e-06
  1.93925013e-06 1.45179381e-07 1.90877568e-04 3.89011995e-06
  1.85221845e-07 3.24750372e-06 1.45360397e-07 3.73107885e-07]]
Done!, time = 4.290650367736816s
