Begin!
Data shape = (250000, 5)
Begin sort function!
In centrality 0
In centrality 1
In centrality 2
In centrality 3
In centrality 4
In centrality 5
In centrality 6
end function sorter
Data shape = (250000, 5)
Begin sort function!
In centrality 0
In centrality 1
In centrality 2
In centrality 3
In centrality 4
In centrality 5
In centrality 6
end function sorter
Data shape = (250000, 5)
Begin sort function!
In centrality 0
In centrality 1
In centrality 2
In centrality 3
In centrality 4
In centrality 5
In centrality 6
end function sorter
Data shape = (250000, 5)
Begin sort function!
In centrality 0
In centrality 1
In centrality 2
In centrality 3
In centrality 4
In centrality 5
In centrality 6
end function sorter
Final results shape = (4, 7, 12)
mean value:
[[ 1.61924864e-02  1.11298428e-02  1.57218145e-02  8.24450266e-05
  -7.47787937e-07 -7.39464446e-07  7.72817940e-01  8.53001916e-04
  -1.61486312e-06 -2.02581701e-04  1.84061537e-05 -1.46297217e-05]
 [ 1.81267357e-02  1.16448979e-02  1.65471787e-02  7.41268030e-05
   9.34494550e-08 -1.53174912e-06  7.68048644e-01  8.75901387e-04
   5.76921808e-07 -2.23083484e-04  1.99311267e-05 -1.68036151e-05]
 [ 1.97234349e-02  1.20261286e-02  1.71994231e-02  6.26075178e-05
  -1.28446248e-06 -1.71152204e-06  7.64745896e-01  8.85412969e-04
   9.53644779e-07 -2.32660070e-04  2.12410918e-05 -1.83849403e-05]
 [ 2.09048741e-02  1.25334141e-02  1.79859191e-02  5.02384938e-05
  -2.67635017e-06 -1.86705921e-06  7.61908070e-01  8.87211771e-04
   1.59503322e-06 -2.33499655e-04  2.17675816e-05 -1.88126414e-05]
 [ 2.18917132e-02  1.28710227e-02  1.85174752e-02  3.78388554e-05
  -1.22487404e-06 -2.16003118e-06  7.60070360e-01  8.94605054e-04
   2.82432563e-06 -2.31952594e-04  2.24045886e-05 -1.92407512e-05]
 [ 2.27110446e-02  1.33767662e-02  1.90704634e-02  3.23993673e-05
  -2.67904648e-06 -1.77258359e-06  7.58172569e-01  9.09050929e-04
   2.89434086e-06 -2.37101857e-04  2.32991730e-05 -2.02837649e-05]
 [ 2.35176592e-02  1.38035482e-02  1.96855763e-02  2.09652684e-05
  -2.83898362e-06 -1.93855715e-06  7.56891403e-01  9.19635747e-04
   3.68105532e-06 -2.34834126e-04  2.39848915e-05 -2.04805071e-05]]
std error:
[[1.56850373e-04 1.34315404e-04 1.92733666e-04 6.90264532e-06
  2.43167539e-06 2.44427603e-07 2.74645122e-05 9.31192597e-06
  5.30927461e-07 3.72575765e-06 2.39034807e-07 3.54856629e-07]
 [1.39387802e-04 8.40013263e-05 1.83375929e-04 6.70462686e-06
  2.06598414e-06 5.66431665e-07 2.73088785e-04 8.10219702e-06
  7.99777766e-07 5.18436307e-06 5.82982957e-07 6.23822832e-07]
 [4.88020314e-05 5.96315347e-05 3.52148132e-05 2.38337913e-06
  9.25584210e-07 7.75685167e-08 1.66892455e-04 4.08974103e-06
  2.06519700e-07 2.61067736e-06 1.54502929e-07 2.93164277e-07]
 [1.97279899e-04 3.99783186e-05 6.58347671e-05 2.48330800e-06
  7.81179500e-07 1.26273011e-07 2.09937035e-04 6.37781193e-06
  7.47816219e-08 3.79270459e-06 1.61411621e-07 4.76029521e-07]
 [4.15425183e-05 8.76681816e-05 1.06701126e-04 8.61897668e-06
  6.19900617e-07 2.52769608e-07 7.73917672e-05 2.49914654e-06
  3.19054071e-07 4.29819985e-06 1.25841349e-07 5.07611060e-07]
 [1.16262290e-04 5.65760154e-05 8.58647155e-05 6.85370175e-06
  2.53811531e-06 1.10482518e-07 2.09598624e-04 2.17098160e-06
  2.31303178e-07 4.72431003e-06 1.69054839e-07 6.23216787e-07]
 [1.18537697e-04 5.70615600e-05 1.36377713e-04 3.29018170e-06
  1.45393873e-06 1.87378758e-07 1.15497936e-04 3.08340184e-06
  3.48023875e-07 2.31059759e-06 2.03575036e-07 3.87413831e-07]]
Done!, time = 4.265240907669067s
