Begin!
Data shape = (250000, 5)
Begin sort function!
In centrality 0
In centrality 1
In centrality 2
In centrality 3
In centrality 4
In centrality 5
In centrality 6
end function sorter
Data shape = (250000, 5)
Begin sort function!
In centrality 0
In centrality 1
In centrality 2
In centrality 3
In centrality 4
In centrality 5
In centrality 6
end function sorter
Data shape = (250000, 5)
Begin sort function!
In centrality 0
In centrality 1
In centrality 2
In centrality 3
In centrality 4
In centrality 5
In centrality 6
end function sorter
Data shape = (250000, 5)
Begin sort function!
In centrality 0
In centrality 1
In centrality 2
In centrality 3
In centrality 4
In centrality 5
In centrality 6
end function sorter
Final results shape = (4, 7, 12)
mean value:
[[ 1.20676469e-02  1.09293426e-02  1.65257261e-02  1.08309142e-05
  -1.21824401e-06 -1.43443913e-07  7.99517594e-01  4.33577543e-03
   1.33444304e-04 -4.34723332e-05  5.21913169e-05 -2.14090651e-06]
 [ 1.28135655e-02  1.15880175e-02  1.73904809e-02  1.17578654e-05
  -1.33538191e-06 -2.10827043e-07  7.82585794e-01  4.08074211e-03
   1.27227938e-04 -3.12919904e-05  5.16689880e-05 -1.73096379e-06]
 [ 1.34675320e-02  1.20691476e-02  1.79379654e-02  1.17325345e-05
  -1.27396190e-06 -1.51791380e-07  7.73519240e-01  4.08996411e-03
   1.31247338e-04 -4.48247920e-05  5.44937640e-05 -2.38443236e-06]
 [ 1.39589642e-02  1.26281691e-02  1.86502066e-02  1.02772579e-05
  -7.94031035e-07 -2.30734807e-07  7.65988357e-01  4.10031206e-03
   1.26513253e-04 -4.29443558e-05  5.68140108e-05 -2.43398624e-06]
 [ 1.45880037e-02  1.29872027e-02  1.91270437e-02  9.47241865e-06
  -3.63478096e-06 -2.14840149e-07  7.61398367e-01  4.18169811e-03
   1.30681761e-04 -4.53965035e-05  6.06742313e-05 -2.86647461e-06]
 [ 1.50679079e-02  1.34182892e-02  1.94662054e-02  5.41838167e-06
  -3.08078339e-06 -1.93196720e-07  7.57017080e-01  4.20810897e-03
   1.35697242e-04 -4.98995643e-05  6.34427003e-05 -3.03481370e-06]
 [ 1.55129243e-02  1.39648234e-02  2.00904020e-02  8.10609543e-06
  -5.85877068e-06 -2.21697325e-07  7.54167788e-01  4.39701947e-03
   1.44874506e-04 -4.21224089e-05  6.75521871e-05 -2.91776693e-06]]
std error:
[[7.70873776e-05 6.11029195e-05 2.32942519e-04 1.27672881e-06
  6.59624550e-07 7.86156457e-08 4.80322460e-04 4.91558635e-05
  1.16925270e-05 6.27223361e-06 5.23649411e-07 2.91259094e-07]
 [7.06549386e-05 9.88015801e-05 1.43141506e-04 3.11852024e-06
  1.66162780e-06 1.18525043e-07 4.75203201e-04 6.59531419e-05
  9.11238432e-06 4.52395759e-06 7.11878194e-07 2.96194768e-07]
 [7.19206191e-05 5.51920310e-05 1.88980138e-05 1.05723406e-06
  2.42068051e-06 7.50551970e-08 4.06903440e-04 3.18451824e-05
  2.76800269e-06 3.35059419e-06 3.91846734e-07 2.83471706e-07]
 [8.96004642e-05 4.73672278e-05 1.38890788e-04 1.25805548e-06
  8.84951766e-07 4.53490602e-08 1.15055975e-04 2.82205200e-05
  2.43062620e-06 4.05661986e-06 6.08592679e-07 2.56973532e-07]
 [3.17516955e-05 9.93113592e-05 5.88142009e-05 3.70576871e-06
  1.55515086e-06 1.04325919e-07 2.27109819e-04 2.28362013e-05
  3.47838935e-06 3.17614359e-06 5.49519540e-07 3.49430497e-07]
 [8.94478320e-05 3.29400211e-05 6.76149343e-05 2.72946553e-06
  9.54413048e-07 1.10678215e-07 2.80564899e-04 3.08769676e-05
  7.79927312e-06 6.49184388e-06 8.14394780e-07 4.74025616e-07]
 [8.56323477e-05 5.18388690e-05 1.62101307e-04 2.89658382e-06
  1.67081167e-06 8.16385509e-08 3.86605258e-04 1.44935308e-05
  4.21610703e-06 4.85219983e-06 9.77746584e-07 5.02597006e-07]]
Done!, time = 4.0010085105896s
