Begin!
Data shape = (250000, 5)
Begin sort function!
In centrality 0
In centrality 1
In centrality 2
In centrality 3
In centrality 4
In centrality 5
In centrality 6
end function sorter
Data shape = (250000, 5)
Begin sort function!
In centrality 0
In centrality 1
In centrality 2
In centrality 3
In centrality 4
In centrality 5
In centrality 6
end function sorter
Data shape = (250000, 5)
Begin sort function!
In centrality 0
In centrality 1
In centrality 2
In centrality 3
In centrality 4
In centrality 5
In centrality 6
end function sorter
Data shape = (250000, 5)
Begin sort function!
In centrality 0
In centrality 1
In centrality 2
In centrality 3
In centrality 4
In centrality 5
In centrality 6
end function sorter
Final results shape = (4, 7, 12)
mean value:
[[ 1.57324023e-02  1.08856320e-02  1.59234248e-02  4.87634297e-05
  -6.26934712e-08 -8.21204939e-07  7.77427999e-01  1.61841170e-03
   1.04427526e-05 -1.53925536e-04  2.77100195e-05 -9.91249139e-06]
 [ 1.74149760e-02  1.14298815e-02  1.69163887e-02  4.42542940e-05
  -3.46437793e-07 -1.46895122e-06  7.70031374e-01  1.62770507e-03
   1.29955396e-05 -1.72102047e-04  3.05330944e-05 -1.17668254e-05]
 [ 1.85245353e-02  1.18785403e-02  1.76399335e-02  3.62731081e-05
  -2.19546857e-06 -1.48781989e-06  7.65093773e-01  1.63456532e-03
   1.27785772e-05 -1.75299547e-04  3.17627822e-05 -1.24948922e-05]
 [ 1.96366750e-02  1.25050498e-02  1.82988489e-02  2.72139460e-05
  -1.26766574e-06 -1.37226333e-06  7.61003214e-01  1.64081783e-03
   1.41175423e-05 -1.80215326e-04  3.39843858e-05 -1.33849655e-05]
 [ 2.03754370e-02  1.29502313e-02  1.89777973e-02  2.46522463e-05
   2.52469677e-07 -1.59197305e-06  7.58248699e-01  1.65064076e-03
   1.39413121e-05 -1.83250844e-04  3.53519018e-05 -1.38562972e-05]
 [ 2.12069942e-02  1.34611721e-02  1.95200907e-02  1.76248589e-05
  -1.86624114e-06 -1.51918538e-06  7.55782006e-01  1.67672110e-03
   1.50626253e-05 -1.86847053e-04  3.70283898e-05 -1.46693978e-05]
 [ 2.18753531e-02  1.40031780e-02  2.00358588e-02  1.38793288e-05
  -4.84725231e-06 -1.41498658e-06  7.53851753e-01  1.72165351e-03
   1.60670273e-05 -1.90320571e-04  3.89845526e-05 -1.52259662e-05]]
std error:
[[1.83928508e-04 5.79219152e-05 8.53541915e-05 2.33315060e-06
  9.76391007e-07 1.97912945e-07 5.85683795e-04 1.72355681e-05
  1.48343132e-06 1.50186726e-06 1.15276159e-07 1.95618553e-07]
 [1.53806533e-04 8.84014962e-05 2.62646613e-04 3.98834017e-06
  2.73219271e-06 1.67286091e-07 2.17409996e-04 1.21782943e-05
  7.70514464e-07 4.18741405e-06 3.23176911e-07 3.60224866e-07]
 [2.95246629e-05 6.70382967e-05 8.95948571e-05 4.93960657e-06
  5.93556401e-07 1.97127897e-07 1.34966467e-04 1.87840487e-05
  4.82750370e-07 3.54353759e-06 5.02412281e-07 3.97153948e-07]
 [8.32967992e-05 5.54759349e-05 8.24469483e-05 3.79985401e-06
  1.35425134e-06 7.25215501e-08 1.39916585e-04 1.08672803e-05
  1.14391618e-06 3.40067761e-06 1.94875744e-07 1.97737408e-07]
 [1.59313054e-04 8.76614945e-05 1.09708993e-04 5.81769659e-06
  1.20552318e-06 2.08656259e-07 2.72394160e-04 1.01124441e-05
  8.62662880e-07 7.38058341e-06 9.67962522e-07 8.93390335e-07]
 [5.85383451e-05 8.63921016e-05 1.19824287e-04 3.50422188e-06
  1.92438468e-06 1.01486708e-07 1.12245509e-04 1.85263516e-05
  1.46182692e-06 3.93697829e-06 2.15968442e-07 4.10998032e-07]
 [1.19304311e-04 8.22095175e-05 9.02571154e-05 4.31463292e-06
  1.06381517e-06 2.31420510e-07 2.85427494e-04 1.35016963e-05
  5.28206049e-07 5.54123273e-06 6.07403680e-07 6.15340941e-07]]
Done!, time = 3.8821661472320557s
