Begin!
Data shape = (250000, 5)
Begin sort function!
In centrality 0
In centrality 1
In centrality 2
In centrality 3
In centrality 4
In centrality 5
In centrality 6
end function sorter
Data shape = (250000, 5)
Begin sort function!
In centrality 0
In centrality 1
In centrality 2
In centrality 3
In centrality 4
In centrality 5
In centrality 6
end function sorter
Data shape = (250000, 5)
Begin sort function!
In centrality 0
In centrality 1
In centrality 2
In centrality 3
In centrality 4
In centrality 5
In centrality 6
end function sorter
Data shape = (250000, 5)
Begin sort function!
In centrality 0
In centrality 1
In centrality 2
In centrality 3
In centrality 4
In centrality 5
In centrality 6
end function sorter
Final results shape = (4, 7, 12)
mean value:
[[ 1.18253502e-02  9.73730778e-03  1.38161747e-02  4.49400799e-06
  -2.06119203e-06 -2.11647002e-07  9.32540101e-01  2.90054212e-03
   4.15072452e-05 -8.00521007e-05  3.51585378e-05 -3.60894975e-06]
 [ 1.25618358e-02  1.02662621e-02  1.47738242e-02 -1.01144399e-06
  -2.26873705e-08 -1.88071203e-07  9.25203441e-01  2.89412090e-03
   4.12923401e-05 -7.91034541e-05  3.66959353e-05 -3.57154364e-06]
 [ 1.31950502e-02  1.08525532e-02  1.53606748e-02  2.19907464e-07
   3.47360104e-07 -3.01926910e-07  9.21146727e-01  2.94504481e-03
   4.47980619e-05 -7.68016577e-05  3.94713971e-05 -3.69052508e-06]
 [ 1.38437384e-02  1.14805635e-02  1.60690038e-02 -4.03177590e-06
  -4.22956436e-07 -1.52857926e-07  9.17847117e-01  2.98339063e-03
   4.22840712e-05 -7.83855692e-05  4.22328490e-05 -3.86191701e-06]
 [ 1.44567260e-02  1.20867519e-02  1.65548158e-02 -4.95613822e-06
  -3.19250204e-08 -7.18124325e-08  9.15935554e-01  3.01823965e-03
   4.50514026e-05 -7.43618344e-05  4.44574594e-05 -3.80771437e-06]
 [ 1.51428404e-02  1.27284265e-02  1.71949495e-02 -5.89032857e-06
  -1.24958601e-07 -1.65396402e-07  9.15237514e-01  3.06495338e-03
   4.51130032e-05 -6.70272134e-05  4.68566032e-05 -3.62400962e-06]
 [ 1.57828379e-02  1.34003732e-02  1.77548238e-02 -7.17308224e-06
  -8.94650391e-07 -1.20643136e-07  9.14828129e-01  3.07618017e-03
   4.54419773e-05 -6.41008324e-05  4.90299668e-05 -3.74200652e-06]]
std error:
[[7.53250305e-05 1.45588351e-04 7.91993238e-05 3.09088876e-06
  1.42074874e-06 8.52388747e-08 4.85434107e-04 5.04552173e-05
  2.34035131e-06 4.50599401e-06 9.30997275e-07 2.25597980e-07]
 [1.10621187e-04 6.64366390e-05 2.03905291e-04 1.43270640e-06
  8.63763475e-07 7.13660742e-08 3.93669432e-04 4.51129801e-05
  2.75783916e-06 5.32753476e-06 1.07841253e-06 2.48737926e-07]
 [5.01552669e-05 7.37037281e-05 6.22459653e-05 2.78100466e-07
  7.41703563e-07 2.74015292e-08 2.12423070e-04 3.15620906e-05
  2.37591976e-06 5.47412122e-06 4.02093288e-07 2.18561010e-07]
 [4.24326814e-05 8.29340213e-05 1.06145868e-04 2.36265476e-06
  2.12903039e-06 4.57611931e-08 2.58331488e-04 2.54774845e-05
  1.91982115e-06 2.37005638e-06 4.76303651e-07 2.13399980e-07]
 [9.06594968e-05 5.18677535e-05 9.52454732e-05 1.78363759e-06
  1.61716299e-06 4.60882434e-08 4.45281439e-04 8.55231637e-06
  8.78214001e-07 7.27526338e-06 4.16557109e-07 4.03634075e-07]
 [9.69682702e-05 1.11747195e-04 8.24251039e-05 3.15752944e-06
  2.01760887e-06 8.03140667e-08 3.43179658e-04 2.30457515e-05
  2.62862666e-06 4.74990413e-06 6.83612263e-07 3.07732912e-07]
 [1.11439094e-04 8.08792901e-05 7.67810691e-05 3.24455352e-06
  1.31426257e-06 3.52996871e-08 3.12682927e-04 3.85639458e-05
  3.48957259e-06 6.66892291e-06 7.54136566e-07 4.12314300e-07]]
Done!, time = 4.221341133117676s
