Begin!
Data shape = (250000, 5)
Begin sort function!
In centrality 0
In centrality 1
In centrality 2
In centrality 3
In centrality 4
In centrality 5
In centrality 6
end function sorter
Data shape = (250000, 5)
Begin sort function!
In centrality 0
In centrality 1
In centrality 2
In centrality 3
In centrality 4
In centrality 5
In centrality 6
end function sorter
Data shape = (250000, 5)
Begin sort function!
In centrality 0
In centrality 1
In centrality 2
In centrality 3
In centrality 4
In centrality 5
In centrality 6
end function sorter
Data shape = (250000, 5)
Begin sort function!
In centrality 0
In centrality 1
In centrality 2
In centrality 3
In centrality 4
In centrality 5
In centrality 6
end function sorter
Final results shape = (4, 7, 12)
mean value:
[[ 1.47474978e-02  1.00254403e-02  1.57547618e-02  3.57500524e-05
   5.50339213e-07 -6.31370229e-07  8.47554510e-01  6.07744419e-03
   2.55566432e-04 -1.05046187e-04  8.78906636e-05 -6.56799212e-06]
 [ 1.59752142e-02  1.07950275e-02  1.69865097e-02  2.89132225e-05
   1.79242207e-06 -1.03163988e-06  8.28514689e-01  5.70482391e-03
   2.32068352e-04 -1.01603764e-04  9.04483166e-05 -6.77817466e-06]
 [ 1.70414232e-02  1.16710378e-02  1.77205282e-02  2.39243155e-05
   2.84568515e-07 -1.12519244e-06  8.18790303e-01  5.75671751e-03
   2.41387372e-04 -1.09266223e-04  9.69467075e-05 -7.32730807e-06]
 [ 1.80977499e-02  1.24526580e-02  1.84901861e-02  2.12750334e-05
   2.58534476e-07 -1.25720139e-06  8.10783307e-01  5.85786155e-03
   2.52854684e-04 -1.16038506e-04  1.03663246e-04 -7.75013428e-06]
 [ 1.88536594e-02  1.31249461e-02  1.92083367e-02  1.47568943e-05
   1.07171739e-06 -9.45848683e-07  8.06378629e-01  6.04686826e-03
   2.67558727e-04 -1.28299077e-04  1.13019443e-04 -9.34595577e-06]
 [ 1.96610632e-02  1.37045323e-02  1.97417678e-02  8.69210310e-06
  -8.70498016e-07 -9.32455023e-07  8.03424021e-01  6.13734434e-03
   2.61734758e-04 -1.28889876e-04  1.18957486e-04 -9.60248708e-06]
 [ 2.03246581e-02  1.42934276e-02  2.01729583e-02  8.44170006e-06
   4.38486736e-07 -9.80967446e-07  8.01730970e-01  6.36530314e-03
   2.79976164e-04 -1.29447269e-04  1.27138753e-04 -9.77818321e-06]]
std error:
[[6.41821138e-05 7.99261846e-05 6.51944253e-05 7.06252361e-06
  1.22355443e-06 1.36538577e-07 4.35162904e-04 5.29349885e-05
  1.38182736e-05 9.73535234e-06 1.29251659e-06 1.24828982e-06]
 [1.34783064e-04 3.39902778e-05 1.13493540e-04 3.51918608e-06
  1.99961240e-06 1.15882804e-07 3.94995690e-04 8.64837431e-05
  1.72523260e-05 5.92505691e-06 7.01067746e-07 7.43555724e-07]
 [5.45740322e-05 4.04396640e-05 6.76403331e-05 3.83352341e-06
  7.85451664e-07 3.57042368e-08 1.67889430e-04 1.99783152e-05
  7.49607673e-06 6.47539640e-06 3.87046783e-07 5.42034294e-07]
 [7.25883471e-05 8.76722237e-05 1.44943295e-04 2.38776472e-06
  3.24006558e-06 2.24041420e-07 6.44190021e-04 4.39381799e-05
  1.01972122e-05 8.70366958e-06 7.35927092e-07 3.17636003e-07]
 [1.06097192e-04 2.48516661e-05 1.35957171e-04 2.03180210e-06
  6.45512891e-07 3.73062033e-07 1.73936886e-04 7.74478048e-05
  1.78251119e-05 8.00062032e-06 1.39246047e-06 7.44216830e-07]
 [8.40805892e-05 6.73998734e-05 1.93635112e-04 5.84463925e-06
  2.20140799e-06 1.70299486e-07 2.76998327e-04 8.87097652e-05
  9.80601348e-06 3.63542803e-06 1.33299922e-06 5.10812097e-07]
 [4.97151383e-05 4.11468392e-05 7.66601667e-05 3.68851941e-06
  3.31318424e-06 2.15006055e-07 5.25606449e-04 7.24717288e-05
  9.33506806e-06 8.03823044e-06 1.30099238e-06 7.10161983e-07]]
Done!, time = 4.156819820404053s
