Begin!
Data shape = (250000, 5)
Begin sort function!
In centrality 0
In centrality 1
In centrality 2
In centrality 3
In centrality 4
In centrality 5
In centrality 6
end function sorter
Data shape = (250000, 5)
Begin sort function!
In centrality 0
In centrality 1
In centrality 2
In centrality 3
In centrality 4
In centrality 5
In centrality 6
end function sorter
Data shape = (250000, 5)
Begin sort function!
In centrality 0
In centrality 1
In centrality 2
In centrality 3
In centrality 4
In centrality 5
In centrality 6
end function sorter
Data shape = (250000, 5)
Begin sort function!
In centrality 0
In centrality 1
In centrality 2
In centrality 3
In centrality 4
In centrality 5
In centrality 6
end function sorter
Final results shape = (4, 7, 12)
mean value:
[[ 1.79253563e-02  9.88197192e-03  1.42547991e-02  1.00337788e-04
  -9.26097970e-07 -2.07651222e-06  8.80681840e-01  2.77945083e-03
   3.61992447e-05 -2.77684001e-04  5.49414417e-05 -2.11355368e-05]
 [ 2.03001653e-02  1.05914946e-02  1.53426238e-02  9.90833794e-05
  -5.07937683e-07 -2.94332530e-06  8.70858324e-01  2.81634462e-03
   3.82796526e-05 -3.06664429e-04  6.24077409e-05 -2.54156631e-05]
 [ 2.18035063e-02  1.12505515e-02  1.62182502e-02  6.94521087e-05
  -6.50817834e-07 -3.59129160e-06  8.64998548e-01  2.80292882e-03
   3.75789765e-05 -3.21763948e-04  6.56016301e-05 -2.69119860e-05]
 [ 2.31039036e-02  1.19200953e-02  1.71646795e-02  5.76545043e-05
   9.11062876e-08 -3.68503374e-06  8.60291344e-01  2.84848510e-03
   4.12792152e-05 -3.26564958e-04  6.96667030e-05 -2.86162142e-05]
 [ 2.41204168e-02  1.25784894e-02  1.79276812e-02  4.17859773e-05
  -3.87852540e-07 -3.47238975e-06  8.57089399e-01  2.91896607e-03
   4.40209402e-05 -3.31663076e-04  7.36622304e-05 -2.94936676e-05]
 [ 2.47672486e-02  1.31825584e-02  1.85116021e-02  4.54100486e-05
  -6.96412115e-07 -3.71083220e-06  8.55045902e-01  2.98056338e-03
   4.73190096e-05 -3.28629413e-04  7.72585609e-05 -3.01390177e-05]
 [ 2.57067852e-02  1.37396608e-02  1.91414855e-02  2.93143330e-05
  -4.25180377e-06 -3.21120950e-06  8.53958801e-01  3.04072821e-03
   4.78078125e-05 -3.39677349e-04  8.20847666e-05 -3.20487101e-05]]
std error:
[[3.06172558e-05 8.05795899e-05 1.21720550e-04 3.60623268e-06
  6.70360879e-07 3.31752475e-07 4.72102846e-04 3.17500434e-05
  3.83930272e-06 4.51441036e-06 7.02279486e-07 7.10163610e-07]
 [2.31335241e-04 1.19855250e-04 1.30989654e-04 4.55232494e-06
  1.81613850e-06 3.41677265e-07 4.82276670e-04 3.71454926e-05
  1.32811578e-06 1.11764223e-05 1.46494345e-06 1.39766711e-06]
 [1.87347288e-04 5.54729482e-05 1.11719078e-04 8.23455133e-06
  2.77190163e-06 3.72968334e-07 1.55650412e-04 1.86624786e-05
  2.50782201e-06 7.42324829e-06 1.27755018e-06 1.00292596e-06]
 [6.77808935e-05 7.18144652e-05 7.55575908e-05 5.43073782e-06
  2.44125221e-06 4.34199906e-07 1.72523035e-04 1.19764479e-05
  1.93870360e-06 4.09231350e-06 6.82721392e-07 4.78722304e-07]
 [1.57318524e-04 8.04091073e-05 9.78718076e-05 4.95456886e-06
  1.87632740e-06 2.27549515e-07 5.39287394e-04 2.19851955e-05
  2.79221878e-06 3.09758218e-06 5.77205925e-07 2.17762251e-07]
 [9.41436292e-05 7.79745602e-05 5.83059040e-05 8.90635154e-06
  1.83988332e-06 3.14029922e-07 2.23890583e-04 2.45074109e-05
  1.39467789e-06 8.57514741e-06 9.30333099e-07 1.53246224e-06]
 [9.57547170e-05 1.06771368e-04 6.40074905e-05 5.24531492e-06
  1.60865067e-06 3.98594308e-07 3.78567909e-04 2.03062563e-05
  4.96721834e-07 1.16168356e-05 4.85677251e-07 1.05590968e-06]]
Done!, time = 4.114311218261719s
