Begin!
Data shape = (250000, 5)
Begin sort function!
In centrality 0
In centrality 1
In centrality 2
In centrality 3
In centrality 4
In centrality 5
In centrality 6
end function sorter
Data shape = (250000, 5)
Begin sort function!
In centrality 0
In centrality 1
In centrality 2
In centrality 3
In centrality 4
In centrality 5
In centrality 6
end function sorter
Data shape = (250000, 5)
Begin sort function!
In centrality 0
In centrality 1
In centrality 2
In centrality 3
In centrality 4
In centrality 5
In centrality 6
end function sorter
Data shape = (250000, 5)
Begin sort function!
In centrality 0
In centrality 1
In centrality 2
In centrality 3
In centrality 4
In centrality 5
In centrality 6
end function sorter
Final results shape = (4, 7, 12)
mean value:
[[ 1.77075567e-02  1.10855655e-02  1.57307193e-02  1.79991673e-05
  -2.73080070e-06 -1.38599521e-06  8.55316050e-01  5.16164222e-03
   1.51775497e-04 -1.94912611e-04  9.16840898e-05 -1.31493236e-05]
 [ 1.90925002e-02  1.16044057e-02  1.67027948e-02  2.33610305e-06
  -2.78483689e-06 -1.10778338e-06  8.37348660e-01  4.95189260e-03
   1.48968323e-04 -1.99359595e-04  9.47102793e-05 -1.40932068e-05]
 [ 1.99004614e-02  1.21234526e-02  1.72256693e-02 -6.07303071e-06
  -1.19344280e-06 -1.07064595e-06  8.26535383e-01  4.98118606e-03
   1.53771980e-04 -2.10796012e-04  9.88181226e-05 -1.50580875e-05]
 [ 2.06836111e-02  1.26778001e-02  1.80292889e-02 -1.13264070e-05
  -2.82384094e-06 -1.19240983e-06  8.18462275e-01  5.01609800e-03
   1.59595346e-04 -2.16676217e-04  1.02941748e-04 -1.57316686e-05]
 [ 2.12845551e-02  1.31538354e-02  1.86871671e-02 -1.85703380e-05
  -4.94355216e-06 -8.17629031e-07  8.12913033e-01  5.12211665e-03
   1.68316605e-04 -2.22204417e-04  1.07350469e-04 -1.62954323e-05]
 [ 2.18364242e-02  1.35561898e-02  1.92239554e-02 -2.23810206e-05
  -4.10019873e-06 -1.01253124e-06  8.08702570e-01  5.24462795e-03
   1.76582694e-04 -2.19803047e-04  1.13056760e-04 -1.63528912e-05]
 [ 2.24110798e-02  1.39993128e-02  1.98621646e-02 -2.47296237e-05
  -6.45567634e-06 -7.94557636e-07  8.05344768e-01  5.37153753e-03
   1.78069259e-04 -2.26578031e-04  1.18580664e-04 -1.75178631e-05]]
std error:
[[1.67365854e-04 6.54249117e-05 1.83528348e-04 6.00730011e-06
  9.92613991e-07 1.64500339e-07 3.47408251e-04 8.47592342e-05
  8.88316515e-06 1.14543902e-05 1.02859870e-06 6.07468407e-07]
 [1.01884740e-04 2.51987920e-05 4.97167125e-05 5.71333316e-06
  8.70657506e-07 2.26155152e-07 5.73178440e-04 6.20921082e-05
  7.73975525e-06 6.99758291e-06 9.07129235e-07 6.57978606e-07]
 [5.46666186e-05 7.11215412e-05 8.58877420e-05 1.30892408e-06
  2.63381741e-06 1.53577747e-07 2.23186351e-04 2.85596099e-05
  1.06929929e-05 6.82664053e-06 2.90997764e-07 5.20416969e-07]
 [1.10228562e-04 8.54119327e-05 1.36102865e-04 4.36340405e-06
  1.37267681e-06 1.70050690e-07 5.51690974e-04 1.55913872e-05
  6.02126699e-06 6.62745155e-06 2.48978028e-07 5.63360075e-07]
 [9.68477178e-05 5.65302417e-05 2.35515673e-05 2.50382373e-06
  1.16553369e-06 2.34935029e-07 2.13479171e-04 8.46960220e-05
  1.01762006e-05 1.01045992e-05 2.44408601e-06 8.71356546e-07]
 [1.00493853e-04 3.86483077e-05 7.23132732e-05 4.67404341e-06
  1.92757416e-06 2.87438550e-07 1.93964047e-04 4.54395827e-05
  7.07808439e-06 5.98974659e-06 1.66758807e-06 7.92119713e-07]
 [9.38380512e-05 6.41299118e-05 1.42035902e-04 1.76972141e-06
  2.36059229e-06 2.16765139e-07 2.46684689e-04 4.15009388e-05
  7.33689026e-06 6.05846805e-06 8.60409637e-07 7.37049643e-07]]
Done!, time = 4.334544897079468s
