Begin!
Data shape = (250000, 5)
Begin sort function!
In centrality 0
In centrality 1
In centrality 2
In centrality 3
In centrality 4
In centrality 5
In centrality 6
end function sorter
Data shape = (250000, 5)
Begin sort function!
In centrality 0
In centrality 1
In centrality 2
In centrality 3
In centrality 4
In centrality 5
In centrality 6
end function sorter
Data shape = (250000, 5)
Begin sort function!
In centrality 0
In centrality 1
In centrality 2
In centrality 3
In centrality 4
In centrality 5
In centrality 6
end function sorter
Data shape = (250000, 5)
Begin sort function!
In centrality 0
In centrality 1
In centrality 2
In centrality 3
In centrality 4
In centrality 5
In centrality 6
end function sorter
Final results shape = (4, 7, 12)
mean value:
[[ 1.93675922e-02  9.98223901e-03  1.42462727e-02  2.60658016e-05
  -7.88108416e-07 -3.05299109e-06  9.13175867e-01  7.82767989e-03
   3.52270540e-04 -2.42738026e-04  1.52488269e-04 -1.70450244e-05]
 [ 2.11115196e-02  1.07337987e-02  1.54913985e-02 -3.80041512e-07
   3.34636558e-07 -2.54514820e-06  8.90524046e-01  7.47251103e-03
   3.75306362e-04 -2.55325234e-04  1.55406629e-04 -1.89061214e-05]
 [ 2.21654528e-02  1.14302886e-02  1.64553971e-02 -1.04488372e-05
   4.87393728e-07 -2.45934931e-06  8.79111268e-01  7.51802674e-03
   3.69495806e-04 -2.77728547e-04  1.63469830e-04 -2.10581251e-05]
 [ 2.32131719e-02  1.21483034e-02  1.73187483e-02 -2.53913017e-05
  -5.09064351e-07 -1.88910074e-06  8.70307907e-01  7.65714831e-03
   3.88874168e-04 -2.92773641e-04  1.74073330e-04 -2.27969150e-05]
 [ 2.40938068e-02  1.28215323e-02  1.80232664e-02 -3.59066008e-05
  -1.13720128e-06 -1.87571333e-06  8.64970353e-01  7.80400454e-03
   4.01939000e-04 -2.91847785e-04  1.84546497e-04 -2.30306693e-05]
 [ 2.47553567e-02  1.34245121e-02  1.86804070e-02 -3.37665376e-05
  -1.12081919e-06 -1.48440186e-06  8.61973607e-01  8.01173180e-03
   3.99569116e-04 -2.99192697e-04  1.93349450e-04 -2.48125371e-05]
 [ 2.54340759e-02  1.39555536e-02  1.91102086e-02 -4.10073680e-05
  -6.08613602e-07 -1.66503967e-06  8.60835569e-01  8.25498660e-03
   4.19971113e-04 -3.06360852e-04  2.06358782e-04 -2.56105283e-05]]
std error:
[[1.15876044e-04 7.79691509e-05 9.78251879e-05 5.07552681e-06
  1.08384874e-06 2.06265062e-07 1.37513178e-04 1.58395904e-04
  2.20811305e-05 1.31933780e-05 2.48200836e-06 8.24636006e-07]
 [3.24689021e-04 8.24460025e-05 1.45573203e-04 4.07717754e-06
  1.05815865e-06 2.21685077e-07 7.68790613e-04 9.01443887e-05
  3.18914926e-05 1.69954989e-05 5.43677241e-07 1.33690198e-06]
 [1.45912712e-04 2.78416117e-05 8.96671505e-05 4.25227962e-06
  1.43995217e-06 1.47144227e-07 4.73463126e-04 7.82006502e-05
  1.17904707e-05 2.02693220e-05 2.98180459e-06 1.65399394e-06]
 [7.03518330e-05 4.32816507e-05 9.84612351e-05 6.34875144e-06
  1.18331668e-06 3.87984846e-07 4.18914203e-04 5.37878052e-05
  1.59243093e-05 1.01185197e-05 1.40105129e-06 9.93346004e-07]
 [3.46747372e-05 5.49181738e-05 7.68158045e-05 3.88970380e-06
  8.53321064e-07 3.09689752e-07 5.35867724e-04 9.99997940e-05
  9.49641498e-06 1.27824880e-05 2.69533851e-06 1.15544344e-06]
 [2.01243293e-04 9.66207276e-05 1.13466752e-04 6.00332562e-06
  1.24697993e-06 3.42038211e-07 5.00358076e-04 2.59183900e-05
  2.02333908e-05 1.11890938e-05 1.68836179e-06 9.27568840e-07]
 [5.58586844e-05 4.05555537e-05 1.42904146e-04 9.96500340e-06
  2.13775328e-06 4.86315278e-07 4.49390289e-04 6.25344960e-05
  9.47655092e-06 1.12764658e-05 2.96013543e-06 1.22761806e-06]]
Done!, time = 3.960526466369629s
