Begin!
Data shape = (250000, 5)
Begin sort function!
In centrality 0
In centrality 1
In centrality 2
In centrality 3
In centrality 4
In centrality 5
In centrality 6
end function sorter
Data shape = (250000, 5)
Begin sort function!
In centrality 0
In centrality 1
In centrality 2
In centrality 3
In centrality 4
In centrality 5
In centrality 6
end function sorter
Data shape = (250000, 5)
Begin sort function!
In centrality 0
In centrality 1
In centrality 2
In centrality 3
In centrality 4
In centrality 5
In centrality 6
end function sorter
Data shape = (250000, 5)
Begin sort function!
In centrality 0
In centrality 1
In centrality 2
In centrality 3
In centrality 4
In centrality 5
In centrality 6
end function sorter
Final results shape = (4, 7, 12)
mean value:
[[ 1.29912232e-02  1.00075117e-02  1.44750414e-02  2.71377861e-05
   1.03978476e-06 -2.81933207e-07  9.04207595e-01  7.74590806e-03
   4.00021326e-04 -6.92493108e-05  9.79149460e-05 -3.96492228e-06]
 [ 1.41384138e-02  1.08206512e-02  1.54540438e-02  2.76808349e-05
  -1.21716019e-07 -4.73449621e-07  8.83772606e-01  7.27150586e-03
   3.85442428e-04 -6.93052617e-05  1.01626058e-04 -4.23274399e-06]
 [ 1.49624011e-02  1.13648824e-02  1.62844068e-02  2.18411061e-05
  -5.55686926e-07 -4.57736629e-07  8.71345155e-01  7.23324354e-03
   3.64376284e-04 -8.01436537e-05  1.07151167e-04 -4.94618269e-06]
 [ 1.56658216e-02  1.19960349e-02  1.67905568e-02  2.27407153e-05
   7.10103000e-07 -5.09626382e-07  8.63173108e-01  7.34376292e-03
   3.74441747e-04 -8.22412290e-05  1.13237085e-04 -5.18666401e-06]
 [ 1.64176209e-02  1.26332321e-02  1.75019681e-02  2.28332427e-05
  -1.23813856e-06 -6.27430085e-07  8.59280912e-01  7.49527800e-03
   3.85159870e-04 -8.41931451e-05  1.21580826e-04 -5.63723178e-06]
 [ 1.71563559e-02  1.30749627e-02  1.80050011e-02  2.32363442e-05
  -9.00780738e-08 -6.79054188e-07  8.56702634e-01  7.69806355e-03
   4.02183508e-04 -8.72414689e-05  1.31271187e-04 -6.14403450e-06]
 [ 1.77563950e-02  1.36449675e-02  1.85493017e-02  2.17735498e-05
  -7.65897152e-07 -5.89180096e-07  8.55219661e-01  8.04856305e-03
   4.44125336e-04 -8.46650260e-05  1.40879108e-04 -6.37504643e-06]]
std error:
[[1.42978816e-04 8.26145445e-05 8.10025367e-05 3.11362600e-07
  1.96281725e-06 1.23021874e-07 7.17229121e-04 8.40389207e-05
  6.06863422e-06 8.75235979e-06 1.96987176e-06 5.69042115e-07]
 [1.24260270e-04 9.47542786e-05 5.60982029e-05 5.70807079e-06
  1.74375183e-06 2.31098594e-07 2.40187696e-04 5.89171442e-05
  7.92379447e-06 5.79501974e-06 3.38019171e-06 5.94322372e-07]
 [8.54430096e-05 7.71231733e-05 4.50431664e-05 2.14267211e-06
  1.66036283e-06 6.20996470e-08 4.39387822e-04 2.24565394e-05
  1.49798762e-05 3.84292864e-06 1.41405171e-06 6.12379412e-07]
 [6.76519101e-05 3.74227068e-05 4.81041131e-05 1.88642700e-06
  8.65922636e-07 1.66927720e-07 4.95364359e-04 5.58017845e-05
  9.40213129e-06 5.40408414e-06 2.57080720e-06 1.60923956e-07]
 [7.61569410e-05 3.60692999e-05 1.01164690e-04 2.47258358e-06
  2.68210123e-06 8.41928398e-08 3.41234456e-04 3.52409816e-05
  1.17387184e-05 3.86094085e-06 1.35115854e-06 3.40346159e-07]
 [5.69227658e-05 3.72010548e-05 8.59835272e-05 4.99282863e-06
  2.24873730e-06 1.64027308e-07 2.52842194e-04 6.19718428e-05
  2.38426629e-05 6.42316408e-06 1.44507887e-06 1.57527580e-07]
 [1.35733242e-05 1.08398662e-04 1.34734373e-04 3.40714402e-06
  9.39603533e-07 2.95087426e-08 1.92051328e-04 7.97100982e-05
  2.46054134e-05 1.87402103e-06 1.33258151e-06 3.97979342e-07]]
Done!, time = 3.9894704818725586s
