Begin!
Data shape = (250000, 5)
Begin sort function!
In centrality 0
In centrality 1
In centrality 2
In centrality 3
In centrality 4
In centrality 5
In centrality 6
end function sorter
Data shape = (250000, 5)
Begin sort function!
In centrality 0
In centrality 1
In centrality 2
In centrality 3
In centrality 4
In centrality 5
In centrality 6
end function sorter
Data shape = (250000, 5)
Begin sort function!
In centrality 0
In centrality 1
In centrality 2
In centrality 3
In centrality 4
In centrality 5
In centrality 6
end function sorter
Data shape = (250000, 5)
Begin sort function!
In centrality 0
In centrality 1
In centrality 2
In centrality 3
In centrality 4
In centrality 5
In centrality 6
end function sorter
Final results shape = (4, 7, 12)
mean value:
[[ 1.67554091e-02  1.09355575e-02  1.55219631e-02  6.66146777e-05
  -9.38755975e-08 -1.27901086e-06  8.18847597e-01  1.14770330e-03
  -2.24281837e-07 -2.22181470e-04  2.35504956e-05 -1.56192665e-05]
 [ 1.87501710e-02  1.13334379e-02  1.63247086e-02  6.57970022e-05
  -1.85795326e-06 -1.50349832e-06  8.12910232e-01  1.15610325e-03
   1.96634405e-06 -2.36694132e-04  2.52978439e-05 -1.77998666e-05]
 [ 2.00266347e-02  1.18733623e-02  1.70279619e-02  5.40479824e-05
  -2.60609619e-06 -1.86459224e-06  8.09090263e-01  1.16710018e-03
   2.48007411e-06 -2.42650578e-04  2.65946072e-05 -1.87650884e-05]
 [ 2.10249350e-02  1.23883099e-02  1.76668648e-02  4.16553205e-05
  -8.41529333e-07 -1.84893380e-06  8.06246742e-01  1.17200357e-03
   3.93376202e-06 -2.40041394e-04  2.73317537e-05 -1.91101819e-05]
 [ 2.18535190e-02  1.28075004e-02  1.83312806e-02  3.45779894e-05
  -2.25228975e-06 -1.89018789e-06  8.04015236e-01  1.18207504e-03
   5.05676843e-06 -2.39524229e-04  2.82165005e-05 -1.94878303e-05]
 [ 2.24658046e-02  1.31912487e-02  1.88499739e-02  2.83971776e-05
  -3.16455600e-06 -2.06896248e-06  8.02320188e-01  1.19700866e-03
   5.70362536e-06 -2.34136239e-04  2.91569219e-05 -1.95045132e-05]
 [ 2.33429165e-02  1.36818236e-02  1.93742995e-02  1.76566273e-05
  -4.81048202e-06 -1.60740207e-06  8.00731132e-01  1.22668274e-03
   6.65416902e-06 -2.33211332e-04  3.06024083e-05 -1.99297840e-05]]
std error:
[[4.47141135e-05 5.23107696e-05 1.99496289e-04 9.70305921e-06
  1.67125614e-06 2.89742572e-07 3.49523984e-04 1.27780069e-05
  8.41945277e-07 5.46031677e-06 2.41693467e-07 5.36804766e-07]
 [1.61207761e-04 1.36172438e-05 2.29643692e-04 7.69397886e-06
  2.74520614e-06 3.56494377e-07 6.46420509e-05 1.55228666e-05
  3.58272673e-07 2.52854271e-06 2.35099030e-07 2.12187556e-07]
 [7.53787851e-05 6.17222300e-05 1.15736453e-04 3.77160657e-06
  7.77991500e-07 4.78090081e-07 1.13378801e-04 1.74359700e-05
  5.88659569e-07 2.81114301e-06 3.23472585e-07 1.35661491e-07]
 [1.16226170e-04 2.47516708e-05 5.82553231e-05 4.79547212e-06
  2.03599197e-06 4.90018394e-08 3.72203726e-04 8.66416960e-06
  3.80212033e-07 6.45447610e-06 6.43841462e-07 9.07656265e-07]
 [4.85600293e-05 7.26436311e-05 1.22069199e-04 4.40721488e-06
  8.28483546e-07 2.98771723e-07 1.50196736e-04 1.30181072e-05
  9.84876259e-07 3.19194517e-06 3.15263392e-07 2.83434236e-07]
 [1.18828980e-04 8.11428086e-05 1.07873451e-04 4.48499144e-06
  1.75183337e-06 2.10987672e-07 1.07536176e-04 1.19242200e-05
  5.95010070e-07 4.92411618e-06 4.58282942e-07 5.06394533e-07]
 [1.58138990e-04 1.28318780e-04 1.53925770e-04 4.58661768e-06
  8.76671773e-07 1.75394789e-07 1.05636567e-04 1.79266232e-05
  6.23977605e-07 4.80136644e-06 6.24478909e-07 6.04571493e-07]]
Done!, time = 4.125446081161499s
