Begin!
Data shape = (250000, 5)
Begin sort function!
In centrality 0
In centrality 1
In centrality 2
In centrality 3
In centrality 4
In centrality 5
In centrality 6
end function sorter
Data shape = (250000, 5)
Begin sort function!
In centrality 0
In centrality 1
In centrality 2
In centrality 3
In centrality 4
In centrality 5
In centrality 6
end function sorter
Data shape = (250000, 5)
Begin sort function!
In centrality 0
In centrality 1
In centrality 2
In centrality 3
In centrality 4
In centrality 5
In centrality 6
end function sorter
Data shape = (250000, 5)
Begin sort function!
In centrality 0
In centrality 1
In centrality 2
In centrality 3
In centrality 4
In centrality 5
In centrality 6
end function sorter
Final results shape = (4, 7, 12)
mean value:
[[ 1.28889890e-02  1.03799238e-02  1.49342293e-02  2.87925431e-05
  -2.81837314e-07 -3.06152477e-07  8.51105630e-01  6.01552206e-03
   2.63964671e-04 -5.50752656e-05  7.58606838e-05 -3.18671806e-06]
 [ 1.41375461e-02  1.09676501e-02  1.58810710e-02  2.59183233e-05
   1.18051564e-06 -3.41969682e-07  8.31857539e-01  5.62430294e-03
   2.37024610e-04 -5.86477757e-05  7.89454304e-05 -3.54404902e-06]
 [ 1.49201491e-02  1.15531549e-02  1.64935394e-02  2.60920231e-05
  -1.16929661e-07 -5.74064803e-07  8.21125203e-01  5.68978989e-03
   2.40700650e-04 -6.32108939e-05  8.39170446e-05 -4.03399823e-06]
 [ 1.56945925e-02  1.22665311e-02  1.72687683e-02  2.36395968e-05
  -2.13627151e-06 -3.94863980e-07  8.12791370e-01  5.69303806e-03
   2.38124382e-04 -6.80416526e-05  8.85105108e-05 -4.43802502e-06]
 [ 1.64046076e-02  1.26624896e-02  1.78496607e-02  1.87684472e-05
  -1.15751336e-06 -5.86276890e-07  8.07971955e-01  5.81651819e-03
   2.41257132e-04 -7.43633120e-05  9.42526724e-05 -5.12495499e-06]
 [ 1.70343115e-02  1.32202586e-02  1.83326675e-02  1.81894918e-05
  -1.12614463e-06 -6.24671156e-07  8.04805856e-01  6.04583460e-03
   2.76262348e-04 -7.62820106e-05  1.02244757e-04 -5.28175146e-06]
 [ 1.76932169e-02  1.36856672e-02  1.87037632e-02  2.06490245e-05
  -3.50156228e-06 -7.01988321e-07  8.02255657e-01  6.10345599e-03
   2.69914465e-04 -7.15257252e-05  1.06601078e-04 -5.24914042e-06]]
std error:
[[1.15772242e-04 5.27513222e-05 7.74165912e-05 2.14724541e-06
  1.64298885e-06 2.02268956e-07 5.43588984e-04 3.96136961e-05
  1.07103449e-05 6.58191452e-06 6.28240297e-07 5.17439179e-07]
 [9.86911174e-05 1.13912004e-04 5.56314393e-05 2.56632973e-06
  1.62620341e-06 2.09175181e-07 3.54375227e-04 7.23757541e-05
  1.26610112e-05 8.19267961e-06 6.07230932e-07 7.20354707e-07]
 [1.07405650e-04 6.31937203e-05 1.44041277e-04 5.61410036e-06
  1.19517380e-06 8.19633255e-08 6.50283395e-04 1.77329070e-05
  8.42140528e-06 8.25397577e-06 2.55555366e-07 7.54545573e-07]
 [7.15628854e-05 4.01960824e-05 6.52236331e-05 1.06603646e-06
  1.61608225e-06 3.31262657e-07 2.09618577e-04 6.66637519e-05
  1.24537654e-05 8.60855129e-06 1.17005483e-06 6.34727248e-07]
 [8.80212700e-05 1.16894432e-04 6.40686987e-05 4.07481527e-06
  1.47223037e-06 1.47567176e-07 4.99720479e-04 3.20743388e-05
  1.14328770e-05 7.27479700e-06 6.91870834e-07 5.66097445e-07]
 [7.41144716e-05 9.51310043e-05 9.05193626e-05 1.95742992e-06
  8.28040454e-07 9.05590452e-08 3.57456026e-04 5.07044413e-05
  1.22262284e-05 1.72021645e-06 7.46176281e-07 3.01121919e-07]
 [1.30799862e-04 4.16347535e-05 1.16508614e-04 2.25963826e-06
  1.63684971e-06 8.34074113e-08 6.57852884e-04 4.51166448e-05
  7.80929509e-06 4.89842148e-06 1.65492419e-06 4.34573484e-07]]
Done!, time = 4.238656044006348s
