Begin!
Data shape = (250000, 5)
Begin sort function!
In centrality 0
In centrality 1
In centrality 2
In centrality 3
In centrality 4
In centrality 5
In centrality 6
end function sorter
Data shape = (250000, 5)
Begin sort function!
In centrality 0
In centrality 1
In centrality 2
In centrality 3
In centrality 4
In centrality 5
In centrality 6
end function sorter
Data shape = (250000, 5)
Begin sort function!
In centrality 0
In centrality 1
In centrality 2
In centrality 3
In centrality 4
In centrality 5
In centrality 6
end function sorter
Data shape = (250000, 5)
Begin sort function!
In centrality 0
In centrality 1
In centrality 2
In centrality 3
In centrality 4
In centrality 5
In centrality 6
end function sorter
Final results shape = (4, 7, 12)
mean value:
[[ 1.64818401e-02  1.01592082e-02  1.43164476e-02  9.25439658e-05
  -4.75228719e-07 -2.25451465e-06  8.15898072e-01  9.30339025e-04
  -7.54081106e-06 -2.81999695e-04  2.34463107e-05 -1.98393147e-05]
 [ 1.89175511e-02  1.09056525e-02  1.54611018e-02  6.20091506e-05
   3.85369386e-08 -3.13172955e-06  8.10009252e-01  9.60156294e-04
  -3.92283106e-06 -2.92705673e-04  2.46284463e-05 -2.12670897e-05]
 [ 2.04173607e-02  1.14573303e-02  1.64713044e-02  4.29172301e-05
  -8.43329531e-07 -3.08950322e-06  8.07034100e-01  9.70608982e-04
  -2.22614632e-06 -2.95515053e-04  2.51933123e-05 -2.21168821e-05]
 [ 2.17180577e-02  1.20836676e-02  1.74629355e-02  2.91385102e-05
   2.68424965e-07 -3.13096044e-06  8.04399199e-01  9.83811840e-04
  -4.76714848e-07 -2.93620952e-04  2.60954451e-05 -2.28675483e-05]
 [ 2.25418107e-02  1.26916045e-02  1.82118857e-02  9.50856925e-06
  -1.07749964e-06 -2.28479618e-06  8.02598419e-01  9.92837874e-04
   1.06888123e-06 -2.80431894e-04  2.63459823e-05 -2.25055279e-05]
 [ 2.34436389e-02  1.33247829e-02  1.87876397e-02 -4.52560752e-06
  -3.08368494e-06 -1.88935902e-06  8.01208331e-01  1.01050625e-03
   1.76881369e-06 -2.74272252e-04  2.72235585e-05 -2.26490620e-05]
 [ 2.41283138e-02  1.39687176e-02  1.96114585e-02 -4.89471554e-06
  -2.77231146e-06 -2.22322018e-06  8.00041790e-01  1.01904323e-03
   2.54876583e-06 -2.65661969e-04  2.75346281e-05 -2.25012082e-05]]
std error:
[[5.56706656e-05 5.46865634e-05 2.16833488e-04 3.35172948e-06
  1.43543687e-06 6.45124606e-08 1.12983562e-04 7.54565042e-06
  3.50948002e-07 6.08127476e-06 1.84937871e-07 4.65945283e-07]
 [1.20079278e-04 9.62493889e-05 6.25642124e-05 4.67501897e-06
  1.25900312e-06 1.16464709e-07 2.99537652e-04 1.32352087e-05
  3.99940718e-07 3.41587407e-06 5.08681355e-07 3.72228918e-07]
 [1.07725949e-04 3.33988839e-05 1.03180126e-04 3.59200063e-06
  1.90623623e-06 1.19613267e-07 1.24068499e-04 5.16040320e-06
  1.74322459e-07 3.79685482e-06 2.92316940e-07 5.27244940e-07]
 [8.16311826e-05 9.92212580e-05 8.26278156e-05 3.82013391e-06
  1.78673092e-06 1.02019568e-07 1.36423180e-04 4.89625109e-06
  3.32134532e-07 2.41440203e-06 2.64213941e-07 3.65599657e-07]
 [1.58171354e-04 6.18571591e-05 1.61058400e-04 4.66869778e-06
  9.25857669e-07 2.87442598e-07 1.36470228e-04 9.48557449e-06
  2.76107874e-07 3.10157986e-06 3.57893320e-07 2.82710490e-07]
 [1.90392919e-04 9.76997977e-05 7.35896219e-05 4.49613130e-06
  1.19230546e-06 4.17699885e-07 7.33158631e-05 9.30315808e-06
  2.20753741e-07 7.01856654e-06 2.62997394e-07 8.43616869e-07]
 [9.53839069e-05 4.90753927e-05 1.16318015e-04 5.37998271e-06
  1.79242453e-06 2.28795430e-07 1.40010577e-04 1.10790352e-05
  3.00518250e-07 1.85808412e-06 2.39238604e-07 2.93456829e-07]]
Done!, time = 4.7478415966033936s
