Begin!
Data shape = (250000, 5)
Begin sort function!
In centrality 0
In centrality 1
In centrality 2
In centrality 3
In centrality 4
In centrality 5
In centrality 6
end function sorter
Data shape = (250000, 5)
Begin sort function!
In centrality 0
In centrality 1
In centrality 2
In centrality 3
In centrality 4
In centrality 5
In centrality 6
end function sorter
Data shape = (250000, 5)
Begin sort function!
In centrality 0
In centrality 1
In centrality 2
In centrality 3
In centrality 4
In centrality 5
In centrality 6
end function sorter
Data shape = (250000, 5)
Begin sort function!
In centrality 0
In centrality 1
In centrality 2
In centrality 3
In centrality 4
In centrality 5
In centrality 6
end function sorter
Final results shape = (4, 7, 12)
mean value:
[[ 1.76631974e-02  1.09652570e-02  1.57344296e-02  5.69810500e-05
  -1.31707262e-06 -1.57258779e-06  8.56117940e-01  5.24417633e-03
   1.65447702e-04 -1.83887257e-04  9.26818641e-05 -1.37740716e-05]
 [ 1.94882030e-02  1.15911831e-02  1.65861834e-02  4.52275257e-05
  -2.41808687e-06 -2.09927997e-06  8.37496558e-01  5.00580385e-03
   1.51844589e-04 -2.06712519e-04  9.71817310e-05 -1.58858512e-05]
 [ 2.04597968e-02  1.21098172e-02  1.73208086e-02  3.72438098e-05
   4.20922402e-07 -1.87689258e-06  8.26402899e-01  4.98179099e-03
   1.55651444e-04 -2.15980057e-04  1.00773302e-04 -1.73630695e-05]
 [ 2.13792856e-02  1.26184601e-02  1.80980882e-02  3.07879339e-05
  -3.24908971e-06 -2.29237347e-06  8.18593730e-01  5.07464876e-03
   1.57314585e-04 -2.30280540e-04  1.07323518e-04 -1.85348664e-05]
 [ 2.20121485e-02  1.30588656e-02  1.86210043e-02  2.48648202e-05
  -2.32457634e-06 -2.10347594e-06  8.12863493e-01  5.18365644e-03
   1.69335259e-04 -2.41447710e-04  1.12483983e-04 -1.98082239e-05]
 [ 2.27383780e-02  1.34611016e-02  1.94517029e-02  2.04954843e-05
  -1.64605574e-06 -1.75711388e-06  8.08761498e-01  5.26019429e-03
   1.68606182e-04 -2.48719176e-04  1.19273999e-04 -2.13491323e-05]
 [ 2.34189735e-02  1.39723698e-02  1.97814072e-02  1.36557918e-05
  -7.18952779e-06 -2.17923618e-06  8.04626688e-01  5.37299230e-03
   1.83085857e-04 -2.65259485e-04  1.23298962e-04 -2.25427888e-05]]
std error:
[[1.64811529e-04 7.62233324e-05 7.49224873e-05 5.45332053e-06
  2.96691111e-06 6.52527870e-08 5.29784060e-04 4.03799071e-05
  8.48122723e-06 9.30335852e-06 1.27478144e-06 9.10509935e-07]
 [1.68986762e-04 6.38439435e-05 1.04848686e-04 6.96426420e-06
  1.34984477e-06 1.90228670e-07 7.31580706e-04 4.90825080e-05
  6.56755744e-06 1.41368250e-05 2.55633192e-06 1.27767945e-06]
 [1.31479706e-04 6.04272420e-05 1.02149665e-04 4.85066956e-06
  1.41627476e-06 2.56794305e-07 6.31198217e-04 3.32410150e-05
  8.00345550e-06 3.54487487e-06 5.62885211e-07 5.63213126e-07]
 [1.66522998e-04 8.57200597e-05 7.12488858e-05 4.66570362e-06
  2.06423548e-06 2.11532730e-07 4.35792577e-04 2.51816269e-05
  7.96505264e-06 7.78746685e-06 1.07166833e-06 6.41693630e-07]
 [1.29200697e-04 8.67487690e-05 6.23382826e-05 5.67554511e-06
  1.19608603e-06 3.46188017e-07 5.60755178e-04 2.73055823e-05
  3.84964522e-06 5.83806295e-06 1.05900564e-06 6.81463907e-07]
 [4.85305660e-05 9.67798647e-05 1.28170151e-04 4.85273648e-06
  1.75645928e-06 4.67162766e-07 1.29746392e-04 6.56949725e-05
  1.02413935e-05 6.95334150e-06 2.32941779e-06 6.06393783e-07]
 [1.38514219e-04 5.12410051e-05 1.46412408e-04 1.29449756e-06
  2.71129726e-06 4.49560545e-07 1.50757061e-04 3.91101661e-05
  5.33602344e-06 9.29230871e-06 1.55474362e-06 9.15805480e-07]]
Done!, time = 3.841909170150757s
