Begin!
Data shape = (250000, 5)
Begin sort function!
In centrality 0
In centrality 1
In centrality 2
In centrality 3
In centrality 4
In centrality 5
In centrality 6
end function sorter
Data shape = (250000, 5)
Begin sort function!
In centrality 0
In centrality 1
In centrality 2
In centrality 3
In centrality 4
In centrality 5
In centrality 6
end function sorter
Data shape = (250000, 5)
Begin sort function!
In centrality 0
In centrality 1
In centrality 2
In centrality 3
In centrality 4
In centrality 5
In centrality 6
end function sorter
Data shape = (250000, 5)
Begin sort function!
In centrality 0
In centrality 1
In centrality 2
In centrality 3
In centrality 4
In centrality 5
In centrality 6
end function sorter
Final results shape = (4, 7, 12)
mean value:
[[ 1.69996892e-02  9.85943823e-03  1.40227411e-02  1.24797766e-04
  -1.29042334e-06 -1.03497439e-06  8.68173648e-01  1.20798681e-03
  -3.64187197e-06 -3.14516545e-04  2.91620680e-05 -2.41569351e-05]
 [ 1.97528715e-02  1.05726931e-02  1.52763238e-02  1.11156225e-04
   6.16692616e-07 -2.94277971e-06  8.62112532e-01  1.22892493e-03
  -9.88915273e-07 -3.41447036e-04  3.18688597e-05 -2.79130081e-05]
 [ 2.12001172e-02  1.11503304e-02  1.62018581e-02  8.34615519e-05
   4.24426325e-07 -3.50018607e-06  8.58903736e-01  1.24203309e-03
   1.52790560e-06 -3.39355052e-04  3.28525066e-05 -2.80337186e-05]
 [ 2.24188985e-02  1.18902732e-02  1.69906519e-02  5.73975171e-05
  -5.94434824e-07 -3.56779739e-06  8.56246962e-01  1.25262863e-03
   3.38881557e-06 -3.31256323e-04  3.35412561e-05 -2.81212151e-05]
 [ 2.35701784e-02  1.25357685e-02  1.78524640e-02  5.30258337e-05
  -2.15483661e-06 -3.02189727e-06  8.54635097e-01  1.28296783e-03
   4.84604627e-06 -3.32419462e-04  3.52208792e-05 -2.94672194e-05]
 [ 2.44517511e-02  1.31620046e-02  1.85947348e-02  4.05413128e-05
  -1.75062491e-06 -3.26764543e-06  8.53649967e-01  1.32522939e-03
   6.12538401e-06 -3.32633799e-04  3.71594724e-05 -3.02390675e-05]
 [ 2.52577697e-02  1.37886039e-02  1.93313923e-02  3.21459442e-05
  -4.74874135e-06 -2.51044797e-06  8.52547999e-01  1.34033308e-03
   7.67906568e-06 -3.19181828e-04  3.78709820e-05 -3.01356400e-05]]
std error:
[[1.11690923e-04 8.38464478e-05 6.90787314e-05 7.86282631e-06
  8.89857604e-07 2.40534196e-07 2.25309989e-04 1.88847897e-05
  6.50618187e-07 6.85594811e-06 5.30844436e-07 9.64709765e-07]
 [1.29594477e-04 8.84853179e-05 9.25451939e-05 5.81435291e-06
  2.55562378e-06 8.57797205e-07 2.80092174e-04 1.54299091e-05
  7.60936691e-07 4.76559147e-06 7.11959645e-07 7.95709083e-07]
 [1.99983982e-04 1.70119550e-05 9.47721568e-05 1.12001410e-06
  3.83343109e-07 2.73251906e-07 1.15487447e-04 6.14356387e-06
  4.01681263e-07 3.74404762e-06 3.80883388e-07 5.62091299e-07]
 [9.77984519e-05 8.95391814e-05 3.33889838e-05 5.83578502e-06
  9.22698445e-07 3.53432604e-07 2.01824935e-04 7.32412137e-06
  3.60346157e-07 6.47112902e-06 4.54012899e-07 7.79065035e-07]
 [6.25944479e-05 5.36247272e-05 6.57809696e-05 1.56181501e-06
  1.94597126e-06 1.62290830e-07 2.63656856e-04 9.49303094e-06
  3.18648598e-07 2.46078104e-06 2.96143836e-07 2.25382480e-07]
 [1.27057456e-04 7.81620887e-05 1.46641318e-04 3.26702727e-06
  1.48902109e-06 6.26070131e-07 1.42714780e-04 6.91598537e-06
  7.00410721e-07 5.30303396e-06 4.03761686e-07 4.74443382e-07]
 [1.18343919e-04 3.66734418e-05 1.32574674e-04 3.30744742e-06
  7.67003527e-07 7.20025211e-07 1.91656396e-04 3.77897223e-06
  3.07924821e-07 2.11926551e-06 1.65628048e-07 2.66411175e-07]]
Done!, time = 4.330543756484985s
