Begin!
Data shape = (250000, 5)
Begin sort function!
In centrality 0
In centrality 1
In centrality 2
In centrality 3
In centrality 4
In centrality 5
In centrality 6
end function sorter
Data shape = (250000, 5)
Begin sort function!
In centrality 0
In centrality 1
In centrality 2
In centrality 3
In centrality 4
In centrality 5
In centrality 6
end function sorter
Data shape = (250000, 5)
Begin sort function!
In centrality 0
In centrality 1
In centrality 2
In centrality 3
In centrality 4
In centrality 5
In centrality 6
end function sorter
Data shape = (250000, 5)
Begin sort function!
In centrality 0
In centrality 1
In centrality 2
In centrality 3
In centrality 4
In centrality 5
In centrality 6
end function sorter
Final results shape = (4, 7, 12)
mean value:
[[ 1.10869225e-02  9.40154258e-03  1.51533008e-02  6.63091817e-07
   3.31268237e-07 -1.61850256e-07  9.28031036e-01  2.99391148e-03
   4.93148597e-05 -6.06842156e-05  3.35031603e-05 -2.53464383e-06]
 [ 1.18590878e-02  1.00873777e-02  1.60325397e-02 -6.31442050e-07
   1.64867883e-06 -1.17088219e-07  9.20835524e-01  3.00833822e-03
   4.65641207e-05 -5.50757767e-05  3.57540461e-05 -2.36162086e-06]
 [ 1.24722976e-02  1.07943185e-02  1.66591212e-02 -4.72394717e-06
   2.14136462e-06 -7.54942907e-08  9.16246898e-01  3.03169333e-03
   5.03012332e-05 -5.48137086e-05  3.81801122e-05 -2.27872991e-06]
 [ 1.31270529e-02  1.16370953e-02  1.73121162e-02 -3.66375823e-06
   1.40593750e-06 -1.20831407e-07  9.13769721e-01  3.05745861e-03
   4.95526323e-05 -5.55497350e-05  4.01862596e-05 -2.54583247e-06]
 [ 1.37769977e-02  1.23362937e-02  1.78087924e-02 -5.40424756e-06
   2.98959130e-08 -1.15715754e-08  9.12235560e-01  3.15581370e-03
   5.42640892e-05 -4.86117235e-05  4.37234012e-05 -2.25327064e-06]
 [ 1.44930633e-02  1.31678248e-02  1.83294338e-02 -5.19234606e-06
   7.96248587e-07 -1.41564143e-07  9.11797154e-01  3.15225848e-03
   5.42996594e-05 -4.63936665e-05  4.60204226e-05 -2.43490624e-06]
 [ 1.53436366e-02  1.39598454e-02  1.87018352e-02 -8.60716282e-06
  -2.08370152e-06 -1.93831346e-07  9.12049643e-01  3.25554543e-03
   5.84775391e-05 -4.36213394e-05  5.03088385e-05 -2.47397346e-06]]
std error:
[[1.12340038e-04 1.11731278e-04 8.40211916e-05 1.73407820e-06
  9.59789526e-07 1.46978597e-08 3.31152575e-04 4.84627833e-05
  3.86979668e-06 7.19359567e-06 1.11146334e-06 2.98734773e-07]
 [9.26113984e-05 6.15577287e-05 4.71416824e-05 1.82295962e-06
  7.54387287e-07 9.09133417e-08 4.27540859e-04 4.34448612e-05
  2.81130135e-06 4.09992159e-06 4.32346107e-07 1.62929972e-07]
 [3.27209556e-05 2.71313742e-05 1.26937468e-04 1.06075107e-06
  1.07874805e-06 2.18987400e-08 2.40933312e-04 2.41845001e-05
  3.06247764e-06 2.77498377e-06 2.87196573e-07 1.43361953e-07]
 [6.53157091e-05 8.08454128e-05 2.55207414e-05 1.93873114e-06
  1.81045838e-06 5.34273021e-08 2.59820246e-04 1.14340051e-05
  2.19400675e-06 4.72116663e-06 3.81529892e-07 2.28294386e-07]
 [1.19187356e-05 6.35869099e-05 6.24407550e-05 1.85233721e-06
  1.32681646e-06 3.26548376e-08 1.35837172e-04 1.89833168e-05
  4.26765521e-06 3.18512478e-06 3.07091230e-07 2.07698759e-07]
 [8.85751736e-05 5.59437387e-05 1.02441257e-04 1.84125330e-06
  1.96365062e-06 9.28177795e-08 2.38865152e-04 2.53629288e-05
  1.85911806e-06 6.35395809e-06 4.47974962e-07 3.92813906e-07]
 [7.29397250e-05 1.15493043e-04 1.49696990e-04 2.80031028e-06
  1.96443416e-06 5.11839987e-08 5.01019375e-04 1.64853860e-05
  4.74205256e-06 3.33047594e-06 2.76956675e-07 2.21939984e-07]]
Done!, time = 4.325031042098999s
