Begin!
Data shape = (250000, 5)
Begin sort function!
In centrality 0
In centrality 1
In centrality 2
In centrality 3
In centrality 4
In centrality 5
In centrality 6
end function sorter
Data shape = (250000, 5)
Begin sort function!
In centrality 0
In centrality 1
In centrality 2
In centrality 3
In centrality 4
In centrality 5
In centrality 6
end function sorter
Data shape = (250000, 5)
Begin sort function!
In centrality 0
In centrality 1
In centrality 2
In centrality 3
In centrality 4
In centrality 5
In centrality 6
end function sorter
Data shape = (250000, 5)
Begin sort function!
In centrality 0
In centrality 1
In centrality 2
In centrality 3
In centrality 4
In centrality 5
In centrality 6
end function sorter
Final results shape = (4, 7, 12)
mean value:
[[ 1.75036766e-02  1.06969147e-02  1.53667408e-02  2.90430021e-05
  -1.31027052e-06 -1.59808840e-06  8.78718805e-01  2.64535498e-03
   3.20292503e-05 -2.20954249e-04  4.86269384e-05 -1.41850347e-05]
 [ 1.89420544e-02  1.11960731e-02  1.61482671e-02  9.42783767e-06
  -1.72828677e-06 -1.59205282e-06  8.68799245e-01  2.61231609e-03
   3.02667267e-05 -2.26212319e-04  5.21527524e-05 -1.48917499e-05]
 [ 1.96231658e-02  1.17192030e-02  1.68139383e-02  3.55365581e-07
  -1.71975821e-06 -1.37560270e-06  8.63016110e-01  2.63078395e-03
   3.35437697e-05 -2.19011348e-04  5.32348828e-05 -1.49025430e-05]
 [ 2.03364568e-02  1.22096556e-02  1.75427038e-02 -7.57649738e-06
  -2.27132204e-06 -1.13038833e-06  8.58330261e-01  2.64966509e-03
   3.41856765e-05 -2.21106471e-04  5.55196208e-05 -1.57094416e-05]
 [ 2.09549715e-02  1.27671936e-02  1.81229765e-02 -1.65721957e-05
  -1.60111670e-06 -9.53476674e-07  8.55179545e-01  2.68455505e-03
   3.72367449e-05 -2.16901465e-04  5.78597252e-05 -1.56086086e-05]
 [ 2.14639416e-02  1.32468107e-02  1.86067802e-02 -1.62869371e-05
  -4.11641889e-06 -9.40098126e-07  8.52711922e-01  2.70903662e-03
   3.68182415e-05 -2.10988304e-04  5.93076209e-05 -1.56020579e-05]
 [ 2.18727465e-02  1.36962995e-02  1.92652556e-02 -1.88622836e-05
  -3.88356231e-06 -7.02556807e-07  8.51202426e-01  2.73895122e-03
   4.05005647e-05 -2.04982774e-04  6.06050648e-05 -1.54153080e-05]]
std error:
[[1.24979032e-04 6.76841879e-05 1.13747429e-04 4.50845393e-06
  1.08405365e-06 2.15199779e-07 3.05359485e-04 2.86663902e-05
  3.42476387e-06 5.08289487e-06 8.50824700e-07 4.47740611e-07]
 [1.12361788e-04 4.14321059e-05 6.74679915e-05 3.67117750e-06
  1.87136202e-06 2.37186289e-08 3.28118123e-04 1.91586878e-05
  2.15886100e-06 1.57745152e-06 5.24481192e-07 4.47911669e-08]
 [1.54081968e-04 7.65870754e-05 4.51216969e-05 2.03508068e-06
  1.82785679e-06 9.50362962e-08 3.09555239e-04 2.27098406e-05
  9.48479535e-07 4.21112425e-06 3.43318684e-07 2.52603111e-07]
 [1.17429759e-04 6.49861777e-05 7.51669070e-05 1.39214635e-06
  7.43312216e-07 1.79301225e-07 1.33406087e-04 1.33254907e-05
  8.42149038e-07 7.71380699e-06 6.27936037e-07 7.45829022e-07]
 [4.41032547e-05 7.24789555e-05 7.16652091e-05 4.39878852e-06
  2.14386322e-06 4.92220875e-08 3.40509628e-04 3.46026429e-05
  1.73816116e-06 8.49332726e-06 6.71344647e-07 7.02932306e-07]
 [4.47959040e-05 3.42516357e-05 1.01742582e-04 3.14460734e-06
  2.99544537e-06 1.54757621e-07 1.81199977e-04 2.59116571e-05
  3.35898976e-06 9.24744652e-06 8.09850084e-07 5.85215898e-07]
 [1.36943232e-04 9.78183847e-05 1.27853488e-04 3.78785371e-06
  2.10431622e-06 2.57824241e-07 2.30606178e-04 2.16158378e-05
  1.36301989e-06 7.42318782e-06 5.22334532e-07 7.70538001e-07]]
Done!, time = 4.107862234115601s
