Begin!
Data shape = (250000, 5)
Begin sort function!
In centrality 0
In centrality 1
In centrality 2
In centrality 3
In centrality 4
In centrality 5
In centrality 6
end function sorter
Data shape = (250000, 5)
Begin sort function!
In centrality 0
In centrality 1
In centrality 2
In centrality 3
In centrality 4
In centrality 5
In centrality 6
end function sorter
Data shape = (250000, 5)
Begin sort function!
In centrality 0
In centrality 1
In centrality 2
In centrality 3
In centrality 4
In centrality 5
In centrality 6
end function sorter
Data shape = (250000, 5)
Begin sort function!
In centrality 0
In centrality 1
In centrality 2
In centrality 3
In centrality 4
In centrality 5
In centrality 6
end function sorter
Final results shape = (4, 7, 12)
mean value:
[[ 1.42899347e-02  1.08235473e-02  1.53507389e-02  3.09804799e-05
  -1.49122752e-06 -5.15605799e-07  8.71756125e-01  2.19906136e-03
   1.87831295e-05 -1.21257890e-04  3.29132810e-05 -7.36395350e-06]
 [ 1.56693457e-02  1.13028780e-02  1.59692432e-02  3.27901464e-05
   6.35166553e-07 -5.34565268e-07  8.64490166e-01  2.20556646e-03
   2.21943868e-05 -1.38540656e-04  3.63168504e-05 -8.89487635e-06]
 [ 1.63776139e-02  1.17374040e-02  1.66720479e-02  2.67378743e-05
  -1.66839689e-06 -8.05829233e-07  8.59692162e-01  2.20862954e-03
   2.20171171e-05 -1.39434591e-04  3.76450496e-05 -8.90063136e-06]
 [ 1.69714959e-02  1.21866386e-02  1.72796561e-02  2.10700231e-05
  -1.08403055e-06 -7.91718095e-07  8.56288798e-01  2.21991459e-03
   2.35394338e-05 -1.36331173e-04  3.89710291e-05 -8.96445447e-06]
 [ 1.76923323e-02  1.25639818e-02  1.79233179e-02  1.97254439e-05
  -1.99909360e-06 -6.28943002e-07  8.53883022e-01  2.25273124e-03
   2.46185357e-05 -1.43763503e-04  4.10051635e-05 -9.78394443e-06]
 [ 1.82227766e-02  1.30752752e-02  1.84048210e-02  1.68006899e-05
  -2.47414624e-06 -6.00954134e-07  8.51843954e-01  2.28105773e-03
   2.51586890e-05 -1.44833281e-04  4.29938476e-05 -1.03052308e-05]
 [ 1.87251161e-02  1.35557836e-02  1.88993787e-02  1.56490275e-05
  -3.19547883e-06 -6.58548327e-07  8.50163159e-01  2.30651803e-03
   2.53911331e-05 -1.43720624e-04  4.43245968e-05 -1.03296119e-05]]
std error:
[[8.77205972e-05 1.11454152e-04 1.45980584e-04 2.01084287e-06
  8.46558166e-07 1.98067270e-07 3.86437444e-04 1.79981012e-05
  1.52080535e-06 6.06574440e-06 7.72286981e-07 4.64571881e-07]
 [8.15184864e-05 9.65849015e-05 1.62711337e-04 2.69589859e-06
  2.01363756e-06 2.66246275e-07 2.40002416e-04 3.19156954e-05
  2.98519797e-06 6.38325502e-06 2.46833604e-07 3.73027159e-07]
 [1.21077641e-04 5.80112422e-05 7.88454714e-05 1.78799057e-06
  2.54324474e-06 7.30934517e-08 9.56138274e-05 1.71975491e-05
  1.24489199e-06 7.72873731e-06 6.73824200e-07 4.79212518e-07]
 [8.19291480e-05 2.65731668e-05 1.04546925e-04 3.21354590e-06
  1.08891165e-06 3.14459858e-07 3.58787252e-04 7.95994007e-06
  1.29064467e-06 1.10787501e-06 2.29977389e-07 2.02874770e-07]
 [1.14619761e-04 6.05060733e-05 1.31185742e-04 2.89566788e-06
  1.19556501e-06 1.51098514e-07 1.62005913e-04 7.87227576e-06
  1.19216511e-06 1.82720362e-06 4.09341672e-07 2.64487306e-07]
 [2.70166723e-05 7.22637616e-05 6.73721663e-05 3.04713372e-06
  2.81892079e-06 3.56763063e-07 1.60112508e-04 1.29546053e-05
  2.52510025e-06 2.47736692e-06 2.92662113e-07 1.06513126e-07]
 [1.69388148e-04 6.78280879e-05 1.34541852e-04 2.41184251e-06
  1.74527475e-06 1.57655878e-07 3.06092012e-04 1.86402532e-05
  1.61830498e-06 2.51458426e-06 4.92052153e-07 2.80561608e-07]]
Done!, time = 4.72172474861145s
