Begin!
Data shape = (250000, 5)
Begin sort function!
In centrality 0
In centrality 1
In centrality 2
In centrality 3
In centrality 4
In centrality 5
In centrality 6
end function sorter
Data shape = (250000, 5)
Begin sort function!
In centrality 0
In centrality 1
In centrality 2
In centrality 3
In centrality 4
In centrality 5
In centrality 6
end function sorter
Data shape = (250000, 5)
Begin sort function!
In centrality 0
In centrality 1
In centrality 2
In centrality 3
In centrality 4
In centrality 5
In centrality 6
end function sorter
Data shape = (250000, 5)
Begin sort function!
In centrality 0
In centrality 1
In centrality 2
In centrality 3
In centrality 4
In centrality 5
In centrality 6
end function sorter
Final results shape = (4, 7, 12)
mean value:
[[ 1.65369902e-02  9.74865158e-03  1.47667545e-02  6.73602055e-05
   1.40240393e-06 -1.85184562e-06  8.74901082e-01  2.60907261e-03
   2.99604288e-05 -2.33751242e-04  4.74529792e-05 -1.61719829e-05]
 [ 1.84550517e-02  1.04983533e-02  1.59556389e-02  6.13145990e-05
   1.20718242e-06 -1.77071266e-06  8.66256986e-01  2.56630077e-03
   3.04502342e-05 -2.39092926e-04  5.12993900e-05 -1.79460793e-05]
 [ 1.99025292e-02  1.12577325e-02  1.68446235e-02  3.93561658e-05
   2.14804188e-06 -2.30673151e-06  8.61376194e-01  2.62651488e-03
   3.43202287e-05 -2.55373747e-04  5.51202523e-05 -1.88457457e-05]
 [ 2.10646695e-02  1.20506956e-02  1.78487982e-02  3.28415648e-05
  -6.14740620e-08 -2.21984050e-06  8.57377120e-01  2.66480889e-03
   3.56848658e-05 -2.56141800e-04  5.86695364e-05 -2.00096797e-05]
 [ 2.20672058e-02  1.29128233e-02  1.85508756e-02  2.98311445e-05
   2.08376920e-06 -2.21898654e-06  8.55000366e-01  2.70300890e-03
   3.61674740e-05 -2.66114239e-04  6.25971762e-05 -2.14103406e-05]
 [ 2.28309553e-02  1.36688979e-02  1.92135924e-02  2.10582427e-05
  -6.11743459e-07 -1.99943695e-06  8.53437611e-01  2.75570851e-03
   3.82541678e-05 -2.60930071e-04  6.63235422e-05 -2.20641365e-05]
 [ 2.35826799e-02  1.45110440e-02  1.98473925e-02  1.48170123e-05
  -1.90955743e-06 -2.34901510e-06  8.52669280e-01  2.82483245e-03
   3.93364763e-05 -2.57024171e-04  6.93815494e-05 -2.22302725e-05]]
std error:
[[1.41027452e-04 8.29605424e-05 1.59275445e-04 4.51802589e-06
  1.70568674e-06 1.56665749e-07 4.40359688e-04 2.27155073e-05
  4.00786581e-06 3.02586627e-06 8.03492722e-07 1.53030168e-07]
 [1.23263177e-04 7.57091105e-05 1.00991990e-04 3.43626580e-06
  9.34847127e-07 4.82543232e-07 4.23663705e-04 1.81971700e-05
  3.75694063e-06 7.62934139e-06 3.55853265e-07 4.57581393e-07]
 [9.94024400e-05 9.13330093e-05 8.13082512e-05 3.05296111e-06
  9.45114298e-07 3.98354006e-07 2.64710538e-04 1.97642657e-05
  2.16107881e-06 1.94000453e-06 7.07139206e-07 5.37752147e-07]
 [8.16529088e-05 2.59749158e-05 1.12988068e-04 2.27919162e-06
  1.66940065e-06 1.25431307e-07 4.28440068e-04 2.42494715e-05
  2.13574878e-06 7.66113300e-06 7.37230610e-07 6.11050249e-07]
 [1.23203804e-04 7.28003095e-05 1.26440631e-04 5.30185136e-06
  1.84509180e-06 1.85369728e-07 2.58722296e-04 2.33283358e-05
  1.20161022e-06 8.38175639e-06 1.22774236e-06 8.98215200e-07]
 [1.56642886e-04 3.55882989e-05 8.03752278e-05 8.79600701e-06
  2.36600299e-06 1.67861400e-07 2.25423466e-04 1.90633416e-05
  3.48544081e-06 6.81809502e-06 5.12963568e-07 5.89947065e-07]
 [7.64797780e-05 1.11157668e-04 7.26160483e-05 3.08277583e-06
  8.49208801e-07 2.33925556e-07 2.31028426e-04 2.74522688e-05
  2.89388062e-06 4.85235216e-06 6.81543490e-07 5.74964888e-07]]
Done!, time = 4.3508899211883545s
