Begin!
Data shape = (250000, 5)
Begin sort function!
In centrality 0
In centrality 1
In centrality 2
In centrality 3
In centrality 4
In centrality 5
In centrality 6
end function sorter
Data shape = (250000, 5)
Begin sort function!
In centrality 0
In centrality 1
In centrality 2
In centrality 3
In centrality 4
In centrality 5
In centrality 6
end function sorter
Data shape = (250000, 5)
Begin sort function!
In centrality 0
In centrality 1
In centrality 2
In centrality 3
In centrality 4
In centrality 5
In centrality 6
end function sorter
Data shape = (250000, 5)
Begin sort function!
In centrality 0
In centrality 1
In centrality 2
In centrality 3
In centrality 4
In centrality 5
In centrality 6
end function sorter
Final results shape = (4, 7, 12)
mean value:
[[ 1.41430897e-02  9.56774389e-03  1.36288858e-02  2.95469077e-05
   6.75663448e-07 -9.45495121e-07  9.23261086e-01  9.70248135e-04
  -3.59550781e-06 -1.77760616e-04  1.74865453e-05 -9.69643920e-06]
 [ 1.53797867e-02  1.01609723e-02  1.46639482e-02  1.84214779e-05
  -1.35804228e-07 -9.44975839e-07  9.19834503e-01  9.88631620e-04
  -1.39359249e-06 -1.82853545e-04  1.84646451e-05 -1.03683175e-05]
 [ 1.62571468e-02  1.07524916e-02  1.53683410e-02  1.42622001e-05
   2.23367204e-07 -7.17110399e-07  9.18053938e-01  1.02082842e-03
   3.22092216e-07 -1.77537307e-04  1.92132359e-05 -1.05276550e-05]
 [ 1.71189247e-02  1.15099742e-02  1.61137947e-02  2.55370502e-06
   3.31519402e-07 -5.35633280e-07  9.16442709e-01  1.03934852e-03
   1.08733383e-06 -1.69261016e-04  2.01734052e-05 -1.04799352e-05]
 [ 1.78297688e-02  1.22356649e-02  1.68063440e-02 -2.39278817e-06
  -2.82477804e-07 -5.59150441e-07  9.15641719e-01  1.06360244e-03
   1.76948239e-06 -1.60264069e-04  2.09964158e-05 -1.02474279e-05]
 [ 1.85359457e-02  1.28954425e-02  1.73914791e-02 -5.80415192e-06
  -1.32262145e-06 -4.73228657e-07  9.15194348e-01  1.09718287e-03
   2.71146875e-06 -1.56347094e-04  2.20331355e-05 -1.03397696e-05]
 [ 1.93442199e-02  1.36602260e-02  1.80158019e-02 -6.68731919e-06
  -4.07712549e-06 -6.84578372e-07  9.14977791e-01  1.11324003e-03
   3.05362250e-06 -1.56038978e-04  2.34382680e-05 -1.09773542e-05]]
std error:
[[1.10329569e-04 8.98441762e-06 2.65911327e-05 1.32862366e-06
  1.43140124e-06 1.95177000e-07 3.66505367e-04 7.79138611e-06
  4.15492066e-07 2.13527006e-06 7.65079705e-08 1.99303800e-07]
 [1.80118945e-04 6.12999501e-05 1.48133336e-04 7.87092757e-06
  1.82439783e-06 9.81724815e-08 3.03347862e-04 1.05943934e-05
  3.68498377e-07 7.49847196e-06 5.06134564e-07 6.98507183e-07]
 [1.90932961e-05 4.41430836e-05 1.09805674e-04 3.95257352e-06
  8.99656486e-07 9.25223884e-08 1.17027703e-04 8.49891552e-06
  4.25817489e-07 1.14753387e-06 1.43729401e-07 9.50893569e-08]
 [9.93260382e-05 2.49741503e-05 9.00429624e-05 3.18590624e-06
  7.98838541e-07 1.33381958e-07 1.50079795e-04 4.09251041e-06
  3.85616472e-07 5.02235546e-06 1.75562235e-07 3.36591723e-07]
 [9.14076916e-05 3.05514220e-05 8.07049267e-05 1.05456294e-06
  1.87303773e-06 7.86249512e-08 3.07048212e-04 8.15841535e-06
  5.19333954e-07 2.20477266e-06 3.19971225e-07 1.08814656e-07]
 [1.10941976e-04 9.37489001e-05 8.99149892e-05 3.09342047e-06
  1.12862267e-06 2.18979684e-07 1.82322798e-04 3.89082313e-06
  8.30319764e-07 4.42029117e-06 2.18760023e-07 2.49038491e-07]
 [1.71399860e-04 7.57001574e-05 5.99472747e-05 5.27509524e-06
  9.53304411e-07 1.39761843e-07 3.86089649e-04 1.88652049e-05
  4.36984622e-07 4.71418156e-06 4.81455689e-07 4.65603823e-07]]
Done!, time = 3.8205695152282715s
