Begin!
Data shape = (250000, 5)
Begin sort function!
In centrality 0
In centrality 1
In centrality 2
In centrality 3
In centrality 4
In centrality 5
In centrality 6
end function sorter
Data shape = (250000, 5)
Begin sort function!
In centrality 0
In centrality 1
In centrality 2
In centrality 3
In centrality 4
In centrality 5
In centrality 6
end function sorter
Data shape = (250000, 5)
Begin sort function!
In centrality 0
In centrality 1
In centrality 2
In centrality 3
In centrality 4
In centrality 5
In centrality 6
end function sorter
Data shape = (250000, 5)
Begin sort function!
In centrality 0
In centrality 1
In centrality 2
In centrality 3
In centrality 4
In centrality 5
In centrality 6
end function sorter
Final results shape = (4, 7, 12)
mean value:
[[ 1.37973921e-02  1.02221508e-02  1.45441578e-02  6.30115195e-05
  -2.70466794e-06 -8.82529330e-08  8.10192127e-01  7.82971401e-04
  -6.65215253e-07 -1.53705513e-04  1.42879727e-05 -9.92590238e-06]
 [ 1.54173416e-02  1.09563660e-02  1.54318639e-02  6.75804835e-05
  -5.06252567e-07 -2.66643095e-07  8.06168408e-01  8.13943555e-04
  -2.75211560e-07 -1.71560866e-04  1.60429969e-05 -1.18586357e-05]
 [ 1.68217275e-02  1.13867707e-02  1.62405006e-02  5.45624085e-05
   9.79422912e-07 -1.02050164e-06  8.03670525e-01  8.21134787e-04
   9.64148257e-07 -1.77510081e-04  1.68232811e-05 -1.24533976e-05]
 [ 1.80202666e-02  1.19529110e-02  1.70811142e-02  4.76510211e-05
  -7.04859140e-07 -1.03392245e-06  8.01716405e-01  8.36938553e-04
   1.86298648e-06 -1.81341000e-04  1.79157483e-05 -1.32440340e-05]
 [ 1.87832538e-02  1.25633890e-02  1.76439763e-02  3.87797407e-05
  -1.05208441e-06 -1.11078427e-06  8.00558399e-01  8.46923875e-04
   2.53791838e-06 -1.78242101e-04  1.84036912e-05 -1.32358834e-05]
 [ 1.98154091e-02  1.32111072e-02  1.83492088e-02  3.39647645e-05
  -2.34973469e-06 -8.74367781e-07  7.99519917e-01  8.68985378e-04
   2.56946471e-06 -1.82938132e-04  1.97873006e-05 -1.43126463e-05]
 [ 2.07165621e-02  1.37553585e-02  1.88384354e-02  2.90598559e-05
   9.93426508e-09 -8.91320429e-07  7.98471949e-01  8.76061258e-04
   2.85427614e-06 -1.87105787e-04  2.06646028e-05 -1.50929911e-05]]
std error:
[[8.29196619e-05 1.26965400e-04 3.84138950e-05 5.82637975e-06
  1.62600574e-06 9.31476477e-08 1.58130127e-04 1.17481666e-05
  4.74365758e-07 4.44779822e-06 3.88132638e-07 4.17288141e-07]
 [7.19042064e-05 1.09805011e-04 8.41574522e-05 8.59443355e-06
  2.13422598e-06 2.25126328e-07 1.27665804e-04 1.61285773e-05
  6.04090781e-07 1.27103881e-06 1.35404023e-07 3.63024889e-07]
 [1.30732839e-04 7.93472277e-05 1.03584231e-04 3.57788499e-06
  1.97146445e-06 2.13804022e-07 1.80072858e-04 6.63243945e-06
  3.52440698e-07 2.57057092e-06 1.08251704e-07 3.30907305e-07]
 [1.09380687e-04 8.75046154e-05 7.60996540e-05 1.43411371e-06
  1.83705257e-06 2.63240167e-07 2.33985569e-04 6.74490917e-06
  3.19841825e-07 8.46803535e-07 6.00833719e-08 1.45849672e-07]
 [1.16295829e-04 3.92021500e-05 1.74197462e-04 4.53184147e-06
  1.44212776e-06 1.52408820e-07 3.91207957e-05 9.97798809e-06
  2.59010501e-07 5.36525637e-06 4.19158336e-07 5.02729185e-07]
 [7.10559684e-05 3.31773926e-05 8.33830968e-05 3.83960491e-06
  3.47704440e-07 1.57284146e-07 1.41246143e-04 1.32360435e-05
  2.65862156e-07 4.37837510e-06 3.56643413e-07 4.71451413e-07]
 [3.84075890e-05 7.84345796e-05 1.64382343e-04 4.55307947e-06
  8.14540395e-07 3.41390385e-07 1.57232474e-04 2.97397715e-06
  4.05936690e-07 1.81512770e-06 9.19530625e-08 2.20159376e-07]]
Done!, time = 3.965726852416992s
