Begin!
Data shape = (250000, 5)
Begin sort function!
In centrality 0
In centrality 1
In centrality 2
In centrality 3
In centrality 4
In centrality 5
In centrality 6
end function sorter
Data shape = (250000, 5)
Begin sort function!
In centrality 0
In centrality 1
In centrality 2
In centrality 3
In centrality 4
In centrality 5
In centrality 6
end function sorter
Data shape = (250000, 5)
Begin sort function!
In centrality 0
In centrality 1
In centrality 2
In centrality 3
In centrality 4
In centrality 5
In centrality 6
end function sorter
Data shape = (250000, 5)
Begin sort function!
In centrality 0
In centrality 1
In centrality 2
In centrality 3
In centrality 4
In centrality 5
In centrality 6
end function sorter
Final results shape = (4, 7, 12)
mean value:
[[ 1.60730860e-02  1.09059121e-02  1.59635613e-02  2.37721494e-05
  -7.95860267e-07 -1.30292807e-06  7.79058472e-01  1.72400481e-03
   1.52379806e-05 -1.54786119e-04  2.94078630e-05 -9.33732597e-06]
 [ 1.74143663e-02  1.14506916e-02  1.69065177e-02  1.44411183e-05
  -3.08756134e-07 -1.34571580e-06  7.70989191e-01  1.70451172e-03
   1.52267451e-05 -1.59798859e-04  3.15426085e-05 -1.00112439e-05]
 [ 1.84605723e-02  1.19313687e-02  1.77080101e-02  9.30710956e-07
   3.92849317e-08 -1.23984219e-06  7.65302856e-01  1.71172516e-03
   1.55083659e-05 -1.60750844e-04  3.26438045e-05 -1.02222013e-05]
 [ 1.91737805e-02  1.25362750e-02  1.84152881e-02 -4.66554426e-06
  -2.81616759e-06 -1.00435955e-06  7.61093361e-01  1.74649463e-03
   1.67208031e-05 -1.59525367e-04  3.44154757e-05 -1.04608822e-05]
 [ 1.98750926e-02  1.29545109e-02  1.89281890e-02 -1.47600822e-05
  -4.02680559e-06 -9.66661972e-07  7.58360056e-01  1.76590715e-03
   1.71100412e-05 -1.59182609e-04  3.62652054e-05 -1.05565433e-05]
 [ 2.04531172e-02  1.34705250e-02  1.94167491e-02 -1.63387128e-05
  -1.80119391e-06 -6.04198695e-07  7.56002253e-01  1.80169997e-03
   1.95833763e-05 -1.62978801e-04  3.73620135e-05 -1.14238718e-05]
 [ 2.10194239e-02  1.38666155e-02  2.00660167e-02 -2.20166523e-05
  -1.79253768e-06 -3.67936581e-07  7.53972943e-01  1.80932733e-03
   1.82473638e-05 -1.57243894e-04  3.84033270e-05 -1.11986055e-05]]
std error:
[[1.11332605e-04 5.73777245e-05 1.31685938e-04 2.72264695e-06
  1.73708630e-06 1.87165403e-07 5.05569350e-04 2.52219970e-05
  2.62391932e-06 2.80046120e-06 2.26888818e-07 2.56655208e-07]
 [6.63286760e-05 1.39188517e-04 7.71223653e-05 5.07258345e-06
  2.29418275e-06 3.92309487e-08 5.23994358e-04 3.02174114e-05
  8.89604440e-07 2.55596208e-06 6.23206965e-07 2.14844726e-07]
 [1.32107809e-04 7.14437569e-05 6.32796932e-05 1.44758885e-06
  1.68654988e-06 3.35135331e-08 2.09923688e-04 1.42210338e-05
  7.98038158e-07 2.69197425e-06 4.59981953e-07 2.05983104e-07]
 [1.08009147e-04 3.00183548e-05 7.01277112e-05 2.63316549e-06
  1.69567946e-06 1.50651632e-07 1.45088708e-04 2.62132401e-05
  1.09137092e-06 2.67967546e-06 4.69550888e-07 1.74550547e-07]
 [8.83710378e-05 6.26233019e-05 8.01882399e-05 1.26303584e-06
  1.99607903e-06 6.14510069e-08 1.69689282e-04 2.00806448e-05
  1.27959102e-06 1.46872000e-06 6.51776667e-07 2.22831922e-07]
 [1.39246445e-04 6.13928485e-05 7.83771439e-05 4.69015451e-06
  2.18747097e-06 3.44373432e-07 1.01093203e-04 1.94434437e-05
  1.80318066e-06 1.68044610e-06 2.59706709e-07 1.08780961e-07]
 [1.30807208e-04 1.25094536e-04 1.05416694e-04 5.52902651e-06
  1.85385482e-06 1.91110260e-07 1.59377180e-04 1.60227033e-05
  8.22583236e-07 5.67199571e-06 3.00726382e-07 6.21983887e-07]]
Done!, time = 3.656184673309326s
