Begin!
Data shape = (250000, 5)
Begin sort function!
In centrality 0
In centrality 1
In centrality 2
In centrality 3
In centrality 4
In centrality 5
In centrality 6
end function sorter
Data shape = (250000, 5)
Begin sort function!
In centrality 0
In centrality 1
In centrality 2
In centrality 3
In centrality 4
In centrality 5
In centrality 6
end function sorter
Data shape = (250000, 5)
Begin sort function!
In centrality 0
In centrality 1
In centrality 2
In centrality 3
In centrality 4
In centrality 5
In centrality 6
end function sorter
Data shape = (250000, 5)
Begin sort function!
In centrality 0
In centrality 1
In centrality 2
In centrality 3
In centrality 4
In centrality 5
In centrality 6
end function sorter
Final results shape = (4, 7, 12)
mean value:
[[ 1.50746668e-02  1.12359774e-02  1.60126656e-02  3.76037227e-05
  -3.31112486e-06 -3.64298303e-07  8.08414589e-01  4.41814694e-03
   1.36766722e-04 -8.75159923e-05  6.53161757e-05 -6.06594385e-06]
 [ 1.62748458e-02  1.17846693e-02  1.67253792e-02  3.08276811e-05
  -2.29315966e-06 -6.29501970e-07  7.91336829e-01  4.12013874e-03
   1.30211065e-04 -1.03375956e-04  6.56270222e-05 -6.92783800e-06]
 [ 1.70852300e-02  1.22665000e-02  1.74310755e-02  2.98226742e-05
  -3.01763190e-06 -7.61370306e-07  7.80830985e-01  4.16007688e-03
   1.34076024e-04 -1.00257432e-04  7.02375974e-05 -6.85428042e-06]
 [ 1.78412165e-02  1.27421757e-02  1.79995853e-02  2.19663876e-05
  -2.25066314e-06 -8.24777453e-07  7.72971941e-01  4.20579120e-03
   1.37283314e-04 -1.09652931e-04  7.36817559e-05 -7.76222132e-06]
 [ 1.85239082e-02  1.33120108e-02  1.84967991e-02  2.24200218e-05
  -2.78722195e-06 -9.29430351e-07  7.67009414e-01  4.26682630e-03
   1.42461260e-04 -1.08431007e-04  7.71579644e-05 -7.90474902e-06]
 [ 1.91905229e-02  1.35916070e-02  1.91214582e-02  1.96700605e-05
  -3.70840777e-06 -9.89924611e-07  7.62766181e-01  4.32014909e-03
   1.44316134e-04 -1.15955599e-04  8.17485088e-05 -8.27237504e-06]
 [ 1.96863891e-02  1.40020726e-02  1.96523907e-02  1.51913183e-05
  -4.46773845e-06 -8.20196852e-07  7.58828407e-01  4.39582002e-03
   1.51396357e-04 -1.21017810e-04  8.49297939e-05 -9.04914895e-06]]
std error:
[[6.61956041e-05 5.49149657e-05 8.33870331e-05 3.38062770e-06
  1.14615703e-06 1.69243093e-07 1.02131984e-03 8.46099799e-05
  9.42413374e-06 8.87401975e-06 1.47462470e-06 6.28575971e-07]
 [9.67376456e-05 5.17475251e-05 1.58419021e-04 5.45673765e-06
  9.97133797e-07 1.93500867e-07 4.14753678e-04 2.18539373e-05
  7.20624808e-06 8.01597107e-06 8.75623488e-07 8.28742884e-07]
 [1.07512006e-04 2.22300072e-05 3.30806286e-06 3.79601482e-06
  2.07708841e-06 1.55261943e-07 3.12744733e-04 2.53555322e-05
  5.44595306e-06 3.86132533e-06 6.16031759e-07 3.72090702e-07]
 [1.67614393e-04 1.28523490e-05 1.93803045e-04 3.70178211e-06
  1.59271472e-06 1.83274089e-07 3.69153360e-04 5.20541004e-05
  6.73519743e-06 4.14294098e-06 6.43056355e-07 3.04395155e-07]
 [5.27360711e-05 6.50206188e-05 9.60496734e-05 4.11644738e-07
  1.32044114e-06 2.90213599e-07 2.05279163e-04 4.95222399e-05
  5.96337489e-06 2.41067659e-06 1.35004025e-06 3.95424025e-07]
 [8.95616347e-05 3.79318594e-05 1.71347736e-04 1.30395230e-06
  9.53201466e-07 6.34347899e-08 3.40845585e-04 4.66134090e-06
  5.70721309e-06 1.94627086e-06 6.18527210e-07 2.08375450e-07]
 [1.37702168e-04 4.88693470e-05 1.00512778e-04 4.87015197e-06
  1.39701572e-06 1.32196175e-07 1.64924163e-04 7.39386884e-05
  6.23278688e-06 6.65801506e-06 1.73272482e-06 2.76842897e-07]]
Done!, time = 4.660131454467773s
