Begin!
Data shape = (250000, 5)
Begin sort function!
In centrality 0
In centrality 1
In centrality 2
In centrality 3
In centrality 4
In centrality 5
In centrality 6
end function sorter
Data shape = (250000, 5)
Begin sort function!
In centrality 0
In centrality 1
In centrality 2
In centrality 3
In centrality 4
In centrality 5
In centrality 6
end function sorter
Data shape = (250000, 5)
Begin sort function!
In centrality 0
In centrality 1
In centrality 2
In centrality 3
In centrality 4
In centrality 5
In centrality 6
end function sorter
Data shape = (250000, 5)
Begin sort function!
In centrality 0
In centrality 1
In centrality 2
In centrality 3
In centrality 4
In centrality 5
In centrality 6
end function sorter
Final results shape = (4, 7, 12)
mean value:
[[ 1.62053324e-02  1.07399986e-02  1.57107183e-02  6.14244146e-06
  -2.44742769e-06 -7.86391865e-07  8.49423274e-01  5.21154406e-03
   1.58141454e-04 -1.60039315e-04  8.40432988e-05 -9.71075242e-06]
 [ 1.75409441e-02  1.12486928e-02  1.69352328e-02  5.64297920e-07
  -4.84850595e-07 -9.03642836e-07  8.32069558e-01  5.02256827e-03
   1.56749257e-04 -1.72603000e-04  8.74578058e-05 -1.08988149e-05]
 [ 1.82325058e-02  1.18827826e-02  1.74915985e-02 -8.03594504e-06
  -1.48143457e-06 -7.52890923e-07  8.21675582e-01  5.01580700e-03
   1.56978691e-04 -1.70896243e-04  9.06320290e-05 -1.08697778e-05]
 [ 1.90618961e-02  1.25429969e-02  1.82607004e-02 -1.14195679e-05
  -2.64541409e-06 -6.09303355e-07  8.13634155e-01  5.03694969e-03
   1.50265408e-04 -1.79373209e-04  9.65986322e-05 -1.20852240e-05]
 [ 1.97758525e-02  1.30408228e-02  1.89896871e-02 -1.69490387e-05
  -1.50777928e-06 -4.54469027e-07  8.08631075e-01  5.09390793e-03
   1.62257446e-04 -1.64772922e-04  1.00259348e-04 -1.12458569e-05]
 [ 2.01860950e-02  1.35277203e-02  1.95291486e-02 -2.28694571e-05
  -3.11376949e-06 -2.93113805e-07  8.04659195e-01  5.23728392e-03
   1.73892934e-04 -1.90349342e-04  1.04547731e-04 -1.32287774e-05]
 [ 2.08840972e-02  1.40572203e-02  2.00796871e-02 -2.65340391e-05
  -3.72987264e-06 -4.31415094e-07  8.01968185e-01  5.34244635e-03
   1.70880666e-04 -1.83715909e-04  1.10564936e-04 -1.30274077e-05]]
std error:
[[1.12085982e-04 6.21196531e-05 1.11880122e-04 5.21205839e-06
  1.20707200e-06 1.98267517e-07 1.61807622e-04 6.39443970e-05
  8.45813532e-06 6.56241817e-06 1.25984298e-06 1.29780237e-07]
 [1.63115882e-04 1.13198830e-04 1.17164117e-04 3.57276399e-06
  3.25375410e-06 8.78872962e-08 1.74558612e-04 7.32725561e-05
  7.58189432e-06 1.70196108e-05 2.10804802e-06 1.08603558e-06]
 [1.19996535e-04 5.63472797e-05 1.11201838e-04 2.03431412e-06
  2.51860582e-06 9.84666121e-08 2.54955866e-04 1.93621095e-05
  1.99548636e-06 1.31388081e-05 5.00006072e-07 9.19778233e-07]
 [1.01518433e-04 6.79448576e-05 7.80963126e-05 2.04028793e-06
  2.68624637e-06 9.11763541e-08 4.26788192e-04 2.66793195e-05
  1.15774817e-06 2.16918268e-06 7.61046162e-07 3.05236262e-07]
 [1.03253085e-04 1.47482548e-04 1.48917339e-04 5.99384286e-06
  2.13916126e-06 2.05529888e-07 4.06717455e-04 5.33202281e-05
  8.31018821e-06 4.68400003e-06 1.76012894e-06 3.84490432e-07]
 [1.13910408e-04 6.96807484e-05 6.63495499e-05 4.02866361e-06
  2.95826084e-06 9.85024700e-08 1.98551903e-04 1.99217173e-05
  6.39732250e-06 7.41727012e-06 4.76261125e-07 9.71431590e-07]
 [6.85504251e-05 4.30591791e-05 1.06986790e-04 3.95170108e-06
  2.86080299e-06 3.51105414e-07 2.54534274e-04 2.55741732e-05
  8.73871084e-06 7.28811149e-06 5.13332328e-07 6.36412049e-07]]
Done!, time = 1.5936009883880615s
