Begin!
Data shape = (250000, 5)
Begin sort function!
In centrality 0
In centrality 1
In centrality 2
In centrality 3
In centrality 4
In centrality 5
In centrality 6
end function sorter
Data shape = (250000, 5)
Begin sort function!
In centrality 0
In centrality 1
In centrality 2
In centrality 3
In centrality 4
In centrality 5
In centrality 6
end function sorter
Data shape = (250000, 5)
Begin sort function!
In centrality 0
In centrality 1
In centrality 2
In centrality 3
In centrality 4
In centrality 5
In centrality 6
end function sorter
Data shape = (250000, 5)
Begin sort function!
In centrality 0
In centrality 1
In centrality 2
In centrality 3
In centrality 4
In centrality 5
In centrality 6
end function sorter
Final results shape = (4, 7, 12)
mean value:
[[ 1.65155224e-02  1.07089359e-02  1.58124466e-02  6.75117393e-06
  -1.35242552e-06 -7.42511724e-07  8.49731106e-01  5.38278943e-03
   1.81509503e-04 -1.43244740e-04  8.92639495e-05 -9.00844211e-06]
 [ 1.76014545e-02  1.13438941e-02  1.68067113e-02 -6.47507787e-06
   8.40619010e-07 -7.70469520e-07  8.31657380e-01  5.20731323e-03
   1.82567068e-04 -1.52975404e-04  9.12314984e-05 -9.50726599e-06]
 [ 1.85486839e-02  1.19286932e-02  1.75842680e-02 -1.19759491e-05
  -5.33055112e-07 -5.95446116e-07  8.21154447e-01  5.22399460e-03
   1.81833886e-04 -1.61973582e-04  9.64274309e-05 -1.07091910e-05]
 [ 1.91160307e-02  1.24949694e-02  1.83437203e-02 -1.47072411e-05
  -1.60425528e-06 -6.09507132e-07  8.12971795e-01  5.19197056e-03
   1.83488218e-04 -1.63580642e-04  9.85211548e-05 -1.10813655e-05]
 [ 1.99254454e-02  1.31007745e-02  1.89963778e-02 -2.12615643e-05
  -4.19565459e-06 -6.06677793e-07  8.07762790e-01  5.31773301e-03
   1.89188728e-04 -1.65284721e-04  1.05598762e-04 -1.12481760e-05]
 [ 2.03352679e-02  1.35303049e-02  1.95061367e-02 -2.36205923e-05
  -3.49955665e-06 -3.75561230e-07  8.03933122e-01  5.43454762e-03
   2.02571716e-04 -1.63286512e-04  1.10183625e-04 -1.11717987e-05]
 [ 2.09856664e-02  1.41192713e-02  2.01753125e-02 -2.75448809e-05
  -3.06424827e-06 -3.34091976e-07  8.01019195e-01  5.58574242e-03
   2.13723404e-04 -1.72954248e-04  1.15657258e-04 -1.21290627e-05]]
std error:
[[5.67319886e-05 9.96558746e-05 2.17887898e-04 2.99104927e-06
  2.21799720e-06 1.37875661e-07 1.00492208e-03 8.52070059e-05
  1.01346372e-05 8.33440795e-06 1.58213958e-06 8.50801782e-07]
 [1.57317153e-04 1.21229400e-04 1.13302716e-04 2.14465763e-06
  1.68116302e-06 2.33223476e-07 7.51909197e-04 7.24051680e-05
  1.61776950e-05 7.32941522e-06 1.63517513e-06 2.20998810e-07]
 [1.46073350e-04 8.05552475e-05 1.05920095e-04 1.51128241e-06
  1.93903301e-06 6.50553698e-08 3.95645264e-04 1.79049422e-05
  4.44720362e-06 3.73020434e-06 1.06108881e-06 2.25228224e-07]
 [9.55877921e-05 4.89223520e-05 6.71029988e-05 1.90370377e-06
  2.06669728e-06 2.91376690e-07 6.40201713e-04 5.74169925e-05
  4.72713911e-06 4.87797809e-06 1.22698110e-06 4.95438558e-07]
 [1.19065329e-04 6.79771728e-05 1.67706873e-04 5.59156396e-06
  9.76467171e-07 1.60011229e-07 1.29950053e-04 2.75053792e-05
  2.85327650e-06 4.48815304e-06 7.87077423e-07 6.01794953e-07]
 [6.28513304e-05 7.24157316e-05 8.72319271e-05 3.28695871e-06
  6.67679842e-07 2.89094207e-07 6.22382801e-04 5.36722400e-05
  1.00209635e-05 5.83484750e-06 1.68606572e-06 1.25924373e-07]
 [8.85935439e-05 5.08723175e-05 1.26472845e-04 3.31644163e-06
  1.06719048e-06 1.13584769e-07 6.42885994e-04 2.54199018e-05
  6.14208402e-06 1.06650160e-05 6.30444004e-07 6.19271466e-07]]
Done!, time = 2.2125000953674316s
