Begin!
Data shape = (250000, 5)
Begin sort function!
In centrality 0
In centrality 1
In centrality 2
In centrality 3
In centrality 4
In centrality 5
In centrality 6
end function sorter
Data shape = (250000, 5)
Begin sort function!
In centrality 0
In centrality 1
In centrality 2
In centrality 3
In centrality 4
In centrality 5
In centrality 6
end function sorter
Data shape = (250000, 5)
Begin sort function!
In centrality 0
In centrality 1
In centrality 2
In centrality 3
In centrality 4
In centrality 5
In centrality 6
end function sorter
Data shape = (250000, 5)
Begin sort function!
In centrality 0
In centrality 1
In centrality 2
In centrality 3
In centrality 4
In centrality 5
In centrality 6
end function sorter
Final results shape = (4, 7, 12)
mean value:
[[ 1.41536009e-02  1.08976411e-02  1.54218477e-02  4.18978218e-05
   1.40008539e-07 -5.31036921e-07  8.11873061e-01  8.05991470e-04
   7.04214218e-07 -1.25632419e-04  1.35272807e-05 -7.66436906e-06]
 [ 1.53570129e-02  1.13985352e-02  1.62403810e-02  4.30940070e-05
  -1.97084822e-06 -4.72986412e-07  8.08186973e-01  8.17903089e-04
   1.48766182e-06 -1.35229014e-04  1.45600248e-05 -8.77090360e-06]
 [ 1.63088055e-02  1.17750885e-02  1.66875368e-02  3.63601014e-05
  -2.61212188e-06 -2.77138843e-07  8.05920015e-01  8.28005642e-04
   1.87183886e-06 -1.39884254e-04  1.53298207e-05 -9.32183148e-06]
 [ 1.71645037e-02  1.22584670e-02  1.73292838e-02  2.90736078e-05
  -3.34720577e-06 -5.36517438e-07  8.03920110e-01  8.30863864e-04
   2.39958207e-06 -1.38333105e-04  1.58988875e-05 -9.51962834e-06]
 [ 1.77535151e-02  1.26473457e-02  1.80225891e-02  1.98229465e-05
  -1.68565152e-06 -7.86436537e-07  8.02700382e-01  8.44490961e-04
   2.93124434e-06 -1.36922879e-04  1.64543721e-05 -9.39980544e-06]
 [ 1.84360664e-02  1.31236840e-02  1.84020285e-02  1.62776374e-05
  -2.15556635e-06 -4.84115779e-07  8.01316049e-01  8.59797371e-04
   2.96201028e-06 -1.40732817e-04  1.73679843e-05 -1.00115817e-05]
 [ 1.89736751e-02  1.35197685e-02  1.89839489e-02  1.54228643e-05
  -5.83442657e-06 -8.20392471e-07  8.00476606e-01  8.66742349e-04
   3.55851229e-06 -1.37860072e-04  1.77966925e-05 -9.99560303e-06]]
std error:
[[9.29469750e-05 1.15227599e-04 2.10394126e-04 3.89772429e-06
  2.06726206e-06 8.48823612e-08 1.88771811e-04 1.32518895e-05
  2.31957807e-07 1.31903843e-06 2.87067385e-07 1.67629014e-07]
 [6.84730028e-05 6.78524843e-05 7.39093153e-05 4.09134163e-06
  2.08678267e-06 2.48975319e-07 2.01085754e-04 6.83121773e-06
  2.15818044e-07 3.82740506e-06 4.23696786e-08 1.93551941e-07]
 [9.29808126e-05 6.86474247e-05 7.35629394e-05 3.56050931e-06
  7.91965365e-07 2.27283470e-07 1.31587094e-04 5.91327078e-06
  1.08732993e-07 3.51395737e-06 2.82138517e-07 4.05204660e-07]
 [1.53022212e-04 5.65709887e-05 4.57112083e-05 5.33665871e-06
  1.98587859e-06 3.81488251e-07 1.87586223e-04 1.80704369e-06
  2.72753040e-07 1.56577323e-06 1.27169734e-07 2.49656005e-07]
 [5.96956569e-05 1.02458503e-04 1.05830968e-04 5.89006335e-06
  1.91144858e-06 1.19085503e-07 2.41155588e-05 1.36328338e-05
  1.75414288e-07 2.44273516e-06 1.22882474e-07 2.18217577e-07]
 [1.86541084e-04 4.82945576e-05 3.58371609e-05 4.67029052e-06
  1.65027605e-06 3.21698317e-07 2.37740687e-04 4.42718861e-06
  3.33358294e-07 5.71131124e-06 1.95979876e-07 3.90562486e-07]
 [1.01933793e-04 8.37305332e-05 6.11489782e-05 4.75020115e-06
  2.52631878e-06 1.62162685e-07 1.16137566e-04 1.10180624e-05
  5.20728757e-07 1.40257422e-06 2.50788720e-07 1.91333897e-07]]
Done!, time = 2.3750386238098145s
