Begin!
Data shape = (250000, 5)
Begin sort function!
In centrality 0
In centrality 1
In centrality 2
In centrality 3
In centrality 4
In centrality 5
In centrality 6
end function sorter
Data shape = (250000, 5)
Begin sort function!
In centrality 0
In centrality 1
In centrality 2
In centrality 3
In centrality 4
In centrality 5
In centrality 6
end function sorter
Data shape = (250000, 5)
Begin sort function!
In centrality 0
In centrality 1
In centrality 2
In centrality 3
In centrality 4
In centrality 5
In centrality 6
end function sorter
Data shape = (250000, 5)
Begin sort function!
In centrality 0
In centrality 1
In centrality 2
In centrality 3
In centrality 4
In centrality 5
In centrality 6
end function sorter
Final results shape = (4, 7, 12)
mean value:
[[ 1.93690030e-02  9.73583868e-03  1.38389604e-02  2.34241809e-05
  -6.34986926e-07 -2.64666593e-06  9.74671748e-01  1.01834247e-02
   6.07858769e-04 -2.98474555e-04  1.94664513e-04 -2.12764608e-05]
 [ 2.10886806e-02  1.05120394e-02  1.50317764e-02  2.10412384e-07
  -1.24074913e-06 -2.47170937e-06  9.50311676e-01  9.51649472e-03
   5.19499995e-04 -3.08437688e-04  1.98411022e-04 -2.29877676e-05]
 [ 2.20645012e-02  1.12008624e-02  1.59263151e-02 -1.66055105e-05
  -1.03206541e-06 -1.92654546e-06  9.37859056e-01  9.71063026e-03
   5.74624931e-04 -3.22666912e-04  2.10158181e-04 -2.47185565e-05]
 [ 2.31865754e-02  1.19377223e-02  1.69278844e-02 -3.06464071e-05
   1.55186224e-06 -1.53934749e-06  9.28934574e-01  9.83096042e-03
   5.81743816e-04 -3.39035894e-04  2.23577971e-04 -2.67833112e-05]
 [ 2.39948037e-02  1.26989239e-02  1.76922920e-02 -3.88748594e-05
  -1.20616477e-06 -1.29133190e-06  9.23935933e-01  1.00467761e-02
   6.05953522e-04 -3.43518755e-04  2.36397992e-04 -2.76167190e-05]
 [ 2.45840217e-02  1.32869909e-02  1.81703512e-02 -4.39838346e-05
  -8.48059435e-07 -8.80753379e-07  9.23045062e-01  1.04022388e-02
   6.28424464e-04 -3.41210506e-04  2.49875121e-04 -2.79951248e-05]
 [ 2.51614854e-02  1.39833159e-02  1.87822588e-02 -4.18652052e-05
  -1.33401900e-06 -9.98339182e-07  9.22350346e-01  1.05739616e-02
   6.03403788e-04 -3.45838480e-04  2.61031407e-04 -2.90221274e-05]]
std error:
[[2.15275014e-04 7.58229742e-05 4.19482115e-05 5.70424500e-06
  1.67892521e-06 1.23099163e-07 1.05369378e-03 1.24370478e-04
  1.82730276e-05 2.26406378e-05 6.18276368e-06 1.87386306e-06]
 [1.64950263e-04 1.05297525e-04 9.47076284e-05 4.99987822e-06
  1.27713823e-06 3.53714709e-07 1.42932210e-03 6.31743752e-05
  1.44399115e-05 2.66424431e-05 7.19051108e-07 2.31840685e-06]
 [1.83005264e-04 2.24142526e-05 5.04707814e-05 2.91236655e-06
  5.18736680e-07 1.15985727e-07 7.11914744e-04 8.51636796e-05
  1.11224338e-05 5.64446391e-06 3.90887526e-06 7.76476420e-07]
 [7.34085195e-05 4.37299433e-05 6.94350019e-05 2.01033296e-06
  2.03679752e-06 4.14726575e-08 4.97256359e-04 1.38153331e-04
  1.41688597e-05 1.89399187e-05 3.49363333e-06 1.43588984e-06]
 [5.35031202e-05 4.19057977e-05 9.43015365e-05 9.08691160e-06
  1.14030403e-06 3.74176853e-07 2.92398921e-04 6.20293472e-05
  1.07899672e-05 1.03204013e-05 3.50987247e-06 8.10842939e-07]
 [1.06537778e-04 3.57702148e-05 2.02004830e-04 1.50961460e-06
  6.89806094e-07 3.18812321e-07 9.42258082e-04 1.01349489e-04
  3.46650534e-05 5.47167796e-06 2.03203012e-06 7.13538154e-07]
 [1.64182409e-04 9.54181991e-05 1.46418488e-04 5.82311902e-06
  2.94143786e-06 4.27361614e-07 8.13718041e-04 5.91382816e-05
  1.52291904e-05 8.63173057e-06 2.25535477e-06 9.30007709e-07]]
Done!, time = 4.670337200164795s
