Begin!
Data shape = (250000, 5)
Begin sort function!
In centrality 0
In centrality 1
In centrality 2
In centrality 3
In centrality 4
In centrality 5
In centrality 6
end function sorter
Data shape = (250000, 5)
Begin sort function!
In centrality 0
In centrality 1
In centrality 2
In centrality 3
In centrality 4
In centrality 5
In centrality 6
end function sorter
Data shape = (250000, 5)
Begin sort function!
In centrality 0
In centrality 1
In centrality 2
In centrality 3
In centrality 4
In centrality 5
In centrality 6
end function sorter
Data shape = (250000, 5)
Begin sort function!
In centrality 0
In centrality 1
In centrality 2
In centrality 3
In centrality 4
In centrality 5
In centrality 6
end function sorter
Final results shape = (4, 7, 12)
mean value:
[[ 1.23395768e-02  1.00539762e-02  1.44432659e-02  3.01818293e-05
  -1.50103322e-07 -3.74044744e-08  8.71965613e-01  2.36949443e-03
   3.02120854e-05 -8.01289711e-05  2.96925589e-05 -4.44036788e-06]
 [ 1.34543293e-02  1.05960791e-02  1.52127132e-02  3.11138836e-05
  -2.70494857e-06 -1.80926121e-08  8.64350281e-01  2.35531132e-03
   2.79133084e-05 -8.23929154e-05  3.22464527e-05 -4.81469818e-06]
 [ 1.42320786e-02  1.10480151e-02  1.58557576e-02  2.77475029e-05
   5.47663741e-07 -2.84982161e-07  8.60168247e-01  2.37639768e-03
   3.05454702e-05 -9.21013007e-05  3.47325952e-05 -5.50806528e-06]
 [ 1.49348741e-02  1.16902179e-02  1.64984829e-02  2.16481183e-05
   9.83022116e-07 -4.19827790e-07  8.56582327e-01  2.39499034e-03
   2.91495124e-05 -9.22638042e-05  3.65716835e-05 -5.61572500e-06]
 [ 1.55956762e-02  1.23289175e-02  1.69918268e-02  1.87121735e-05
  -5.44454255e-07 -3.70103778e-07  8.54626268e-01  2.44405845e-03
   3.31652343e-05 -9.23197249e-05  3.91040043e-05 -5.92981760e-06]
 [ 1.63408122e-02  1.29384767e-02  1.75599992e-02  1.81723987e-05
  -2.28552558e-06 -3.11104383e-07  8.53688012e-01  2.49812404e-03
   3.45521090e-05 -1.01466340e-04  4.15153418e-05 -6.72861953e-06]
 [ 1.70873143e-02  1.34591609e-02  1.80445666e-02  2.08641386e-05
  -1.64343627e-06 -5.12179420e-07  8.52661301e-01  2.52974092e-03
   3.67539126e-05 -9.50636182e-05  4.44978472e-05 -6.66458807e-06]]
std error:
[[1.54908345e-04 5.61060030e-05 7.81199005e-05 4.30879967e-06
  1.16920922e-06 1.50863672e-07 2.65833119e-04 2.19331324e-05
  3.67284039e-06 7.14151397e-06 1.02058616e-06 5.57327585e-07]
 [2.56548358e-05 1.43801978e-04 6.35097145e-05 4.10863547e-06
  2.04046003e-06 3.51449966e-07 5.37864443e-04 1.40893643e-05
  7.16842140e-07 8.07378706e-06 5.46758676e-07 5.15340712e-07]
 [1.31301150e-04 4.71267561e-05 6.74944449e-05 2.91295694e-06
  1.35692090e-06 6.58063083e-08 2.87597009e-04 2.05681306e-05
  2.62215845e-06 4.68951385e-06 6.39806165e-07 3.45243251e-07]
 [6.04733305e-05 5.59129518e-05 3.28730243e-05 2.23847513e-06
  1.27692045e-06 1.00919953e-07 1.43489685e-04 2.21148041e-05
  7.86446502e-07 8.43293286e-06 5.12569447e-07 6.27564390e-07]
 [9.69281541e-05 5.18669285e-05 8.51418695e-05 1.72935473e-06
  8.44521636e-07 1.15744867e-07 2.44387564e-04 1.36611623e-05
  1.36954719e-06 1.52133750e-06 3.66044197e-07 1.43197077e-07]
 [5.83635865e-05 1.30027337e-05 7.08258368e-05 4.04929832e-06
  1.26288281e-06 1.05040752e-07 1.91254904e-04 2.83158889e-05
  9.06007213e-07 5.27183485e-06 6.88184243e-07 3.59073844e-07]
 [7.47507176e-05 7.81645634e-05 4.91261677e-05 2.43824200e-06
  3.03006645e-06 1.30634483e-07 4.62382636e-04 1.73059831e-05
  2.81994439e-06 1.94245781e-06 8.41548533e-07 2.03602826e-07]]
Done!, time = 4.370931148529053s
