Begin!
Data shape = (250000, 5)
Begin sort function!
In centrality 0
In centrality 1
In centrality 2
In centrality 3
In centrality 4
In centrality 5
In centrality 6
end function sorter
Data shape = (250000, 5)
Begin sort function!
In centrality 0
In centrality 1
In centrality 2
In centrality 3
In centrality 4
In centrality 5
In centrality 6
end function sorter
Data shape = (250000, 5)
Begin sort function!
In centrality 0
In centrality 1
In centrality 2
In centrality 3
In centrality 4
In centrality 5
In centrality 6
end function sorter
Data shape = (250000, 5)
Begin sort function!
In centrality 0
In centrality 1
In centrality 2
In centrality 3
In centrality 4
In centrality 5
In centrality 6
end function sorter
Final results shape = (4, 7, 12)
mean value:
[[ 1.84824358e-02  9.73466872e-03  1.36423591e-02  5.04251281e-05
   5.04334760e-07 -2.97853739e-06  9.42462922e-01  3.32163809e-03
   3.75327146e-05 -3.21668110e-04  6.79691834e-05 -2.24296548e-05]
 [ 2.02168734e-02  1.03142266e-02  1.48062127e-02  1.93308217e-05
   1.75635871e-06 -3.00121346e-06  9.32757203e-01  3.30899529e-03
   4.48805250e-05 -3.28834061e-04  7.16246991e-05 -2.35465797e-05]
 [ 2.12819665e-02  1.09511225e-02  1.56656864e-02  5.61552405e-06
   3.47124167e-07 -2.46890104e-06  9.26864653e-01  3.36971647e-03
   4.73057913e-05 -3.29428206e-04  7.55744334e-05 -2.42227915e-05]
 [ 2.21116441e-02  1.16736882e-02  1.66055606e-02 -3.18923837e-06
  -1.06668927e-07 -2.34512179e-06  9.22571890e-01  3.42690600e-03
   5.24982350e-05 -3.21741418e-04  7.91318658e-05 -2.44817919e-05]
 [ 2.29412047e-02  1.23410216e-02  1.74559000e-02 -1.23119206e-05
   5.17163690e-07 -1.81088598e-06  9.19936876e-01  3.49477174e-03
   5.52907526e-05 -3.14493095e-04  8.29489995e-05 -2.46330169e-05]
 [ 2.36000848e-02  1.30610773e-02  1.80409425e-02 -1.58489403e-05
  -1.26628709e-06 -1.93176813e-06  9.18645776e-01  3.52269639e-03
   5.49895294e-05 -3.09248410e-04  8.56683014e-05 -2.47838535e-05]
 [ 2.41969627e-02  1.37976936e-02  1.86253992e-02 -2.41342243e-05
  -3.51821946e-06 -1.45798597e-06  9.17815491e-01  3.57880292e-03
   5.68921896e-05 -2.88204438e-04  8.86556521e-05 -2.37997229e-05]]
std error:
[[6.01718656e-05 9.41972721e-05 1.21943913e-04 9.21276612e-06
  1.27716348e-06 1.85619772e-07 5.72221023e-04 1.59410130e-05
  9.80712024e-07 8.34787596e-06 6.62706904e-07 8.51332679e-07]
 [1.67757667e-04 7.51384521e-05 6.03123521e-05 3.62798758e-06
  8.74589059e-07 1.09675586e-07 8.53123295e-04 2.96166776e-05
  2.14433552e-06 9.02800028e-06 9.94882541e-07 4.92646562e-07]
 [1.98639910e-05 4.11766910e-05 7.13893828e-05 2.90682033e-06
  8.42967066e-07 1.42122672e-07 1.42261587e-04 6.88342425e-06
  1.44564305e-06 3.82650632e-06 5.37704848e-07 5.54597654e-07]
 [1.13424103e-04 4.34975960e-05 9.58291584e-05 5.92094377e-06
  1.07306642e-06 3.71670453e-07 2.48674138e-04 6.55799245e-06
  3.61972865e-06 2.84126995e-06 6.98852119e-07 2.03127019e-07]
 [7.77311327e-05 1.08403949e-04 8.13232002e-05 6.92418329e-06
  2.08291064e-06 5.24544821e-07 1.95713345e-04 2.21036894e-05
  2.59838060e-06 5.00989822e-06 6.22892460e-07 6.05843904e-07]
 [1.48458651e-04 3.84921187e-05 5.63411874e-05 4.00517287e-06
  1.33914794e-06 2.34018939e-07 5.38803403e-04 2.23477213e-05
  1.88873347e-06 4.32528517e-06 1.03777170e-06 8.47778571e-07]
 [6.93169579e-05 9.12598582e-05 1.41425529e-04 5.46377407e-06
  1.91790185e-06 1.32940148e-07 1.66995546e-04 2.46959256e-05
  2.30013285e-06 1.23646649e-05 1.05364282e-06 1.18008474e-06]]
Done!, time = 4.150662183761597s
