Begin!
Data shape = (250000, 5)
Begin sort function!
In centrality 0
In centrality 1
In centrality 2
In centrality 3
In centrality 4
In centrality 5
In centrality 6
end function sorter
Data shape = (250000, 5)
Begin sort function!
In centrality 0
In centrality 1
In centrality 2
In centrality 3
In centrality 4
In centrality 5
In centrality 6
end function sorter
Data shape = (250000, 5)
Begin sort function!
In centrality 0
In centrality 1
In centrality 2
In centrality 3
In centrality 4
In centrality 5
In centrality 6
end function sorter
Data shape = (250000, 5)
Begin sort function!
In centrality 0
In centrality 1
In centrality 2
In centrality 3
In centrality 4
In centrality 5
In centrality 6
end function sorter
Final results shape = (4, 7, 12)
mean value:
[[ 1.16899442e-02  1.00268853e-02  1.61769164e-02 -2.48113323e-07
   1.20221868e-06 -7.82826704e-08  8.45222807e-01  5.93109664e-03
   2.48081516e-04 -3.83855384e-05  6.85603636e-05 -1.78059486e-06]
 [ 1.24907332e-02  1.08598477e-02  1.73302578e-02 -3.33011358e-06
  -1.25624241e-06 -9.29577433e-08  8.26054246e-01  5.62840924e-03
   2.41714269e-04 -4.11037216e-05  6.91892614e-05 -1.97556884e-06]
 [ 1.32629341e-02  1.15515757e-02  1.80144836e-02 -6.13537653e-06
  -1.45372722e-07 -8.25667143e-08  8.17019570e-01  5.64230005e-03
   2.32595671e-04 -4.23427639e-05  7.43201722e-05 -2.03771285e-06]
 [ 1.38886295e-02  1.23246063e-02  1.87498438e-02 -7.81891615e-06
   2.88214162e-06 -6.55064282e-08  8.09196039e-01  5.68739641e-03
   2.44370290e-04 -3.83363203e-05  7.71667935e-05 -1.67185270e-06]
 [ 1.44872444e-02  1.29120979e-02  1.93635692e-02 -1.08976547e-05
  -2.05521136e-06  2.65226477e-08  8.05363769e-01  5.91504538e-03
   2.65199133e-04 -3.32420034e-05  8.55195587e-05 -1.62549791e-06]
 [ 1.50586123e-02  1.35327898e-02  1.95892361e-02 -1.13329878e-05
  -2.96071476e-07 -1.28769763e-08  8.02604161e-01  6.00460753e-03
   2.62237558e-04 -2.91922937e-05  9.03179306e-05 -1.38112110e-06]
 [ 1.55856363e-02  1.40762576e-02  2.00991163e-02 -1.22666877e-05
  -1.87580760e-06 -3.52871097e-08  8.00561594e-01  6.14687168e-03
   2.70210938e-04 -2.67460559e-05  9.47836014e-05 -1.25402092e-06]]
std error:
[[2.39785140e-05 5.94638437e-05 1.11285140e-04 1.97172159e-06
  1.55048371e-06 6.94056704e-08 8.06075436e-04 7.85734840e-05
  1.29034411e-05 3.04146062e-06 1.12469589e-06 1.44368202e-07]
 [1.47342670e-04 4.14870095e-05 1.36904216e-04 9.29268870e-07
  1.35488933e-06 4.97296777e-08 5.54950039e-04 1.93770317e-05
  1.07591590e-05 6.87476289e-06 8.86466795e-07 3.91220232e-07]
 [3.18103489e-05 5.01926774e-05 1.67248616e-04 6.80200689e-07
  8.69100715e-07 6.95370110e-08 4.56964845e-04 6.64761054e-05
  8.74264484e-06 5.96061991e-06 1.00213003e-06 1.84587411e-07]
 [9.67565076e-05 1.74803458e-05 9.01940062e-05 2.67094273e-06
  6.77500162e-07 6.24306904e-08 6.27047586e-04 3.13935491e-05
  1.07272751e-05 9.58806148e-06 9.79969681e-07 3.36801703e-07]
 [6.07204690e-05 8.98421066e-05 8.99911630e-05 2.64780876e-06
  1.73027408e-06 3.69282430e-08 1.13425416e-04 3.44170459e-05
  7.65531079e-06 1.11215360e-05 1.10384044e-06 5.31408861e-07]
 [6.48770113e-05 7.07071565e-05 1.47389881e-04 1.13783213e-06
  3.30751258e-06 5.09753348e-08 2.04708649e-04 7.48184971e-05
  1.26982691e-05 6.47556244e-06 1.86016944e-06 4.74078584e-07]
 [9.54852086e-05 6.46249264e-05 1.15163955e-04 1.40963564e-06
  2.04582170e-06 5.22163888e-08 1.34919292e-04 3.46501145e-05
  5.32691467e-06 6.58736237e-06 1.14879266e-06 3.52939402e-07]]
Done!, time = 4.410812854766846s
