Begin!
Data shape = (250000, 5)
Begin sort function!
In centrality 0
In centrality 1
In centrality 2
In centrality 3
In centrality 4
In centrality 5
In centrality 6
end function sorter
Data shape = (250000, 5)
Begin sort function!
In centrality 0
In centrality 1
In centrality 2
In centrality 3
In centrality 4
In centrality 5
In centrality 6
end function sorter
Data shape = (250000, 5)
Begin sort function!
In centrality 0
In centrality 1
In centrality 2
In centrality 3
In centrality 4
In centrality 5
In centrality 6
end function sorter
Data shape = (250000, 5)
Begin sort function!
In centrality 0
In centrality 1
In centrality 2
In centrality 3
In centrality 4
In centrality 5
In centrality 6
end function sorter
Final results shape = (4, 7, 12)
mean value:
[[ 1.22116661e-02  1.06854176e-02  1.53606992e-02  2.02323032e-05
  -1.15005637e-06 -1.17931029e-07  8.70471015e-01  2.35688104e-03
   2.94194367e-05 -6.76414784e-05  2.93190683e-05 -3.62757683e-06]
 [ 1.30464709e-02  1.12607854e-02  1.59766169e-02  1.69886871e-05
  -1.82252468e-06 -2.30909080e-07  8.62085013e-01  2.33620976e-03
   2.69495268e-05 -6.87471340e-05  3.08603795e-05 -3.69193526e-06]
 [ 1.35609890e-02  1.16684374e-02  1.64984215e-02  1.72063354e-05
   1.11626982e-07 -2.27855470e-07  8.57409848e-01  2.34191031e-03
   3.07847587e-05 -6.85671031e-05  3.19052390e-05 -3.77352137e-06]
 [ 1.41643534e-02  1.20574904e-02  1.70780598e-02  1.20955088e-05
  -2.71918331e-06 -2.62079787e-07  8.53664806e-01  2.36069052e-03
   3.03739310e-05 -6.63380488e-05  3.39117119e-05 -3.74010662e-06]
 [ 1.47527878e-02  1.25449861e-02  1.76004383e-02  1.21050220e-05
  -2.58713614e-06 -1.26000510e-07  8.51167702e-01  2.40294889e-03
   3.35855676e-05 -7.15888428e-05  3.63526635e-05 -4.30442169e-06]
 [ 1.51963157e-02  1.29878861e-02  1.82262179e-02  1.19733496e-05
   1.77073877e-07 -1.36862730e-07  8.49454017e-01  2.44316051e-03
   3.42276967e-05 -6.84252776e-05  3.74867101e-05 -4.11356075e-06]
 [ 1.56428997e-02  1.34422204e-02  1.86076324e-02  9.18632669e-06
  -4.64062681e-06 -2.93874651e-07  8.47868058e-01  2.47137283e-03
   3.37306859e-05 -6.72212792e-05  3.90842694e-05 -4.15522141e-06]]
std error:
[[6.67358063e-05 1.07732359e-04 1.01021687e-04 3.00785859e-06
  2.44947535e-06 1.63567827e-07 2.20642482e-04 2.95482349e-05
  3.44958333e-06 4.80595022e-06 5.39635720e-07 2.77086013e-07]
 [6.74146708e-05 4.76189829e-05 5.43062935e-05 5.37415961e-07
  6.27646539e-07 1.36090959e-07 5.10106424e-04 3.91092542e-05
  5.13355824e-06 6.81367025e-06 4.51515448e-07 5.58164728e-07]
 [9.55922516e-05 1.43335823e-04 5.01868114e-05 2.01090796e-06
  1.80706184e-06 1.48743622e-07 1.47096607e-04 1.75335138e-05
  2.06754519e-06 4.84863101e-06 1.72193780e-07 4.33735841e-07]
 [5.30479825e-05 5.45068052e-05 1.17932164e-04 2.50780632e-06
  1.47994576e-06 5.35127442e-08 1.78519697e-04 1.40217995e-05
  1.15879155e-06 4.14944553e-06 4.70176502e-07 2.78702386e-07]
 [1.88357023e-05 7.21231924e-05 4.23739268e-05 2.20392663e-06
  2.52150020e-06 2.01334219e-07 1.38301426e-04 2.43722907e-05
  2.33398431e-06 7.29104599e-06 6.64949369e-07 5.40608764e-07]
 [7.10255256e-05 1.10074828e-04 3.68387822e-05 3.70298174e-06
  1.12943903e-06 1.27960569e-07 3.32421590e-04 1.47447149e-05
  2.64688859e-06 2.75958312e-06 5.41056468e-07 1.25401341e-07]
 [9.69347444e-05 6.10720118e-05 5.06082727e-05 1.99252635e-06
  2.58697905e-06 1.29474567e-07 1.93901065e-04 2.82493131e-05
  9.39286462e-07 3.47644474e-06 8.13883563e-07 2.67311053e-07]]
Done!, time = 3.8313589096069336s
