Begin!
Data shape = (250000, 5)
Begin sort function!
In centrality 0
In centrality 1
In centrality 2
In centrality 3
In centrality 4
In centrality 5
In centrality 6
end function sorter
Data shape = (250000, 5)
Begin sort function!
In centrality 0
In centrality 1
In centrality 2
In centrality 3
In centrality 4
In centrality 5
In centrality 6
end function sorter
Data shape = (250000, 5)
Begin sort function!
In centrality 0
In centrality 1
In centrality 2
In centrality 3
In centrality 4
In centrality 5
In centrality 6
end function sorter
Data shape = (250000, 5)
Begin sort function!
In centrality 0
In centrality 1
In centrality 2
In centrality 3
In centrality 4
In centrality 5
In centrality 6
end function sorter
Final results shape = (4, 7, 12)
mean value:
[[ 1.27943994e-02  9.81574958e-03  1.40714025e-02  2.63363288e-05
   1.59680335e-07 -3.51764080e-07  9.64290738e-01  9.94988270e-03
   6.10537327e-04 -8.67849222e-05  1.26217941e-04 -4.84423889e-06]
 [ 1.39777375e-02  1.04472961e-02  1.49169843e-02  2.73217360e-05
  -3.73715275e-07 -3.74554983e-07  9.41500223e-01  9.42415628e-03
   6.04539098e-04 -9.20342963e-05  1.30718934e-04 -5.60853245e-06]
 [ 1.48518431e-02  1.11085953e-02  1.58076920e-02  2.42711794e-05
   1.30491158e-06 -4.62787101e-07  9.29906501e-01  9.38675020e-03
   5.78554223e-04 -9.90119752e-05  1.37567163e-04 -6.39600832e-06]
 [ 1.56752755e-02  1.17709363e-02  1.65355127e-02  2.10399861e-05
  -6.35963911e-07 -6.02823920e-07  9.21369235e-01  9.39821227e-03
   5.60292946e-04 -1.03426268e-04  1.45675742e-04 -6.45569674e-06]
 [ 1.63933467e-02  1.24251912e-02  1.70144928e-02  1.56519199e-05
   9.89111865e-07 -6.68200133e-07  9.18260434e-01  9.76495746e-03
   6.02664789e-04 -9.48332916e-05  1.58012573e-04 -6.26141364e-06]
 [ 1.69337362e-02  1.30307394e-02  1.76351041e-02  1.31226457e-05
  -7.51629190e-07 -7.14921279e-07  9.16294063e-01  9.93876203e-03
   5.93965680e-04 -9.95238384e-05  1.66447770e-04 -6.62856850e-06]
 [ 1.76952610e-02  1.35260147e-02  1.81787797e-02  1.60314059e-05
  -1.42981166e-06 -6.81227055e-07  9.17065859e-01  1.03259884e-02
   6.31548632e-04 -1.10448756e-04  1.78244313e-04 -7.74694571e-06]]
std error:
[[2.01418319e-04 8.06481378e-05 1.41112069e-04 3.05438911e-06
  7.61226979e-07 8.19438580e-08 1.90542749e-04 1.04624484e-04
  3.80084611e-05 4.44962031e-06 2.39799199e-06 6.23278233e-07]
 [1.37997774e-04 9.49452774e-05 9.26133055e-05 4.54823693e-06
  1.41223171e-06 2.37512327e-07 8.36617682e-04 1.48668725e-04
  3.52415995e-05 7.89338139e-06 3.32542059e-06 4.80473487e-07]
 [3.44844910e-05 8.98575499e-05 9.48586550e-05 3.86509260e-06
  1.29643475e-06 3.55586065e-08 6.69742570e-04 1.12608496e-04
  2.01483807e-05 9.68201494e-06 2.35734995e-06 6.32335881e-07]
 [4.09653626e-05 3.98484892e-05 8.20362078e-05 1.32697087e-06
  1.37934572e-06 6.77884761e-08 5.32070115e-04 9.74839840e-05
  2.60041904e-05 5.13477692e-06 1.56273463e-06 4.13737309e-07]
 [1.22114726e-04 4.27334536e-05 1.11308436e-04 1.42428393e-06
  1.28785958e-06 1.61842669e-07 4.09516806e-04 4.49358804e-05
  1.56804516e-05 1.18414853e-05 2.74255255e-06 8.83135705e-07]
 [1.29486651e-04 5.65634222e-05 8.04452828e-05 1.55789254e-06
  1.98769836e-06 6.77959547e-08 6.11540038e-04 1.59644262e-04
  2.56800241e-05 1.38415336e-05 3.14308888e-06 8.76267388e-07]
 [3.98234457e-05 1.05538929e-04 1.12854996e-04 4.74240882e-06
  6.59303286e-07 1.01636638e-07 5.26862468e-04 5.24218095e-05
  1.39850939e-05 1.24094640e-05 2.36231399e-06 5.56575921e-07]]
Done!, time = 4.159785985946655s
