Begin!
Data shape = (250000, 5)
Begin sort function!
In centrality 0
In centrality 1
In centrality 2
In centrality 3
In centrality 4
In centrality 5
In centrality 6
end function sorter
Data shape = (250000, 5)
Begin sort function!
In centrality 0
In centrality 1
In centrality 2
In centrality 3
In centrality 4
In centrality 5
In centrality 6
end function sorter
Data shape = (250000, 5)
Begin sort function!
In centrality 0
In centrality 1
In centrality 2
In centrality 3
In centrality 4
In centrality 5
In centrality 6
end function sorter
Data shape = (250000, 5)
Begin sort function!
In centrality 0
In centrality 1
In centrality 2
In centrality 3
In centrality 4
In centrality 5
In centrality 6
end function sorter
Final results shape = (4, 7, 12)
mean value:
[[ 1.23586275e-02  9.97892967e-03  1.44328317e-02 -1.67035347e-08
  -1.60015058e-06 -2.13291524e-07  9.04911346e-01  7.49093196e-03
   3.59752161e-04 -6.48689497e-05  9.15325895e-05 -2.97855126e-06]
 [ 1.31653955e-02  1.07724727e-02  1.54021747e-02 -2.32165345e-06
  -2.52724861e-07 -1.53979168e-07  8.84284324e-01  7.14129226e-03
   3.45918876e-04 -5.90430912e-05  9.42033398e-05 -2.96096935e-06]
 [ 1.39348856e-02  1.13900868e-02  1.61886164e-02 -6.27207086e-06
  -7.55141849e-07 -1.49662013e-07  8.72913378e-01  7.16298343e-03
   3.56296187e-04 -6.21443600e-05  9.87625200e-05 -3.15767679e-06]
 [ 1.45524320e-02  1.19644075e-02  1.68123029e-02 -5.60552684e-06
   1.08696532e-06 -1.49621128e-07  8.65203101e-01  7.23780501e-03
   3.57090137e-04 -6.93294899e-05  1.03221779e-04 -3.61526805e-06]
 [ 1.51121547e-02  1.25018317e-02  1.74453061e-02 -8.89026581e-06
   1.64089830e-06 -1.40930796e-07  8.60806266e-01  7.37367966e-03
   3.63075903e-04 -5.35213113e-05  1.09498561e-04 -2.43859059e-06]
 [ 1.58137052e-02  1.30578468e-02  1.79619181e-02 -1.08587257e-05
   8.68198229e-07 -1.27299205e-07  8.58523614e-01  7.61741201e-03
   3.84536033e-04 -5.65478327e-05  1.18453860e-04 -3.04721553e-06]
 [ 1.64703594e-02  1.36296471e-02  1.82749700e-02 -1.13181779e-05
  -1.80474931e-06 -9.63039998e-08  8.57355809e-01  7.79436325e-03
   3.80854760e-04 -5.69982053e-05  1.26690308e-04 -3.07664509e-06]]
std error:
[[4.37551298e-05 8.25572178e-05 2.35160790e-04 2.35565711e-06
  1.30887488e-06 5.72905228e-08 6.72676987e-04 8.80709936e-05
  1.49002135e-05 4.83127325e-06 1.47142822e-06 1.84534281e-07]
 [7.86168621e-05 8.15366266e-05 8.80702565e-05 1.98197542e-06
  1.27702591e-06 4.35380033e-08 8.54365088e-04 3.03266827e-05
  3.07488240e-05 5.98644842e-06 1.45176094e-06 4.14484463e-07]
 [5.70972514e-05 4.56193873e-05 6.24516136e-05 1.77015750e-06
  4.68045120e-07 6.98149487e-08 4.71764265e-04 5.03471612e-05
  1.72809182e-05 1.20128374e-05 1.51199942e-06 6.93746515e-07]
 [2.52836611e-05 1.32719684e-05 9.55842087e-05 1.93569861e-06
  2.13615254e-06 4.85100687e-08 4.09428236e-04 2.43419084e-05
  7.29179604e-06 8.66788112e-06 8.33623606e-07 4.01902459e-07]
 [5.65861501e-05 2.01977603e-05 6.02895251e-05 2.46106552e-07
  1.45090422e-06 2.21196757e-08 3.59454170e-04 9.60773454e-05
  1.25062703e-05 4.39201303e-06 1.55972814e-06 3.90750376e-07]
 [6.43081611e-05 2.64120994e-05 1.43677214e-04 1.66531679e-06
  7.33615007e-07 9.46166587e-08 4.14178176e-04 4.87652252e-05
  5.71778670e-06 8.78850539e-06 9.71878042e-07 6.88902009e-07]
 [6.72927768e-05 8.19950725e-05 7.77600817e-05 1.61613094e-06
  1.28181083e-06 9.78496619e-08 4.24806739e-04 1.41934973e-05
  5.36174007e-06 5.02028898e-06 1.37373789e-06 5.71944680e-07]]
Done!, time = 4.57910680770874s
