Begin!
Data shape = (250000, 5)
Begin sort function!
In centrality 0
In centrality 1
In centrality 2
In centrality 3
In centrality 4
In centrality 5
In centrality 6
end function sorter
Data shape = (250000, 5)
Begin sort function!
In centrality 0
In centrality 1
In centrality 2
In centrality 3
In centrality 4
In centrality 5
In centrality 6
end function sorter
Data shape = (250000, 5)
Begin sort function!
In centrality 0
In centrality 1
In centrality 2
In centrality 3
In centrality 4
In centrality 5
In centrality 6
end function sorter
Data shape = (250000, 5)
Begin sort function!
In centrality 0
In centrality 1
In centrality 2
In centrality 3
In centrality 4
In centrality 5
In centrality 6
end function sorter
Final results shape = (4, 7, 12)
mean value:
[[ 1.39243283e-02  1.11561231e-02  1.56678023e-02  1.85996304e-05
  -1.47400486e-06 -4.15816775e-07  7.70034321e-01  8.01562744e-04
  -4.78320404e-07 -1.10248733e-04  1.27345418e-05 -5.92721970e-06]
 [ 1.50360359e-02  1.16611771e-02  1.63577478e-02  1.34901321e-05
  -2.45303195e-06 -5.83262314e-07  7.65588807e-01  8.06519916e-04
  -7.01040853e-09 -1.12180758e-04  1.35064894e-05 -6.33500752e-06]
 [ 1.59357834e-02  1.19720868e-02  1.70874814e-02  5.04467503e-06
  -3.09384596e-06 -5.28491574e-07  7.62739094e-01  8.14820996e-04
   5.17136502e-07 -1.13004773e-04  1.41582205e-05 -6.54275498e-06]
 [ 1.65977715e-02  1.24969666e-02  1.77020932e-02  1.71360830e-06
  -3.15039031e-06 -4.86246066e-07  7.60184809e-01  8.27035414e-04
   1.30330054e-06 -1.09293800e-04  1.46540011e-05 -6.57626288e-06]
 [ 1.72845148e-02  1.28932711e-02  1.81636366e-02 -4.12408866e-06
  -1.91334719e-06 -4.26454361e-07  7.58586891e-01  8.38144277e-04
   1.78985532e-06 -1.11286532e-04  1.53964430e-05 -6.90083337e-06]
 [ 1.76587944e-02  1.32660748e-02  1.86145870e-02 -4.60435635e-06
  -7.31947972e-07 -4.48082698e-07  7.57155691e-01  8.41839421e-04
   1.90888355e-06 -1.08112501e-04  1.55590162e-05 -6.76014091e-06]
 [ 1.82403207e-02  1.36709983e-02  1.92168699e-02 -8.95175611e-06
  -2.47602659e-06 -3.79251116e-07  7.55700323e-01  8.60948541e-04
   2.23146760e-06 -1.04734774e-04  1.64497754e-05 -6.71709785e-06]]
std error:
[[1.16359233e-04 4.84980144e-05 1.16465999e-04 3.62554680e-06
  6.01900888e-07 1.09323214e-07 8.69511860e-05 1.07293068e-05
  2.88434885e-07 4.16942384e-06 2.26788893e-07 2.27577298e-07]
 [1.01032468e-04 5.12819784e-05 8.03872828e-05 2.07818325e-06
  1.77643980e-06 1.05341225e-07 2.03590395e-04 1.17698113e-05
  2.18356280e-07 2.21291603e-06 1.95791366e-07 1.18863187e-07]
 [9.03456128e-05 1.14582841e-04 1.26501388e-04 2.22794599e-06
  8.74180906e-07 1.01967383e-07 7.62205951e-05 5.55947331e-06
  3.15830453e-07 4.20571896e-06 1.91943520e-07 2.81555757e-07]
 [1.29739745e-04 4.86998865e-05 4.94478028e-05 3.65029042e-06
  1.23587078e-06 1.00870916e-07 2.86540401e-04 5.97760337e-06
  1.96870741e-07 4.55339327e-06 1.51574511e-07 3.61951279e-07]
 [3.49463299e-05 8.60443308e-05 6.02560227e-05 7.61141767e-07
  2.89684985e-06 6.46781663e-08 1.08347678e-04 8.89260068e-06
  1.86024428e-07 2.73101253e-06 2.58977788e-07 2.03086321e-07]
 [8.47280154e-05 2.30969301e-05 1.58911728e-04 5.20495419e-06
  1.74214637e-06 5.89009610e-08 2.40306317e-04 1.06612480e-05
  2.20116302e-07 4.96902635e-06 2.63326387e-07 3.60558406e-07]
 [1.04876380e-04 6.18446067e-05 4.21820180e-05 3.77528883e-06
  1.27234486e-06 1.56074835e-07 1.35785159e-04 4.86892001e-06
  3.08313000e-07 3.70416260e-06 1.79934064e-07 3.37958519e-07]]
Done!, time = 4.863379716873169s
