Begin!
Data shape = (250000, 5)
Begin sort function!
In centrality 0
In centrality 1
In centrality 2
In centrality 3
In centrality 4
In centrality 5
In centrality 6
end function sorter
Data shape = (250000, 5)
Begin sort function!
In centrality 0
In centrality 1
In centrality 2
In centrality 3
In centrality 4
In centrality 5
In centrality 6
end function sorter
Data shape = (250000, 5)
Begin sort function!
In centrality 0
In centrality 1
In centrality 2
In centrality 3
In centrality 4
In centrality 5
In centrality 6
end function sorter
Data shape = (250000, 5)
Begin sort function!
In centrality 0
In centrality 1
In centrality 2
In centrality 3
In centrality 4
In centrality 5
In centrality 6
end function sorter
Final results shape = (4, 7, 12)
mean value:
[[ 1.69148577e-02  1.10162832e-02  1.55094949e-02  6.77840213e-05
  -6.76141203e-07 -1.24140064e-06  8.27593526e-01  1.99651532e-03
   1.34812424e-05 -2.06104299e-04  3.76667231e-05 -1.49693879e-05]
 [ 1.88055207e-02  1.14876885e-02  1.64649310e-02  5.81552361e-05
  -1.08885733e-06 -1.62841993e-06  8.19252721e-01  2.00818311e-03
   1.66263868e-05 -2.23770624e-04  4.08323613e-05 -1.66211060e-05]
 [ 2.00204583e-02  1.19091537e-02  1.70887361e-02  4.35697340e-05
  -2.01166079e-06 -1.91747285e-06  8.13841404e-01  1.99697811e-03
   1.82573456e-05 -2.26817828e-04  4.28192537e-05 -1.75655208e-05]
 [ 2.10825976e-02  1.23669535e-02  1.77457843e-02  3.91636591e-05
  -2.94775085e-06 -2.24039647e-06  8.09517446e-01  1.99981987e-03
   1.69020072e-05 -2.39058248e-04  4.50771750e-05 -1.90346780e-05]
 [ 2.18332903e-02  1.28657992e-02  1.82949258e-02  3.06272292e-05
  -2.56301845e-06 -1.90180336e-06  8.06917119e-01  2.06708715e-03
   2.04782692e-05 -2.39785153e-04  4.76221820e-05 -1.95321996e-05]
 [ 2.24283297e-02  1.33254469e-02  1.89247987e-02  2.58513041e-05
  -2.76994078e-06 -1.82148896e-06  8.04252095e-01  2.07692581e-03
   2.12598851e-05 -2.41385041e-04  4.85667951e-05 -1.99604056e-05]
 [ 2.31495453e-02  1.37510846e-02  1.94647502e-02  2.65243497e-05
  -3.02154744e-06 -2.03447247e-06  8.02033237e-01  2.11057358e-03
   2.26785015e-05 -2.43825013e-04  5.06160979e-05 -2.10265448e-05]]
std error:
[[1.55552530e-04 4.09815656e-05 2.70937718e-04 3.49204245e-06
  2.26166608e-06 2.37387461e-07 2.53469779e-04 2.45160071e-05
  1.73129888e-06 5.48241912e-06 7.12239281e-07 4.76916402e-07]
 [2.35747991e-04 1.04625153e-04 1.34720464e-04 1.34065949e-05
  2.83889468e-06 4.57142730e-07 1.99429502e-04 1.29576076e-05
  1.13509803e-06 1.15296914e-05 1.37362477e-06 1.32446916e-06]
 [8.48627016e-05 2.28171299e-06 7.65199782e-05 4.67918630e-06
  1.43236884e-06 1.01178340e-07 3.52851763e-04 2.08325168e-05
  1.44384276e-06 5.68181044e-06 6.41495281e-07 7.77221449e-07]
 [7.71755496e-05 7.47230307e-05 1.28210970e-04 4.18937680e-06
  1.07598414e-06 3.04430178e-07 2.64452955e-04 2.04554733e-05
  3.33028359e-07 3.50238692e-06 8.24358941e-07 5.27971120e-07]
 [9.33467472e-05 1.01307720e-04 6.80470764e-05 2.66704902e-06
  2.20705365e-06 4.87371721e-07 2.26029151e-04 1.74790696e-05
  5.75482085e-07 5.36236592e-06 6.04301270e-07 6.55071233e-07]
 [1.03646258e-04 6.33353381e-05 7.98420892e-05 6.66648304e-06
  1.67184949e-06 3.50129603e-07 3.31499255e-04 9.15006259e-06
  1.39728914e-06 6.23468786e-06 6.30164278e-07 7.79060197e-07]
 [9.48995336e-05 7.69558916e-05 9.70450431e-05 3.91927310e-06
  2.02691806e-06 1.90801098e-07 1.99012954e-04 9.11517736e-06
  1.89298477e-06 4.33576139e-06 8.08221562e-07 5.89571437e-07]]
Done!, time = 3.617307662963867s
