Begin!
Data shape = (250000, 5)
Begin sort function!
In centrality 0
In centrality 1
In centrality 2
In centrality 3
In centrality 4
In centrality 5
In centrality 6
end function sorter
Data shape = (250000, 5)
Begin sort function!
In centrality 0
In centrality 1
In centrality 2
In centrality 3
In centrality 4
In centrality 5
In centrality 6
end function sorter
Data shape = (250000, 5)
Begin sort function!
In centrality 0
In centrality 1
In centrality 2
In centrality 3
In centrality 4
In centrality 5
In centrality 6
end function sorter
Data shape = (250000, 5)
Begin sort function!
In centrality 0
In centrality 1
In centrality 2
In centrality 3
In centrality 4
In centrality 5
In centrality 6
end function sorter
Final results shape = (4, 7, 12)
mean value:
[[ 1.14980479e-02  9.92881091e-03  1.42354299e-02  9.80972978e-06
  -3.61835402e-07 -2.34084663e-07  8.57833574e-01  7.59580294e-04
  -9.87866151e-07 -7.50056159e-05  9.98650588e-06 -3.37138279e-06]
 [ 1.22686106e-02  1.03983167e-02  1.50951713e-02  7.71179520e-06
  -1.56381214e-06 -2.00446561e-07  8.54893771e-01  7.85731208e-04
  -4.94178173e-08 -7.73326250e-05  1.06621842e-05 -3.64658585e-06]
 [ 1.29178725e-02  1.10124851e-02  1.57013224e-02  3.58295824e-06
   2.50706694e-07 -2.65985942e-07  8.53424631e-01  7.92784982e-04
   2.28629608e-07 -7.52533189e-05  1.11419016e-05 -3.58011993e-06]
 [ 1.36188750e-02  1.16172382e-02  1.64588585e-02  1.39836617e-07
  -1.58975407e-06 -1.85148241e-07  8.52177033e-01  8.13641495e-04
   6.99003066e-07 -7.25185573e-05  1.19051976e-05 -3.56519783e-06]
 [ 1.42839376e-02  1.22938573e-02  1.69341256e-02  1.25822185e-07
  -1.51460139e-06 -1.49269268e-07  8.51474727e-01  8.33805839e-04
   9.87401204e-07 -7.24947557e-05  1.27231878e-05 -3.81220709e-06]
 [ 1.49064459e-02  1.28738041e-02  1.74373810e-02 -1.20531744e-06
  -7.12707192e-07 -3.48156167e-08  8.50597059e-01  8.49310100e-04
   1.53385334e-06 -6.53703389e-05  1.34500305e-05 -3.64887545e-06]
 [ 1.55285753e-02  1.35019286e-02  1.79088533e-02 -5.20790760e-06
  -3.44472670e-06 -1.68289902e-07  8.50386078e-01  8.75226785e-04
   1.74239533e-06 -6.61651634e-05  1.43931976e-05 -3.86791826e-06]]
std error:
[[1.20877270e-04 7.80922503e-05 1.83363931e-04 3.76117728e-06
  1.49924341e-06 1.06599678e-07 1.65233133e-04 1.77903147e-06
  2.20872388e-07 2.75584824e-06 1.58739832e-07 1.76278991e-07]
 [5.00362687e-05 3.23610201e-05 1.24532020e-04 2.57727725e-06
  9.35809952e-07 5.39058801e-08 1.97206491e-04 7.55927073e-06
  2.44072012e-07 2.21675725e-06 6.48443906e-08 1.00487867e-07]
 [2.29623342e-05 5.39233613e-05 6.02761095e-05 1.53764012e-06
  1.29434779e-06 7.80328118e-08 2.65661437e-04 6.41483348e-06
  2.73035527e-07 1.20559744e-06 1.08748469e-07 8.01121180e-08]
 [9.75099983e-05 5.56747258e-05 7.53320405e-05 2.57068958e-06
  1.66329343e-06 3.39981207e-08 1.84116085e-04 6.48499996e-06
  2.00803470e-07 2.63594823e-06 1.32733052e-07 1.75125573e-07]
 [6.64271591e-05 9.15518098e-05 7.13367666e-05 2.54169482e-06
  7.05931125e-07 8.62626445e-08 1.43735031e-04 1.89123854e-06
  3.37680142e-07 2.65656947e-06 1.14018553e-07 1.45152463e-07]
 [5.42180303e-05 3.65580443e-05 7.94712596e-05 2.56720372e-06
  1.14175765e-06 6.64400484e-08 4.76700079e-05 6.68898817e-06
  3.01770097e-07 2.60294359e-06 2.11077951e-07 1.62736731e-07]
 [7.28897552e-05 9.89237703e-05 1.12235409e-04 4.08483159e-07
  1.74111177e-06 5.84728991e-08 1.90087476e-04 3.94475124e-06
  2.60081034e-07 2.04226209e-06 5.49685270e-08 1.49261833e-07]]
Done!, time = 3.8059487342834473s
