Begin!
Data shape = (250000, 5)
Begin sort function!
In centrality 0
In centrality 1
In centrality 2
In centrality 3
In centrality 4
In centrality 5
In centrality 6
end function sorter
Data shape = (250000, 5)
Begin sort function!
In centrality 0
In centrality 1
In centrality 2
In centrality 3
In centrality 4
In centrality 5
In centrality 6
end function sorter
Data shape = (250000, 5)
Begin sort function!
In centrality 0
In centrality 1
In centrality 2
In centrality 3
In centrality 4
In centrality 5
In centrality 6
end function sorter
Data shape = (250000, 5)
Begin sort function!
In centrality 0
In centrality 1
In centrality 2
In centrality 3
In centrality 4
In centrality 5
In centrality 6
end function sorter
Final results shape = (4, 7, 12)
mean value:
[[ 1.56269998e-02  9.89905022e-03  1.48500341e-02  5.16102518e-05
   2.23592152e-06 -1.95054796e-06  8.08989846e-01  8.68641360e-04
  -5.35806606e-06 -2.25736090e-04  1.87975230e-05 -1.39085847e-05]
 [ 1.77230472e-02  1.06820400e-02  1.62928311e-02  3.64908574e-05
  -6.35968522e-07 -2.16726074e-06  8.04196612e-01  8.93388599e-04
  -2.66274969e-06 -2.30200977e-04  1.98711668e-05 -1.50428525e-05]
 [ 1.89956757e-02  1.14776476e-02  1.72569808e-02  2.25801587e-05
   8.85043986e-07 -1.95779955e-06  8.01165057e-01  9.06722501e-04
  -9.74905234e-07 -2.30593458e-04  2.05850132e-05 -1.56994556e-05]
 [ 2.00818728e-02  1.21896938e-02  1.82531181e-02  7.00229337e-06
  -1.29386749e-06 -1.86914694e-06  7.99122664e-01  9.23654501e-04
   4.72577018e-07 -2.21864442e-04  2.12924625e-05 -1.54963866e-05]
 [ 2.10129792e-02  1.29466131e-02  1.90368303e-02 -9.52083350e-06
  -3.62515980e-07 -1.06826281e-06  7.97617003e-01  9.49740189e-04
   1.07586875e-06 -2.19745273e-04  2.24367911e-05 -1.60129532e-05]
 [ 2.17969706e-02  1.37310366e-02  1.96507878e-02 -1.25737537e-05
  -6.62731272e-07 -1.27100086e-06  7.96571431e-01  9.63590945e-04
   1.68181673e-06 -2.13341722e-04  2.31336745e-05 -1.59675569e-05]
 [ 2.24966909e-02  1.44552017e-02  2.03109879e-02 -2.14587352e-05
  -1.89816550e-06 -8.44565256e-07  7.95698284e-01  9.67757237e-04
   2.66533407e-06 -2.00952154e-04  2.34512864e-05 -1.55162189e-05]]
std error:
[[1.63244761e-05 5.05307435e-05 4.91384999e-05 2.52009572e-06
  1.43842643e-06 2.22109471e-07 1.62468683e-04 7.77933669e-06
  3.67934755e-07 1.74917466e-06 1.55340815e-07 9.67996894e-08]
 [1.41351907e-04 1.07596137e-04 1.71478346e-04 6.43344665e-06
  2.54292253e-06 2.30256248e-07 2.58158534e-04 1.03152708e-05
  3.49300764e-07 7.35673722e-06 6.99988405e-07 8.37176426e-07]
 [1.56834842e-04 3.74881243e-05 8.98267246e-05 4.06885185e-06
  1.78920183e-06 2.27957339e-07 1.07082072e-04 5.24847960e-06
  2.96731501e-07 4.54014942e-06 2.05061290e-07 4.17038262e-07]
 [6.48311275e-05 1.04983592e-04 1.32107167e-04 3.90864480e-06
  8.67855926e-07 4.14241460e-07 1.64426625e-04 8.32305347e-06
  1.45084072e-07 5.34182646e-06 3.49834847e-07 3.77157475e-07]
 [7.70450998e-05 6.49878230e-05 1.57191970e-04 4.86930746e-06
  8.24422428e-07 2.21103371e-07 2.44715185e-04 5.36879680e-06
  5.06352154e-07 4.08810391e-06 2.56661895e-07 3.87143419e-07]
 [7.07666796e-05 1.23971762e-04 8.83550070e-05 1.98627404e-06
  2.68287516e-06 2.70032238e-07 1.63712557e-04 9.20636733e-06
  2.37730896e-07 1.37632140e-06 2.27387910e-07 6.27669800e-08]
 [6.22567595e-05 1.30872284e-04 1.41689151e-04 2.78144651e-06
  2.86623629e-06 1.72615198e-07 2.12661522e-04 8.03281745e-06
  5.17749253e-07 5.92545126e-06 3.22576072e-07 4.74890673e-07]]
Done!, time = 3.782041549682617s
