Begin!
Data shape = (250000, 5)
Begin sort function!
In centrality 0
In centrality 1
In centrality 2
In centrality 3
In centrality 4
In centrality 5
In centrality 6
end function sorter
Data shape = (250000, 5)
Begin sort function!
In centrality 0
In centrality 1
In centrality 2
In centrality 3
In centrality 4
In centrality 5
In centrality 6
end function sorter
Data shape = (250000, 5)
Begin sort function!
In centrality 0
In centrality 1
In centrality 2
In centrality 3
In centrality 4
In centrality 5
In centrality 6
end function sorter
Data shape = (250000, 5)
Begin sort function!
In centrality 0
In centrality 1
In centrality 2
In centrality 3
In centrality 4
In centrality 5
In centrality 6
end function sorter
Final results shape = (4, 7, 12)
mean value:
[[ 1.34744104e-02  1.08763725e-02  1.63276434e-02  7.69865366e-06
  -1.45754620e-06 -3.07279453e-07  7.73628028e-01  1.48621665e-03
   9.88189720e-06 -7.97506304e-05  2.08423719e-05 -4.01071759e-06]
 [ 1.43014991e-02  1.13666347e-02  1.69636780e-02  6.79406104e-06
  -2.18585487e-07 -3.09721924e-07  7.67495207e-01  1.47112270e-03
   1.14032133e-05 -8.60398646e-05  2.13682541e-05 -4.54693760e-06]
 [ 1.49693181e-02  1.18558322e-02  1.76229205e-02  1.17804327e-06
  -1.90991789e-06 -3.45429276e-07  7.63203449e-01  1.48861204e-03
   1.07393525e-05 -8.88359905e-05  2.31188309e-05 -4.83822002e-06]
 [ 1.56651472e-02  1.23846322e-02  1.83540395e-02 -4.14628014e-06
  -3.37954384e-06 -3.22450373e-07  7.59979515e-01  1.50181024e-03
   1.16279251e-05 -8.45264865e-05  2.39856916e-05 -4.61405421e-06]
 [ 1.61914702e-02  1.28170916e-02  1.88211332e-02 -7.41647065e-06
  -2.59400066e-06 -2.74487882e-07  7.57363538e-01  1.51791259e-03
   1.28283267e-05 -8.38409157e-05  2.52490324e-05 -4.73514180e-06]
 [ 1.67881674e-02  1.34160390e-02  1.92508705e-02 -1.35310211e-05
  -1.68767120e-06 -1.75228244e-07  7.55636768e-01  1.53541597e-03
   1.26076831e-05 -8.55669590e-05  2.63586774e-05 -4.96650761e-06]
 [ 1.72022639e-02  1.38471025e-02  1.97588549e-02 -1.03627174e-05
  -4.03614613e-06 -1.22954140e-07  7.53779804e-01  1.54865493e-03
   1.30951955e-05 -8.20647123e-05  2.70574833e-05 -4.86404498e-06]]
std error:
[[1.21374202e-04 5.97434305e-05 9.98166528e-05 3.06784684e-06
  1.97927784e-06 1.17528478e-07 2.80988160e-04 1.56638797e-05
  1.68488196e-06 3.29784654e-06 1.95773403e-07 2.09942154e-07]
 [5.69610890e-05 1.26665411e-04 1.05524916e-04 2.36693345e-06
  3.15486653e-06 9.14221587e-08 2.20612905e-04 1.86569842e-05
  9.43396654e-07 1.97786103e-06 4.19791943e-07 1.47644673e-07]
 [6.90627459e-05 9.44707610e-05 9.79017143e-05 1.68947466e-06
  1.80282972e-06 1.12651470e-07 2.67652742e-04 1.69983090e-05
  9.78081059e-07 2.78833340e-06 3.47048105e-07 2.46373518e-07]
 [9.21177560e-05 1.12584723e-05 1.10076326e-04 2.27797942e-06
  6.30254645e-07 6.34703988e-08 3.03029357e-04 1.80600034e-05
  9.32061673e-07 4.15945421e-06 4.67665373e-07 2.28756937e-07]
 [9.46270513e-05 9.03423329e-05 5.83914439e-05 1.57975619e-06
  1.37365233e-06 8.94885118e-08 1.27236105e-04 1.29722189e-05
  4.08969954e-07 6.19643202e-06 4.93883291e-07 5.72292663e-07]
 [1.65056014e-05 1.14076438e-04 4.71280808e-05 1.37380586e-06
  1.33438297e-06 9.34846848e-08 3.53167245e-04 1.30378313e-05
  1.11328934e-06 2.41514145e-06 3.77959966e-07 1.51740011e-07]
 [3.31840876e-05 7.79046626e-05 9.07090302e-05 2.98520555e-06
  1.14989523e-06 2.68146127e-07 2.75329535e-04 7.14936056e-06
  6.36857202e-07 2.99222835e-06 2.19521590e-07 2.09320212e-07]]
Done!, time = 4.002498149871826s
