Begin!
Data shape = (250000, 5)
Begin sort function!
In centrality 0
In centrality 1
In centrality 2
In centrality 3
In centrality 4
In centrality 5
In centrality 6
end function sorter
Data shape = (250000, 5)
Begin sort function!
In centrality 0
In centrality 1
In centrality 2
In centrality 3
In centrality 4
In centrality 5
In centrality 6
end function sorter
Data shape = (250000, 5)
Begin sort function!
In centrality 0
In centrality 1
In centrality 2
In centrality 3
In centrality 4
In centrality 5
In centrality 6
end function sorter
Data shape = (250000, 5)
Begin sort function!
In centrality 0
In centrality 1
In centrality 2
In centrality 3
In centrality 4
In centrality 5
In centrality 6
end function sorter
Final results shape = (4, 7, 12)
mean value:
[[ 1.44399625e-02  1.02332280e-02  1.45657780e-02  5.24776718e-05
  -6.33561004e-07 -5.63564550e-07  8.23524928e-01  2.06417624e-03
   2.09826016e-05 -1.41068562e-04  3.21461782e-05 -9.00164443e-06]
 [ 1.62058269e-02  1.09713847e-02  1.56876895e-02  5.21169704e-05
  -3.81347993e-07 -8.21949807e-07  8.15032420e-01  2.00921820e-03
   2.00893031e-05 -1.53255897e-04  3.41437676e-05 -1.02609286e-05]
 [ 1.72839909e-02  1.14686619e-02  1.64072277e-02  4.75302222e-05
  -1.23581584e-07 -1.00635373e-06  8.10372072e-01  2.04452534e-03
   2.23831062e-05 -1.61682607e-04  3.71797063e-05 -1.13662081e-05]
 [ 1.85102841e-02  1.20305047e-02  1.70823466e-02  4.12239791e-05
  -1.42132744e-06 -1.02606147e-06  8.06160954e-01  2.08973877e-03
   2.40566979e-05 -1.73150949e-04  4.07781455e-05 -1.29617667e-05]
 [ 1.92831965e-02  1.26523297e-02  1.76626647e-02  3.49270990e-05
  -1.76716729e-06 -1.18990985e-06  8.03457369e-01  2.08410038e-03
   2.34459976e-05 -1.73898330e-04  4.21309744e-05 -1.32033060e-05]
 [ 1.99615915e-02  1.31948379e-02  1.83231225e-02  2.95963573e-05
   7.12673848e-07 -1.13541501e-06  8.01550386e-01  2.14573272e-03
   2.62828478e-05 -1.74530309e-04  4.47908975e-05 -1.34060821e-05]
 [ 2.08061430e-02  1.37660162e-02  1.87800118e-02  2.68244381e-05
  -6.28622336e-07 -1.33909451e-06  7.99822259e-01  2.17782997e-03
   2.73678395e-05 -1.77328915e-04  4.67581205e-05 -1.42756056e-05]]
std error:
[[1.03385639e-04 1.18469129e-04 1.14106506e-04 2.93785478e-06
  6.79495881e-07 2.17083664e-07 3.07734570e-04 1.71894280e-05
  2.38399190e-06 7.57139145e-06 3.00285067e-07 4.44282057e-07]
 [1.31985546e-04 9.46809713e-05 6.23502394e-05 5.38779491e-06
  2.15165797e-06 4.01805844e-07 4.27667319e-04 1.48778266e-05
  1.92890646e-06 4.88614198e-06 5.94030898e-07 6.74147500e-07]
 [7.63335396e-05 4.15328057e-05 1.25341374e-04 5.30727203e-06
  8.07646999e-07 7.73825168e-08 2.77364628e-04 1.21381920e-05
  1.01636124e-06 1.83570659e-06 3.78253170e-07 2.63505091e-07]
 [8.22443988e-05 8.63358635e-05 5.14608833e-05 4.29898623e-06
  7.62543096e-07 5.04619973e-07 2.46477513e-04 7.32360173e-06
  1.25296409e-06 2.36171265e-06 5.07325692e-07 2.86553655e-07]
 [1.72677577e-04 4.07924303e-05 3.57989810e-05 3.20607184e-06
  1.28424879e-06 1.69044748e-07 1.77418193e-04 1.77125460e-05
  1.70377032e-06 7.60637050e-06 9.27406040e-07 8.14033457e-07]
 [7.08776280e-05 4.84694715e-05 6.76669760e-05 3.87489660e-06
  1.04847453e-06 2.39617827e-07 2.44934774e-04 7.84395782e-06
  1.17519785e-06 2.00043463e-06 4.79089620e-07 2.87919075e-07]
 [1.38247441e-04 7.61721861e-05 8.88214344e-05 2.08453128e-06
  2.14055760e-06 4.03773839e-07 1.40097031e-04 2.21510217e-05
  1.30943641e-06 2.11040298e-06 4.08906516e-07 1.54837863e-07]]
Done!, time = 3.9117443561553955s
