Begin!
Data shape = (250000, 5)
Begin sort function!
In centrality 0
In centrality 1
In centrality 2
In centrality 3
In centrality 4
In centrality 5
In centrality 6
end function sorter
Data shape = (250000, 5)
Begin sort function!
In centrality 0
In centrality 1
In centrality 2
In centrality 3
In centrality 4
In centrality 5
In centrality 6
end function sorter
Data shape = (250000, 5)
Begin sort function!
In centrality 0
In centrality 1
In centrality 2
In centrality 3
In centrality 4
In centrality 5
In centrality 6
end function sorter
Data shape = (250000, 5)
Begin sort function!
In centrality 0
In centrality 1
In centrality 2
In centrality 3
In centrality 4
In centrality 5
In centrality 6
end function sorter
Final results shape = (4, 7, 12)
mean value:
[[ 1.78309879e-02  9.55719579e-03  1.46965339e-02  7.69024187e-07
   1.38913900e-07 -1.57475776e-06  9.65949089e-01  1.01515570e-02
   6.04391857e-04 -2.28749325e-04  1.78397261e-04 -1.45333833e-05]
 [ 1.90242234e-02  1.04439951e-02  1.59183901e-02 -1.27509561e-05
   1.79032438e-06 -1.23070228e-06  9.42716981e-01  9.72441656e-03
   5.96468460e-04 -2.23652515e-04  1.81526210e-04 -1.41573080e-05]
 [ 2.02173161e-02  1.12318765e-02  1.68715346e-02 -2.61132278e-05
   8.90848327e-08 -6.92373197e-07  9.30774075e-01  9.79577920e-03
   5.90769976e-04 -2.43689072e-04  1.94529391e-04 -1.67161943e-05]
 [ 2.11183521e-02  1.21788122e-02  1.77466145e-02 -3.19765468e-05
   1.76258888e-06 -7.69298380e-07  9.22625302e-01  9.91047414e-03
   6.00737919e-04 -2.53080969e-04  2.04849153e-04 -1.78813464e-05]
 [ 2.17952900e-02  1.29785320e-02  1.83593922e-02 -3.72419726e-05
   1.42386153e-06 -4.92180711e-07  9.19296608e-01  1.01578665e-02
   6.23658921e-04 -2.45746378e-04  2.17467683e-04 -1.81197406e-05]
 [ 2.26174494e-02  1.36492518e-02  1.88843508e-02 -3.98758225e-05
   1.99893210e-06 -2.49792250e-07  9.17738932e-01  1.04116156e-02
   6.26149370e-04 -2.50866668e-04  2.30415972e-04 -1.86582186e-05]
 [ 2.34188995e-02  1.44753404e-02  1.93783396e-02 -3.94635671e-05
  -1.38091937e-06 -3.78818307e-07  9.18833032e-01  1.08650480e-02
   6.87232649e-04 -2.52697418e-04  2.49836092e-04 -1.96999778e-05]]
std error:
[[1.65862613e-04 1.13200688e-04 1.22967577e-04 3.68666155e-06
  2.01921165e-06 2.56801657e-07 6.10973234e-04 1.68810888e-04
  4.97459758e-05 2.05622334e-05 4.25189504e-06 1.61850371e-06]
 [9.49381297e-05 3.58162137e-05 1.27217518e-04 7.95327971e-06
  2.45512483e-06 1.64421973e-07 8.88850743e-04 4.94584476e-06
  1.04830343e-05 1.38478714e-05 1.56659330e-06 8.04383530e-07]
 [1.14345246e-04 8.16241545e-05 3.85712295e-05 4.17984032e-06
  6.49762418e-07 1.42184340e-07 4.25052950e-04 6.76084082e-05
  2.34206115e-05 1.19384673e-05 1.66718976e-06 8.28255903e-07]
 [1.92430609e-04 2.99887249e-05 8.41788256e-05 3.20327701e-06
  1.29769944e-06 2.94373053e-07 7.15289025e-04 1.30948002e-04
  3.54367927e-05 1.04283341e-05 4.06794869e-06 1.04303642e-06]
 [6.76837182e-05 6.03241292e-05 5.07579226e-05 3.95374192e-06
  8.46663108e-07 3.09961125e-07 2.48538076e-04 7.69911994e-05
  2.33413258e-05 1.10508047e-05 9.96975004e-07 1.07276850e-06]
 [1.66334171e-04 1.15320701e-04 4.88265894e-05 4.05085877e-06
  1.90834617e-06 2.36322854e-07 3.29390530e-04 9.41598157e-05
  3.36006495e-05 1.14985114e-05 3.97164765e-06 9.06667672e-07]
 [8.90433605e-05 8.81399774e-05 9.38492497e-05 2.43294469e-06
  2.84231007e-06 2.26543485e-07 7.55311941e-04 4.99541202e-05
  8.29358430e-06 7.04119079e-06 1.79073076e-06 8.85700203e-07]]
Done!, time = 3.8697516918182373s
