Begin!
Data shape = (250000, 5)
Begin sort function!
In centrality 0
In centrality 1
In centrality 2
In centrality 3
In centrality 4
In centrality 5
In centrality 6
end function sorter
Data shape = (250000, 5)
Begin sort function!
In centrality 0
In centrality 1
In centrality 2
In centrality 3
In centrality 4
In centrality 5
In centrality 6
end function sorter
Data shape = (250000, 5)
Begin sort function!
In centrality 0
In centrality 1
In centrality 2
In centrality 3
In centrality 4
In centrality 5
In centrality 6
end function sorter
Data shape = (250000, 5)
Begin sort function!
In centrality 0
In centrality 1
In centrality 2
In centrality 3
In centrality 4
In centrality 5
In centrality 6
end function sorter
Final results shape = (4, 7, 12)
mean value:
[[ 1.38626994e-02  1.02511439e-02  1.43882519e-02  3.29113400e-05
  -5.62541230e-07 -6.05546017e-07  8.10411693e-01  7.84432865e-04
  -3.49309082e-06 -1.48632638e-04  1.40888735e-05 -8.36670945e-06]
 [ 1.52368008e-02  1.08195950e-02  1.54551912e-02  2.83562332e-05
  -2.54318553e-06 -9.67554643e-07  8.05966104e-01  8.09454390e-04
  -1.79303434e-06 -1.56751692e-04  1.52133077e-05 -9.28100795e-06]
 [ 1.63452298e-02  1.13493542e-02  1.63005117e-02  1.65090299e-05
   4.31890323e-07 -9.14536022e-07  8.03195195e-01  8.31920346e-04
  -5.75876260e-07 -1.53797983e-04  1.58556502e-05 -9.23179731e-06]
 [ 1.72586975e-02  1.20332350e-02  1.70072362e-02  8.84749722e-06
   3.66577652e-07 -7.18719961e-07  8.01363484e-01  8.51025946e-04
   1.31538399e-07 -1.51547712e-04  1.66563591e-05 -9.51091174e-06]
 [ 1.80218056e-02  1.25675613e-02  1.77255383e-02  3.45438859e-06
  -2.53017380e-06 -6.85990889e-07  7.99865337e-01  8.59272520e-04
   9.17690601e-07 -1.50443539e-04  1.74270059e-05 -9.91226905e-06]
 [ 1.86492094e-02  1.31133982e-02  1.82339143e-02 -2.72120085e-06
  -1.95183171e-06 -5.13408160e-07  7.99096154e-01  8.75207034e-04
   1.27129482e-06 -1.44222402e-04  1.79040638e-05 -9.57996462e-06]
 [ 1.94238816e-02  1.37726124e-02  1.87338769e-02 -6.62848097e-06
  -3.48803268e-06 -5.62000987e-07  7.97806197e-01  8.99583417e-04
   2.14255904e-06 -1.40876654e-04  1.89098002e-05 -9.76647378e-06]]
std error:
[[1.91388210e-04 4.70404355e-05 8.79484224e-05 3.14611774e-06
  7.46303621e-07 1.19601614e-07 2.06350613e-04 6.20340876e-06
  5.81701839e-07 3.28908169e-06 1.66494349e-07 2.61558914e-07]
 [1.25287005e-04 1.04131947e-04 8.29433518e-05 3.45890003e-06
  1.12860817e-06 1.06748115e-07 2.79755754e-04 7.53929491e-06
  1.59666909e-07 1.03875868e-06 1.96723285e-07 1.73454260e-07]
 [7.05137603e-05 4.90849893e-05 1.19878939e-04 3.70398698e-06
  8.16167660e-07 3.31287570e-08 1.42694643e-04 6.21619876e-06
  1.75612412e-07 5.42905015e-06 3.24007208e-07 4.09115650e-07]
 [9.42283240e-05 3.04042874e-05 1.02854092e-04 4.04616198e-06
  1.67940464e-06 1.84648491e-07 1.33953710e-04 5.17316853e-06
  1.76303439e-07 1.80631522e-06 1.10838898e-07 2.48526564e-07]
 [1.15392178e-04 9.11076124e-05 9.08710110e-05 3.70434498e-06
  9.76247059e-07 1.48871098e-07 2.35512993e-04 6.62643836e-06
  5.81954288e-07 2.82155947e-06 1.40700959e-07 1.70214643e-07]
 [8.23206931e-05 4.82895174e-05 5.01445090e-05 4.25162413e-06
  1.65100073e-06 1.56246815e-07 2.23422386e-04 4.67344119e-06
  1.85454695e-07 4.06602191e-06 1.38366775e-07 2.18156582e-07]
 [2.47831146e-05 7.91156759e-05 1.22914949e-04 3.33449339e-06
  3.08645580e-06 1.81954585e-07 1.51137755e-04 1.26339219e-06
  3.33648142e-07 1.95458085e-06 6.55410480e-08 1.93227851e-07]]
Done!, time = 4.387537479400635s
