Begin!
Data shape = (250000, 5)
Begin sort function!
In centrality 0
In centrality 1
In centrality 2
In centrality 3
In centrality 4
In centrality 5
In centrality 6
end function sorter
Data shape = (250000, 5)
Begin sort function!
In centrality 0
In centrality 1
In centrality 2
In centrality 3
In centrality 4
In centrality 5
In centrality 6
end function sorter
Data shape = (250000, 5)
Begin sort function!
In centrality 0
In centrality 1
In centrality 2
In centrality 3
In centrality 4
In centrality 5
In centrality 6
end function sorter
Data shape = (250000, 5)
Begin sort function!
In centrality 0
In centrality 1
In centrality 2
In centrality 3
In centrality 4
In centrality 5
In centrality 6
end function sorter
Final results shape = (4, 7, 12)
mean value:
[[ 1.19240690e-02  9.45882872e-03  1.50879857e-02  1.75550671e-05
   2.13791257e-06 -1.21045940e-07  9.60642822e-01  9.83376846e-03
   5.86367470e-04 -8.01599363e-05  1.15450375e-04 -4.29370026e-06]
 [ 1.30380075e-02  1.03485624e-02  1.61614654e-02  1.31283313e-05
   7.02761647e-08 -2.94165536e-07  9.38718350e-01  9.29787790e-03
   5.27555049e-04 -7.11646913e-05  1.18272483e-04 -4.09214279e-06]
 [ 1.37678625e-02  1.11033218e-02  1.69170364e-02  1.12098527e-05
   1.77256573e-07 -2.86517609e-07  9.28085623e-01  9.40366794e-03
   5.28576659e-04 -7.76589992e-05  1.28002696e-04 -4.27580583e-06]
 [ 1.46359194e-02  1.19037920e-02  1.75764414e-02  1.06273453e-05
   1.60003952e-06 -3.39551628e-07  9.20481986e-01  9.54482456e-03
   5.63189099e-04 -9.16125919e-05  1.36853914e-04 -5.44761799e-06]
 [ 1.53695530e-02  1.26639781e-02  1.81709721e-02  1.17562017e-05
   4.75220221e-07 -2.78820123e-07  9.17458868e-01  9.70470401e-03
   5.77003887e-04 -8.73023472e-05  1.46749842e-04 -5.57945811e-06]
 [ 1.61569127e-02  1.33360050e-02  1.85863809e-02  8.61043686e-06
   4.64304399e-07 -3.68056068e-07  9.16977714e-01  1.00348856e-02
   5.97216629e-04 -9.60301991e-05  1.58877190e-04 -6.06454842e-06]
 [ 1.69444860e-02  1.40669982e-02  1.90424066e-02  4.59422748e-06
   1.18543800e-07 -2.56850859e-07  9.17601635e-01  1.01714071e-02
   5.68365919e-04 -9.00339271e-05  1.69464982e-04 -5.58071186e-06]]
std error:
[[6.18658222e-05 7.38748023e-05 8.05875976e-05 1.93798675e-06
  1.75180824e-06 6.89120820e-08 4.00135545e-04 2.31413508e-04
  4.96482119e-05 1.06526301e-05 3.16777671e-06 7.75013810e-07]
 [1.80643745e-04 1.96359933e-05 4.69269582e-05 3.23074877e-06
  1.57460417e-06 5.71459399e-08 1.09735374e-03 1.15009872e-04
  3.95117847e-05 1.56680919e-05 2.80646356e-06 8.76696909e-07]
 [2.90419818e-05 4.72985340e-05 3.16149572e-05 1.84685900e-06
  1.20472963e-06 1.24662112e-07 5.78693937e-04 7.55293029e-05
  2.80171780e-05 1.18656415e-05 1.07032515e-06 6.37182429e-07]
 [2.45108551e-05 6.04984643e-05 5.63790462e-05 2.03802542e-06
  6.31108371e-07 1.39664368e-07 3.47814922e-04 1.35523082e-04
  2.51025811e-05 6.36689648e-06 1.29283152e-06 3.94730890e-07]
 [1.13630742e-05 8.33839175e-05 4.59084544e-05 4.39093116e-06
  3.68320768e-06 1.17949310e-07 6.18252762e-04 8.30835887e-05
  1.28447154e-05 8.58401941e-06 1.41807161e-06 5.31160926e-07]
 [1.18346901e-04 7.06885561e-05 7.50774677e-05 2.81262951e-06
  1.21999612e-06 9.56759699e-08 4.40964087e-04 4.09429654e-05
  4.05169329e-05 1.42771436e-05 1.73498938e-06 7.62813183e-07]
 [3.39150175e-05 1.18681493e-04 1.02304882e-04 2.95735752e-06
  4.28318759e-06 1.40426131e-07 4.34861467e-04 5.93009863e-05
  3.27597146e-06 9.80575470e-06 1.97055565e-06 5.36046055e-07]]
Done!, time = 4.114976167678833s
