Begin!
Data shape = (250000, 5)
Begin sort function!
In centrality 0
In centrality 1
In centrality 2
In centrality 3
In centrality 4
In centrality 5
In centrality 6
end function sorter
Data shape = (250000, 5)
Begin sort function!
In centrality 0
In centrality 1
In centrality 2
In centrality 3
In centrality 4
In centrality 5
In centrality 6
end function sorter
Data shape = (250000, 5)
Begin sort function!
In centrality 0
In centrality 1
In centrality 2
In centrality 3
In centrality 4
In centrality 5
In centrality 6
end function sorter
Data shape = (250000, 5)
Begin sort function!
In centrality 0
In centrality 1
In centrality 2
In centrality 3
In centrality 4
In centrality 5
In centrality 6
end function sorter
Final results shape = (4, 7, 12)
mean value:
[[ 1.37054085e-02  9.46993186e-03  1.46748983e-02  6.45448041e-06
   1.62362378e-06 -4.93544752e-07  9.32061165e-01  2.99224872e-03
   4.12770113e-05 -1.33472833e-04  4.25948181e-05 -6.75568433e-06]
 [ 1.47599742e-02  1.00628338e-02  1.57422520e-02  1.87421939e-07
   1.24977841e-06 -5.80314596e-07  9.24202587e-01  2.99316156e-03
   4.58545382e-05 -1.34904852e-04  4.53055494e-05 -7.04377663e-06]
 [ 1.54393798e-02  1.08718722e-02  1.65511377e-02 -5.61548211e-06
   1.36030688e-06 -4.61309403e-07  9.20012995e-01  3.03209712e-03
   4.21696694e-05 -1.31442568e-04  4.82077073e-05 -7.04992093e-06]
 [ 1.62945179e-02  1.17027794e-02  1.72473631e-02 -9.63890268e-06
   8.58882375e-07 -2.87679233e-07  9.17036887e-01  3.07765545e-03
   4.41715323e-05 -1.26574876e-04  5.09592627e-05 -7.07345333e-06]
 [ 1.68985820e-02  1.25358487e-02  1.78801819e-02 -5.05282253e-06
   4.34101035e-07 -4.12923545e-07  9.15381575e-01  3.13220745e-03
   4.65707769e-05 -1.26362410e-04  5.41119359e-05 -7.44433344e-06]
 [ 1.77024428e-02  1.33234165e-02  1.83732414e-02 -1.06623095e-05
  -1.44967014e-06 -2.38935149e-07  9.14887233e-01  3.19925495e-03
   4.95352496e-05 -1.23557133e-04  5.77010084e-05 -7.61219475e-06]
 [ 1.85429983e-02  1.42207324e-02  1.88063753e-02 -1.81592733e-05
   2.08082675e-07 -2.41552322e-07  9.14891994e-01  3.23920341e-03
   4.85754632e-05 -1.12492191e-04  6.06747115e-05 -7.17908825e-06]]
std error:
[[1.25285802e-04 6.69979019e-05 1.18145108e-04 2.04457338e-06
  1.38700253e-06 7.20060907e-08 1.60300093e-04 3.00332857e-05
  3.13480634e-06 6.89802102e-06 1.17646528e-06 3.82961950e-07]
 [1.47663485e-04 4.33500058e-05 3.00928361e-04 2.73570837e-06
  1.19723312e-06 7.54317840e-08 4.04793258e-04 4.62843137e-05
  2.70795061e-06 7.40628201e-06 6.03942382e-07 6.51162087e-07]
 [9.17749142e-05 5.25676378e-05 5.34251321e-05 3.85513521e-06
  9.12966025e-07 1.00466830e-07 2.88218992e-04 2.11403535e-05
  1.41304376e-06 7.93977499e-06 4.71256016e-07 4.95017171e-07]
 [1.64998276e-04 6.58709496e-05 5.78556939e-05 1.35435910e-06
  1.62189522e-06 4.65745581e-08 2.92752038e-04 2.99430421e-05
  2.91470932e-06 4.28206713e-06 1.37034791e-06 2.59231854e-07]
 [7.06559800e-05 3.35369576e-05 1.02932418e-04 1.71273507e-06
  2.37497574e-06 1.75397574e-07 2.68091001e-04 3.87137663e-05
  3.12091019e-06 4.01095388e-06 9.82883167e-07 2.99487967e-07]
 [3.96156750e-05 5.44082433e-05 5.55835059e-05 3.17137037e-06
  2.06342035e-06 1.28575317e-07 7.66957751e-05 1.58822433e-05
  1.40769856e-06 7.74383914e-06 1.43865732e-07 6.36675057e-07]
 [1.24833633e-04 9.86596875e-05 8.27930118e-05 4.08459858e-06
  1.12865038e-06 2.16771020e-07 5.50989650e-04 2.38801205e-05
  2.49038190e-06 9.14977346e-06 3.73843456e-07 7.06845738e-07]]
Done!, time = 4.332256317138672s
