Begin!
Data shape = (250000, 5)
Begin sort function!
In centrality 0
In centrality 1
In centrality 2
In centrality 3
In centrality 4
In centrality 5
In centrality 6
end function sorter
Data shape = (250000, 5)
Begin sort function!
In centrality 0
In centrality 1
In centrality 2
In centrality 3
In centrality 4
In centrality 5
In centrality 6
end function sorter
Data shape = (250000, 5)
Begin sort function!
In centrality 0
In centrality 1
In centrality 2
In centrality 3
In centrality 4
In centrality 5
In centrality 6
end function sorter
Data shape = (250000, 5)
Begin sort function!
In centrality 0
In centrality 1
In centrality 2
In centrality 3
In centrality 4
In centrality 5
In centrality 6
end function sorter
Final results shape = (4, 7, 12)
mean value:
[[ 1.50404379e-02  9.68083628e-03  1.37383728e-02  5.01104815e-05
  -1.41640425e-06 -7.88682633e-07  9.37440108e-01  3.31813975e-03
   5.36473378e-05 -1.77674119e-04  5.20311567e-05 -1.13374364e-05]
 [ 1.66720946e-02  1.02810293e-02  1.47700415e-02  4.69130996e-05
   2.04231530e-06 -1.28781362e-06  9.28102674e-01  3.27525729e-03
   5.54936433e-05 -1.89257739e-04  5.71907381e-05 -1.29137324e-05]
 [ 1.76821179e-02  1.08375649e-02  1.56023296e-02  4.21698047e-05
  -9.59208943e-07 -1.53630999e-06  9.22147950e-01  3.30006144e-03
   5.60878604e-05 -1.95835386e-04  6.02317690e-05 -1.36327929e-05]
 [ 1.85290005e-02  1.15831450e-02  1.63550538e-02  3.78892606e-05
   5.75553863e-07 -1.42813756e-06  9.18384358e-01  3.35790565e-03
   6.12174079e-05 -2.01672636e-04  6.39536570e-05 -1.46660905e-05]
 [ 1.93921716e-02  1.22513304e-02  1.70003969e-02  3.09731984e-05
  -6.83908784e-07 -1.16782948e-06  9.15781030e-01  3.40058926e-03
   5.89213956e-05 -1.99194781e-04  6.68827834e-05 -1.48398076e-05]
 [ 2.01268504e-02  1.29636118e-02  1.75475713e-02  3.11344006e-05
   1.15114698e-08 -1.28611841e-06  9.14733001e-01  3.49213557e-03
   6.16998704e-05 -2.02181539e-04  7.24306879e-05 -1.56169588e-05]
 [ 2.08780720e-02  1.36266050e-02  1.80251106e-02  2.09557031e-05
   4.03842492e-07 -1.02337651e-06  9.13955605e-01  3.53231989e-03
   6.36217867e-05 -1.98314967e-04  7.53758565e-05 -1.59836826e-05]]
std error:
[[1.62502306e-04 4.85158305e-05 7.07805779e-05 5.90628933e-06
  1.21222280e-06 2.43508211e-07 2.56329588e-04 4.44475972e-05
  1.98293692e-06 1.06331296e-05 2.05708179e-06 9.76144637e-07]
 [1.18174152e-04 5.18258890e-05 8.28899654e-05 4.68245765e-06
  1.29288829e-06 2.29428929e-07 3.49331350e-04 3.46115864e-05
  2.93811520e-06 6.12104033e-06 1.31624974e-06 4.59172739e-07]
 [1.22632467e-04 4.16987992e-05 1.62711182e-05 3.69876782e-06
  5.15548057e-07 1.07793279e-07 3.76657576e-04 1.88360842e-05
  1.11299746e-06 6.88376090e-06 3.46154764e-07 6.19886553e-07]
 [1.22052990e-04 9.32780671e-05 8.54823821e-05 2.03931617e-06
  1.06802900e-06 2.21719898e-07 1.02376653e-04 1.86545882e-05
  1.23621123e-06 2.08551611e-06 7.07864069e-07 2.23974811e-07]
 [5.52806545e-05 5.48151096e-05 4.58058266e-05 2.25418807e-06
  1.07617581e-06 1.59039575e-07 1.70781782e-04 1.64004183e-05
  2.63397653e-06 7.05735964e-06 6.67353579e-07 6.73144851e-07]
 [1.21459768e-04 4.76574374e-05 1.73289507e-04 6.90335974e-06
  1.05853461e-06 2.94788309e-07 1.99405776e-04 2.43051918e-05
  3.82495130e-06 4.44113717e-06 3.30710571e-07 4.29843373e-07]
 [1.76250380e-04 1.13488984e-04 6.39138125e-05 1.67705983e-06
  3.31952694e-07 2.97232391e-07 2.98869187e-04 2.12034175e-05
  1.67265426e-06 4.15808442e-06 5.21789476e-07 4.33490321e-07]]
Done!, time = 4.202117919921875s
