Begin!
Data shape = (250000, 5)
Begin sort function!
In centrality 0
In centrality 1
In centrality 2
In centrality 3
In centrality 4
In centrality 5
In centrality 6
end function sorter
Data shape = (250000, 5)
Begin sort function!
In centrality 0
In centrality 1
In centrality 2
In centrality 3
In centrality 4
In centrality 5
In centrality 6
end function sorter
Data shape = (250000, 5)
Begin sort function!
In centrality 0
In centrality 1
In centrality 2
In centrality 3
In centrality 4
In centrality 5
In centrality 6
end function sorter
Data shape = (250000, 5)
Begin sort function!
In centrality 0
In centrality 1
In centrality 2
In centrality 3
In centrality 4
In centrality 5
In centrality 6
end function sorter
Final results shape = (4, 7, 12)
mean value:
[[ 1.49296191e-02  9.89238843e-03  1.42812976e-02  6.08554215e-05
  -1.15761298e-06 -5.81487947e-07  8.76181779e-01  2.61094924e-03
   3.72054557e-05 -1.57444962e-04  4.05316410e-05 -1.02111966e-05]
 [ 1.66782821e-02  1.06334967e-02  1.52567988e-02  5.81897547e-05
   7.99674363e-07 -1.27110155e-06  8.67605070e-01  2.62821576e-03
   3.73961628e-05 -1.84981545e-04  4.59086752e-05 -1.25650102e-05]
 [ 1.76795257e-02  1.11139988e-02  1.60278912e-02  4.52727940e-05
  -2.16386270e-06 -1.32010116e-06  8.62171303e-01  2.61439071e-03
   3.74003998e-05 -1.86497992e-04  4.82089900e-05 -1.32353234e-05]
 [ 1.86333710e-02  1.18915800e-02  1.67673262e-02  3.85979351e-05
  -2.78599734e-07 -1.27371470e-06  8.58019987e-01  2.63839877e-03
   3.92723371e-05 -1.90062816e-04  5.08178338e-05 -1.38886508e-05]
 [ 1.94473364e-02  1.24180465e-02  1.74011594e-02  3.70444264e-05
  -1.62943630e-06 -1.38837334e-06  8.55468133e-01  2.67876345e-03
   3.96317824e-05 -1.86440228e-04  5.39117773e-05 -1.41662312e-05]
 [ 2.00708394e-02  1.30246944e-02  1.79904294e-02  2.63097031e-05
  -1.06105626e-06 -1.49615440e-06  8.54163011e-01  2.73860851e-03
   3.93181293e-05 -1.86087909e-04  5.64797068e-05 -1.42123589e-05]
 [ 2.09328042e-02  1.36243902e-02  1.84999035e-02  2.78216859e-05
  -2.99165408e-06 -1.49384326e-06  8.52870181e-01  2.80483833e-03
   4.30080417e-05 -1.95471577e-04  6.02513630e-05 -1.56579865e-05]]
std error:
[[1.37523244e-04 1.20542342e-04 1.09887595e-04 1.76437537e-06
  6.46892265e-07 1.79832699e-07 3.30957848e-04 1.55394073e-05
  2.29136555e-06 8.68342293e-06 8.30454655e-07 7.71149068e-07]
 [1.00333452e-04 7.19728776e-05 1.14132537e-04 3.63501350e-06
  2.29344929e-06 2.11941658e-07 2.79201208e-04 4.80626745e-05
  2.53938494e-06 9.81179874e-06 9.97888827e-07 8.23153475e-07]
 [5.18208783e-05 9.90354006e-05 1.32095089e-04 4.65815675e-06
  1.96931708e-06 1.09895776e-07 3.50110994e-04 1.93302058e-05
  1.03986273e-06 8.14913198e-06 3.27470492e-07 5.36879367e-07]
 [1.22821620e-04 3.89417514e-05 1.40350473e-04 4.45640190e-06
  1.94678248e-06 1.86785228e-07 2.00013835e-04 1.31661857e-05
  1.35800755e-06 6.72563757e-06 4.33186340e-07 6.19356918e-07]
 [4.71042039e-05 1.01895354e-04 1.06510842e-04 7.58260952e-06
  5.70149011e-07 1.19448400e-07 3.19244178e-04 1.39002978e-05
  9.73306840e-07 4.45862168e-06 4.73015708e-07 3.46363368e-07]
 [1.10968142e-04 7.79166314e-05 4.87846237e-05 2.73513721e-06
  1.31409197e-06 1.84497583e-07 3.96217379e-04 8.71053983e-06
  9.79856057e-07 2.10062032e-06 3.22444840e-07 2.72091111e-07]
 [1.09041563e-04 1.02562616e-04 7.16905956e-05 4.46456646e-06
  1.37572241e-06 4.97882629e-07 4.79359100e-04 2.30409577e-05
  1.86964538e-06 5.82457915e-06 6.64294503e-07 5.12743139e-07]]
Done!, time = 4.027184009552002s
